gpasm-2.0.0_beta2 (Nov  6 2017)_divuchar.asm      2018-1-12  10:25:15          PAGE  1


LOC  OBJECT CODE     LINE SOURCE TEXT
  VALUE

                      00001 ;--------------------------------------------------------
                      00002 ; File Created by SN-SDCC : SinoMCU ANSI-C Compiler
                      00003 ; Version 1.1.0 (Dec 19 2017) (MINGW32)
                      00004 ; This file was generated Fri Jan 12 10:25:15 2018
                      00005 ;--------------------------------------------------------
                      00006 ; MC35 port for the RISC core
                      00007 ;--------------------------------------------------------
                      00008 ;       .file   "../../libsdcc_mc35/_divuchar.c"
                      00009         list    p=2K7041
                      00010         radix dec
                      00011         include "2K7041.inc"
                      00001                 LIST
                      00002 ;mc35p7041.inc    Standard Header File, Version 1.00 by Sinomcu
                      00538                 LIST
                      00012 ;--------------------------------------------------------
                      00013 ; external declarations
                      00014 ;--------------------------------------------------------
                      00015 
                      00016         extern STK06
                      00017         extern STK05
                      00018         extern STK04
                      00019         extern STK03
                      00020         extern STK02
                      00021         extern STK01
                      00022         extern STK00
                      00023 ;--------------------------------------------------------
                      00024 ; global declarations
                      00025 ;--------------------------------------------------------
                      00026         global  __divuchar
                      00027 
                      00028 ;--------------------------------------------------------
                      00029 ; global definitions
                      00030 ;--------------------------------------------------------
                      00031 ;--------------------------------------------------------
                      00032 ; absolute symbol definitions
                      00033 ;--------------------------------------------------------
                      00034 ;--------------------------------------------------------
                      00035 ; compiler-defined variables
                      00036 ;--------------------------------------------------------
                      00037 UDL__divuchar_0 udata
0000                  00038 r0x1000 res     1
0000                  00039 r0x1001 res     1
0001                  00040 r0x1002 res     1
0001                  00041 r0x1003 res     1
0002                  00042 r0x1004 res     1
                      00043 ;--------------------------------------------------------
                      00044 ; initialized data
                      00045 ;--------------------------------------------------------
                      00046 
                      00047 ;@Allocation info for local variables in function '_divuchar'
                      00048 ;@_divuchar b                         Allocated to registers r0x1001 ;size:1
                      00049 ;@_divuchar a                         Allocated to registers r0x1000 ;size:1
                      00050 ;@_divuchar result                    Allocated to registers r0x1002 ;size:1
                      00051 ;@_divuchar mask                      Allocated to registers r0x1003 ;size:1
                      00052 ;@end Allocation info for local variables in function '_divuchar';
                      00053 
                      00054 ;--------------------------------------------------------
                      00055 ; overlayable items in internal ram 
                      00056 ;--------------------------------------------------------
                      00057 ;       udata_ovr
                      00058 ;--------------------------------------------------------
                      00059 ; code
                      00060 ;--------------------------------------------------------
                      00061 code__divuchar  code
                      00062 ;***
                      00063 ;  pBlock Stats: dbName = C
                      00064 ;***
                      00065 ;entry:  __divuchar     ;Function start
                      00066 ; 2 exit points
                      00067 ;has an exit
                      00068 ;9 compiler assigned registers:
                      00069 ;   r0x1000
                      00070 ;   STK00
                      00071 ;   r0x1001
                      00072 ;   r0x1002
                      00073 ;   r0x1003
                      00074 ;   r0x1004
                      00075 ;   r0x1005
                      00076 ;   r0x1006
                      00077 ;   r0x1007
                      00078 ;; Starting pCode block
                      00079 ;;[ICODE] ../../libsdcc_mc35/_divuchar.c:30:  _entry($12) :
                      00080 ;;[ICODE] ../../libsdcc_mc35/_divuchar.c:30:    proc __divuchar [k1 lr0:0 so:0]{ ia0 a2p0 re0 rm0 nos0 ru0 dp0}{unsigned-char function ( unsigned-char fixed, unsigned-char fixed) fixed}
0000                  00081 __divuchar      ;Function start
                      00082 ; 2 exit points
                      00083 ;;[ICODE] ../../libsdcc_mc35/_divuchar.c:30: iTemp0 [k2 lr3:33 so:0]{ ia0 a2p0 re1 rm0 nos0 ru0 dp0}{unsigned-char fixed}{ sir@ __divuchar_a_1_1}[r0x1000 ] = recv __divuchar [k1 lr0:0 so:0]{ ia0 a2p0 re0 rm0 nos0 ru0 dp0}{unsigned-char function ( unsigned-char fixed, unsigned-char fixed) fixed}
                      00084 ;       .line   30; "../../libsdcc_mc35/_divuchar.c"    _divuchar (unsigned char a, unsigned char b)
0000   1F00           00085         MOVRA   r0x1000
                      00086 ;;[ICODE] ../../libsdcc_mc35/_divuchar.c:30: iTemp1 [k4 lr4:33 so:0]{ ia0 a2p0 re1 rm0 nos0 ru0 dp0}{unsigned-char fixed}{ sir@ __divuchar_b_1_1}[r0x1001 ] = recv __divuchar [k1 lr0:0 so:0]{ ia0 a2p0 re0 rm0 nos0 ru0 dp0}{unsigned-char function ( unsigned-char fixed, unsigned-char fixed) fixed}
0001   1E00           00087         MOVAR   STK00
0002   1F00           00088         MOVRA   r0x1001
                      00089 ;;[ICODE] ../../libsdcc_mc35/_divuchar.c:32:    iTemp2 [k6 lr5:35 so:0]{ ia0 a2p0 re1 rm0 nos0 ru0 dp0}{unsigned-char fixed}{ sir@ __divuchar_result_1_2}[r0x1002 ] := 0x0 {const-unsigned-char literal}
                      00090 ;       .line   32; "../../libsdcc_mc35/_divuchar.c"    unsigned char result = 0;
0003   2B00           00091         CLRR    r0x1002
                      00092 ;;[ICODE] ../../libsdcc_mc35/_divuchar.c:33:    iTemp3 [k8 lr6:33 so:0]{ ia0 a2p0 re1 rm0 nos0 ru0 dp0}{unsigned-char fixed}{ sir@ __divuchar_mask_1_2}[r0x1003 ] := 0x1 {const-unsigned-char literal}
                      00093 ;       .line   33; "../../libsdcc_mc35/_divuchar.c"    unsigned char mask = 0x01;
0004   2D01           00094         MOVAI   0x01
0005   1F00           00095         MOVRA   r0x1003
                      00096 ;;[ICODE] ../../libsdcc_mc35/_divuchar.c:36:    if iTemp1 [k4 lr4:33 so:0]{ ia0 a2p0 re1 rm0 nos0 ru0 dp0}{unsigned-char fixed}{ sir@ __divuchar_b_1_1}[r0x1001 ] != 0 goto _whilecontinue_0($3)
                      00097 ;       .line   36; "../../libsdcc_mc35/_divuchar.c"    if (!b) return (unsigned char)-1;
0006   2D00           00098         MOVAI   0x00
0007   1800           00099         ORAR    r0x1001
0008   5886           00100         JBSET   PFLAG,0
0009   8000           00101         GOTO    _00107_DS_
                      00102 ;;[ICODE] ../../libsdcc_mc35/_divuchar.c:36:    ret 0xff {unsigned-char literal}
000A   2DFF           00103         MOVAI   0xff
000B   8000           00104         GOTO    _00115_DS_
                      00105 ;;[ICODE] ../../libsdcc_mc35/_divuchar.c:40:  _whilecontinue_0($3) :
                      00106 ;;[ICODE] ../../libsdcc_mc35/_divuchar.c:40:    iTemp4 [k10 lr11:12 so:0]{ ia0 a2p0 re0 rm0 nos0 ru0 dp0}{unsigned-long-int register}[r0x1004 r0x1005 r0x1006 r0x1007 ] = (unsigned-long-int register)iTemp1 [k4 lr4:33 so:0]{ ia0 a2p0 re1 rm0 nos0 ru0 dp0}{unsigned-char fixed}{ sir@ __divuchar_b_1_1}[r0x1001 ]
000C                  00107 _00107_DS_
                      00108 ;       .line   40; "../../libsdcc_mc35/_divuchar.c"    while (!(b & (1UL << (8*sizeof(unsigned char)-1)))) {
000C   1E00           00109         MOVAR   r0x1001
000D   1F00           00110         MOVRA   r0x1004
                      00111 ;;1     CLRR    r0x1005
                      00112 ;;1     CLRR    r0x1006
                      00113 ;;1     CLRR    r0x1007
                      00114 ;;[ICODE] ../../libsdcc_mc35/_divuchar.c:40:    iTemp5 [k11 lr12:13 so:0]{ ia0 a2p0 re0 rm0 nos0 ru0 dp0}{unsigned-long-int register} = iTemp4 [k10 lr11:12 so:0]{ ia0 a2p0 re0 rm0 nos0 ru0 dp0}{unsigned-long-int register}[r0x1004 r0x1005 r0x1006 r0x1007 ] & 0x80 {unsigned-long-int literal}
000E   5700           00115         JBCLR   r0x1004,7
000F   8000           00116         GOTO    _00112_DS_
                      00117 ;;[ICODE] ../../libsdcc_mc35/_divuchar.c:40:    if iTemp5 [k11 lr12:13 so:0]{ ia0 a2p0 re0 rm0 nos0 ru0 dp0}{unsigned-long-int register} != 0 goto _whilecontinue_1($8)
                      00118 ;;[ICODE] ../../libsdcc_mc35/_divuchar.c:41:    iTemp1 [k4 lr4:33 so:0]{ ia0 a2p0 re1 rm0 nos0 ru0 dp0}{unsigned-char fixed}{ sir@ __divuchar_b_1_1}[r0x1001 ] = iTemp1 [k4 lr4:33 so:0]{ ia0 a2p0 re1 rm0 nos0 ru0 dp0}{unsigned-char fixed}{ sir@ __divuchar_b_1_1}[r0x1001 ] << 0x1 {const-unsigned-char literal}
                      00119 ;       .line   41; "../../libsdcc_mc35/_divuchar.c"    b <<= 1;
0010   4286           00120         BCLR    PFLAG,2
0011   0B00           00121         RLR     r0x1001
                      00122 ;;[ICODE] ../../libsdcc_mc35/_divuchar.c:42:    iTemp3 [k8 lr6:33 so:0]{ ia0 a2p0 re1 rm0 nos0 ru0 dp0}{unsigned-char fixed}{ sir@ __divuchar_mask_1_2}[r0x1003 ] = iTemp3 [k8 lr6:33 so:0]{ ia0 a2p0 re1 rm0 nos0 ru0 dp0}{unsigned-char fixed}{ sir@ __divuchar_mask_1_2}[r0x1003 ] << 0x1 {const-unsigned-char literal}
                      00123 ;       .line   42; "../../libsdcc_mc35/_divuchar.c"    mask <<= 1;
0012   4286           00124         BCLR    PFLAG,2
0013   0B00           00125         RLR     r0x1003
                      00126 ;;[ICODE] ../../libsdcc_mc35/_divuchar.c:42:     goto _whilecontinue_0($3)
0014   8000           00127         GOTO    _00107_DS_
                      00128 ;;[ICODE] ../../libsdcc_mc35/_divuchar.c:47:  _whilecontinue_1($8) :
                      00129 ;;[ICODE] ../../libsdcc_mc35/_divuchar.c:47:    if iTemp3 [k8 lr6:33 so:0]{ ia0 a2p0 re1 rm0 nos0 ru0 dp0}{unsigned-char fixed}{ sir@ __divuchar_mask_1_2}[r0x1003 ] == 0 goto _whilebreak_1($10)
0015                  00130 _00112_DS_
                      00131 ;       .line   47; "../../libsdcc_mc35/_divuchar.c"    while (mask) {
0015   2D00           00132         MOVAI   0x00
0016   1800           00133         ORAR    r0x1003
0017   5086           00134         JBCLR   PFLAG,0
0018   8000           00135         GOTO    _00114_DS_
                      00136 ;;[ICODE] ../../libsdcc_mc35/_divuchar.c:48:    iTemp8 [k14 lr22:23 so:0]{ ia0 a2p0 re0 rm0 nos0 ru0 dp0}{char fixed} = iTemp0 [k2 lr3:33 so:0]{ ia0 a2p0 re1 rm0 nos0 ru0 dp0}{unsigned-char fixed}{ sir@ __divuchar_a_1_1}[r0x1000 ] < iTemp1 [k4 lr4:33 so:0]{ ia0 a2p0 re1 rm0 nos0 ru0 dp0}{unsigned-char fixed}{ sir@ __divuchar_b_1_1}[r0x1001 ]
                      00137 ;       .line   48; "../../libsdcc_mc35/_divuchar.c"    if (a >= b) {
0019   1E00           00138         MOVAR   r0x1001
001A   2C00           00139         XCH     r0x1000
001B   2300           00140         ASUBRA  r0x1000
001C   2C00           00141         XCH     r0x1000
001D   5A86           00142         JBSET   PFLAG,2
001E   8000           00143         GOTO    _00111_DS_
                      00144 ;;genSkipc:3223: created from rifx:00DE608C
                      00145 ;;[ICODE] ../../libsdcc_mc35/_divuchar.c:48:    if iTemp8 [k14 lr22:23 so:0]{ ia0 a2p0 re0 rm0 nos0 ru0 dp0}{char fixed} != 0 goto _iffalse_1($7)
                      00146 ;;[ICODE] ../../libsdcc_mc35/_divuchar.c:49:    iTemp2 [k6 lr5:35 so:0]{ ia0 a2p0 re1 rm0 nos0 ru0 dp0}{unsigned-char fixed}{ sir@ __divuchar_result_1_2}[r0x1002 ] = iTemp2 [k6 lr5:35 so:0]{ ia0 a2p0 re1 rm0 nos0 ru0 dp0}{unsigned-char fixed}{ sir@ __divuchar_result_1_2}[r0x1002 ] + iTemp3 [k8 lr6:33 so:0]{ ia0 a2p0 re1 rm0 nos0 ru0 dp0}{unsigned-char fixed}{ sir@ __divuchar_mask_1_2}[r0x1003 ]
                      00147 ;       .line   49; "../../libsdcc_mc35/_divuchar.c"    result += mask;
001F   1E00           00148         MOVAR   r0x1003
0020   1300           00149         ADDRA   r0x1002
                      00150 ;;[ICODE] ../../libsdcc_mc35/_divuchar.c:50:    iTemp0 [k2 lr3:33 so:0]{ ia0 a2p0 re1 rm0 nos0 ru0 dp0}{unsigned-char fixed}{ sir@ __divuchar_a_1_1}[r0x1000 ] = iTemp0 [k2 lr3:33 so:0]{ ia0 a2p0 re1 rm0 nos0 ru0 dp0}{unsigned-char fixed}{ sir@ __divuchar_a_1_1}[r0x1000 ] - iTemp1 [k4 lr4:33 so:0]{ ia0 a2p0 re1 rm0 nos0 ru0 dp0}{unsigned-char fixed}{ sir@ __divuchar_b_1_1}[r0x1001 ]
                      00151 ;       .line   50; "../../libsdcc_mc35/_divuchar.c"    a -= b;
0021   1E00           00152         MOVAR   r0x1001
0022   2C00           00153         XCH     r0x1000
0023   2200           00154         ASUBAR  r0x1000
0024   2C00           00155         XCH     r0x1000
                      00156 ;;[ICODE] ../../libsdcc_mc35/_divuchar.c:50:  _iffalse_1($7) :
                      00157 ;;[ICODE] ../../libsdcc_mc35/_divuchar.c:52:    iTemp1 [k4 lr4:33 so:0]{ ia0 a2p0 re1 rm0 nos0 ru0 dp0}{unsigned-char fixed}{ sir@ __divuchar_b_1_1}[r0x1001 ] = iTemp1 [k4 lr4:33 so:0]{ ia0 a2p0 re1 rm0 nos0 ru0 dp0}{unsigned-char fixed}{ sir@ __divuchar_b_1_1}[r0x1001 ] >> 0x1 {const-unsigned-char literal}
                      00158 ;;shiftRight_Left2ResultLit:5270: shCount=1, size=1, sign=0, same=1, offr=0
0025                  00159 _00111_DS_
                      00160 ;       .line   52; "../../libsdcc_mc35/_divuchar.c"    b >>= 1;
0025   4286           00161         BCLR    PFLAG,2
0026   0900           00162         RRR     r0x1001
                      00163 ;;[ICODE] ../../libsdcc_mc35/_divuchar.c:53:    iTemp3 [k8 lr6:33 so:0]{ ia0 a2p0 re1 rm0 nos0 ru0 dp0}{unsigned-char fixed}{ sir@ __divuchar_mask_1_2}[r0x1003 ] = iTemp3 [k8 lr6:33 so:0]{ ia0 a2p0 re1 rm0 nos0 ru0 dp0}{unsigned-char fixed}{ sir@ __divuchar_mask_1_2}[r0x1003 ] >> 0x1 {const-unsigned-char literal}
                      00164 ;;shiftRight_Left2ResultLit:5270: shCount=1, size=1, sign=0, same=1, offr=0
                      00165 ;       .line   53; "../../libsdcc_mc35/_divuchar.c"    mask >>= 1;
0027   4286           00166         BCLR    PFLAG,2
0028   0900           00167         RRR     r0x1003
                      00168 ;;[ICODE] ../../libsdcc_mc35/_divuchar.c:53:     goto _whilecontinue_1($8)
0029   8000           00169         GOTO    _00112_DS_
                      00170 ;;[ICODE] ../../libsdcc_mc35/_divuchar.c:53:  _whilebreak_1($10) :
                      00171 ;;[ICODE] ../../libsdcc_mc35/_divuchar.c:56:    ret iTemp2 [k6 lr5:35 so:0]{ ia0 a2p0 re1 rm0 nos0 ru0 dp0}{unsigned-char fixed}{ sir@ __divuchar_result_1_2}[r0x1002 ]
002A                  00172 _00114_DS_
                      00173 ;       .line   56; "../../libsdcc_mc35/_divuchar.c"    return result;
002A   1E00           00174         MOVAR   r0x1002
                      00175 ;;[ICODE] ../../libsdcc_mc35/_divuchar.c:56:  _return($11) :
                      00176 ;;[ICODE] ../../libsdcc_mc35/_divuchar.c:56:    eproc __divuchar [k1 lr0:0 so:0]{ ia0 a2p0 re0 rm0 nos0 ru0 dp0}{unsigned-char function ( unsigned-char fixed, unsigned-char fixed) fixed}
002B                  00177 _00115_DS_
002B   0E00           00178         RETURN  
                      00179 ; exit point of __divuchar
                      00180 
                      00181 
                      00182 ;       code size estimation:
                      00183 ;          44+    0 =    44 instructions (   88 byte)
                      00184 
                      00185         end
gpasm-2.0.0_beta2 (Nov  6 2017)_divuchar.asm      2018-1-12  10:25:15          PAGE  2


SYMBOL TABLE
  LABEL                             VALUE

ADCHS0                            00000000
ADCHS1                            00000001
ADCHS2                            00000002
ADCHS3                            00000003
ADCKS0                            00000004
ADCKS1                            00000005
ADCKS2                            00000006
ADCR0                             000000B1
ADCR1                             000000B2
ADCR2                             000000B5
ADEN                              00000007
ADEOC                             00000005
ADIE                              00000007
ADIF                              00000007
ADIOS0                            000000AD
ADIOS1                            000000AE
ADIOS2                            000000AF
ADRH                              000000B3
ADRL                              000000B4
ADRSEL                            00000007
ADSPS0                            00000000
ADSPS1                            00000001
ADSPS2                            00000002
ADSPS3                            00000003
ADSTR                             00000006
AN0EN                             00000000
AN1EN                             00000001
AN2EN                             00000002
AN3EN                             00000003
AN4EN                             00000004
AN5EN                             00000000
AN6EN                             00000004
AN7EN                             00000003
AN8EN                             00000002
AN9EN                             00000007
BUZ1OE                            00000001
BUZCR                             000000DC
BUZEN                             00000007
BUZPRS0                           00000005
BUZPRS1                           00000006
C                                 00000002
CLKS                              00000002
CPUM0                             00000003
CPUM1                             00000004
DC                                00000001
EINTCR                            000000BF
EVRS                              00000007
FSR0                              00000083
FSR00                             00000000
FSR01                             00000001
FSR02                             00000002
FSR03                             00000003
FSR04                             00000004
FSR05                             00000005
FSR06                             00000006
FSR07                             00000007
FSR1                              00000084
FSR10                             00000000
FSR11                             00000001
FSR12                             00000002
FSR13                             00000003
FSR14                             00000004
FSR15                             00000005
FSR16                             00000006
FSR17                             00000007
GCHS                              00000004
GIE                               00000007
HFDE                              00000001
HIBYTE                            00000082
HIBYTE0                           00000000
HIBYTE1                           00000001
HIBYTE2                           00000002
HIBYTE3                           00000003
HIBYTE4                           00000004
HIBYTE5                           00000005
HIBYTE6                           00000006
HIBYTE7                           00000007
INDF                              000000E7
INDF0                             00000000
INDF1                             00000001
INDF2                             00000002
INDF3                             00000003
INDF4                             00000004
INDF5                             00000005
INDF6                             00000006
INDF7                             00000007
INT0IE                            00000000
INT0IF                            00000000
INTE                              000000C9
INTF                              000000C8
IOP0                              000000D0
IOP4                              000000D4
IOP5                              000000D5
LVD24                             00000004
LVD36                             00000005
MCR                               000000DF
MINT00                            00000003
MINT01                            00000004
OEP0                              000000B8
OEP4                              000000C4
OEP5                              000000C5
OSCCAL                            0000008F
OSCCAL0                           00000000
OSCCAL1                           00000001
OSCCAL2                           00000002
OSCCAL3                           00000003
OSCCAL4                           00000004
OSCCAL5                           00000005
OSCCAL6                           00000006
OSCCAL7                           00000007
OSCM                              000000CA
P00D                              00000000
P00OE                             00000000
P00PU                             00000000
P00WK                             00000000
P01D                              00000001
P01OE                             00000001
P01PU                             00000001
P01WK                             00000001
P02D                              00000002
P02OE                             00000002
P02PU                             00000002
P02WK                             00000002
P03D                              00000003
P03OE                             00000003
P03PU                             00000003
P03WK                             00000003
P04D                              00000004
P04OE                             00000004
P04PU                             00000004
P04WK                             00000004
P05D                              00000005
P05OE                             00000005
P05PU                             00000005
P05WK                             00000005
P06D                              00000006
P06OE                             00000006
P06PU                             00000006
P06WK                             00000006
P07D                              00000007
P07OE                             00000007
P07PU                             00000007
P07WK                             00000007
P40D                              00000000
P40OE                             00000000
P40PU                             00000000
P41D                              00000001
P41OE                             00000001
P41PU                             00000001
P42D                              00000002
P42OE                             00000002
P42PU                             00000002
P43D                              00000003
P43OE                             00000003
P43PU                             00000003
P44D                              00000004
P44OE                             00000004
P44PU                             00000004
P50D                              00000000
P50OE                             00000000
P50PU                             00000000
P50WK                             00000000
P51D                              00000001
P51OE                             00000001
P51PU                             00000001
P51WK                             00000001
P52D                              00000002
P52OE                             00000002
P52PU                             00000002
P52WK                             00000002
P53D                              00000003
P53OE                             00000003
P53PU                             00000003
P53WK                             00000003
P54D                              00000004
P54OE                             00000004
P54PU                             00000004
P54WK                             00000004
PC0                               00000000
PC1                               00000001
PC10                              00000002
PC2                               00000002
PC3                               00000003
PC4                               00000004
PC5                               00000005
PC6                               00000006
PC7                               00000007
PC8                               00000000
PC9                               00000001
PCH                               000000CF
PCL                               000000CE
PFLAG                             00000086
PUP0                              000000E0
PUP4                              000000E4
PUP5                              000000E5
PWM1OE                            00000000
PWMADT                            000000EB
PWMADT0                           00000000
PWMADT1                           00000001
PWMADT2                           00000002
PWMADT3                           00000003
PWMADT4                           00000004
PWMADT5                           00000005
PWMADT6                           00000006
PWMADT7                           00000007
PWMAOE                            00000005
PWMAOF                            00000000
PWMBDT                            000000EC
PWMBDT0                           00000000
PWMBDT1                           00000001
PWMBDT2                           00000002
PWMBDT3                           00000003
PWMBDT4                           00000004
PWMBDT5                           00000005
PWMBDT6                           00000006
PWMBDT7                           00000007
PWMBOE                            00000006
PWMBOF                            00000001
PWMCDT                            000000ED
PWMCDT0                           00000000
PWMCDT1                           00000001
PWMCDT2                           00000002
PWMCDT3                           00000003
PWMCDT4                           00000004
PWMCDT5                           00000005
PWMCDT6                           00000006
PWMCDT7                           00000007
PWMCNT                            000000EA
PWMCNT0                           00000000
PWMCNT1                           00000001
PWMCNT2                           00000002
PWMCNT3                           00000003
PWMCNT4                           00000004
PWMCNT5                           00000005
PWMCNT6                           00000006
PWMCNT7                           00000007
PWMCOE                            00000007
PWMCOF                            00000002
PWMCR0                            000000E8
PWMCR1                            000000E9
PWMEN                             00000007
PWMIE                             00000003
PWMIF                             00000003
PWMPD                             000000EE
PWMPD0                            00000000
PWMPD1                            00000001
PWMPD2                            00000002
PWMPD3                            00000003
PWMPD4                            00000004
PWMPD5                            00000005
PWMPD6                            00000006
PWMPD7                            00000007
PWMPRS0                           00000004
PWMPRS1                           00000005
PWMPRS2                           00000006
STK00                             00000000
STK01                             00000000
STK02                             00000000
STK03                             00000000
STK04                             00000000
STK05                             00000000
STK06                             00000000
STKP0                             00000000
STKP1                             00000001
STKP2                             00000002
STKR0H                            000000F1
STKR0L                            000000F0
STKR1H                            000000F3
STKR1L                            000000F2
STKR2H                            000000F5
STKR2L                            000000F4
STKR3H                            000000F7
STKR3L                            000000F6
STKR4H                            000000F9
STKR4L                            000000F8
STKR5H                            000000FB
STKR5L                            000000FA
STKR6H                            000000FD
STKR6L                            000000FC
STKR7H                            000000FF
STKR7L                            000000FE
T0CNT                             000000D9
T0CNT0                            00000000
T0CNT1                            00000001
T0CNT2                            00000002
T0CNT3                            00000003
T0CNT4                            00000004
T0CNT5                            00000005
T0CNT6                            00000006
T0CNT7                            00000007
T0CR                              000000D8
T0EN                              00000007
T0IE                              00000004
T0IF                              00000004
T0PRS0                            00000004
T0PRS1                            00000005
T0PRS2                            00000006
T1CKS0                            00000003
T1CKS1                            00000002
T1CKS2                            00000003
T1CNT                             000000DB
T1CNT0                            00000000
T1CNT1                            00000001
T1CNT2                            00000002
T1CNT3                            00000003
T1CNT4                            00000004
T1CNT5                            00000005
T1CNT6                            00000006
T1CNT7                            00000007
T1CR                              000000DA
T1EN                              00000007
T1IE                              00000005
T1IF                              00000005
T1LDEN                            00000002
T1LDR                             000000CD
T1LDR0                            00000000
T1LDR1                            00000001
T1LDR2                            00000002
T1LDR3                            00000003
T1LDR4                            00000004
T1LDR5                            00000005
T1LDR6                            00000006
T1LDR7                            00000007
T1PRS0                            00000004
T1PRS1                            00000005
T1PRS2                            00000006
VRS0                              00000000
VRS1                              00000001
WDTCR                             000000CC
WDTCR0                            00000000
WDTCR1                            00000001
WDTCR2                            00000002
WDTCR3                            00000003
WDTCR4                            00000004
WDTCR5                            00000005
WDTCR6                            00000006
WDTCR7                            00000007
WKCR0                             000000A0
WKCR5                             000000A5
Z                                 00000000
ZEROTR                            0000008E
ZEROTR0                           00000000
ZEROTR1                           00000001
ZEROTR2                           00000002
ZEROTR3                           00000003
ZEROTR4                           00000004
ZOTEN0                            00000006
ZOTEN1                            00000007
_00107_DS_                        0000000C
_00111_DS_                        00000025
_00112_DS_                        00000015
_00114_DS_                        0000002A
_00115_DS_                        0000002B
_CONFIG0                          00008000
_CONFIG1                          00008001
__2K7041                          00000001
__divuchar                        00000000
r0x1000                           00000000
r0x1001                           00000001
r0x1002                           00000002
r0x1003                           00000003
r0x1004                           00000004

Errors   :     0
Warnings :     0 reported,     0 suppressed
Messages :     0 reported,     0 suppressed

