gpasm-2.0.0_beta2 (Nov  6 2017)_divsint.asm       2018-1-12  10:25:13          PAGE  1


LOC  OBJECT CODE     LINE SOURCE TEXT
  VALUE

                      00001 ;--------------------------------------------------------
                      00002 ; File Created by SN-SDCC : SinoMCU ANSI-C Compiler
                      00003 ; Version 1.1.0 (Dec 19 2017) (MINGW32)
                      00004 ; This file was generated Fri Jan 12 10:25:13 2018
                      00005 ;--------------------------------------------------------
                      00006 ; MC35 port for the RISC core
                      00007 ;--------------------------------------------------------
                      00008 ;       .file   "../../libsdcc_mc35/_divsint.c"
                      00009         list    p=2K7041
                      00010         radix dec
                      00011         include "2K7041.inc"
                      00001                 LIST
                      00002 ;mc35p7041.inc    Standard Header File, Version 1.00 by Sinomcu
                      00538                 LIST
                      00012 ;--------------------------------------------------------
                      00013 ; external declarations
                      00014 ;--------------------------------------------------------
                      00015         extern  __divuint
                      00016 
                      00017         extern STK06
                      00018         extern STK05
                      00019         extern STK04
                      00020         extern STK03
                      00021         extern STK02
                      00022         extern STK01
                      00023         extern STK00
                      00024 ;--------------------------------------------------------
                      00025 ; global declarations
                      00026 ;--------------------------------------------------------
                      00027         global  __divsint
                      00028 
                      00029 ;--------------------------------------------------------
                      00030 ; global definitions
                      00031 ;--------------------------------------------------------
                      00032 ;--------------------------------------------------------
                      00033 ; absolute symbol definitions
                      00034 ;--------------------------------------------------------
                      00035 ;--------------------------------------------------------
                      00036 ; compiler-defined variables
                      00037 ;--------------------------------------------------------
                      00038 UDL__divsint_0  udata
0000                  00039 r0x1001 res     1
0000                  00040 r0x1000 res     1
0001                  00041 r0x1003 res     1
0001                  00042 r0x1002 res     1
0002                  00043 r0x1004 res     1
0002                  00044 r0x1005 res     1
0003                  00045 r0x1006 res     1
0003                  00046 r0x1007 res     1
0004                  00047 r0x1008 res     1
0004                  00048 r0x1009 res     1
                      00049 ;--------------------------------------------------------
                      00050 ; initialized data
                      00051 ;--------------------------------------------------------
                      00052 
                      00053 ;@Allocation info for local variables in function '_divsint'
                      00054 ;@_divsint _divuint                  Allocated to registers ;size:2
                      00055 ;@_divsint b                         Allocated to registers r0x1003 r0x1002 ;size:2
                      00056 ;@_divsint a                         Allocated to registers r0x1001 r0x1000 ;size:2
                      00057 ;@end Allocation info for local variables in function '_divsint';
                      00058 
                      00059 ;--------------------------------------------------------
                      00060 ; overlayable items in internal ram 
                      00061 ;--------------------------------------------------------
                      00062 ;       udata_ovr
                      00063 ;--------------------------------------------------------
                      00064 ; code
                      00065 ;--------------------------------------------------------
                      00066 code__divsint   code
                      00067 ;***
                      00068 ;  pBlock Stats: dbName = C
                      00069 ;***
                      00070 ;entry:  __divsint      ;Function start
                      00071 ; 2 exit points
                      00072 ;has an exit
                      00073 ;functions called:
                      00074 ;   __divuint
                      00075 ;   __divuint
                      00076 ;   __divuint
                      00077 ;   __divuint
                      00078 ;   __divuint
                      00079 ;   __divuint
                      00080 ;   __divuint
                      00081 ;   __divuint
                      00082 ;13 compiler assigned registers:
                      00083 ;   r0x1000
                      00084 ;   STK00
                      00085 ;   r0x1001
                      00086 ;   STK01
                      00087 ;   r0x1002
                      00088 ;   STK02
                      00089 ;   r0x1003
                      00090 ;   r0x1004
                      00091 ;   r0x1005
                      00092 ;   r0x1006
                      00093 ;   r0x1007
                      00094 ;   r0x1008
                      00095 ;   r0x1009
                      00096 ;; Starting pCode block
                      00097 ;;[ICODE] ../../libsdcc_mc35/_divsint.c:32:  _entry($11) :
                      00098 ;;[ICODE] ../../libsdcc_mc35/_divsint.c:32:     proc __divsint [k1 lr0:0 so:0]{ ia0 a2p0 re0 rm0 nos0 ru0 dp0}{int function ( int fixed, int fixed) fixed}
0000                  00099 __divsint       ;Function start
                      00100 ; 2 exit points
                      00101 ;;[ICODE] ../../libsdcc_mc35/_divsint.c:32: iTemp0 [k2 lr3:38 so:0]{ ia0 a2p0 re1 rm0 nos0 ru0 dp0}{int fixed}{ sir@ __divsint_a_1_2}[r0x1000 r0x1001 ] = recv __divsint [k1 lr0:0 so:0]{ ia0 a2p0 re0 rm0 nos0 ru0 dp0}{int function ( int fixed, int fixed) fixed}
                      00102 ;       .line   32; "../../libsdcc_mc35/_divsint.c"     _divsint (int a, int b)
0000   1F00           00103         MOVRA   r0x1000
0001   1E00           00104         MOVAR   STK00
0002   1F00           00105         MOVRA   r0x1001
                      00106 ;;[ICODE] ../../libsdcc_mc35/_divsint.c:32: iTemp1 [k4 lr4:39 so:0]{ ia0 a2p0 re1 rm0 nos0 ru0 dp0}{int fixed}{ sir@ __divsint_b_1_2}[r0x1002 r0x1003 ] = recv __divsint [k1 lr0:0 so:0]{ ia0 a2p0 re0 rm0 nos0 ru0 dp0}{int function ( int fixed, int fixed) fixed}
0003   1E00           00107         MOVAR   STK01
0004   1F00           00108         MOVRA   r0x1002
0005   1E00           00109         MOVAR   STK02
0006   1F00           00110         MOVRA   r0x1003
                      00111 ;;[ICODE] ../../libsdcc_mc35/_divsint.c:34:     iTemp2 [k6 lr5:6 so:0]{ ia0 a2p0 re0 rm0 nos0 ru0 dp0}{char fixed} = iTemp0 [k2 lr3:38 so:0]{ ia0 a2p0 re1 rm0 nos0 ru0 dp0}{int fixed}{ sir@ __divsint_a_1_2}[r0x1000 r0x1001 ] < 0x0 {int literal}
                      00112 ;;signed compare: left < lit(0x0=0), size=2, mask=ffff
                      00113 ;       .line   34; "../../libsdcc_mc35/_divsint.c"     if (a < 0) {
0007   4A86           00114         BSET    PFLAG,2
0008   5F00           00115         JBSET   r0x1000,7
0009   4286           00116         BCLR    PFLAG,2
000A   5A86           00117         JBSET   PFLAG,2
000B   8000           00118         GOTO    _00112_DS_
                      00119 ;;genSkipc:3223: created from rifx:00DE608C
                      00120 ;;[ICODE] ../../libsdcc_mc35/_divsint.c:34:     if iTemp2 [k6 lr5:6 so:0]{ ia0 a2p0 re0 rm0 nos0 ru0 dp0}{char fixed} == 0 goto _iffalse_2($8)
                      00121 ;;[ICODE] ../../libsdcc_mc35/_divsint.c:36:     iTemp3 [k7 lr7:8 so:0]{ ia0 a2p0 re0 rm0 nos0 ru0 dp0}{char fixed} = iTemp1 [k4 lr4:39 so:0]{ ia0 a2p0 re1 rm0 nos0 ru0 dp0}{int fixed}{ sir@ __divsint_b_1_2}[r0x1002 r0x1003 ] < 0x0 {int literal}
                      00122 ;;signed compare: left < lit(0x0=0), size=2, mask=ffff
                      00123 ;       .line   36; "../../libsdcc_mc35/_divsint.c"     if (b < 0)
000C   4A86           00124         BSET    PFLAG,2
000D   5F00           00125         JBSET   r0x1002,7
000E   4286           00126         BCLR    PFLAG,2
000F   5A86           00127         JBSET   PFLAG,2
0010   8000           00128         GOTO    _00106_DS_
                      00129 ;;genSkipc:3223: created from rifx:00DE608C
                      00130 ;;[ICODE] ../../libsdcc_mc35/_divsint.c:36:     if iTemp3 [k7 lr7:8 so:0]{ ia0 a2p0 re0 rm0 nos0 ru0 dp0}{char fixed} == 0 goto _iffalse_0($2)
                      00131 ;;[ICODE] ../../libsdcc_mc35/_divsint.c:37:     iTemp4 [k9 lr9:10 so:0]{ ia0 a2p0 re0 rm0 nos0 ru0 dp0}{int fixed}[r0x1004 r0x1005 ] = - iTemp0 [k2 lr3:38 so:0]{ ia0 a2p0 re1 rm0 nos0 ru0 dp0}{int fixed}{ sir@ __divsint_a_1_2}[r0x1000 r0x1001 ]
                      00132 ;       .line   37; "../../libsdcc_mc35/_divsint.c"     return _divuint ((unsigned int)-a, (unsigned int)-b);
0011   2DFF           00133         MOVAI   0xff
0012   1B00           00134         XORAR   r0x1001
0013   1F00           00135         MOVRA   r0x1004
0014   2DFF           00136         MOVAI   0xff
0015   1B00           00137         XORAR   r0x1000
0016   1F00           00138         MOVRA   r0x1005
0017   2D01           00139         MOVAI   0x01
0018   1300           00140         ADDRA   r0x1004
0019   5086           00141         JBCLR   PFLAG,0
001A   1300           00142         ADDRA   r0x1005
                      00143 ;;[ICODE] ../../libsdcc_mc35/_divsint.c:37:     iTemp5 [k10 lr10:14 so:0]{ ia0 a2p0 re0 rm0 nos0 ru1 dp0}{unsigned-int fixed}[r0x1006 r0x1007 ] = (unsigned-int fixed)iTemp4 [k9 lr9:10 so:0]{ ia0 a2p0 re0 rm0 nos0 ru0 dp0}{int fixed}[r0x1004 r0x1005 ]
001B   1E00           00144         MOVAR   r0x1004
001C   1F00           00145         MOVRA   r0x1006
001D   1E00           00146         MOVAR   r0x1005
001E   1F00           00147         MOVRA   r0x1007
                      00148 ;;[ICODE] ../../libsdcc_mc35/_divsint.c:37:     iTemp6 [k11 lr11:12 so:0]{ ia0 a2p0 re0 rm0 nos0 ru0 dp0}{int fixed}[r0x1004 r0x1005 ] = - iTemp1 [k4 lr4:39 so:0]{ ia0 a2p0 re1 rm0 nos0 ru0 dp0}{int fixed}{ sir@ __divsint_b_1_2}[r0x1002 r0x1003 ]
001F   2DFF           00149         MOVAI   0xff
0020   1B00           00150         XORAR   r0x1003
0021   1F00           00151         MOVRA   r0x1004
0022   2DFF           00152         MOVAI   0xff
0023   1B00           00153         XORAR   r0x1002
0024   1F00           00154         MOVRA   r0x1005
0025   2D01           00155         MOVAI   0x01
0026   1300           00156         ADDRA   r0x1004
0027   5086           00157         JBCLR   PFLAG,0
0028   1300           00158         ADDRA   r0x1005
                      00159 ;;[ICODE] ../../libsdcc_mc35/_divsint.c:37:     iTemp7 [k12 lr12:14 so:0]{ ia0 a2p0 re0 rm0 nos0 ru0 dp0}{unsigned-int fixed}[r0x1008 r0x1009 ] = (unsigned-int fixed)iTemp6 [k11 lr11:12 so:0]{ ia0 a2p0 re0 rm0 nos0 ru0 dp0}{int fixed}[r0x1004 r0x1005 ]
                      00160 ;;112   MOVAR   r0x1004
                      00161 ;;114   MOVAR   r0x1005
                      00162 ;;[ICODE] ../../libsdcc_mc35/_divsint.c:37:     send iTemp5 [k10 lr10:14 so:0]{ ia0 a2p0 re0 rm0 nos0 ru1 dp0}{unsigned-int fixed}[r0x1006 r0x1007 ]{argreg = 1}
                      00163 ;;[ICODE] ../../libsdcc_mc35/_divsint.c:37:     send iTemp7 [k12 lr12:14 so:0]{ ia0 a2p0 re0 rm0 nos0 ru0 dp0}{unsigned-int fixed}[r0x1008 r0x1009 ]{argreg = 1}
                      00164 ;;[ICODE] ../../libsdcc_mc35/_divsint.c:37:     iTemp8 [k15 lr15:16 so:0]{ ia0 a2p0 re0 rm0 nos0 ru1 dp0}{unsigned-int fixed}[r0x1004 r0x1005 ] = call __divuint [k8 lr0:0 so:0]{ ia0 a2p0 re0 rm0 nos0 ru0 dp0}{unsigned-int function ( unsigned-int fixed, unsigned-int fixed) fixed}
                      00165 ;;111   MOVAR   r0x1008
0029   1E00           00166         MOVAR   r0x1004
002A   1F00           00167         MOVRA   r0x1008
002B   1F00           00168         MOVRA   STK02
                      00169 ;;113   MOVAR   r0x1009
002C   1E00           00170         MOVAR   r0x1005
002D   1F00           00171         MOVRA   r0x1009
002E   1F00           00172         MOVRA   STK01
002F   1E00           00173         MOVAR   r0x1006
0030   1F00           00174         MOVRA   STK00
0031   1E00           00175         MOVAR   r0x1007
0032   C000           00176         CALL    __divuint
0033   1F00           00177         MOVRA   r0x1005
0034   1E00           00178         MOVAR   STK00
0035   1F00           00179         MOVRA   r0x1004
                      00180 ;;[ICODE] ../../libsdcc_mc35/_divsint.c:37:     ret iTemp8 [k15 lr15:16 so:0]{ ia0 a2p0 re0 rm0 nos0 ru1 dp0}{unsigned-int fixed}[r0x1004 r0x1005 ]
0036   1E00           00181         MOVAR   r0x1004
0037   1F00           00182         MOVRA   STK00
0038   1E00           00183         MOVAR   r0x1005
0039   8000           00184         GOTO    _00114_DS_
                      00185 ;;[ICODE] ../../libsdcc_mc35/_divsint.c:37:  _iffalse_0($2) :
                      00186 ;;[ICODE] ../../libsdcc_mc35/_divsint.c:39:     iTemp9 [k16 lr18:19 so:0]{ ia0 a2p0 re0 rm0 nos0 ru0 dp0}{int fixed}[r0x1004 r0x1005 ] = - iTemp0 [k2 lr3:38 so:0]{ ia0 a2p0 re1 rm0 nos0 ru0 dp0}{int fixed}{ sir@ __divsint_a_1_2}[r0x1000 r0x1001 ]
003A                  00187 _00106_DS_
                      00188 ;       .line   39; "../../libsdcc_mc35/_divsint.c"     return -_divuint ((unsigned int)-a, (unsigned int)b);
003A   2DFF           00189         MOVAI   0xff
003B   1B00           00190         XORAR   r0x1001
003C   1F00           00191         MOVRA   r0x1004
003D   2DFF           00192         MOVAI   0xff
003E   1B00           00193         XORAR   r0x1000
003F   1F00           00194         MOVRA   r0x1005
0040   2D01           00195         MOVAI   0x01
0041   1300           00196         ADDRA   r0x1004
0042   5086           00197         JBCLR   PFLAG,0
0043   1300           00198         ADDRA   r0x1005
                      00199 ;;[ICODE] ../../libsdcc_mc35/_divsint.c:39:     iTemp10 [k17 lr19:22 so:0]{ ia0 a2p0 re0 rm0 nos0 ru1 dp0}{unsigned-int fixed}[r0x1006 r0x1007 ] = (unsigned-int fixed)iTemp9 [k16 lr18:19 so:0]{ ia0 a2p0 re0 rm0 nos0 ru0 dp0}{int fixed}[r0x1004 r0x1005 ]
0044   1E00           00200         MOVAR   r0x1004
0045   1F00           00201         MOVRA   r0x1006
0046   1E00           00202         MOVAR   r0x1005
0047   1F00           00203         MOVRA   r0x1007
                      00204 ;;[ICODE] ../../libsdcc_mc35/_divsint.c:39:     iTemp11 [k18 lr20:22 so:0]{ ia0 a2p0 re0 rm0 nos0 ru0 dp0}{unsigned-int fixed}[r0x1004 r0x1005 ] = (unsigned-int fixed)iTemp1 [k4 lr4:39 so:0]{ ia0 a2p0 re1 rm0 nos0 ru0 dp0}{int fixed}{ sir@ __divsint_b_1_2}[r0x1002 r0x1003 ]
                      00205 ;;104   MOVAR   r0x1003
                      00206 ;;106   MOVAR   r0x1002
                      00207 ;;[ICODE] ../../libsdcc_mc35/_divsint.c:39:     send iTemp10 [k17 lr19:22 so:0]{ ia0 a2p0 re0 rm0 nos0 ru1 dp0}{unsigned-int fixed}[r0x1006 r0x1007 ]{argreg = 1}
                      00208 ;;[ICODE] ../../libsdcc_mc35/_divsint.c:39:     send iTemp11 [k18 lr20:22 so:0]{ ia0 a2p0 re0 rm0 nos0 ru0 dp0}{unsigned-int fixed}[r0x1004 r0x1005 ]{argreg = 1}
                      00209 ;;[ICODE] ../../libsdcc_mc35/_divsint.c:39:     iTemp12 [k19 lr23:24 so:0]{ ia0 a2p0 re0 rm0 nos0 ru0 dp0}{unsigned-int fixed}[r0x1004 r0x1005 ] = call __divuint [k8 lr0:0 so:0]{ ia0 a2p0 re0 rm0 nos0 ru0 dp0}{unsigned-int function ( unsigned-int fixed, unsigned-int fixed) fixed}
                      00210 ;;103   MOVAR   r0x1004
0048   1E00           00211         MOVAR   r0x1003
0049   1F00           00212         MOVRA   r0x1004
004A   1F00           00213         MOVRA   STK02
                      00214 ;;105   MOVAR   r0x1005
004B   1E00           00215         MOVAR   r0x1002
004C   1F00           00216         MOVRA   r0x1005
004D   1F00           00217         MOVRA   STK01
004E   1E00           00218         MOVAR   r0x1006
004F   1F00           00219         MOVRA   STK00
0050   1E00           00220         MOVAR   r0x1007
0051   C000           00221         CALL    __divuint
0052   1F00           00222         MOVRA   r0x1005
0053   1E00           00223         MOVAR   STK00
0054   1F00           00224         MOVRA   r0x1004
                      00225 ;;[ICODE] ../../libsdcc_mc35/_divsint.c:39:     iTemp13 [k20 lr24:25 so:0]{ ia0 a2p0 re0 rm0 nos0 ru1 dp0}{unsigned-int fixed}[r0x1004 r0x1005 ] = - iTemp12 [k19 lr23:24 so:0]{ ia0 a2p0 re0 rm0 nos0 ru0 dp0}{unsigned-int fixed}[r0x1004 r0x1005 ]
0055   2DFF           00226         MOVAI   0xff
0056   1C00           00227         XORRA   r0x1004
0057   2DFF           00228         MOVAI   0xff
0058   1C00           00229         XORRA   r0x1005
0059   2D01           00230         MOVAI   0x01
005A   1300           00231         ADDRA   r0x1004
005B   5086           00232         JBCLR   PFLAG,0
005C   1300           00233         ADDRA   r0x1005
                      00234 ;;[ICODE] ../../libsdcc_mc35/_divsint.c:39:     ret iTemp13 [k20 lr24:25 so:0]{ ia0 a2p0 re0 rm0 nos0 ru1 dp0}{unsigned-int fixed}[r0x1004 r0x1005 ]
005D   1E00           00235         MOVAR   r0x1004
005E   1F00           00236         MOVRA   STK00
005F   1E00           00237         MOVAR   r0x1005
0060   8000           00238         GOTO    _00114_DS_
                      00239 ;;[ICODE] ../../libsdcc_mc35/_divsint.c:39:  _iffalse_2($8) :
                      00240 ;;[ICODE] ../../libsdcc_mc35/_divsint.c:42:     iTemp14 [k21 lr27:28 so:0]{ ia0 a2p0 re0 rm0 nos0 ru0 dp0}{char fixed} = iTemp1 [k4 lr4:39 so:0]{ ia0 a2p0 re1 rm0 nos0 ru0 dp0}{int fixed}{ sir@ __divsint_b_1_2}[r0x1002 r0x1003 ] < 0x0 {int literal}
                      00241 ;;signed compare: left < lit(0x0=0), size=2, mask=ffff
0061                  00242 _00112_DS_
                      00243 ;       .line   42; "../../libsdcc_mc35/_divsint.c"     if (b < 0)
0061   4A86           00244         BSET    PFLAG,2
0062   5F00           00245         JBSET   r0x1002,7
0063   4286           00246         BCLR    PFLAG,2
0064   5A86           00247         JBSET   PFLAG,2
0065   8000           00248         GOTO    _00109_DS_
                      00249 ;;genSkipc:3223: created from rifx:00DE608C
                      00250 ;;[ICODE] ../../libsdcc_mc35/_divsint.c:42:     if iTemp14 [k21 lr27:28 so:0]{ ia0 a2p0 re0 rm0 nos0 ru0 dp0}{char fixed} == 0 goto _iffalse_1($5)
                      00251 ;;[ICODE] ../../libsdcc_mc35/_divsint.c:43:     iTemp15 [k22 lr29:33 so:0]{ ia0 a2p0 re0 rm0 nos0 ru1 dp0}{unsigned-int fixed}[r0x1004 r0x1005 ] = (unsigned-int fixed)iTemp0 [k2 lr3:38 so:0]{ ia0 a2p0 re1 rm0 nos0 ru0 dp0}{int fixed}{ sir@ __divsint_a_1_2}[r0x1000 r0x1001 ]
                      00252 ;       .line   43; "../../libsdcc_mc35/_divsint.c"     return -_divuint ((unsigned int)a, (unsigned int)-b);
0066   1E00           00253         MOVAR   r0x1001
0067   1F00           00254         MOVRA   r0x1004
0068   1E00           00255         MOVAR   r0x1000
0069   1F00           00256         MOVRA   r0x1005
                      00257 ;;[ICODE] ../../libsdcc_mc35/_divsint.c:43:     iTemp16 [k23 lr30:31 so:0]{ ia0 a2p0 re0 rm0 nos0 ru0 dp0}{int fixed}[r0x1006 r0x1007 ] = - iTemp1 [k4 lr4:39 so:0]{ ia0 a2p0 re1 rm0 nos0 ru0 dp0}{int fixed}{ sir@ __divsint_b_1_2}[r0x1002 r0x1003 ]
006A   2DFF           00258         MOVAI   0xff
006B   1B00           00259         XORAR   r0x1003
006C   1F00           00260         MOVRA   r0x1006
006D   2DFF           00261         MOVAI   0xff
006E   1B00           00262         XORAR   r0x1002
006F   1F00           00263         MOVRA   r0x1007
0070   2D01           00264         MOVAI   0x01
0071   1300           00265         ADDRA   r0x1006
0072   5086           00266         JBCLR   PFLAG,0
0073   1300           00267         ADDRA   r0x1007
                      00268 ;;[ICODE] ../../libsdcc_mc35/_divsint.c:43:     iTemp17 [k24 lr31:33 so:0]{ ia0 a2p0 re0 rm0 nos0 ru0 dp0}{unsigned-int fixed}[r0x1008 r0x1009 ] = (unsigned-int fixed)iTemp16 [k23 lr30:31 so:0]{ ia0 a2p0 re0 rm0 nos0 ru0 dp0}{int fixed}[r0x1006 r0x1007 ]
                      00269 ;;108   MOVAR   r0x1006
                      00270 ;;110   MOVAR   r0x1007
                      00271 ;;[ICODE] ../../libsdcc_mc35/_divsint.c:43:     send iTemp15 [k22 lr29:33 so:0]{ ia0 a2p0 re0 rm0 nos0 ru1 dp0}{unsigned-int fixed}[r0x1004 r0x1005 ]{argreg = 1}
                      00272 ;;[ICODE] ../../libsdcc_mc35/_divsint.c:43:     send iTemp17 [k24 lr31:33 so:0]{ ia0 a2p0 re0 rm0 nos0 ru0 dp0}{unsigned-int fixed}[r0x1008 r0x1009 ]{argreg = 1}
                      00273 ;;[ICODE] ../../libsdcc_mc35/_divsint.c:43:     iTemp18 [k25 lr34:35 so:0]{ ia0 a2p0 re0 rm0 nos0 ru0 dp0}{unsigned-int fixed}[r0x1004 r0x1005 ] = call __divuint [k8 lr0:0 so:0]{ ia0 a2p0 re0 rm0 nos0 ru0 dp0}{unsigned-int function ( unsigned-int fixed, unsigned-int fixed) fixed}
                      00274 ;;107   MOVAR   r0x1008
0074   1E00           00275         MOVAR   r0x1006
0075   1F00           00276         MOVRA   r0x1008
0076   1F00           00277         MOVRA   STK02
                      00278 ;;109   MOVAR   r0x1009
0077   1E00           00279         MOVAR   r0x1007
0078   1F00           00280         MOVRA   r0x1009
0079   1F00           00281         MOVRA   STK01
007A   1E00           00282         MOVAR   r0x1004
007B   1F00           00283         MOVRA   STK00
007C   1E00           00284         MOVAR   r0x1005
007D   C000           00285         CALL    __divuint
007E   1F00           00286         MOVRA   r0x1005
007F   1E00           00287         MOVAR   STK00
0080   1F00           00288         MOVRA   r0x1004
                      00289 ;;[ICODE] ../../libsdcc_mc35/_divsint.c:43:     iTemp19 [k26 lr35:36 so:0]{ ia0 a2p0 re0 rm0 nos0 ru1 dp0}{unsigned-int fixed}[r0x1004 r0x1005 ] = - iTemp18 [k25 lr34:35 so:0]{ ia0 a2p0 re0 rm0 nos0 ru0 dp0}{unsigned-int fixed}[r0x1004 r0x1005 ]
0081   2DFF           00290         MOVAI   0xff
0082   1C00           00291         XORRA   r0x1004
0083   2DFF           00292         MOVAI   0xff
0084   1C00           00293         XORRA   r0x1005
0085   2D01           00294         MOVAI   0x01
0086   1300           00295         ADDRA   r0x1004
0087   5086           00296         JBCLR   PFLAG,0
0088   1300           00297         ADDRA   r0x1005
                      00298 ;;[ICODE] ../../libsdcc_mc35/_divsint.c:43:     ret iTemp19 [k26 lr35:36 so:0]{ ia0 a2p0 re0 rm0 nos0 ru1 dp0}{unsigned-int fixed}[r0x1004 r0x1005 ]
0089   1E00           00299         MOVAR   r0x1004
008A   1F00           00300         MOVRA   STK00
008B   1E00           00301         MOVAR   r0x1005
008C   8000           00302         GOTO    _00114_DS_
                      00303 ;;[ICODE] ../../libsdcc_mc35/_divsint.c:43:  _iffalse_1($5) :
                      00304 ;;[ICODE] ../../libsdcc_mc35/_divsint.c:45:     iTemp20 [k27 lr38:41 so:0]{ ia0 a2p0 re0 rm0 nos0 ru1 dp0}{unsigned-int fixed}[r0x1004 r0x1005 ] = (unsigned-int fixed)iTemp0 [k2 lr3:38 so:0]{ ia0 a2p0 re1 rm0 nos0 ru0 dp0}{int fixed}{ sir@ __divsint_a_1_2}[r0x1000 r0x1001 ]
008D                  00305 _00109_DS_
                      00306 ;       .line   45; "../../libsdcc_mc35/_divsint.c"     return _divuint ((unsigned int)a, (unsigned int)b);
008D   1E00           00307         MOVAR   r0x1001
008E   1F00           00308         MOVRA   r0x1004
008F   1E00           00309         MOVAR   r0x1000
0090   1F00           00310         MOVRA   r0x1005
                      00311 ;;[ICODE] ../../libsdcc_mc35/_divsint.c:45:     iTemp21 [k28 lr39:41 so:0]{ ia0 a2p0 re0 rm0 nos0 ru0 dp0}{unsigned-int fixed}[r0x1000 r0x1001 ] = (unsigned-int fixed)iTemp1 [k4 lr4:39 so:0]{ ia0 a2p0 re1 rm0 nos0 ru0 dp0}{int fixed}{ sir@ __divsint_b_1_2}[r0x1002 r0x1003 ]
                      00312 ;;100   MOVAR   r0x1003
                      00313 ;;102   MOVAR   r0x1002
                      00314 ;;[ICODE] ../../libsdcc_mc35/_divsint.c:45:     send iTemp20 [k27 lr38:41 so:0]{ ia0 a2p0 re0 rm0 nos0 ru1 dp0}{unsigned-int fixed}[r0x1004 r0x1005 ]{argreg = 1}
                      00315 ;;[ICODE] ../../libsdcc_mc35/_divsint.c:45:     send iTemp21 [k28 lr39:41 so:0]{ ia0 a2p0 re0 rm0 nos0 ru0 dp0}{unsigned-int fixed}[r0x1000 r0x1001 ]{argreg = 1}
                      00316 ;;[ICODE] ../../libsdcc_mc35/_divsint.c:45:     iTemp22 [k29 lr42:43 so:0]{ ia0 a2p0 re0 rm0 nos0 ru1 dp0}{unsigned-int fixed}[r0x1000 r0x1001 ] = call __divuint [k8 lr0:0 so:0]{ ia0 a2p0 re0 rm0 nos0 ru0 dp0}{unsigned-int function ( unsigned-int fixed, unsigned-int fixed) fixed}
                      00317 ;;99    MOVAR   r0x1001
0091   1E00           00318         MOVAR   r0x1003
0092   1F00           00319         MOVRA   r0x1001
0093   1F00           00320         MOVRA   STK02
                      00321 ;;101   MOVAR   r0x1000
0094   1E00           00322         MOVAR   r0x1002
0095   1F00           00323         MOVRA   r0x1000
0096   1F00           00324         MOVRA   STK01
0097   1E00           00325         MOVAR   r0x1004
0098   1F00           00326         MOVRA   STK00
0099   1E00           00327         MOVAR   r0x1005
009A   C000           00328         CALL    __divuint
009B   1F00           00329         MOVRA   r0x1000
009C   1E00           00330         MOVAR   STK00
009D   1F00           00331         MOVRA   r0x1001
                      00332 ;;[ICODE] ../../libsdcc_mc35/_divsint.c:45:     ret iTemp22 [k29 lr42:43 so:0]{ ia0 a2p0 re0 rm0 nos0 ru1 dp0}{unsigned-int fixed}[r0x1000 r0x1001 ]
009E   1E00           00333         MOVAR   r0x1001
009F   1F00           00334         MOVRA   STK00
00A0   1E00           00335         MOVAR   r0x1000
                      00336 ;;[ICODE] ../../libsdcc_mc35/_divsint.c:45:  _return($10) :
                      00337 ;;[ICODE] ../../libsdcc_mc35/_divsint.c:45:     eproc __divsint [k1 lr0:0 so:0]{ ia0 a2p0 re0 rm0 nos0 ru0 dp0}{int function ( int fixed, int fixed) fixed}
00A1                  00338 _00114_DS_
00A1   0E00           00339         RETURN  
                      00340 ; exit point of __divsint
                      00341 
                      00342 
                      00343 ;       code size estimation:
                      00344 ;         162+    0 =   162 instructions (  324 byte)
                      00345 
                      00346         end
gpasm-2.0.0_beta2 (Nov  6 2017)_divsint.asm       2018-1-12  10:25:13          PAGE  2


SYMBOL TABLE
  LABEL                             VALUE

ADCHS0                            00000000
ADCHS1                            00000001
ADCHS2                            00000002
ADCHS3                            00000003
ADCKS0                            00000004
ADCKS1                            00000005
ADCKS2                            00000006
ADCR0                             000000B1
ADCR1                             000000B2
ADCR2                             000000B5
ADEN                              00000007
ADEOC                             00000005
ADIE                              00000007
ADIF                              00000007
ADIOS0                            000000AD
ADIOS1                            000000AE
ADIOS2                            000000AF
ADRH                              000000B3
ADRL                              000000B4
ADRSEL                            00000007
ADSPS0                            00000000
ADSPS1                            00000001
ADSPS2                            00000002
ADSPS3                            00000003
ADSTR                             00000006
AN0EN                             00000000
AN1EN                             00000001
AN2EN                             00000002
AN3EN                             00000003
AN4EN                             00000004
AN5EN                             00000000
AN6EN                             00000004
AN7EN                             00000003
AN8EN                             00000002
AN9EN                             00000007
BUZ1OE                            00000001
BUZCR                             000000DC
BUZEN                             00000007
BUZPRS0                           00000005
BUZPRS1                           00000006
C                                 00000002
CLKS                              00000002
CPUM0                             00000003
CPUM1                             00000004
DC                                00000001
EINTCR                            000000BF
EVRS                              00000007
FSR0                              00000083
FSR00                             00000000
FSR01                             00000001
FSR02                             00000002
FSR03                             00000003
FSR04                             00000004
FSR05                             00000005
FSR06                             00000006
FSR07                             00000007
FSR1                              00000084
FSR10                             00000000
FSR11                             00000001
FSR12                             00000002
FSR13                             00000003
FSR14                             00000004
FSR15                             00000005
FSR16                             00000006
FSR17                             00000007
GCHS                              00000004
GIE                               00000007
HFDE                              00000001
HIBYTE                            00000082
HIBYTE0                           00000000
HIBYTE1                           00000001
HIBYTE2                           00000002
HIBYTE3                           00000003
HIBYTE4                           00000004
HIBYTE5                           00000005
HIBYTE6                           00000006
HIBYTE7                           00000007
INDF                              000000E7
INDF0                             00000000
INDF1                             00000001
INDF2                             00000002
INDF3                             00000003
INDF4                             00000004
INDF5                             00000005
INDF6                             00000006
INDF7                             00000007
INT0IE                            00000000
INT0IF                            00000000
INTE                              000000C9
INTF                              000000C8
IOP0                              000000D0
IOP4                              000000D4
IOP5                              000000D5
LVD24                             00000004
LVD36                             00000005
MCR                               000000DF
MINT00                            00000003
MINT01                            00000004
OEP0                              000000B8
OEP4                              000000C4
OEP5                              000000C5
OSCCAL                            0000008F
OSCCAL0                           00000000
OSCCAL1                           00000001
OSCCAL2                           00000002
OSCCAL3                           00000003
OSCCAL4                           00000004
OSCCAL5                           00000005
OSCCAL6                           00000006
OSCCAL7                           00000007
OSCM                              000000CA
P00D                              00000000
P00OE                             00000000
P00PU                             00000000
P00WK                             00000000
P01D                              00000001
P01OE                             00000001
P01PU                             00000001
P01WK                             00000001
P02D                              00000002
P02OE                             00000002
P02PU                             00000002
P02WK                             00000002
P03D                              00000003
P03OE                             00000003
P03PU                             00000003
P03WK                             00000003
P04D                              00000004
P04OE                             00000004
P04PU                             00000004
P04WK                             00000004
P05D                              00000005
P05OE                             00000005
P05PU                             00000005
P05WK                             00000005
P06D                              00000006
P06OE                             00000006
P06PU                             00000006
P06WK                             00000006
P07D                              00000007
P07OE                             00000007
P07PU                             00000007
P07WK                             00000007
P40D                              00000000
P40OE                             00000000
P40PU                             00000000
P41D                              00000001
P41OE                             00000001
P41PU                             00000001
P42D                              00000002
P42OE                             00000002
P42PU                             00000002
P43D                              00000003
P43OE                             00000003
P43PU                             00000003
P44D                              00000004
P44OE                             00000004
P44PU                             00000004
P50D                              00000000
P50OE                             00000000
P50PU                             00000000
P50WK                             00000000
P51D                              00000001
P51OE                             00000001
P51PU                             00000001
P51WK                             00000001
P52D                              00000002
P52OE                             00000002
P52PU                             00000002
P52WK                             00000002
P53D                              00000003
P53OE                             00000003
P53PU                             00000003
P53WK                             00000003
P54D                              00000004
P54OE                             00000004
P54PU                             00000004
P54WK                             00000004
PC0                               00000000
PC1                               00000001
PC10                              00000002
PC2                               00000002
PC3                               00000003
PC4                               00000004
PC5                               00000005
PC6                               00000006
PC7                               00000007
PC8                               00000000
PC9                               00000001
PCH                               000000CF
PCL                               000000CE
PFLAG                             00000086
PUP0                              000000E0
PUP4                              000000E4
PUP5                              000000E5
PWM1OE                            00000000
PWMADT                            000000EB
PWMADT0                           00000000
PWMADT1                           00000001
PWMADT2                           00000002
PWMADT3                           00000003
PWMADT4                           00000004
PWMADT5                           00000005
PWMADT6                           00000006
PWMADT7                           00000007
PWMAOE                            00000005
PWMAOF                            00000000
PWMBDT                            000000EC
PWMBDT0                           00000000
PWMBDT1                           00000001
PWMBDT2                           00000002
PWMBDT3                           00000003
PWMBDT4                           00000004
PWMBDT5                           00000005
PWMBDT6                           00000006
PWMBDT7                           00000007
PWMBOE                            00000006
PWMBOF                            00000001
PWMCDT                            000000ED
PWMCDT0                           00000000
PWMCDT1                           00000001
PWMCDT2                           00000002
PWMCDT3                           00000003
PWMCDT4                           00000004
PWMCDT5                           00000005
PWMCDT6                           00000006
PWMCDT7                           00000007
PWMCNT                            000000EA
PWMCNT0                           00000000
PWMCNT1                           00000001
PWMCNT2                           00000002
PWMCNT3                           00000003
PWMCNT4                           00000004
PWMCNT5                           00000005
PWMCNT6                           00000006
PWMCNT7                           00000007
PWMCOE                            00000007
PWMCOF                            00000002
PWMCR0                            000000E8
PWMCR1                            000000E9
PWMEN                             00000007
PWMIE                             00000003
PWMIF                             00000003
PWMPD                             000000EE
PWMPD0                            00000000
PWMPD1                            00000001
PWMPD2                            00000002
PWMPD3                            00000003
PWMPD4                            00000004
PWMPD5                            00000005
PWMPD6                            00000006
PWMPD7                            00000007
PWMPRS0                           00000004
PWMPRS1                           00000005
PWMPRS2                           00000006
STK00                             00000000
STK01                             00000000
STK02                             00000000
STK03                             00000000
STK04                             00000000
STK05                             00000000
STK06                             00000000
STKP0                             00000000
STKP1                             00000001
STKP2                             00000002
STKR0H                            000000F1
STKR0L                            000000F0
STKR1H                            000000F3
STKR1L                            000000F2
STKR2H                            000000F5
STKR2L                            000000F4
STKR3H                            000000F7
STKR3L                            000000F6
STKR4H                            000000F9
STKR4L                            000000F8
STKR5H                            000000FB
STKR5L                            000000FA
STKR6H                            000000FD
STKR6L                            000000FC
STKR7H                            000000FF
STKR7L                            000000FE
T0CNT                             000000D9
T0CNT0                            00000000
T0CNT1                            00000001
T0CNT2                            00000002
T0CNT3                            00000003
T0CNT4                            00000004
T0CNT5                            00000005
T0CNT6                            00000006
T0CNT7                            00000007
T0CR                              000000D8
T0EN                              00000007
T0IE                              00000004
T0IF                              00000004
T0PRS0                            00000004
T0PRS1                            00000005
T0PRS2                            00000006
T1CKS0                            00000003
T1CKS1                            00000002
T1CKS2                            00000003
T1CNT                             000000DB
T1CNT0                            00000000
T1CNT1                            00000001
T1CNT2                            00000002
T1CNT3                            00000003
T1CNT4                            00000004
T1CNT5                            00000005
T1CNT6                            00000006
T1CNT7                            00000007
T1CR                              000000DA
T1EN                              00000007
T1IE                              00000005
T1IF                              00000005
T1LDEN                            00000002
T1LDR                             000000CD
T1LDR0                            00000000
T1LDR1                            00000001
T1LDR2                            00000002
T1LDR3                            00000003
T1LDR4                            00000004
T1LDR5                            00000005
T1LDR6                            00000006
T1LDR7                            00000007
T1PRS0                            00000004
T1PRS1                            00000005
T1PRS2                            00000006
VRS0                              00000000
VRS1                              00000001
WDTCR                             000000CC
WDTCR0                            00000000
WDTCR1                            00000001
WDTCR2                            00000002
WDTCR3                            00000003
WDTCR4                            00000004
WDTCR5                            00000005
WDTCR6                            00000006
WDTCR7                            00000007
WKCR0                             000000A0
WKCR5                             000000A5
Z                                 00000000
ZEROTR                            0000008E
ZEROTR0                           00000000
ZEROTR1                           00000001
ZEROTR2                           00000002
ZEROTR3                           00000003
ZEROTR4                           00000004
ZOTEN0                            00000006
ZOTEN1                            00000007
_00106_DS_                        0000003A
_00109_DS_                        0000008D
_00112_DS_                        00000061
_00114_DS_                        000000A1
_CONFIG0                          00008000
_CONFIG1                          00008001
__2K7041                          00000001
__divsint                         00000000
__divuint                         00000000
r0x1000                           00000001
r0x1001                           00000000
r0x1002                           00000003
r0x1003                           00000002
r0x1004                           00000004
r0x1005                           00000005
r0x1006                           00000006
r0x1007                           00000007
r0x1008                           00000008
r0x1009                           00000009

Errors   :     0
Warnings :     0 reported,     0 suppressed
Messages :     0 reported,     0 suppressed

