gpasm-2.0.0_beta2 (Nov  6 2017)_moduint.asm       2017-12-20  12:01:19         PAGE  1


LOC  OBJECT CODE     LINE SOURCE TEXT
  VALUE

                      00001 ;--------------------------------------------------------
                      00002 ; File Created by SN-SDCC : SinoMCU ANSI-C Compiler
                      00003 ; Version 1.1.0 (Dec 19 2017) (MINGW32)
                      00004 ; This file was generated Wed Dec 20 12:01:18 2017
                      00005 ;--------------------------------------------------------
                      00006 ; MC35 port for the RISC core
                      00007 ;--------------------------------------------------------
                      00008 ;       .file   "../../libsdcc_mc35/_moduint.c"
                      00009         list    p=2K7041
                      00010         radix dec
                      00011         include "2K7041.inc"
                      00001                 LIST
                      00002 ;mc35p7041.inc    Standard Header File, Version 1.00 by Sinomcu
                      00538                 LIST
                      00012 ;--------------------------------------------------------
                      00013 ; external declarations
                      00014 ;--------------------------------------------------------
                      00015 
                      00016         extern STK06
                      00017         extern STK05
                      00018         extern STK04
                      00019         extern STK03
                      00020         extern STK02
                      00021         extern STK01
                      00022         extern STK00
                      00023 ;--------------------------------------------------------
                      00024 ; global declarations
                      00025 ;--------------------------------------------------------
                      00026         global  __moduint
                      00027 
                      00028 ;--------------------------------------------------------
                      00029 ; global definitions
                      00030 ;--------------------------------------------------------
                      00031 ;--------------------------------------------------------
                      00032 ; absolute symbol definitions
                      00033 ;--------------------------------------------------------
                      00034 ;--------------------------------------------------------
                      00035 ; compiler-defined variables
                      00036 ;--------------------------------------------------------
                      00037 UDL__moduint_0  udata
0000                  00038 r0x1001 res     1
0000                  00039 r0x1000 res     1
0001                  00040 r0x1003 res     1
0001                  00041 r0x1002 res     1
0002                  00042 r0x1004 res     1
0002                  00043 r0x1006 res     1
                      00044 ;--------------------------------------------------------
                      00045 ; initialized data
                      00046 ;--------------------------------------------------------
                      00047 
                      00048 ;@Allocation info for local variables in function '_moduint'
                      00049 ;@_moduint b                         Allocated to registers r0x1003 r0x1002 ;size:2
                      00050 ;@_moduint a                         Allocated to registers r0x1001 r0x1000 ;size:2
                      00051 ;@_moduint count                     Allocated to registers r0x1004 ;size:1
                      00052 ;@end Allocation info for local variables in function '_moduint';
                      00053 
                      00054 ;--------------------------------------------------------
                      00055 ; overlayable items in internal ram 
                      00056 ;--------------------------------------------------------
                      00057 ;       udata_ovr
                      00058 ;--------------------------------------------------------
                      00059 ; code
                      00060 ;--------------------------------------------------------
                      00061 code__moduint   code
                      00062 ;***
                      00063 ;  pBlock Stats: dbName = C
                      00064 ;***
                      00065 ;entry:  __moduint      ;Function start
                      00066 ; 2 exit points
                      00067 ;has an exit
                      00068 ;12 compiler assigned registers:
                      00069 ;   r0x1000
                      00070 ;   STK00
                      00071 ;   r0x1001
                      00072 ;   STK01
                      00073 ;   r0x1002
                      00074 ;   STK02
                      00075 ;   r0x1003
                      00076 ;   r0x1004
                      00077 ;   r0x1005
                      00078 ;   r0x1006
                      00079 ;   r0x1007
                      00080 ;   r0x1008
                      00081 ;; Starting pCode block
                      00082 ;;[ICODE] ../../libsdcc_mc35/_moduint.c:30:  _entry($12) :
                      00083 ;;[ICODE] ../../libsdcc_mc35/_moduint.c:30:     proc __moduint [k1 lr0:0 so:0]{ ia0 a2p0 re0 rm0 nos0 ru0 dp0}{unsigned-int function ( unsigned-int fixed, unsigned-int fixed) fixed}
0000                  00084 __moduint       ;Function start
                      00085 ; 2 exit points
                      00086 ;;[ICODE] ../../libsdcc_mc35/_moduint.c:30: iTemp0 [k2 lr3:33 so:0]{ ia0 a2p0 re1 rm0 nos0 ru0 dp0}{unsigned-int fixed}{ sir@ __moduint_a_1_1}[r0x1000 r0x1001 ] = recv __moduint [k1 lr0:0 so:0]{ ia0 a2p0 re0 rm0 nos0 ru0 dp0}{unsigned-int function ( unsigned-int fixed, unsigned-int fixed) fixed}
                      00087 ;       .line   30; "../../libsdcc_mc35/_moduint.c"     _moduint (unsigned int a, unsigned int b)
0000   1F00           00088         MOVRA   r0x1000
0001   1E00           00089         MOVAR   STK00
0002   1F00           00090         MOVRA   r0x1001
                      00091 ;;[ICODE] ../../libsdcc_mc35/_moduint.c:30: iTemp1 [k4 lr4:31 so:0]{ ia0 a2p0 re1 rm0 nos0 ru0 dp0}{unsigned-int fixed}{ sir@ __moduint_b_1_1}[r0x1002 r0x1003 ] = recv __moduint [k1 lr0:0 so:0]{ ia0 a2p0 re0 rm0 nos0 ru0 dp0}{unsigned-int function ( unsigned-int fixed, unsigned-int fixed) fixed}
0003   1E00           00092         MOVAR   STK01
0004   1F00           00093         MOVRA   r0x1002
0005   1E00           00094         MOVAR   STK02
0006   1F00           00095         MOVRA   r0x1003
                      00096 ;;[ICODE] ../../libsdcc_mc35/_moduint.c:35:     if iTemp1 [k4 lr4:31 so:0]{ ia0 a2p0 re1 rm0 nos0 ru0 dp0}{unsigned-int fixed}{ sir@ __moduint_b_1_1}[r0x1002 r0x1003 ] != 0 goto preHeaderLbl0($15)
                      00097 ;       .line   35; "../../libsdcc_mc35/_moduint.c"     if (!b) return (unsigned int)-1;
0007   1E00           00098         MOVAR   r0x1003
0008   1800           00099         ORAR    r0x1002
0009   5886           00100         JBSET   PFLAG,0
000A   8000           00101         GOTO    _00119_DS_
                      00102 ;;[ICODE] ../../libsdcc_mc35/_moduint.c:35:     ret 0xffff {unsigned-int literal}
000B   2DFF           00103         MOVAI   0xff
000C   1F00           00104         MOVRA   STK00
000D   2DFF           00105         MOVAI   0xff
000E   8000           00106         GOTO    _00115_DS_
                      00107 ;;[ICODE] ../../libsdcc_mc35/_moduint.c:39:  preHeaderLbl0($15) :
                      00108 ;;[ICODE] ../../libsdcc_mc35/_moduint.c:39:     iTemp6 [k11 lr8:19 so:0]{ ia0 a2p0 re0 rm0 nos0 ru0 dp0}{unsigned-char fixed}{ sir@ __moduint_count_1_2}[r0x1004 ] := 0x1 {const-unsigned-char literal}
000F                  00109 _00119_DS_
                      00110 ;       .line   39; "../../libsdcc_mc35/_moduint.c"     while (!(b & (1UL << (8*sizeof(unsigned int)-1)))) {
000F   2D01           00111         MOVAI   0x01
0010   1F00           00112         MOVRA   r0x1004
                      00113 ;;[ICODE] ../../libsdcc_mc35/_moduint.c:39:  _whilecontinue_0($3) :
                      00114 ;;[ICODE] ../../libsdcc_mc35/_moduint.c:39:     iTemp3 [k8 lr11:12 so:0]{ ia0 a2p0 re0 rm0 nos0 ru0 dp0}{unsigned-long-int register}[r0x1005 r0x1006 r0x1007 r0x1008 ] = (unsigned-long-int register)iTemp1 [k4 lr4:31 so:0]{ ia0 a2p0 re1 rm0 nos0 ru0 dp0}{unsigned-int fixed}{ sir@ __moduint_b_1_1}[r0x1002 r0x1003 ]
0011                  00115 _00107_DS_
0011   1E00           00116         MOVAR   r0x1003
                      00117 ;;1     MOVRA   r0x1005
0012   1E00           00118         MOVAR   r0x1002
0013   1F00           00119         MOVRA   r0x1006
                      00120 ;;1     CLRR    r0x1007
                      00121 ;;1     CLRR    r0x1008
                      00122 ;;[ICODE] ../../libsdcc_mc35/_moduint.c:39:     iTemp4 [k9 lr12:13 so:0]{ ia0 a2p0 re0 rm0 nos0 ru0 dp0}{unsigned-long-int register} = iTemp3 [k8 lr11:12 so:0]{ ia0 a2p0 re0 rm0 nos0 ru0 dp0}{unsigned-long-int register}[r0x1005 r0x1006 r0x1007 r0x1008 ] & 0x8000 {unsigned-long-int literal}
0014   5700           00123         JBCLR   r0x1006,7
0015   8000           00124         GOTO    _00112_DS_
                      00125 ;;[ICODE] ../../libsdcc_mc35/_moduint.c:39:     if iTemp4 [k9 lr12:13 so:0]{ ia0 a2p0 re0 rm0 nos0 ru0 dp0}{unsigned-long-int register} != 0 goto preHeaderLbl1($18)
                      00126 ;;[ICODE] ../../libsdcc_mc35/_moduint.c:40:     iTemp1 [k4 lr4:31 so:0]{ ia0 a2p0 re1 rm0 nos0 ru0 dp0}{unsigned-int fixed}{ sir@ __moduint_b_1_1}[r0x1002 r0x1003 ] = iTemp1 [k4 lr4:31 so:0]{ ia0 a2p0 re1 rm0 nos0 ru0 dp0}{unsigned-int fixed}{ sir@ __moduint_b_1_1}[r0x1002 r0x1003 ] << 0x1 {const-unsigned-char literal}
                      00127 ;       .line   40; "../../libsdcc_mc35/_moduint.c"     b <<= 1;
0016   4286           00128         BCLR    PFLAG,2
0017   0B00           00129         RLR     r0x1003
0018   0B00           00130         RLR     r0x1002
                      00131 ;;[ICODE] ../../libsdcc_mc35/_moduint.c:41:     iTemp6 [k11 lr8:19 so:0]{ ia0 a2p0 re0 rm0 nos0 ru0 dp0}{unsigned-char fixed}{ sir@ __moduint_count_1_2}[r0x1004 ] = iTemp6 [k11 lr8:19 so:0]{ ia0 a2p0 re0 rm0 nos0 ru0 dp0}{unsigned-char fixed}{ sir@ __moduint_count_1_2}[r0x1004 ] + 0x1 {const-unsigned-char literal}
                      00132 ;       .line   41; "../../libsdcc_mc35/_moduint.c"     ++count;
0019   2D01           00133         MOVAI   0x01
001A   1300           00134         ADDRA   r0x1004
                      00135 ;;[ICODE] ../../libsdcc_mc35/_moduint.c:41:      goto _whilecontinue_0($3)
001B   8000           00136         GOTO    _00107_DS_
                      00137 ;;[ICODE] ../../libsdcc_mc35/_moduint.c:45:  preHeaderLbl1($18) :
                      00138 ;;[ICODE] ../../libsdcc_mc35/_moduint.c:45:     iTemp10 [k15 lr19:31 so:0]{ ia0 a2p0 re0 rm0 nos0 ru0 dp0}{unsigned-char fixed}{ sir@ __moduint_count_1_2}[r0x1004 ] := iTemp6 [k11 lr8:19 so:0]{ ia0 a2p0 re0 rm0 nos0 ru0 dp0}{unsigned-char fixed}{ sir@ __moduint_count_1_2}[r0x1004 ]
                      00139 ;;[ICODE] ../../libsdcc_mc35/_moduint.c:45:  _whilecontinue_1($8) :
                      00140 ;;[ICODE] ../../libsdcc_mc35/_moduint.c:45:     if iTemp10 [k15 lr19:31 so:0]{ ia0 a2p0 re0 rm0 nos0 ru0 dp0}{unsigned-char fixed}{ sir@ __moduint_count_1_2}[r0x1004 ] == 0 goto _whilebreak_1($10)
001C                  00141 _00112_DS_
                      00142 ;       .line   45; "../../libsdcc_mc35/_moduint.c"     while (count) {
001C   2D00           00143         MOVAI   0x00
001D   1800           00144         ORAR    r0x1004
001E   5086           00145         JBCLR   PFLAG,0
001F   8000           00146         GOTO    _00114_DS_
                      00147 ;;[ICODE] ../../libsdcc_mc35/_moduint.c:46:     iTemp7 [k12 lr23:24 so:0]{ ia0 a2p0 re0 rm0 nos0 ru0 dp0}{char fixed} = iTemp0 [k2 lr3:33 so:0]{ ia0 a2p0 re1 rm0 nos0 ru0 dp0}{unsigned-int fixed}{ sir@ __moduint_a_1_1}[r0x1000 r0x1001 ] < iTemp1 [k4 lr4:31 so:0]{ ia0 a2p0 re1 rm0 nos0 ru0 dp0}{unsigned-int fixed}{ sir@ __moduint_b_1_1}[r0x1002 r0x1003 ]
                      00148 ;       .line   46; "../../libsdcc_mc35/_moduint.c"     if (a >= b) {
0020   1E00           00149         MOVAR   r0x1002
0021   2C00           00150         XCH     r0x1000
0022   2300           00151         ASUBRA  r0x1000
0023   2C00           00152         XCH     r0x1000
0024   5886           00153         JBSET   PFLAG,0
0025   8000           00154         GOTO    _00131_DS_
0026   1E00           00155         MOVAR   r0x1003
0027   2C00           00156         XCH     r0x1001
0028   2300           00157         ASUBRA  r0x1001
0029   2C00           00158         XCH     r0x1001
002A                  00159 _00131_DS_
002A   5A86           00160         JBSET   PFLAG,2
002B   8000           00161         GOTO    _00111_DS_
                      00162 ;;genSkipc:3223: created from rifx:00DD608C
                      00163 ;;[ICODE] ../../libsdcc_mc35/_moduint.c:46:     if iTemp7 [k12 lr23:24 so:0]{ ia0 a2p0 re0 rm0 nos0 ru0 dp0}{char fixed} != 0 goto _iffalse_1($7)
                      00164 ;;[ICODE] ../../libsdcc_mc35/_moduint.c:47:     iTemp0 [k2 lr3:33 so:0]{ ia0 a2p0 re1 rm0 nos0 ru0 dp0}{unsigned-int fixed}{ sir@ __moduint_a_1_1}[r0x1000 r0x1001 ] = iTemp0 [k2 lr3:33 so:0]{ ia0 a2p0 re1 rm0 nos0 ru0 dp0}{unsigned-int fixed}{ sir@ __moduint_a_1_1}[r0x1000 r0x1001 ] - iTemp1 [k4 lr4:31 so:0]{ ia0 a2p0 re1 rm0 nos0 ru0 dp0}{unsigned-int fixed}{ sir@ __moduint_b_1_1}[r0x1002 r0x1003 ]
                      00165 ;       .line   47; "../../libsdcc_mc35/_moduint.c"     a -= b;
002C   1E00           00166         MOVAR   r0x1003
002D   2C00           00167         XCH     r0x1001
002E   2200           00168         ASUBAR  r0x1001
002F   2C00           00169         XCH     r0x1001
0030   1E00           00170         MOVAR   r0x1002
0031   2C00           00171         XCH     r0x1000
0032   5A86           00172         JBSET   PFLAG,2
0033   1600           00173         JZR     r0x1000
0034   2200           00174         ASUBAR  r0x1000
0035   2C00           00175         XCH     r0x1000
                      00176 ;;[ICODE] ../../libsdcc_mc35/_moduint.c:47:  _iffalse_1($7) :
                      00177 ;;[ICODE] ../../libsdcc_mc35/_moduint.c:49:     iTemp1 [k4 lr4:31 so:0]{ ia0 a2p0 re1 rm0 nos0 ru0 dp0}{unsigned-int fixed}{ sir@ __moduint_b_1_1}[r0x1002 r0x1003 ] = iTemp1 [k4 lr4:31 so:0]{ ia0 a2p0 re1 rm0 nos0 ru0 dp0}{unsigned-int fixed}{ sir@ __moduint_b_1_1}[r0x1002 r0x1003 ] >> 0x1 {const-unsigned-char literal}
                      00178 ;;shiftRight_Left2ResultLit:5270: shCount=1, size=2, sign=0, same=1, offr=0
0036                  00179 _00111_DS_
                      00180 ;       .line   49; "../../libsdcc_mc35/_moduint.c"     b >>= 1;
0036   4286           00181         BCLR    PFLAG,2
0037   0900           00182         RRR     r0x1002
0038   0900           00183         RRR     r0x1003
                      00184 ;;[ICODE] ../../libsdcc_mc35/_moduint.c:50:     iTemp10 [k15 lr19:31 so:0]{ ia0 a2p0 re0 rm0 nos0 ru0 dp0}{unsigned-char fixed}{ sir@ __moduint_count_1_2}[r0x1004 ] = iTemp10 [k15 lr19:31 so:0]{ ia0 a2p0 re0 rm0 nos0 ru0 dp0}{unsigned-char fixed}{ sir@ __moduint_count_1_2}[r0x1004 ] - 0x1 {const-unsigned-char literal}
                      00185 ;       .line   50; "../../libsdcc_mc35/_moduint.c"     --count;
0039   2600           00186         DJZR    r0x1004
003A   0000           00187         NOP     
                      00188 ;;[ICODE] ../../libsdcc_mc35/_moduint.c:50:      goto _whilecontinue_1($8)
003B   8000           00189         GOTO    _00112_DS_
                      00190 ;;[ICODE] ../../libsdcc_mc35/_moduint.c:50:  _whilebreak_1($10) :
                      00191 ;;[ICODE] ../../libsdcc_mc35/_moduint.c:53:     ret iTemp0 [k2 lr3:33 so:0]{ ia0 a2p0 re1 rm0 nos0 ru0 dp0}{unsigned-int fixed}{ sir@ __moduint_a_1_1}[r0x1000 r0x1001 ]
003C                  00192 _00114_DS_
                      00193 ;       .line   53; "../../libsdcc_mc35/_moduint.c"     return a;
003C   1E00           00194         MOVAR   r0x1001
003D   1F00           00195         MOVRA   STK00
003E   1E00           00196         MOVAR   r0x1000
                      00197 ;;[ICODE] ../../libsdcc_mc35/_moduint.c:53:  _return($11) :
                      00198 ;;[ICODE] ../../libsdcc_mc35/_moduint.c:53:     eproc __moduint [k1 lr0:0 so:0]{ ia0 a2p0 re0 rm0 nos0 ru0 dp0}{unsigned-int function ( unsigned-int fixed, unsigned-int fixed) fixed}
003F                  00199 _00115_DS_
003F   0E00           00200         RETURN  
                      00201 ; exit point of __moduint
                      00202 
                      00203 
                      00204 ;       code size estimation:
                      00205 ;          64+    0 =    64 instructions (  128 byte)
                      00206 
                      00207         end
gpasm-2.0.0_beta2 (Nov  6 2017)_moduint.asm       2017-12-20  12:01:19         PAGE  2


SYMBOL TABLE
  LABEL                             VALUE

ADCHS0                            00000000
ADCHS1                            00000001
ADCHS2                            00000002
ADCHS3                            00000003
ADCKS0                            00000004
ADCKS1                            00000005
ADCKS2                            00000006
ADCR0                             000000B1
ADCR1                             000000B2
ADCR2                             000000B5
ADEN                              00000007
ADEOC                             00000005
ADIE                              00000007
ADIF                              00000007
ADIOS0                            000000AD
ADIOS1                            000000AE
ADIOS2                            000000AF
ADRH                              000000B3
ADRL                              000000B4
ADRSEL                            00000007
ADSPS0                            00000000
ADSPS1                            00000001
ADSPS2                            00000002
ADSPS3                            00000003
ADSTR                             00000006
AN0EN                             00000000
AN1EN                             00000001
AN2EN                             00000002
AN3EN                             00000003
AN4EN                             00000004
AN5EN                             00000000
AN6EN                             00000004
AN7EN                             00000003
AN8EN                             00000002
AN9EN                             00000007
BUZ1OE                            00000001
BUZCR                             000000DC
BUZEN                             00000007
BUZPRS0                           00000005
BUZPRS1                           00000006
C                                 00000002
CLKS                              00000002
CPUM0                             00000003
CPUM1                             00000004
DC                                00000001
EINTCR                            000000BF
EVRS                              00000007
FSR0                              00000083
FSR00                             00000000
FSR01                             00000001
FSR02                             00000002
FSR03                             00000003
FSR04                             00000004
FSR05                             00000005
FSR06                             00000006
FSR07                             00000007
FSR1                              00000084
FSR10                             00000000
FSR11                             00000001
FSR12                             00000002
FSR13                             00000003
FSR14                             00000004
FSR15                             00000005
FSR16                             00000006
FSR17                             00000007
GCHS                              00000004
GIE                               00000007
HFDE                              00000001
HIBYTE                            00000082
HIBYTE0                           00000000
HIBYTE1                           00000001
HIBYTE2                           00000002
HIBYTE3                           00000003
HIBYTE4                           00000004
HIBYTE5                           00000005
HIBYTE6                           00000006
HIBYTE7                           00000007
INDF                              000000E7
INDF0                             00000000
INDF1                             00000001
INDF2                             00000002
INDF3                             00000003
INDF4                             00000004
INDF5                             00000005
INDF6                             00000006
INDF7                             00000007
INT0IE                            00000000
INT0IF                            00000000
INTE                              000000C9
INTF                              000000C8
IOP0                              000000D0
IOP4                              000000D4
IOP5                              000000D5
LVD24                             00000004
LVD36                             00000005
MCR                               000000DF
MINT00                            00000003
MINT01                            00000004
OEP0                              000000B8
OEP4                              000000C4
OEP5                              000000C5
OSCCAL                            0000008F
OSCCAL0                           00000000
OSCCAL1                           00000001
OSCCAL2                           00000002
OSCCAL3                           00000003
OSCCAL4                           00000004
OSCCAL5                           00000005
OSCCAL6                           00000006
OSCCAL7                           00000007
OSCM                              000000CA
P00D                              00000000
P00OE                             00000000
P00PU                             00000000
P00WK                             00000000
P01D                              00000001
P01OE                             00000001
P01PU                             00000001
P01WK                             00000001
P02D                              00000002
P02OE                             00000002
P02PU                             00000002
P02WK                             00000002
P03D                              00000003
P03OE                             00000003
P03PU                             00000003
P03WK                             00000003
P04D                              00000004
P04OE                             00000004
P04PU                             00000004
P04WK                             00000004
P05D                              00000005
P05OE                             00000005
P05PU                             00000005
P05WK                             00000005
P06D                              00000006
P06OE                             00000006
P06PU                             00000006
P06WK                             00000006
P07D                              00000007
P07OE                             00000007
P07PU                             00000007
P07WK                             00000007
P40D                              00000000
P40OE                             00000000
P40PU                             00000000
P41D                              00000001
P41OE                             00000001
P41PU                             00000001
P42D                              00000002
P42OE                             00000002
P42PU                             00000002
P43D                              00000003
P43OE                             00000003
P43PU                             00000003
P44D                              00000004
P44OE                             00000004
P44PU                             00000004
P50D                              00000000
P50OE                             00000000
P50PU                             00000000
P50WK                             00000000
P51D                              00000001
P51OE                             00000001
P51PU                             00000001
P51WK                             00000001
P52D                              00000002
P52OE                             00000002
P52PU                             00000002
P52WK                             00000002
P53D                              00000003
P53OE                             00000003
P53PU                             00000003
P53WK                             00000003
P54D                              00000004
P54OE                             00000004
P54PU                             00000004
P54WK                             00000004
PC0                               00000000
PC1                               00000001
PC10                              00000002
PC2                               00000002
PC3                               00000003
PC4                               00000004
PC5                               00000005
PC6                               00000006
PC7                               00000007
PC8                               00000000
PC9                               00000001
PCH                               000000CF
PCL                               000000CE
PFLAG                             00000086
PUP0                              000000E0
PUP4                              000000E4
PUP5                              000000E5
PWM1OE                            00000000
PWMADT                            000000EB
PWMADT0                           00000000
PWMADT1                           00000001
PWMADT2                           00000002
PWMADT3                           00000003
PWMADT4                           00000004
PWMADT5                           00000005
PWMADT6                           00000006
PWMADT7                           00000007
PWMAOE                            00000005
PWMAOF                            00000000
PWMBDT                            000000EC
PWMBDT0                           00000000
PWMBDT1                           00000001
PWMBDT2                           00000002
PWMBDT3                           00000003
PWMBDT4                           00000004
PWMBDT5                           00000005
PWMBDT6                           00000006
PWMBDT7                           00000007
PWMBOE                            00000006
PWMBOF                            00000001
PWMCDT                            000000ED
PWMCDT0                           00000000
PWMCDT1                           00000001
PWMCDT2                           00000002
PWMCDT3                           00000003
PWMCDT4                           00000004
PWMCDT5                           00000005
PWMCDT6                           00000006
PWMCDT7                           00000007
PWMCNT                            000000EA
PWMCNT0                           00000000
PWMCNT1                           00000001
PWMCNT2                           00000002
PWMCNT3                           00000003
PWMCNT4                           00000004
PWMCNT5                           00000005
PWMCNT6                           00000006
PWMCNT7                           00000007
PWMCOE                            00000007
PWMCOF                            00000002
PWMCR0                            000000E8
PWMCR1                            000000E9
PWMEN                             00000007
PWMIE                             00000003
PWMIF                             00000003
PWMPD                             000000EE
PWMPD0                            00000000
PWMPD1                            00000001
PWMPD2                            00000002
PWMPD3                            00000003
PWMPD4                            00000004
PWMPD5                            00000005
PWMPD6                            00000006
PWMPD7                            00000007
PWMPRS0                           00000004
PWMPRS1                           00000005
PWMPRS2                           00000006
STK00                             00000000
STK01                             00000000
STK02                             00000000
STK03                             00000000
STK04                             00000000
STK05                             00000000
STK06                             00000000
STKP0                             00000000
STKP1                             00000001
STKP2                             00000002
STKR0H                            000000F1
STKR0L                            000000F0
STKR1H                            000000F3
STKR1L                            000000F2
STKR2H                            000000F5
STKR2L                            000000F4
STKR3H                            000000F7
STKR3L                            000000F6
STKR4H                            000000F9
STKR4L                            000000F8
STKR5H                            000000FB
STKR5L                            000000FA
STKR6H                            000000FD
STKR6L                            000000FC
STKR7H                            000000FF
STKR7L                            000000FE
T0CNT                             000000D9
T0CNT0                            00000000
T0CNT1                            00000001
T0CNT2                            00000002
T0CNT3                            00000003
T0CNT4                            00000004
T0CNT5                            00000005
T0CNT6                            00000006
T0CNT7                            00000007
T0CR                              000000D8
T0EN                              00000007
T0IE                              00000004
T0IF                              00000004
T0PRS0                            00000004
T0PRS1                            00000005
T0PRS2                            00000006
T1CKS0                            00000003
T1CKS1                            00000002
T1CKS2                            00000003
T1CNT                             000000DB
T1CNT0                            00000000
T1CNT1                            00000001
T1CNT2                            00000002
T1CNT3                            00000003
T1CNT4                            00000004
T1CNT5                            00000005
T1CNT6                            00000006
T1CNT7                            00000007
T1CR                              000000DA
T1EN                              00000007
T1IE                              00000005
T1IF                              00000005
T1LDEN                            00000002
T1LDR                             000000CD
T1LDR0                            00000000
T1LDR1                            00000001
T1LDR2                            00000002
T1LDR3                            00000003
T1LDR4                            00000004
T1LDR5                            00000005
T1LDR6                            00000006
T1LDR7                            00000007
T1PRS0                            00000004
T1PRS1                            00000005
T1PRS2                            00000006
VRS0                              00000000
VRS1                              00000001
WDTCR                             000000CC
WDTCR0                            00000000
WDTCR1                            00000001
WDTCR2                            00000002
WDTCR3                            00000003
WDTCR4                            00000004
WDTCR5                            00000005
WDTCR6                            00000006
WDTCR7                            00000007
WKCR0                             000000A0
WKCR5                             000000A5
Z                                 00000000
ZEROTR                            0000008E
ZEROTR0                           00000000
ZEROTR1                           00000001
ZEROTR2                           00000002
ZEROTR3                           00000003
ZEROTR4                           00000004
ZOTEN0                            00000006
ZOTEN1                            00000007
_00107_DS_                        00000011
_00111_DS_                        00000036
_00112_DS_                        0000001C
_00114_DS_                        0000003C
_00115_DS_                        0000003F
_00119_DS_                        0000000F
_00131_DS_                        0000002A
_CONFIG0                          00008000
_CONFIG1                          00008001
__2K7041                          00000001
__moduint                         00000000
r0x1000                           00000001
r0x1001                           00000000
r0x1002                           00000003
r0x1003                           00000002
r0x1004                           00000004
r0x1006                           00000005

Errors   :     0
Warnings :     0 reported,     0 suppressed
Messages :     0 reported,     0 suppressed

