gpasm-2.0.0_beta2 (Nov  6 2017)fseq.asm           2018-1-12  10:25:23          PAGE  1


LOC  OBJECT CODE     LINE SOURCE TEXT
  VALUE

                      00001 ;--------------------------------------------------------
                      00002 ; File Created by SN-SDCC : SinoMCU ANSI-C Compiler
                      00003 ; Version 1.1.0 (Dec 19 2017) (MINGW32)
                      00004 ; This file was generated Fri Jan 12 10:25:22 2018
                      00005 ;--------------------------------------------------------
                      00006 ; MC35 port for the RISC core
                      00007 ;--------------------------------------------------------
                      00008 ;       .file   "../../libsdcc_mc35/fseq.c"
                      00009         list    p=2K7041
                      00010         radix dec
                      00011         include "2K7041.inc"
                      00001                 LIST
                      00002 ;mc35p7041.inc    Standard Header File, Version 1.00 by Sinomcu
                      00538                 LIST
                      00012 ;--------------------------------------------------------
                      00013 ; external declarations
                      00014 ;--------------------------------------------------------
                      00015         extern  ___uchar2fs
                      00016         extern  ___schar2fs
                      00017         extern  ___uint2fs
                      00018         extern  ___sint2fs
                      00019         extern  ___ulong2fs
                      00020         extern  ___slong2fs
                      00021         extern  ___fs2uchar
                      00022         extern  ___fs2schar
                      00023         extern  ___fs2uint
                      00024         extern  ___fs2sint
                      00025         extern  ___fs2ulong
                      00026         extern  ___fs2slong
                      00027         extern  ___fsadd
                      00028         extern  ___fssub
                      00029         extern  ___fsmul
                      00030         extern  ___fsdiv
                      00031         extern  ___fslt
                      00032         extern  ___fsneq
                      00033         extern  ___fsgt
                      00034 
                      00035         extern STK06
                      00036         extern STK05
                      00037         extern STK04
                      00038         extern STK03
                      00039         extern STK02
                      00040         extern STK01
                      00041         extern STK00
                      00042 ;--------------------------------------------------------
                      00043 ; global declarations
                      00044 ;--------------------------------------------------------
                      00045         global  ___fseq
                      00046 
                      00047 ;--------------------------------------------------------
                      00048 ; global definitions
                      00049 ;--------------------------------------------------------
                      00050 ;--------------------------------------------------------
                      00051 ; absolute symbol definitions
                      00052 ;--------------------------------------------------------
                      00053 ;--------------------------------------------------------
                      00054 ; compiler-defined variables
                      00055 ;--------------------------------------------------------
                      00056 UDL_fseq_0      udata
0000                  00057 r0x100B res     1
0000                  00058 r0x100A res     1
0001                  00059 r0x1009 res     1
0001                  00060 r0x1008 res     1
0002                  00061 r0x100F res     1
0002                  00062 r0x100E res     1
0003                  00063 r0x100D res     1
0003                  00064 r0x100C res     1
0004                  00065 ___fseq_fl1_1_22        res     4
0006                  00066 ___fseq_fl2_1_22        res     4
                      00067 ;--------------------------------------------------------
                      00068 ; initialized data
                      00069 ;--------------------------------------------------------
                      00070 
                      00071 ;@Allocation info for local variables in function '__fseq'
                      00072 ;@__fseq __uchar2fs                Allocated to registers ;size:2
                      00073 ;@__fseq __schar2fs                Allocated to registers ;size:2
                      00074 ;@__fseq __uint2fs                 Allocated to registers ;size:2
                      00075 ;@__fseq __sint2fs                 Allocated to registers ;size:2
                      00076 ;@__fseq __ulong2fs                Allocated to registers ;size:2
                      00077 ;@__fseq __slong2fs                Allocated to registers ;size:2
                      00078 ;@__fseq __fs2uchar                Allocated to registers ;size:2
                      00079 ;@__fseq __fs2schar                Allocated to registers ;size:2
                      00080 ;@__fseq __fs2uint                 Allocated to registers ;size:2
                      00081 ;@__fseq __fs2sint                 Allocated to registers ;size:2
                      00082 ;@__fseq __fs2ulong                Allocated to registers ;size:2
                      00083 ;@__fseq __fs2slong                Allocated to registers ;size:2
                      00084 ;@__fseq __fsadd                   Allocated to registers ;size:2
                      00085 ;@__fseq __fssub                   Allocated to registers ;size:2
                      00086 ;@__fseq __fsmul                   Allocated to registers ;size:2
                      00087 ;@__fseq __fsdiv                   Allocated to registers ;size:2
                      00088 ;@__fseq __fslt                    Allocated to registers ;size:2
                      00089 ;@__fseq __fsneq                   Allocated to registers ;size:2
                      00090 ;@__fseq __fsgt                    Allocated to registers ;size:2
                      00091 ;@__fseq a2                        Allocated to registers r0x100F r0x100E r0x100D r0x100C ;size:4
                      00092 ;@__fseq a1                        Allocated to registers r0x100B r0x100A r0x1009 r0x1008 ;size:4
                      00093 ;@__fseq fl1                       Allocated to registers ;size:4
                      00094 ;@__fseq fl2                       Allocated to registers ;size:4
                      00095 ;@end Allocation info for local variables in function '__fseq';
                      00096 
                      00097 ;--------------------------------------------------------
                      00098 ; overlayable items in internal ram 
                      00099 ;--------------------------------------------------------
                      00100 ;       udata_ovr
                      00101 ;--------------------------------------------------------
                      00102 ; code
                      00103 ;--------------------------------------------------------
                      00104 code_fseq       code
                      00105 ;***
                      00106 ;  pBlock Stats: dbName = C
                      00107 ;***
                      00108 ;entry:  ___fseq        ;Function start
                      00109 ; 2 exit points
                      00110 ;has an exit
                      00111 ;15 compiler assigned registers:
                      00112 ;   r0x1008
                      00113 ;   STK00
                      00114 ;   r0x1009
                      00115 ;   STK01
                      00116 ;   r0x100A
                      00117 ;   STK02
                      00118 ;   r0x100B
                      00119 ;   STK03
                      00120 ;   r0x100C
                      00121 ;   STK04
                      00122 ;   r0x100D
                      00123 ;   STK05
                      00124 ;   r0x100E
                      00125 ;   STK06
                      00126 ;   r0x100F
                      00127 ;; Starting pCode block
                      00128 ;;[ICODE] ../../libsdcc_mc35/fseq.c:55:  _entry($4) :
                      00129 ;;[ICODE] ../../libsdcc_mc35/fseq.c:55:         proc ___fseq [k1 lr0:0 so:0]{ ia0 a2p0 re0 rm0 nos0 ru0 dp0}{char function ( float fixed, float fixed) fixed}
0000                  00130 ___fseq ;Function start
                      00131 ; 2 exit points
                      00132 ;;[ICODE] ../../libsdcc_mc35/fseq.c:55: iTemp0 [k2 lr3:6 so:0]{ ia0 a2p0 re1 rm0 nos0 ru0 dp0}{float fixed}{ sir@ ___fseq_a1_1_21}[r0x1000 r0x1001 r0x1002 r0x1003 ] = recv ___fseq [k1 lr0:0 so:0]{ ia0 a2p0 re0 rm0 nos0 ru0 dp0}{char function ( float fixed, float fixed) fixed}
                      00133 ;       .line   55; "../../libsdcc_mc35/fseq.c" char __fseq (float a1, float a2) _FS_REENTRANT
0000   1F00           00134         MOVRA   r0x1008
0001   1E00           00135         MOVAR   STK00
0002   1F00           00136         MOVRA   r0x1009
0003   1E00           00137         MOVAR   STK01
0004   1F00           00138         MOVRA   r0x100A
0005   1E00           00139         MOVAR   STK02
0006   1F00           00140         MOVRA   (___fseq_fl1_1_22 + 0)
0007   1F00           00141         MOVRA   r0x100B
                      00142 ;;[ICODE] ../../libsdcc_mc35/fseq.c:55: iTemp1 [k4 lr4:8 so:0]{ ia0 a2p0 re1 rm0 nos0 ru0 dp0}{float fixed}{ sir@ ___fseq_a2_1_21}[r0x1004 r0x1005 r0x1006 r0x1007 ] = recv ___fseq [k1 lr0:0 so:0]{ ia0 a2p0 re0 rm0 nos0 ru0 dp0}{char function ( float fixed, float fixed) fixed}
0008   1E00           00143         MOVAR   STK03
0009   1F00           00144         MOVRA   r0x100C
000A   1E00           00145         MOVAR   STK04
000B   1F00           00146         MOVRA   r0x100D
000C   1E00           00147         MOVAR   STK05
000D   1F00           00148         MOVRA   r0x100E
000E   1E00           00149         MOVAR   STK06
000F   1F00           00150         MOVRA   r0x100F
                      00151 ;;[ICODE] ../../libsdcc_mc35/fseq.c:59:         iTemp2 [k7 lr5:6 so:0]{ ia0 a2p0 re0 rm1 nos0 ru0 dp0}{volatile-float near* fixed}[remat] = &[___fseq_fl1_1_22 [k6 lr0:0 so:0]{ ia0 a2p0 re0 rm0 nos0 ru0 dp0}{volatile-struct float_long fixed}]
                      00152 ;;[ICODE] ../../libsdcc_mc35/fseq.c:59:         *(iTemp2 [k7 lr5:6 so:0]{ ia1 a2p0 re0 rm1 nos0 ru0 dp0}{volatile-float near* fixed}[remat]) := iTemp0 [k2 lr3:6 so:0]{ ia0 a2p0 re1 rm0 nos0 ru0 dp0}{float fixed}{ sir@ ___fseq_a1_1_21}[r0x1000 r0x1001 r0x1002 r0x1003 ]
                      00153 ;;gen.c:6454: size=3/4, offset=0, AOP_TYPE(res)=8
                      00154 ;;99    MOVAR   r0x100B
                      00155 ;;gen.c:6454: size=2/4, offset=1, AOP_TYPE(res)=8
                      00156 ;       .line   59; "../../libsdcc_mc35/fseq.c" fl1.f = a1;
0010   1E00           00157         MOVAR   r0x100A
0011   1F00           00158         MOVRA   (___fseq_fl1_1_22 + 1)
                      00159 ;;gen.c:6454: size=1/4, offset=2, AOP_TYPE(res)=8
0012   1E00           00160         MOVAR   r0x1009
0013   1F00           00161         MOVRA   (___fseq_fl1_1_22 + 2)
                      00162 ;;gen.c:6454: size=0/4, offset=3, AOP_TYPE(res)=8
0014   1E00           00163         MOVAR   r0x1008
0015   1F00           00164         MOVRA   (___fseq_fl1_1_22 + 3)
                      00165 ;;[ICODE] ../../libsdcc_mc35/fseq.c:60:         iTemp4 [k11 lr7:8 so:0]{ ia0 a2p0 re0 rm1 nos0 ru0 dp0}{volatile-float near* fixed}[remat] = &[___fseq_fl2_1_22 [k10 lr0:0 so:0]{ ia0 a2p0 re0 rm0 nos0 ru0 dp0}{volatile-struct float_long fixed}]
                      00166 ;;[ICODE] ../../libsdcc_mc35/fseq.c:60:         *(iTemp4 [k11 lr7:8 so:0]{ ia1 a2p0 re0 rm1 nos0 ru0 dp0}{volatile-float near* fixed}[remat]) := iTemp1 [k4 lr4:8 so:0]{ ia0 a2p0 re1 rm0 nos0 ru0 dp0}{float fixed}{ sir@ ___fseq_a2_1_21}[r0x1004 r0x1005 r0x1006 r0x1007 ]
                      00167 ;;gen.c:6454: size=3/4, offset=0, AOP_TYPE(res)=8
                      00168 ;       .line   60; "../../libsdcc_mc35/fseq.c" fl2.f = a2;
0016   1E00           00169         MOVAR   r0x100F
0017   1F00           00170         MOVRA   (___fseq_fl2_1_22 + 0)
                      00171 ;;gen.c:6454: size=2/4, offset=1, AOP_TYPE(res)=8
0018   1E00           00172         MOVAR   r0x100E
0019   1F00           00173         MOVRA   (___fseq_fl2_1_22 + 1)
                      00174 ;;gen.c:6454: size=1/4, offset=2, AOP_TYPE(res)=8
001A   1E00           00175         MOVAR   r0x100D
001B   1F00           00176         MOVRA   (___fseq_fl2_1_22 + 2)
                      00177 ;;gen.c:6454: size=0/4, offset=3, AOP_TYPE(res)=8
001C   1E00           00178         MOVAR   r0x100C
001D   1F00           00179         MOVRA   (___fseq_fl2_1_22 + 3)
                      00180 ;;[ICODE] ../../libsdcc_mc35/fseq.c:62:         iTemp6 [k14 lr9:10 so:0]{ ia0 a2p0 re0 rm1 nos0 ru0 dp0}{volatile-long-int near* fixed}[remat] = &[___fseq_fl1_1_22 [k6 lr0:0 so:0]{ ia0 a2p0 re0 rm0 nos0 ru0 dp0}{volatile-struct float_long fixed}]
                      00181 ;;[ICODE] ../../libsdcc_mc35/fseq.c:62:         iTemp8 [k17 lr10:13 so:0]{ ia0 a2p0 re0 rm0 nos0 ru0 dp0}{volatile-long-int fixed}[r0x1000 r0x1001 r0x1002 r0x1003 ] = @[iTemp6 [k14 lr9:10 so:0]{ ia1 a2p0 re0 rm1 nos0 ru0 dp0}{volatile-long-int near* fixed}[remat] + 0x0 {const-unsigned-char literal}]
                      00182 ;       .line   62; "../../libsdcc_mc35/fseq.c" if (fl1.l == fl2.l)
001E   1E00           00183         MOVAR   (___fseq_fl1_1_22 + 0)
001F   1F00           00184         MOVRA   r0x100B
0020   1E00           00185         MOVAR   (___fseq_fl1_1_22 + 1)
0021   1F00           00186         MOVRA   r0x100A
0022   1E00           00187         MOVAR   (___fseq_fl1_1_22 + 2)
0023   1F00           00188         MOVRA   r0x1009
0024   1E00           00189         MOVAR   (___fseq_fl1_1_22 + 3)
0025   1F00           00190         MOVRA   r0x1008
                      00191 ;;[ICODE] ../../libsdcc_mc35/fseq.c:62:         iTemp9 [k18 lr11:12 so:0]{ ia0 a2p0 re0 rm1 nos0 ru0 dp0}{volatile-long-int near* fixed}[remat] = &[___fseq_fl2_1_22 [k10 lr0:0 so:0]{ ia0 a2p0 re0 rm0 nos0 ru0 dp0}{volatile-struct float_long fixed}]
                      00192 ;;[ICODE] ../../libsdcc_mc35/fseq.c:62:         iTemp11 [k21 lr12:13 so:0]{ ia0 a2p0 re0 rm0 nos0 ru0 dp0}{volatile-long-int fixed}[r0x1004 r0x1005 r0x1006 r0x1007 ] = @[iTemp9 [k18 lr11:12 so:0]{ ia1 a2p0 re0 rm1 nos0 ru0 dp0}{volatile-long-int near* fixed}[remat] + 0x0 {const-unsigned-char literal}]
0026   1E00           00193         MOVAR   (___fseq_fl2_1_22 + 0)
0027   1F00           00194         MOVRA   r0x100F
0028   1E00           00195         MOVAR   (___fseq_fl2_1_22 + 1)
0029   1F00           00196         MOVRA   r0x100E
002A   1E00           00197         MOVAR   (___fseq_fl2_1_22 + 2)
002B   1F00           00198         MOVRA   r0x100D
002C   1E00           00199         MOVAR   (___fseq_fl2_1_22 + 3)
002D   1F00           00200         MOVRA   r0x100C
                      00201 ;;[ICODE] ../../libsdcc_mc35/fseq.c:62:         iTemp12 [k22 lr13:14 so:0]{ ia0 a2p0 re0 rm0 nos0 ru0 dp0}{char fixed} = iTemp8 [k17 lr10:13 so:0]{ ia0 a2p0 re0 rm0 nos0 ru0 dp0}{volatile-long-int fixed}[r0x1000 r0x1001 r0x1002 r0x1003 ] == iTemp11 [k21 lr12:13 so:0]{ ia0 a2p0 re0 rm0 nos0 ru0 dp0}{volatile-long-int fixed}[r0x1004 r0x1005 r0x1006 r0x1007 ]
002E   1E00           00202         MOVAR   r0x100F
002F   1B00           00203         XORAR   r0x100B
0030   5886           00204         JBSET   PFLAG,0
0031   8000           00205         GOTO    _00106_DS_
0032   1E00           00206         MOVAR   r0x100E
0033   1B00           00207         XORAR   r0x100A
0034   5886           00208         JBSET   PFLAG,0
0035   8000           00209         GOTO    _00106_DS_
0036   1E00           00210         MOVAR   r0x100D
0037   1B00           00211         XORAR   r0x1009
0038   5886           00212         JBSET   PFLAG,0
0039   8000           00213         GOTO    _00106_DS_
003A   1E00           00214         MOVAR   r0x100C
003B   1B00           00215         XORAR   r0x1008
003C   5886           00216         JBSET   PFLAG,0
003D   8000           00217         GOTO    _00106_DS_
                      00218 ;;[ICODE] ../../libsdcc_mc35/fseq.c:62:         if iTemp12 [k22 lr13:14 so:0]{ ia0 a2p0 re0 rm0 nos0 ru0 dp0}{char fixed} == 0 goto _iffalse_0($2)
                      00219 ;;[ICODE] ../../libsdcc_mc35/fseq.c:63:         ret 0x1 {const-unsigned-char literal}
                      00220 ;       .line   63; "../../libsdcc_mc35/fseq.c" return (1);
003E   2D01           00221         MOVAI   0x01
003F   8000           00222         GOTO    _00107_DS_
                      00223 ;;[ICODE] ../../libsdcc_mc35/fseq.c:63:  _iffalse_0($2) :
                      00224 ;;[ICODE] ../../libsdcc_mc35/fseq.c:64:         ret 0x0 {const-unsigned-char literal}
0040                  00225 _00106_DS_
                      00226 ;       .line   64; "../../libsdcc_mc35/fseq.c" return (0);
0040   2D00           00227         MOVAI   0x00
                      00228 ;;[ICODE] ../../libsdcc_mc35/fseq.c:64:  _return($3) :
                      00229 ;;[ICODE] ../../libsdcc_mc35/fseq.c:64:         eproc ___fseq [k1 lr0:0 so:0]{ ia0 a2p0 re0 rm0 nos0 ru0 dp0}{char function ( float fixed, float fixed) fixed}
0041                  00230 _00107_DS_
0041   0E00           00231         RETURN  
                      00232 ; exit point of ___fseq
                      00233 
                      00234 
                      00235 ;       code size estimation:
                      00236 ;          66+    0 =    66 instructions (  132 byte)
                      00237 
                      00238         end
gpasm-2.0.0_beta2 (Nov  6 2017)fseq.asm           2018-1-12  10:25:23          PAGE  2


SYMBOL TABLE
  LABEL                             VALUE

ADCHS0                            00000000
ADCHS1                            00000001
ADCHS2                            00000002
ADCHS3                            00000003
ADCKS0                            00000004
ADCKS1                            00000005
ADCKS2                            00000006
ADCR0                             000000B1
ADCR1                             000000B2
ADCR2                             000000B5
ADEN                              00000007
ADEOC                             00000005
ADIE                              00000007
ADIF                              00000007
ADIOS0                            000000AD
ADIOS1                            000000AE
ADIOS2                            000000AF
ADRH                              000000B3
ADRL                              000000B4
ADRSEL                            00000007
ADSPS0                            00000000
ADSPS1                            00000001
ADSPS2                            00000002
ADSPS3                            00000003
ADSTR                             00000006
AN0EN                             00000000
AN1EN                             00000001
AN2EN                             00000002
AN3EN                             00000003
AN4EN                             00000004
AN5EN                             00000000
AN6EN                             00000004
AN7EN                             00000003
AN8EN                             00000002
AN9EN                             00000007
BUZ1OE                            00000001
BUZCR                             000000DC
BUZEN                             00000007
BUZPRS0                           00000005
BUZPRS1                           00000006
C                                 00000002
CLKS                              00000002
CPUM0                             00000003
CPUM1                             00000004
DC                                00000001
EINTCR                            000000BF
EVRS                              00000007
FSR0                              00000083
FSR00                             00000000
FSR01                             00000001
FSR02                             00000002
FSR03                             00000003
FSR04                             00000004
FSR05                             00000005
FSR06                             00000006
FSR07                             00000007
FSR1                              00000084
FSR10                             00000000
FSR11                             00000001
FSR12                             00000002
FSR13                             00000003
FSR14                             00000004
FSR15                             00000005
FSR16                             00000006
FSR17                             00000007
GCHS                              00000004
GIE                               00000007
HFDE                              00000001
HIBYTE                            00000082
HIBYTE0                           00000000
HIBYTE1                           00000001
HIBYTE2                           00000002
HIBYTE3                           00000003
HIBYTE4                           00000004
HIBYTE5                           00000005
HIBYTE6                           00000006
HIBYTE7                           00000007
INDF                              000000E7
INDF0                             00000000
INDF1                             00000001
INDF2                             00000002
INDF3                             00000003
INDF4                             00000004
INDF5                             00000005
INDF6                             00000006
INDF7                             00000007
INT0IE                            00000000
INT0IF                            00000000
INTE                              000000C9
INTF                              000000C8
IOP0                              000000D0
IOP4                              000000D4
IOP5                              000000D5
LVD24                             00000004
LVD36                             00000005
MCR                               000000DF
MINT00                            00000003
MINT01                            00000004
OEP0                              000000B8
OEP4                              000000C4
OEP5                              000000C5
OSCCAL                            0000008F
OSCCAL0                           00000000
OSCCAL1                           00000001
OSCCAL2                           00000002
OSCCAL3                           00000003
OSCCAL4                           00000004
OSCCAL5                           00000005
OSCCAL6                           00000006
OSCCAL7                           00000007
OSCM                              000000CA
P00D                              00000000
P00OE                             00000000
P00PU                             00000000
P00WK                             00000000
P01D                              00000001
P01OE                             00000001
P01PU                             00000001
P01WK                             00000001
P02D                              00000002
P02OE                             00000002
P02PU                             00000002
P02WK                             00000002
P03D                              00000003
P03OE                             00000003
P03PU                             00000003
P03WK                             00000003
P04D                              00000004
P04OE                             00000004
P04PU                             00000004
P04WK                             00000004
P05D                              00000005
P05OE                             00000005
P05PU                             00000005
P05WK                             00000005
P06D                              00000006
P06OE                             00000006
P06PU                             00000006
P06WK                             00000006
P07D                              00000007
P07OE                             00000007
P07PU                             00000007
P07WK                             00000007
P40D                              00000000
P40OE                             00000000
P40PU                             00000000
P41D                              00000001
P41OE                             00000001
P41PU                             00000001
P42D                              00000002
P42OE                             00000002
P42PU                             00000002
P43D                              00000003
P43OE                             00000003
P43PU                             00000003
P44D                              00000004
P44OE                             00000004
P44PU                             00000004
P50D                              00000000
P50OE                             00000000
P50PU                             00000000
P50WK                             00000000
P51D                              00000001
P51OE                             00000001
P51PU                             00000001
P51WK                             00000001
P52D                              00000002
P52OE                             00000002
P52PU                             00000002
P52WK                             00000002
P53D                              00000003
P53OE                             00000003
P53PU                             00000003
P53WK                             00000003
P54D                              00000004
P54OE                             00000004
P54PU                             00000004
P54WK                             00000004
PC0                               00000000
PC1                               00000001
PC10                              00000002
PC2                               00000002
PC3                               00000003
PC4                               00000004
PC5                               00000005
PC6                               00000006
PC7                               00000007
PC8                               00000000
PC9                               00000001
PCH                               000000CF
PCL                               000000CE
PFLAG                             00000086
PUP0                              000000E0
PUP4                              000000E4
PUP5                              000000E5
PWM1OE                            00000000
PWMADT                            000000EB
PWMADT0                           00000000
PWMADT1                           00000001
PWMADT2                           00000002
PWMADT3                           00000003
PWMADT4                           00000004
PWMADT5                           00000005
PWMADT6                           00000006
PWMADT7                           00000007
PWMAOE                            00000005
PWMAOF                            00000000
PWMBDT                            000000EC
PWMBDT0                           00000000
PWMBDT1                           00000001
PWMBDT2                           00000002
PWMBDT3                           00000003
PWMBDT4                           00000004
PWMBDT5                           00000005
PWMBDT6                           00000006
PWMBDT7                           00000007
PWMBOE                            00000006
PWMBOF                            00000001
PWMCDT                            000000ED
PWMCDT0                           00000000
PWMCDT1                           00000001
PWMCDT2                           00000002
PWMCDT3                           00000003
PWMCDT4                           00000004
PWMCDT5                           00000005
PWMCDT6                           00000006
PWMCDT7                           00000007
PWMCNT                            000000EA
PWMCNT0                           00000000
PWMCNT1                           00000001
PWMCNT2                           00000002
PWMCNT3                           00000003
PWMCNT4                           00000004
PWMCNT5                           00000005
PWMCNT6                           00000006
PWMCNT7                           00000007
PWMCOE                            00000007
PWMCOF                            00000002
PWMCR0                            000000E8
PWMCR1                            000000E9
PWMEN                             00000007
PWMIE                             00000003
PWMIF                             00000003
PWMPD                             000000EE
PWMPD0                            00000000
PWMPD1                            00000001
PWMPD2                            00000002
PWMPD3                            00000003
PWMPD4                            00000004
PWMPD5                            00000005
PWMPD6                            00000006
PWMPD7                            00000007
PWMPRS0                           00000004
PWMPRS1                           00000005
PWMPRS2                           00000006
STK00                             00000000
STK01                             00000000
STK02                             00000000
STK03                             00000000
STK04                             00000000
STK05                             00000000
STK06                             00000000
STKP0                             00000000
STKP1                             00000001
STKP2                             00000002
STKR0H                            000000F1
STKR0L                            000000F0
STKR1H                            000000F3
STKR1L                            000000F2
STKR2H                            000000F5
STKR2L                            000000F4
STKR3H                            000000F7
STKR3L                            000000F6
STKR4H                            000000F9
STKR4L                            000000F8
STKR5H                            000000FB
STKR5L                            000000FA
STKR6H                            000000FD
STKR6L                            000000FC
STKR7H                            000000FF
STKR7L                            000000FE
T0CNT                             000000D9
T0CNT0                            00000000
T0CNT1                            00000001
T0CNT2                            00000002
T0CNT3                            00000003
T0CNT4                            00000004
T0CNT5                            00000005
T0CNT6                            00000006
T0CNT7                            00000007
T0CR                              000000D8
T0EN                              00000007
T0IE                              00000004
T0IF                              00000004
T0PRS0                            00000004
T0PRS1                            00000005
T0PRS2                            00000006
T1CKS0                            00000003
T1CKS1                            00000002
T1CKS2                            00000003
T1CNT                             000000DB
T1CNT0                            00000000
T1CNT1                            00000001
T1CNT2                            00000002
T1CNT3                            00000003
T1CNT4                            00000004
T1CNT5                            00000005
T1CNT6                            00000006
T1CNT7                            00000007
T1CR                              000000DA
T1EN                              00000007
T1IE                              00000005
T1IF                              00000005
T1LDEN                            00000002
T1LDR                             000000CD
T1LDR0                            00000000
T1LDR1                            00000001
T1LDR2                            00000002
T1LDR3                            00000003
T1LDR4                            00000004
T1LDR5                            00000005
T1LDR6                            00000006
T1LDR7                            00000007
T1PRS0                            00000004
T1PRS1                            00000005
T1PRS2                            00000006
VRS0                              00000000
VRS1                              00000001
WDTCR                             000000CC
WDTCR0                            00000000
WDTCR1                            00000001
WDTCR2                            00000002
WDTCR3                            00000003
WDTCR4                            00000004
WDTCR5                            00000005
WDTCR6                            00000006
WDTCR7                            00000007
WKCR0                             000000A0
WKCR5                             000000A5
Z                                 00000000
ZEROTR                            0000008E
ZEROTR0                           00000000
ZEROTR1                           00000001
ZEROTR2                           00000002
ZEROTR3                           00000003
ZEROTR4                           00000004
ZOTEN0                            00000006
ZOTEN1                            00000007
_00106_DS_                        00000040
_00107_DS_                        00000041
_CONFIG0                          00008000
_CONFIG1                          00008001
__2K7041                          00000001
___fs2schar                       00000000
___fs2sint                        00000000
___fs2slong                       00000000
___fs2uchar                       00000000
___fs2uint                        00000000
___fs2ulong                       00000000
___fsadd                          00000000
___fsdiv                          00000000
___fseq                           00000000
___fseq_fl1_1_22                  00000008
___fseq_fl2_1_22                  0000000C
___fsgt                           00000000
___fslt                           00000000
___fsmul                          00000000
___fsneq                          00000000
___fssub                          00000000
___schar2fs                       00000000
___sint2fs                        00000000
___slong2fs                       00000000
___uchar2fs                       00000000
___uint2fs                        00000000
___ulong2fs                       00000000
r0x1008                           00000003
r0x1009                           00000002
r0x100A                           00000001
r0x100B                           00000000
r0x100C                           00000007
r0x100D                           00000006
r0x100E                           00000005
r0x100F                           00000004

Errors   :     0
Warnings :     0 reported,     0 suppressed
Messages :     0 reported,     0 suppressed

