gpasm-2.0.0_beta2 (Nov  6 2017)_divuchar.asm      2018-1-12  13:52:48          PAGE  1


LOC  OBJECT CODE     LINE SOURCE TEXT
  VALUE

                      00001 ;--------------------------------------------------------
                      00002 ; File Created by SN-SDCC : SinoMCU ANSI-C Compiler
                      00003 ; Version 1.1.0 (Dec 19 2017) (MINGW32)
                      00004 ; This file was generated Fri Jan 12 13:52:48 2018
                      00005 ;--------------------------------------------------------
                      00006 ; MC30 port for the RISC core
                      00007 ;--------------------------------------------------------
                      00008 ;       .file   "../../libsdcc_mc30/_divuchar.c"
                      00009         list    p=0311
                      00010         radix dec
                      00011         include "0311.inc"
                      00001                 LIST
                      00002 ;mc30p6080.inc    Standard Header File, Version 1.00 by Sinomcu
                      00326                 LIST
                      00012 ;--------------------------------------------------------
                      00013 ; external declarations
                      00014 ;--------------------------------------------------------
                      00015 
                      00016         extern STK06
                      00017         extern STK05
                      00018         extern STK04
                      00019         extern STK03
                      00020         extern STK02
                      00021         extern STK01
                      00022         extern STK00
                      00023 ;--------------------------------------------------------
                      00024 ; global declarations
                      00025 ;--------------------------------------------------------
                      00026         global  __divuchar
                      00027 
                      00028 ;--------------------------------------------------------
                      00029 ; global definitions
                      00030 ;--------------------------------------------------------
                      00031 ;--------------------------------------------------------
                      00032 ; absolute symbol definitions
                      00033 ;--------------------------------------------------------
                      00034 ;--------------------------------------------------------
                      00035 ; compiler-defined variables
                      00036 ;--------------------------------------------------------
                      00037 UDL__divuchar_0 udata
0000                  00038 r0x1000 res     1
0000                  00039 r0x1001 res     1
0001                  00040 r0x1002 res     1
0001                  00041 r0x1003 res     1
0002                  00042 r0x1004 res     1
                      00043 ;--------------------------------------------------------
                      00044 ; initialized data
                      00045 ;--------------------------------------------------------
                      00046 
                      00047 ;@Allocation info for local variables in function '_divuchar'
                      00048 ;@_divuchar b                         Allocated to registers r0x1001 ;size:1
                      00049 ;@_divuchar a                         Allocated to registers r0x1000 ;size:1
                      00050 ;@_divuchar result                    Allocated to registers r0x1002 ;size:1
                      00051 ;@_divuchar mask                      Allocated to registers r0x1003 ;size:1
                      00052 ;@end Allocation info for local variables in function '_divuchar';
                      00053 
                      00054 ;--------------------------------------------------------
                      00055 ; overlayable items in internal ram 
                      00056 ;--------------------------------------------------------
                      00057 ;       udata_ovr
                      00058 ;--------------------------------------------------------
                      00059 ; code
                      00060 ;--------------------------------------------------------
                      00061 code__divuchar  code
                      00062 ;***
                      00063 ;  pBlock Stats: dbName = C
                      00064 ;***
                      00065 ;entry:  __divuchar     ;Function start
                      00066 ; 2 exit points
                      00067 ;has an exit
                      00068 ;9 compiler assigned registers:
                      00069 ;   r0x1000
                      00070 ;   STK00
                      00071 ;   r0x1001
                      00072 ;   r0x1002
                      00073 ;   r0x1003
                      00074 ;   r0x1004
                      00075 ;   r0x1005
                      00076 ;   r0x1006
                      00077 ;   r0x1007
                      00078 ;; Starting pCode block
                      00079 ;;[ICODE] ../../libsdcc_mc30/_divuchar.c:30:  _entry($12) :
                      00080 ;;[ICODE] ../../libsdcc_mc30/_divuchar.c:30:    proc __divuchar [k1 lr0:0 so:0]{ ia0 a2p0 re0 rm0 nos0 ru0 dp0}{unsigned-char function ( unsigned-char fixed, unsigned-char fixed) fixed}
0000                  00081 __divuchar      ;Function start
                      00082 ; 2 exit points
                      00083 ;;[ICODE] ../../libsdcc_mc30/_divuchar.c:30: iTemp0 [k2 lr3:33 so:0]{ ia0 a2p0 re1 rm0 nos0 ru0 dp0}{unsigned-char fixed}{ sir@ __divuchar_a_1_1}[r0x1000 ] = recv __divuchar [k1 lr0:0 so:0]{ ia0 a2p0 re0 rm0 nos0 ru0 dp0}{unsigned-char function ( unsigned-char fixed, unsigned-char fixed) fixed}
                      00084 ;       .line   30; "../../libsdcc_mc30/_divuchar.c"    _divuchar (unsigned char a, unsigned char b)
0000   1580           00085         MOVRA   r0x1000
                      00086 ;;[ICODE] ../../libsdcc_mc30/_divuchar.c:30: iTemp1 [k4 lr4:33 so:0]{ ia0 a2p0 re1 rm0 nos0 ru0 dp0}{unsigned-char fixed}{ sir@ __divuchar_b_1_1}[r0x1001 ] = recv __divuchar [k1 lr0:0 so:0]{ ia0 a2p0 re0 rm0 nos0 ru0 dp0}{unsigned-char function ( unsigned-char fixed, unsigned-char fixed) fixed}
0001   1600           00087         MOVAR   STK00
0002   1580           00088         MOVRA   r0x1001
                      00089 ;;[ICODE] ../../libsdcc_mc30/_divuchar.c:32:    iTemp2 [k6 lr5:35 so:0]{ ia0 a2p0 re1 rm0 nos0 ru0 dp0}{unsigned-char fixed}{ sir@ __divuchar_result_1_2}[r0x1002 ] := 0x0 {const-unsigned-char literal}
                      00090 ;       .line   32; "../../libsdcc_mc30/_divuchar.c"    unsigned char result = 0;
0003   1D80           00091         CLRR    r0x1002
                      00092 ;;[ICODE] ../../libsdcc_mc30/_divuchar.c:33:    iTemp3 [k8 lr6:33 so:0]{ ia0 a2p0 re1 rm0 nos0 ru0 dp0}{unsigned-char fixed}{ sir@ __divuchar_mask_1_2}[r0x1003 ] := 0x1 {const-unsigned-char literal}
                      00093 ;       .line   33; "../../libsdcc_mc30/_divuchar.c"    unsigned char mask = 0x01;
0004   0B01           00094         MOVAI   0x01
0005   1580           00095         MOVRA   r0x1003
                      00096 ;;[ICODE] ../../libsdcc_mc30/_divuchar.c:36:    if iTemp1 [k4 lr4:33 so:0]{ ia0 a2p0 re1 rm0 nos0 ru0 dp0}{unsigned-char fixed}{ sir@ __divuchar_b_1_1}[r0x1001 ] != 0 goto _whilecontinue_0($3)
                      00097 ;       .line   36; "../../libsdcc_mc30/_divuchar.c"    if (!b) return (unsigned char)-1;
0006   0B00           00098         MOVAI   0x00
0007   1700           00099         ORAR    r0x1001
0008   3103           00100         JBSET   STATUS,2
0009   2800           00101         GOTO    _00107_DS_
                      00102 ;;[ICODE] ../../libsdcc_mc30/_divuchar.c:36:    ret 0xff {unsigned-char literal}
000A   0BFF           00103         MOVAI   0xff
000B   2800           00104         GOTO    _00115_DS_
                      00105 ;;[ICODE] ../../libsdcc_mc30/_divuchar.c:40:  _whilecontinue_0($3) :
                      00106 ;;[ICODE] ../../libsdcc_mc30/_divuchar.c:40:    iTemp4 [k10 lr11:12 so:0]{ ia0 a2p0 re0 rm0 nos0 ru0 dp0}{unsigned-long-int register}[r0x1004 r0x1005 r0x1006 r0x1007 ] = (unsigned-long-int register)iTemp1 [k4 lr4:33 so:0]{ ia0 a2p0 re1 rm0 nos0 ru0 dp0}{unsigned-char fixed}{ sir@ __divuchar_b_1_1}[r0x1001 ]
000C                  00107 _00107_DS_
                      00108 ;       .line   40; "../../libsdcc_mc30/_divuchar.c"    while (!(b & (1UL << (8*sizeof(unsigned char)-1)))) {
000C   1600           00109         MOVAR   r0x1001
000D   1580           00110         MOVRA   r0x1004
                      00111 ;;1     CLRR    r0x1005
                      00112 ;;1     CLRR    r0x1006
                      00113 ;;1     CLRR    r0x1007
                      00114 ;;[ICODE] ../../libsdcc_mc30/_divuchar.c:40:    iTemp5 [k11 lr12:13 so:0]{ ia0 a2p0 re0 rm0 nos0 ru0 dp0}{unsigned-long-int register} = iTemp4 [k10 lr11:12 so:0]{ ia0 a2p0 re0 rm0 nos0 ru0 dp0}{unsigned-long-int register}[r0x1004 r0x1005 r0x1006 r0x1007 ] & 0x80 {unsigned-long-int literal}
000E   3780           00115         JBCLR   r0x1004,7
000F   2800           00116         GOTO    _00112_DS_
                      00117 ;;[ICODE] ../../libsdcc_mc30/_divuchar.c:40:    if iTemp5 [k11 lr12:13 so:0]{ ia0 a2p0 re0 rm0 nos0 ru0 dp0}{unsigned-long-int register} != 0 goto _whilecontinue_1($8)
                      00118 ;;[ICODE] ../../libsdcc_mc30/_divuchar.c:41:    iTemp1 [k4 lr4:33 so:0]{ ia0 a2p0 re1 rm0 nos0 ru0 dp0}{unsigned-char fixed}{ sir@ __divuchar_b_1_1}[r0x1001 ] = iTemp1 [k4 lr4:33 so:0]{ ia0 a2p0 re1 rm0 nos0 ru0 dp0}{unsigned-char fixed}{ sir@ __divuchar_b_1_1}[r0x1001 ] << 0x1 {const-unsigned-char literal}
                      00119 ;       .line   41; "../../libsdcc_mc30/_divuchar.c"    b <<= 1;
0010   3C03           00120         BCLR    STATUS,0
0011   1480           00121         RLR     r0x1001
                      00122 ;;[ICODE] ../../libsdcc_mc30/_divuchar.c:42:    iTemp3 [k8 lr6:33 so:0]{ ia0 a2p0 re1 rm0 nos0 ru0 dp0}{unsigned-char fixed}{ sir@ __divuchar_mask_1_2}[r0x1003 ] = iTemp3 [k8 lr6:33 so:0]{ ia0 a2p0 re1 rm0 nos0 ru0 dp0}{unsigned-char fixed}{ sir@ __divuchar_mask_1_2}[r0x1003 ] << 0x1 {const-unsigned-char literal}
                      00123 ;       .line   42; "../../libsdcc_mc30/_divuchar.c"    mask <<= 1;
0012   3C03           00124         BCLR    STATUS,0
0013   1480           00125         RLR     r0x1003
                      00126 ;;[ICODE] ../../libsdcc_mc30/_divuchar.c:42:     goto _whilecontinue_0($3)
0014   2800           00127         GOTO    _00107_DS_
                      00128 ;;[ICODE] ../../libsdcc_mc30/_divuchar.c:47:  _whilecontinue_1($8) :
                      00129 ;;[ICODE] ../../libsdcc_mc30/_divuchar.c:47:    if iTemp3 [k8 lr6:33 so:0]{ ia0 a2p0 re1 rm0 nos0 ru0 dp0}{unsigned-char fixed}{ sir@ __divuchar_mask_1_2}[r0x1003 ] == 0 goto _whilebreak_1($10)
0015                  00130 _00112_DS_
                      00131 ;       .line   47; "../../libsdcc_mc30/_divuchar.c"    while (mask) {
0015   0B00           00132         MOVAI   0x00
0016   1700           00133         ORAR    r0x1003
0017   3503           00134         JBCLR   STATUS,2
0018   2800           00135         GOTO    _00114_DS_
                      00136 ;;[ICODE] ../../libsdcc_mc30/_divuchar.c:48:    iTemp8 [k14 lr22:23 so:0]{ ia0 a2p0 re0 rm0 nos0 ru0 dp0}{char fixed} = iTemp0 [k2 lr3:33 so:0]{ ia0 a2p0 re1 rm0 nos0 ru0 dp0}{unsigned-char fixed}{ sir@ __divuchar_a_1_1}[r0x1000 ] < iTemp1 [k4 lr4:33 so:0]{ ia0 a2p0 re1 rm0 nos0 ru0 dp0}{unsigned-char fixed}{ sir@ __divuchar_b_1_1}[r0x1001 ]
                      00137 ;       .line   48; "../../libsdcc_mc30/_divuchar.c"    if (a >= b) {
0019   1600           00138         MOVAR   r0x1001
001A   1200           00139         RSUBAR  r0x1000
001B   3003           00140         JBSET   STATUS,0
001C   2800           00141         GOTO    _00111_DS_
                      00142 ;;genSkipc:3195: created from rifx:00DE608C
                      00143 ;;[ICODE] ../../libsdcc_mc30/_divuchar.c:48:    if iTemp8 [k14 lr22:23 so:0]{ ia0 a2p0 re0 rm0 nos0 ru0 dp0}{char fixed} != 0 goto _iffalse_1($7)
                      00144 ;;[ICODE] ../../libsdcc_mc30/_divuchar.c:49:    iTemp2 [k6 lr5:35 so:0]{ ia0 a2p0 re1 rm0 nos0 ru0 dp0}{unsigned-char fixed}{ sir@ __divuchar_result_1_2}[r0x1002 ] = iTemp2 [k6 lr5:35 so:0]{ ia0 a2p0 re1 rm0 nos0 ru0 dp0}{unsigned-char fixed}{ sir@ __divuchar_result_1_2}[r0x1002 ] + iTemp3 [k8 lr6:33 so:0]{ ia0 a2p0 re1 rm0 nos0 ru0 dp0}{unsigned-char fixed}{ sir@ __divuchar_mask_1_2}[r0x1003 ]
                      00145 ;       .line   49; "../../libsdcc_mc30/_divuchar.c"    result += mask;
001D   1600           00146         MOVAR   r0x1003
001E   1F80           00147         ADDRA   r0x1002
                      00148 ;;[ICODE] ../../libsdcc_mc30/_divuchar.c:50:    iTemp0 [k2 lr3:33 so:0]{ ia0 a2p0 re1 rm0 nos0 ru0 dp0}{unsigned-char fixed}{ sir@ __divuchar_a_1_1}[r0x1000 ] = iTemp0 [k2 lr3:33 so:0]{ ia0 a2p0 re1 rm0 nos0 ru0 dp0}{unsigned-char fixed}{ sir@ __divuchar_a_1_1}[r0x1000 ] - iTemp1 [k4 lr4:33 so:0]{ ia0 a2p0 re1 rm0 nos0 ru0 dp0}{unsigned-char fixed}{ sir@ __divuchar_b_1_1}[r0x1001 ]
                      00149 ;       .line   50; "../../libsdcc_mc30/_divuchar.c"    a -= b;
001F   1600           00150         MOVAR   r0x1001
0020   1280           00151         RSUBRA  r0x1000
                      00152 ;;[ICODE] ../../libsdcc_mc30/_divuchar.c:50:  _iffalse_1($7) :
                      00153 ;;[ICODE] ../../libsdcc_mc30/_divuchar.c:52:    iTemp1 [k4 lr4:33 so:0]{ ia0 a2p0 re1 rm0 nos0 ru0 dp0}{unsigned-char fixed}{ sir@ __divuchar_b_1_1}[r0x1001 ] = iTemp1 [k4 lr4:33 so:0]{ ia0 a2p0 re1 rm0 nos0 ru0 dp0}{unsigned-char fixed}{ sir@ __divuchar_b_1_1}[r0x1001 ] >> 0x1 {const-unsigned-char literal}
                      00154 ;;shiftRight_Left2ResultLit:5216: shCount=1, size=1, sign=0, same=1, offr=0
0021                  00155 _00111_DS_
                      00156 ;       .line   52; "../../libsdcc_mc30/_divuchar.c"    b >>= 1;
0021   3C03           00157         BCLR    STATUS,0
0022   1380           00158         RRR     r0x1001
                      00159 ;;[ICODE] ../../libsdcc_mc30/_divuchar.c:53:    iTemp3 [k8 lr6:33 so:0]{ ia0 a2p0 re1 rm0 nos0 ru0 dp0}{unsigned-char fixed}{ sir@ __divuchar_mask_1_2}[r0x1003 ] = iTemp3 [k8 lr6:33 so:0]{ ia0 a2p0 re1 rm0 nos0 ru0 dp0}{unsigned-char fixed}{ sir@ __divuchar_mask_1_2}[r0x1003 ] >> 0x1 {const-unsigned-char literal}
                      00160 ;;shiftRight_Left2ResultLit:5216: shCount=1, size=1, sign=0, same=1, offr=0
                      00161 ;       .line   53; "../../libsdcc_mc30/_divuchar.c"    mask >>= 1;
0023   3C03           00162         BCLR    STATUS,0
0024   1380           00163         RRR     r0x1003
                      00164 ;;[ICODE] ../../libsdcc_mc30/_divuchar.c:53:     goto _whilecontinue_1($8)
0025   2800           00165         GOTO    _00112_DS_
                      00166 ;;[ICODE] ../../libsdcc_mc30/_divuchar.c:53:  _whilebreak_1($10) :
                      00167 ;;[ICODE] ../../libsdcc_mc30/_divuchar.c:56:    ret iTemp2 [k6 lr5:35 so:0]{ ia0 a2p0 re1 rm0 nos0 ru0 dp0}{unsigned-char fixed}{ sir@ __divuchar_result_1_2}[r0x1002 ]
0026                  00168 _00114_DS_
                      00169 ;       .line   56; "../../libsdcc_mc30/_divuchar.c"    return result;
0026   1600           00170         MOVAR   r0x1002
                      00171 ;;[ICODE] ../../libsdcc_mc30/_divuchar.c:56:  _return($11) :
                      00172 ;;[ICODE] ../../libsdcc_mc30/_divuchar.c:56:    eproc __divuchar [k1 lr0:0 so:0]{ ia0 a2p0 re0 rm0 nos0 ru0 dp0}{unsigned-char function ( unsigned-char fixed, unsigned-char fixed) fixed}
0027                  00173 _00115_DS_
0027   000C           00174         RETURN  
                      00175 ; exit point of __divuchar
                      00176 
                      00177 
                      00178 ;       code size estimation:
                      00179 ;          40+    0 =    40 instructions (   80 byte)
                      00180 
                      00181         end
gpasm-2.0.0_beta2 (Nov  6 2017)_divuchar.asm      2018-1-12  13:52:48          PAGE  2


SYMBOL TABLE
  LABEL                             VALUE

BUZE                              00000005
C                                 00000000
DBLCK                             00000004
DC                                00000001
DDR0                              00000045
DDR00                             00000000
DDR01                             00000001
DDR02                             00000002
DDR03                             00000003
DDR1                              00000046
DDR10                             00000000
DDR11                             00000001
DDR12                             00000002
DDR13                             00000003
DDR14                             00000004
DDR15                             00000005
DDR16                             00000006
DDR17                             00000007
EIS                               00000006
FSR                               00000004
FSR0                              00000000
FSR1                              00000001
FSR2                              00000002
FSR3                              00000003
FSR4                              00000004
FSR5                              00000005
GIE                               00000007
INDF                              00000000
INDF0                             00000000
INDF1                             00000001
INDF2                             00000002
INDF3                             00000003
INDF4                             00000004
INDF5                             00000005
INDF6                             00000006
INDF7                             00000007
INTECON                           0000000E
INTFLAG                           0000000F
INTIE                             00000002
INTIF                             00000002
INTOM                             00000006
KBIE                              00000001
KBIF                              00000001
KBIM                              00000009
KBIM0                             00000000
KBIM1                             00000001
KBIM2                             00000002
KBIM3                             00000003
KBIM4                             00000004
KBIM5                             00000005
KBIM6                             00000006
KBIM7                             00000007
LVDEN                             00000000
LVDF                              00000005
LVDSEL0                           00000001
LVDSEL1                           00000002
LVDSEL2                           00000003
LVDSEL3                           00000004
MCR                               00000008
ODCON                             0000000C
P0                                00000005
P00D                              00000000
P00PD                             00000000
P01D                              00000001
P01PD                             00000001
P02D                              00000002
P02PD                             00000002
P03D                              00000003
P03PD                             00000003
P1                                00000006
P10D                              00000000
P10OD                             00000000
P10PD                             00000004
P10PU                             00000000
P11D                              00000001
P11OD                             00000001
P11PD                             00000005
P11PU                             00000001
P12D                              00000002
P12OD                             00000002
P12PD                             00000006
P12PU                             00000002
P13D                              00000003
P13PU                             00000003
P14D                              00000004
P14OD                             00000004
P14PU                             00000004
P15D                              00000005
P15OD                             00000005
P15PU                             00000005
P16D                              00000006
P16OD                             00000006
P16PU                             00000006
P17D                              00000007
P17OD                             00000007
P17PU                             00000007
PC0                               00000000
PC1                               00000001
PC2                               00000002
PC3                               00000003
PC4                               00000004
PC5                               00000005
PC6                               00000006
PC7                               00000007
PCH0                              00000000
PCH1                              00000001
PCL                               00000002
PCLATH                            0000000A
PD                                00000003
PDCON                             0000000B
PMW0OE                            00000007
PMW1E                             00000001
PUCON                             0000000D
PWM0E                             00000006
PWM1OE                            00000006
PWM2E                             00000000
PWM2OE                            00000005
PWMCR                             00000048
PWMINV                            00000002
PWMMD                             00000003
RST                               00000007
STATUS                            00000003
STK00                             00000000
STK01                             00000000
STK02                             00000000
STK03                             00000000
STK04                             00000000
STK05                             00000000
STK06                             00000000
T0C0                              00000000
T0C1                              00000001
T0C2                              00000002
T0C3                              00000003
T0C4                              00000004
T0C5                              00000005
T0C6                              00000006
T0C7                              00000007
T0CNT                             00000001
T0CR                              00000041
T0IE                              00000000
T0IF                              00000000
T0PR0                             00000000
T0PR1                             00000001
T0PR2                             00000002
T0PTA                             00000003
T0PTS                             00000005
T0SE                              00000004
T1C0                              00000000
T1C1                              00000001
T1C2                              00000002
T1C3                              00000003
T1C4                              00000004
T1C5                              00000005
T1C6                              00000006
T1C7                              00000007
T1CNT                             0000004D
T1CR                              0000004C
T1DAT0                            0000004F
T1DAT00                           00000000
T1DAT01                           00000001
T1DAT02                           00000002
T1DAT03                           00000003
T1DAT04                           00000004
T1DAT05                           00000005
T1DAT06                           00000006
T1DAT07                           00000007
T1DAT1                            00000049
T1DAT10                           00000000
T1DAT11                           00000001
T1DAT12                           00000002
T1DAT13                           00000003
T1DAT14                           00000004
T1DAT15                           00000005
T1DAT16                           00000006
T1DAT17                           00000007
T1DAT2                            0000004A
T1DAT20                           00000000
T1DAT21                           00000001
T1DAT22                           00000002
T1DAT23                           00000003
T1DAT24                           00000004
T1DAT25                           00000005
T1DAT26                           00000006
T1DAT27                           00000007
T1IE                              00000001
T1IF                              00000000
T1LOAD                            0000004E
T1LOAD0                           00000000
T1LOAD1                           00000001
T1LOAD2                           00000002
T1LOAD3                           00000003
T1LOAD4                           00000004
T1LOAD5                           00000005
T1LOAD6                           00000006
T1LOAD7                           00000007
T1PR0                             00000000
T1PR1                             00000001
T1PR2                             00000002
T1PTS0                            00000003
T1PTS1                            00000004
TBS                               00000007
TC1EN                             00000007
TM0CR                             0000004B
TO                                00000004
WDTEN                             00000007
Z                                 00000002
_00107_DS_                        0000000C
_00111_DS_                        00000021
_00112_DS_                        00000015
_00114_DS_                        00000026
_00115_DS_                        00000027
_CONFIG0                          00002000
_CONFIG1                          00002001
__30P011                          00000001
__divuchar                        00000000
r0x1000                           00000000
r0x1001                           00000001
r0x1002                           00000002
r0x1003                           00000003
r0x1004                           00000004

Errors   :     0
Warnings :     0 reported,     0 suppressed
Messages :     0 reported,     0 suppressed

