gpasm-2.0.0_beta2 (Nov  6 2017)_modslong.asm      2018-1-12  13:52:59          PAGE  1


LOC  OBJECT CODE     LINE SOURCE TEXT
  VALUE

                      00001 ;--------------------------------------------------------
                      00002 ; File Created by SN-SDCC : SinoMCU ANSI-C Compiler
                      00003 ; Version 1.1.0 (Dec 19 2017) (MINGW32)
                      00004 ; This file was generated Fri Jan 12 13:52:59 2018
                      00005 ;--------------------------------------------------------
                      00006 ; MC30 port for the RISC core
                      00007 ;--------------------------------------------------------
                      00008 ;       .file   "../../libsdcc_mc30/_modslong.c"
                      00009         list    p=0311
                      00010         radix dec
                      00011         include "0311.inc"
                      00001                 LIST
                      00002 ;mc30p6080.inc    Standard Header File, Version 1.00 by Sinomcu
                      00326                 LIST
                      00012 ;--------------------------------------------------------
                      00013 ; external declarations
                      00014 ;--------------------------------------------------------
                      00015         extern  __modulong
                      00016 
                      00017         extern STK06
                      00018         extern STK05
                      00019         extern STK04
                      00020         extern STK03
                      00021         extern STK02
                      00022         extern STK01
                      00023         extern STK00
                      00024 ;--------------------------------------------------------
                      00025 ; global declarations
                      00026 ;--------------------------------------------------------
                      00027         global  __modslong
                      00028 
                      00029 ;--------------------------------------------------------
                      00030 ; global definitions
                      00031 ;--------------------------------------------------------
                      00032 ;--------------------------------------------------------
                      00033 ; absolute symbol definitions
                      00034 ;--------------------------------------------------------
                      00035 ;--------------------------------------------------------
                      00036 ; compiler-defined variables
                      00037 ;--------------------------------------------------------
                      00038 UDL__modslong_0 udata
0000                  00039 r0x1003 res     1
0000                  00040 r0x1002 res     1
0001                  00041 r0x1001 res     1
0001                  00042 r0x1000 res     1
0002                  00043 r0x1007 res     1
0002                  00044 r0x1006 res     1
0003                  00045 r0x1005 res     1
0003                  00046 r0x1004 res     1
0004                  00047 r0x1008 res     1
0004                  00048 r0x1009 res     1
0005                  00049 r0x100A res     1
0005                  00050 r0x100B res     1
0006                  00051 r0x100C res     1
0006                  00052 r0x100D res     1
0007                  00053 r0x100E res     1
0007                  00054 r0x100F res     1
0008                  00055 r0x1010 res     1
0008                  00056 r0x1011 res     1
0009                  00057 r0x1012 res     1
0009                  00058 r0x1013 res     1
                      00059 ;--------------------------------------------------------
                      00060 ; initialized data
                      00061 ;--------------------------------------------------------
                      00062 
                      00063 ;@Allocation info for local variables in function '_modslong'
                      00064 ;@_modslong _modulong                 Allocated to registers ;size:2
                      00065 ;@_modslong b                         Allocated to registers r0x1007 r0x1006 r0x1005 r0x1004 ;size:4
                      00066 ;@_modslong a                         Allocated to registers r0x1003 r0x1002 r0x1001 r0x1000 ;size:4
                      00067 ;@end Allocation info for local variables in function '_modslong';
                      00068 
                      00069 ;--------------------------------------------------------
                      00070 ; overlayable items in internal ram 
                      00071 ;--------------------------------------------------------
                      00072 ;       udata_ovr
                      00073 ;--------------------------------------------------------
                      00074 ; code
                      00075 ;--------------------------------------------------------
                      00076 code__modslong  code
                      00077 ;***
                      00078 ;  pBlock Stats: dbName = C
                      00079 ;***
                      00080 ;entry:  __modslong     ;Function start
                      00081 ; 2 exit points
                      00082 ;has an exit
                      00083 ;functions called:
                      00084 ;   __modulong
                      00085 ;   __modulong
                      00086 ;   __modulong
                      00087 ;   __modulong
                      00088 ;   __modulong
                      00089 ;   __modulong
                      00090 ;   __modulong
                      00091 ;   __modulong
                      00092 ;27 compiler assigned registers:
                      00093 ;   r0x1000
                      00094 ;   STK00
                      00095 ;   r0x1001
                      00096 ;   STK01
                      00097 ;   r0x1002
                      00098 ;   STK02
                      00099 ;   r0x1003
                      00100 ;   STK03
                      00101 ;   r0x1004
                      00102 ;   STK04
                      00103 ;   r0x1005
                      00104 ;   STK05
                      00105 ;   r0x1006
                      00106 ;   STK06
                      00107 ;   r0x1007
                      00108 ;   r0x1008
                      00109 ;   r0x1009
                      00110 ;   r0x100A
                      00111 ;   r0x100B
                      00112 ;   r0x100C
                      00113 ;   r0x100D
                      00114 ;   r0x100E
                      00115 ;   r0x100F
                      00116 ;   r0x1010
                      00117 ;   r0x1011
                      00118 ;   r0x1012
                      00119 ;   r0x1013
                      00120 ;; Starting pCode block
                      00121 ;;[ICODE] ../../libsdcc_mc30/_modslong.c:32:  _entry($11) :
                      00122 ;;[ICODE] ../../libsdcc_mc30/_modslong.c:32:    proc __modslong [k1 lr0:0 so:0]{ ia0 a2p0 re0 rm0 nos0 ru0 dp0}{long-int function ( long-int fixed, long-int fixed) fixed}
0000                  00123 __modslong      ;Function start
                      00124 ; 2 exit points
                      00125 ;;[ICODE] ../../libsdcc_mc30/_modslong.c:32: iTemp0 [k2 lr3:36 so:0]{ ia0 a2p0 re1 rm0 nos0 ru0 dp0}{long-int fixed}{ sir@ __modslong_a_1_2}[r0x1000 r0x1001 r0x1002 r0x1003 ] = recv __modslong [k1 lr0:0 so:0]{ ia0 a2p0 re0 rm0 nos0 ru0 dp0}{long-int function ( long-int fixed, long-int fixed) fixed}
                      00126 ;       .line   32; "../../libsdcc_mc30/_modslong.c"    _modslong (long a, long b)
0000   1580           00127         MOVRA   r0x1000
0001   1600           00128         MOVAR   STK00
0002   1580           00129         MOVRA   r0x1001
0003   1600           00130         MOVAR   STK01
0004   1580           00131         MOVRA   r0x1002
0005   1600           00132         MOVAR   STK02
0006   1580           00133         MOVRA   r0x1003
                      00134 ;;[ICODE] ../../libsdcc_mc30/_modslong.c:32: iTemp1 [k4 lr4:37 so:0]{ ia0 a2p0 re1 rm0 nos0 ru0 dp0}{long-int fixed}{ sir@ __modslong_b_1_2}[r0x1004 r0x1005 r0x1006 r0x1007 ] = recv __modslong [k1 lr0:0 so:0]{ ia0 a2p0 re0 rm0 nos0 ru0 dp0}{long-int function ( long-int fixed, long-int fixed) fixed}
0007   1600           00135         MOVAR   STK03
0008   1580           00136         MOVRA   r0x1004
0009   1600           00137         MOVAR   STK04
000A   1580           00138         MOVRA   r0x1005
000B   1600           00139         MOVAR   STK05
000C   1580           00140         MOVRA   r0x1006
000D   1600           00141         MOVAR   STK06
000E   1580           00142         MOVRA   r0x1007
                      00143 ;;[ICODE] ../../libsdcc_mc30/_modslong.c:34:    iTemp2 [k6 lr5:6 so:0]{ ia0 a2p0 re0 rm0 nos0 ru0 dp0}{char fixed} = iTemp0 [k2 lr3:36 so:0]{ ia0 a2p0 re1 rm0 nos0 ru0 dp0}{long-int fixed}{ sir@ __modslong_a_1_2}[r0x1000 r0x1001 r0x1002 r0x1003 ] < 0x0 {long-int literal}
                      00144 ;;signed compare: left < lit(0x0=0), size=4, mask=ffffffff
                      00145 ;       .line   34; "../../libsdcc_mc30/_modslong.c"    if (a < 0) {
000F   3803           00146         BSET    STATUS,0
0010   3380           00147         JBSET   r0x1000,7
0011   3C03           00148         BCLR    STATUS,0
0012   3003           00149         JBSET   STATUS,0
0013   2800           00150         GOTO    _00112_DS_
                      00151 ;;genSkipc:3195: created from rifx:00DE608C
                      00152 ;;[ICODE] ../../libsdcc_mc30/_modslong.c:34:    if iTemp2 [k6 lr5:6 so:0]{ ia0 a2p0 re0 rm0 nos0 ru0 dp0}{char fixed} == 0 goto _iffalse_2($8)
                      00153 ;;[ICODE] ../../libsdcc_mc30/_modslong.c:35:    iTemp3 [k7 lr7:8 so:0]{ ia0 a2p0 re0 rm0 nos0 ru0 dp0}{char fixed} = iTemp1 [k4 lr4:37 so:0]{ ia0 a2p0 re1 rm0 nos0 ru0 dp0}{long-int fixed}{ sir@ __modslong_b_1_2}[r0x1004 r0x1005 r0x1006 r0x1007 ] < 0x0 {long-int literal}
                      00154 ;;signed compare: left < lit(0x0=0), size=4, mask=ffffffff
                      00155 ;       .line   35; "../../libsdcc_mc30/_modslong.c"    if (b < 0)
0014   3803           00156         BSET    STATUS,0
0015   3380           00157         JBSET   r0x1004,7
0016   3C03           00158         BCLR    STATUS,0
0017   3003           00159         JBSET   STATUS,0
0018   2800           00160         GOTO    _00106_DS_
                      00161 ;;genSkipc:3195: created from rifx:00DE608C
                      00162 ;;[ICODE] ../../libsdcc_mc30/_modslong.c:35:    if iTemp3 [k7 lr7:8 so:0]{ ia0 a2p0 re0 rm0 nos0 ru0 dp0}{char fixed} == 0 goto _iffalse_0($2)
                      00163 ;;[ICODE] ../../libsdcc_mc30/_modslong.c:36:    iTemp4 [k9 lr9:10 so:0]{ ia0 a2p0 re0 rm0 nos0 ru0 dp0}{long-int fixed}[r0x1008 r0x1009 r0x100A r0x100B ] = - iTemp0 [k2 lr3:36 so:0]{ ia0 a2p0 re1 rm0 nos0 ru0 dp0}{long-int fixed}{ sir@ __modslong_a_1_2}[r0x1000 r0x1001 r0x1002 r0x1003 ]
                      00164 ;       .line   36; "../../libsdcc_mc30/_modslong.c"    return _modulong ((unsigned long)-a, (unsigned long)-b);
0019   1C00           00165         COMAR   r0x1003
001A   1580           00166         MOVRA   r0x1008
001B   1C00           00167         COMAR   r0x1002
001C   1580           00168         MOVRA   r0x1009
001D   1C00           00169         COMAR   r0x1001
001E   1580           00170         MOVRA   r0x100A
001F   1C00           00171         COMAR   r0x1000
0020   1580           00172         MOVRA   r0x100B
0021   1980           00173         INCR    r0x1008
0022   3503           00174         JBCLR   STATUS,2
0023   1980           00175         INCR    r0x1009
0024   3503           00176         JBCLR   STATUS,2
0025   1980           00177         INCR    r0x100A
0026   3503           00178         JBCLR   STATUS,2
0027   1980           00179         INCR    r0x100B
                      00180 ;;[ICODE] ../../libsdcc_mc30/_modslong.c:36:    iTemp5 [k10 lr10:14 so:0]{ ia0 a2p0 re0 rm0 nos0 ru1 dp0}{unsigned-long-int fixed}[r0x100C r0x100D r0x100E r0x100F ] = (unsigned-long-int fixed)iTemp4 [k9 lr9:10 so:0]{ ia0 a2p0 re0 rm0 nos0 ru0 dp0}{long-int fixed}[r0x1008 r0x1009 r0x100A r0x100B ]
0028   1600           00181         MOVAR   r0x1008
0029   1580           00182         MOVRA   r0x100C
002A   1600           00183         MOVAR   r0x1009
002B   1580           00184         MOVRA   r0x100D
002C   1600           00185         MOVAR   r0x100A
002D   1580           00186         MOVRA   r0x100E
002E   1600           00187         MOVAR   r0x100B
002F   1580           00188         MOVRA   r0x100F
                      00189 ;;[ICODE] ../../libsdcc_mc30/_modslong.c:36:    iTemp6 [k11 lr11:12 so:0]{ ia0 a2p0 re0 rm0 nos0 ru0 dp0}{long-int fixed}[r0x1008 r0x1009 r0x100A r0x100B ] = - iTemp1 [k4 lr4:37 so:0]{ ia0 a2p0 re1 rm0 nos0 ru0 dp0}{long-int fixed}{ sir@ __modslong_b_1_2}[r0x1004 r0x1005 r0x1006 r0x1007 ]
0030   1C00           00190         COMAR   r0x1007
0031   1580           00191         MOVRA   r0x1008
0032   1C00           00192         COMAR   r0x1006
0033   1580           00193         MOVRA   r0x1009
0034   1C00           00194         COMAR   r0x1005
0035   1580           00195         MOVRA   r0x100A
0036   1C00           00196         COMAR   r0x1004
0037   1580           00197         MOVRA   r0x100B
0038   1980           00198         INCR    r0x1008
0039   3503           00199         JBCLR   STATUS,2
003A   1980           00200         INCR    r0x1009
003B   3503           00201         JBCLR   STATUS,2
003C   1980           00202         INCR    r0x100A
003D   3503           00203         JBCLR   STATUS,2
003E   1980           00204         INCR    r0x100B
                      00205 ;;[ICODE] ../../libsdcc_mc30/_modslong.c:36:    iTemp7 [k12 lr12:14 so:0]{ ia0 a2p0 re0 rm0 nos0 ru0 dp0}{unsigned-long-int fixed}[r0x1010 r0x1011 r0x1012 r0x1013 ] = (unsigned-long-int fixed)iTemp6 [k11 lr11:12 so:0]{ ia0 a2p0 re0 rm0 nos0 ru0 dp0}{long-int fixed}[r0x1008 r0x1009 r0x100A r0x100B ]
                      00206 ;;124   MOVAR   r0x1008
                      00207 ;;126   MOVAR   r0x1009
                      00208 ;;128   MOVAR   r0x100A
                      00209 ;;130   MOVAR   r0x100B
                      00210 ;;[ICODE] ../../libsdcc_mc30/_modslong.c:36:    send iTemp5 [k10 lr10:14 so:0]{ ia0 a2p0 re0 rm0 nos0 ru1 dp0}{unsigned-long-int fixed}[r0x100C r0x100D r0x100E r0x100F ]{argreg = 1}
                      00211 ;;[ICODE] ../../libsdcc_mc30/_modslong.c:36:    send iTemp7 [k12 lr12:14 so:0]{ ia0 a2p0 re0 rm0 nos0 ru0 dp0}{unsigned-long-int fixed}[r0x1010 r0x1011 r0x1012 r0x1013 ]{argreg = 1}
                      00212 ;;[ICODE] ../../libsdcc_mc30/_modslong.c:36:    iTemp8 [k15 lr15:16 so:0]{ ia0 a2p0 re0 rm0 nos0 ru1 dp0}{unsigned-long-int fixed}[r0x1008 r0x1009 r0x100A r0x100B ] = call __modulong [k8 lr0:0 so:0]{ ia0 a2p0 re0 rm0 nos0 ru0 dp0}{unsigned-long-int function ( unsigned-long-int fixed, unsigned-long-int fixed) fixed}
                      00213 ;;123   MOVAR   r0x1010
003F   1600           00214         MOVAR   r0x1008
0040   1580           00215         MOVRA   r0x1010
0041   1580           00216         MOVRA   STK06
                      00217 ;;125   MOVAR   r0x1011
0042   1600           00218         MOVAR   r0x1009
0043   1580           00219         MOVRA   r0x1011
0044   1580           00220         MOVRA   STK05
                      00221 ;;127   MOVAR   r0x1012
0045   1600           00222         MOVAR   r0x100A
0046   1580           00223         MOVRA   r0x1012
0047   1580           00224         MOVRA   STK04
                      00225 ;;129   MOVAR   r0x1013
0048   1600           00226         MOVAR   r0x100B
0049   1580           00227         MOVRA   r0x1013
004A   1580           00228         MOVRA   STK03
004B   1600           00229         MOVAR   r0x100C
004C   1580           00230         MOVRA   STK02
004D   1600           00231         MOVAR   r0x100D
004E   1580           00232         MOVRA   STK01
004F   1600           00233         MOVAR   r0x100E
0050   1580           00234         MOVRA   STK00
0051   1600           00235         MOVAR   r0x100F
0052   2000           00236         CALL    __modulong
0053   1580           00237         MOVRA   r0x100B
0054   1600           00238         MOVAR   STK00
0055   1580           00239         MOVRA   r0x100A
0056   1600           00240         MOVAR   STK01
0057   1580           00241         MOVRA   r0x1009
0058   1600           00242         MOVAR   STK02
0059   1580           00243         MOVRA   r0x1008
                      00244 ;;[ICODE] ../../libsdcc_mc30/_modslong.c:36:    ret iTemp8 [k15 lr15:16 so:0]{ ia0 a2p0 re0 rm0 nos0 ru1 dp0}{unsigned-long-int fixed}[r0x1008 r0x1009 r0x100A r0x100B ]
005A   1600           00245         MOVAR   r0x1008
005B   1580           00246         MOVRA   STK02
005C   1600           00247         MOVAR   r0x1009
005D   1580           00248         MOVRA   STK01
005E   1600           00249         MOVAR   r0x100A
005F   1580           00250         MOVRA   STK00
0060   1600           00251         MOVAR   r0x100B
0061   2800           00252         GOTO    _00114_DS_
                      00253 ;;[ICODE] ../../libsdcc_mc30/_modslong.c:36:  _iffalse_0($2) :
                      00254 ;;[ICODE] ../../libsdcc_mc30/_modslong.c:38:    iTemp9 [k16 lr18:19 so:0]{ ia0 a2p0 re0 rm0 nos0 ru0 dp0}{long-int fixed}[r0x1008 r0x1009 r0x100A r0x100B ] = - iTemp0 [k2 lr3:36 so:0]{ ia0 a2p0 re1 rm0 nos0 ru0 dp0}{long-int fixed}{ sir@ __modslong_a_1_2}[r0x1000 r0x1001 r0x1002 r0x1003 ]
0062                  00255 _00106_DS_
                      00256 ;       .line   38; "../../libsdcc_mc30/_modslong.c"    return _modulong ((unsigned long)-a, (unsigned long)b);
0062   1C00           00257         COMAR   r0x1003
0063   1580           00258         MOVRA   r0x1008
0064   1C00           00259         COMAR   r0x1002
0065   1580           00260         MOVRA   r0x1009
0066   1C00           00261         COMAR   r0x1001
0067   1580           00262         MOVRA   r0x100A
0068   1C00           00263         COMAR   r0x1000
0069   1580           00264         MOVRA   r0x100B
006A   1980           00265         INCR    r0x1008
006B   3503           00266         JBCLR   STATUS,2
006C   1980           00267         INCR    r0x1009
006D   3503           00268         JBCLR   STATUS,2
006E   1980           00269         INCR    r0x100A
006F   3503           00270         JBCLR   STATUS,2
0070   1980           00271         INCR    r0x100B
                      00272 ;;[ICODE] ../../libsdcc_mc30/_modslong.c:38:    iTemp10 [k17 lr19:22 so:0]{ ia0 a2p0 re0 rm0 nos0 ru1 dp0}{unsigned-long-int fixed}[r0x100C r0x100D r0x100E r0x100F ] = (unsigned-long-int fixed)iTemp9 [k16 lr18:19 so:0]{ ia0 a2p0 re0 rm0 nos0 ru0 dp0}{long-int fixed}[r0x1008 r0x1009 r0x100A r0x100B ]
0071   1600           00273         MOVAR   r0x1008
0072   1580           00274         MOVRA   r0x100C
0073   1600           00275         MOVAR   r0x1009
0074   1580           00276         MOVRA   r0x100D
0075   1600           00277         MOVAR   r0x100A
0076   1580           00278         MOVRA   r0x100E
0077   1600           00279         MOVAR   r0x100B
0078   1580           00280         MOVRA   r0x100F
                      00281 ;;[ICODE] ../../libsdcc_mc30/_modslong.c:38:    iTemp11 [k18 lr20:22 so:0]{ ia0 a2p0 re0 rm0 nos0 ru0 dp0}{unsigned-long-int fixed}[r0x1008 r0x1009 r0x100A r0x100B ] = (unsigned-long-int fixed)iTemp1 [k4 lr4:37 so:0]{ ia0 a2p0 re1 rm0 nos0 ru0 dp0}{long-int fixed}{ sir@ __modslong_b_1_2}[r0x1004 r0x1005 r0x1006 r0x1007 ]
                      00282 ;;108   MOVAR   r0x1007
                      00283 ;;110   MOVAR   r0x1006
                      00284 ;;112   MOVAR   r0x1005
                      00285 ;;114   MOVAR   r0x1004
                      00286 ;;[ICODE] ../../libsdcc_mc30/_modslong.c:38:    send iTemp10 [k17 lr19:22 so:0]{ ia0 a2p0 re0 rm0 nos0 ru1 dp0}{unsigned-long-int fixed}[r0x100C r0x100D r0x100E r0x100F ]{argreg = 1}
                      00287 ;;[ICODE] ../../libsdcc_mc30/_modslong.c:38:    send iTemp11 [k18 lr20:22 so:0]{ ia0 a2p0 re0 rm0 nos0 ru0 dp0}{unsigned-long-int fixed}[r0x1008 r0x1009 r0x100A r0x100B ]{argreg = 1}
                      00288 ;;[ICODE] ../../libsdcc_mc30/_modslong.c:38:    iTemp12 [k19 lr23:24 so:0]{ ia0 a2p0 re0 rm0 nos0 ru1 dp0}{unsigned-long-int fixed}[r0x1008 r0x1009 r0x100A r0x100B ] = call __modulong [k8 lr0:0 so:0]{ ia0 a2p0 re0 rm0 nos0 ru0 dp0}{unsigned-long-int function ( unsigned-long-int fixed, unsigned-long-int fixed) fixed}
                      00289 ;;107   MOVAR   r0x1008
0079   1600           00290         MOVAR   r0x1007
007A   1580           00291         MOVRA   r0x1008
007B   1580           00292         MOVRA   STK06
                      00293 ;;109   MOVAR   r0x1009
007C   1600           00294         MOVAR   r0x1006
007D   1580           00295         MOVRA   r0x1009
007E   1580           00296         MOVRA   STK05
                      00297 ;;111   MOVAR   r0x100A
007F   1600           00298         MOVAR   r0x1005
0080   1580           00299         MOVRA   r0x100A
0081   1580           00300         MOVRA   STK04
                      00301 ;;113   MOVAR   r0x100B
0082   1600           00302         MOVAR   r0x1004
0083   1580           00303         MOVRA   r0x100B
0084   1580           00304         MOVRA   STK03
0085   1600           00305         MOVAR   r0x100C
0086   1580           00306         MOVRA   STK02
0087   1600           00307         MOVAR   r0x100D
0088   1580           00308         MOVRA   STK01
0089   1600           00309         MOVAR   r0x100E
008A   1580           00310         MOVRA   STK00
008B   1600           00311         MOVAR   r0x100F
008C   2000           00312         CALL    __modulong
008D   1580           00313         MOVRA   r0x100B
008E   1600           00314         MOVAR   STK00
008F   1580           00315         MOVRA   r0x100A
0090   1600           00316         MOVAR   STK01
0091   1580           00317         MOVRA   r0x1009
0092   1600           00318         MOVAR   STK02
0093   1580           00319         MOVRA   r0x1008
                      00320 ;;[ICODE] ../../libsdcc_mc30/_modslong.c:38:    ret iTemp12 [k19 lr23:24 so:0]{ ia0 a2p0 re0 rm0 nos0 ru1 dp0}{unsigned-long-int fixed}[r0x1008 r0x1009 r0x100A r0x100B ]
0094   1600           00321         MOVAR   r0x1008
0095   1580           00322         MOVRA   STK02
0096   1600           00323         MOVAR   r0x1009
0097   1580           00324         MOVRA   STK01
0098   1600           00325         MOVAR   r0x100A
0099   1580           00326         MOVRA   STK00
009A   1600           00327         MOVAR   r0x100B
009B   2800           00328         GOTO    _00114_DS_
                      00329 ;;[ICODE] ../../libsdcc_mc30/_modslong.c:38:  _iffalse_2($8) :
                      00330 ;;[ICODE] ../../libsdcc_mc30/_modslong.c:40:    iTemp13 [k20 lr26:27 so:0]{ ia0 a2p0 re0 rm0 nos0 ru0 dp0}{char fixed} = iTemp1 [k4 lr4:37 so:0]{ ia0 a2p0 re1 rm0 nos0 ru0 dp0}{long-int fixed}{ sir@ __modslong_b_1_2}[r0x1004 r0x1005 r0x1006 r0x1007 ] < 0x0 {long-int literal}
                      00331 ;;signed compare: left < lit(0x0=0), size=4, mask=ffffffff
009C                  00332 _00112_DS_
                      00333 ;       .line   40; "../../libsdcc_mc30/_modslong.c"    if (b < 0)
009C   3803           00334         BSET    STATUS,0
009D   3380           00335         JBSET   r0x1004,7
009E   3C03           00336         BCLR    STATUS,0
009F   3003           00337         JBSET   STATUS,0
00A0   2800           00338         GOTO    _00109_DS_
                      00339 ;;genSkipc:3195: created from rifx:00DE608C
                      00340 ;;[ICODE] ../../libsdcc_mc30/_modslong.c:40:    if iTemp13 [k20 lr26:27 so:0]{ ia0 a2p0 re0 rm0 nos0 ru0 dp0}{char fixed} == 0 goto _iffalse_1($5)
                      00341 ;;[ICODE] ../../libsdcc_mc30/_modslong.c:41:    iTemp14 [k21 lr28:32 so:0]{ ia0 a2p0 re0 rm0 nos0 ru1 dp0}{unsigned-long-int fixed}[r0x1008 r0x1009 r0x100A r0x100B ] = (unsigned-long-int fixed)iTemp0 [k2 lr3:36 so:0]{ ia0 a2p0 re1 rm0 nos0 ru0 dp0}{long-int fixed}{ sir@ __modslong_a_1_2}[r0x1000 r0x1001 r0x1002 r0x1003 ]
                      00342 ;       .line   41; "../../libsdcc_mc30/_modslong.c"    return _modulong ((unsigned long)a, (unsigned long)-b);
00A1   1600           00343         MOVAR   r0x1003
00A2   1580           00344         MOVRA   r0x1008
00A3   1600           00345         MOVAR   r0x1002
00A4   1580           00346         MOVRA   r0x1009
00A5   1600           00347         MOVAR   r0x1001
00A6   1580           00348         MOVRA   r0x100A
00A7   1600           00349         MOVAR   r0x1000
00A8   1580           00350         MOVRA   r0x100B
                      00351 ;;[ICODE] ../../libsdcc_mc30/_modslong.c:41:    iTemp15 [k22 lr29:30 so:0]{ ia0 a2p0 re0 rm0 nos0 ru0 dp0}{long-int fixed}[r0x100C r0x100D r0x100E r0x100F ] = - iTemp1 [k4 lr4:37 so:0]{ ia0 a2p0 re1 rm0 nos0 ru0 dp0}{long-int fixed}{ sir@ __modslong_b_1_2}[r0x1004 r0x1005 r0x1006 r0x1007 ]
00A9   1C00           00352         COMAR   r0x1007
00AA   1580           00353         MOVRA   r0x100C
00AB   1C00           00354         COMAR   r0x1006
00AC   1580           00355         MOVRA   r0x100D
00AD   1C00           00356         COMAR   r0x1005
00AE   1580           00357         MOVRA   r0x100E
00AF   1C00           00358         COMAR   r0x1004
00B0   1580           00359         MOVRA   r0x100F
00B1   1980           00360         INCR    r0x100C
00B2   3503           00361         JBCLR   STATUS,2
00B3   1980           00362         INCR    r0x100D
00B4   3503           00363         JBCLR   STATUS,2
00B5   1980           00364         INCR    r0x100E
00B6   3503           00365         JBCLR   STATUS,2
00B7   1980           00366         INCR    r0x100F
                      00367 ;;[ICODE] ../../libsdcc_mc30/_modslong.c:41:    iTemp16 [k23 lr30:32 so:0]{ ia0 a2p0 re0 rm0 nos0 ru0 dp0}{unsigned-long-int fixed}[r0x1010 r0x1011 r0x1012 r0x1013 ] = (unsigned-long-int fixed)iTemp15 [k22 lr29:30 so:0]{ ia0 a2p0 re0 rm0 nos0 ru0 dp0}{long-int fixed}[r0x100C r0x100D r0x100E r0x100F ]
                      00368 ;;116   MOVAR   r0x100C
                      00369 ;;118   MOVAR   r0x100D
                      00370 ;;120   MOVAR   r0x100E
                      00371 ;;122   MOVAR   r0x100F
                      00372 ;;[ICODE] ../../libsdcc_mc30/_modslong.c:41:    send iTemp14 [k21 lr28:32 so:0]{ ia0 a2p0 re0 rm0 nos0 ru1 dp0}{unsigned-long-int fixed}[r0x1008 r0x1009 r0x100A r0x100B ]{argreg = 1}
                      00373 ;;[ICODE] ../../libsdcc_mc30/_modslong.c:41:    send iTemp16 [k23 lr30:32 so:0]{ ia0 a2p0 re0 rm0 nos0 ru0 dp0}{unsigned-long-int fixed}[r0x1010 r0x1011 r0x1012 r0x1013 ]{argreg = 1}
                      00374 ;;[ICODE] ../../libsdcc_mc30/_modslong.c:41:    iTemp17 [k24 lr33:34 so:0]{ ia0 a2p0 re0 rm0 nos0 ru1 dp0}{unsigned-long-int fixed}[r0x1008 r0x1009 r0x100A r0x100B ] = call __modulong [k8 lr0:0 so:0]{ ia0 a2p0 re0 rm0 nos0 ru0 dp0}{unsigned-long-int function ( unsigned-long-int fixed, unsigned-long-int fixed) fixed}
                      00375 ;;115   MOVAR   r0x1010
00B8   1600           00376         MOVAR   r0x100C
00B9   1580           00377         MOVRA   r0x1010
00BA   1580           00378         MOVRA   STK06
                      00379 ;;117   MOVAR   r0x1011
00BB   1600           00380         MOVAR   r0x100D
00BC   1580           00381         MOVRA   r0x1011
00BD   1580           00382         MOVRA   STK05
                      00383 ;;119   MOVAR   r0x1012
00BE   1600           00384         MOVAR   r0x100E
00BF   1580           00385         MOVRA   r0x1012
00C0   1580           00386         MOVRA   STK04
                      00387 ;;121   MOVAR   r0x1013
00C1   1600           00388         MOVAR   r0x100F
00C2   1580           00389         MOVRA   r0x1013
00C3   1580           00390         MOVRA   STK03
00C4   1600           00391         MOVAR   r0x1008
00C5   1580           00392         MOVRA   STK02
00C6   1600           00393         MOVAR   r0x1009
00C7   1580           00394         MOVRA   STK01
00C8   1600           00395         MOVAR   r0x100A
00C9   1580           00396         MOVRA   STK00
00CA   1600           00397         MOVAR   r0x100B
00CB   2000           00398         CALL    __modulong
00CC   1580           00399         MOVRA   r0x100B
00CD   1600           00400         MOVAR   STK00
00CE   1580           00401         MOVRA   r0x100A
00CF   1600           00402         MOVAR   STK01
00D0   1580           00403         MOVRA   r0x1009
00D1   1600           00404         MOVAR   STK02
00D2   1580           00405         MOVRA   r0x1008
                      00406 ;;[ICODE] ../../libsdcc_mc30/_modslong.c:41:    ret iTemp17 [k24 lr33:34 so:0]{ ia0 a2p0 re0 rm0 nos0 ru1 dp0}{unsigned-long-int fixed}[r0x1008 r0x1009 r0x100A r0x100B ]
00D3   1600           00407         MOVAR   r0x1008
00D4   1580           00408         MOVRA   STK02
00D5   1600           00409         MOVAR   r0x1009
00D6   1580           00410         MOVRA   STK01
00D7   1600           00411         MOVAR   r0x100A
00D8   1580           00412         MOVRA   STK00
00D9   1600           00413         MOVAR   r0x100B
00DA   2800           00414         GOTO    _00114_DS_
                      00415 ;;[ICODE] ../../libsdcc_mc30/_modslong.c:41:  _iffalse_1($5) :
                      00416 ;;[ICODE] ../../libsdcc_mc30/_modslong.c:43:    iTemp18 [k25 lr36:39 so:0]{ ia0 a2p0 re0 rm0 nos0 ru1 dp0}{unsigned-long-int fixed}[r0x1008 r0x1009 r0x100A r0x100B ] = (unsigned-long-int fixed)iTemp0 [k2 lr3:36 so:0]{ ia0 a2p0 re1 rm0 nos0 ru0 dp0}{long-int fixed}{ sir@ __modslong_a_1_2}[r0x1000 r0x1001 r0x1002 r0x1003 ]
00DB                  00417 _00109_DS_
                      00418 ;       .line   43; "../../libsdcc_mc30/_modslong.c"    return _modulong ((unsigned long)a, (unsigned long)b);
00DB   1600           00419         MOVAR   r0x1003
00DC   1580           00420         MOVRA   r0x1008
00DD   1600           00421         MOVAR   r0x1002
00DE   1580           00422         MOVRA   r0x1009
00DF   1600           00423         MOVAR   r0x1001
00E0   1580           00424         MOVRA   r0x100A
00E1   1600           00425         MOVAR   r0x1000
00E2   1580           00426         MOVRA   r0x100B
                      00427 ;;[ICODE] ../../libsdcc_mc30/_modslong.c:43:    iTemp19 [k26 lr37:39 so:0]{ ia0 a2p0 re0 rm0 nos0 ru0 dp0}{unsigned-long-int fixed}[r0x1000 r0x1001 r0x1002 r0x1003 ] = (unsigned-long-int fixed)iTemp1 [k4 lr4:37 so:0]{ ia0 a2p0 re1 rm0 nos0 ru0 dp0}{long-int fixed}{ sir@ __modslong_b_1_2}[r0x1004 r0x1005 r0x1006 r0x1007 ]
                      00428 ;;100   MOVAR   r0x1007
                      00429 ;;102   MOVAR   r0x1006
                      00430 ;;104   MOVAR   r0x1005
                      00431 ;;106   MOVAR   r0x1004
                      00432 ;;[ICODE] ../../libsdcc_mc30/_modslong.c:43:    send iTemp18 [k25 lr36:39 so:0]{ ia0 a2p0 re0 rm0 nos0 ru1 dp0}{unsigned-long-int fixed}[r0x1008 r0x1009 r0x100A r0x100B ]{argreg = 1}
                      00433 ;;[ICODE] ../../libsdcc_mc30/_modslong.c:43:    send iTemp19 [k26 lr37:39 so:0]{ ia0 a2p0 re0 rm0 nos0 ru0 dp0}{unsigned-long-int fixed}[r0x1000 r0x1001 r0x1002 r0x1003 ]{argreg = 1}
                      00434 ;;[ICODE] ../../libsdcc_mc30/_modslong.c:43:    iTemp20 [k27 lr40:41 so:0]{ ia0 a2p0 re0 rm0 nos0 ru1 dp0}{unsigned-long-int fixed}[r0x1000 r0x1001 r0x1002 r0x1003 ] = call __modulong [k8 lr0:0 so:0]{ ia0 a2p0 re0 rm0 nos0 ru0 dp0}{unsigned-long-int function ( unsigned-long-int fixed, unsigned-long-int fixed) fixed}
                      00435 ;;99    MOVAR   r0x1003
00E3   1600           00436         MOVAR   r0x1007
00E4   1580           00437         MOVRA   r0x1003
00E5   1580           00438         MOVRA   STK06
                      00439 ;;101   MOVAR   r0x1002
00E6   1600           00440         MOVAR   r0x1006
00E7   1580           00441         MOVRA   r0x1002
00E8   1580           00442         MOVRA   STK05
                      00443 ;;103   MOVAR   r0x1001
00E9   1600           00444         MOVAR   r0x1005
00EA   1580           00445         MOVRA   r0x1001
00EB   1580           00446         MOVRA   STK04
                      00447 ;;105   MOVAR   r0x1000
00EC   1600           00448         MOVAR   r0x1004
00ED   1580           00449         MOVRA   r0x1000
00EE   1580           00450         MOVRA   STK03
00EF   1600           00451         MOVAR   r0x1008
00F0   1580           00452         MOVRA   STK02
00F1   1600           00453         MOVAR   r0x1009
00F2   1580           00454         MOVRA   STK01
00F3   1600           00455         MOVAR   r0x100A
00F4   1580           00456         MOVRA   STK00
00F5   1600           00457         MOVAR   r0x100B
00F6   2000           00458         CALL    __modulong
00F7   1580           00459         MOVRA   r0x1000
00F8   1600           00460         MOVAR   STK00
00F9   1580           00461         MOVRA   r0x1001
00FA   1600           00462         MOVAR   STK01
00FB   1580           00463         MOVRA   r0x1002
00FC   1600           00464         MOVAR   STK02
00FD   1580           00465         MOVRA   r0x1003
                      00466 ;;[ICODE] ../../libsdcc_mc30/_modslong.c:43:    ret iTemp20 [k27 lr40:41 so:0]{ ia0 a2p0 re0 rm0 nos0 ru1 dp0}{unsigned-long-int fixed}[r0x1000 r0x1001 r0x1002 r0x1003 ]
00FE   1600           00467         MOVAR   r0x1003
00FF   1580           00468         MOVRA   STK02
0100   1600           00469         MOVAR   r0x1002
0101   1580           00470         MOVRA   STK01
0102   1600           00471         MOVAR   r0x1001
0103   1580           00472         MOVRA   STK00
0104   1600           00473         MOVAR   r0x1000
                      00474 ;;[ICODE] ../../libsdcc_mc30/_modslong.c:43:  _return($10) :
                      00475 ;;[ICODE] ../../libsdcc_mc30/_modslong.c:43:    eproc __modslong [k1 lr0:0 so:0]{ ia0 a2p0 re0 rm0 nos0 ru0 dp0}{long-int function ( long-int fixed, long-int fixed) fixed}
0105                  00476 _00114_DS_
0105   000C           00477         RETURN  
                      00478 ; exit point of __modslong
                      00479 
                      00480 
                      00481 ;       code size estimation:
                      00482 ;         262+    0 =   262 instructions (  524 byte)
                      00483 
                      00484         end
gpasm-2.0.0_beta2 (Nov  6 2017)_modslong.asm      2018-1-12  13:52:59          PAGE  2


SYMBOL TABLE
  LABEL                             VALUE

BUZE                              00000005
C                                 00000000
DBLCK                             00000004
DC                                00000001
DDR0                              00000045
DDR00                             00000000
DDR01                             00000001
DDR02                             00000002
DDR03                             00000003
DDR1                              00000046
DDR10                             00000000
DDR11                             00000001
DDR12                             00000002
DDR13                             00000003
DDR14                             00000004
DDR15                             00000005
DDR16                             00000006
DDR17                             00000007
EIS                               00000006
FSR                               00000004
FSR0                              00000000
FSR1                              00000001
FSR2                              00000002
FSR3                              00000003
FSR4                              00000004
FSR5                              00000005
GIE                               00000007
INDF                              00000000
INDF0                             00000000
INDF1                             00000001
INDF2                             00000002
INDF3                             00000003
INDF4                             00000004
INDF5                             00000005
INDF6                             00000006
INDF7                             00000007
INTECON                           0000000E
INTFLAG                           0000000F
INTIE                             00000002
INTIF                             00000002
INTOM                             00000006
KBIE                              00000001
KBIF                              00000001
KBIM                              00000009
KBIM0                             00000000
KBIM1                             00000001
KBIM2                             00000002
KBIM3                             00000003
KBIM4                             00000004
KBIM5                             00000005
KBIM6                             00000006
KBIM7                             00000007
LVDEN                             00000000
LVDF                              00000005
LVDSEL0                           00000001
LVDSEL1                           00000002
LVDSEL2                           00000003
LVDSEL3                           00000004
MCR                               00000008
ODCON                             0000000C
P0                                00000005
P00D                              00000000
P00PD                             00000000
P01D                              00000001
P01PD                             00000001
P02D                              00000002
P02PD                             00000002
P03D                              00000003
P03PD                             00000003
P1                                00000006
P10D                              00000000
P10OD                             00000000
P10PD                             00000004
P10PU                             00000000
P11D                              00000001
P11OD                             00000001
P11PD                             00000005
P11PU                             00000001
P12D                              00000002
P12OD                             00000002
P12PD                             00000006
P12PU                             00000002
P13D                              00000003
P13PU                             00000003
P14D                              00000004
P14OD                             00000004
P14PU                             00000004
P15D                              00000005
P15OD                             00000005
P15PU                             00000005
P16D                              00000006
P16OD                             00000006
P16PU                             00000006
P17D                              00000007
P17OD                             00000007
P17PU                             00000007
PC0                               00000000
PC1                               00000001
PC2                               00000002
PC3                               00000003
PC4                               00000004
PC5                               00000005
PC6                               00000006
PC7                               00000007
PCH0                              00000000
PCH1                              00000001
PCL                               00000002
PCLATH                            0000000A
PD                                00000003
PDCON                             0000000B
PMW0OE                            00000007
PMW1E                             00000001
PUCON                             0000000D
PWM0E                             00000006
PWM1OE                            00000006
PWM2E                             00000000
PWM2OE                            00000005
PWMCR                             00000048
PWMINV                            00000002
PWMMD                             00000003
RST                               00000007
STATUS                            00000003
STK00                             00000000
STK01                             00000000
STK02                             00000000
STK03                             00000000
STK04                             00000000
STK05                             00000000
STK06                             00000000
T0C0                              00000000
T0C1                              00000001
T0C2                              00000002
T0C3                              00000003
T0C4                              00000004
T0C5                              00000005
T0C6                              00000006
T0C7                              00000007
T0CNT                             00000001
T0CR                              00000041
T0IE                              00000000
T0IF                              00000000
T0PR0                             00000000
T0PR1                             00000001
T0PR2                             00000002
T0PTA                             00000003
T0PTS                             00000005
T0SE                              00000004
T1C0                              00000000
T1C1                              00000001
T1C2                              00000002
T1C3                              00000003
T1C4                              00000004
T1C5                              00000005
T1C6                              00000006
T1C7                              00000007
T1CNT                             0000004D
T1CR                              0000004C
T1DAT0                            0000004F
T1DAT00                           00000000
T1DAT01                           00000001
T1DAT02                           00000002
T1DAT03                           00000003
T1DAT04                           00000004
T1DAT05                           00000005
T1DAT06                           00000006
T1DAT07                           00000007
T1DAT1                            00000049
T1DAT10                           00000000
T1DAT11                           00000001
T1DAT12                           00000002
T1DAT13                           00000003
T1DAT14                           00000004
T1DAT15                           00000005
T1DAT16                           00000006
T1DAT17                           00000007
T1DAT2                            0000004A
T1DAT20                           00000000
T1DAT21                           00000001
T1DAT22                           00000002
T1DAT23                           00000003
T1DAT24                           00000004
T1DAT25                           00000005
T1DAT26                           00000006
T1DAT27                           00000007
T1IE                              00000001
T1IF                              00000000
T1LOAD                            0000004E
T1LOAD0                           00000000
T1LOAD1                           00000001
T1LOAD2                           00000002
T1LOAD3                           00000003
T1LOAD4                           00000004
T1LOAD5                           00000005
T1LOAD6                           00000006
T1LOAD7                           00000007
T1PR0                             00000000
T1PR1                             00000001
T1PR2                             00000002
T1PTS0                            00000003
T1PTS1                            00000004
TBS                               00000007
TC1EN                             00000007
TM0CR                             0000004B
TO                                00000004
WDTEN                             00000007
Z                                 00000002
_00106_DS_                        00000062
_00109_DS_                        000000DB
_00112_DS_                        0000009C
_00114_DS_                        00000105
_CONFIG0                          00002000
_CONFIG1                          00002001
__30P011                          00000001
__modslong                        00000000
__modulong                        00000000
r0x1000                           00000003
r0x1001                           00000002
r0x1002                           00000001
r0x1003                           00000000
r0x1004                           00000007
r0x1005                           00000006
r0x1006                           00000005
r0x1007                           00000004
r0x1008                           00000008
r0x1009                           00000009
r0x100A                           0000000A
r0x100B                           0000000B
r0x100C                           0000000C
r0x100D                           0000000D
r0x100E                           0000000E
r0x100F                           0000000F
r0x1010                           00000010
r0x1011                           00000011
r0x1012                           00000012
r0x1013                           00000013

Errors   :     0
Warnings :     0 reported,     0 suppressed
Messages :     0 reported,     0 suppressed

