gpasm-2.0.0_beta2 (Nov  6 2017)fs2slong.asm       2018-1-12  13:52:51          PAGE  1


LOC  OBJECT CODE     LINE SOURCE TEXT
  VALUE

                      00001 ;--------------------------------------------------------
                      00002 ; File Created by SN-SDCC : SinoMCU ANSI-C Compiler
                      00003 ; Version 1.1.0 (Dec 19 2017) (MINGW32)
                      00004 ; This file was generated Fri Jan 12 13:52:51 2018
                      00005 ;--------------------------------------------------------
                      00006 ; MC30 port for the RISC core
                      00007 ;--------------------------------------------------------
                      00008 ;       .file   "../../libsdcc_mc30/fs2slong.c"
                      00009         list    p=0311
                      00010         radix dec
                      00011         include "0311.inc"
                      00001                 LIST
                      00002 ;mc30p6080.inc    Standard Header File, Version 1.00 by Sinomcu
                      00326                 LIST
                      00012 ;--------------------------------------------------------
                      00013 ; external declarations
                      00014 ;--------------------------------------------------------
                      00015         extern  ___uchar2fs
                      00016         extern  ___schar2fs
                      00017         extern  ___uint2fs
                      00018         extern  ___sint2fs
                      00019         extern  ___ulong2fs
                      00020         extern  ___slong2fs
                      00021         extern  ___fs2uchar
                      00022         extern  ___fs2schar
                      00023         extern  ___fs2uint
                      00024         extern  ___fs2sint
                      00025         extern  ___fs2ulong
                      00026         extern  ___fsadd
                      00027         extern  ___fssub
                      00028         extern  ___fsmul
                      00029         extern  ___fsdiv
                      00030         extern  ___fslt
                      00031         extern  ___fseq
                      00032         extern  ___fsneq
                      00033         extern  ___fsgt
                      00034 
                      00035         extern STK06
                      00036         extern STK05
                      00037         extern STK04
                      00038         extern STK03
                      00039         extern STK02
                      00040         extern STK01
                      00041         extern STK00
                      00042 ;--------------------------------------------------------
                      00043 ; global declarations
                      00044 ;--------------------------------------------------------
                      00045         global  ___fs2slong
                      00046 
                      00047 ;--------------------------------------------------------
                      00048 ; global definitions
                      00049 ;--------------------------------------------------------
                      00050 ;--------------------------------------------------------
                      00051 ; absolute symbol definitions
                      00052 ;--------------------------------------------------------
                      00053 ;--------------------------------------------------------
                      00054 ; compiler-defined variables
                      00055 ;--------------------------------------------------------
                      00056 UDL_fs2slong_0  udata
0000                  00057 r0x1003 res     1
0000                  00058 r0x1002 res     1
0001                  00059 r0x1001 res     1
0001                  00060 r0x1000 res     1
0002                  00061 r0x1004 res     1
0002                  00062 r0x1007 res     1
0003                  00063 r0x1006 res     1
0003                  00064 r0x1005 res     1
                      00065 ;--------------------------------------------------------
                      00066 ; initialized data
                      00067 ;--------------------------------------------------------
                      00068 
                      00069 ;@Allocation info for local variables in function '__fs2slong'
                      00070 ;@__fs2slong __uchar2fs                Allocated to registers ;size:2
                      00071 ;@__fs2slong __schar2fs                Allocated to registers ;size:2
                      00072 ;@__fs2slong __uint2fs                 Allocated to registers ;size:2
                      00073 ;@__fs2slong __sint2fs                 Allocated to registers ;size:2
                      00074 ;@__fs2slong __ulong2fs                Allocated to registers ;size:2
                      00075 ;@__fs2slong __slong2fs                Allocated to registers ;size:2
                      00076 ;@__fs2slong __fs2uchar                Allocated to registers ;size:2
                      00077 ;@__fs2slong __fs2schar                Allocated to registers ;size:2
                      00078 ;@__fs2slong __fs2uint                 Allocated to registers ;size:2
                      00079 ;@__fs2slong __fs2sint                 Allocated to registers ;size:2
                      00080 ;@__fs2slong __fs2ulong                Allocated to registers ;size:2
                      00081 ;@__fs2slong __fsadd                   Allocated to registers ;size:2
                      00082 ;@__fs2slong __fssub                   Allocated to registers ;size:2
                      00083 ;@__fs2slong __fsmul                   Allocated to registers ;size:2
                      00084 ;@__fs2slong __fsdiv                   Allocated to registers ;size:2
                      00085 ;@__fs2slong __fslt                    Allocated to registers ;size:2
                      00086 ;@__fs2slong __fseq                    Allocated to registers ;size:2
                      00087 ;@__fs2slong __fsneq                   Allocated to registers ;size:2
                      00088 ;@__fs2slong __fsgt                    Allocated to registers ;size:2
                      00089 ;@__fs2slong __fslt                    Allocated to registers ;size:2
                      00090 ;@__fs2slong f                         Allocated to registers r0x1003 r0x1002 r0x1001 r0x1000 ;size:4
                      00091 ;@end Allocation info for local variables in function '__fs2slong';
                      00092 
                      00093 ;--------------------------------------------------------
                      00094 ; overlayable items in internal ram 
                      00095 ;--------------------------------------------------------
                      00096 ;       udata_ovr
                      00097 ;--------------------------------------------------------
                      00098 ; code
                      00099 ;--------------------------------------------------------
                      00100 code_fs2slong   code
                      00101 ;***
                      00102 ;  pBlock Stats: dbName = C
                      00103 ;***
                      00104 ;entry:  ___fs2slong    ;Function start
                      00105 ; 2 exit points
                      00106 ;has an exit
                      00107 ;functions called:
                      00108 ;   ___fslt
                      00109 ;   ___fs2ulong
                      00110 ;   ___fs2ulong
                      00111 ;   ___fslt
                      00112 ;   ___fs2ulong
                      00113 ;   ___fs2ulong
                      00114 ;15 compiler assigned registers:
                      00115 ;   r0x1000
                      00116 ;   STK00
                      00117 ;   r0x1001
                      00118 ;   STK01
                      00119 ;   r0x1002
                      00120 ;   STK02
                      00121 ;   r0x1003
                      00122 ;   STK06
                      00123 ;   STK05
                      00124 ;   STK04
                      00125 ;   STK03
                      00126 ;   r0x1004
                      00127 ;   r0x1005
                      00128 ;   r0x1006
                      00129 ;   r0x1007
                      00130 ;; Starting pCode block
                      00131 ;;[ICODE] ../../libsdcc_mc30/fs2slong.c:33:  _entry($7) :
                      00132 ;;[ICODE] ../../libsdcc_mc30/fs2slong.c:33:     proc ___fs2slong [k1 lr0:0 so:0]{ ia0 a2p0 re0 rm0 nos0 ru0 dp0}{long-int function ( float fixed) fixed}
0000                  00133 ___fs2slong     ;Function start
                      00134 ; 2 exit points
                      00135 ;;[ICODE] ../../libsdcc_mc30/fs2slong.c:33: iTemp0 [k2 lr3:17 so:0]{ ia0 a2p0 re1 rm0 nos0 ru0 dp0}{float fixed}{ sir@ ___fs2slong_f_1_21}[r0x1000 r0x1001 r0x1002 r0x1003 ] = recv ___fs2slong [k1 lr0:0 so:0]{ ia0 a2p0 re0 rm0 nos0 ru0 dp0}{long-int function ( float fixed) fixed}
                      00136 ;       .line   33; "../../libsdcc_mc30/fs2slong.c"     signed long __fs2slong (float f) _FS_REENTRANT
0000   1580           00137         MOVRA   r0x1000
0001   1600           00138         MOVAR   STK00
0002   1580           00139         MOVRA   r0x1001
0003   1600           00140         MOVAR   STK01
0004   1580           00141         MOVRA   r0x1002
0005   1600           00142         MOVAR   STK02
0006   1580           00143         MOVRA   r0x1003
                      00144 ;;[ICODE] ../../libsdcc_mc30/fs2slong.c:36:     if iTemp0 [k2 lr3:17 so:0]{ ia0 a2p0 re1 rm0 nos0 ru0 dp0}{float fixed}{ sir@ ___fs2slong_f_1_21}[r0x1000 r0x1001 r0x1002 r0x1003 ] != 0 goto _iffalse_0($2)
                      00145 ;       .line   36; "../../libsdcc_mc30/fs2slong.c"     if (!f)
0007   1600           00146         MOVAR   r0x1003
0008   1700           00147         ORAR    r0x1002
0009   1700           00148         ORAR    r0x1001
000A   1700           00149         ORAR    r0x1000
000B   3103           00150         JBSET   STATUS,2
000C   2800           00151         GOTO    _00106_DS_
                      00152 ;;[ICODE] ../../libsdcc_mc30/fs2slong.c:37:     ret 0x0 {long-int literal}
                      00153 ;       .line   37; "../../libsdcc_mc30/fs2slong.c"     return 0;
000D   0B00           00154         MOVAI   0x00
000E   1580           00155         MOVRA   STK02
000F   0B00           00156         MOVAI   0x00
0010   1580           00157         MOVRA   STK01
0011   0B00           00158         MOVAI   0x00
0012   1580           00159         MOVRA   STK00
0013   0B00           00160         MOVAI   0x00
0014   2800           00161         GOTO    _00110_DS_
                      00162 ;;[ICODE] ../../libsdcc_mc30/fs2slong.c:37:  _iffalse_0($2) :
                      00163 ;;[ICODE] ../../libsdcc_mc30/fs2slong.c:39:     send iTemp0 [k2 lr3:17 so:0]{ ia0 a2p0 re1 rm0 nos0 ru0 dp0}{float fixed}{ sir@ ___fs2slong_f_1_21}[r0x1000 r0x1001 r0x1002 r0x1003 ]{argreg = 1}
                      00164 ;;[ICODE] ../../libsdcc_mc30/fs2slong.c:39:     send 0 {float literal}{argreg = 1}
                      00165 ;;[ICODE] ../../libsdcc_mc30/fs2slong.c:39:     iTemp1 [k4 lr9:10 so:0]{ ia0 a2p0 re0 rm0 nos0 ru0 dp0}{char fixed}[r0x1004 ] = call ___fslt [k11 lr0:0 so:0]{ ia0 a2p0 re0 rm0 nos0 ru0 dp0}{char function ( float fixed, float fixed) fixed}
0015                  00166 _00106_DS_
                      00167 ;       .line   39; "../../libsdcc_mc30/fs2slong.c"     if (f<0) {
0015   0B00           00168         MOVAI   0x00
0016   1580           00169         MOVRA   STK06
0017   0B00           00170         MOVAI   0x00
0018   1580           00171         MOVRA   STK05
0019   0B00           00172         MOVAI   0x00
001A   1580           00173         MOVRA   STK04
001B   0B00           00174         MOVAI   0x00
001C   1580           00175         MOVRA   STK03
001D   1600           00176         MOVAR   r0x1003
001E   1580           00177         MOVRA   STK02
001F   1600           00178         MOVAR   r0x1002
0020   1580           00179         MOVRA   STK01
0021   1600           00180         MOVAR   r0x1001
0022   1580           00181         MOVRA   STK00
0023   1600           00182         MOVAR   r0x1000
0024   2000           00183         CALL    ___fslt
0025   1580           00184         MOVRA   r0x1004
                      00185 ;;[ICODE] ../../libsdcc_mc30/fs2slong.c:39:     if iTemp1 [k4 lr9:10 so:0]{ ia0 a2p0 re0 rm0 nos0 ru0 dp0}{char fixed}[r0x1004 ] == 0 goto _iffalse_1($4)
0026   0B00           00186         MOVAI   0x00
0027   1700           00187         ORAR    r0x1004
0028   3503           00188         JBCLR   STATUS,2
0029   2800           00189         GOTO    _00108_DS_
                      00190 ;;[ICODE] ../../libsdcc_mc30/fs2slong.c:40:     iTemp2 [k6 lr11:12 so:0]{ ia0 a2p0 re0 rm0 nos0 ru1 dp0}{float fixed}[r0x1004 r0x1005 r0x1006 r0x1007 ] = - iTemp0 [k2 lr3:17 so:0]{ ia0 a2p0 re1 rm0 nos0 ru0 dp0}{float fixed}{ sir@ ___fs2slong_f_1_21}[r0x1000 r0x1001 r0x1002 r0x1003 ]
                      00191 ;       .line   40; "../../libsdcc_mc30/fs2slong.c"     return -__fs2ulong(-f);
002A   1600           00192         MOVAR   r0x1000
002B   0880           00193         XORAI   0x80
002C   1580           00194         MOVRA   r0x1005
                      00195 ;;104   MOVAR   r0x1001
                      00196 ;;102   MOVAR   r0x1002
                      00197 ;;100   MOVAR   r0x1003
                      00198 ;;[ICODE] ../../libsdcc_mc30/fs2slong.c:40:     send iTemp2 [k6 lr11:12 so:0]{ ia0 a2p0 re0 rm0 nos0 ru1 dp0}{float fixed}[r0x1004 r0x1005 r0x1006 r0x1007 ]{argreg = 1}
                      00199 ;;[ICODE] ../../libsdcc_mc30/fs2slong.c:40:     iTemp3 [k8 lr13:14 so:0]{ ia0 a2p0 re0 rm0 nos0 ru0 dp0}{unsigned-long-int fixed}[r0x1004 r0x1005 r0x1006 r0x1007 ] = call ___fs2ulong [k5 lr0:0 so:0]{ ia0 a2p0 re0 rm0 nos0 ru0 dp0}{unsigned-long-int function ( float fixed) fixed}
                      00200 ;;99    MOVAR   r0x1004
002D   1600           00201         MOVAR   r0x1003
002E   1580           00202         MOVRA   r0x1004
002F   1580           00203         MOVRA   STK02
                      00204 ;;101   MOVAR   r0x1007
0030   1600           00205         MOVAR   r0x1002
0031   1580           00206         MOVRA   r0x1007
0032   1580           00207         MOVRA   STK01
                      00208 ;;103   MOVAR   r0x1006
0033   1600           00209         MOVAR   r0x1001
0034   1580           00210         MOVRA   r0x1006
0035   1580           00211         MOVRA   STK00
0036   1600           00212         MOVAR   r0x1005
0037   2000           00213         CALL    ___fs2ulong
0038   1580           00214         MOVRA   r0x1005
0039   1600           00215         MOVAR   STK00
003A   1580           00216         MOVRA   r0x1006
003B   1600           00217         MOVAR   STK01
003C   1580           00218         MOVRA   r0x1007
003D   1600           00219         MOVAR   STK02
003E   1580           00220         MOVRA   r0x1004
                      00221 ;;[ICODE] ../../libsdcc_mc30/fs2slong.c:40:     iTemp4 [k9 lr14:15 so:0]{ ia0 a2p0 re0 rm0 nos0 ru1 dp0}{unsigned-long-int fixed}[r0x1004 r0x1005 r0x1006 r0x1007 ] = - iTemp3 [k8 lr13:14 so:0]{ ia0 a2p0 re0 rm0 nos0 ru0 dp0}{unsigned-long-int fixed}[r0x1004 r0x1005 r0x1006 r0x1007 ]
003F   1C80           00222         COMR    r0x1004
0040   1C80           00223         COMR    r0x1007
0041   1C80           00224         COMR    r0x1006
0042   1C80           00225         COMR    r0x1005
0043   1980           00226         INCR    r0x1004
0044   3503           00227         JBCLR   STATUS,2
0045   1980           00228         INCR    r0x1007
0046   3503           00229         JBCLR   STATUS,2
0047   1980           00230         INCR    r0x1006
0048   3503           00231         JBCLR   STATUS,2
0049   1980           00232         INCR    r0x1005
                      00233 ;;[ICODE] ../../libsdcc_mc30/fs2slong.c:40:     ret iTemp4 [k9 lr14:15 so:0]{ ia0 a2p0 re0 rm0 nos0 ru1 dp0}{unsigned-long-int fixed}[r0x1004 r0x1005 r0x1006 r0x1007 ]
004A   1600           00234         MOVAR   r0x1004
004B   1580           00235         MOVRA   STK02
004C   1600           00236         MOVAR   r0x1007
004D   1580           00237         MOVRA   STK01
004E   1600           00238         MOVAR   r0x1006
004F   1580           00239         MOVRA   STK00
0050   1600           00240         MOVAR   r0x1005
0051   2800           00241         GOTO    _00110_DS_
                      00242 ;;[ICODE] ../../libsdcc_mc30/fs2slong.c:40:  _iffalse_1($4) :
                      00243 ;;[ICODE] ../../libsdcc_mc30/fs2slong.c:42:     send iTemp0 [k2 lr3:17 so:0]{ ia0 a2p0 re1 rm0 nos0 ru0 dp0}{float fixed}{ sir@ ___fs2slong_f_1_21}[r0x1000 r0x1001 r0x1002 r0x1003 ]{argreg = 1}
                      00244 ;;[ICODE] ../../libsdcc_mc30/fs2slong.c:42:     iTemp5 [k10 lr18:19 so:0]{ ia0 a2p0 re0 rm0 nos0 ru1 dp0}{unsigned-long-int fixed}[r0x1000 r0x1001 r0x1002 r0x1003 ] = call ___fs2ulong [k5 lr0:0 so:0]{ ia0 a2p0 re0 rm0 nos0 ru0 dp0}{unsigned-long-int function ( float fixed) fixed}
0052                  00245 _00108_DS_
                      00246 ;       .line   42; "../../libsdcc_mc30/fs2slong.c"     return __fs2ulong(f);
0052   1600           00247         MOVAR   r0x1003
0053   1580           00248         MOVRA   STK02
0054   1600           00249         MOVAR   r0x1002
0055   1580           00250         MOVRA   STK01
0056   1600           00251         MOVAR   r0x1001
0057   1580           00252         MOVRA   STK00
0058   1600           00253         MOVAR   r0x1000
0059   2000           00254         CALL    ___fs2ulong
005A   1580           00255         MOVRA   r0x1000
005B   1600           00256         MOVAR   STK00
005C   1580           00257         MOVRA   r0x1001
005D   1600           00258         MOVAR   STK01
005E   1580           00259         MOVRA   r0x1002
005F   1600           00260         MOVAR   STK02
0060   1580           00261         MOVRA   r0x1003
                      00262 ;;[ICODE] ../../libsdcc_mc30/fs2slong.c:42:     ret iTemp5 [k10 lr18:19 so:0]{ ia0 a2p0 re0 rm0 nos0 ru1 dp0}{unsigned-long-int fixed}[r0x1000 r0x1001 r0x1002 r0x1003 ]
0061   1600           00263         MOVAR   r0x1003
0062   1580           00264         MOVRA   STK02
0063   1600           00265         MOVAR   r0x1002
0064   1580           00266         MOVRA   STK01
0065   1600           00267         MOVAR   r0x1001
0066   1580           00268         MOVRA   STK00
0067   1600           00269         MOVAR   r0x1000
                      00270 ;;[ICODE] ../../libsdcc_mc30/fs2slong.c:42:  _return($6) :
                      00271 ;;[ICODE] ../../libsdcc_mc30/fs2slong.c:42:     eproc ___fs2slong [k1 lr0:0 so:0]{ ia0 a2p0 re0 rm0 nos0 ru0 dp0}{long-int function ( float fixed) fixed}
0068                  00272 _00110_DS_
0068   000C           00273         RETURN  
                      00274 ; exit point of ___fs2slong
                      00275 
                      00276 
                      00277 ;       code size estimation:
                      00278 ;         105+    0 =   105 instructions (  210 byte)
                      00279 
                      00280         end
gpasm-2.0.0_beta2 (Nov  6 2017)fs2slong.asm       2018-1-12  13:52:51          PAGE  2


SYMBOL TABLE
  LABEL                             VALUE

BUZE                              00000005
C                                 00000000
DBLCK                             00000004
DC                                00000001
DDR0                              00000045
DDR00                             00000000
DDR01                             00000001
DDR02                             00000002
DDR03                             00000003
DDR1                              00000046
DDR10                             00000000
DDR11                             00000001
DDR12                             00000002
DDR13                             00000003
DDR14                             00000004
DDR15                             00000005
DDR16                             00000006
DDR17                             00000007
EIS                               00000006
FSR                               00000004
FSR0                              00000000
FSR1                              00000001
FSR2                              00000002
FSR3                              00000003
FSR4                              00000004
FSR5                              00000005
GIE                               00000007
INDF                              00000000
INDF0                             00000000
INDF1                             00000001
INDF2                             00000002
INDF3                             00000003
INDF4                             00000004
INDF5                             00000005
INDF6                             00000006
INDF7                             00000007
INTECON                           0000000E
INTFLAG                           0000000F
INTIE                             00000002
INTIF                             00000002
INTOM                             00000006
KBIE                              00000001
KBIF                              00000001
KBIM                              00000009
KBIM0                             00000000
KBIM1                             00000001
KBIM2                             00000002
KBIM3                             00000003
KBIM4                             00000004
KBIM5                             00000005
KBIM6                             00000006
KBIM7                             00000007
LVDEN                             00000000
LVDF                              00000005
LVDSEL0                           00000001
LVDSEL1                           00000002
LVDSEL2                           00000003
LVDSEL3                           00000004
MCR                               00000008
ODCON                             0000000C
P0                                00000005
P00D                              00000000
P00PD                             00000000
P01D                              00000001
P01PD                             00000001
P02D                              00000002
P02PD                             00000002
P03D                              00000003
P03PD                             00000003
P1                                00000006
P10D                              00000000
P10OD                             00000000
P10PD                             00000004
P10PU                             00000000
P11D                              00000001
P11OD                             00000001
P11PD                             00000005
P11PU                             00000001
P12D                              00000002
P12OD                             00000002
P12PD                             00000006
P12PU                             00000002
P13D                              00000003
P13PU                             00000003
P14D                              00000004
P14OD                             00000004
P14PU                             00000004
P15D                              00000005
P15OD                             00000005
P15PU                             00000005
P16D                              00000006
P16OD                             00000006
P16PU                             00000006
P17D                              00000007
P17OD                             00000007
P17PU                             00000007
PC0                               00000000
PC1                               00000001
PC2                               00000002
PC3                               00000003
PC4                               00000004
PC5                               00000005
PC6                               00000006
PC7                               00000007
PCH0                              00000000
PCH1                              00000001
PCL                               00000002
PCLATH                            0000000A
PD                                00000003
PDCON                             0000000B
PMW0OE                            00000007
PMW1E                             00000001
PUCON                             0000000D
PWM0E                             00000006
PWM1OE                            00000006
PWM2E                             00000000
PWM2OE                            00000005
PWMCR                             00000048
PWMINV                            00000002
PWMMD                             00000003
RST                               00000007
STATUS                            00000003
STK00                             00000000
STK01                             00000000
STK02                             00000000
STK03                             00000000
STK04                             00000000
STK05                             00000000
STK06                             00000000
T0C0                              00000000
T0C1                              00000001
T0C2                              00000002
T0C3                              00000003
T0C4                              00000004
T0C5                              00000005
T0C6                              00000006
T0C7                              00000007
T0CNT                             00000001
T0CR                              00000041
T0IE                              00000000
T0IF                              00000000
T0PR0                             00000000
T0PR1                             00000001
T0PR2                             00000002
T0PTA                             00000003
T0PTS                             00000005
T0SE                              00000004
T1C0                              00000000
T1C1                              00000001
T1C2                              00000002
T1C3                              00000003
T1C4                              00000004
T1C5                              00000005
T1C6                              00000006
T1C7                              00000007
T1CNT                             0000004D
T1CR                              0000004C
T1DAT0                            0000004F
T1DAT00                           00000000
T1DAT01                           00000001
T1DAT02                           00000002
T1DAT03                           00000003
T1DAT04                           00000004
T1DAT05                           00000005
T1DAT06                           00000006
T1DAT07                           00000007
T1DAT1                            00000049
T1DAT10                           00000000
T1DAT11                           00000001
T1DAT12                           00000002
T1DAT13                           00000003
T1DAT14                           00000004
T1DAT15                           00000005
T1DAT16                           00000006
T1DAT17                           00000007
T1DAT2                            0000004A
T1DAT20                           00000000
T1DAT21                           00000001
T1DAT22                           00000002
T1DAT23                           00000003
T1DAT24                           00000004
T1DAT25                           00000005
T1DAT26                           00000006
T1DAT27                           00000007
T1IE                              00000001
T1IF                              00000000
T1LOAD                            0000004E
T1LOAD0                           00000000
T1LOAD1                           00000001
T1LOAD2                           00000002
T1LOAD3                           00000003
T1LOAD4                           00000004
T1LOAD5                           00000005
T1LOAD6                           00000006
T1LOAD7                           00000007
T1PR0                             00000000
T1PR1                             00000001
T1PR2                             00000002
T1PTS0                            00000003
T1PTS1                            00000004
TBS                               00000007
TC1EN                             00000007
TM0CR                             0000004B
TO                                00000004
WDTEN                             00000007
Z                                 00000002
_00106_DS_                        00000015
_00108_DS_                        00000052
_00110_DS_                        00000068
_CONFIG0                          00002000
_CONFIG1                          00002001
__30P011                          00000001
___fs2schar                       00000000
___fs2sint                        00000000
___fs2slong                       00000000
___fs2uchar                       00000000
___fs2uint                        00000000
___fs2ulong                       00000000
___fsadd                          00000000
___fsdiv                          00000000
___fseq                           00000000
___fsgt                           00000000
___fslt                           00000000
___fsmul                          00000000
___fsneq                          00000000
___fssub                          00000000
___schar2fs                       00000000
___sint2fs                        00000000
___slong2fs                       00000000
___uchar2fs                       00000000
___uint2fs                        00000000
___ulong2fs                       00000000
r0x1000                           00000003
r0x1001                           00000002
r0x1002                           00000001
r0x1003                           00000000
r0x1004                           00000004
r0x1005                           00000007
r0x1006                           00000006
r0x1007                           00000005

Errors   :     0
Warnings :     0 reported,     0 suppressed
Messages :     0 reported,     0 suppressed

