gpasm-2.0.0_beta2 (Nov  6 2017)fs2schar.asm       2018-1-12  13:52:50          PAGE  1


LOC  OBJECT CODE     LINE SOURCE TEXT
  VALUE

                      00001 ;--------------------------------------------------------
                      00002 ; File Created by SN-SDCC : SinoMCU ANSI-C Compiler
                      00003 ; Version 1.1.0 (Dec 19 2017) (MINGW32)
                      00004 ; This file was generated Fri Jan 12 13:52:50 2018
                      00005 ;--------------------------------------------------------
                      00006 ; MC30 port for the RISC core
                      00007 ;--------------------------------------------------------
                      00008 ;       .file   "../../libsdcc_mc30/fs2schar.c"
                      00009         list    p=0311
                      00010         radix dec
                      00011         include "0311.inc"
                      00001                 LIST
                      00002 ;mc30p6080.inc    Standard Header File, Version 1.00 by Sinomcu
                      00326                 LIST
                      00012 ;--------------------------------------------------------
                      00013 ; external declarations
                      00014 ;--------------------------------------------------------
                      00015         extern  ___uchar2fs
                      00016         extern  ___schar2fs
                      00017         extern  ___uint2fs
                      00018         extern  ___sint2fs
                      00019         extern  ___ulong2fs
                      00020         extern  ___slong2fs
                      00021         extern  ___fs2uchar
                      00022         extern  ___fs2uint
                      00023         extern  ___fs2sint
                      00024         extern  ___fs2ulong
                      00025         extern  ___fs2slong
                      00026         extern  ___fsadd
                      00027         extern  ___fssub
                      00028         extern  ___fsmul
                      00029         extern  ___fsdiv
                      00030         extern  ___fslt
                      00031         extern  ___fseq
                      00032         extern  ___fsneq
                      00033         extern  ___fsgt
                      00034 
                      00035         extern STK06
                      00036         extern STK05
                      00037         extern STK04
                      00038         extern STK03
                      00039         extern STK02
                      00040         extern STK01
                      00041         extern STK00
                      00042 ;--------------------------------------------------------
                      00043 ; global declarations
                      00044 ;--------------------------------------------------------
                      00045         global  ___fs2schar
                      00046 
                      00047 ;--------------------------------------------------------
                      00048 ; global definitions
                      00049 ;--------------------------------------------------------
                      00050 ;--------------------------------------------------------
                      00051 ; absolute symbol definitions
                      00052 ;--------------------------------------------------------
                      00053 ;--------------------------------------------------------
                      00054 ; compiler-defined variables
                      00055 ;--------------------------------------------------------
                      00056 UDL_fs2schar_0  udata
0000                  00057 r0x1003 res     1
0000                  00058 r0x1002 res     1
0001                  00059 r0x1001 res     1
0001                  00060 r0x1000 res     1
                      00061 ;--------------------------------------------------------
                      00062 ; initialized data
                      00063 ;--------------------------------------------------------
                      00064 
                      00065 ;@Allocation info for local variables in function '__fs2schar'
                      00066 ;@__fs2schar __uchar2fs                Allocated to registers ;size:2
                      00067 ;@__fs2schar __schar2fs                Allocated to registers ;size:2
                      00068 ;@__fs2schar __uint2fs                 Allocated to registers ;size:2
                      00069 ;@__fs2schar __sint2fs                 Allocated to registers ;size:2
                      00070 ;@__fs2schar __ulong2fs                Allocated to registers ;size:2
                      00071 ;@__fs2schar __slong2fs                Allocated to registers ;size:2
                      00072 ;@__fs2schar __fs2uchar                Allocated to registers ;size:2
                      00073 ;@__fs2schar __fs2uint                 Allocated to registers ;size:2
                      00074 ;@__fs2schar __fs2sint                 Allocated to registers ;size:2
                      00075 ;@__fs2schar __fs2ulong                Allocated to registers ;size:2
                      00076 ;@__fs2schar __fs2slong                Allocated to registers ;size:2
                      00077 ;@__fs2schar __fsadd                   Allocated to registers ;size:2
                      00078 ;@__fs2schar __fssub                   Allocated to registers ;size:2
                      00079 ;@__fs2schar __fsmul                   Allocated to registers ;size:2
                      00080 ;@__fs2schar __fsdiv                   Allocated to registers ;size:2
                      00081 ;@__fs2schar __fslt                    Allocated to registers ;size:2
                      00082 ;@__fs2schar __fseq                    Allocated to registers ;size:2
                      00083 ;@__fs2schar __fsneq                   Allocated to registers ;size:2
                      00084 ;@__fs2schar __fsgt                    Allocated to registers ;size:2
                      00085 ;@__fs2schar f                         Allocated to registers r0x1003 r0x1002 r0x1001 r0x1000 ;size:4
                      00086 ;@__fs2schar sl                        Allocated to registers r0x1003 r0x1002 r0x1001 r0x1000 ;size:4
                      00087 ;@end Allocation info for local variables in function '__fs2schar';
                      00088 
                      00089 ;--------------------------------------------------------
                      00090 ; overlayable items in internal ram 
                      00091 ;--------------------------------------------------------
                      00092 ;       udata_ovr
                      00093 ;--------------------------------------------------------
                      00094 ; code
                      00095 ;--------------------------------------------------------
                      00096 code_fs2schar   code
                      00097 ;***
                      00098 ;  pBlock Stats: dbName = C
                      00099 ;***
                      00100 ;entry:  ___fs2schar    ;Function start
                      00101 ; 2 exit points
                      00102 ;has an exit
                      00103 ;functions called:
                      00104 ;   ___fs2slong
                      00105 ;   ___fs2slong
                      00106 ;8 compiler assigned registers:
                      00107 ;   r0x1000
                      00108 ;   STK00
                      00109 ;   r0x1001
                      00110 ;   STK01
                      00111 ;   r0x1002
                      00112 ;   STK02
                      00113 ;   r0x1003
                      00114 ;   r0x1004
                      00115 ;; Starting pCode block
                      00116 ;;[ICODE] ../../libsdcc_mc30/fs2schar.c:33:  _entry($6) :
                      00117 ;;[ICODE] ../../libsdcc_mc30/fs2schar.c:33:     proc ___fs2schar [k1 lr0:0 so:0]{ ia0 a2p0 re0 rm0 nos0 ru0 dp0}{char function ( float fixed) fixed}
0000                  00118 ___fs2schar     ;Function start
                      00119 ; 2 exit points
                      00120 ;;[ICODE] ../../libsdcc_mc30/fs2schar.c:33: iTemp0 [k2 lr3:4 so:0]{ ia0 a2p0 re1 rm0 nos0 ru1 dp0}{float fixed}{ sir@ ___fs2schar_f_1_21}[r0x1000 r0x1001 r0x1002 r0x1003 ] = recv ___fs2schar [k1 lr0:0 so:0]{ ia0 a2p0 re0 rm0 nos0 ru0 dp0}{char function ( float fixed) fixed}
                      00121 ;       .line   33; "../../libsdcc_mc30/fs2schar.c"     signed char __fs2schar (float f) _FS_REENTRANT
0000   1580           00122         MOVRA   r0x1000
0001   1600           00123         MOVAR   STK00
0002   1580           00124         MOVRA   r0x1001
0003   1600           00125         MOVAR   STK01
0004   1580           00126         MOVRA   r0x1002
0005   1600           00127         MOVAR   STK02
0006   1580           00128         MOVRA   r0x1003
                      00129 ;;[ICODE] ../../libsdcc_mc30/fs2schar.c:35:     send iTemp0 [k2 lr3:4 so:0]{ ia0 a2p0 re1 rm0 nos0 ru1 dp0}{float fixed}{ sir@ ___fs2schar_f_1_21}[r0x1000 r0x1001 r0x1002 r0x1003 ]{argreg = 1}
                      00130 ;;[ICODE] ../../libsdcc_mc30/fs2schar.c:35:     iTemp1 [k4 lr5:15 so:0]{ ia0 a2p0 re1 rm0 nos0 ru0 dp0}{long-int fixed}{ sir@ ___fs2schar_sl_1_22}[r0x1000 r0x1001 r0x1002 r0x1003 ] = call ___fs2slong [k6 lr0:0 so:0]{ ia0 a2p0 re0 rm0 nos0 ru0 dp0}{long-int function ( float fixed) fixed}
                      00131 ;       .line   35; "../../libsdcc_mc30/fs2schar.c"     signed long sl=__fs2slong(f);
0007   1600           00132         MOVAR   r0x1003
0008   1580           00133         MOVRA   STK02
0009   1600           00134         MOVAR   r0x1002
000A   1580           00135         MOVRA   STK01
000B   1600           00136         MOVAR   r0x1001
000C   1580           00137         MOVRA   STK00
000D   1600           00138         MOVAR   r0x1000
000E   2000           00139         CALL    ___fs2slong
000F   1580           00140         MOVRA   r0x1000
0010   1600           00141         MOVAR   STK00
0011   1580           00142         MOVRA   r0x1001
0012   1600           00143         MOVAR   STK01
0013   1580           00144         MOVRA   r0x1002
0014   1600           00145         MOVAR   STK02
0015   1580           00146         MOVRA   r0x1003
                      00147 ;;[ICODE] ../../libsdcc_mc30/fs2schar.c:36:     iTemp3 [k9 lr7:8 so:0]{ ia0 a2p0 re0 rm0 nos0 ru0 dp0}{char fixed} = iTemp1 [k4 lr5:15 so:0]{ ia0 a2p0 re1 rm0 nos0 ru0 dp0}{long-int fixed}{ sir@ ___fs2schar_sl_1_22}[r0x1000 r0x1001 r0x1002 r0x1003 ] < 0x7f {long-int literal}
                      00148 ;;signed compare: left < lit(0x7F=127), size=4, mask=ffffffff
                      00149 ;       .line   36; "../../libsdcc_mc30/fs2schar.c"     if (sl>=SCHAR_MAX)
0016   1600           00150         MOVAR   r0x1000
0017   0E80           00151         ADDAI   0x80
0018   0E80           00152         ADDAI   0x80
0019   3103           00153         JBSET   STATUS,2
001A   2800           00154         GOTO    _00115_DS_
001B   0B00           00155         MOVAI   0x00
001C   1200           00156         RSUBAR  r0x1001
001D   3103           00157         JBSET   STATUS,2
001E   2800           00158         GOTO    _00115_DS_
001F   0B00           00159         MOVAI   0x00
0020   1200           00160         RSUBAR  r0x1002
0021   3103           00161         JBSET   STATUS,2
0022   2800           00162         GOTO    _00115_DS_
0023   0B7F           00163         MOVAI   0x7f
0024   1200           00164         RSUBAR  r0x1003
0025                  00165 _00115_DS_
0025   3003           00166         JBSET   STATUS,0
0026   2800           00167         GOTO    _00106_DS_
                      00168 ;;genSkipc:3195: created from rifx:00DE608C
                      00169 ;;[ICODE] ../../libsdcc_mc30/fs2schar.c:36:     if iTemp3 [k9 lr7:8 so:0]{ ia0 a2p0 re0 rm0 nos0 ru0 dp0}{char fixed} != 0 goto _iffalse_0($2)
                      00170 ;;[ICODE] ../../libsdcc_mc30/fs2schar.c:37:     ret 0x7f {const-unsigned-char literal}
                      00171 ;       .line   37; "../../libsdcc_mc30/fs2schar.c"     return SCHAR_MAX;
0027   0B7F           00172         MOVAI   0x7f
0028   2800           00173         GOTO    _00109_DS_
                      00174 ;;[ICODE] ../../libsdcc_mc30/fs2schar.c:37:  _iffalse_0($2) :
                      00175 ;;[ICODE] ../../libsdcc_mc30/fs2schar.c:38:     iTemp4 [k10 lr11:12 so:0]{ ia0 a2p0 re0 rm0 nos0 ru0 dp0}{char fixed} = iTemp1 [k4 lr5:15 so:0]{ ia0 a2p0 re1 rm0 nos0 ru0 dp0}{long-int fixed}{ sir@ ___fs2schar_sl_1_22}[r0x1000 r0x1001 r0x1002 r0x1003 ] > 0xffffff80 {long-int literal}
                      00176 ;;swapping arguments (AOP_TYPEs 1/2)
                      00177 ;;signed compare: left >= lit(0xFFFFFF81=-127), size=4, mask=ffffffff
0029                  00178 _00106_DS_
                      00179 ;       .line   38; "../../libsdcc_mc30/fs2schar.c"     if (sl<=SCHAR_MIN)
0029   1600           00180         MOVAR   r0x1000
002A   0E80           00181         ADDAI   0x80
002B   0E81           00182         ADDAI   0x81
002C   3103           00183         JBSET   STATUS,2
002D   2800           00184         GOTO    _00116_DS_
002E   0BFF           00185         MOVAI   0xff
002F   1200           00186         RSUBAR  r0x1001
0030   3103           00187         JBSET   STATUS,2
0031   2800           00188         GOTO    _00116_DS_
0032   0BFF           00189         MOVAI   0xff
0033   1200           00190         RSUBAR  r0x1002
0034   3103           00191         JBSET   STATUS,2
0035   2800           00192         GOTO    _00116_DS_
0036   0B81           00193         MOVAI   0x81
0037   1200           00194         RSUBAR  r0x1003
0038                  00195 _00116_DS_
0038   3403           00196         JBCLR   STATUS,0
0039   2800           00197         GOTO    _00108_DS_
                      00198 ;;genSkipc:3195: created from rifx:00DE608C
                      00199 ;;[ICODE] ../../libsdcc_mc30/fs2schar.c:38:     if iTemp4 [k10 lr11:12 so:0]{ ia0 a2p0 re0 rm0 nos0 ru0 dp0}{char fixed} != 0 goto _iffalse_1($4)
                      00200 ;;[ICODE] ../../libsdcc_mc30/fs2schar.c:39:     ret 0x80 {const-unsigned-char literal}
                      00201 ;       .line   39; "../../libsdcc_mc30/fs2schar.c"     return -SCHAR_MIN;
003A   0B80           00202         MOVAI   0x80
003B   2800           00203         GOTO    _00109_DS_
                      00204 ;;[ICODE] ../../libsdcc_mc30/fs2schar.c:39:  _iffalse_1($4) :
                      00205 ;;[ICODE] ../../libsdcc_mc30/fs2schar.c:40:     iTemp5 [k11 lr15:16 so:0]{ ia0 a2p0 re0 rm0 nos0 ru1 dp0}{char fixed}[r0x1004 ] = (char fixed)iTemp1 [k4 lr5:15 so:0]{ ia0 a2p0 re1 rm0 nos0 ru0 dp0}{long-int fixed}{ sir@ ___fs2schar_sl_1_22}[r0x1000 r0x1001 r0x1002 r0x1003 ]
                      00206 ;;101   MOVAR   r0x1003
                      00207 ;;99    MOVRA   r0x1004
                      00208 ;;[ICODE] ../../libsdcc_mc30/fs2schar.c:40:     ret iTemp5 [k11 lr15:16 so:0]{ ia0 a2p0 re0 rm0 nos0 ru1 dp0}{char fixed}[r0x1004 ]
                      00209 ;;100   MOVAR   r0x1004
003C                  00210 _00108_DS_
                      00211 ;       .line   40; "../../libsdcc_mc30/fs2schar.c"     return sl;
003C   1600           00212         MOVAR   r0x1003
                      00213 ;;[ICODE] ../../libsdcc_mc30/fs2schar.c:40:  _return($5) :
                      00214 ;;[ICODE] ../../libsdcc_mc30/fs2schar.c:40:     eproc ___fs2schar [k1 lr0:0 so:0]{ ia0 a2p0 re0 rm0 nos0 ru0 dp0}{char function ( float fixed) fixed}
003D                  00215 _00109_DS_
003D   000C           00216         RETURN  
                      00217 ; exit point of ___fs2schar
                      00218 
                      00219 
                      00220 ;       code size estimation:
                      00221 ;          62+    0 =    62 instructions (  124 byte)
                      00222 
                      00223         end
gpasm-2.0.0_beta2 (Nov  6 2017)fs2schar.asm       2018-1-12  13:52:50          PAGE  2


SYMBOL TABLE
  LABEL                             VALUE

BUZE                              00000005
C                                 00000000
DBLCK                             00000004
DC                                00000001
DDR0                              00000045
DDR00                             00000000
DDR01                             00000001
DDR02                             00000002
DDR03                             00000003
DDR1                              00000046
DDR10                             00000000
DDR11                             00000001
DDR12                             00000002
DDR13                             00000003
DDR14                             00000004
DDR15                             00000005
DDR16                             00000006
DDR17                             00000007
EIS                               00000006
FSR                               00000004
FSR0                              00000000
FSR1                              00000001
FSR2                              00000002
FSR3                              00000003
FSR4                              00000004
FSR5                              00000005
GIE                               00000007
INDF                              00000000
INDF0                             00000000
INDF1                             00000001
INDF2                             00000002
INDF3                             00000003
INDF4                             00000004
INDF5                             00000005
INDF6                             00000006
INDF7                             00000007
INTECON                           0000000E
INTFLAG                           0000000F
INTIE                             00000002
INTIF                             00000002
INTOM                             00000006
KBIE                              00000001
KBIF                              00000001
KBIM                              00000009
KBIM0                             00000000
KBIM1                             00000001
KBIM2                             00000002
KBIM3                             00000003
KBIM4                             00000004
KBIM5                             00000005
KBIM6                             00000006
KBIM7                             00000007
LVDEN                             00000000
LVDF                              00000005
LVDSEL0                           00000001
LVDSEL1                           00000002
LVDSEL2                           00000003
LVDSEL3                           00000004
MCR                               00000008
ODCON                             0000000C
P0                                00000005
P00D                              00000000
P00PD                             00000000
P01D                              00000001
P01PD                             00000001
P02D                              00000002
P02PD                             00000002
P03D                              00000003
P03PD                             00000003
P1                                00000006
P10D                              00000000
P10OD                             00000000
P10PD                             00000004
P10PU                             00000000
P11D                              00000001
P11OD                             00000001
P11PD                             00000005
P11PU                             00000001
P12D                              00000002
P12OD                             00000002
P12PD                             00000006
P12PU                             00000002
P13D                              00000003
P13PU                             00000003
P14D                              00000004
P14OD                             00000004
P14PU                             00000004
P15D                              00000005
P15OD                             00000005
P15PU                             00000005
P16D                              00000006
P16OD                             00000006
P16PU                             00000006
P17D                              00000007
P17OD                             00000007
P17PU                             00000007
PC0                               00000000
PC1                               00000001
PC2                               00000002
PC3                               00000003
PC4                               00000004
PC5                               00000005
PC6                               00000006
PC7                               00000007
PCH0                              00000000
PCH1                              00000001
PCL                               00000002
PCLATH                            0000000A
PD                                00000003
PDCON                             0000000B
PMW0OE                            00000007
PMW1E                             00000001
PUCON                             0000000D
PWM0E                             00000006
PWM1OE                            00000006
PWM2E                             00000000
PWM2OE                            00000005
PWMCR                             00000048
PWMINV                            00000002
PWMMD                             00000003
RST                               00000007
STATUS                            00000003
STK00                             00000000
STK01                             00000000
STK02                             00000000
STK03                             00000000
STK04                             00000000
STK05                             00000000
STK06                             00000000
T0C0                              00000000
T0C1                              00000001
T0C2                              00000002
T0C3                              00000003
T0C4                              00000004
T0C5                              00000005
T0C6                              00000006
T0C7                              00000007
T0CNT                             00000001
T0CR                              00000041
T0IE                              00000000
T0IF                              00000000
T0PR0                             00000000
T0PR1                             00000001
T0PR2                             00000002
T0PTA                             00000003
T0PTS                             00000005
T0SE                              00000004
T1C0                              00000000
T1C1                              00000001
T1C2                              00000002
T1C3                              00000003
T1C4                              00000004
T1C5                              00000005
T1C6                              00000006
T1C7                              00000007
T1CNT                             0000004D
T1CR                              0000004C
T1DAT0                            0000004F
T1DAT00                           00000000
T1DAT01                           00000001
T1DAT02                           00000002
T1DAT03                           00000003
T1DAT04                           00000004
T1DAT05                           00000005
T1DAT06                           00000006
T1DAT07                           00000007
T1DAT1                            00000049
T1DAT10                           00000000
T1DAT11                           00000001
T1DAT12                           00000002
T1DAT13                           00000003
T1DAT14                           00000004
T1DAT15                           00000005
T1DAT16                           00000006
T1DAT17                           00000007
T1DAT2                            0000004A
T1DAT20                           00000000
T1DAT21                           00000001
T1DAT22                           00000002
T1DAT23                           00000003
T1DAT24                           00000004
T1DAT25                           00000005
T1DAT26                           00000006
T1DAT27                           00000007
T1IE                              00000001
T1IF                              00000000
T1LOAD                            0000004E
T1LOAD0                           00000000
T1LOAD1                           00000001
T1LOAD2                           00000002
T1LOAD3                           00000003
T1LOAD4                           00000004
T1LOAD5                           00000005
T1LOAD6                           00000006
T1LOAD7                           00000007
T1PR0                             00000000
T1PR1                             00000001
T1PR2                             00000002
T1PTS0                            00000003
T1PTS1                            00000004
TBS                               00000007
TC1EN                             00000007
TM0CR                             0000004B
TO                                00000004
WDTEN                             00000007
Z                                 00000002
_00106_DS_                        00000029
_00108_DS_                        0000003C
_00109_DS_                        0000003D
_00115_DS_                        00000025
_00116_DS_                        00000038
_CONFIG0                          00002000
_CONFIG1                          00002001
__30P011                          00000001
___fs2schar                       00000000
___fs2sint                        00000000
___fs2slong                       00000000
___fs2uchar                       00000000
___fs2uint                        00000000
___fs2ulong                       00000000
___fsadd                          00000000
___fsdiv                          00000000
___fseq                           00000000
___fsgt                           00000000
___fslt                           00000000
___fsmul                          00000000
___fsneq                          00000000
___fssub                          00000000
___schar2fs                       00000000
___sint2fs                        00000000
___slong2fs                       00000000
___uchar2fs                       00000000
___uint2fs                        00000000
___ulong2fs                       00000000
r0x1000                           00000003
r0x1001                           00000002
r0x1002                           00000001
r0x1003                           00000000

Errors   :     0
Warnings :     0 reported,     0 suppressed
Messages :     0 reported,     0 suppressed

