gpasm-2.0.0_beta2 (Nov  6 2017)fsadd.asm          2018-1-12  13:52:53          PAGE  1


LOC  OBJECT CODE     LINE SOURCE TEXT
  VALUE

                      00001 ;--------------------------------------------------------
                      00002 ; File Created by SN-SDCC : SinoMCU ANSI-C Compiler
                      00003 ; Version 1.1.0 (Dec 19 2017) (MINGW32)
                      00004 ; This file was generated Fri Jan 12 13:52:53 2018
                      00005 ;--------------------------------------------------------
                      00006 ; MC30 port for the RISC core
                      00007 ;--------------------------------------------------------
                      00008 ;       .file   "../../libsdcc_mc30/fsadd.c"
                      00009         list    p=0311
                      00010         radix dec
                      00011         include "0311.inc"
                      00001                 LIST
                      00002 ;mc30p6080.inc    Standard Header File, Version 1.00 by Sinomcu
                      00326                 LIST
                      00012 ;--------------------------------------------------------
                      00013 ; external declarations
                      00014 ;--------------------------------------------------------
                      00015         extern  ___uchar2fs
                      00016         extern  ___schar2fs
                      00017         extern  ___uint2fs
                      00018         extern  ___sint2fs
                      00019         extern  ___ulong2fs
                      00020         extern  ___slong2fs
                      00021         extern  ___fs2uchar
                      00022         extern  ___fs2schar
                      00023         extern  ___fs2uint
                      00024         extern  ___fs2sint
                      00025         extern  ___fs2ulong
                      00026         extern  ___fs2slong
                      00027         extern  ___fssub
                      00028         extern  ___fsmul
                      00029         extern  ___fsdiv
                      00030         extern  ___fslt
                      00031         extern  ___fseq
                      00032         extern  ___fsneq
                      00033         extern  ___fsgt
                      00034 
                      00035         extern STK06
                      00036         extern STK05
                      00037         extern STK04
                      00038         extern STK03
                      00039         extern STK02
                      00040         extern STK01
                      00041         extern STK00
                      00042 ;--------------------------------------------------------
                      00043 ; global declarations
                      00044 ;--------------------------------------------------------
                      00045         global  ___fsadd
                      00046 
                      00047 ;--------------------------------------------------------
                      00048 ; global definitions
                      00049 ;--------------------------------------------------------
                      00050 ;--------------------------------------------------------
                      00051 ; absolute symbol definitions
                      00052 ;--------------------------------------------------------
                      00053 ;--------------------------------------------------------
                      00054 ; compiler-defined variables
                      00055 ;--------------------------------------------------------
                      00056 UDL_fsadd_0     udata
0000                  00057 r0x100B res     1
0000                  00058 r0x100A res     1
0001                  00059 r0x1009 res     1
0001                  00060 r0x1008 res     1
0002                  00061 r0x100F res     1
0002                  00062 r0x100E res     1
0003                  00063 r0x100D res     1
0003                  00064 r0x100C res     1
0004                  00065 r0x1010 res     1
0004                  00066 r0x1011 res     1
0005                  00067 r0x1012 res     1
0005                  00068 r0x1013 res     1
0006                  00069 r0x1014 res     1
0006                  00070 r0x1015 res     1
0007                  00071 r0x1016 res     1
0007                  00072 r0x1017 res     1
0008                  00073 r0x1018 res     1
0008                  00074 r0x1019 res     1
0009                  00075 r0x101A res     1
0009                  00076 r0x101B res     1
000A                  00077 r0x101C res     1
000A                  00078 r0x101D res     1
000B                  00079 r0x101E res     1
000B                  00080 r0x101F res     1
000C                  00081 ___fsadd_fl1_1_22       res     4
000E                  00082 ___fsadd_fl2_1_22       res     4
                      00083 ;--------------------------------------------------------
                      00084 ; initialized data
                      00085 ;--------------------------------------------------------
                      00086 
                      00087 ;@Allocation info for local variables in function '__fsadd'
                      00088 ;@__fsadd __uchar2fs                Allocated to registers ;size:2
                      00089 ;@__fsadd __schar2fs                Allocated to registers ;size:2
                      00090 ;@__fsadd __uint2fs                 Allocated to registers ;size:2
                      00091 ;@__fsadd __sint2fs                 Allocated to registers ;size:2
                      00092 ;@__fsadd __ulong2fs                Allocated to registers ;size:2
                      00093 ;@__fsadd __slong2fs                Allocated to registers ;size:2
                      00094 ;@__fsadd __fs2uchar                Allocated to registers ;size:2
                      00095 ;@__fsadd __fs2schar                Allocated to registers ;size:2
                      00096 ;@__fsadd __fs2uint                 Allocated to registers ;size:2
                      00097 ;@__fsadd __fs2sint                 Allocated to registers ;size:2
                      00098 ;@__fsadd __fs2ulong                Allocated to registers ;size:2
                      00099 ;@__fsadd __fs2slong                Allocated to registers ;size:2
                      00100 ;@__fsadd __fssub                   Allocated to registers ;size:2
                      00101 ;@__fsadd __fsmul                   Allocated to registers ;size:2
                      00102 ;@__fsadd __fsdiv                   Allocated to registers ;size:2
                      00103 ;@__fsadd __fslt                    Allocated to registers ;size:2
                      00104 ;@__fsadd __fseq                    Allocated to registers ;size:2
                      00105 ;@__fsadd __fsneq                   Allocated to registers ;size:2
                      00106 ;@__fsadd __fsgt                    Allocated to registers ;size:2
                      00107 ;@__fsadd a2                        Allocated to registers r0x100F r0x100E r0x100D r0x100C ;size:4
                      00108 ;@__fsadd a1                        Allocated to registers r0x100B r0x100A r0x1009 r0x1008 ;size:4
                      00109 ;@__fsadd fl1                       Allocated to registers ;size:4
                      00110 ;@__fsadd fl2                       Allocated to registers ;size:4
                      00111 ;@__fsadd mant1                     Allocated to registers r0x100B r0x100A r0x1014 r0x1015 ;size:4
                      00112 ;@__fsadd mant2                     Allocated to registers r0x1016 r0x1017 r0x1018 r0x1019 ;size:4
                      00113 ;@__fsadd exp1                      Allocated to registers r0x100F r0x100E ;size:2
                      00114 ;@__fsadd exp2                      Allocated to registers r0x100D r0x100C ;size:2
                      00115 ;@__fsadd sign                      Allocated to registers r0x1010 r0x1011 r0x1012 r0x1013 ;size:4
                      00116 ;@end Allocation info for local variables in function '__fsadd';
                      00117 
                      00118 ;--------------------------------------------------------
                      00119 ; overlayable items in internal ram 
                      00120 ;--------------------------------------------------------
                      00121 ;       udata_ovr
                      00122 ;--------------------------------------------------------
                      00123 ; code
                      00124 ;--------------------------------------------------------
                      00125 code_fsadd      code
                      00126 ;***
                      00127 ;  pBlock Stats: dbName = C
                      00128 ;***
                      00129 ;entry:  ___fsadd       ;Function start
                      00130 ; 2 exit points
                      00131 ;has an exit
                      00132 ;31 compiler assigned registers:
                      00133 ;   r0x1008
                      00134 ;   STK00
                      00135 ;   r0x1009
                      00136 ;   STK01
                      00137 ;   r0x100A
                      00138 ;   STK02
                      00139 ;   r0x100B
                      00140 ;   STK03
                      00141 ;   r0x100C
                      00142 ;   STK04
                      00143 ;   r0x100D
                      00144 ;   STK05
                      00145 ;   r0x100E
                      00146 ;   STK06
                      00147 ;   r0x100F
                      00148 ;   r0x1010
                      00149 ;   r0x1011
                      00150 ;   r0x1012
                      00151 ;   r0x1013
                      00152 ;   r0x1014
                      00153 ;   r0x1015
                      00154 ;   r0x1016
                      00155 ;   r0x1017
                      00156 ;   r0x1018
                      00157 ;   r0x1019
                      00158 ;   r0x101A
                      00159 ;   r0x101B
                      00160 ;   r0x101C
                      00161 ;   r0x101D
                      00162 ;   r0x101E
                      00163 ;   r0x101F
                      00164 ;; Starting pCode block
                      00165 ;;[ICODE] ../../libsdcc_mc30/fsadd.c:53:  _entry($30) :
                      00166 ;;[ICODE] ../../libsdcc_mc30/fsadd.c:53:        proc ___fsadd [k1 lr0:0 so:0]{ ia0 a2p0 re0 rm0 nos0 ru0 dp0}{float function ( float fixed, float fixed) fixed}
0000                  00167 ___fsadd        ;Function start
                      00168 ; 2 exit points
                      00169 ;;[ICODE] ../../libsdcc_mc30/fsadd.c:53: iTemp0 [k2 lr3:7 so:0]{ ia0 a2p0 re1 rm0 nos0 ru0 dp0}{float fixed}{ sir@ ___fsadd_a1_1_21}[r0x1000 r0x1001 r0x1002 r0x1003 ] = recv ___fsadd [k1 lr0:0 so:0]{ ia0 a2p0 re0 rm0 nos0 ru0 dp0}{float function ( float fixed, float fixed) fixed}
                      00170 ;       .line   53; "../../libsdcc_mc30/fsadd.c"        float __fsadd (float a1, float a2) _FS_REENTRANT
0000   1580           00171         MOVRA   r0x1008
0001   1600           00172         MOVAR   STK00
0002   1580           00173         MOVRA   r0x1009
0003   1600           00174         MOVAR   STK01
0004   1580           00175         MOVRA   r0x100A
0005   1600           00176         MOVAR   STK02
0006   1580           00177         MOVRA   (___fsadd_fl1_1_22 + 0)
0007   1580           00178         MOVRA   r0x100B
                      00179 ;;[ICODE] ../../libsdcc_mc30/fsadd.c:53: iTemp1 [k4 lr4:9 so:0]{ ia0 a2p0 re1 rm0 nos0 ru0 dp0}{float fixed}{ sir@ ___fsadd_a2_1_21}[r0x1004 r0x1005 r0x1006 r0x1007 ] = recv ___fsadd [k1 lr0:0 so:0]{ ia0 a2p0 re0 rm0 nos0 ru0 dp0}{float function ( float fixed, float fixed) fixed}
0008   1600           00180         MOVAR   STK03
0009   1580           00181         MOVRA   r0x100C
000A   1600           00182         MOVAR   STK04
000B   1580           00183         MOVRA   r0x100D
000C   1600           00184         MOVAR   STK05
000D   1580           00185         MOVRA   r0x100E
000E   1600           00186         MOVAR   STK06
000F   1580           00187         MOVRA   (___fsadd_fl2_1_22 + 0)
0010   1580           00188         MOVRA   r0x100F
                      00189 ;;[ICODE] ../../libsdcc_mc30/fsadd.c:58:        iTemp2 [k6 lr5:130 so:0]{ ia0 a2p0 re1 rm0 nos0 ru0 dp0}{unsigned-long-int fixed}{ sir@ ___fsadd_sign_1_22}[r0x1008 r0x1009 r0x100A r0x100B ] := 0x0 {unsigned-long-int literal}
                      00190 ;       .line   58; "../../libsdcc_mc30/fsadd.c"        unsigned long sign = 0;
0011   1D80           00191         CLRR    r0x1010
0012   1D80           00192         CLRR    r0x1011
0013   1D80           00193         CLRR    r0x1012
0014   1D80           00194         CLRR    r0x1013
                      00195 ;;[ICODE] ../../libsdcc_mc30/fsadd.c:60:        iTemp3 [k9 lr6:7 so:0]{ ia0 a2p0 re0 rm1 nos0 ru0 dp0}{volatile-float near* fixed}[remat] = &[___fsadd_fl1_1_22 [k8 lr0:0 so:0]{ ia0 a2p0 re0 rm0 nos0 ru0 dp0}{volatile-struct float_long fixed}]
                      00196 ;;[ICODE] ../../libsdcc_mc30/fsadd.c:60:        *(iTemp3 [k9 lr6:7 so:0]{ ia1 a2p0 re0 rm1 nos0 ru0 dp0}{volatile-float near* fixed}[remat]) := iTemp0 [k2 lr3:7 so:0]{ ia0 a2p0 re1 rm0 nos0 ru0 dp0}{float fixed}{ sir@ ___fsadd_a1_1_21}[r0x1000 r0x1001 r0x1002 r0x1003 ]
                      00197 ;;gen.c:6374: size=3/4, offset=0, AOP_TYPE(res)=8
                      00198 ;;117   MOVAR   r0x100B
                      00199 ;;gen.c:6374: size=2/4, offset=1, AOP_TYPE(res)=8
                      00200 ;       .line   60; "../../libsdcc_mc30/fsadd.c"        fl1.f = a1;
0015   1600           00201         MOVAR   r0x100A
0016   1580           00202         MOVRA   (___fsadd_fl1_1_22 + 1)
                      00203 ;;gen.c:6374: size=1/4, offset=2, AOP_TYPE(res)=8
0017   1600           00204         MOVAR   r0x1009
0018   1580           00205         MOVRA   (___fsadd_fl1_1_22 + 2)
                      00206 ;;gen.c:6374: size=0/4, offset=3, AOP_TYPE(res)=8
0019   1600           00207         MOVAR   r0x1008
001A   1580           00208         MOVRA   (___fsadd_fl1_1_22 + 3)
                      00209 ;;[ICODE] ../../libsdcc_mc30/fsadd.c:61:        iTemp5 [k13 lr8:9 so:0]{ ia0 a2p0 re0 rm1 nos0 ru0 dp0}{volatile-float near* fixed}[remat] = &[___fsadd_fl2_1_22 [k12 lr0:0 so:0]{ ia0 a2p0 re0 rm0 nos0 ru0 dp0}{volatile-struct float_long fixed}]
                      00210 ;;[ICODE] ../../libsdcc_mc30/fsadd.c:61:        *(iTemp5 [k13 lr8:9 so:0]{ ia1 a2p0 re0 rm1 nos0 ru0 dp0}{volatile-float near* fixed}[remat]) := iTemp1 [k4 lr4:9 so:0]{ ia0 a2p0 re1 rm0 nos0 ru0 dp0}{float fixed}{ sir@ ___fsadd_a2_1_21}[r0x1004 r0x1005 r0x1006 r0x1007 ]
                      00211 ;;gen.c:6374: size=3/4, offset=0, AOP_TYPE(res)=8
                      00212 ;;118   MOVAR   r0x100F
                      00213 ;;gen.c:6374: size=2/4, offset=1, AOP_TYPE(res)=8
                      00214 ;       .line   61; "../../libsdcc_mc30/fsadd.c"        fl2.f = a2;
001B   1600           00215         MOVAR   r0x100E
001C   1580           00216         MOVRA   (___fsadd_fl2_1_22 + 1)
                      00217 ;;gen.c:6374: size=1/4, offset=2, AOP_TYPE(res)=8
001D   1600           00218         MOVAR   r0x100D
001E   1580           00219         MOVRA   (___fsadd_fl2_1_22 + 2)
                      00220 ;;gen.c:6374: size=0/4, offset=3, AOP_TYPE(res)=8
001F   1600           00221         MOVAR   r0x100C
0020   1580           00222         MOVRA   (___fsadd_fl2_1_22 + 3)
                      00223 ;;[ICODE] ../../libsdcc_mc30/fsadd.c:64:        iTemp7 [k16 lr10:11 so:0]{ ia0 a2p0 re0 rm1 nos0 ru0 dp0}{volatile-unsigned-long-int near* fixed}[remat] = &[___fsadd_fl1_1_22 [k8 lr0:0 so:0]{ ia0 a2p0 re0 rm0 nos0 ru0 dp0}{volatile-struct float_long fixed}]
                      00224 ;;[ICODE] ../../libsdcc_mc30/fsadd.c:64:        iTemp9 [k19 lr11:12 so:0]{ ia0 a2p0 re0 rm0 nos0 ru0 dp0}{volatile-unsigned-long-int fixed}[r0x1000 r0x1001 r0x1002 r0x1003 ] = @[iTemp7 [k16 lr10:11 so:0]{ ia1 a2p0 re0 rm1 nos0 ru0 dp0}{volatile-unsigned-long-int near* fixed}[remat] + 0x0 {const-unsigned-char literal}]
                      00225 ;       .line   64; "../../libsdcc_mc30/fsadd.c"        if (!fl1.l)
0021   1600           00226         MOVAR   (___fsadd_fl1_1_22 + 0)
0022   1580           00227         MOVRA   r0x100B
0023   1600           00228         MOVAR   (___fsadd_fl1_1_22 + 1)
0024   1580           00229         MOVRA   r0x100A
0025   1600           00230         MOVAR   (___fsadd_fl1_1_22 + 2)
0026   1580           00231         MOVRA   r0x1009
0027   1600           00232         MOVAR   (___fsadd_fl1_1_22 + 3)
0028   1580           00233         MOVRA   r0x1008
                      00234 ;;[ICODE] ../../libsdcc_mc30/fsadd.c:64:        if iTemp9 [k19 lr11:12 so:0]{ ia0 a2p0 re0 rm0 nos0 ru0 dp0}{volatile-unsigned-long-int fixed}[r0x1000 r0x1001 r0x1002 r0x1003 ] != 0 goto _iffalse_0($2)
0029   1600           00235         MOVAR   r0x100B
002A   1700           00236         ORAR    r0x100A
002B   1700           00237         ORAR    r0x1009
002C   1700           00238         ORAR    r0x1008
002D   3103           00239         JBSET   STATUS,2
002E   2800           00240         GOTO    _00106_DS_
                      00241 ;;[ICODE] ../../libsdcc_mc30/fsadd.c:65:        iTemp10 [k20 lr13:14 so:0]{ ia0 a2p0 re0 rm1 nos0 ru0 dp0}{volatile-float near* fixed}[remat] = &[___fsadd_fl2_1_22 [k12 lr0:0 so:0]{ ia0 a2p0 re0 rm0 nos0 ru0 dp0}{volatile-struct float_long fixed}]
                      00242 ;;[ICODE] ../../libsdcc_mc30/fsadd.c:65:        iTemp12 [k23 lr14:15 so:0]{ ia0 a2p0 re0 rm0 nos0 ru1 dp0}{volatile-float fixed}[r0x1000 r0x1001 r0x1002 r0x1003 ] = @[iTemp10 [k20 lr13:14 so:0]{ ia1 a2p0 re0 rm1 nos0 ru0 dp0}{volatile-float near* fixed}[remat] + 0x0 {const-unsigned-char literal}]
                      00243 ;       .line   65; "../../libsdcc_mc30/fsadd.c"        return (fl2.f);
002F   1600           00244         MOVAR   (___fsadd_fl2_1_22 + 0)
0030   1580           00245         MOVRA   r0x100B
0031   1600           00246         MOVAR   (___fsadd_fl2_1_22 + 1)
0032   1580           00247         MOVRA   r0x100A
0033   1600           00248         MOVAR   (___fsadd_fl2_1_22 + 2)
0034   1580           00249         MOVRA   r0x1009
0035   1600           00250         MOVAR   (___fsadd_fl2_1_22 + 3)
0036   1580           00251         MOVRA   r0x1008
                      00252 ;;[ICODE] ../../libsdcc_mc30/fsadd.c:65:        ret iTemp12 [k23 lr14:15 so:0]{ ia0 a2p0 re0 rm0 nos0 ru1 dp0}{volatile-float fixed}[r0x1000 r0x1001 r0x1002 r0x1003 ]
0037   1600           00253         MOVAR   r0x100B
0038   1580           00254         MOVRA   STK02
0039   1600           00255         MOVAR   r0x100A
003A   1580           00256         MOVRA   STK01
003B   1600           00257         MOVAR   r0x1009
003C   1580           00258         MOVRA   STK00
003D   1600           00259         MOVAR   r0x1008
003E   2800           00260         GOTO    _00133_DS_
                      00261 ;;[ICODE] ../../libsdcc_mc30/fsadd.c:65:  _iffalse_0($2) :
                      00262 ;;[ICODE] ../../libsdcc_mc30/fsadd.c:66:        iTemp13 [k24 lr17:18 so:0]{ ia0 a2p0 re0 rm1 nos0 ru0 dp0}{volatile-unsigned-long-int near* fixed}[remat] = &[___fsadd_fl2_1_22 [k12 lr0:0 so:0]{ ia0 a2p0 re0 rm0 nos0 ru0 dp0}{volatile-struct float_long fixed}]
                      00263 ;;[ICODE] ../../libsdcc_mc30/fsadd.c:66:        iTemp15 [k27 lr18:19 so:0]{ ia0 a2p0 re0 rm0 nos0 ru0 dp0}{volatile-unsigned-long-int fixed}[r0x1000 r0x1001 r0x1002 r0x1003 ] = @[iTemp13 [k24 lr17:18 so:0]{ ia1 a2p0 re0 rm1 nos0 ru0 dp0}{volatile-unsigned-long-int near* fixed}[remat] + 0x0 {const-unsigned-char literal}]
003F                  00264 _00106_DS_
                      00265 ;       .line   66; "../../libsdcc_mc30/fsadd.c"        if (!fl2.l)
003F   1600           00266         MOVAR   (___fsadd_fl2_1_22 + 0)
0040   1580           00267         MOVRA   r0x100B
0041   1600           00268         MOVAR   (___fsadd_fl2_1_22 + 1)
0042   1580           00269         MOVRA   r0x100A
0043   1600           00270         MOVAR   (___fsadd_fl2_1_22 + 2)
0044   1580           00271         MOVRA   r0x1009
0045   1600           00272         MOVAR   (___fsadd_fl2_1_22 + 3)
0046   1580           00273         MOVRA   r0x1008
                      00274 ;;[ICODE] ../../libsdcc_mc30/fsadd.c:66:        if iTemp15 [k27 lr18:19 so:0]{ ia0 a2p0 re0 rm0 nos0 ru0 dp0}{volatile-unsigned-long-int fixed}[r0x1000 r0x1001 r0x1002 r0x1003 ] != 0 goto _iffalse_1($4)
0047   1600           00275         MOVAR   r0x100B
0048   1700           00276         ORAR    r0x100A
0049   1700           00277         ORAR    r0x1009
004A   1700           00278         ORAR    r0x1008
004B   3103           00279         JBSET   STATUS,2
004C   2800           00280         GOTO    _00108_DS_
                      00281 ;;[ICODE] ../../libsdcc_mc30/fsadd.c:67:        iTemp16 [k28 lr20:21 so:0]{ ia0 a2p0 re0 rm1 nos0 ru0 dp0}{volatile-float near* fixed}[remat] = &[___fsadd_fl1_1_22 [k8 lr0:0 so:0]{ ia0 a2p0 re0 rm0 nos0 ru0 dp0}{volatile-struct float_long fixed}]
                      00282 ;;[ICODE] ../../libsdcc_mc30/fsadd.c:67:        iTemp18 [k31 lr21:22 so:0]{ ia0 a2p0 re0 rm0 nos0 ru1 dp0}{volatile-float fixed}[r0x1000 r0x1001 r0x1002 r0x1003 ] = @[iTemp16 [k28 lr20:21 so:0]{ ia1 a2p0 re0 rm1 nos0 ru0 dp0}{volatile-float near* fixed}[remat] + 0x0 {const-unsigned-char literal}]
                      00283 ;       .line   67; "../../libsdcc_mc30/fsadd.c"        return (fl1.f);
004D   1600           00284         MOVAR   (___fsadd_fl1_1_22 + 0)
004E   1580           00285         MOVRA   r0x100B
004F   1600           00286         MOVAR   (___fsadd_fl1_1_22 + 1)
0050   1580           00287         MOVRA   r0x100A
0051   1600           00288         MOVAR   (___fsadd_fl1_1_22 + 2)
0052   1580           00289         MOVRA   r0x1009
0053   1600           00290         MOVAR   (___fsadd_fl1_1_22 + 3)
0054   1580           00291         MOVRA   r0x1008
                      00292 ;;[ICODE] ../../libsdcc_mc30/fsadd.c:67:        ret iTemp18 [k31 lr21:22 so:0]{ ia0 a2p0 re0 rm0 nos0 ru1 dp0}{volatile-float fixed}[r0x1000 r0x1001 r0x1002 r0x1003 ]
0055   1600           00293         MOVAR   r0x100B
0056   1580           00294         MOVRA   STK02
0057   1600           00295         MOVAR   r0x100A
0058   1580           00296         MOVRA   STK01
0059   1600           00297         MOVAR   r0x1009
005A   1580           00298         MOVRA   STK00
005B   1600           00299         MOVAR   r0x1008
005C   2800           00300         GOTO    _00133_DS_
                      00301 ;;[ICODE] ../../libsdcc_mc30/fsadd.c:67:  _iffalse_1($4) :
                      00302 ;;[ICODE] ../../libsdcc_mc30/fsadd.c:69:        iTemp20 [k34 lr24:25 so:0]{ ia0 a2p0 re0 rm1 nos0 ru0 dp0}{volatile-unsigned-long-int near* fixed}[remat] = &[___fsadd_fl1_1_22 [k8 lr0:0 so:0]{ ia0 a2p0 re0 rm0 nos0 ru0 dp0}{volatile-struct float_long fixed}]
                      00303 ;;[ICODE] ../../libsdcc_mc30/fsadd.c:69:        iTemp22 [k37 lr25:26 so:0]{ ia0 a2p0 re0 rm0 nos0 ru0 dp0}{volatile-unsigned-long-int fixed}[r0x1000 r0x1001 r0x1002 r0x1003 ] = @[iTemp20 [k34 lr24:25 so:0]{ ia1 a2p0 re0 rm1 nos0 ru0 dp0}{volatile-unsigned-long-int near* fixed}[remat] + 0x0 {const-unsigned-char literal}]
005D                  00304 _00108_DS_
                      00305 ;       .line   69; "../../libsdcc_mc30/fsadd.c"        exp1 = EXP (fl1.l);
005D   1600           00306         MOVAR   (___fsadd_fl1_1_22 + 0)
005E   1580           00307         MOVRA   r0x100B
005F   1600           00308         MOVAR   (___fsadd_fl1_1_22 + 1)
0060   1580           00309         MOVRA   r0x100A
0061   1600           00310         MOVAR   (___fsadd_fl1_1_22 + 2)
0062   1580           00311         MOVRA   r0x1009
0063   1600           00312         MOVAR   (___fsadd_fl1_1_22 + 3)
0064   1580           00313         MOVRA   r0x1008
                      00314 ;;[ICODE] ../../libsdcc_mc30/fsadd.c:69:        iTemp23 [k38 lr26:27 so:0]{ ia0 a2p0 re0 rm0 nos0 ru0 dp0}{volatile-unsigned-long-int fixed}[r0x1004 r0x1005 r0x1006 r0x1007 ] = iTemp22 [k37 lr25:26 so:0]{ ia0 a2p0 re0 rm0 nos0 ru0 dp0}{volatile-unsigned-long-int fixed}[r0x1000 r0x1001 r0x1002 r0x1003 ] >> 0x17 {const-unsigned-char literal}
0065   1400           00315         RLAR    r0x1009
0066   1400           00316         RLAR    r0x1008
0067   1580           00317         MOVRA   r0x100B
0068   1580           00318         MOVRA   r0x100F
0069   1D80           00319         CLRR    r0x100E
006A   1480           00320         RLR     r0x100E
006B   1D80           00321         CLRR    r0x100D
006C   1D80           00322         CLRR    r0x100C
                      00323 ;;[ICODE] ../../libsdcc_mc30/fsadd.c:69:        iTemp24 [k39 lr27:28 so:0]{ ia0 a2p0 re0 rm0 nos0 ru0 dp0}{unsigned-long-int fixed}[r0x1000 r0x1001 r0x1002 r0x1003 ] = iTemp23 [k38 lr26:27 so:0]{ ia0 a2p0 re0 rm0 nos0 ru0 dp0}{volatile-unsigned-long-int fixed}[r0x1004 r0x1005 r0x1006 r0x1007 ] & 0xff {unsigned-long-int literal}
                      00324 ;;116   MOVAR   r0x100F
006D   1D80           00325         CLRR    r0x100A
006E   1D80           00326         CLRR    r0x1009
006F   1D80           00327         CLRR    r0x1008
                      00328 ;;[ICODE] ../../libsdcc_mc30/fsadd.c:69:        iTemp19 [k32 lr28:98 so:0]{ ia0 a2p0 re1 rm0 nos0 ru0 dp0}{int fixed}{ sir@ ___fsadd_exp1_1_22}[r0x1004 r0x1005 ] = (int fixed)iTemp24 [k39 lr27:28 so:0]{ ia0 a2p0 re0 rm0 nos0 ru0 dp0}{unsigned-long-int fixed}[r0x1000 r0x1001 r0x1002 r0x1003 ]
0070   1600           00329         MOVAR   r0x100B
0071   1580           00330         MOVRA   r0x100F
0072   0B00           00331         MOVAI   0x00
0073   1580           00332         MOVRA   r0x100E
                      00333 ;;[ICODE] ../../libsdcc_mc30/fsadd.c:70:        iTemp27 [k43 lr30:31 so:0]{ ia0 a2p0 re0 rm1 nos0 ru0 dp0}{volatile-unsigned-long-int near* fixed}[remat] = &[___fsadd_fl2_1_22 [k12 lr0:0 so:0]{ ia0 a2p0 re0 rm0 nos0 ru0 dp0}{volatile-struct float_long fixed}]
                      00334 ;;[ICODE] ../../libsdcc_mc30/fsadd.c:70:        iTemp29 [k46 lr31:32 so:0]{ ia0 a2p0 re0 rm0 nos0 ru0 dp0}{volatile-unsigned-long-int fixed}[r0x1000 r0x1001 r0x1002 r0x1003 ] = @[iTemp27 [k43 lr30:31 so:0]{ ia1 a2p0 re0 rm1 nos0 ru0 dp0}{volatile-unsigned-long-int near* fixed}[remat] + 0x0 {const-unsigned-char literal}]
                      00335 ;       .line   70; "../../libsdcc_mc30/fsadd.c"        exp2 = EXP (fl2.l);
0074   1600           00336         MOVAR   (___fsadd_fl2_1_22 + 0)
0075   1580           00337         MOVRA   r0x100B
0076   1600           00338         MOVAR   (___fsadd_fl2_1_22 + 1)
0077   1580           00339         MOVRA   r0x100A
0078   1600           00340         MOVAR   (___fsadd_fl2_1_22 + 2)
0079   1580           00341         MOVRA   r0x1009
007A   1600           00342         MOVAR   (___fsadd_fl2_1_22 + 3)
007B   1580           00343         MOVRA   r0x1008
                      00344 ;;[ICODE] ../../libsdcc_mc30/fsadd.c:70:        iTemp30 [k47 lr32:33 so:0]{ ia0 a2p0 re0 rm0 nos0 ru0 dp0}{volatile-unsigned-long-int fixed}[r0x1006 r0x1007 r0x100C r0x100D ] = iTemp29 [k46 lr31:32 so:0]{ ia0 a2p0 re0 rm0 nos0 ru0 dp0}{volatile-unsigned-long-int fixed}[r0x1000 r0x1001 r0x1002 r0x1003 ] >> 0x17 {const-unsigned-char literal}
007C   1400           00345         RLAR    r0x1009
007D   1400           00346         RLAR    r0x1008
007E   1580           00347         MOVRA   r0x100D
007F   1D80           00348         CLRR    r0x100C
0080   1480           00349         RLR     r0x100C
0081   1D80           00350         CLRR    r0x1014
0082   1D80           00351         CLRR    r0x1015
                      00352 ;;[ICODE] ../../libsdcc_mc30/fsadd.c:70:        iTemp31 [k48 lr33:34 so:0]{ ia0 a2p0 re0 rm0 nos0 ru0 dp0}{unsigned-long-int fixed}[r0x1000 r0x1001 r0x1002 r0x1003 ] = iTemp30 [k47 lr32:33 so:0]{ ia0 a2p0 re0 rm0 nos0 ru0 dp0}{volatile-unsigned-long-int fixed}[r0x1006 r0x1007 r0x100C r0x100D ] & 0xff {unsigned-long-int literal}
0083   1600           00353         MOVAR   r0x100D
0084   1580           00354         MOVRA   r0x100D
0085   1580           00355         MOVRA   r0x100B
0086   1D80           00356         CLRR    r0x100A
0087   1D80           00357         CLRR    r0x1009
0088   1D80           00358         CLRR    r0x1008
                      00359 ;;[ICODE] ../../libsdcc_mc30/fsadd.c:70:        iTemp26 [k41 lr34:84 so:0]{ ia0 a2p0 re1 rm0 nos0 ru0 dp0}{int fixed}{ sir@ ___fsadd_exp2_1_22}[r0x1006 r0x1007 ] = (int fixed)iTemp31 [k48 lr33:34 so:0]{ ia0 a2p0 re0 rm0 nos0 ru0 dp0}{unsigned-long-int fixed}[r0x1000 r0x1001 r0x1002 r0x1003 ]
                      00360 ;;115   MOVAR   r0x100B
0089   0B00           00361         MOVAI   0x00
008A   1580           00362         MOVRA   r0x100C
                      00363 ;;[ICODE] ../../libsdcc_mc30/fsadd.c:72:        iTemp33 [k50 lr36:37 so:0]{ ia0 a2p0 re0 rm0 nos0 ru0 dp0}{int register}[r0x1000 r0x1001 ] = iTemp26 [k41 lr34:84 so:0]{ ia0 a2p0 re1 rm0 nos0 ru0 dp0}{int fixed}{ sir@ ___fsadd_exp2_1_22}[r0x1006 r0x1007 ] + 0x19 {int literal}
                      00364 ;       .line   72; "../../libsdcc_mc30/fsadd.c"        if (exp1 > exp2 + 25)
008B   0B19           00365         MOVAI   0x19
008C   1F00           00366         ADDAR   r0x100D
008D   1580           00367         MOVRA   r0x100B
008E   1D80           00368         CLRR    r0x100A
008F   1480           00369         RLR     r0x100A
0090   1600           00370         MOVAR   r0x100C
0091   1F80           00371         ADDRA   r0x100A
                      00372 ;;[ICODE] ../../libsdcc_mc30/fsadd.c:72:        iTemp34 [k51 lr37:38 so:0]{ ia0 a2p0 re0 rm0 nos0 ru0 dp0}{char fixed} = iTemp19 [k32 lr28:98 so:0]{ ia0 a2p0 re1 rm0 nos0 ru0 dp0}{int fixed}{ sir@ ___fsadd_exp1_1_22}[r0x1004 r0x1005 ] > iTemp33 [k50 lr36:37 so:0]{ ia0 a2p0 re0 rm0 nos0 ru0 dp0}{int register}[r0x1000 r0x1001 ]
0092   1600           00373         MOVAR   r0x100A
0093   0E80           00374         ADDAI   0x80
0094   1580           00375         MOVRA   r0x1016
0095   1600           00376         MOVAR   r0x100E
0096   0E80           00377         ADDAI   0x80
0097   1200           00378         RSUBAR  r0x1016
0098   3103           00379         JBSET   STATUS,2
0099   2800           00380         GOTO    _00165_DS_
009A   1600           00381         MOVAR   r0x100F
009B   1200           00382         RSUBAR  r0x100B
009C                  00383 _00165_DS_
009C   3403           00384         JBCLR   STATUS,0
009D   2800           00385         GOTO    _00110_DS_
                      00386 ;;genSkipc:3195: created from rifx:00DE608C
                      00387 ;;[ICODE] ../../libsdcc_mc30/fsadd.c:72:        if iTemp34 [k51 lr37:38 so:0]{ ia0 a2p0 re0 rm0 nos0 ru0 dp0}{char fixed} == 0 goto _iffalse_2($6)
                      00388 ;;[ICODE] ../../libsdcc_mc30/fsadd.c:73:        iTemp35 [k52 lr39:40 so:0]{ ia0 a2p0 re0 rm1 nos0 ru0 dp0}{volatile-float near* fixed}[remat] = &[___fsadd_fl1_1_22 [k8 lr0:0 so:0]{ ia0 a2p0 re0 rm0 nos0 ru0 dp0}{volatile-struct float_long fixed}]
                      00389 ;;[ICODE] ../../libsdcc_mc30/fsadd.c:73:        iTemp37 [k55 lr40:41 so:0]{ ia0 a2p0 re0 rm0 nos0 ru1 dp0}{volatile-float fixed}[r0x1000 r0x1001 r0x100C r0x100D ] = @[iTemp35 [k52 lr39:40 so:0]{ ia1 a2p0 re0 rm1 nos0 ru0 dp0}{volatile-float near* fixed}[remat] + 0x0 {const-unsigned-char literal}]
                      00390 ;       .line   73; "../../libsdcc_mc30/fsadd.c"        return (fl1.f);
009E   1600           00391         MOVAR   (___fsadd_fl1_1_22 + 0)
009F   1580           00392         MOVRA   r0x100B
00A0   1600           00393         MOVAR   (___fsadd_fl1_1_22 + 1)
00A1   1580           00394         MOVRA   r0x100A
00A2   1600           00395         MOVAR   (___fsadd_fl1_1_22 + 2)
00A3   1580           00396         MOVRA   r0x1014
00A4   1600           00397         MOVAR   (___fsadd_fl1_1_22 + 3)
00A5   1580           00398         MOVRA   r0x1015
                      00399 ;;[ICODE] ../../libsdcc_mc30/fsadd.c:73:        ret iTemp37 [k55 lr40:41 so:0]{ ia0 a2p0 re0 rm0 nos0 ru1 dp0}{volatile-float fixed}[r0x1000 r0x1001 r0x100C r0x100D ]
00A6   1600           00400         MOVAR   r0x100B
00A7   1580           00401         MOVRA   STK02
00A8   1600           00402         MOVAR   r0x100A
00A9   1580           00403         MOVRA   STK01
00AA   1600           00404         MOVAR   r0x1014
00AB   1580           00405         MOVRA   STK00
00AC   1600           00406         MOVAR   r0x1015
00AD   2800           00407         GOTO    _00133_DS_
                      00408 ;;[ICODE] ../../libsdcc_mc30/fsadd.c:73:  _iffalse_2($6) :
                      00409 ;;[ICODE] ../../libsdcc_mc30/fsadd.c:74:        iTemp38 [k56 lr43:44 so:0]{ ia0 a2p0 re0 rm0 nos0 ru0 dp0}{int register}[r0x1000 r0x1001 ] = iTemp19 [k32 lr28:98 so:0]{ ia0 a2p0 re1 rm0 nos0 ru0 dp0}{int fixed}{ sir@ ___fsadd_exp1_1_22}[r0x1004 r0x1005 ] + 0x19 {int literal}
00AE                  00410 _00110_DS_
                      00411 ;       .line   74; "../../libsdcc_mc30/fsadd.c"        if (exp2 > exp1 + 25)
00AE   0B19           00412         MOVAI   0x19
00AF   1F00           00413         ADDAR   r0x100F
00B0   1580           00414         MOVRA   r0x100B
00B1   1D80           00415         CLRR    r0x100A
00B2   1480           00416         RLR     r0x100A
00B3   1600           00417         MOVAR   r0x100E
00B4   1F80           00418         ADDRA   r0x100A
                      00419 ;;[ICODE] ../../libsdcc_mc30/fsadd.c:74:        iTemp39 [k57 lr44:45 so:0]{ ia0 a2p0 re0 rm0 nos0 ru0 dp0}{char fixed} = iTemp26 [k41 lr34:84 so:0]{ ia0 a2p0 re1 rm0 nos0 ru0 dp0}{int fixed}{ sir@ ___fsadd_exp2_1_22}[r0x1006 r0x1007 ] > iTemp38 [k56 lr43:44 so:0]{ ia0 a2p0 re0 rm0 nos0 ru0 dp0}{int register}[r0x1000 r0x1001 ]
00B5   1600           00420         MOVAR   r0x100A
00B6   0E80           00421         ADDAI   0x80
00B7   1580           00422         MOVRA   r0x1016
00B8   1600           00423         MOVAR   r0x100C
00B9   0E80           00424         ADDAI   0x80
00BA   1200           00425         RSUBAR  r0x1016
00BB   3103           00426         JBSET   STATUS,2
00BC   2800           00427         GOTO    _00166_DS_
00BD   1600           00428         MOVAR   r0x100D
00BE   1200           00429         RSUBAR  r0x100B
00BF                  00430 _00166_DS_
00BF   3403           00431         JBCLR   STATUS,0
00C0   2800           00432         GOTO    _00112_DS_
                      00433 ;;genSkipc:3195: created from rifx:00DE608C
                      00434 ;;[ICODE] ../../libsdcc_mc30/fsadd.c:74:        if iTemp39 [k57 lr44:45 so:0]{ ia0 a2p0 re0 rm0 nos0 ru0 dp0}{char fixed} == 0 goto _iffalse_3($8)
                      00435 ;;[ICODE] ../../libsdcc_mc30/fsadd.c:75:        iTemp40 [k58 lr46:47 so:0]{ ia0 a2p0 re0 rm1 nos0 ru0 dp0}{volatile-float near* fixed}[remat] = &[___fsadd_fl2_1_22 [k12 lr0:0 so:0]{ ia0 a2p0 re0 rm0 nos0 ru0 dp0}{volatile-struct float_long fixed}]
                      00436 ;;[ICODE] ../../libsdcc_mc30/fsadd.c:75:        iTemp42 [k61 lr47:48 so:0]{ ia0 a2p0 re0 rm0 nos0 ru1 dp0}{volatile-float fixed}[r0x1000 r0x1001 r0x100C r0x100D ] = @[iTemp40 [k58 lr46:47 so:0]{ ia1 a2p0 re0 rm1 nos0 ru0 dp0}{volatile-float near* fixed}[remat] + 0x0 {const-unsigned-char literal}]
                      00437 ;       .line   75; "../../libsdcc_mc30/fsadd.c"        return (fl2.f);
00C1   1600           00438         MOVAR   (___fsadd_fl2_1_22 + 0)
00C2   1580           00439         MOVRA   r0x100B
00C3   1600           00440         MOVAR   (___fsadd_fl2_1_22 + 1)
00C4   1580           00441         MOVRA   r0x100A
00C5   1600           00442         MOVAR   (___fsadd_fl2_1_22 + 2)
00C6   1580           00443         MOVRA   r0x1014
00C7   1600           00444         MOVAR   (___fsadd_fl2_1_22 + 3)
00C8   1580           00445         MOVRA   r0x1015
                      00446 ;;[ICODE] ../../libsdcc_mc30/fsadd.c:75:        ret iTemp42 [k61 lr47:48 so:0]{ ia0 a2p0 re0 rm0 nos0 ru1 dp0}{volatile-float fixed}[r0x1000 r0x1001 r0x100C r0x100D ]
00C9   1600           00447         MOVAR   r0x100B
00CA   1580           00448         MOVRA   STK02
00CB   1600           00449         MOVAR   r0x100A
00CC   1580           00450         MOVRA   STK01
00CD   1600           00451         MOVAR   r0x1014
00CE   1580           00452         MOVRA   STK00
00CF   1600           00453         MOVAR   r0x1015
00D0   2800           00454         GOTO    _00133_DS_
                      00455 ;;[ICODE] ../../libsdcc_mc30/fsadd.c:75:  _iffalse_3($8) :
                      00456 ;;[ICODE] ../../libsdcc_mc30/fsadd.c:77:        iTemp44 [k64 lr50:51 so:0]{ ia0 a2p0 re0 rm1 nos0 ru0 dp0}{volatile-unsigned-long-int near* fixed}[remat] = &[___fsadd_fl1_1_22 [k8 lr0:0 so:0]{ ia0 a2p0 re0 rm0 nos0 ru0 dp0}{volatile-struct float_long fixed}]
                      00457 ;;[ICODE] ../../libsdcc_mc30/fsadd.c:77:        iTemp46 [k67 lr51:52 so:0]{ ia0 a2p0 re0 rm0 nos0 ru0 dp0}{volatile-unsigned-long-int fixed}[r0x1000 r0x1001 r0x100C r0x100D ] = @[iTemp44 [k64 lr50:51 so:0]{ ia1 a2p0 re0 rm1 nos0 ru0 dp0}{volatile-unsigned-long-int near* fixed}[remat] + 0x0 {const-unsigned-char literal}]
00D1                  00458 _00112_DS_
                      00459 ;       .line   77; "../../libsdcc_mc30/fsadd.c"        mant1 = MANT (fl1.l);
00D1   1600           00460         MOVAR   (___fsadd_fl1_1_22 + 0)
00D2   1580           00461         MOVRA   r0x100B
00D3   1600           00462         MOVAR   (___fsadd_fl1_1_22 + 1)
00D4   1580           00463         MOVRA   r0x100A
00D5   1600           00464         MOVAR   (___fsadd_fl1_1_22 + 2)
00D6   1580           00465         MOVRA   r0x1014
00D7   1600           00466         MOVAR   (___fsadd_fl1_1_22 + 3)
00D8   1580           00467         MOVRA   r0x1015
                      00468 ;;[ICODE] ../../libsdcc_mc30/fsadd.c:77:        iTemp47 [k68 lr52:53 so:0]{ ia0 a2p0 re0 rm0 nos0 ru0 dp0}{unsigned-long-int register}[r0x1000 r0x1001 r0x100C r0x100D ] = iTemp46 [k67 lr51:52 so:0]{ ia0 a2p0 re0 rm0 nos0 ru0 dp0}{volatile-unsigned-long-int fixed}[r0x1000 r0x1001 r0x100C r0x100D ] & 0x7fffff {unsigned-long-int literal}
00D9   3F80           00469         BCLR    r0x1014,7
00DA   1D80           00470         CLRR    r0x1015
                      00471 ;;[ICODE] ../../libsdcc_mc30/fsadd.c:77:        iTemp43 [k62 lr53:131 so:0]{ ia0 a2p0 re1 rm0 nos0 ru0 dp0}{long-int fixed}{ sir@ ___fsadd_mant1_1_22}[r0x1000 r0x1001 r0x100C r0x100D ] = iTemp47 [k68 lr52:53 so:0]{ ia0 a2p0 re0 rm0 nos0 ru0 dp0}{unsigned-long-int register}[r0x1000 r0x1001 r0x100C r0x100D ] | 0x800000 {unsigned-long-int literal}
00DB   3B80           00472         BSET    r0x1014,7
                      00473 ;;[ICODE] ../../libsdcc_mc30/fsadd.c:78:        iTemp50 [k72 lr55:56 so:0]{ ia0 a2p0 re0 rm1 nos0 ru0 dp0}{volatile-unsigned-long-int near* fixed}[remat] = &[___fsadd_fl2_1_22 [k12 lr0:0 so:0]{ ia0 a2p0 re0 rm0 nos0 ru0 dp0}{volatile-struct float_long fixed}]
                      00474 ;;[ICODE] ../../libsdcc_mc30/fsadd.c:78:        iTemp52 [k75 lr56:57 so:0]{ ia0 a2p0 re0 rm0 nos0 ru0 dp0}{volatile-unsigned-long-int fixed}[r0x100E r0x100F r0x1010 r0x1011 ] = @[iTemp50 [k72 lr55:56 so:0]{ ia1 a2p0 re0 rm1 nos0 ru0 dp0}{volatile-unsigned-long-int near* fixed}[remat] + 0x0 {const-unsigned-char literal}]
                      00475 ;       .line   78; "../../libsdcc_mc30/fsadd.c"        mant2 = MANT (fl2.l);
00DC   1600           00476         MOVAR   (___fsadd_fl2_1_22 + 0)
00DD   1580           00477         MOVRA   r0x1016
00DE   1600           00478         MOVAR   (___fsadd_fl2_1_22 + 1)
00DF   1580           00479         MOVRA   r0x1017
00E0   1600           00480         MOVAR   (___fsadd_fl2_1_22 + 2)
00E1   1580           00481         MOVRA   r0x1018
00E2   1600           00482         MOVAR   (___fsadd_fl2_1_22 + 3)
00E3   1580           00483         MOVRA   r0x1019
                      00484 ;;[ICODE] ../../libsdcc_mc30/fsadd.c:78:        iTemp53 [k76 lr57:58 so:0]{ ia0 a2p0 re0 rm0 nos0 ru0 dp0}{unsigned-long-int register}[r0x100E r0x100F r0x1010 r0x1011 ] = iTemp52 [k75 lr56:57 so:0]{ ia0 a2p0 re0 rm0 nos0 ru0 dp0}{volatile-unsigned-long-int fixed}[r0x100E r0x100F r0x1010 r0x1011 ] & 0x7fffff {unsigned-long-int literal}
00E4   3F80           00485         BCLR    r0x1018,7
00E5   1D80           00486         CLRR    r0x1019
                      00487 ;;[ICODE] ../../libsdcc_mc30/fsadd.c:78:        iTemp49 [k70 lr58:86 so:0]{ ia0 a2p0 re1 rm0 nos0 ru0 dp0}{long-int fixed}{ sir@ ___fsadd_mant2_1_22}[r0x100E r0x100F r0x1010 r0x1011 ] = iTemp53 [k76 lr57:58 so:0]{ ia0 a2p0 re0 rm0 nos0 ru0 dp0}{unsigned-long-int register}[r0x100E r0x100F r0x1010 r0x1011 ] | 0x800000 {unsigned-long-int literal}
00E6   3B80           00488         BSET    r0x1018,7
                      00489 ;;[ICODE] ../../libsdcc_mc30/fsadd.c:80:        iTemp55 [k78 lr60:61 so:0]{ ia0 a2p0 re0 rm1 nos0 ru0 dp0}{volatile-unsigned-long-int near* fixed}[remat] = &[___fsadd_fl1_1_22 [k8 lr0:0 so:0]{ ia0 a2p0 re0 rm0 nos0 ru0 dp0}{volatile-struct float_long fixed}]
                      00490 ;;[ICODE] ../../libsdcc_mc30/fsadd.c:80:        iTemp57 [k81 lr61:62 so:0]{ ia0 a2p0 re0 rm0 nos0 ru0 dp0}{volatile-unsigned-long-int fixed}[r0x1012 r0x1013 r0x1014 r0x1015 ] = @[iTemp55 [k78 lr60:61 so:0]{ ia1 a2p0 re0 rm1 nos0 ru0 dp0}{volatile-unsigned-long-int near* fixed}[remat] + 0x0 {const-unsigned-char literal}]
                      00491 ;       .line   80; "../../libsdcc_mc30/fsadd.c"        if (SIGN (fl1.l))
00E7   1600           00492         MOVAR   (___fsadd_fl1_1_22 + 0)
00E8   1580           00493         MOVRA   r0x101A
00E9   1600           00494         MOVAR   (___fsadd_fl1_1_22 + 1)
00EA   1580           00495         MOVRA   r0x101B
00EB   1600           00496         MOVAR   (___fsadd_fl1_1_22 + 2)
00EC   1580           00497         MOVRA   r0x101C
00ED   1600           00498         MOVAR   (___fsadd_fl1_1_22 + 3)
00EE   1580           00499         MOVRA   r0x101D
                      00500 ;;[ICODE] ../../libsdcc_mc30/fsadd.c:80:        iTemp58 [k82 lr62:63 so:0]{ ia0 a2p0 re0 rm0 nos0 ru0 dp0}{char fixed}[r0x1016 ] = gabit iTemp57 [k81 lr61:62 so:0]{ ia0 a2p0 re0 rm0 nos0 ru0 dp0}{volatile-unsigned-long-int fixed}[r0x1012 r0x1013 r0x1014 r0x1015 ]
00EF   1600           00501         MOVAR   r0x101D
00F0   0D80           00502         ANDAI   0x80
00F1   3103           00503         JBSET   STATUS,2
00F2   0B01           00504         MOVAI   0x01
00F3   1580           00505         MOVRA   r0x101E
                      00506 ;;[ICODE] ../../libsdcc_mc30/fsadd.c:80:        if iTemp58 [k82 lr62:63 so:0]{ ia0 a2p0 re0 rm0 nos0 ru0 dp0}{char fixed}[r0x1016 ] == 0 goto _iffalse_4($10)
00F4   0B00           00507         MOVAI   0x00
00F5   1700           00508         ORAR    r0x101E
00F6   3503           00509         JBCLR   STATUS,2
00F7   2800           00510         GOTO    _00114_DS_
                      00511 ;;[ICODE] ../../libsdcc_mc30/fsadd.c:81:        iTemp43 [k62 lr53:131 so:0]{ ia0 a2p0 re1 rm0 nos0 ru0 dp0}{long-int fixed}{ sir@ ___fsadd_mant1_1_22}[r0x1000 r0x1001 r0x100C r0x100D ] = - iTemp43 [k62 lr53:131 so:0]{ ia0 a2p0 re1 rm0 nos0 ru0 dp0}{long-int fixed}{ sir@ ___fsadd_mant1_1_22}[r0x1000 r0x1001 r0x100C r0x100D ]
                      00512 ;       .line   81; "../../libsdcc_mc30/fsadd.c"        mant1 = -mant1;
00F8   1C80           00513         COMR    r0x100B
00F9   1C80           00514         COMR    r0x100A
00FA   1C80           00515         COMR    r0x1014
00FB   1C80           00516         COMR    r0x1015
00FC   1980           00517         INCR    r0x100B
00FD   3503           00518         JBCLR   STATUS,2
00FE   1980           00519         INCR    r0x100A
00FF   3503           00520         JBCLR   STATUS,2
0100   1980           00521         INCR    r0x1014
0101   3503           00522         JBCLR   STATUS,2
0102   1980           00523         INCR    r0x1015
                      00524 ;;[ICODE] ../../libsdcc_mc30/fsadd.c:81:  _iffalse_4($10) :
                      00525 ;;[ICODE] ../../libsdcc_mc30/fsadd.c:82:        iTemp60 [k84 lr67:68 so:0]{ ia0 a2p0 re0 rm1 nos0 ru0 dp0}{volatile-unsigned-long-int near* fixed}[remat] = &[___fsadd_fl2_1_22 [k12 lr0:0 so:0]{ ia0 a2p0 re0 rm0 nos0 ru0 dp0}{volatile-struct float_long fixed}]
                      00526 ;;[ICODE] ../../libsdcc_mc30/fsadd.c:82:        iTemp62 [k87 lr68:69 so:0]{ ia0 a2p0 re0 rm0 nos0 ru0 dp0}{volatile-unsigned-long-int fixed}[r0x1012 r0x1013 r0x1014 r0x1015 ] = @[iTemp60 [k84 lr67:68 so:0]{ ia1 a2p0 re0 rm1 nos0 ru0 dp0}{volatile-unsigned-long-int near* fixed}[remat] + 0x0 {const-unsigned-char literal}]
0103                  00527 _00114_DS_
                      00528 ;       .line   82; "../../libsdcc_mc30/fsadd.c"        if (SIGN (fl2.l))
0103   1600           00529         MOVAR   (___fsadd_fl2_1_22 + 0)
0104   1580           00530         MOVRA   r0x101A
0105   1600           00531         MOVAR   (___fsadd_fl2_1_22 + 1)
0106   1580           00532         MOVRA   r0x101B
0107   1600           00533         MOVAR   (___fsadd_fl2_1_22 + 2)
0108   1580           00534         MOVRA   r0x101C
0109   1600           00535         MOVAR   (___fsadd_fl2_1_22 + 3)
010A   1580           00536         MOVRA   r0x101D
                      00537 ;;[ICODE] ../../libsdcc_mc30/fsadd.c:82:        iTemp63 [k88 lr69:70 so:0]{ ia0 a2p0 re0 rm0 nos0 ru0 dp0}{char fixed}[r0x1016 ] = gabit iTemp62 [k87 lr68:69 so:0]{ ia0 a2p0 re0 rm0 nos0 ru0 dp0}{volatile-unsigned-long-int fixed}[r0x1012 r0x1013 r0x1014 r0x1015 ]
010B   1600           00538         MOVAR   r0x101D
010C   0D80           00539         ANDAI   0x80
010D   3103           00540         JBSET   STATUS,2
010E   0B01           00541         MOVAI   0x01
010F   1580           00542         MOVRA   r0x101E
                      00543 ;;[ICODE] ../../libsdcc_mc30/fsadd.c:82:        if iTemp63 [k88 lr69:70 so:0]{ ia0 a2p0 re0 rm0 nos0 ru0 dp0}{char fixed}[r0x1016 ] == 0 goto _iffalse_5($12)
0110   0B00           00544         MOVAI   0x00
0111   1700           00545         ORAR    r0x101E
0112   3503           00546         JBCLR   STATUS,2
0113   2800           00547         GOTO    _00116_DS_
                      00548 ;;[ICODE] ../../libsdcc_mc30/fsadd.c:83:        iTemp49 [k70 lr58:86 so:0]{ ia0 a2p0 re1 rm0 nos0 ru0 dp0}{long-int fixed}{ sir@ ___fsadd_mant2_1_22}[r0x100E r0x100F r0x1010 r0x1011 ] = - iTemp49 [k70 lr58:86 so:0]{ ia0 a2p0 re1 rm0 nos0 ru0 dp0}{long-int fixed}{ sir@ ___fsadd_mant2_1_22}[r0x100E r0x100F r0x1010 r0x1011 ]
                      00549 ;       .line   83; "../../libsdcc_mc30/fsadd.c"        mant2 = -mant2;
0114   1C80           00550         COMR    r0x1016
0115   1C80           00551         COMR    r0x1017
0116   1C80           00552         COMR    r0x1018
0117   1C80           00553         COMR    r0x1019
0118   1980           00554         INCR    r0x1016
0119   3503           00555         JBCLR   STATUS,2
011A   1980           00556         INCR    r0x1017
011B   3503           00557         JBCLR   STATUS,2
011C   1980           00558         INCR    r0x1018
011D   3503           00559         JBCLR   STATUS,2
011E   1980           00560         INCR    r0x1019
                      00561 ;;[ICODE] ../../libsdcc_mc30/fsadd.c:83:  _iffalse_5($12) :
                      00562 ;;[ICODE] ../../libsdcc_mc30/fsadd.c:85:        iTemp65 [k90 lr74:75 so:0]{ ia0 a2p0 re0 rm0 nos0 ru0 dp0}{char fixed} = iTemp19 [k32 lr28:98 so:0]{ ia0 a2p0 re1 rm0 nos0 ru0 dp0}{int fixed}{ sir@ ___fsadd_exp1_1_22}[r0x1004 r0x1005 ] > iTemp26 [k41 lr34:84 so:0]{ ia0 a2p0 re1 rm0 nos0 ru0 dp0}{int fixed}{ sir@ ___fsadd_exp2_1_22}[r0x1006 r0x1007 ]
011F                  00563 _00116_DS_
                      00564 ;       .line   85; "../../libsdcc_mc30/fsadd.c"        if (exp1 > exp2)
011F   1600           00565         MOVAR   r0x100C
0120   0E80           00566         ADDAI   0x80
0121   1580           00567         MOVRA   r0x101F
0122   1600           00568         MOVAR   r0x100E
0123   0E80           00569         ADDAI   0x80
0124   1200           00570         RSUBAR  r0x101F
0125   3103           00571         JBSET   STATUS,2
0126   2800           00572         GOTO    _00167_DS_
0127   1600           00573         MOVAR   r0x100F
0128   1200           00574         RSUBAR  r0x100D
0129                  00575 _00167_DS_
0129   3403           00576         JBCLR   STATUS,0
012A   2800           00577         GOTO    _00118_DS_
                      00578 ;;genSkipc:3195: created from rifx:00DE608C
                      00579 ;;[ICODE] ../../libsdcc_mc30/fsadd.c:85:        if iTemp65 [k90 lr74:75 so:0]{ ia0 a2p0 re0 rm0 nos0 ru0 dp0}{char fixed} == 0 goto _iffalse_6($14)
                      00580 ;;[ICODE] ../../libsdcc_mc30/fsadd.c:87:        iTemp66 [k91 lr76:77 so:0]{ ia0 a2p0 re0 rm0 nos0 ru0 dp0}{int fixed}[r0x1012 r0x1013 ] = iTemp19 [k32 lr28:98 so:0]{ ia0 a2p0 re1 rm0 nos0 ru0 dp0}{int fixed}{ sir@ ___fsadd_exp1_1_22}[r0x1004 r0x1005 ] - iTemp26 [k41 lr34:84 so:0]{ ia0 a2p0 re1 rm0 nos0 ru0 dp0}{int fixed}{ sir@ ___fsadd_exp2_1_22}[r0x1006 r0x1007 ]
                      00581 ;       .line   87; "../../libsdcc_mc30/fsadd.c"        mant2 >>= exp1 - exp2;
012B   1600           00582         MOVAR   r0x100D
012C   1200           00583         RSUBAR  r0x100F
012D   1580           00584         MOVRA   r0x101A
012E   1600           00585         MOVAR   r0x100C
012F   3003           00586         JBSET   STATUS,0
0130   1900           00587         INCAR   r0x100C
0131   1200           00588         RSUBAR  r0x100E
0132   1580           00589         MOVRA   r0x101B
                      00590 ;;[ICODE] ../../libsdcc_mc30/fsadd.c:87:        iTemp49 [k70 lr58:86 so:0]{ ia0 a2p0 re1 rm0 nos0 ru0 dp0}{long-int fixed}{ sir@ ___fsadd_mant2_1_22}[r0x100E r0x100F r0x1010 r0x1011 ] = iTemp49 [k70 lr58:86 so:0]{ ia0 a2p0 re1 rm0 nos0 ru0 dp0}{long-int fixed}{ sir@ ___fsadd_mant2_1_22}[r0x100E r0x100F r0x1010 r0x1011 ] >> iTemp66 [k91 lr76:77 so:0]{ ia0 a2p0 re0 rm0 nos0 ru0 dp0}{int fixed}[r0x1012 r0x1013 ]
0133   1600           00591         MOVAR   r0x101A
0134   3780           00592         JBCLR   r0x101A,7
0135   2800           00593         GOTO    _00170_DS_
0136   0900           00594         ISUBAI  0x00
0137   3503           00595         JBCLR   STATUS,2
0138   2800           00596         GOTO    _00169_DS_
0139                  00597 _00168_DS_
0139   3C03           00598         BCLR    STATUS,0
013A   3780           00599         JBCLR   r0x1019,7
013B   3803           00600         BSET    STATUS,0
013C   1380           00601         RRR     r0x1019
013D   1380           00602         RRR     r0x1018
013E   1380           00603         RRR     r0x1017
013F   1380           00604         RRR     r0x1016
0140   0E01           00605         ADDAI   0x01
0141   3003           00606         JBSET   STATUS,0
0142   2800           00607         GOTO    _00168_DS_
0143   2800           00608         GOTO    _00169_DS_
0144                  00609 _00170_DS_
0144   3C03           00610         BCLR    STATUS,0
0145                  00611 _00171_DS_
0145   1480           00612         RLR     r0x1016
0146   1480           00613         RLR     r0x1017
0147   1480           00614         RLR     r0x1018
0148   1480           00615         RLR     r0x1019
0149   0E01           00616         ADDAI   0x01
014A   3003           00617         JBSET   STATUS,0
014B   2800           00618         GOTO    _00171_DS_
                      00619 ;;[ICODE] ../../libsdcc_mc30/fsadd.c:87:         goto _ifend_6($15)
014C                  00620 _00169_DS_
014C   2800           00621         GOTO    _00119_DS_
                      00622 ;;[ICODE] ../../libsdcc_mc30/fsadd.c:87:  _iffalse_6($14) :
                      00623 ;;[ICODE] ../../libsdcc_mc30/fsadd.c:91:        iTemp68 [k93 lr81:82 so:0]{ ia0 a2p0 re0 rm0 nos0 ru0 dp0}{int fixed}[r0x1012 r0x1013 ] = iTemp26 [k41 lr34:84 so:0]{ ia0 a2p0 re1 rm0 nos0 ru0 dp0}{int fixed}{ sir@ ___fsadd_exp2_1_22}[r0x1006 r0x1007 ] - iTemp19 [k32 lr28:98 so:0]{ ia0 a2p0 re1 rm0 nos0 ru0 dp0}{int fixed}{ sir@ ___fsadd_exp1_1_22}[r0x1004 r0x1005 ]
014D                  00624 _00118_DS_
                      00625 ;       .line   91; "../../libsdcc_mc30/fsadd.c"        mant1 >>= exp2 - exp1;
014D   1600           00626         MOVAR   r0x100F
014E   1200           00627         RSUBAR  r0x100D
014F   1580           00628         MOVRA   r0x101A
0150   1600           00629         MOVAR   r0x100E
0151   3003           00630         JBSET   STATUS,0
0152   1900           00631         INCAR   r0x100E
0153   1200           00632         RSUBAR  r0x100C
0154   1580           00633         MOVRA   r0x101B
                      00634 ;;[ICODE] ../../libsdcc_mc30/fsadd.c:91:        iTemp43 [k62 lr53:131 so:0]{ ia0 a2p0 re1 rm0 nos0 ru0 dp0}{long-int fixed}{ sir@ ___fsadd_mant1_1_22}[r0x1000 r0x1001 r0x100C r0x100D ] = iTemp43 [k62 lr53:131 so:0]{ ia0 a2p0 re1 rm0 nos0 ru0 dp0}{long-int fixed}{ sir@ ___fsadd_mant1_1_22}[r0x1000 r0x1001 r0x100C r0x100D ] >> iTemp68 [k93 lr81:82 so:0]{ ia0 a2p0 re0 rm0 nos0 ru0 dp0}{int fixed}[r0x1012 r0x1013 ]
0155   1600           00635         MOVAR   r0x101A
0156   3780           00636         JBCLR   r0x101A,7
0157   2800           00637         GOTO    _00174_DS_
0158   0900           00638         ISUBAI  0x00
0159   3503           00639         JBCLR   STATUS,2
015A   2800           00640         GOTO    _00173_DS_
015B                  00641 _00172_DS_
015B   3C03           00642         BCLR    STATUS,0
015C   3780           00643         JBCLR   r0x1015,7
015D   3803           00644         BSET    STATUS,0
015E   1380           00645         RRR     r0x1015
015F   1380           00646         RRR     r0x1014
0160   1380           00647         RRR     r0x100A
0161   1380           00648         RRR     r0x100B
0162   0E01           00649         ADDAI   0x01
0163   3003           00650         JBSET   STATUS,0
0164   2800           00651         GOTO    _00172_DS_
0165   2800           00652         GOTO    _00173_DS_
0166                  00653 _00174_DS_
0166   3C03           00654         BCLR    STATUS,0
0167                  00655 _00175_DS_
0167   1480           00656         RLR     r0x100B
0168   1480           00657         RLR     r0x100A
0169   1480           00658         RLR     r0x1014
016A   1480           00659         RLR     r0x1015
016B   0E01           00660         ADDAI   0x01
016C   3003           00661         JBSET   STATUS,0
016D   2800           00662         GOTO    _00175_DS_
                      00663 ;;[ICODE] ../../libsdcc_mc30/fsadd.c:92:        iTemp19 [k32 lr28:98 so:0]{ ia0 a2p0 re1 rm0 nos0 ru0 dp0}{int fixed}{ sir@ ___fsadd_exp1_1_22}[r0x1004 r0x1005 ] := iTemp26 [k41 lr34:84 so:0]{ ia0 a2p0 re1 rm0 nos0 ru0 dp0}{int fixed}{ sir@ ___fsadd_exp2_1_22}[r0x1006 r0x1007 ]
016E                  00664 _00173_DS_
                      00665 ;       .line   92; "../../libsdcc_mc30/fsadd.c"        exp1 = exp2;
016E   1600           00666         MOVAR   r0x100D
016F   1580           00667         MOVRA   r0x100F
0170   1600           00668         MOVAR   r0x100C
0171   1580           00669         MOVRA   r0x100E
                      00670 ;;[ICODE] ../../libsdcc_mc30/fsadd.c:92:  _ifend_6($15) :
                      00671 ;;[ICODE] ../../libsdcc_mc30/fsadd.c:94:        iTemp43 [k62 lr53:131 so:0]{ ia0 a2p0 re1 rm0 nos0 ru0 dp0}{long-int fixed}{ sir@ ___fsadd_mant1_1_22}[r0x1000 r0x1001 r0x100C r0x100D ] = iTemp43 [k62 lr53:131 so:0]{ ia0 a2p0 re1 rm0 nos0 ru0 dp0}{long-int fixed}{ sir@ ___fsadd_mant1_1_22}[r0x1000 r0x1001 r0x100C r0x100D ] + iTemp49 [k70 lr58:86 so:0]{ ia0 a2p0 re1 rm0 nos0 ru0 dp0}{long-int fixed}{ sir@ ___fsadd_mant2_1_22}[r0x100E r0x100F r0x1010 r0x1011 ]
0172                  00672 _00119_DS_
                      00673 ;       .line   94; "../../libsdcc_mc30/fsadd.c"        mant1 += mant2;
0172   1600           00674         MOVAR   r0x1016
0173   1F80           00675         ADDRA   r0x100B
0174   1600           00676         MOVAR   r0x1017
0175   3403           00677         JBCLR   STATUS,0
0176   1800           00678         JZAR    r0x1017
0177   1F80           00679         ADDRA   r0x100A
0178   1600           00680         MOVAR   r0x1018
0179   3403           00681         JBCLR   STATUS,0
017A   1800           00682         JZAR    r0x1018
017B   1F80           00683         ADDRA   r0x1014
017C   1600           00684         MOVAR   r0x1019
017D   3403           00685         JBCLR   STATUS,0
017E   1800           00686         JZAR    r0x1019
017F   1F80           00687         ADDRA   r0x1015
                      00688 ;;[ICODE] ../../libsdcc_mc30/fsadd.c:96:        iTemp71 [k96 lr88:89 so:0]{ ia0 a2p0 re0 rm0 nos0 ru0 dp0}{char fixed} = iTemp43 [k62 lr53:131 so:0]{ ia0 a2p0 re1 rm0 nos0 ru0 dp0}{long-int fixed}{ sir@ ___fsadd_mant1_1_22}[r0x1000 r0x1001 r0x100C r0x100D ] < 0x0 {long-int literal}
                      00689 ;;signed compare: left < lit(0x0=0), size=4, mask=ffffffff
                      00690 ;       .line   96; "../../libsdcc_mc30/fsadd.c"        if (mant1 < 0)
0180   3803           00691         BSET    STATUS,0
0181   3380           00692         JBSET   r0x1015,7
0182   3C03           00693         BCLR    STATUS,0
0183   3003           00694         JBSET   STATUS,0
0184   2800           00695         GOTO    _00123_DS_
                      00696 ;;genSkipc:3195: created from rifx:00DE608C
                      00697 ;;[ICODE] ../../libsdcc_mc30/fsadd.c:96:        if iTemp71 [k96 lr88:89 so:0]{ ia0 a2p0 re0 rm0 nos0 ru0 dp0}{char fixed} == 0 goto _iffalse_8($19)
                      00698 ;;[ICODE] ../../libsdcc_mc30/fsadd.c:98:        iTemp43 [k62 lr53:131 so:0]{ ia0 a2p0 re1 rm0 nos0 ru0 dp0}{long-int fixed}{ sir@ ___fsadd_mant1_1_22}[r0x1000 r0x1001 r0x100C r0x100D ] = - iTemp43 [k62 lr53:131 so:0]{ ia0 a2p0 re1 rm0 nos0 ru0 dp0}{long-int fixed}{ sir@ ___fsadd_mant1_1_22}[r0x1000 r0x1001 r0x100C r0x100D ]
                      00699 ;       .line   98; "../../libsdcc_mc30/fsadd.c"        mant1 = -mant1;
0185   1C80           00700         COMR    r0x100B
0186   1C80           00701         COMR    r0x100A
0187   1C80           00702         COMR    r0x1014
0188   1C80           00703         COMR    r0x1015
0189   1980           00704         INCR    r0x100B
018A   3503           00705         JBCLR   STATUS,2
018B   1980           00706         INCR    r0x100A
018C   3503           00707         JBCLR   STATUS,2
018D   1980           00708         INCR    r0x1014
018E   3503           00709         JBCLR   STATUS,2
018F   1980           00710         INCR    r0x1015
                      00711 ;;[ICODE] ../../libsdcc_mc30/fsadd.c:99:        iTemp2 [k6 lr5:130 so:0]{ ia0 a2p0 re1 rm0 nos0 ru0 dp0}{unsigned-long-int fixed}{ sir@ ___fsadd_sign_1_22}[r0x1008 r0x1009 r0x100A r0x100B ] := 0x80000000 {unsigned-long-int literal}
                      00712 ;       .line   99; "../../libsdcc_mc30/fsadd.c"        sign = SIGNBIT;
0190   1D80           00713         CLRR    r0x1010
0191   1D80           00714         CLRR    r0x1011
0192   1D80           00715         CLRR    r0x1012
0193   0B80           00716         MOVAI   0x80
0194   1580           00717         MOVRA   r0x1013
                      00718 ;;[ICODE] ../../libsdcc_mc30/fsadd.c:99:         goto preHeaderLbl0($41)
0195   2800           00719         GOTO    _00125_DS_
                      00720 ;;[ICODE] ../../libsdcc_mc30/fsadd.c:99:  _iffalse_8($19) :
                      00721 ;;[ICODE] ../../libsdcc_mc30/fsadd.c:101:       if iTemp43 [k62 lr53:131 so:0]{ ia0 a2p0 re1 rm0 nos0 ru0 dp0}{long-int fixed}{ sir@ ___fsadd_mant1_1_22}[r0x1000 r0x1001 r0x100C r0x100D ] != 0 goto preHeaderLbl0($41)
0196                  00722 _00123_DS_
                      00723 ;       .line   101; "../../libsdcc_mc30/fsadd.c"       else if (!mant1)
0196   1600           00724         MOVAR   r0x100B
0197   1700           00725         ORAR    r0x100A
0198   1700           00726         ORAR    r0x1014
0199   1700           00727         ORAR    r0x1015
019A   3103           00728         JBSET   STATUS,2
019B   2800           00729         GOTO    _00125_DS_
                      00730 ;;[ICODE] ../../libsdcc_mc30/fsadd.c:102:       ret 0 {float literal}
                      00731 ;       .line   102; "../../libsdcc_mc30/fsadd.c"       return (0);
019C   0B00           00732         MOVAI   0x00
019D   1580           00733         MOVRA   STK02
019E   0B00           00734         MOVAI   0x00
019F   1580           00735         MOVRA   STK01
01A0   0B00           00736         MOVAI   0x00
01A1   1580           00737         MOVRA   STK00
01A2   0B00           00738         MOVAI   0x00
01A3   2800           00739         GOTO    _00133_DS_
                      00740 ;;[ICODE] ../../libsdcc_mc30/fsadd.c:105:  preHeaderLbl0($41) :
                      00741 ;;[ICODE] ../../libsdcc_mc30/fsadd.c:105:       iTemp77 [k102 lr98:109 so:0]{ ia0 a2p0 re0 rm0 nos0 ru0 dp0}{int fixed}[r0x1004 r0x1005 ] := iTemp19 [k32 lr28:98 so:0]{ ia0 a2p0 re1 rm0 nos0 ru0 dp0}{int fixed}{ sir@ ___fsadd_exp1_1_22}[r0x1004 r0x1005 ]
                      00742 ;;[ICODE] ../../libsdcc_mc30/fsadd.c:105:  _whilecontinue_0($21) :
                      00743 ;;[ICODE] ../../libsdcc_mc30/fsadd.c:105:       iTemp73 [k98 lr101:102 so:0]{ ia0 a2p0 re0 rm0 nos0 ru0 dp0}{unsigned-long-int register}[r0x1006 r0x1007 r0x100E r0x100F ] = (unsigned-long-int register)iTemp43 [k62 lr53:131 so:0]{ ia0 a2p0 re1 rm0 nos0 ru0 dp0}{long-int fixed}{ sir@ ___fsadd_mant1_1_22}[r0x1000 r0x1001 r0x100C r0x100D ]
01A4                  00744 _00125_DS_
                      00745 ;       .line   105; "../../libsdcc_mc30/fsadd.c"       while (mant1<HIDDEN) {
01A4   1600           00746         MOVAR   r0x100B
01A5   1580           00747         MOVRA   r0x100D
01A6   1600           00748         MOVAR   r0x100A
01A7   1580           00749         MOVRA   r0x100C
                      00750 ;;112   MOVAR   r0x1014
01A8   1600           00751         MOVAR   r0x1015
01A9   1580           00752         MOVRA   r0x1017
                      00753 ;;[ICODE] ../../libsdcc_mc30/fsadd.c:105:       iTemp74 [k99 lr102:103 so:0]{ ia0 a2p0 re0 rm0 nos0 ru0 dp0}{char fixed} = iTemp73 [k98 lr101:102 so:0]{ ia0 a2p0 re0 rm0 nos0 ru0 dp0}{unsigned-long-int register}[r0x1006 r0x1007 r0x100E r0x100F ] & 0xff800000 {const-long-int literal}
                      00754 ;;111   MOVAR   r0x1016
01AA   1600           00755         MOVAR   r0x1014
01AB   1580           00756         MOVRA   r0x1016
01AC   3780           00757         JBCLR   r0x1016,7
01AD   2800           00758         GOTO    _00130_DS_
01AE   1600           00759         MOVAR   r0x1017
01AF   0DFF           00760         ANDAI   0xff
01B0   3103           00761         JBSET   STATUS,2
01B1   2800           00762         GOTO    _00130_DS_
                      00763 ;;[ICODE] ../../libsdcc_mc30/fsadd.c:105:       if iTemp74 [k99 lr102:103 so:0]{ ia0 a2p0 re0 rm0 nos0 ru0 dp0}{char fixed} != 0 goto preHeaderLbl1($44)
                      00764 ;;[ICODE] ../../libsdcc_mc30/fsadd.c:106:       iTemp43 [k62 lr53:131 so:0]{ ia0 a2p0 re1 rm0 nos0 ru0 dp0}{long-int fixed}{ sir@ ___fsadd_mant1_1_22}[r0x1000 r0x1001 r0x100C r0x100D ] = iTemp43 [k62 lr53:131 so:0]{ ia0 a2p0 re1 rm0 nos0 ru0 dp0}{long-int fixed}{ sir@ ___fsadd_mant1_1_22}[r0x1000 r0x1001 r0x100C r0x100D ] << 0x1 {const-unsigned-char literal}
                      00765 ;       .line   106; "../../libsdcc_mc30/fsadd.c"       mant1 <<= 1;
01B2   3C03           00766         BCLR    STATUS,0
01B3   1480           00767         RLR     r0x100B
01B4   1480           00768         RLR     r0x100A
01B5   1480           00769         RLR     r0x1014
01B6   1480           00770         RLR     r0x1015
                      00771 ;;[ICODE] ../../libsdcc_mc30/fsadd.c:107:       iTemp77 [k102 lr98:109 so:0]{ ia0 a2p0 re0 rm0 nos0 ru0 dp0}{int fixed}[r0x1004 r0x1005 ] = iTemp77 [k102 lr98:109 so:0]{ ia0 a2p0 re0 rm0 nos0 ru0 dp0}{int fixed}[r0x1004 r0x1005 ] - 0x1 {const-unsigned-char literal}
                      00772 ;       .line   107; "../../libsdcc_mc30/fsadd.c"       exp1--;
01B7   0BFF           00773         MOVAI   0xff
01B8   1F80           00774         ADDRA   r0x100F
01B9   3003           00775         JBSET   STATUS,0
01BA   1B80           00776         DECR    r0x100E
                      00777 ;;[ICODE] ../../libsdcc_mc30/fsadd.c:107:        goto _whilecontinue_0($21)
01BB   2800           00778         GOTO    _00125_DS_
                      00779 ;;[ICODE] ../../libsdcc_mc30/fsadd.c:111:  preHeaderLbl1($44) :
                      00780 ;;[ICODE] ../../libsdcc_mc30/fsadd.c:111:       iTemp84 [k109 lr109:128 so:0]{ ia0 a2p0 re0 rm0 nos0 ru0 dp0}{int fixed}{ sir@ ___fsadd_exp1_1_22}[r0x1004 r0x1005 ] := iTemp77 [k102 lr98:109 so:0]{ ia0 a2p0 re0 rm0 nos0 ru0 dp0}{int fixed}[r0x1004 r0x1005 ]
                      00781 ;;[ICODE] ../../libsdcc_mc30/fsadd.c:111:  _whilecontinue_1($26) :
                      00782 ;;[ICODE] ../../libsdcc_mc30/fsadd.c:111:       iTemp78 [k103 lr112:125 so:0]{ ia0 a2p0 re0 rm0 nos0 ru0 dp0}{unsigned-long-int register}[r0x1006 r0x1007 r0x100E r0x100F ] = (unsigned-long-int register)iTemp43 [k62 lr53:131 so:0]{ ia0 a2p0 re1 rm0 nos0 ru0 dp0}{long-int fixed}{ sir@ ___fsadd_mant1_1_22}[r0x1000 r0x1001 r0x100C r0x100D ]
01BC                  00783 _00130_DS_
                      00784 ;       .line   111; "../../libsdcc_mc30/fsadd.c"       while (mant1 & 0xff000000) {
01BC   1600           00785         MOVAR   r0x100B
01BD   1580           00786         MOVRA   r0x100D
01BE   1600           00787         MOVAR   r0x100A
01BF   1580           00788         MOVRA   r0x100C
01C0   1600           00789         MOVAR   r0x1014
01C1   1580           00790         MOVRA   r0x1016
                      00791 ;;114   MOVAR   r0x1015
                      00792 ;;[ICODE] ../../libsdcc_mc30/fsadd.c:111:       iTemp79 [k104 lr113:114 so:0]{ ia0 a2p0 re0 rm0 nos0 ru0 dp0}{unsigned-long-int register} = iTemp78 [k103 lr112:125 so:0]{ ia0 a2p0 re0 rm0 nos0 ru0 dp0}{unsigned-long-int register}[r0x1006 r0x1007 r0x100E r0x100F ] & 0xff000000 {const-unsigned-long-int literal}
                      00793 ;;113   MOVAR   r0x1017
01C2   1600           00794         MOVAR   r0x1015
01C3   1580           00795         MOVRA   r0x1017
01C4   0DFF           00796         ANDAI   0xff
01C5   3503           00797         JBCLR   STATUS,2
01C6   2800           00798         GOTO    _00132_DS_
                      00799 ;;[ICODE] ../../libsdcc_mc30/fsadd.c:111:       if iTemp79 [k104 lr113:114 so:0]{ ia0 a2p0 re0 rm0 nos0 ru0 dp0}{unsigned-long-int register} == 0 goto _whilebreak_1($28)
                      00800 ;;[ICODE] ../../libsdcc_mc30/fsadd.c:112:       iTemp80 [k105 lr115:116 so:0]{ ia0 a2p0 re0 rm0 nos0 ru0 dp0}{long-int fixed} = iTemp43 [k62 lr53:131 so:0]{ ia0 a2p0 re1 rm0 nos0 ru0 dp0}{long-int fixed}{ sir@ ___fsadd_mant1_1_22}[r0x1000 r0x1001 r0x100C r0x100D ] & 0x1 {long-int literal}
                      00801 ;       .line   112; "../../libsdcc_mc30/fsadd.c"       if (mant1&1)
01C7   3000           00802         JBSET   r0x100B,0
01C8   2800           00803         GOTO    _00129_DS_
                      00804 ;;[ICODE] ../../libsdcc_mc30/fsadd.c:112:       if iTemp80 [k105 lr115:116 so:0]{ ia0 a2p0 re0 rm0 nos0 ru0 dp0}{long-int fixed} == 0 goto _iffalse_9($25)
                      00805 ;;[ICODE] ../../libsdcc_mc30/fsadd.c:113:       iTemp43 [k62 lr53:131 so:0]{ ia0 a2p0 re1 rm0 nos0 ru0 dp0}{long-int fixed}{ sir@ ___fsadd_mant1_1_22}[r0x1000 r0x1001 r0x100C r0x100D ] = iTemp43 [k62 lr53:131 so:0]{ ia0 a2p0 re1 rm0 nos0 ru0 dp0}{long-int fixed}{ sir@ ___fsadd_mant1_1_22}[r0x1000 r0x1001 r0x100C r0x100D ] + 0x2 {long-int literal}
                      00806 ;       .line   113; "../../libsdcc_mc30/fsadd.c"       mant1 += 2;
01C9   0B02           00807         MOVAI   0x02
01CA   1F80           00808         ADDRA   r0x100B
01CB   3403           00809         JBCLR   STATUS,0
01CC   1980           00810         INCR    r0x100A
01CD   3503           00811         JBCLR   STATUS,2
01CE   1980           00812         INCR    r0x1014
01CF   3503           00813         JBCLR   STATUS,2
01D0   1980           00814         INCR    r0x1015
                      00815 ;;[ICODE] ../../libsdcc_mc30/fsadd.c:113:  _iffalse_9($25) :
                      00816 ;;[ICODE] ../../libsdcc_mc30/fsadd.c:114:       iTemp43 [k62 lr53:131 so:0]{ ia0 a2p0 re1 rm0 nos0 ru0 dp0}{long-int fixed}{ sir@ ___fsadd_mant1_1_22}[r0x1000 r0x1001 r0x100C r0x100D ] = iTemp43 [k62 lr53:131 so:0]{ ia0 a2p0 re1 rm0 nos0 ru0 dp0}{long-int fixed}{ sir@ ___fsadd_mant1_1_22}[r0x1000 r0x1001 r0x100C r0x100D ] >> 0x1 {const-unsigned-char literal}
                      00817 ;;shiftRight_Left2ResultLit:5216: shCount=1, size=4, sign=1, same=1, offr=0
01D1                  00818 _00129_DS_
                      00819 ;       .line   114; "../../libsdcc_mc30/fsadd.c"       mant1 >>= 1 ;
01D1   3C03           00820         BCLR    STATUS,0
01D2   3780           00821         JBCLR   r0x1015,7
01D3   3803           00822         BSET    STATUS,0
01D4   1380           00823         RRR     r0x1015
01D5   1380           00824         RRR     r0x1014
01D6   1380           00825         RRR     r0x100A
01D7   1380           00826         RRR     r0x100B
                      00827 ;;[ICODE] ../../libsdcc_mc30/fsadd.c:115:       iTemp84 [k109 lr109:128 so:0]{ ia0 a2p0 re0 rm0 nos0 ru0 dp0}{int fixed}{ sir@ ___fsadd_exp1_1_22}[r0x1004 r0x1005 ] = iTemp84 [k109 lr109:128 so:0]{ ia0 a2p0 re0 rm0 nos0 ru0 dp0}{int fixed}{ sir@ ___fsadd_exp1_1_22}[r0x1004 r0x1005 ] + 0x1 {const-unsigned-char literal}
                      00828 ;       .line   115; "../../libsdcc_mc30/fsadd.c"       exp1++;
01D8   1980           00829         INCR    r0x100F
01D9   3503           00830         JBCLR   STATUS,2
01DA   1980           00831         INCR    r0x100E
                      00832 ;;[ICODE] ../../libsdcc_mc30/fsadd.c:115:        goto _whilecontinue_1($26)
01DB   2800           00833         GOTO    _00130_DS_
                      00834 ;;[ICODE] ../../libsdcc_mc30/fsadd.c:115:  _whilebreak_1($28) :
                      00835 ;;[ICODE] ../../libsdcc_mc30/fsadd.c:119:       iTemp43 [k62 lr53:131 so:0]{ ia0 a2p0 re1 rm0 nos0 ru0 dp0}{long-int fixed}{ sir@ ___fsadd_mant1_1_22}[r0x1000 r0x1001 r0x100C r0x100D ] = iTemp78 [k103 lr112:125 so:0]{ ia0 a2p0 re0 rm0 nos0 ru0 dp0}{unsigned-long-int register}[r0x1006 r0x1007 r0x100E r0x100F ] & 0xff7fffff {unsigned-long-int literal}
01DC                  00836 _00132_DS_
                      00837 ;       .line   119; "../../libsdcc_mc30/fsadd.c"       mant1 &= ~HIDDEN;
01DC   1600           00838         MOVAR   r0x100D
01DD   1580           00839         MOVRA   r0x100B
01DE   1600           00840         MOVAR   r0x100C
01DF   1580           00841         MOVRA   r0x100A
01E0   0B7F           00842         MOVAI   0x7f
01E1   1E00           00843         ANDAR   r0x1016
01E2   1580           00844         MOVRA   r0x1014
01E3   1600           00845         MOVAR   r0x1017
01E4   1580           00846         MOVRA   r0x1015
                      00847 ;;[ICODE] ../../libsdcc_mc30/fsadd.c:122:       iTemp87 [k112 lr127:133 so:0]{ ia0 a2p0 re0 rm1 nos0 ru0 dp0}{volatile-unsigned-long-int near* fixed}[remat] = &[___fsadd_fl1_1_22 [k8 lr0:0 so:0]{ ia0 a2p0 re0 rm0 nos0 ru0 dp0}{volatile-struct float_long fixed}]
                      00848 ;;[ICODE] ../../libsdcc_mc30/fsadd.c:122:       iTemp89 [k115 lr128:129 so:0]{ ia0 a2p0 re0 rm0 nos0 ru0 dp0}{unsigned-long-int fixed}[r0x1006 r0x1007 r0x100E r0x100F ] = (unsigned-long-int fixed)iTemp84 [k109 lr109:128 so:0]{ ia0 a2p0 re0 rm0 nos0 ru0 dp0}{int fixed}{ sir@ ___fsadd_exp1_1_22}[r0x1004 r0x1005 ]
                      00849 ;       .line   122; "../../libsdcc_mc30/fsadd.c"       fl1.l = PACK (sign, (unsigned long) exp1, mant1);
01E5   1600           00850         MOVAR   r0x100F
01E6   1580           00851         MOVRA   r0x100D
01E7   1600           00852         MOVAR   r0x100E
01E8   1580           00853         MOVRA   r0x100C
01E9   0B00           00854         MOVAI   0x00
01EA   3780           00855         JBCLR   r0x100C,7
01EB   0BFF           00856         MOVAI   0xff
01EC   1580           00857         MOVRA   r0x1017
01ED   1580           00858         MOVRA   r0x1016
                      00859 ;;[ICODE] ../../libsdcc_mc30/fsadd.c:122:       iTemp90 [k116 lr129:130 so:0]{ ia0 a2p0 re0 rm0 nos0 ru0 dp0}{unsigned-long-int fixed}[r0x1004 r0x1005 r0x1010 r0x1011 ] = iTemp89 [k115 lr128:129 so:0]{ ia0 a2p0 re0 rm0 nos0 ru0 dp0}{unsigned-long-int fixed}[r0x1006 r0x1007 r0x100E r0x100F ] << 0x17 {const-unsigned-char literal}
01EE   1300           00860         RRAR    r0x100C
01EF   1300           00861         RRAR    r0x100D
01F0   1580           00862         MOVRA   r0x1019
01F1   1D80           00863         CLRR    r0x1018
01F2   1380           00864         RRR     r0x1018
01F3   1D80           00865         CLRR    r0x100E
01F4   1D80           00866         CLRR    r0x100F
                      00867 ;;[ICODE] ../../libsdcc_mc30/fsadd.c:122:       iTemp91 [k117 lr130:132 so:0]{ ia0 a2p0 re0 rm0 nos0 ru0 dp0}{unsigned-long-int fixed}[r0x1008 r0x1009 r0x100A r0x100B ] = iTemp2 [k6 lr5:130 so:0]{ ia0 a2p0 re1 rm0 nos0 ru0 dp0}{unsigned-long-int fixed}{ sir@ ___fsadd_sign_1_22}[r0x1008 r0x1009 r0x100A r0x100B ] | iTemp90 [k116 lr129:130 so:0]{ ia0 a2p0 re0 rm0 nos0 ru0 dp0}{unsigned-long-int fixed}[r0x1004 r0x1005 r0x1010 r0x1011 ]
01F5   0B00           00868         MOVAI   0x00
01F6   1780           00869         ORRA    r0x1010
01F7   0B00           00870         MOVAI   0x00
01F8   1780           00871         ORRA    r0x1011
01F9   1600           00872         MOVAR   r0x1018
01FA   1780           00873         ORRA    r0x1012
01FB   1600           00874         MOVAR   r0x1019
01FC   1780           00875         ORRA    r0x1013
                      00876 ;;[ICODE] ../../libsdcc_mc30/fsadd.c:122:       iTemp92 [k118 lr131:132 so:0]{ ia0 a2p0 re0 rm0 nos0 ru0 dp0}{unsigned-long-int fixed}[r0x1004 r0x1005 r0x1006 r0x1007 ] = (unsigned-long-int fixed)iTemp43 [k62 lr53:131 so:0]{ ia0 a2p0 re1 rm0 nos0 ru0 dp0}{long-int fixed}{ sir@ ___fsadd_mant1_1_22}[r0x1000 r0x1001 r0x100C r0x100D ]
                      00877 ;;102   MOVAR   r0x100B
                      00878 ;;104   MOVAR   r0x100A
                      00879 ;;106   MOVAR   r0x1014
                      00880 ;;108   MOVAR   r0x1015
                      00881 ;;[ICODE] ../../libsdcc_mc30/fsadd.c:122:       iTemp93 [k119 lr132:133 so:0]{ ia0 a2p0 re0 rm0 nos0 ru0 dp0}{unsigned-long-int fixed}[r0x1000 r0x1001 r0x100C r0x100D ] = iTemp91 [k117 lr130:132 so:0]{ ia0 a2p0 re0 rm0 nos0 ru0 dp0}{unsigned-long-int fixed}[r0x1008 r0x1009 r0x100A r0x100B ] | iTemp92 [k118 lr131:132 so:0]{ ia0 a2p0 re0 rm0 nos0 ru0 dp0}{unsigned-long-int fixed}[r0x1004 r0x1005 r0x1006 r0x1007 ]
                      00882 ;;101   MOVAR   r0x100F
01FD   1600           00883         MOVAR   r0x100B
01FE   1580           00884         MOVRA   r0x100F
01FF   1700           00885         ORAR    r0x1010
0200   1580           00886         MOVRA   (___fsadd_fl1_1_22 + 0)
0201   1580           00887         MOVRA   r0x100B
                      00888 ;;103   MOVAR   r0x100E
0202   1600           00889         MOVAR   r0x100A
0203   1580           00890         MOVRA   r0x100E
0204   1700           00891         ORAR    r0x1011
0205   1580           00892         MOVRA   (___fsadd_fl1_1_22 + 1)
0206   1580           00893         MOVRA   r0x100A
                      00894 ;;105   MOVAR   r0x100D
0207   1600           00895         MOVAR   r0x1014
0208   1580           00896         MOVRA   r0x100D
0209   1700           00897         ORAR    r0x1012
020A   1580           00898         MOVRA   (___fsadd_fl1_1_22 + 2)
020B   1580           00899         MOVRA   r0x1014
                      00900 ;;107   MOVAR   r0x100C
020C   1600           00901         MOVAR   r0x1015
020D   1580           00902         MOVRA   r0x100C
020E   1700           00903         ORAR    r0x1013
020F   1580           00904         MOVRA   (___fsadd_fl1_1_22 + 3)
0210   1580           00905         MOVRA   r0x1015
                      00906 ;;[ICODE] ../../libsdcc_mc30/fsadd.c:122:       *(iTemp87 [k112 lr127:133 so:0]{ ia1 a2p0 re0 rm1 nos0 ru0 dp0}{volatile-unsigned-long-int near* fixed}[remat]) := iTemp93 [k119 lr132:133 so:0]{ ia0 a2p0 re0 rm0 nos0 ru0 dp0}{unsigned-long-int fixed}[r0x1000 r0x1001 r0x100C r0x100D ]
                      00907 ;;gen.c:6374: size=3/4, offset=0, AOP_TYPE(res)=8
                      00908 ;;99    MOVAR   r0x100B
                      00909 ;;gen.c:6374: size=2/4, offset=1, AOP_TYPE(res)=8
                      00910 ;;100   MOVAR   r0x100A
                      00911 ;;gen.c:6374: size=1/4, offset=2, AOP_TYPE(res)=8
                      00912 ;;109   MOVAR   r0x1014
                      00913 ;;gen.c:6374: size=0/4, offset=3, AOP_TYPE(res)=8
                      00914 ;;110   MOVAR   r0x1015
                      00915 ;;[ICODE] ../../libsdcc_mc30/fsadd.c:124:       iTemp94 [k120 lr134:135 so:0]{ ia0 a2p0 re0 rm1 nos0 ru0 dp0}{volatile-float near* fixed}[remat] = &[___fsadd_fl1_1_22 [k8 lr0:0 so:0]{ ia0 a2p0 re0 rm0 nos0 ru0 dp0}{volatile-struct float_long fixed}]
                      00916 ;;[ICODE] ../../libsdcc_mc30/fsadd.c:124:       iTemp96 [k123 lr135:136 so:0]{ ia0 a2p0 re0 rm0 nos0 ru1 dp0}{volatile-float fixed}[r0x1000 r0x1001 r0x1004 r0x1005 ] = @[iTemp94 [k120 lr134:135 so:0]{ ia1 a2p0 re0 rm1 nos0 ru0 dp0}{volatile-float near* fixed}[remat] + 0x0 {const-unsigned-char literal}]
                      00917 ;       .line   124; "../../libsdcc_mc30/fsadd.c"       return (fl1.f);
0211   1600           00918         MOVAR   (___fsadd_fl1_1_22 + 0)
0212   1580           00919         MOVRA   r0x100B
0213   1600           00920         MOVAR   (___fsadd_fl1_1_22 + 1)
0214   1580           00921         MOVRA   r0x100A
0215   1600           00922         MOVAR   (___fsadd_fl1_1_22 + 2)
0216   1580           00923         MOVRA   r0x100F
0217   1600           00924         MOVAR   (___fsadd_fl1_1_22 + 3)
0218   1580           00925         MOVRA   r0x100E
                      00926 ;;[ICODE] ../../libsdcc_mc30/fsadd.c:124:       ret iTemp96 [k123 lr135:136 so:0]{ ia0 a2p0 re0 rm0 nos0 ru1 dp0}{volatile-float fixed}[r0x1000 r0x1001 r0x1004 r0x1005 ]
0219   1600           00927         MOVAR   r0x100B
021A   1580           00928         MOVRA   STK02
021B   1600           00929         MOVAR   r0x100A
021C   1580           00930         MOVRA   STK01
021D   1600           00931         MOVAR   r0x100F
021E   1580           00932         MOVRA   STK00
021F   1600           00933         MOVAR   r0x100E
                      00934 ;;[ICODE] ../../libsdcc_mc30/fsadd.c:124:  _return($29) :
                      00935 ;;[ICODE] ../../libsdcc_mc30/fsadd.c:124:       eproc ___fsadd [k1 lr0:0 so:0]{ ia0 a2p0 re0 rm0 nos0 ru0 dp0}{float function ( float fixed, float fixed) fixed}
0220                  00936 _00133_DS_
0220   000C           00937         RETURN  
                      00938 ; exit point of ___fsadd
                      00939 
                      00940 
                      00941 ;       code size estimation:
                      00942 ;         545+    0 =   545 instructions ( 1090 byte)
                      00943 
                      00944         end
gpasm-2.0.0_beta2 (Nov  6 2017)fsadd.asm          2018-1-12  13:52:53          PAGE  2


SYMBOL TABLE
  LABEL                             VALUE

BUZE                              00000005
C                                 00000000
DBLCK                             00000004
DC                                00000001
DDR0                              00000045
DDR00                             00000000
DDR01                             00000001
DDR02                             00000002
DDR03                             00000003
DDR1                              00000046
DDR10                             00000000
DDR11                             00000001
DDR12                             00000002
DDR13                             00000003
DDR14                             00000004
DDR15                             00000005
DDR16                             00000006
DDR17                             00000007
EIS                               00000006
FSR                               00000004
FSR0                              00000000
FSR1                              00000001
FSR2                              00000002
FSR3                              00000003
FSR4                              00000004
FSR5                              00000005
GIE                               00000007
INDF                              00000000
INDF0                             00000000
INDF1                             00000001
INDF2                             00000002
INDF3                             00000003
INDF4                             00000004
INDF5                             00000005
INDF6                             00000006
INDF7                             00000007
INTECON                           0000000E
INTFLAG                           0000000F
INTIE                             00000002
INTIF                             00000002
INTOM                             00000006
KBIE                              00000001
KBIF                              00000001
KBIM                              00000009
KBIM0                             00000000
KBIM1                             00000001
KBIM2                             00000002
KBIM3                             00000003
KBIM4                             00000004
KBIM5                             00000005
KBIM6                             00000006
KBIM7                             00000007
LVDEN                             00000000
LVDF                              00000005
LVDSEL0                           00000001
LVDSEL1                           00000002
LVDSEL2                           00000003
LVDSEL3                           00000004
MCR                               00000008
ODCON                             0000000C
P0                                00000005
P00D                              00000000
P00PD                             00000000
P01D                              00000001
P01PD                             00000001
P02D                              00000002
P02PD                             00000002
P03D                              00000003
P03PD                             00000003
P1                                00000006
P10D                              00000000
P10OD                             00000000
P10PD                             00000004
P10PU                             00000000
P11D                              00000001
P11OD                             00000001
P11PD                             00000005
P11PU                             00000001
P12D                              00000002
P12OD                             00000002
P12PD                             00000006
P12PU                             00000002
P13D                              00000003
P13PU                             00000003
P14D                              00000004
P14OD                             00000004
P14PU                             00000004
P15D                              00000005
P15OD                             00000005
P15PU                             00000005
P16D                              00000006
P16OD                             00000006
P16PU                             00000006
P17D                              00000007
P17OD                             00000007
P17PU                             00000007
PC0                               00000000
PC1                               00000001
PC2                               00000002
PC3                               00000003
PC4                               00000004
PC5                               00000005
PC6                               00000006
PC7                               00000007
PCH0                              00000000
PCH1                              00000001
PCL                               00000002
PCLATH                            0000000A
PD                                00000003
PDCON                             0000000B
PMW0OE                            00000007
PMW1E                             00000001
PUCON                             0000000D
PWM0E                             00000006
PWM1OE                            00000006
PWM2E                             00000000
PWM2OE                            00000005
PWMCR                             00000048
PWMINV                            00000002
PWMMD                             00000003
RST                               00000007
STATUS                            00000003
STK00                             00000000
STK01                             00000000
STK02                             00000000
STK03                             00000000
STK04                             00000000
STK05                             00000000
STK06                             00000000
T0C0                              00000000
T0C1                              00000001
T0C2                              00000002
T0C3                              00000003
T0C4                              00000004
T0C5                              00000005
T0C6                              00000006
T0C7                              00000007
T0CNT                             00000001
T0CR                              00000041
T0IE                              00000000
T0IF                              00000000
T0PR0                             00000000
T0PR1                             00000001
T0PR2                             00000002
T0PTA                             00000003
T0PTS                             00000005
T0SE                              00000004
T1C0                              00000000
T1C1                              00000001
T1C2                              00000002
T1C3                              00000003
T1C4                              00000004
T1C5                              00000005
T1C6                              00000006
T1C7                              00000007
T1CNT                             0000004D
T1CR                              0000004C
T1DAT0                            0000004F
T1DAT00                           00000000
T1DAT01                           00000001
T1DAT02                           00000002
T1DAT03                           00000003
T1DAT04                           00000004
T1DAT05                           00000005
T1DAT06                           00000006
T1DAT07                           00000007
T1DAT1                            00000049
T1DAT10                           00000000
T1DAT11                           00000001
T1DAT12                           00000002
T1DAT13                           00000003
T1DAT14                           00000004
T1DAT15                           00000005
T1DAT16                           00000006
T1DAT17                           00000007
T1DAT2                            0000004A
T1DAT20                           00000000
T1DAT21                           00000001
T1DAT22                           00000002
T1DAT23                           00000003
T1DAT24                           00000004
T1DAT25                           00000005
T1DAT26                           00000006
T1DAT27                           00000007
T1IE                              00000001
T1IF                              00000000
T1LOAD                            0000004E
T1LOAD0                           00000000
T1LOAD1                           00000001
T1LOAD2                           00000002
T1LOAD3                           00000003
T1LOAD4                           00000004
T1LOAD5                           00000005
T1LOAD6                           00000006
T1LOAD7                           00000007
T1PR0                             00000000
T1PR1                             00000001
T1PR2                             00000002
T1PTS0                            00000003
T1PTS1                            00000004
TBS                               00000007
TC1EN                             00000007
TM0CR                             0000004B
TO                                00000004
WDTEN                             00000007
Z                                 00000002
_00106_DS_                        0000003F
_00108_DS_                        0000005D
_00110_DS_                        000000AE
_00112_DS_                        000000D1
_00114_DS_                        00000103
_00116_DS_                        0000011F
_00118_DS_                        0000014D
_00119_DS_                        00000172
_00123_DS_                        00000196
_00125_DS_                        000001A4
_00129_DS_                        000001D1
_00130_DS_                        000001BC
_00132_DS_                        000001DC
_00133_DS_                        00000220
_00165_DS_                        0000009C
_00166_DS_                        000000BF
_00167_DS_                        00000129
_00168_DS_                        00000139
_00169_DS_                        0000014C
_00170_DS_                        00000144
_00171_DS_                        00000145
_00172_DS_                        0000015B
_00173_DS_                        0000016E
_00174_DS_                        00000166
_00175_DS_                        00000167
_CONFIG0                          00002000
_CONFIG1                          00002001
__30P011                          00000001
___fs2schar                       00000000
___fs2sint                        00000000
___fs2slong                       00000000
___fs2uchar                       00000000
___fs2uint                        00000000
___fs2ulong                       00000000
___fsadd                          00000000
___fsadd_fl1_1_22                 00000018
___fsadd_fl2_1_22                 0000001C
___fsdiv                          00000000
___fseq                           00000000
___fsgt                           00000000
___fslt                           00000000
___fsmul                          00000000
___fsneq                          00000000
___fssub                          00000000
___schar2fs                       00000000
___sint2fs                        00000000
___slong2fs                       00000000
___uchar2fs                       00000000
___uint2fs                        00000000
___ulong2fs                       00000000
r0x1008                           00000003
r0x1009                           00000002
r0x100A                           00000001
r0x100B                           00000000
r0x100C                           00000007
r0x100D                           00000006
r0x100E                           00000005
r0x100F                           00000004
r0x1010                           00000008
r0x1011                           00000009
r0x1012                           0000000A
r0x1013                           0000000B
r0x1014                           0000000C
r0x1015                           0000000D
r0x1016                           0000000E
r0x1017                           0000000F
r0x1018                           00000010
r0x1019                           00000011
r0x101A                           00000012
r0x101B                           00000013
r0x101C                           00000014
r0x101D                           00000015
r0x101E                           00000016
r0x101F                           00000017

Errors   :     0
Warnings :     0 reported,     0 suppressed
Messages :     0 reported,     0 suppressed

