gpasm-2.0.0_beta2 (Nov  6 2017)fseq.asm           2018-1-12  13:52:54          PAGE  1


LOC  OBJECT CODE     LINE SOURCE TEXT
  VALUE

                      00001 ;--------------------------------------------------------
                      00002 ; File Created by SN-SDCC : SinoMCU ANSI-C Compiler
                      00003 ; Version 1.1.0 (Dec 19 2017) (MINGW32)
                      00004 ; This file was generated Fri Jan 12 13:52:54 2018
                      00005 ;--------------------------------------------------------
                      00006 ; MC30 port for the RISC core
                      00007 ;--------------------------------------------------------
                      00008 ;       .file   "../../libsdcc_mc30/fseq.c"
                      00009         list    p=0311
                      00010         radix dec
                      00011         include "0311.inc"
                      00001                 LIST
                      00002 ;mc30p6080.inc    Standard Header File, Version 1.00 by Sinomcu
                      00326                 LIST
                      00012 ;--------------------------------------------------------
                      00013 ; external declarations
                      00014 ;--------------------------------------------------------
                      00015         extern  ___uchar2fs
                      00016         extern  ___schar2fs
                      00017         extern  ___uint2fs
                      00018         extern  ___sint2fs
                      00019         extern  ___ulong2fs
                      00020         extern  ___slong2fs
                      00021         extern  ___fs2uchar
                      00022         extern  ___fs2schar
                      00023         extern  ___fs2uint
                      00024         extern  ___fs2sint
                      00025         extern  ___fs2ulong
                      00026         extern  ___fs2slong
                      00027         extern  ___fsadd
                      00028         extern  ___fssub
                      00029         extern  ___fsmul
                      00030         extern  ___fsdiv
                      00031         extern  ___fslt
                      00032         extern  ___fsneq
                      00033         extern  ___fsgt
                      00034 
                      00035         extern STK06
                      00036         extern STK05
                      00037         extern STK04
                      00038         extern STK03
                      00039         extern STK02
                      00040         extern STK01
                      00041         extern STK00
                      00042 ;--------------------------------------------------------
                      00043 ; global declarations
                      00044 ;--------------------------------------------------------
                      00045         global  ___fseq
                      00046 
                      00047 ;--------------------------------------------------------
                      00048 ; global definitions
                      00049 ;--------------------------------------------------------
                      00050 ;--------------------------------------------------------
                      00051 ; absolute symbol definitions
                      00052 ;--------------------------------------------------------
                      00053 ;--------------------------------------------------------
                      00054 ; compiler-defined variables
                      00055 ;--------------------------------------------------------
                      00056 UDL_fseq_0      udata
0000                  00057 r0x100B res     1
0000                  00058 r0x100A res     1
0001                  00059 r0x1009 res     1
0001                  00060 r0x1008 res     1
0002                  00061 r0x100F res     1
0002                  00062 r0x100E res     1
0003                  00063 r0x100D res     1
0003                  00064 r0x100C res     1
0004                  00065 ___fseq_fl1_1_22        res     4
0006                  00066 ___fseq_fl2_1_22        res     4
                      00067 ;--------------------------------------------------------
                      00068 ; initialized data
                      00069 ;--------------------------------------------------------
                      00070 
                      00071 ;@Allocation info for local variables in function '__fseq'
                      00072 ;@__fseq __uchar2fs                Allocated to registers ;size:2
                      00073 ;@__fseq __schar2fs                Allocated to registers ;size:2
                      00074 ;@__fseq __uint2fs                 Allocated to registers ;size:2
                      00075 ;@__fseq __sint2fs                 Allocated to registers ;size:2
                      00076 ;@__fseq __ulong2fs                Allocated to registers ;size:2
                      00077 ;@__fseq __slong2fs                Allocated to registers ;size:2
                      00078 ;@__fseq __fs2uchar                Allocated to registers ;size:2
                      00079 ;@__fseq __fs2schar                Allocated to registers ;size:2
                      00080 ;@__fseq __fs2uint                 Allocated to registers ;size:2
                      00081 ;@__fseq __fs2sint                 Allocated to registers ;size:2
                      00082 ;@__fseq __fs2ulong                Allocated to registers ;size:2
                      00083 ;@__fseq __fs2slong                Allocated to registers ;size:2
                      00084 ;@__fseq __fsadd                   Allocated to registers ;size:2
                      00085 ;@__fseq __fssub                   Allocated to registers ;size:2
                      00086 ;@__fseq __fsmul                   Allocated to registers ;size:2
                      00087 ;@__fseq __fsdiv                   Allocated to registers ;size:2
                      00088 ;@__fseq __fslt                    Allocated to registers ;size:2
                      00089 ;@__fseq __fsneq                   Allocated to registers ;size:2
                      00090 ;@__fseq __fsgt                    Allocated to registers ;size:2
                      00091 ;@__fseq a2                        Allocated to registers r0x100F r0x100E r0x100D r0x100C ;size:4
                      00092 ;@__fseq a1                        Allocated to registers r0x100B r0x100A r0x1009 r0x1008 ;size:4
                      00093 ;@__fseq fl1                       Allocated to registers ;size:4
                      00094 ;@__fseq fl2                       Allocated to registers ;size:4
                      00095 ;@end Allocation info for local variables in function '__fseq';
                      00096 
                      00097 ;--------------------------------------------------------
                      00098 ; overlayable items in internal ram 
                      00099 ;--------------------------------------------------------
                      00100 ;       udata_ovr
                      00101 ;--------------------------------------------------------
                      00102 ; code
                      00103 ;--------------------------------------------------------
                      00104 code_fseq       code
                      00105 ;***
                      00106 ;  pBlock Stats: dbName = C
                      00107 ;***
                      00108 ;entry:  ___fseq        ;Function start
                      00109 ; 2 exit points
                      00110 ;has an exit
                      00111 ;15 compiler assigned registers:
                      00112 ;   r0x1008
                      00113 ;   STK00
                      00114 ;   r0x1009
                      00115 ;   STK01
                      00116 ;   r0x100A
                      00117 ;   STK02
                      00118 ;   r0x100B
                      00119 ;   STK03
                      00120 ;   r0x100C
                      00121 ;   STK04
                      00122 ;   r0x100D
                      00123 ;   STK05
                      00124 ;   r0x100E
                      00125 ;   STK06
                      00126 ;   r0x100F
                      00127 ;; Starting pCode block
                      00128 ;;[ICODE] ../../libsdcc_mc30/fseq.c:55:  _entry($4) :
                      00129 ;;[ICODE] ../../libsdcc_mc30/fseq.c:55:         proc ___fseq [k1 lr0:0 so:0]{ ia0 a2p0 re0 rm0 nos0 ru0 dp0}{char function ( float fixed, float fixed) fixed}
0000                  00130 ___fseq ;Function start
                      00131 ; 2 exit points
                      00132 ;;[ICODE] ../../libsdcc_mc30/fseq.c:55: iTemp0 [k2 lr3:6 so:0]{ ia0 a2p0 re1 rm0 nos0 ru0 dp0}{float fixed}{ sir@ ___fseq_a1_1_21}[r0x1000 r0x1001 r0x1002 r0x1003 ] = recv ___fseq [k1 lr0:0 so:0]{ ia0 a2p0 re0 rm0 nos0 ru0 dp0}{char function ( float fixed, float fixed) fixed}
                      00133 ;       .line   55; "../../libsdcc_mc30/fseq.c" char __fseq (float a1, float a2) _FS_REENTRANT
0000   1580           00134         MOVRA   r0x1008
0001   1600           00135         MOVAR   STK00
0002   1580           00136         MOVRA   r0x1009
0003   1600           00137         MOVAR   STK01
0004   1580           00138         MOVRA   r0x100A
0005   1600           00139         MOVAR   STK02
0006   1580           00140         MOVRA   (___fseq_fl1_1_22 + 0)
0007   1580           00141         MOVRA   r0x100B
                      00142 ;;[ICODE] ../../libsdcc_mc30/fseq.c:55: iTemp1 [k4 lr4:8 so:0]{ ia0 a2p0 re1 rm0 nos0 ru0 dp0}{float fixed}{ sir@ ___fseq_a2_1_21}[r0x1004 r0x1005 r0x1006 r0x1007 ] = recv ___fseq [k1 lr0:0 so:0]{ ia0 a2p0 re0 rm0 nos0 ru0 dp0}{char function ( float fixed, float fixed) fixed}
0008   1600           00143         MOVAR   STK03
0009   1580           00144         MOVRA   r0x100C
000A   1600           00145         MOVAR   STK04
000B   1580           00146         MOVRA   r0x100D
000C   1600           00147         MOVAR   STK05
000D   1580           00148         MOVRA   r0x100E
000E   1600           00149         MOVAR   STK06
000F   1580           00150         MOVRA   r0x100F
                      00151 ;;[ICODE] ../../libsdcc_mc30/fseq.c:59:         iTemp2 [k7 lr5:6 so:0]{ ia0 a2p0 re0 rm1 nos0 ru0 dp0}{volatile-float near* fixed}[remat] = &[___fseq_fl1_1_22 [k6 lr0:0 so:0]{ ia0 a2p0 re0 rm0 nos0 ru0 dp0}{volatile-struct float_long fixed}]
                      00152 ;;[ICODE] ../../libsdcc_mc30/fseq.c:59:         *(iTemp2 [k7 lr5:6 so:0]{ ia1 a2p0 re0 rm1 nos0 ru0 dp0}{volatile-float near* fixed}[remat]) := iTemp0 [k2 lr3:6 so:0]{ ia0 a2p0 re1 rm0 nos0 ru0 dp0}{float fixed}{ sir@ ___fseq_a1_1_21}[r0x1000 r0x1001 r0x1002 r0x1003 ]
                      00153 ;;gen.c:6374: size=3/4, offset=0, AOP_TYPE(res)=8
                      00154 ;;99    MOVAR   r0x100B
                      00155 ;;gen.c:6374: size=2/4, offset=1, AOP_TYPE(res)=8
                      00156 ;       .line   59; "../../libsdcc_mc30/fseq.c" fl1.f = a1;
0010   1600           00157         MOVAR   r0x100A
0011   1580           00158         MOVRA   (___fseq_fl1_1_22 + 1)
                      00159 ;;gen.c:6374: size=1/4, offset=2, AOP_TYPE(res)=8
0012   1600           00160         MOVAR   r0x1009
0013   1580           00161         MOVRA   (___fseq_fl1_1_22 + 2)
                      00162 ;;gen.c:6374: size=0/4, offset=3, AOP_TYPE(res)=8
0014   1600           00163         MOVAR   r0x1008
0015   1580           00164         MOVRA   (___fseq_fl1_1_22 + 3)
                      00165 ;;[ICODE] ../../libsdcc_mc30/fseq.c:60:         iTemp4 [k11 lr7:8 so:0]{ ia0 a2p0 re0 rm1 nos0 ru0 dp0}{volatile-float near* fixed}[remat] = &[___fseq_fl2_1_22 [k10 lr0:0 so:0]{ ia0 a2p0 re0 rm0 nos0 ru0 dp0}{volatile-struct float_long fixed}]
                      00166 ;;[ICODE] ../../libsdcc_mc30/fseq.c:60:         *(iTemp4 [k11 lr7:8 so:0]{ ia1 a2p0 re0 rm1 nos0 ru0 dp0}{volatile-float near* fixed}[remat]) := iTemp1 [k4 lr4:8 so:0]{ ia0 a2p0 re1 rm0 nos0 ru0 dp0}{float fixed}{ sir@ ___fseq_a2_1_21}[r0x1004 r0x1005 r0x1006 r0x1007 ]
                      00167 ;;gen.c:6374: size=3/4, offset=0, AOP_TYPE(res)=8
                      00168 ;       .line   60; "../../libsdcc_mc30/fseq.c" fl2.f = a2;
0016   1600           00169         MOVAR   r0x100F
0017   1580           00170         MOVRA   (___fseq_fl2_1_22 + 0)
                      00171 ;;gen.c:6374: size=2/4, offset=1, AOP_TYPE(res)=8
0018   1600           00172         MOVAR   r0x100E
0019   1580           00173         MOVRA   (___fseq_fl2_1_22 + 1)
                      00174 ;;gen.c:6374: size=1/4, offset=2, AOP_TYPE(res)=8
001A   1600           00175         MOVAR   r0x100D
001B   1580           00176         MOVRA   (___fseq_fl2_1_22 + 2)
                      00177 ;;gen.c:6374: size=0/4, offset=3, AOP_TYPE(res)=8
001C   1600           00178         MOVAR   r0x100C
001D   1580           00179         MOVRA   (___fseq_fl2_1_22 + 3)
                      00180 ;;[ICODE] ../../libsdcc_mc30/fseq.c:62:         iTemp6 [k14 lr9:10 so:0]{ ia0 a2p0 re0 rm1 nos0 ru0 dp0}{volatile-long-int near* fixed}[remat] = &[___fseq_fl1_1_22 [k6 lr0:0 so:0]{ ia0 a2p0 re0 rm0 nos0 ru0 dp0}{volatile-struct float_long fixed}]
                      00181 ;;[ICODE] ../../libsdcc_mc30/fseq.c:62:         iTemp8 [k17 lr10:13 so:0]{ ia0 a2p0 re0 rm0 nos0 ru0 dp0}{volatile-long-int fixed}[r0x1000 r0x1001 r0x1002 r0x1003 ] = @[iTemp6 [k14 lr9:10 so:0]{ ia1 a2p0 re0 rm1 nos0 ru0 dp0}{volatile-long-int near* fixed}[remat] + 0x0 {const-unsigned-char literal}]
                      00182 ;       .line   62; "../../libsdcc_mc30/fseq.c" if (fl1.l == fl2.l)
001E   1600           00183         MOVAR   (___fseq_fl1_1_22 + 0)
001F   1580           00184         MOVRA   r0x100B
0020   1600           00185         MOVAR   (___fseq_fl1_1_22 + 1)
0021   1580           00186         MOVRA   r0x100A
0022   1600           00187         MOVAR   (___fseq_fl1_1_22 + 2)
0023   1580           00188         MOVRA   r0x1009
0024   1600           00189         MOVAR   (___fseq_fl1_1_22 + 3)
0025   1580           00190         MOVRA   r0x1008
                      00191 ;;[ICODE] ../../libsdcc_mc30/fseq.c:62:         iTemp9 [k18 lr11:12 so:0]{ ia0 a2p0 re0 rm1 nos0 ru0 dp0}{volatile-long-int near* fixed}[remat] = &[___fseq_fl2_1_22 [k10 lr0:0 so:0]{ ia0 a2p0 re0 rm0 nos0 ru0 dp0}{volatile-struct float_long fixed}]
                      00192 ;;[ICODE] ../../libsdcc_mc30/fseq.c:62:         iTemp11 [k21 lr12:13 so:0]{ ia0 a2p0 re0 rm0 nos0 ru0 dp0}{volatile-long-int fixed}[r0x1004 r0x1005 r0x1006 r0x1007 ] = @[iTemp9 [k18 lr11:12 so:0]{ ia1 a2p0 re0 rm1 nos0 ru0 dp0}{volatile-long-int near* fixed}[remat] + 0x0 {const-unsigned-char literal}]
0026   1600           00193         MOVAR   (___fseq_fl2_1_22 + 0)
0027   1580           00194         MOVRA   r0x100F
0028   1600           00195         MOVAR   (___fseq_fl2_1_22 + 1)
0029   1580           00196         MOVRA   r0x100E
002A   1600           00197         MOVAR   (___fseq_fl2_1_22 + 2)
002B   1580           00198         MOVRA   r0x100D
002C   1600           00199         MOVAR   (___fseq_fl2_1_22 + 3)
002D   1580           00200         MOVRA   r0x100C
                      00201 ;;[ICODE] ../../libsdcc_mc30/fseq.c:62:         iTemp12 [k22 lr13:14 so:0]{ ia0 a2p0 re0 rm0 nos0 ru0 dp0}{char fixed} = iTemp8 [k17 lr10:13 so:0]{ ia0 a2p0 re0 rm0 nos0 ru0 dp0}{volatile-long-int fixed}[r0x1000 r0x1001 r0x1002 r0x1003 ] == iTemp11 [k21 lr12:13 so:0]{ ia0 a2p0 re0 rm0 nos0 ru0 dp0}{volatile-long-int fixed}[r0x1004 r0x1005 r0x1006 r0x1007 ]
002E   1600           00202         MOVAR   r0x100F
002F   1000           00203         XORAR   r0x100B
0030   3103           00204         JBSET   STATUS,2
0031   2800           00205         GOTO    _00106_DS_
0032   1600           00206         MOVAR   r0x100E
0033   1000           00207         XORAR   r0x100A
0034   3103           00208         JBSET   STATUS,2
0035   2800           00209         GOTO    _00106_DS_
0036   1600           00210         MOVAR   r0x100D
0037   1000           00211         XORAR   r0x1009
0038   3103           00212         JBSET   STATUS,2
0039   2800           00213         GOTO    _00106_DS_
003A   1600           00214         MOVAR   r0x100C
003B   1000           00215         XORAR   r0x1008
003C   3103           00216         JBSET   STATUS,2
003D   2800           00217         GOTO    _00106_DS_
                      00218 ;;[ICODE] ../../libsdcc_mc30/fseq.c:62:         if iTemp12 [k22 lr13:14 so:0]{ ia0 a2p0 re0 rm0 nos0 ru0 dp0}{char fixed} == 0 goto _iffalse_0($2)
                      00219 ;;[ICODE] ../../libsdcc_mc30/fseq.c:63:         ret 0x1 {const-unsigned-char literal}
                      00220 ;       .line   63; "../../libsdcc_mc30/fseq.c" return (1);
003E   0B01           00221         MOVAI   0x01
003F   2800           00222         GOTO    _00107_DS_
                      00223 ;;[ICODE] ../../libsdcc_mc30/fseq.c:63:  _iffalse_0($2) :
                      00224 ;;[ICODE] ../../libsdcc_mc30/fseq.c:64:         ret 0x0 {const-unsigned-char literal}
0040                  00225 _00106_DS_
                      00226 ;       .line   64; "../../libsdcc_mc30/fseq.c" return (0);
0040   0B00           00227         MOVAI   0x00
                      00228 ;;[ICODE] ../../libsdcc_mc30/fseq.c:64:  _return($3) :
                      00229 ;;[ICODE] ../../libsdcc_mc30/fseq.c:64:         eproc ___fseq [k1 lr0:0 so:0]{ ia0 a2p0 re0 rm0 nos0 ru0 dp0}{char function ( float fixed, float fixed) fixed}
0041                  00230 _00107_DS_
0041   000C           00231         RETURN  
                      00232 ; exit point of ___fseq
                      00233 
                      00234 
                      00235 ;       code size estimation:
                      00236 ;          66+    0 =    66 instructions (  132 byte)
                      00237 
                      00238         end
gpasm-2.0.0_beta2 (Nov  6 2017)fseq.asm           2018-1-12  13:52:54          PAGE  2


SYMBOL TABLE
  LABEL                             VALUE

BUZE                              00000005
C                                 00000000
DBLCK                             00000004
DC                                00000001
DDR0                              00000045
DDR00                             00000000
DDR01                             00000001
DDR02                             00000002
DDR03                             00000003
DDR1                              00000046
DDR10                             00000000
DDR11                             00000001
DDR12                             00000002
DDR13                             00000003
DDR14                             00000004
DDR15                             00000005
DDR16                             00000006
DDR17                             00000007
EIS                               00000006
FSR                               00000004
FSR0                              00000000
FSR1                              00000001
FSR2                              00000002
FSR3                              00000003
FSR4                              00000004
FSR5                              00000005
GIE                               00000007
INDF                              00000000
INDF0                             00000000
INDF1                             00000001
INDF2                             00000002
INDF3                             00000003
INDF4                             00000004
INDF5                             00000005
INDF6                             00000006
INDF7                             00000007
INTECON                           0000000E
INTFLAG                           0000000F
INTIE                             00000002
INTIF                             00000002
INTOM                             00000006
KBIE                              00000001
KBIF                              00000001
KBIM                              00000009
KBIM0                             00000000
KBIM1                             00000001
KBIM2                             00000002
KBIM3                             00000003
KBIM4                             00000004
KBIM5                             00000005
KBIM6                             00000006
KBIM7                             00000007
LVDEN                             00000000
LVDF                              00000005
LVDSEL0                           00000001
LVDSEL1                           00000002
LVDSEL2                           00000003
LVDSEL3                           00000004
MCR                               00000008
ODCON                             0000000C
P0                                00000005
P00D                              00000000
P00PD                             00000000
P01D                              00000001
P01PD                             00000001
P02D                              00000002
P02PD                             00000002
P03D                              00000003
P03PD                             00000003
P1                                00000006
P10D                              00000000
P10OD                             00000000
P10PD                             00000004
P10PU                             00000000
P11D                              00000001
P11OD                             00000001
P11PD                             00000005
P11PU                             00000001
P12D                              00000002
P12OD                             00000002
P12PD                             00000006
P12PU                             00000002
P13D                              00000003
P13PU                             00000003
P14D                              00000004
P14OD                             00000004
P14PU                             00000004
P15D                              00000005
P15OD                             00000005
P15PU                             00000005
P16D                              00000006
P16OD                             00000006
P16PU                             00000006
P17D                              00000007
P17OD                             00000007
P17PU                             00000007
PC0                               00000000
PC1                               00000001
PC2                               00000002
PC3                               00000003
PC4                               00000004
PC5                               00000005
PC6                               00000006
PC7                               00000007
PCH0                              00000000
PCH1                              00000001
PCL                               00000002
PCLATH                            0000000A
PD                                00000003
PDCON                             0000000B
PMW0OE                            00000007
PMW1E                             00000001
PUCON                             0000000D
PWM0E                             00000006
PWM1OE                            00000006
PWM2E                             00000000
PWM2OE                            00000005
PWMCR                             00000048
PWMINV                            00000002
PWMMD                             00000003
RST                               00000007
STATUS                            00000003
STK00                             00000000
STK01                             00000000
STK02                             00000000
STK03                             00000000
STK04                             00000000
STK05                             00000000
STK06                             00000000
T0C0                              00000000
T0C1                              00000001
T0C2                              00000002
T0C3                              00000003
T0C4                              00000004
T0C5                              00000005
T0C6                              00000006
T0C7                              00000007
T0CNT                             00000001
T0CR                              00000041
T0IE                              00000000
T0IF                              00000000
T0PR0                             00000000
T0PR1                             00000001
T0PR2                             00000002
T0PTA                             00000003
T0PTS                             00000005
T0SE                              00000004
T1C0                              00000000
T1C1                              00000001
T1C2                              00000002
T1C3                              00000003
T1C4                              00000004
T1C5                              00000005
T1C6                              00000006
T1C7                              00000007
T1CNT                             0000004D
T1CR                              0000004C
T1DAT0                            0000004F
T1DAT00                           00000000
T1DAT01                           00000001
T1DAT02                           00000002
T1DAT03                           00000003
T1DAT04                           00000004
T1DAT05                           00000005
T1DAT06                           00000006
T1DAT07                           00000007
T1DAT1                            00000049
T1DAT10                           00000000
T1DAT11                           00000001
T1DAT12                           00000002
T1DAT13                           00000003
T1DAT14                           00000004
T1DAT15                           00000005
T1DAT16                           00000006
T1DAT17                           00000007
T1DAT2                            0000004A
T1DAT20                           00000000
T1DAT21                           00000001
T1DAT22                           00000002
T1DAT23                           00000003
T1DAT24                           00000004
T1DAT25                           00000005
T1DAT26                           00000006
T1DAT27                           00000007
T1IE                              00000001
T1IF                              00000000
T1LOAD                            0000004E
T1LOAD0                           00000000
T1LOAD1                           00000001
T1LOAD2                           00000002
T1LOAD3                           00000003
T1LOAD4                           00000004
T1LOAD5                           00000005
T1LOAD6                           00000006
T1LOAD7                           00000007
T1PR0                             00000000
T1PR1                             00000001
T1PR2                             00000002
T1PTS0                            00000003
T1PTS1                            00000004
TBS                               00000007
TC1EN                             00000007
TM0CR                             0000004B
TO                                00000004
WDTEN                             00000007
Z                                 00000002
_00106_DS_                        00000040
_00107_DS_                        00000041
_CONFIG0                          00002000
_CONFIG1                          00002001
__30P011                          00000001
___fs2schar                       00000000
___fs2sint                        00000000
___fs2slong                       00000000
___fs2uchar                       00000000
___fs2uint                        00000000
___fs2ulong                       00000000
___fsadd                          00000000
___fsdiv                          00000000
___fseq                           00000000
___fseq_fl1_1_22                  00000008
___fseq_fl2_1_22                  0000000C
___fsgt                           00000000
___fslt                           00000000
___fsmul                          00000000
___fsneq                          00000000
___fssub                          00000000
___schar2fs                       00000000
___sint2fs                        00000000
___slong2fs                       00000000
___uchar2fs                       00000000
___uint2fs                        00000000
___ulong2fs                       00000000
r0x1008                           00000003
r0x1009                           00000002
r0x100A                           00000001
r0x100B                           00000000
r0x100C                           00000007
r0x100D                           00000006
r0x100E                           00000005
r0x100F                           00000004

Errors   :     0
Warnings :     0 reported,     0 suppressed
Messages :     0 reported,     0 suppressed

