gpasm-2.0.0_beta2 (Nov  6 2017)fsmul.asm          2018-1-12  13:52:56          PAGE  1


LOC  OBJECT CODE     LINE SOURCE TEXT
  VALUE

                      00001 ;--------------------------------------------------------
                      00002 ; File Created by SN-SDCC : SinoMCU ANSI-C Compiler
                      00003 ; Version 1.1.0 (Dec 19 2017) (MINGW32)
                      00004 ; This file was generated Fri Jan 12 13:52:56 2018
                      00005 ;--------------------------------------------------------
                      00006 ; MC30 port for the RISC core
                      00007 ;--------------------------------------------------------
                      00008 ;       .file   "../../libsdcc_mc30/fsmul.c"
                      00009         list    p=0311
                      00010         radix dec
                      00011         include "0311.inc"
                      00001                 LIST
                      00002 ;mc30p6080.inc    Standard Header File, Version 1.00 by Sinomcu
                      00326                 LIST
                      00012 ;--------------------------------------------------------
                      00013 ; external declarations
                      00014 ;--------------------------------------------------------
                      00015         extern  ___uchar2fs
                      00016         extern  ___schar2fs
                      00017         extern  ___uint2fs
                      00018         extern  ___sint2fs
                      00019         extern  ___ulong2fs
                      00020         extern  ___slong2fs
                      00021         extern  ___fs2uchar
                      00022         extern  ___fs2schar
                      00023         extern  ___fs2uint
                      00024         extern  ___fs2sint
                      00025         extern  ___fs2ulong
                      00026         extern  ___fs2slong
                      00027         extern  ___fsadd
                      00028         extern  ___fssub
                      00029         extern  ___fsdiv
                      00030         extern  ___fslt
                      00031         extern  ___fseq
                      00032         extern  ___fsneq
                      00033         extern  ___fsgt
                      00034         extern  __mullong
                      00035 
                      00036         extern STK06
                      00037         extern STK05
                      00038         extern STK04
                      00039         extern STK03
                      00040         extern STK02
                      00041         extern STK01
                      00042         extern STK00
                      00043 ;--------------------------------------------------------
                      00044 ; global declarations
                      00045 ;--------------------------------------------------------
                      00046         global  ___fsmul
                      00047 
                      00048 ;--------------------------------------------------------
                      00049 ; global definitions
                      00050 ;--------------------------------------------------------
                      00051 ;--------------------------------------------------------
                      00052 ; absolute symbol definitions
                      00053 ;--------------------------------------------------------
                      00054 ;--------------------------------------------------------
                      00055 ; compiler-defined variables
                      00056 ;--------------------------------------------------------
                      00057 UDL_fsmul_0     udata
0000                  00058 r0x100B res     1
0000                  00059 r0x100A res     1
0001                  00060 r0x1009 res     1
0001                  00061 r0x1008 res     1
0002                  00062 r0x100F res     1
0002                  00063 r0x100E res     1
0003                  00064 r0x100D res     1
0003                  00065 r0x100C res     1
0004                  00066 r0x1010 res     1
0004                  00067 r0x1011 res     1
0005                  00068 r0x1012 res     1
0005                  00069 r0x1013 res     1
0006                  00070 r0x1014 res     1
0006                  00071 r0x1015 res     1
0007                  00072 r0x1016 res     1
0007                  00073 r0x1017 res     1
0008                  00074 r0x1018 res     1
0008                  00075 r0x1019 res     1
0009                  00076 r0x101A res     1
0009                  00077 ___fsmul_fl1_1_22       res     4
000B                  00078 ___fsmul_fl2_1_22       res     4
                      00079 ;--------------------------------------------------------
                      00080 ; initialized data
                      00081 ;--------------------------------------------------------
                      00082 
                      00083 ;@Allocation info for local variables in function '__fsmul'
                      00084 ;@__fsmul __uchar2fs                Allocated to registers ;size:2
                      00085 ;@__fsmul __schar2fs                Allocated to registers ;size:2
                      00086 ;@__fsmul __uint2fs                 Allocated to registers ;size:2
                      00087 ;@__fsmul __sint2fs                 Allocated to registers ;size:2
                      00088 ;@__fsmul __ulong2fs                Allocated to registers ;size:2
                      00089 ;@__fsmul __slong2fs                Allocated to registers ;size:2
                      00090 ;@__fsmul __fs2uchar                Allocated to registers ;size:2
                      00091 ;@__fsmul __fs2schar                Allocated to registers ;size:2
                      00092 ;@__fsmul __fs2uint                 Allocated to registers ;size:2
                      00093 ;@__fsmul __fs2sint                 Allocated to registers ;size:2
                      00094 ;@__fsmul __fs2ulong                Allocated to registers ;size:2
                      00095 ;@__fsmul __fs2slong                Allocated to registers ;size:2
                      00096 ;@__fsmul __fsadd                   Allocated to registers ;size:2
                      00097 ;@__fsmul __fssub                   Allocated to registers ;size:2
                      00098 ;@__fsmul __fsdiv                   Allocated to registers ;size:2
                      00099 ;@__fsmul __fslt                    Allocated to registers ;size:2
                      00100 ;@__fsmul __fseq                    Allocated to registers ;size:2
                      00101 ;@__fsmul __fsneq                   Allocated to registers ;size:2
                      00102 ;@__fsmul __fsgt                    Allocated to registers ;size:2
                      00103 ;@__fsmul _mullong                  Allocated to registers ;size:2
                      00104 ;@__fsmul a2                        Allocated to registers r0x100F r0x100E r0x100D r0x100C ;size:4
                      00105 ;@__fsmul a1                        Allocated to registers r0x100B r0x100A r0x1009 r0x1008 ;size:4
                      00106 ;@__fsmul fl1                       Allocated to registers ;size:4
                      00107 ;@__fsmul fl2                       Allocated to registers ;size:4
                      00108 ;@__fsmul result                    Allocated to registers r0x100A r0x1009 r0x1008 r0x100F ;size:4
                      00109 ;@__fsmul exp                       Allocated to registers r0x100E r0x100D ;size:2
                      00110 ;@__fsmul sign                      Allocated to registers r0x100B ;size:1
                      00111 ;@end Allocation info for local variables in function '__fsmul';
                      00112 
                      00113 ;--------------------------------------------------------
                      00114 ; overlayable items in internal ram 
                      00115 ;--------------------------------------------------------
                      00116 ;       udata_ovr
                      00117 ;--------------------------------------------------------
                      00118 ; code
                      00119 ;--------------------------------------------------------
                      00120 code_fsmul      code
                      00121 ;***
                      00122 ;  pBlock Stats: dbName = C
                      00123 ;***
                      00124 ;entry:  ___fsmul       ;Function start
                      00125 ; 2 exit points
                      00126 ;has an exit
                      00127 ;functions called:
                      00128 ;   __mullong
                      00129 ;   __mullong
                      00130 ;   __mullong
                      00131 ;   __mullong
                      00132 ;   __mullong
                      00133 ;   __mullong
                      00134 ;26 compiler assigned registers:
                      00135 ;   r0x1008
                      00136 ;   STK00
                      00137 ;   r0x1009
                      00138 ;   STK01
                      00139 ;   r0x100A
                      00140 ;   STK02
                      00141 ;   r0x100B
                      00142 ;   STK03
                      00143 ;   r0x100C
                      00144 ;   STK04
                      00145 ;   r0x100D
                      00146 ;   STK05
                      00147 ;   r0x100E
                      00148 ;   STK06
                      00149 ;   r0x100F
                      00150 ;   r0x1010
                      00151 ;   r0x1011
                      00152 ;   r0x1012
                      00153 ;   r0x1013
                      00154 ;   r0x1014
                      00155 ;   r0x1015
                      00156 ;   r0x1016
                      00157 ;   r0x1017
                      00158 ;   r0x1018
                      00159 ;   r0x1019
                      00160 ;   r0x101A
                      00161 ;; Starting pCode block
                      00162 ;;[ICODE] ../../libsdcc_mc30/fsmul.c:55:  _entry($14) :
                      00163 ;;[ICODE] ../../libsdcc_mc30/fsmul.c:55:        proc ___fsmul [k1 lr0:0 so:0]{ ia0 a2p0 re0 rm0 nos0 ru0 dp0}{float function ( float fixed, float fixed) fixed}
0000                  00164 ___fsmul        ;Function start
                      00165 ; 2 exit points
                      00166 ;;[ICODE] ../../libsdcc_mc30/fsmul.c:55: iTemp0 [k2 lr3:6 so:0]{ ia0 a2p0 re1 rm0 nos0 ru0 dp0}{float fixed}{ sir@ ___fsmul_a1_1_21}[r0x1000 r0x1001 r0x1002 r0x1003 ] = recv ___fsmul [k1 lr0:0 so:0]{ ia0 a2p0 re0 rm0 nos0 ru0 dp0}{float function ( float fixed, float fixed) fixed}
                      00167 ;       .line   55; "../../libsdcc_mc30/fsmul.c"        float __fsmul (float a1, float a2) _FS_REENTRANT
0000   1580           00168         MOVRA   r0x1008
0001   1600           00169         MOVAR   STK00
0002   1580           00170         MOVRA   r0x1009
0003   1600           00171         MOVAR   STK01
0004   1580           00172         MOVRA   r0x100A
0005   1600           00173         MOVAR   STK02
0006   1580           00174         MOVRA   (___fsmul_fl1_1_22 + 0)
0007   1580           00175         MOVRA   r0x100B
                      00176 ;;[ICODE] ../../libsdcc_mc30/fsmul.c:55: iTemp1 [k4 lr4:8 so:0]{ ia0 a2p0 re1 rm0 nos0 ru0 dp0}{float fixed}{ sir@ ___fsmul_a2_1_21}[r0x1004 r0x1005 r0x1006 r0x1007 ] = recv ___fsmul [k1 lr0:0 so:0]{ ia0 a2p0 re0 rm0 nos0 ru0 dp0}{float function ( float fixed, float fixed) fixed}
0008   1600           00177         MOVAR   STK03
0009   1580           00178         MOVRA   r0x100C
000A   1600           00179         MOVAR   STK04
000B   1580           00180         MOVRA   r0x100D
000C   1600           00181         MOVAR   STK05
000D   1580           00182         MOVRA   r0x100E
000E   1600           00183         MOVAR   STK06
000F   1580           00184         MOVRA   (___fsmul_fl2_1_22 + 0)
0010   1580           00185         MOVRA   r0x100F
                      00186 ;;[ICODE] ../../libsdcc_mc30/fsmul.c:62:        iTemp2 [k7 lr5:6 so:0]{ ia0 a2p0 re0 rm1 nos0 ru0 dp0}{volatile-float near* fixed}[remat] = &[___fsmul_fl1_1_22 [k6 lr0:0 so:0]{ ia0 a2p0 re0 rm0 nos0 ru0 dp0}{volatile-struct float_long fixed}]
                      00187 ;;[ICODE] ../../libsdcc_mc30/fsmul.c:62:        *(iTemp2 [k7 lr5:6 so:0]{ ia1 a2p0 re0 rm1 nos0 ru0 dp0}{volatile-float near* fixed}[remat]) := iTemp0 [k2 lr3:6 so:0]{ ia0 a2p0 re1 rm0 nos0 ru0 dp0}{float fixed}{ sir@ ___fsmul_a1_1_21}[r0x1000 r0x1001 r0x1002 r0x1003 ]
                      00188 ;;gen.c:6374: size=3/4, offset=0, AOP_TYPE(res)=8
                      00189 ;;99    MOVAR   r0x100B
                      00190 ;;gen.c:6374: size=2/4, offset=1, AOP_TYPE(res)=8
                      00191 ;       .line   62; "../../libsdcc_mc30/fsmul.c"        fl1.f = a1;
0011   1600           00192         MOVAR   r0x100A
0012   1580           00193         MOVRA   (___fsmul_fl1_1_22 + 1)
                      00194 ;;gen.c:6374: size=1/4, offset=2, AOP_TYPE(res)=8
0013   1600           00195         MOVAR   r0x1009
0014   1580           00196         MOVRA   (___fsmul_fl1_1_22 + 2)
                      00197 ;;gen.c:6374: size=0/4, offset=3, AOP_TYPE(res)=8
0015   1600           00198         MOVAR   r0x1008
0016   1580           00199         MOVRA   (___fsmul_fl1_1_22 + 3)
                      00200 ;;[ICODE] ../../libsdcc_mc30/fsmul.c:63:        iTemp4 [k11 lr7:8 so:0]{ ia0 a2p0 re0 rm1 nos0 ru0 dp0}{volatile-float near* fixed}[remat] = &[___fsmul_fl2_1_22 [k10 lr0:0 so:0]{ ia0 a2p0 re0 rm0 nos0 ru0 dp0}{volatile-struct float_long fixed}]
                      00201 ;;[ICODE] ../../libsdcc_mc30/fsmul.c:63:        *(iTemp4 [k11 lr7:8 so:0]{ ia1 a2p0 re0 rm1 nos0 ru0 dp0}{volatile-float near* fixed}[remat]) := iTemp1 [k4 lr4:8 so:0]{ ia0 a2p0 re1 rm0 nos0 ru0 dp0}{float fixed}{ sir@ ___fsmul_a2_1_21}[r0x1004 r0x1005 r0x1006 r0x1007 ]
                      00202 ;;gen.c:6374: size=3/4, offset=0, AOP_TYPE(res)=8
                      00203 ;;125   MOVAR   r0x100F
                      00204 ;;gen.c:6374: size=2/4, offset=1, AOP_TYPE(res)=8
                      00205 ;       .line   63; "../../libsdcc_mc30/fsmul.c"        fl2.f = a2;
0017   1600           00206         MOVAR   r0x100E
0018   1580           00207         MOVRA   (___fsmul_fl2_1_22 + 1)
                      00208 ;;gen.c:6374: size=1/4, offset=2, AOP_TYPE(res)=8
0019   1600           00209         MOVAR   r0x100D
001A   1580           00210         MOVRA   (___fsmul_fl2_1_22 + 2)
                      00211 ;;gen.c:6374: size=0/4, offset=3, AOP_TYPE(res)=8
001B   1600           00212         MOVAR   r0x100C
001C   1580           00213         MOVRA   (___fsmul_fl2_1_22 + 3)
                      00214 ;;[ICODE] ../../libsdcc_mc30/fsmul.c:65:        iTemp6 [k14 lr9:10 so:0]{ ia0 a2p0 re0 rm1 nos0 ru0 dp0}{volatile-unsigned-long-int near* fixed}[remat] = &[___fsmul_fl1_1_22 [k6 lr0:0 so:0]{ ia0 a2p0 re0 rm0 nos0 ru0 dp0}{volatile-struct float_long fixed}]
                      00215 ;;[ICODE] ../../libsdcc_mc30/fsmul.c:65:        iTemp8 [k17 lr10:11 so:0]{ ia0 a2p0 re0 rm0 nos0 ru0 dp0}{volatile-unsigned-long-int fixed}[r0x1000 r0x1001 r0x1002 r0x1003 ] = @[iTemp6 [k14 lr9:10 so:0]{ ia1 a2p0 re0 rm1 nos0 ru0 dp0}{volatile-unsigned-long-int near* fixed}[remat] + 0x0 {const-unsigned-char literal}]
                      00216 ;       .line   65; "../../libsdcc_mc30/fsmul.c"        if (!fl1.l || !fl2.l)
001D   1600           00217         MOVAR   (___fsmul_fl1_1_22 + 0)
001E   1580           00218         MOVRA   r0x100B
001F   1600           00219         MOVAR   (___fsmul_fl1_1_22 + 1)
0020   1580           00220         MOVRA   r0x100A
0021   1600           00221         MOVAR   (___fsmul_fl1_1_22 + 2)
0022   1580           00222         MOVRA   r0x1009
0023   1600           00223         MOVAR   (___fsmul_fl1_1_22 + 3)
0024   1580           00224         MOVRA   r0x1008
                      00225 ;;[ICODE] ../../libsdcc_mc30/fsmul.c:65:        if iTemp8 [k17 lr10:11 so:0]{ ia0 a2p0 re0 rm0 nos0 ru0 dp0}{volatile-unsigned-long-int fixed}[r0x1000 r0x1001 r0x1002 r0x1003 ] == 0 goto _iftrue_0($1)
0025   1600           00226         MOVAR   r0x100B
0026   1700           00227         ORAR    r0x100A
0027   1700           00228         ORAR    r0x1009
0028   1700           00229         ORAR    r0x1008
0029   3503           00230         JBCLR   STATUS,2
002A   2800           00231         GOTO    _00105_DS_
                      00232 ;;[ICODE] ../../libsdcc_mc30/fsmul.c:65:        iTemp9 [k18 lr12:13 so:0]{ ia0 a2p0 re0 rm1 nos0 ru0 dp0}{volatile-unsigned-long-int near* fixed}[remat] = &[___fsmul_fl2_1_22 [k10 lr0:0 so:0]{ ia0 a2p0 re0 rm0 nos0 ru0 dp0}{volatile-struct float_long fixed}]
                      00233 ;;[ICODE] ../../libsdcc_mc30/fsmul.c:65:        iTemp11 [k21 lr13:14 so:0]{ ia0 a2p0 re0 rm0 nos0 ru0 dp0}{volatile-unsigned-long-int fixed}[r0x1000 r0x1001 r0x1002 r0x1003 ] = @[iTemp9 [k18 lr12:13 so:0]{ ia1 a2p0 re0 rm1 nos0 ru0 dp0}{volatile-unsigned-long-int near* fixed}[remat] + 0x0 {const-unsigned-char literal}]
002B   1600           00234         MOVAR   (___fsmul_fl2_1_22 + 0)
002C   1580           00235         MOVRA   r0x100B
002D   1600           00236         MOVAR   (___fsmul_fl2_1_22 + 1)
002E   1580           00237         MOVRA   r0x100A
002F   1600           00238         MOVAR   (___fsmul_fl2_1_22 + 2)
0030   1580           00239         MOVRA   r0x1009
0031   1600           00240         MOVAR   (___fsmul_fl2_1_22 + 3)
0032   1580           00241         MOVRA   r0x1008
                      00242 ;;[ICODE] ../../libsdcc_mc30/fsmul.c:65:        if iTemp11 [k21 lr13:14 so:0]{ ia0 a2p0 re0 rm0 nos0 ru0 dp0}{volatile-unsigned-long-int fixed}[r0x1000 r0x1001 r0x1002 r0x1003 ] != 0 goto _iffalse_0($2)
0033   1600           00243         MOVAR   r0x100B
0034   1700           00244         ORAR    r0x100A
0035   1700           00245         ORAR    r0x1009
0036   1700           00246         ORAR    r0x1008
0037   3103           00247         JBSET   STATUS,2
0038   2800           00248         GOTO    _00106_DS_
                      00249 ;;[ICODE] ../../libsdcc_mc30/fsmul.c:65:  _iftrue_0($1) :
                      00250 ;;[ICODE] ../../libsdcc_mc30/fsmul.c:66:        ret 0 {float literal}
0039                  00251 _00105_DS_
                      00252 ;       .line   66; "../../libsdcc_mc30/fsmul.c"        return (0);
0039   0B00           00253         MOVAI   0x00
003A   1580           00254         MOVRA   STK02
003B   0B00           00255         MOVAI   0x00
003C   1580           00256         MOVRA   STK01
003D   0B00           00257         MOVAI   0x00
003E   1580           00258         MOVRA   STK00
003F   0B00           00259         MOVAI   0x00
0040   2800           00260         GOTO    _00117_DS_
                      00261 ;;[ICODE] ../../libsdcc_mc30/fsmul.c:66:  _iffalse_0($2) :
                      00262 ;;[ICODE] ../../libsdcc_mc30/fsmul.c:69:        iTemp13 [k24 lr18:19 so:0]{ ia0 a2p0 re0 rm1 nos0 ru0 dp0}{volatile-unsigned-long-int near* fixed}[remat] = &[___fsmul_fl1_1_22 [k6 lr0:0 so:0]{ ia0 a2p0 re0 rm0 nos0 ru0 dp0}{volatile-struct float_long fixed}]
                      00263 ;;[ICODE] ../../libsdcc_mc30/fsmul.c:69:        iTemp15 [k27 lr19:20 so:0]{ ia0 a2p0 re0 rm0 nos0 ru0 dp0}{volatile-unsigned-long-int fixed}[r0x1000 r0x1001 r0x1002 r0x1003 ] = @[iTemp13 [k24 lr18:19 so:0]{ ia1 a2p0 re0 rm1 nos0 ru0 dp0}{volatile-unsigned-long-int near* fixed}[remat] + 0x0 {const-unsigned-char literal}]
0041                  00264 _00106_DS_
                      00265 ;       .line   69; "../../libsdcc_mc30/fsmul.c"        sign = SIGN (fl1.l) ^ SIGN (fl2.l);
0041   1600           00266         MOVAR   (___fsmul_fl1_1_22 + 0)
0042   1580           00267         MOVRA   r0x100B
0043   1600           00268         MOVAR   (___fsmul_fl1_1_22 + 1)
0044   1580           00269         MOVRA   r0x100A
0045   1600           00270         MOVAR   (___fsmul_fl1_1_22 + 2)
0046   1580           00271         MOVRA   r0x1009
0047   1600           00272         MOVAR   (___fsmul_fl1_1_22 + 3)
0048   1580           00273         MOVRA   r0x1008
                      00274 ;;[ICODE] ../../libsdcc_mc30/fsmul.c:69:        iTemp16 [k28 lr20:24 so:0]{ ia0 a2p0 re0 rm0 nos0 ru0 dp0}{char fixed}[r0x1004 ] = gabit iTemp15 [k27 lr19:20 so:0]{ ia0 a2p0 re0 rm0 nos0 ru0 dp0}{volatile-unsigned-long-int fixed}[r0x1000 r0x1001 r0x1002 r0x1003 ]
0049   1600           00275         MOVAR   r0x1008
004A   0D80           00276         ANDAI   0x80
004B   3103           00277         JBSET   STATUS,2
004C   0B01           00278         MOVAI   0x01
004D   1580           00279         MOVRA   r0x100F
                      00280 ;;[ICODE] ../../libsdcc_mc30/fsmul.c:69:        iTemp17 [k29 lr21:22 so:0]{ ia0 a2p0 re0 rm1 nos0 ru0 dp0}{volatile-unsigned-long-int near* fixed}[remat] = &[___fsmul_fl2_1_22 [k10 lr0:0 so:0]{ ia0 a2p0 re0 rm0 nos0 ru0 dp0}{volatile-struct float_long fixed}]
                      00281 ;;[ICODE] ../../libsdcc_mc30/fsmul.c:69:        iTemp19 [k32 lr22:23 so:0]{ ia0 a2p0 re0 rm0 nos0 ru0 dp0}{volatile-unsigned-long-int fixed}[r0x1000 r0x1001 r0x1002 r0x1003 ] = @[iTemp17 [k29 lr21:22 so:0]{ ia1 a2p0 re0 rm1 nos0 ru0 dp0}{volatile-unsigned-long-int near* fixed}[remat] + 0x0 {const-unsigned-char literal}]
004E   1600           00282         MOVAR   (___fsmul_fl2_1_22 + 0)
004F   1580           00283         MOVRA   r0x100B
0050   1600           00284         MOVAR   (___fsmul_fl2_1_22 + 1)
0051   1580           00285         MOVRA   r0x100A
0052   1600           00286         MOVAR   (___fsmul_fl2_1_22 + 2)
0053   1580           00287         MOVRA   r0x1009
0054   1600           00288         MOVAR   (___fsmul_fl2_1_22 + 3)
0055   1580           00289         MOVRA   r0x1008
                      00290 ;;[ICODE] ../../libsdcc_mc30/fsmul.c:69:        iTemp20 [k33 lr23:24 so:0]{ ia0 a2p0 re0 rm0 nos0 ru0 dp0}{char fixed}[r0x1005 ] = gabit iTemp19 [k32 lr22:23 so:0]{ ia0 a2p0 re0 rm0 nos0 ru0 dp0}{volatile-unsigned-long-int fixed}[r0x1000 r0x1001 r0x1002 r0x1003 ]
0056   1600           00291         MOVAR   r0x1008
0057   0D80           00292         ANDAI   0x80
0058   3103           00293         JBSET   STATUS,2
0059   0B01           00294         MOVAI   0x01
005A   1580           00295         MOVRA   r0x100E
                      00296 ;;[ICODE] ../../libsdcc_mc30/fsmul.c:69:        iTemp12 [k22 lr24:124 so:0]{ ia0 a2p0 re1 rm0 nos0 ru0 dp0}{char fixed}{ sir@ ___fsmul_sign_1_22}[r0x1000 ] = iTemp16 [k28 lr20:24 so:0]{ ia0 a2p0 re0 rm0 nos0 ru0 dp0}{char fixed}[r0x1004 ] ^ iTemp20 [k33 lr23:24 so:0]{ ia0 a2p0 re0 rm0 nos0 ru0 dp0}{char fixed}[r0x1005 ]
005B   1600           00297         MOVAR   r0x100E
005C   1000           00298         XORAR   r0x100F
005D   1580           00299         MOVRA   r0x100B
                      00300 ;;[ICODE] ../../libsdcc_mc30/fsmul.c:70:        iTemp23 [k37 lr26:27 so:0]{ ia0 a2p0 re0 rm1 nos0 ru0 dp0}{volatile-unsigned-long-int near* fixed}[remat] = &[___fsmul_fl1_1_22 [k6 lr0:0 so:0]{ ia0 a2p0 re0 rm0 nos0 ru0 dp0}{volatile-struct float_long fixed}]
                      00301 ;;[ICODE] ../../libsdcc_mc30/fsmul.c:70:        iTemp25 [k40 lr27:28 so:0]{ ia0 a2p0 re0 rm0 nos0 ru0 dp0}{volatile-unsigned-long-int fixed}[r0x1001 r0x1002 r0x1003 r0x1004 ] = @[iTemp23 [k37 lr26:27 so:0]{ ia1 a2p0 re0 rm1 nos0 ru0 dp0}{volatile-unsigned-long-int near* fixed}[remat] + 0x0 {const-unsigned-char literal}]
                      00302 ;       .line   70; "../../libsdcc_mc30/fsmul.c"        exp = EXP (fl1.l) - EXCESS;
005E   1600           00303         MOVAR   (___fsmul_fl1_1_22 + 0)
005F   1580           00304         MOVRA   r0x100A
0060   1600           00305         MOVAR   (___fsmul_fl1_1_22 + 1)
0061   1580           00306         MOVRA   r0x1009
0062   1600           00307         MOVAR   (___fsmul_fl1_1_22 + 2)
0063   1580           00308         MOVRA   r0x1008
0064   1600           00309         MOVAR   (___fsmul_fl1_1_22 + 3)
0065   1580           00310         MOVRA   r0x100F
                      00311 ;;[ICODE] ../../libsdcc_mc30/fsmul.c:70:        iTemp26 [k41 lr28:29 so:0]{ ia0 a2p0 re0 rm0 nos0 ru0 dp0}{volatile-unsigned-long-int fixed}[r0x1005 r0x1006 r0x1007 r0x1008 ] = iTemp25 [k40 lr27:28 so:0]{ ia0 a2p0 re0 rm0 nos0 ru0 dp0}{volatile-unsigned-long-int fixed}[r0x1001 r0x1002 r0x1003 r0x1004 ] >> 0x17 {const-unsigned-char literal}
0066   1400           00312         RLAR    r0x1008
0067   1400           00313         RLAR    r0x100F
0068   1580           00314         MOVRA   r0x100A
0069   1580           00315         MOVRA   r0x100E
006A   1D80           00316         CLRR    r0x100D
006B   1480           00317         RLR     r0x100D
006C   1D80           00318         CLRR    r0x100C
006D   1D80           00319         CLRR    r0x1010
                      00320 ;;[ICODE] ../../libsdcc_mc30/fsmul.c:70:        iTemp27 [k42 lr29:30 so:0]{ ia0 a2p0 re0 rm0 nos0 ru0 dp0}{unsigned-long-int fixed}[r0x1001 r0x1002 r0x1003 r0x1004 ] = iTemp26 [k41 lr28:29 so:0]{ ia0 a2p0 re0 rm0 nos0 ru0 dp0}{volatile-unsigned-long-int fixed}[r0x1005 r0x1006 r0x1007 r0x1008 ] & 0xff {unsigned-long-int literal}
                      00321 ;;103   MOVAR   r0x100E
006E   1D80           00322         CLRR    r0x1009
006F   1D80           00323         CLRR    r0x1008
0070   1D80           00324         CLRR    r0x100F
                      00325 ;;[ICODE] ../../libsdcc_mc30/fsmul.c:70:        iTemp28 [k43 lr30:31 so:0]{ ia0 a2p0 re0 rm0 nos0 ru0 dp0}{unsigned-long-int fixed}[r0x1001 r0x1002 r0x1003 r0x1004 ] = iTemp27 [k42 lr29:30 so:0]{ ia0 a2p0 re0 rm0 nos0 ru0 dp0}{unsigned-long-int fixed}[r0x1001 r0x1002 r0x1003 r0x1004 ] - 0x7e {unsigned-long-int literal}
0071   0B82           00326         MOVAI   0x82
0072   1F80           00327         ADDRA   r0x100A
0073   0BFF           00328         MOVAI   0xff
0074   3003           00329         JBSET   STATUS,0
0075   1F80           00330         ADDRA   r0x1009
0076   0BFF           00331         MOVAI   0xff
0077   3003           00332         JBSET   STATUS,0
0078   1F80           00333         ADDRA   r0x1008
0079   0BFF           00334         MOVAI   0xff
007A   3003           00335         JBSET   STATUS,0
007B   1F80           00336         ADDRA   r0x100F
                      00337 ;;[ICODE] ../../libsdcc_mc30/fsmul.c:70:        iTemp22 [k35 lr31:130 so:0]{ ia0 a2p0 re1 rm0 nos0 ru0 dp0}{int fixed}{ sir@ ___fsmul_exp_1_22}[r0x1005 r0x1006 ] = (int fixed)iTemp28 [k43 lr30:31 so:0]{ ia0 a2p0 re0 rm0 nos0 ru0 dp0}{unsigned-long-int fixed}[r0x1001 r0x1002 r0x1003 r0x1004 ]
007C   1600           00338         MOVAR   r0x100A
007D   1580           00339         MOVRA   r0x100E
007E   1600           00340         MOVAR   r0x1009
007F   1580           00341         MOVRA   r0x100D
                      00342 ;;[ICODE] ../../libsdcc_mc30/fsmul.c:71:        iTemp30 [k45 lr33:34 so:0]{ ia0 a2p0 re0 rm1 nos0 ru0 dp0}{volatile-unsigned-long-int near* fixed}[remat] = &[___fsmul_fl2_1_22 [k10 lr0:0 so:0]{ ia0 a2p0 re0 rm0 nos0 ru0 dp0}{volatile-struct float_long fixed}]
                      00343 ;;[ICODE] ../../libsdcc_mc30/fsmul.c:71:        iTemp32 [k48 lr34:35 so:0]{ ia0 a2p0 re0 rm0 nos0 ru0 dp0}{volatile-unsigned-long-int fixed}[r0x1001 r0x1002 r0x1003 r0x1004 ] = @[iTemp30 [k45 lr33:34 so:0]{ ia1 a2p0 re0 rm1 nos0 ru0 dp0}{volatile-unsigned-long-int near* fixed}[remat] + 0x0 {const-unsigned-char literal}]
                      00344 ;       .line   71; "../../libsdcc_mc30/fsmul.c"        exp += EXP (fl2.l);
0080   1600           00345         MOVAR   (___fsmul_fl2_1_22 + 0)
0081   1580           00346         MOVRA   r0x100A
0082   1600           00347         MOVAR   (___fsmul_fl2_1_22 + 1)
0083   1580           00348         MOVRA   r0x1009
0084   1600           00349         MOVAR   (___fsmul_fl2_1_22 + 2)
0085   1580           00350         MOVRA   r0x1008
0086   1600           00351         MOVAR   (___fsmul_fl2_1_22 + 3)
0087   1580           00352         MOVRA   r0x100F
                      00353 ;;[ICODE] ../../libsdcc_mc30/fsmul.c:71:        iTemp33 [k49 lr35:36 so:0]{ ia0 a2p0 re0 rm0 nos0 ru0 dp0}{volatile-unsigned-long-int fixed}[r0x1007 r0x1008 r0x1009 r0x100A ] = iTemp32 [k48 lr34:35 so:0]{ ia0 a2p0 re0 rm0 nos0 ru0 dp0}{volatile-unsigned-long-int fixed}[r0x1001 r0x1002 r0x1003 r0x1004 ] >> 0x17 {const-unsigned-char literal}
0088   1400           00354         RLAR    r0x1008
0089   1400           00355         RLAR    r0x100F
008A   1580           00356         MOVRA   r0x100A
008B   1580           00357         MOVRA   r0x100C
008C   1D80           00358         CLRR    r0x1010
008D   1480           00359         RLR     r0x1010
008E   1D80           00360         CLRR    r0x1011
008F   1D80           00361         CLRR    r0x1012
                      00362 ;;[ICODE] ../../libsdcc_mc30/fsmul.c:71:        iTemp34 [k50 lr36:38 so:0]{ ia0 a2p0 re0 rm0 nos0 ru0 dp0}{unsigned-long-int fixed}[r0x1001 r0x1002 r0x1003 r0x1004 ] = iTemp33 [k49 lr35:36 so:0]{ ia0 a2p0 re0 rm0 nos0 ru0 dp0}{volatile-unsigned-long-int fixed}[r0x1007 r0x1008 r0x1009 r0x100A ] & 0xff {unsigned-long-int literal}
                      00363 ;;104   MOVAR   r0x100C
0090   1D80           00364         CLRR    r0x1009
0091   1D80           00365         CLRR    r0x1008
0092   1D80           00366         CLRR    r0x100F
                      00367 ;;[ICODE] ../../libsdcc_mc30/fsmul.c:71:        iTemp35 [k51 lr37:38 so:0]{ ia0 a2p0 re0 rm0 nos0 ru0 dp0}{unsigned-long-int fixed}[r0x1007 r0x1008 r0x1009 r0x100A ] = (unsigned-long-int fixed)iTemp22 [k35 lr31:130 so:0]{ ia0 a2p0 re1 rm0 nos0 ru0 dp0}{int fixed}{ sir@ ___fsmul_exp_1_22}[r0x1005 r0x1006 ]
0093   1600           00368         MOVAR   r0x100E
0094   1580           00369         MOVRA   r0x100C
0095   1600           00370         MOVAR   r0x100D
0096   1580           00371         MOVRA   r0x1010
0097   0B00           00372         MOVAI   0x00
0098   3780           00373         JBCLR   r0x1010,7
0099   0BFF           00374         MOVAI   0xff
009A   1580           00375         MOVRA   r0x1012
009B   1580           00376         MOVRA   r0x1011
                      00377 ;;[ICODE] ../../libsdcc_mc30/fsmul.c:71:        iTemp36 [k52 lr38:39 so:0]{ ia0 a2p0 re0 rm0 nos0 ru0 dp0}{unsigned-long-int fixed}[r0x1001 r0x1002 r0x1003 r0x1004 ] = iTemp35 [k51 lr37:38 so:0]{ ia0 a2p0 re0 rm0 nos0 ru0 dp0}{unsigned-long-int fixed}[r0x1007 r0x1008 r0x1009 r0x100A ] + iTemp34 [k50 lr36:38 so:0]{ ia0 a2p0 re0 rm0 nos0 ru0 dp0}{unsigned-long-int fixed}[r0x1001 r0x1002 r0x1003 r0x1004 ]
009C   1600           00378         MOVAR   r0x100A
009D   1F00           00379         ADDAR   r0x100C
009E   1580           00380         MOVRA   r0x100A
009F   1600           00381         MOVAR   r0x1010
00A0   3403           00382         JBCLR   STATUS,0
00A1   1800           00383         JZAR    r0x1010
00A2   1F80           00384         ADDRA   r0x1009
00A3   1600           00385         MOVAR   r0x1011
00A4   3403           00386         JBCLR   STATUS,0
00A5   1800           00387         JZAR    r0x1011
00A6   1F80           00388         ADDRA   r0x1008
00A7   1600           00389         MOVAR   r0x1012
00A8   3403           00390         JBCLR   STATUS,0
00A9   1800           00391         JZAR    r0x1012
00AA   1F80           00392         ADDRA   r0x100F
                      00393 ;;[ICODE] ../../libsdcc_mc30/fsmul.c:71:        iTemp22 [k35 lr31:130 so:0]{ ia0 a2p0 re1 rm0 nos0 ru0 dp0}{int fixed}{ sir@ ___fsmul_exp_1_22}[r0x1005 r0x1006 ] = (int fixed)iTemp36 [k52 lr38:39 so:0]{ ia0 a2p0 re0 rm0 nos0 ru0 dp0}{unsigned-long-int fixed}[r0x1001 r0x1002 r0x1003 r0x1004 ]
00AB   1600           00394         MOVAR   r0x100A
00AC   1580           00395         MOVRA   r0x100E
00AD   1600           00396         MOVAR   r0x1009
00AE   1580           00397         MOVRA   r0x100D
                      00398 ;;[ICODE] ../../libsdcc_mc30/fsmul.c:73:        iTemp38 [k54 lr41:46 so:0]{ ia0 a2p0 re0 rm1 nos0 ru0 dp0}{volatile-unsigned-long-int near* fixed}[remat] = &[___fsmul_fl1_1_22 [k6 lr0:0 so:0]{ ia0 a2p0 re0 rm0 nos0 ru0 dp0}{volatile-struct float_long fixed}]
                      00399 ;;[ICODE] ../../libsdcc_mc30/fsmul.c:73:        iTemp40 [k57 lr42:43 so:0]{ ia0 a2p0 re0 rm1 nos0 ru0 dp0}{volatile-unsigned-long-int near* fixed}[remat] = &[___fsmul_fl1_1_22 [k6 lr0:0 so:0]{ ia0 a2p0 re0 rm0 nos0 ru0 dp0}{volatile-struct float_long fixed}]
                      00400 ;;[ICODE] ../../libsdcc_mc30/fsmul.c:73:        iTemp42 [k60 lr43:44 so:0]{ ia0 a2p0 re0 rm0 nos0 ru0 dp0}{volatile-unsigned-long-int fixed}[r0x1001 r0x1002 r0x1003 r0x1004 ] = @[iTemp40 [k57 lr42:43 so:0]{ ia1 a2p0 re0 rm1 nos0 ru0 dp0}{volatile-unsigned-long-int near* fixed}[remat] + 0x0 {const-unsigned-char literal}]
                      00401 ;       .line   73; "../../libsdcc_mc30/fsmul.c"        fl1.l = MANT (fl1.l);
00AF   1600           00402         MOVAR   (___fsmul_fl1_1_22 + 0)
00B0   1580           00403         MOVRA   r0x100A
00B1   1600           00404         MOVAR   (___fsmul_fl1_1_22 + 1)
00B2   1580           00405         MOVRA   r0x1009
00B3   1600           00406         MOVAR   (___fsmul_fl1_1_22 + 2)
00B4   1580           00407         MOVRA   r0x1008
00B5   1600           00408         MOVAR   (___fsmul_fl1_1_22 + 3)
00B6   1580           00409         MOVRA   r0x100F
                      00410 ;;[ICODE] ../../libsdcc_mc30/fsmul.c:73:        iTemp43 [k61 lr44:45 so:0]{ ia0 a2p0 re0 rm0 nos0 ru0 dp0}{unsigned-long-int register}[r0x1001 r0x1002 r0x1003 r0x1004 ] = iTemp42 [k60 lr43:44 so:0]{ ia0 a2p0 re0 rm0 nos0 ru0 dp0}{volatile-unsigned-long-int fixed}[r0x1001 r0x1002 r0x1003 r0x1004 ] & 0x7fffff {unsigned-long-int literal}
00B7   3F80           00411         BCLR    r0x1008,7
00B8   1D80           00412         CLRR    r0x100F
                      00413 ;;[ICODE] ../../libsdcc_mc30/fsmul.c:73:        iTemp44 [k62 lr45:46 so:0]{ ia0 a2p0 re0 rm0 nos0 ru0 dp0}{unsigned-long-int register}[r0x1001 r0x1002 r0x1003 r0x1004 ] = iTemp43 [k61 lr44:45 so:0]{ ia0 a2p0 re0 rm0 nos0 ru0 dp0}{unsigned-long-int register}[r0x1001 r0x1002 r0x1003 r0x1004 ] | 0x800000 {unsigned-long-int literal}
00B9   3B80           00414         BSET    r0x1008,7
                      00415 ;;[ICODE] ../../libsdcc_mc30/fsmul.c:73:        *(iTemp38 [k54 lr41:46 so:0]{ ia1 a2p0 re0 rm1 nos0 ru0 dp0}{volatile-unsigned-long-int near* fixed}[remat]) := iTemp44 [k62 lr45:46 so:0]{ ia0 a2p0 re0 rm0 nos0 ru0 dp0}{unsigned-long-int register}[r0x1001 r0x1002 r0x1003 r0x1004 ]
                      00416 ;;gen.c:6374: size=3/4, offset=0, AOP_TYPE(res)=8
00BA   1600           00417         MOVAR   r0x100A
00BB   1580           00418         MOVRA   (___fsmul_fl1_1_22 + 0)
                      00419 ;;gen.c:6374: size=2/4, offset=1, AOP_TYPE(res)=8
00BC   1600           00420         MOVAR   r0x1009
00BD   1580           00421         MOVRA   (___fsmul_fl1_1_22 + 1)
                      00422 ;;gen.c:6374: size=1/4, offset=2, AOP_TYPE(res)=8
00BE   1600           00423         MOVAR   r0x1008
00BF   1580           00424         MOVRA   (___fsmul_fl1_1_22 + 2)
                      00425 ;;gen.c:6374: size=0/4, offset=3, AOP_TYPE(res)=8
00C0   0B00           00426         MOVAI   0x00
00C1   1580           00427         MOVRA   (___fsmul_fl1_1_22 + 3)
                      00428 ;;[ICODE] ../../libsdcc_mc30/fsmul.c:74:        iTemp45 [k63 lr47:52 so:0]{ ia0 a2p0 re0 rm1 nos0 ru0 dp0}{volatile-unsigned-long-int near* fixed}[remat] = &[___fsmul_fl2_1_22 [k10 lr0:0 so:0]{ ia0 a2p0 re0 rm0 nos0 ru0 dp0}{volatile-struct float_long fixed}]
                      00429 ;;[ICODE] ../../libsdcc_mc30/fsmul.c:74:        iTemp47 [k66 lr48:49 so:0]{ ia0 a2p0 re0 rm1 nos0 ru0 dp0}{volatile-unsigned-long-int near* fixed}[remat] = &[___fsmul_fl2_1_22 [k10 lr0:0 so:0]{ ia0 a2p0 re0 rm0 nos0 ru0 dp0}{volatile-struct float_long fixed}]
                      00430 ;;[ICODE] ../../libsdcc_mc30/fsmul.c:74:        iTemp49 [k69 lr49:50 so:0]{ ia0 a2p0 re0 rm0 nos0 ru0 dp0}{volatile-unsigned-long-int fixed}[r0x1001 r0x1002 r0x1003 r0x1004 ] = @[iTemp47 [k66 lr48:49 so:0]{ ia1 a2p0 re0 rm1 nos0 ru0 dp0}{volatile-unsigned-long-int near* fixed}[remat] + 0x0 {const-unsigned-char literal}]
                      00431 ;       .line   74; "../../libsdcc_mc30/fsmul.c"        fl2.l = MANT (fl2.l);
00C2   1600           00432         MOVAR   (___fsmul_fl2_1_22 + 0)
00C3   1580           00433         MOVRA   r0x100A
00C4   1600           00434         MOVAR   (___fsmul_fl2_1_22 + 1)
00C5   1580           00435         MOVRA   r0x1009
00C6   1600           00436         MOVAR   (___fsmul_fl2_1_22 + 2)
00C7   1580           00437         MOVRA   r0x1008
00C8   1600           00438         MOVAR   (___fsmul_fl2_1_22 + 3)
00C9   1580           00439         MOVRA   r0x100F
                      00440 ;;[ICODE] ../../libsdcc_mc30/fsmul.c:74:        iTemp50 [k70 lr50:51 so:0]{ ia0 a2p0 re0 rm0 nos0 ru0 dp0}{unsigned-long-int register}[r0x1001 r0x1002 r0x1003 r0x1004 ] = iTemp49 [k69 lr49:50 so:0]{ ia0 a2p0 re0 rm0 nos0 ru0 dp0}{volatile-unsigned-long-int fixed}[r0x1001 r0x1002 r0x1003 r0x1004 ] & 0x7fffff {unsigned-long-int literal}
00CA   3F80           00441         BCLR    r0x1008,7
00CB   1D80           00442         CLRR    r0x100F
                      00443 ;;[ICODE] ../../libsdcc_mc30/fsmul.c:74:        iTemp51 [k71 lr51:52 so:0]{ ia0 a2p0 re0 rm0 nos0 ru0 dp0}{unsigned-long-int register}[r0x1001 r0x1002 r0x1003 r0x1004 ] = iTemp50 [k70 lr50:51 so:0]{ ia0 a2p0 re0 rm0 nos0 ru0 dp0}{unsigned-long-int register}[r0x1001 r0x1002 r0x1003 r0x1004 ] | 0x800000 {unsigned-long-int literal}
00CC   3B80           00444         BSET    r0x1008,7
                      00445 ;;[ICODE] ../../libsdcc_mc30/fsmul.c:74:        *(iTemp45 [k63 lr47:52 so:0]{ ia1 a2p0 re0 rm1 nos0 ru0 dp0}{volatile-unsigned-long-int near* fixed}[remat]) := iTemp51 [k71 lr51:52 so:0]{ ia0 a2p0 re0 rm0 nos0 ru0 dp0}{unsigned-long-int register}[r0x1001 r0x1002 r0x1003 r0x1004 ]
                      00446 ;;gen.c:6374: size=3/4, offset=0, AOP_TYPE(res)=8
00CD   1600           00447         MOVAR   r0x100A
00CE   1580           00448         MOVRA   (___fsmul_fl2_1_22 + 0)
                      00449 ;;gen.c:6374: size=2/4, offset=1, AOP_TYPE(res)=8
00CF   1600           00450         MOVAR   r0x1009
00D0   1580           00451         MOVRA   (___fsmul_fl2_1_22 + 1)
                      00452 ;;gen.c:6374: size=1/4, offset=2, AOP_TYPE(res)=8
00D1   1600           00453         MOVAR   r0x1008
00D2   1580           00454         MOVRA   (___fsmul_fl2_1_22 + 2)
                      00455 ;;gen.c:6374: size=0/4, offset=3, AOP_TYPE(res)=8
00D3   0B00           00456         MOVAI   0x00
00D4   1580           00457         MOVRA   (___fsmul_fl2_1_22 + 3)
                      00458 ;;[ICODE] ../../libsdcc_mc30/fsmul.c:77:        iTemp53 [k74 lr53:54 so:0]{ ia0 a2p0 re0 rm1 nos0 ru0 dp0}{volatile-unsigned-long-int near* fixed}[remat] = &[___fsmul_fl1_1_22 [k6 lr0:0 so:0]{ ia0 a2p0 re0 rm0 nos0 ru0 dp0}{volatile-struct float_long fixed}]
                      00459 ;;[ICODE] ../../libsdcc_mc30/fsmul.c:77:        iTemp55 [k77 lr54:55 so:0]{ ia0 a2p0 re0 rm0 nos0 ru0 dp0}{volatile-unsigned-long-int fixed}[r0x1001 r0x1002 r0x1003 r0x1004 ] = @[iTemp53 [k74 lr53:54 so:0]{ ia1 a2p0 re0 rm1 nos0 ru0 dp0}{volatile-unsigned-long-int near* fixed}[remat] + 0x0 {const-unsigned-char literal}]
                      00460 ;       .line   77; "../../libsdcc_mc30/fsmul.c"        result = (fl1.l >> 8) * (fl2.l >> 8);
00D5   1600           00461         MOVAR   (___fsmul_fl1_1_22 + 0)
00D6   1580           00462         MOVRA   r0x100A
00D7   1600           00463         MOVAR   (___fsmul_fl1_1_22 + 1)
00D8   1580           00464         MOVRA   r0x100C
00D9   1580           00465         MOVRA   r0x1009
00DA   1600           00466         MOVAR   (___fsmul_fl1_1_22 + 2)
00DB   1580           00467         MOVRA   r0x1010
00DC   1580           00468         MOVRA   r0x1008
00DD   1600           00469         MOVAR   (___fsmul_fl1_1_22 + 3)
00DE   1580           00470         MOVRA   r0x1011
00DF   1580           00471         MOVRA   r0x100F
                      00472 ;;[ICODE] ../../libsdcc_mc30/fsmul.c:77:        iTemp56 [k78 lr55:60 so:0]{ ia0 a2p0 re0 rm0 nos0 ru1 dp0}{volatile-unsigned-long-int fixed}[r0x1007 r0x1008 r0x1009 r0x100A ] = iTemp55 [k77 lr54:55 so:0]{ ia0 a2p0 re0 rm0 nos0 ru0 dp0}{volatile-unsigned-long-int fixed}[r0x1001 r0x1002 r0x1003 r0x1004 ] >> 0x8 {const-unsigned-char literal}
                      00473 ;;119   MOVAR   r0x1009
                      00474 ;;101   MOVAR   r0x1008
                      00475 ;;120   MOVAR   r0x100F
00E0   1D80           00476         CLRR    r0x1012
                      00477 ;;[ICODE] ../../libsdcc_mc30/fsmul.c:77:        iTemp57 [k79 lr56:57 so:0]{ ia0 a2p0 re0 rm1 nos0 ru0 dp0}{volatile-unsigned-long-int near* fixed}[remat] = &[___fsmul_fl2_1_22 [k10 lr0:0 so:0]{ ia0 a2p0 re0 rm0 nos0 ru0 dp0}{volatile-struct float_long fixed}]
                      00478 ;;[ICODE] ../../libsdcc_mc30/fsmul.c:77:        iTemp59 [k82 lr57:58 so:0]{ ia0 a2p0 re0 rm0 nos0 ru0 dp0}{volatile-unsigned-long-int fixed}[r0x1001 r0x1002 r0x1003 r0x1004 ] = @[iTemp57 [k79 lr56:57 so:0]{ ia1 a2p0 re0 rm1 nos0 ru0 dp0}{volatile-unsigned-long-int near* fixed}[remat] + 0x0 {const-unsigned-char literal}]
00E1   1600           00479         MOVAR   (___fsmul_fl2_1_22 + 0)
00E2   1580           00480         MOVRA   r0x100A
00E3   1600           00481         MOVAR   (___fsmul_fl2_1_22 + 1)
00E4   1580           00482         MOVRA   r0x1013
00E5   1580           00483         MOVRA   r0x1009
00E6   1600           00484         MOVAR   (___fsmul_fl2_1_22 + 2)
00E7   1580           00485         MOVRA   r0x1008
00E8   1600           00486         MOVAR   (___fsmul_fl2_1_22 + 3)
00E9   1580           00487         MOVRA   r0x1015
00EA   1580           00488         MOVRA   r0x100F
                      00489 ;;[ICODE] ../../libsdcc_mc30/fsmul.c:77:        iTemp60 [k83 lr58:60 so:0]{ ia0 a2p0 re0 rm0 nos0 ru0 dp0}{volatile-unsigned-long-int fixed}[r0x100B r0x100C r0x100D r0x100E ] = iTemp59 [k82 lr57:58 so:0]{ ia0 a2p0 re0 rm0 nos0 ru0 dp0}{volatile-unsigned-long-int fixed}[r0x1001 r0x1002 r0x1003 r0x1004 ] >> 0x8 {const-unsigned-char literal}
                      00490 ;;100   MOVAR   r0x1009
                      00491 ;;124   MOVAR   r0x1008
                      00492 ;;102   MOVAR   r0x100F
00EB   1D80           00493         CLRR    r0x1016
                      00494 ;;[ICODE] ../../libsdcc_mc30/fsmul.c:77:        send iTemp56 [k78 lr55:60 so:0]{ ia0 a2p0 re0 rm0 nos0 ru1 dp0}{volatile-unsigned-long-int fixed}[r0x1007 r0x1008 r0x1009 r0x100A ]{argreg = 1}
                      00495 ;;[ICODE] ../../libsdcc_mc30/fsmul.c:77:        send iTemp60 [k83 lr58:60 so:0]{ ia0 a2p0 re0 rm0 nos0 ru0 dp0}{volatile-unsigned-long-int fixed}[r0x100B r0x100C r0x100D r0x100E ]{argreg = 1}
                      00496 ;;[ICODE] ../../libsdcc_mc30/fsmul.c:77:        iTemp52 [k72 lr61:133 so:0]{ ia0 a2p0 re1 rm0 nos0 ru0 dp0}{unsigned-long-int fixed}{ sir@ ___fsmul_result_1_22}[r0x1001 r0x1002 r0x1003 r0x1004 ] = call __mullong [k141 lr0:0 so:0]{ ia0 a2p0 re0 rm0 nos0 ru0 dp0}{long-int function ( long-int fixed, long-int fixed) fixed}
00EC   1600           00497         MOVAR   r0x1013
00ED   1580           00498         MOVRA   STK06
                      00499 ;;123   MOVAR   r0x1014
00EE   1600           00500         MOVAR   r0x1008
00EF   1580           00501         MOVRA   r0x1014
00F0   1580           00502         MOVRA   STK05
00F1   1600           00503         MOVAR   r0x1015
00F2   1580           00504         MOVRA   STK04
00F3   0B00           00505         MOVAI   0x00
00F4   1580           00506         MOVRA   STK03
00F5   1600           00507         MOVAR   r0x100C
00F6   1580           00508         MOVRA   STK02
00F7   1600           00509         MOVAR   r0x1010
00F8   1580           00510         MOVRA   STK01
00F9   1600           00511         MOVAR   r0x1011
00FA   1580           00512         MOVRA   STK00
00FB   0B00           00513         MOVAI   0x00
00FC   2000           00514         CALL    __mullong
00FD   1580           00515         MOVRA   r0x100F
00FE   1600           00516         MOVAR   STK00
00FF   1580           00517         MOVRA   r0x1008
0100   1600           00518         MOVAR   STK01
0101   1580           00519         MOVRA   r0x1009
0102   1600           00520         MOVAR   STK02
0103   1580           00521         MOVRA   r0x100A
                      00522 ;;[ICODE] ../../libsdcc_mc30/fsmul.c:78:        iTemp62 [k85 lr63:64 so:0]{ ia0 a2p0 re0 rm1 nos0 ru0 dp0}{volatile-unsigned-long-int near* fixed}[remat] = &[___fsmul_fl1_1_22 [k6 lr0:0 so:0]{ ia0 a2p0 re0 rm0 nos0 ru0 dp0}{volatile-struct float_long fixed}]
                      00523 ;;[ICODE] ../../libsdcc_mc30/fsmul.c:78:        iTemp64 [k88 lr64:65 so:0]{ ia0 a2p0 re0 rm0 nos0 ru0 dp0}{volatile-unsigned-long-int fixed}[r0x1007 r0x1008 r0x1009 r0x100A ] = @[iTemp62 [k85 lr63:64 so:0]{ ia1 a2p0 re0 rm1 nos0 ru0 dp0}{volatile-unsigned-long-int near* fixed}[remat] + 0x0 {const-unsigned-char literal}]
                      00524 ;       .line   78; "../../libsdcc_mc30/fsmul.c"        result += ((fl1.l & (unsigned long) 0xFF) * (fl2.l >> 8)) >> 8;
0104   1600           00525         MOVAR   (___fsmul_fl1_1_22 + 0)
0105   1580           00526         MOVRA   r0x100C
0106   1600           00527         MOVAR   (___fsmul_fl1_1_22 + 1)
0107   1580           00528         MOVRA   r0x1010
0108   1600           00529         MOVAR   (___fsmul_fl1_1_22 + 2)
0109   1580           00530         MOVRA   r0x1011
010A   1600           00531         MOVAR   (___fsmul_fl1_1_22 + 3)
010B   1580           00532         MOVRA   r0x1012
                      00533 ;;[ICODE] ../../libsdcc_mc30/fsmul.c:78:        iTemp65 [k89 lr65:70 so:0]{ ia0 a2p0 re0 rm0 nos0 ru1 dp0}{unsigned-long-int register}[r0x1007 r0x1008 r0x1009 r0x100A ] = iTemp64 [k88 lr64:65 so:0]{ ia0 a2p0 re0 rm0 nos0 ru0 dp0}{volatile-unsigned-long-int fixed}[r0x1007 r0x1008 r0x1009 r0x100A ] & 0xff {unsigned-long-int literal}
010C   1D80           00534         CLRR    r0x1010
010D   1D80           00535         CLRR    r0x1011
010E   1D80           00536         CLRR    r0x1012
                      00537 ;;[ICODE] ../../libsdcc_mc30/fsmul.c:78:        iTemp66 [k90 lr66:67 so:0]{ ia0 a2p0 re0 rm1 nos0 ru0 dp0}{volatile-unsigned-long-int near* fixed}[remat] = &[___fsmul_fl2_1_22 [k10 lr0:0 so:0]{ ia0 a2p0 re0 rm0 nos0 ru0 dp0}{volatile-struct float_long fixed}]
                      00538 ;;[ICODE] ../../libsdcc_mc30/fsmul.c:78:        iTemp68 [k93 lr67:68 so:0]{ ia0 a2p0 re0 rm0 nos0 ru0 dp0}{volatile-unsigned-long-int fixed}[r0x100B r0x100C r0x100D r0x100E ] = @[iTemp66 [k90 lr66:67 so:0]{ ia1 a2p0 re0 rm1 nos0 ru0 dp0}{volatile-unsigned-long-int near* fixed}[remat] + 0x0 {const-unsigned-char literal}]
010F   1600           00539         MOVAR   (___fsmul_fl2_1_22 + 0)
0110   1580           00540         MOVRA   r0x1013
0111   1600           00541         MOVAR   (___fsmul_fl2_1_22 + 1)
0112   1580           00542         MOVRA   r0x1014
0113   1600           00543         MOVAR   (___fsmul_fl2_1_22 + 2)
0114   1580           00544         MOVRA   r0x1015
0115   1600           00545         MOVAR   (___fsmul_fl2_1_22 + 3)
0116   1580           00546         MOVRA   r0x1016
                      00547 ;;[ICODE] ../../libsdcc_mc30/fsmul.c:78:        iTemp69 [k94 lr68:70 so:0]{ ia0 a2p0 re0 rm0 nos0 ru0 dp0}{volatile-unsigned-long-int fixed}[r0x100F r0x1010 r0x1011 r0x1012 ] = iTemp68 [k93 lr67:68 so:0]{ ia0 a2p0 re0 rm0 nos0 ru0 dp0}{volatile-unsigned-long-int fixed}[r0x100B r0x100C r0x100D r0x100E ] >> 0x8 {const-unsigned-char literal}
                      00548 ;;114   MOVAR   r0x1014
                      00549 ;;116   MOVAR   r0x1015
                      00550 ;;118   MOVAR   r0x1016
0117   1D80           00551         CLRR    r0x101A
                      00552 ;;[ICODE] ../../libsdcc_mc30/fsmul.c:78:        send iTemp65 [k89 lr65:70 so:0]{ ia0 a2p0 re0 rm0 nos0 ru1 dp0}{unsigned-long-int register}[r0x1007 r0x1008 r0x1009 r0x100A ]{argreg = 1}
                      00553 ;;[ICODE] ../../libsdcc_mc30/fsmul.c:78:        send iTemp69 [k94 lr68:70 so:0]{ ia0 a2p0 re0 rm0 nos0 ru0 dp0}{volatile-unsigned-long-int fixed}[r0x100F r0x1010 r0x1011 r0x1012 ]{argreg = 1}
                      00554 ;;[ICODE] ../../libsdcc_mc30/fsmul.c:78:        iTemp70 [k95 lr71:72 so:0]{ ia0 a2p0 re0 rm0 nos0 ru0 dp0}{volatile-unsigned-long-int fixed}[r0x1007 r0x1008 r0x1009 r0x100A ] = call __mullong [k141 lr0:0 so:0]{ ia0 a2p0 re0 rm0 nos0 ru0 dp0}{long-int function ( long-int fixed, long-int fixed) fixed}
                      00555 ;;113   MOVAR   r0x1017
0118   1600           00556         MOVAR   r0x1014
0119   1580           00557         MOVRA   r0x1017
011A   1580           00558         MOVRA   STK06
                      00559 ;;115   MOVAR   r0x1018
011B   1600           00560         MOVAR   r0x1015
011C   1580           00561         MOVRA   r0x1018
011D   1580           00562         MOVRA   STK05
                      00563 ;;117   MOVAR   r0x1019
011E   1600           00564         MOVAR   r0x1016
011F   1580           00565         MOVRA   r0x1019
0120   1580           00566         MOVRA   STK04
0121   0B00           00567         MOVAI   0x00
0122   1580           00568         MOVRA   STK03
0123   1600           00569         MOVAR   r0x100C
0124   1580           00570         MOVRA   STK02
0125   0B00           00571         MOVAI   0x00
0126   1580           00572         MOVRA   STK01
0127   0B00           00573         MOVAI   0x00
0128   1580           00574         MOVRA   STK00
0129   0B00           00575         MOVAI   0x00
012A   2000           00576         CALL    __mullong
012B   1580           00577         MOVRA   r0x1015
012C   1580           00578         MOVRA   r0x1012
012D   1600           00579         MOVAR   STK00
012E   1580           00580         MOVRA   r0x1014
012F   1580           00581         MOVRA   r0x1011
0130   1600           00582         MOVAR   STK01
0131   1580           00583         MOVRA   r0x1010
0132   1600           00584         MOVAR   STK02
0133   1580           00585         MOVRA   r0x100C
                      00586 ;;[ICODE] ../../libsdcc_mc30/fsmul.c:78:        iTemp71 [k96 lr72:73 so:0]{ ia0 a2p0 re0 rm0 nos0 ru0 dp0}{volatile-unsigned-long-int fixed}[r0x100B r0x100C r0x100D r0x100E ] = iTemp70 [k95 lr71:72 so:0]{ ia0 a2p0 re0 rm0 nos0 ru0 dp0}{volatile-unsigned-long-int fixed}[r0x1007 r0x1008 r0x1009 r0x100A ] >> 0x8 {const-unsigned-char literal}
                      00587 ;;109   MOVAR   r0x1010
                      00588 ;;121   MOVAR   r0x1011
                      00589 ;;122   MOVAR   r0x1012
0134   1D80           00590         CLRR    r0x1016
                      00591 ;;[ICODE] ../../libsdcc_mc30/fsmul.c:78:        iTemp52 [k72 lr61:133 so:0]{ ia0 a2p0 re1 rm0 nos0 ru0 dp0}{unsigned-long-int fixed}{ sir@ ___fsmul_result_1_22}[r0x1001 r0x1002 r0x1003 r0x1004 ] = iTemp52 [k72 lr61:133 so:0]{ ia0 a2p0 re1 rm0 nos0 ru0 dp0}{unsigned-long-int fixed}{ sir@ ___fsmul_result_1_22}[r0x1001 r0x1002 r0x1003 r0x1004 ] + iTemp71 [k96 lr72:73 so:0]{ ia0 a2p0 re0 rm0 nos0 ru0 dp0}{volatile-unsigned-long-int fixed}[r0x100B r0x100C r0x100D r0x100E ]
                      00592 ;;108   MOVAR   r0x1013
0135   1600           00593         MOVAR   r0x1010
0136   1580           00594         MOVRA   r0x1013
0137   1F80           00595         ADDRA   r0x100A
0138   1600           00596         MOVAR   r0x1014
0139   3403           00597         JBCLR   STATUS,0
013A   1800           00598         JZAR    r0x1014
013B   1F80           00599         ADDRA   r0x1009
013C   1600           00600         MOVAR   r0x1015
013D   3403           00601         JBCLR   STATUS,0
013E   1800           00602         JZAR    r0x1015
013F   1F80           00603         ADDRA   r0x1008
0140   1600           00604         MOVAR   r0x1016
0141   3403           00605         JBCLR   STATUS,0
0142   1800           00606         JZAR    r0x1016
0143   1F80           00607         ADDRA   r0x100F
                      00608 ;;[ICODE] ../../libsdcc_mc30/fsmul.c:79:        iTemp73 [k98 lr75:76 so:0]{ ia0 a2p0 re0 rm1 nos0 ru0 dp0}{volatile-unsigned-long-int near* fixed}[remat] = &[___fsmul_fl2_1_22 [k10 lr0:0 so:0]{ ia0 a2p0 re0 rm0 nos0 ru0 dp0}{volatile-struct float_long fixed}]
                      00609 ;;[ICODE] ../../libsdcc_mc30/fsmul.c:79:        iTemp75 [k101 lr76:77 so:0]{ ia0 a2p0 re0 rm0 nos0 ru0 dp0}{volatile-unsigned-long-int fixed}[r0x1007 r0x1008 r0x1009 r0x100A ] = @[iTemp73 [k98 lr75:76 so:0]{ ia1 a2p0 re0 rm1 nos0 ru0 dp0}{volatile-unsigned-long-int near* fixed}[remat] + 0x0 {const-unsigned-char literal}]
                      00610 ;       .line   79; "../../libsdcc_mc30/fsmul.c"        result += ((fl2.l & (unsigned long) 0xFF) * (fl1.l >> 8)) >> 8;
0144   1600           00611         MOVAR   (___fsmul_fl2_1_22 + 0)
0145   1580           00612         MOVRA   r0x100C
0146   1600           00613         MOVAR   (___fsmul_fl2_1_22 + 1)
0147   1580           00614         MOVRA   r0x1010
0148   1600           00615         MOVAR   (___fsmul_fl2_1_22 + 2)
0149   1580           00616         MOVRA   r0x1011
014A   1600           00617         MOVAR   (___fsmul_fl2_1_22 + 3)
014B   1580           00618         MOVRA   r0x1012
                      00619 ;;[ICODE] ../../libsdcc_mc30/fsmul.c:79:        iTemp76 [k102 lr77:82 so:0]{ ia0 a2p0 re0 rm0 nos0 ru1 dp0}{unsigned-long-int register}[r0x1007 r0x1008 r0x1009 r0x100A ] = iTemp75 [k101 lr76:77 so:0]{ ia0 a2p0 re0 rm0 nos0 ru0 dp0}{volatile-unsigned-long-int fixed}[r0x1007 r0x1008 r0x1009 r0x100A ] & 0xff {unsigned-long-int literal}
014C   1D80           00620         CLRR    r0x1010
014D   1D80           00621         CLRR    r0x1011
014E   1D80           00622         CLRR    r0x1012
                      00623 ;;[ICODE] ../../libsdcc_mc30/fsmul.c:79:        iTemp77 [k103 lr78:79 so:0]{ ia0 a2p0 re0 rm1 nos0 ru0 dp0}{volatile-unsigned-long-int near* fixed}[remat] = &[___fsmul_fl1_1_22 [k6 lr0:0 so:0]{ ia0 a2p0 re0 rm0 nos0 ru0 dp0}{volatile-struct float_long fixed}]
                      00624 ;;[ICODE] ../../libsdcc_mc30/fsmul.c:79:        iTemp79 [k106 lr79:80 so:0]{ ia0 a2p0 re0 rm0 nos0 ru0 dp0}{volatile-unsigned-long-int fixed}[r0x100B r0x100C r0x100D r0x100E ] = @[iTemp77 [k103 lr78:79 so:0]{ ia1 a2p0 re0 rm1 nos0 ru0 dp0}{volatile-unsigned-long-int near* fixed}[remat] + 0x0 {const-unsigned-char literal}]
014F   1600           00625         MOVAR   (___fsmul_fl1_1_22 + 0)
0150   1580           00626         MOVRA   r0x1013
0151   1600           00627         MOVAR   (___fsmul_fl1_1_22 + 1)
0152   1580           00628         MOVRA   r0x1017
0153   1580           00629         MOVRA   r0x1014
0154   1600           00630         MOVAR   (___fsmul_fl1_1_22 + 2)
0155   1580           00631         MOVRA   r0x1018
0156   1580           00632         MOVRA   r0x1015
0157   1600           00633         MOVAR   (___fsmul_fl1_1_22 + 3)
0158   1580           00634         MOVRA   r0x1019
0159   1580           00635         MOVRA   r0x1016
                      00636 ;;[ICODE] ../../libsdcc_mc30/fsmul.c:79:        iTemp80 [k107 lr80:82 so:0]{ ia0 a2p0 re0 rm0 nos0 ru0 dp0}{volatile-unsigned-long-int fixed}[r0x100F r0x1010 r0x1011 r0x1012 ] = iTemp79 [k106 lr79:80 so:0]{ ia0 a2p0 re0 rm0 nos0 ru0 dp0}{volatile-unsigned-long-int fixed}[r0x100B r0x100C r0x100D r0x100E ] >> 0x8 {const-unsigned-char literal}
                      00637 ;;110   MOVAR   r0x1014
                      00638 ;;111   MOVAR   r0x1015
                      00639 ;;112   MOVAR   r0x1016
015A   1D80           00640         CLRR    r0x101A
                      00641 ;;[ICODE] ../../libsdcc_mc30/fsmul.c:79:        send iTemp76 [k102 lr77:82 so:0]{ ia0 a2p0 re0 rm0 nos0 ru1 dp0}{unsigned-long-int register}[r0x1007 r0x1008 r0x1009 r0x100A ]{argreg = 1}
                      00642 ;;[ICODE] ../../libsdcc_mc30/fsmul.c:79:        send iTemp80 [k107 lr80:82 so:0]{ ia0 a2p0 re0 rm0 nos0 ru0 dp0}{volatile-unsigned-long-int fixed}[r0x100F r0x1010 r0x1011 r0x1012 ]{argreg = 1}
                      00643 ;;[ICODE] ../../libsdcc_mc30/fsmul.c:79:        iTemp81 [k108 lr83:84 so:0]{ ia0 a2p0 re0 rm0 nos0 ru0 dp0}{volatile-unsigned-long-int fixed}[r0x1007 r0x1008 r0x1009 r0x100A ] = call __mullong [k141 lr0:0 so:0]{ ia0 a2p0 re0 rm0 nos0 ru0 dp0}{long-int function ( long-int fixed, long-int fixed) fixed}
015B   1600           00644         MOVAR   r0x1017
015C   1580           00645         MOVRA   STK06
015D   1600           00646         MOVAR   r0x1018
015E   1580           00647         MOVRA   STK05
015F   1600           00648         MOVAR   r0x1019
0160   1580           00649         MOVRA   STK04
0161   0B00           00650         MOVAI   0x00
0162   1580           00651         MOVRA   STK03
0163   1600           00652         MOVAR   r0x100C
0164   1580           00653         MOVRA   STK02
0165   0B00           00654         MOVAI   0x00
0166   1580           00655         MOVRA   STK01
0167   0B00           00656         MOVAI   0x00
0168   1580           00657         MOVRA   STK00
0169   0B00           00658         MOVAI   0x00
016A   2000           00659         CALL    __mullong
016B   1580           00660         MOVRA   r0x1015
016C   1580           00661         MOVRA   r0x1012
016D   1600           00662         MOVAR   STK00
016E   1580           00663         MOVRA   r0x1014
016F   1580           00664         MOVRA   r0x1011
0170   1600           00665         MOVAR   STK01
0171   1580           00666         MOVRA   r0x1013
0172   1580           00667         MOVRA   r0x1010
0173   1600           00668         MOVAR   STK02
0174   1580           00669         MOVRA   r0x100C
                      00670 ;;[ICODE] ../../libsdcc_mc30/fsmul.c:79:        iTemp82 [k109 lr84:85 so:0]{ ia0 a2p0 re0 rm0 nos0 ru0 dp0}{volatile-unsigned-long-int fixed}[r0x100B r0x100C r0x100D r0x100E ] = iTemp81 [k108 lr83:84 so:0]{ ia0 a2p0 re0 rm0 nos0 ru0 dp0}{volatile-unsigned-long-int fixed}[r0x1007 r0x1008 r0x1009 r0x100A ] >> 0x8 {const-unsigned-char literal}
                      00671 ;;105   MOVAR   r0x1010
                      00672 ;;106   MOVAR   r0x1011
                      00673 ;;107   MOVAR   r0x1012
0175   1D80           00674         CLRR    r0x1016
                      00675 ;;[ICODE] ../../libsdcc_mc30/fsmul.c:79:        iTemp52 [k72 lr61:133 so:0]{ ia0 a2p0 re1 rm0 nos0 ru0 dp0}{unsigned-long-int fixed}{ sir@ ___fsmul_result_1_22}[r0x1001 r0x1002 r0x1003 r0x1004 ] = iTemp52 [k72 lr61:133 so:0]{ ia0 a2p0 re1 rm0 nos0 ru0 dp0}{unsigned-long-int fixed}{ sir@ ___fsmul_result_1_22}[r0x1001 r0x1002 r0x1003 r0x1004 ] + iTemp82 [k109 lr84:85 so:0]{ ia0 a2p0 re0 rm0 nos0 ru0 dp0}{volatile-unsigned-long-int fixed}[r0x100B r0x100C r0x100D r0x100E ]
0176   1600           00676         MOVAR   r0x1013
0177   1F80           00677         ADDRA   r0x100A
0178   1600           00678         MOVAR   r0x1014
0179   3403           00679         JBCLR   STATUS,0
017A   1800           00680         JZAR    r0x1014
017B   1F80           00681         ADDRA   r0x1009
017C   1600           00682         MOVAR   r0x1015
017D   3403           00683         JBCLR   STATUS,0
017E   1800           00684         JZAR    r0x1015
017F   1F80           00685         ADDRA   r0x1008
0180   1600           00686         MOVAR   r0x1016
0181   3403           00687         JBCLR   STATUS,0
0182   1800           00688         JZAR    r0x1016
0183   1F80           00689         ADDRA   r0x100F
                      00690 ;;[ICODE] ../../libsdcc_mc30/fsmul.c:82:        iTemp52 [k72 lr61:133 so:0]{ ia0 a2p0 re1 rm0 nos0 ru0 dp0}{unsigned-long-int fixed}{ sir@ ___fsmul_result_1_22}[r0x1001 r0x1002 r0x1003 r0x1004 ] = iTemp52 [k72 lr61:133 so:0]{ ia0 a2p0 re1 rm0 nos0 ru0 dp0}{unsigned-long-int fixed}{ sir@ ___fsmul_result_1_22}[r0x1001 r0x1002 r0x1003 r0x1004 ] + 0x40 {unsigned-long-int literal}
                      00691 ;       .line   82; "../../libsdcc_mc30/fsmul.c"        result += 0x40;
0184   0B40           00692         MOVAI   0x40
0185   1F80           00693         ADDRA   r0x100A
0186   3403           00694         JBCLR   STATUS,0
0187   1980           00695         INCR    r0x1009
0188   3503           00696         JBCLR   STATUS,2
0189   1980           00697         INCR    r0x1008
018A   3503           00698         JBCLR   STATUS,2
018B   1980           00699         INCR    r0x100F
                      00700 ;;[ICODE] ../../libsdcc_mc30/fsmul.c:84:        iTemp85 [k112 lr89:90 so:0]{ ia0 a2p0 re0 rm0 nos0 ru0 dp0}{unsigned-long-int register} = iTemp52 [k72 lr61:133 so:0]{ ia0 a2p0 re1 rm0 nos0 ru0 dp0}{unsigned-long-int fixed}{ sir@ ___fsmul_result_1_22}[r0x1001 r0x1002 r0x1003 r0x1004 ] & 0x80000000 {unsigned-long-int literal}
                      00701 ;       .line   84; "../../libsdcc_mc30/fsmul.c"        if (result & SIGNBIT)
018C   3380           00702         JBSET   r0x100F,7
018D   2800           00703         GOTO    _00109_DS_
                      00704 ;;[ICODE] ../../libsdcc_mc30/fsmul.c:84:        if iTemp85 [k112 lr89:90 so:0]{ ia0 a2p0 re0 rm0 nos0 ru0 dp0}{unsigned-long-int register} == 0 goto _iffalse_1($5)
                      00705 ;;[ICODE] ../../libsdcc_mc30/fsmul.c:87:        iTemp52 [k72 lr61:133 so:0]{ ia0 a2p0 re1 rm0 nos0 ru0 dp0}{unsigned-long-int fixed}{ sir@ ___fsmul_result_1_22}[r0x1001 r0x1002 r0x1003 r0x1004 ] = iTemp52 [k72 lr61:133 so:0]{ ia0 a2p0 re1 rm0 nos0 ru0 dp0}{unsigned-long-int fixed}{ sir@ ___fsmul_result_1_22}[r0x1001 r0x1002 r0x1003 r0x1004 ] + 0x40 {unsigned-long-int literal}
                      00706 ;       .line   87; "../../libsdcc_mc30/fsmul.c"        result += 0x40;
018E   0B40           00707         MOVAI   0x40
018F   1F80           00708         ADDRA   r0x100A
0190   3403           00709         JBCLR   STATUS,0
0191   1980           00710         INCR    r0x1009
0192   3503           00711         JBCLR   STATUS,2
0193   1980           00712         INCR    r0x1008
0194   3503           00713         JBCLR   STATUS,2
0195   1980           00714         INCR    r0x100F
                      00715 ;;[ICODE] ../../libsdcc_mc30/fsmul.c:88:        iTemp52 [k72 lr61:133 so:0]{ ia0 a2p0 re1 rm0 nos0 ru0 dp0}{unsigned-long-int fixed}{ sir@ ___fsmul_result_1_22}[r0x1001 r0x1002 r0x1003 r0x1004 ] = iTemp52 [k72 lr61:133 so:0]{ ia0 a2p0 re1 rm0 nos0 ru0 dp0}{unsigned-long-int fixed}{ sir@ ___fsmul_result_1_22}[r0x1001 r0x1002 r0x1003 r0x1004 ] >> 0x8 {const-unsigned-char literal}
                      00716 ;       .line   88; "../../libsdcc_mc30/fsmul.c"        result >>= 8;
0196   1600           00717         MOVAR   r0x1009
0197   1580           00718         MOVRA   r0x100A
0198   1600           00719         MOVAR   r0x1008
0199   1580           00720         MOVRA   r0x1009
019A   1600           00721         MOVAR   r0x100F
019B   1580           00722         MOVRA   r0x1008
019C   1D80           00723         CLRR    r0x100F
                      00724 ;;[ICODE] ../../libsdcc_mc30/fsmul.c:88:         goto _ifend_1($6)
019D   2800           00725         GOTO    _00110_DS_
                      00726 ;;[ICODE] ../../libsdcc_mc30/fsmul.c:88:  _iffalse_1($5) :
                      00727 ;;[ICODE] ../../libsdcc_mc30/fsmul.c:92:        iTemp52 [k72 lr61:133 so:0]{ ia0 a2p0 re1 rm0 nos0 ru0 dp0}{unsigned-long-int fixed}{ sir@ ___fsmul_result_1_22}[r0x1001 r0x1002 r0x1003 r0x1004 ] = iTemp52 [k72 lr61:133 so:0]{ ia0 a2p0 re1 rm0 nos0 ru0 dp0}{unsigned-long-int fixed}{ sir@ ___fsmul_result_1_22}[r0x1001 r0x1002 r0x1003 r0x1004 ] >> 0x7 {const-unsigned-char literal}
019E                  00728 _00109_DS_
                      00729 ;       .line   92; "../../libsdcc_mc30/fsmul.c"        result >>= 7;
019E   1400           00730         RLAR    r0x100A
019F   1400           00731         RLAR    r0x1009
01A0   1580           00732         MOVRA   r0x100A
01A1   1400           00733         RLAR    r0x1008
01A2   1580           00734         MOVRA   r0x1009
01A3   1400           00735         RLAR    r0x100F
01A4   1580           00736         MOVRA   r0x1008
01A5   1D80           00737         CLRR    r0x100F
01A6   1480           00738         RLR     r0x100F
                      00739 ;;[ICODE] ../../libsdcc_mc30/fsmul.c:93:        iTemp22 [k35 lr31:130 so:0]{ ia0 a2p0 re1 rm0 nos0 ru0 dp0}{int fixed}{ sir@ ___fsmul_exp_1_22}[r0x1005 r0x1006 ] = iTemp22 [k35 lr31:130 so:0]{ ia0 a2p0 re1 rm0 nos0 ru0 dp0}{int fixed}{ sir@ ___fsmul_exp_1_22}[r0x1005 r0x1006 ] - 0x1 {const-unsigned-char literal}
                      00740 ;       .line   93; "../../libsdcc_mc30/fsmul.c"        exp--;
01A7   0BFF           00741         MOVAI   0xff
01A8   1F80           00742         ADDRA   r0x100E
01A9   3003           00743         JBSET   STATUS,0
01AA   1B80           00744         DECR    r0x100D
                      00745 ;;[ICODE] ../../libsdcc_mc30/fsmul.c:93:  _ifend_1($6) :
                      00746 ;;[ICODE] ../../libsdcc_mc30/fsmul.c:96:        iTemp52 [k72 lr61:133 so:0]{ ia0 a2p0 re1 rm0 nos0 ru0 dp0}{unsigned-long-int fixed}{ sir@ ___fsmul_result_1_22}[r0x1001 r0x1002 r0x1003 r0x1004 ] = iTemp52 [k72 lr61:133 so:0]{ ia0 a2p0 re1 rm0 nos0 ru0 dp0}{unsigned-long-int fixed}{ sir@ ___fsmul_result_1_22}[r0x1001 r0x1002 r0x1003 r0x1004 ] & 0xff7fffff {unsigned-long-int literal}
01AB                  00747 _00110_DS_
                      00748 ;       .line   96; "../../libsdcc_mc30/fsmul.c"        result &= ~HIDDEN;
01AB   3F80           00749         BCLR    r0x1008,7
                      00750 ;;[ICODE] ../../libsdcc_mc30/fsmul.c:99:        iTemp92 [k119 lr104:105 so:0]{ ia0 a2p0 re0 rm0 nos0 ru0 dp0}{char fixed} = iTemp22 [k35 lr31:130 so:0]{ ia0 a2p0 re1 rm0 nos0 ru0 dp0}{int fixed}{ sir@ ___fsmul_exp_1_22}[r0x1005 r0x1006 ] < 0x100 {const-int literal}
                      00751 ;;signed compare: left < lit(0x100=256), size=2, mask=ffff
                      00752 ;       .line   99; "../../libsdcc_mc30/fsmul.c"        if (exp >= 0x100)
01AC   1600           00753         MOVAR   r0x100D
01AD   0E80           00754         ADDAI   0x80
01AE   0E7F           00755         ADDAI   0x7f
01AF   3103           00756         JBSET   STATUS,2
01B0   2800           00757         GOTO    _00135_DS_
01B1   0B00           00758         MOVAI   0x00
01B2   1200           00759         RSUBAR  r0x100E
01B3                  00760 _00135_DS_
01B3   3003           00761         JBSET   STATUS,0
01B4   2800           00762         GOTO    _00115_DS_
                      00763 ;;genSkipc:3195: created from rifx:00DE608C
                      00764 ;;[ICODE] ../../libsdcc_mc30/fsmul.c:99:        if iTemp92 [k119 lr104:105 so:0]{ ia0 a2p0 re0 rm0 nos0 ru0 dp0}{char fixed} != 0 goto _iffalse_3($11)
                      00765 ;;[ICODE] ../../libsdcc_mc30/fsmul.c:100:       iTemp93 [k120 lr106:114 so:0]{ ia0 a2p0 re0 rm1 nos0 ru0 dp0}{volatile-unsigned-long-int near* fixed}[remat] = &[___fsmul_fl1_1_22 [k6 lr0:0 so:0]{ ia0 a2p0 re0 rm0 nos0 ru0 dp0}{volatile-struct float_long fixed}]
                      00766 ;;[ICODE] ../../libsdcc_mc30/fsmul.c:100:       if iTemp12 [k22 lr24:124 so:0]{ ia0 a2p0 re1 rm0 nos0 ru0 dp0}{char fixed}{ sir@ ___fsmul_sign_1_22}[r0x1000 ] == 0 goto iTempLbl0($15)
                      00767 ;       .line   100; "../../libsdcc_mc30/fsmul.c"       fl1.l = (sign ? SIGNBIT : 0) | 0x7F800000;
01B5   0B00           00768         MOVAI   0x00
01B6   1700           00769         ORAR    r0x100B
01B7   3503           00770         JBCLR   STATUS,2
01B8   2800           00771         GOTO    _00119_DS_
                      00772 ;;[ICODE] ../../libsdcc_mc30/fsmul.c:100:       iTemp95 [k123 lr108:113 so:0]{ ia0 a2p0 re0 rm0 nos0 ru0 dp0}{unsigned-long-int register}[r0x1007 r0x1008 r0x1009 r0x100A ] := 0x80000000 {unsigned-long-int literal}
01B9   1D80           00773         CLRR    r0x100C
01BA   1D80           00774         CLRR    r0x1010
01BB   1D80           00775         CLRR    r0x1011
01BC   0B80           00776         MOVAI   0x80
01BD   1580           00777         MOVRA   r0x1012
                      00778 ;;[ICODE] ../../libsdcc_mc30/fsmul.c:100:        goto iTempLbl1($16)
01BE   2800           00779         GOTO    _00120_DS_
                      00780 ;;[ICODE] ../../libsdcc_mc30/fsmul.c:100:  iTempLbl0($15) :
                      00781 ;;[ICODE] ../../libsdcc_mc30/fsmul.c:100:       iTemp95 [k123 lr108:113 so:0]{ ia0 a2p0 re0 rm0 nos0 ru0 dp0}{unsigned-long-int register}[r0x1007 r0x1008 r0x1009 r0x100A ] := 0x0 {unsigned-long-int literal}
01BF                  00782 _00119_DS_
01BF   1D80           00783         CLRR    r0x100C
01C0   1D80           00784         CLRR    r0x1010
01C1   1D80           00785         CLRR    r0x1011
01C2   1D80           00786         CLRR    r0x1012
                      00787 ;;[ICODE] ../../libsdcc_mc30/fsmul.c:100:  iTempLbl1($16) :
                      00788 ;;[ICODE] ../../libsdcc_mc30/fsmul.c:100:       iTemp96 [k124 lr113:114 so:0]{ ia0 a2p0 re0 rm0 nos0 ru0 dp0}{unsigned-long-int register}[r0x1007 r0x1008 r0x1009 r0x100A ] = iTemp95 [k123 lr108:113 so:0]{ ia0 a2p0 re0 rm0 nos0 ru0 dp0}{unsigned-long-int register}[r0x1007 r0x1008 r0x1009 r0x100A ] | 0x7f800000 {unsigned-long-int literal}
01C3                  00789 _00120_DS_
01C3   3B80           00790         BSET    r0x1011,7
01C4   0B7F           00791         MOVAI   0x7f
01C5   1780           00792         ORRA    r0x1012
                      00793 ;;[ICODE] ../../libsdcc_mc30/fsmul.c:100:       *(iTemp93 [k120 lr106:114 so:0]{ ia1 a2p0 re0 rm1 nos0 ru0 dp0}{volatile-unsigned-long-int near* fixed}[remat]) := iTemp96 [k124 lr113:114 so:0]{ ia0 a2p0 re0 rm0 nos0 ru0 dp0}{unsigned-long-int register}[r0x1007 r0x1008 r0x1009 r0x100A ]
                      00794 ;;gen.c:6374: size=3/4, offset=0, AOP_TYPE(res)=8
01C6   1600           00795         MOVAR   r0x100C
01C7   1580           00796         MOVRA   (___fsmul_fl1_1_22 + 0)
                      00797 ;;gen.c:6374: size=2/4, offset=1, AOP_TYPE(res)=8
01C8   1600           00798         MOVAR   r0x1010
01C9   1580           00799         MOVRA   (___fsmul_fl1_1_22 + 1)
                      00800 ;;gen.c:6374: size=1/4, offset=2, AOP_TYPE(res)=8
01CA   1600           00801         MOVAR   r0x1011
01CB   1580           00802         MOVRA   (___fsmul_fl1_1_22 + 2)
                      00803 ;;gen.c:6374: size=0/4, offset=3, AOP_TYPE(res)=8
01CC   1600           00804         MOVAR   r0x1012
01CD   1580           00805         MOVRA   (___fsmul_fl1_1_22 + 3)
                      00806 ;;[ICODE] ../../libsdcc_mc30/fsmul.c:100:        goto _ifend_3($12)
01CE   2800           00807         GOTO    _00116_DS_
                      00808 ;;[ICODE] ../../libsdcc_mc30/fsmul.c:100:  _iffalse_3($11) :
                      00809 ;;[ICODE] ../../libsdcc_mc30/fsmul.c:101:       iTemp97 [k125 lr117:118 so:0]{ ia0 a2p0 re0 rm0 nos0 ru0 dp0}{char fixed} = iTemp22 [k35 lr31:130 so:0]{ ia0 a2p0 re1 rm0 nos0 ru0 dp0}{int fixed}{ sir@ ___fsmul_exp_1_22}[r0x1005 r0x1006 ] < 0x0 {int literal}
                      00810 ;;signed compare: left < lit(0x0=0), size=2, mask=ffff
01CF                  00811 _00115_DS_
                      00812 ;       .line   101; "../../libsdcc_mc30/fsmul.c"       else if (exp < 0)
01CF   3803           00813         BSET    STATUS,0
01D0   3380           00814         JBSET   r0x100D,7
01D1   3C03           00815         BCLR    STATUS,0
01D2   3003           00816         JBSET   STATUS,0
01D3   2800           00817         GOTO    _00112_DS_
                      00818 ;;genSkipc:3195: created from rifx:00DE608C
                      00819 ;;[ICODE] ../../libsdcc_mc30/fsmul.c:101:       if iTemp97 [k125 lr117:118 so:0]{ ia0 a2p0 re0 rm0 nos0 ru0 dp0}{char fixed} == 0 goto _iffalse_2($8)
                      00820 ;;[ICODE] ../../libsdcc_mc30/fsmul.c:102:       iTemp98 [k126 lr119:120 so:0]{ ia0 a2p0 re0 rm1 nos0 ru0 dp0}{volatile-unsigned-long-int near* fixed}[remat] = &[___fsmul_fl1_1_22 [k6 lr0:0 so:0]{ ia0 a2p0 re0 rm0 nos0 ru0 dp0}{volatile-struct float_long fixed}]
                      00821 ;;[ICODE] ../../libsdcc_mc30/fsmul.c:102:       *(iTemp98 [k126 lr119:120 so:0]{ ia1 a2p0 re0 rm1 nos0 ru0 dp0}{volatile-unsigned-long-int near* fixed}[remat]) := 0x0 {volatile-unsigned-long-int literal}
                      00822 ;;gen.c:6374: size=3/4, offset=0, AOP_TYPE(res)=8
                      00823 ;       .line   102; "../../libsdcc_mc30/fsmul.c"       fl1.l = 0;
01D4   1D80           00824         CLRR    (___fsmul_fl1_1_22 + 0)
                      00825 ;;gen.c:6374: size=2/4, offset=1, AOP_TYPE(res)=8
01D5   1D80           00826         CLRR    (___fsmul_fl1_1_22 + 1)
                      00827 ;;gen.c:6374: size=1/4, offset=2, AOP_TYPE(res)=8
01D6   1D80           00828         CLRR    (___fsmul_fl1_1_22 + 2)
                      00829 ;;gen.c:6374: size=0/4, offset=3, AOP_TYPE(res)=8
01D7   1D80           00830         CLRR    (___fsmul_fl1_1_22 + 3)
                      00831 ;;[ICODE] ../../libsdcc_mc30/fsmul.c:102:        goto _ifend_3($12)
01D8   2800           00832         GOTO    _00116_DS_
                      00833 ;;[ICODE] ../../libsdcc_mc30/fsmul.c:102:  _iffalse_2($8) :
                      00834 ;;[ICODE] ../../libsdcc_mc30/fsmul.c:104:       iTemp100 [k129 lr123:134 so:0]{ ia0 a2p0 re0 rm1 nos0 ru0 dp0}{volatile-unsigned-long-int near* fixed}[remat] = &[___fsmul_fl1_1_22 [k6 lr0:0 so:0]{ ia0 a2p0 re0 rm0 nos0 ru0 dp0}{volatile-struct float_long fixed}]
                      00835 ;;[ICODE] ../../libsdcc_mc30/fsmul.c:104:       if iTemp12 [k22 lr24:124 so:0]{ ia0 a2p0 re1 rm0 nos0 ru0 dp0}{char fixed}{ sir@ ___fsmul_sign_1_22}[r0x1000 ] == 0 goto iTempLbl2($17)
01D9                  00836 _00112_DS_
                      00837 ;       .line   104; "../../libsdcc_mc30/fsmul.c"       fl1.l = PACK (sign ? SIGNBIT : 0 , exp, result);
01D9   0B00           00838         MOVAI   0x00
01DA   1700           00839         ORAR    r0x100B
01DB   3503           00840         JBCLR   STATUS,2
01DC   2800           00841         GOTO    _00121_DS_
                      00842 ;;[ICODE] ../../libsdcc_mc30/fsmul.c:104:       iTemp102 [k132 lr125:132 so:0]{ ia0 a2p0 re0 rm0 nos0 ru0 dp0}{unsigned-long-int register}[r0x1000 r0x1007 r0x1008 r0x1009 ] := 0x80000000 {unsigned-long-int literal}
01DD   1D80           00843         CLRR    r0x100B
01DE   1D80           00844         CLRR    r0x100C
01DF   1D80           00845         CLRR    r0x1010
01E0   0B80           00846         MOVAI   0x80
01E1   1580           00847         MOVRA   r0x1011
                      00848 ;;[ICODE] ../../libsdcc_mc30/fsmul.c:104:        goto iTempLbl3($18)
01E2   2800           00849         GOTO    _00122_DS_
                      00850 ;;[ICODE] ../../libsdcc_mc30/fsmul.c:104:  iTempLbl2($17) :
                      00851 ;;[ICODE] ../../libsdcc_mc30/fsmul.c:104:       iTemp102 [k132 lr125:132 so:0]{ ia0 a2p0 re0 rm0 nos0 ru0 dp0}{unsigned-long-int register}[r0x1000 r0x1007 r0x1008 r0x1009 ] := 0x0 {unsigned-long-int literal}
01E3                  00852 _00121_DS_
01E3   1D80           00853         CLRR    r0x100B
01E4   1D80           00854         CLRR    r0x100C
01E5   1D80           00855         CLRR    r0x1010
01E6   1D80           00856         CLRR    r0x1011
                      00857 ;;[ICODE] ../../libsdcc_mc30/fsmul.c:104:  iTempLbl3($18) :
                      00858 ;;[ICODE] ../../libsdcc_mc30/fsmul.c:104:       iTemp103 [k133 lr130:131 so:0]{ ia0 a2p0 re0 rm0 nos0 ru0 dp0}{unsigned-long-int fixed}[r0x100A r0x100B r0x100C r0x100D ] = (unsigned-long-int fixed)iTemp22 [k35 lr31:130 so:0]{ ia0 a2p0 re1 rm0 nos0 ru0 dp0}{int fixed}{ sir@ ___fsmul_exp_1_22}[r0x1005 r0x1006 ]
01E7                  00859 _00122_DS_
01E7   1600           00860         MOVAR   r0x100E
01E8   1580           00861         MOVRA   r0x1012
01E9   1600           00862         MOVAR   r0x100D
01EA   1580           00863         MOVRA   r0x1013
01EB   0B00           00864         MOVAI   0x00
01EC   3780           00865         JBCLR   r0x1013,7
01ED   0BFF           00866         MOVAI   0xff
01EE   1580           00867         MOVRA   r0x1015
01EF   1580           00868         MOVRA   r0x1014
                      00869 ;;[ICODE] ../../libsdcc_mc30/fsmul.c:104:       iTemp104 [k134 lr131:132 so:0]{ ia0 a2p0 re0 rm0 nos0 ru0 dp0}{unsigned-long-int fixed}[r0x1005 r0x1006 r0x100E r0x100F ] = iTemp103 [k133 lr130:131 so:0]{ ia0 a2p0 re0 rm0 nos0 ru0 dp0}{unsigned-long-int fixed}[r0x100A r0x100B r0x100C r0x100D ] << 0x17 {const-unsigned-char literal}
01F0   1300           00870         RRAR    r0x1013
01F1   1300           00871         RRAR    r0x1012
01F2   1580           00872         MOVRA   r0x1017
01F3   1D80           00873         CLRR    r0x1016
01F4   1380           00874         RRR     r0x1016
01F5   1D80           00875         CLRR    r0x100D
01F6   1D80           00876         CLRR    r0x100E
                      00877 ;;[ICODE] ../../libsdcc_mc30/fsmul.c:104:       iTemp105 [k135 lr132:133 so:0]{ ia0 a2p0 re0 rm0 nos0 ru0 dp0}{unsigned-long-int fixed}[r0x1000 r0x1007 r0x1008 r0x1009 ] = iTemp102 [k132 lr125:132 so:0]{ ia0 a2p0 re0 rm0 nos0 ru0 dp0}{unsigned-long-int register}[r0x1000 r0x1007 r0x1008 r0x1009 ] | iTemp104 [k134 lr131:132 so:0]{ ia0 a2p0 re0 rm0 nos0 ru0 dp0}{unsigned-long-int fixed}[r0x1005 r0x1006 r0x100E r0x100F ]
01F7   0B00           00878         MOVAI   0x00
01F8   1780           00879         ORRA    r0x100B
01F9   0B00           00880         MOVAI   0x00
01FA   1780           00881         ORRA    r0x100C
01FB   1600           00882         MOVAR   r0x1016
01FC   1780           00883         ORRA    r0x1010
01FD   1600           00884         MOVAR   r0x1017
01FE   1780           00885         ORRA    r0x1011
                      00886 ;;[ICODE] ../../libsdcc_mc30/fsmul.c:104:       iTemp106 [k136 lr133:134 so:0]{ ia0 a2p0 re0 rm0 nos0 ru0 dp0}{unsigned-long-int fixed}[r0x1001 r0x1002 r0x1003 r0x1004 ] = iTemp105 [k135 lr132:133 so:0]{ ia0 a2p0 re0 rm0 nos0 ru0 dp0}{unsigned-long-int fixed}[r0x1000 r0x1007 r0x1008 r0x1009 ] | iTemp52 [k72 lr61:133 so:0]{ ia0 a2p0 re1 rm0 nos0 ru0 dp0}{unsigned-long-int fixed}{ sir@ ___fsmul_result_1_22}[r0x1001 r0x1002 r0x1003 r0x1004 ]
01FF   1600           00887         MOVAR   r0x100B
0200   1780           00888         ORRA    r0x100A
0201   1600           00889         MOVAR   r0x100C
0202   1780           00890         ORRA    r0x1009
0203   1600           00891         MOVAR   r0x1010
0204   1780           00892         ORRA    r0x1008
0205   1600           00893         MOVAR   r0x1011
0206   1780           00894         ORRA    r0x100F
                      00895 ;;[ICODE] ../../libsdcc_mc30/fsmul.c:104:       *(iTemp100 [k129 lr123:134 so:0]{ ia1 a2p0 re0 rm1 nos0 ru0 dp0}{volatile-unsigned-long-int near* fixed}[remat]) := iTemp106 [k136 lr133:134 so:0]{ ia0 a2p0 re0 rm0 nos0 ru0 dp0}{unsigned-long-int fixed}[r0x1001 r0x1002 r0x1003 r0x1004 ]
                      00896 ;;gen.c:6374: size=3/4, offset=0, AOP_TYPE(res)=8
0207   1600           00897         MOVAR   r0x100A
0208   1580           00898         MOVRA   (___fsmul_fl1_1_22 + 0)
                      00899 ;;gen.c:6374: size=2/4, offset=1, AOP_TYPE(res)=8
0209   1600           00900         MOVAR   r0x1009
020A   1580           00901         MOVRA   (___fsmul_fl1_1_22 + 1)
                      00902 ;;gen.c:6374: size=1/4, offset=2, AOP_TYPE(res)=8
020B   1600           00903         MOVAR   r0x1008
020C   1580           00904         MOVRA   (___fsmul_fl1_1_22 + 2)
                      00905 ;;gen.c:6374: size=0/4, offset=3, AOP_TYPE(res)=8
020D   1600           00906         MOVAR   r0x100F
020E   1580           00907         MOVRA   (___fsmul_fl1_1_22 + 3)
                      00908 ;;[ICODE] ../../libsdcc_mc30/fsmul.c:104:  _ifend_3($12) :
                      00909 ;;[ICODE] ../../libsdcc_mc30/fsmul.c:105:       iTemp107 [k137 lr136:137 so:0]{ ia0 a2p0 re0 rm1 nos0 ru0 dp0}{volatile-float near* fixed}[remat] = &[___fsmul_fl1_1_22 [k6 lr0:0 so:0]{ ia0 a2p0 re0 rm0 nos0 ru0 dp0}{volatile-struct float_long fixed}]
                      00910 ;;[ICODE] ../../libsdcc_mc30/fsmul.c:105:       iTemp109 [k140 lr137:138 so:0]{ ia0 a2p0 re0 rm0 nos0 ru1 dp0}{volatile-float fixed}[r0x1000 r0x1001 r0x1002 r0x1003 ] = @[iTemp107 [k137 lr136:137 so:0]{ ia1 a2p0 re0 rm1 nos0 ru0 dp0}{volatile-float near* fixed}[remat] + 0x0 {const-unsigned-char literal}]
020F                  00911 _00116_DS_
                      00912 ;       .line   105; "../../libsdcc_mc30/fsmul.c"       return (fl1.f);
020F   1600           00913         MOVAR   (___fsmul_fl1_1_22 + 0)
0210   1580           00914         MOVRA   r0x100B
0211   1600           00915         MOVAR   (___fsmul_fl1_1_22 + 1)
0212   1580           00916         MOVRA   r0x100A
0213   1600           00917         MOVAR   (___fsmul_fl1_1_22 + 2)
0214   1580           00918         MOVRA   r0x1009
0215   1600           00919         MOVAR   (___fsmul_fl1_1_22 + 3)
0216   1580           00920         MOVRA   r0x1008
                      00921 ;;[ICODE] ../../libsdcc_mc30/fsmul.c:105:       ret iTemp109 [k140 lr137:138 so:0]{ ia0 a2p0 re0 rm0 nos0 ru1 dp0}{volatile-float fixed}[r0x1000 r0x1001 r0x1002 r0x1003 ]
0217   1600           00922         MOVAR   r0x100B
0218   1580           00923         MOVRA   STK02
0219   1600           00924         MOVAR   r0x100A
021A   1580           00925         MOVRA   STK01
021B   1600           00926         MOVAR   r0x1009
021C   1580           00927         MOVRA   STK00
021D   1600           00928         MOVAR   r0x1008
                      00929 ;;[ICODE] ../../libsdcc_mc30/fsmul.c:105:  _return($13) :
                      00930 ;;[ICODE] ../../libsdcc_mc30/fsmul.c:105:       eproc ___fsmul [k1 lr0:0 so:0]{ ia0 a2p0 re0 rm0 nos0 ru0 dp0}{float function ( float fixed, float fixed) fixed}
021E                  00931 _00117_DS_
021E   000C           00932         RETURN  
                      00933 ; exit point of ___fsmul
                      00934 
                      00935 
                      00936 ;       code size estimation:
                      00937 ;         543+    0 =   543 instructions ( 1086 byte)
                      00938 
                      00939         end
gpasm-2.0.0_beta2 (Nov  6 2017)fsmul.asm          2018-1-12  13:52:56          PAGE  2


SYMBOL TABLE
  LABEL                             VALUE

BUZE                              00000005
C                                 00000000
DBLCK                             00000004
DC                                00000001
DDR0                              00000045
DDR00                             00000000
DDR01                             00000001
DDR02                             00000002
DDR03                             00000003
DDR1                              00000046
DDR10                             00000000
DDR11                             00000001
DDR12                             00000002
DDR13                             00000003
DDR14                             00000004
DDR15                             00000005
DDR16                             00000006
DDR17                             00000007
EIS                               00000006
FSR                               00000004
FSR0                              00000000
FSR1                              00000001
FSR2                              00000002
FSR3                              00000003
FSR4                              00000004
FSR5                              00000005
GIE                               00000007
INDF                              00000000
INDF0                             00000000
INDF1                             00000001
INDF2                             00000002
INDF3                             00000003
INDF4                             00000004
INDF5                             00000005
INDF6                             00000006
INDF7                             00000007
INTECON                           0000000E
INTFLAG                           0000000F
INTIE                             00000002
INTIF                             00000002
INTOM                             00000006
KBIE                              00000001
KBIF                              00000001
KBIM                              00000009
KBIM0                             00000000
KBIM1                             00000001
KBIM2                             00000002
KBIM3                             00000003
KBIM4                             00000004
KBIM5                             00000005
KBIM6                             00000006
KBIM7                             00000007
LVDEN                             00000000
LVDF                              00000005
LVDSEL0                           00000001
LVDSEL1                           00000002
LVDSEL2                           00000003
LVDSEL3                           00000004
MCR                               00000008
ODCON                             0000000C
P0                                00000005
P00D                              00000000
P00PD                             00000000
P01D                              00000001
P01PD                             00000001
P02D                              00000002
P02PD                             00000002
P03D                              00000003
P03PD                             00000003
P1                                00000006
P10D                              00000000
P10OD                             00000000
P10PD                             00000004
P10PU                             00000000
P11D                              00000001
P11OD                             00000001
P11PD                             00000005
P11PU                             00000001
P12D                              00000002
P12OD                             00000002
P12PD                             00000006
P12PU                             00000002
P13D                              00000003
P13PU                             00000003
P14D                              00000004
P14OD                             00000004
P14PU                             00000004
P15D                              00000005
P15OD                             00000005
P15PU                             00000005
P16D                              00000006
P16OD                             00000006
P16PU                             00000006
P17D                              00000007
P17OD                             00000007
P17PU                             00000007
PC0                               00000000
PC1                               00000001
PC2                               00000002
PC3                               00000003
PC4                               00000004
PC5                               00000005
PC6                               00000006
PC7                               00000007
PCH0                              00000000
PCH1                              00000001
PCL                               00000002
PCLATH                            0000000A
PD                                00000003
PDCON                             0000000B
PMW0OE                            00000007
PMW1E                             00000001
PUCON                             0000000D
PWM0E                             00000006
PWM1OE                            00000006
PWM2E                             00000000
PWM2OE                            00000005
PWMCR                             00000048
PWMINV                            00000002
PWMMD                             00000003
RST                               00000007
STATUS                            00000003
STK00                             00000000
STK01                             00000000
STK02                             00000000
STK03                             00000000
STK04                             00000000
STK05                             00000000
STK06                             00000000
T0C0                              00000000
T0C1                              00000001
T0C2                              00000002
T0C3                              00000003
T0C4                              00000004
T0C5                              00000005
T0C6                              00000006
T0C7                              00000007
T0CNT                             00000001
T0CR                              00000041
T0IE                              00000000
T0IF                              00000000
T0PR0                             00000000
T0PR1                             00000001
T0PR2                             00000002
T0PTA                             00000003
T0PTS                             00000005
T0SE                              00000004
T1C0                              00000000
T1C1                              00000001
T1C2                              00000002
T1C3                              00000003
T1C4                              00000004
T1C5                              00000005
T1C6                              00000006
T1C7                              00000007
T1CNT                             0000004D
T1CR                              0000004C
T1DAT0                            0000004F
T1DAT00                           00000000
T1DAT01                           00000001
T1DAT02                           00000002
T1DAT03                           00000003
T1DAT04                           00000004
T1DAT05                           00000005
T1DAT06                           00000006
T1DAT07                           00000007
T1DAT1                            00000049
T1DAT10                           00000000
T1DAT11                           00000001
T1DAT12                           00000002
T1DAT13                           00000003
T1DAT14                           00000004
T1DAT15                           00000005
T1DAT16                           00000006
T1DAT17                           00000007
T1DAT2                            0000004A
T1DAT20                           00000000
T1DAT21                           00000001
T1DAT22                           00000002
T1DAT23                           00000003
T1DAT24                           00000004
T1DAT25                           00000005
T1DAT26                           00000006
T1DAT27                           00000007
T1IE                              00000001
T1IF                              00000000
T1LOAD                            0000004E
T1LOAD0                           00000000
T1LOAD1                           00000001
T1LOAD2                           00000002
T1LOAD3                           00000003
T1LOAD4                           00000004
T1LOAD5                           00000005
T1LOAD6                           00000006
T1LOAD7                           00000007
T1PR0                             00000000
T1PR1                             00000001
T1PR2                             00000002
T1PTS0                            00000003
T1PTS1                            00000004
TBS                               00000007
TC1EN                             00000007
TM0CR                             0000004B
TO                                00000004
WDTEN                             00000007
Z                                 00000002
_00105_DS_                        00000039
_00106_DS_                        00000041
_00109_DS_                        0000019E
_00110_DS_                        000001AB
_00112_DS_                        000001D9
_00115_DS_                        000001CF
_00116_DS_                        0000020F
_00117_DS_                        0000021E
_00119_DS_                        000001BF
_00120_DS_                        000001C3
_00121_DS_                        000001E3
_00122_DS_                        000001E7
_00135_DS_                        000001B3
_CONFIG0                          00002000
_CONFIG1                          00002001
__30P011                          00000001
___fs2schar                       00000000
___fs2sint                        00000000
___fs2slong                       00000000
___fs2uchar                       00000000
___fs2uint                        00000000
___fs2ulong                       00000000
___fsadd                          00000000
___fsdiv                          00000000
___fseq                           00000000
___fsgt                           00000000
___fslt                           00000000
___fsmul                          00000000
___fsmul_fl1_1_22                 00000013
___fsmul_fl2_1_22                 00000017
___fsneq                          00000000
___fssub                          00000000
___schar2fs                       00000000
___sint2fs                        00000000
___slong2fs                       00000000
___uchar2fs                       00000000
___uint2fs                        00000000
___ulong2fs                       00000000
__mullong                         00000000
r0x1008                           00000003
r0x1009                           00000002
r0x100A                           00000001
r0x100B                           00000000
r0x100C                           00000007
r0x100D                           00000006
r0x100E                           00000005
r0x100F                           00000004
r0x1010                           00000008
r0x1011                           00000009
r0x1012                           0000000A
r0x1013                           0000000B
r0x1014                           0000000C
r0x1015                           0000000D
r0x1016                           0000000E
r0x1017                           0000000F
r0x1018                           00000010
r0x1019                           00000011
r0x101A                           00000012

Errors   :     0
Warnings :     0 reported,     0 suppressed
Messages :     0 reported,     0 suppressed

