gpasm-2.0.0_beta2 (Nov  6 2017)slong2fs.asm       2018-1-12  13:53:04          PAGE  1


LOC  OBJECT CODE     LINE SOURCE TEXT
  VALUE

                      00001 ;--------------------------------------------------------
                      00002 ; File Created by SN-SDCC : SinoMCU ANSI-C Compiler
                      00003 ; Version 1.1.0 (Dec 19 2017) (MINGW32)
                      00004 ; This file was generated Fri Jan 12 13:53:04 2018
                      00005 ;--------------------------------------------------------
                      00006 ; MC30 port for the RISC core
                      00007 ;--------------------------------------------------------
                      00008 ;       .file   "../../libsdcc_mc30/slong2fs.c"
                      00009         list    p=0311
                      00010         radix dec
                      00011         include "0311.inc"
                      00001                 LIST
                      00002 ;mc30p6080.inc    Standard Header File, Version 1.00 by Sinomcu
                      00326                 LIST
                      00012 ;--------------------------------------------------------
                      00013 ; external declarations
                      00014 ;--------------------------------------------------------
                      00015         extern  ___uchar2fs
                      00016         extern  ___schar2fs
                      00017         extern  ___uint2fs
                      00018         extern  ___sint2fs
                      00019         extern  ___ulong2fs
                      00020         extern  ___fs2uchar
                      00021         extern  ___fs2schar
                      00022         extern  ___fs2uint
                      00023         extern  ___fs2sint
                      00024         extern  ___fs2ulong
                      00025         extern  ___fs2slong
                      00026         extern  ___fsadd
                      00027         extern  ___fssub
                      00028         extern  ___fsmul
                      00029         extern  ___fsdiv
                      00030         extern  ___fslt
                      00031         extern  ___fseq
                      00032         extern  ___fsneq
                      00033         extern  ___fsgt
                      00034 
                      00035         extern STK06
                      00036         extern STK05
                      00037         extern STK04
                      00038         extern STK03
                      00039         extern STK02
                      00040         extern STK01
                      00041         extern STK00
                      00042 ;--------------------------------------------------------
                      00043 ; global declarations
                      00044 ;--------------------------------------------------------
                      00045         global  ___slong2fs
                      00046 
                      00047 ;--------------------------------------------------------
                      00048 ; global definitions
                      00049 ;--------------------------------------------------------
                      00050 ;--------------------------------------------------------
                      00051 ; absolute symbol definitions
                      00052 ;--------------------------------------------------------
                      00053 ;--------------------------------------------------------
                      00054 ; compiler-defined variables
                      00055 ;--------------------------------------------------------
                      00056 UDL_slong2fs_0  udata
0000                  00057 r0x1003 res     1
0000                  00058 r0x1002 res     1
0001                  00059 r0x1001 res     1
0001                  00060 r0x1000 res     1
0002                  00061 r0x1004 res     1
0002                  00062 r0x1005 res     1
0003                  00063 r0x1006 res     1
0003                  00064 r0x1007 res     1
                      00065 ;--------------------------------------------------------
                      00066 ; initialized data
                      00067 ;--------------------------------------------------------
                      00068 
                      00069 ;@Allocation info for local variables in function '__slong2fs'
                      00070 ;@__slong2fs __uchar2fs                Allocated to registers ;size:2
                      00071 ;@__slong2fs __schar2fs                Allocated to registers ;size:2
                      00072 ;@__slong2fs __uint2fs                 Allocated to registers ;size:2
                      00073 ;@__slong2fs __sint2fs                 Allocated to registers ;size:2
                      00074 ;@__slong2fs __ulong2fs                Allocated to registers ;size:2
                      00075 ;@__slong2fs __fs2uchar                Allocated to registers ;size:2
                      00076 ;@__slong2fs __fs2schar                Allocated to registers ;size:2
                      00077 ;@__slong2fs __fs2uint                 Allocated to registers ;size:2
                      00078 ;@__slong2fs __fs2sint                 Allocated to registers ;size:2
                      00079 ;@__slong2fs __fs2ulong                Allocated to registers ;size:2
                      00080 ;@__slong2fs __fs2slong                Allocated to registers ;size:2
                      00081 ;@__slong2fs __fsadd                   Allocated to registers ;size:2
                      00082 ;@__slong2fs __fssub                   Allocated to registers ;size:2
                      00083 ;@__slong2fs __fsmul                   Allocated to registers ;size:2
                      00084 ;@__slong2fs __fsdiv                   Allocated to registers ;size:2
                      00085 ;@__slong2fs __fslt                    Allocated to registers ;size:2
                      00086 ;@__slong2fs __fseq                    Allocated to registers ;size:2
                      00087 ;@__slong2fs __fsneq                   Allocated to registers ;size:2
                      00088 ;@__slong2fs __fsgt                    Allocated to registers ;size:2
                      00089 ;@__slong2fs sl                        Allocated to registers r0x1003 r0x1002 r0x1001 r0x1000 ;size:4
                      00090 ;@end Allocation info for local variables in function '__slong2fs';
                      00091 
                      00092 ;--------------------------------------------------------
                      00093 ; overlayable items in internal ram 
                      00094 ;--------------------------------------------------------
                      00095 ;       udata_ovr
                      00096 ;--------------------------------------------------------
                      00097 ; code
                      00098 ;--------------------------------------------------------
                      00099 code_slong2fs   code
                      00100 ;***
                      00101 ;  pBlock Stats: dbName = C
                      00102 ;***
                      00103 ;entry:  ___slong2fs    ;Function start
                      00104 ; 2 exit points
                      00105 ;has an exit
                      00106 ;functions called:
                      00107 ;   ___ulong2fs
                      00108 ;   ___ulong2fs
                      00109 ;   ___ulong2fs
                      00110 ;   ___ulong2fs
                      00111 ;11 compiler assigned registers:
                      00112 ;   r0x1000
                      00113 ;   STK00
                      00114 ;   r0x1001
                      00115 ;   STK01
                      00116 ;   r0x1002
                      00117 ;   STK02
                      00118 ;   r0x1003
                      00119 ;   r0x1004
                      00120 ;   r0x1005
                      00121 ;   r0x1006
                      00122 ;   r0x1007
                      00123 ;; Starting pCode block
                      00124 ;;[ICODE] ../../libsdcc_mc30/slong2fs.c:33:  _entry($5) :
                      00125 ;;[ICODE] ../../libsdcc_mc30/slong2fs.c:33:     proc ___slong2fs [k1 lr0:0 so:0]{ ia0 a2p0 re0 rm0 nos0 ru0 dp0}{float function ( long-int fixed) fixed}
0000                  00126 ___slong2fs     ;Function start
                      00127 ; 2 exit points
                      00128 ;;[ICODE] ../../libsdcc_mc30/slong2fs.c:33: iTemp0 [k2 lr3:12 so:0]{ ia0 a2p0 re1 rm0 nos0 ru0 dp0}{long-int fixed}{ sir@ ___slong2fs_sl_1_21}[r0x1000 r0x1001 r0x1002 r0x1003 ] = recv ___slong2fs [k1 lr0:0 so:0]{ ia0 a2p0 re0 rm0 nos0 ru0 dp0}{float function ( long-int fixed) fixed}
                      00129 ;       .line   33; "../../libsdcc_mc30/slong2fs.c"     float __slong2fs (signed long sl) _FS_REENTRANT
0000   1580           00130         MOVRA   r0x1000
0001   1600           00131         MOVAR   STK00
0002   1580           00132         MOVRA   r0x1001
0003   1600           00133         MOVAR   STK01
0004   1580           00134         MOVRA   r0x1002
0005   1600           00135         MOVAR   STK02
0006   1580           00136         MOVRA   r0x1003
                      00137 ;;[ICODE] ../../libsdcc_mc30/slong2fs.c:35:     iTemp1 [k4 lr4:5 so:0]{ ia0 a2p0 re0 rm0 nos0 ru0 dp0}{char fixed} = iTemp0 [k2 lr3:12 so:0]{ ia0 a2p0 re1 rm0 nos0 ru0 dp0}{long-int fixed}{ sir@ ___slong2fs_sl_1_21}[r0x1000 r0x1001 r0x1002 r0x1003 ] < 0x0 {long-int literal}
                      00138 ;;signed compare: left < lit(0x0=0), size=4, mask=ffffffff
                      00139 ;       .line   35; "../../libsdcc_mc30/slong2fs.c"     if (sl<0) 
0007   3803           00140         BSET    STATUS,0
0008   3380           00141         JBSET   r0x1000,7
0009   3C03           00142         BCLR    STATUS,0
000A   3003           00143         JBSET   STATUS,0
000B   2800           00144         GOTO    _00106_DS_
                      00145 ;;genSkipc:3195: created from rifx:00DE608C
                      00146 ;;[ICODE] ../../libsdcc_mc30/slong2fs.c:35:     if iTemp1 [k4 lr4:5 so:0]{ ia0 a2p0 re0 rm0 nos0 ru0 dp0}{char fixed} == 0 goto _iffalse_0($2)
                      00147 ;;[ICODE] ../../libsdcc_mc30/slong2fs.c:36:     iTemp2 [k6 lr6:7 so:0]{ ia0 a2p0 re0 rm0 nos0 ru1 dp0}{long-int fixed}[r0x1004 r0x1005 r0x1006 r0x1007 ] = - iTemp0 [k2 lr3:12 so:0]{ ia0 a2p0 re1 rm0 nos0 ru0 dp0}{long-int fixed}{ sir@ ___slong2fs_sl_1_21}[r0x1000 r0x1001 r0x1002 r0x1003 ]
                      00148 ;       .line   36; "../../libsdcc_mc30/slong2fs.c"     return -__ulong2fs(-sl);
000C   1C00           00149         COMAR   r0x1003
000D   1580           00150         MOVRA   r0x1004
000E   1C00           00151         COMAR   r0x1002
000F   1580           00152         MOVRA   r0x1005
0010   1C00           00153         COMAR   r0x1001
0011   1580           00154         MOVRA   r0x1006
0012   1C00           00155         COMAR   r0x1000
0013   1580           00156         MOVRA   r0x1007
0014   1980           00157         INCR    r0x1004
0015   3503           00158         JBCLR   STATUS,2
0016   1980           00159         INCR    r0x1005
0017   3503           00160         JBCLR   STATUS,2
0018   1980           00161         INCR    r0x1006
0019   3503           00162         JBCLR   STATUS,2
001A   1980           00163         INCR    r0x1007
                      00164 ;;[ICODE] ../../libsdcc_mc30/slong2fs.c:36:     send iTemp2 [k6 lr6:7 so:0]{ ia0 a2p0 re0 rm0 nos0 ru1 dp0}{long-int fixed}[r0x1004 r0x1005 r0x1006 r0x1007 ]{argreg = 1}
                      00165 ;;[ICODE] ../../libsdcc_mc30/slong2fs.c:36:     iTemp3 [k8 lr8:9 so:0]{ ia0 a2p0 re0 rm0 nos0 ru0 dp0}{float fixed}[r0x1004 r0x1005 r0x1006 r0x1007 ] = call ___ulong2fs [k5 lr0:0 so:0]{ ia0 a2p0 re0 rm0 nos0 ru0 dp0}{float function ( unsigned-long-int fixed) fixed}
001B   1600           00166         MOVAR   r0x1004
001C   1580           00167         MOVRA   STK02
001D   1600           00168         MOVAR   r0x1005
001E   1580           00169         MOVRA   STK01
001F   1600           00170         MOVAR   r0x1006
0020   1580           00171         MOVRA   STK00
0021   1600           00172         MOVAR   r0x1007
0022   2000           00173         CALL    ___ulong2fs
0023   1580           00174         MOVRA   r0x1007
0024   1600           00175         MOVAR   STK00
0025   1580           00176         MOVRA   r0x1006
0026   1600           00177         MOVAR   STK01
0027   1580           00178         MOVRA   r0x1005
0028   1600           00179         MOVAR   STK02
0029   1580           00180         MOVRA   r0x1004
                      00181 ;;[ICODE] ../../libsdcc_mc30/slong2fs.c:36:     iTemp4 [k9 lr9:10 so:0]{ ia0 a2p0 re0 rm0 nos0 ru1 dp0}{float fixed}[r0x1004 r0x1005 r0x1006 r0x1007 ] = - iTemp3 [k8 lr8:9 so:0]{ ia0 a2p0 re0 rm0 nos0 ru0 dp0}{float fixed}[r0x1004 r0x1005 r0x1006 r0x1007 ]
002A   1600           00182         MOVAR   r0x1007
002B   0880           00183         XORAI   0x80
002C   1580           00184         MOVRA   r0x1007
002D   1600           00185         MOVAR   r0x1006
002E   1580           00186         MOVRA   r0x1006
002F   1600           00187         MOVAR   r0x1005
0030   1580           00188         MOVRA   r0x1005
0031   1600           00189         MOVAR   r0x1004
0032   1580           00190         MOVRA   r0x1004
                      00191 ;;[ICODE] ../../libsdcc_mc30/slong2fs.c:36:     ret iTemp4 [k9 lr9:10 so:0]{ ia0 a2p0 re0 rm0 nos0 ru1 dp0}{float fixed}[r0x1004 r0x1005 r0x1006 r0x1007 ]
0033   1600           00192         MOVAR   r0x1004
0034   1580           00193         MOVRA   STK02
0035   1600           00194         MOVAR   r0x1005
0036   1580           00195         MOVRA   STK01
0037   1600           00196         MOVAR   r0x1006
0038   1580           00197         MOVRA   STK00
0039   1600           00198         MOVAR   r0x1007
003A   2800           00199         GOTO    _00108_DS_
                      00200 ;;[ICODE] ../../libsdcc_mc30/slong2fs.c:36:  _iffalse_0($2) :
                      00201 ;;[ICODE] ../../libsdcc_mc30/slong2fs.c:38:     send iTemp0 [k2 lr3:12 so:0]{ ia0 a2p0 re1 rm0 nos0 ru0 dp0}{long-int fixed}{ sir@ ___slong2fs_sl_1_21}[r0x1000 r0x1001 r0x1002 r0x1003 ]{argreg = 1}
                      00202 ;;[ICODE] ../../libsdcc_mc30/slong2fs.c:38:     iTemp5 [k10 lr13:14 so:0]{ ia0 a2p0 re0 rm0 nos0 ru1 dp0}{float fixed}[r0x1000 r0x1001 r0x1002 r0x1003 ] = call ___ulong2fs [k5 lr0:0 so:0]{ ia0 a2p0 re0 rm0 nos0 ru0 dp0}{float function ( unsigned-long-int fixed) fixed}
003B                  00203 _00106_DS_
                      00204 ;       .line   38; "../../libsdcc_mc30/slong2fs.c"     return __ulong2fs(sl);
003B   1600           00205         MOVAR   r0x1003
003C   1580           00206         MOVRA   STK02
003D   1600           00207         MOVAR   r0x1002
003E   1580           00208         MOVRA   STK01
003F   1600           00209         MOVAR   r0x1001
0040   1580           00210         MOVRA   STK00
0041   1600           00211         MOVAR   r0x1000
0042   2000           00212         CALL    ___ulong2fs
0043   1580           00213         MOVRA   r0x1000
0044   1600           00214         MOVAR   STK00
0045   1580           00215         MOVRA   r0x1001
0046   1600           00216         MOVAR   STK01
0047   1580           00217         MOVRA   r0x1002
0048   1600           00218         MOVAR   STK02
0049   1580           00219         MOVRA   r0x1003
                      00220 ;;[ICODE] ../../libsdcc_mc30/slong2fs.c:38:     ret iTemp5 [k10 lr13:14 so:0]{ ia0 a2p0 re0 rm0 nos0 ru1 dp0}{float fixed}[r0x1000 r0x1001 r0x1002 r0x1003 ]
004A   1600           00221         MOVAR   r0x1003
004B   1580           00222         MOVRA   STK02
004C   1600           00223         MOVAR   r0x1002
004D   1580           00224         MOVRA   STK01
004E   1600           00225         MOVAR   r0x1001
004F   1580           00226         MOVRA   STK00
0050   1600           00227         MOVAR   r0x1000
                      00228 ;;[ICODE] ../../libsdcc_mc30/slong2fs.c:38:  _return($4) :
                      00229 ;;[ICODE] ../../libsdcc_mc30/slong2fs.c:38:     eproc ___slong2fs [k1 lr0:0 so:0]{ ia0 a2p0 re0 rm0 nos0 ru0 dp0}{float function ( long-int fixed) fixed}
0051                  00230 _00108_DS_
0051   000C           00231         RETURN  
                      00232 ; exit point of ___slong2fs
                      00233 
                      00234 
                      00235 ;       code size estimation:
                      00236 ;          82+    0 =    82 instructions (  164 byte)
                      00237 
                      00238         end
gpasm-2.0.0_beta2 (Nov  6 2017)slong2fs.asm       2018-1-12  13:53:04          PAGE  2


SYMBOL TABLE
  LABEL                             VALUE

BUZE                              00000005
C                                 00000000
DBLCK                             00000004
DC                                00000001
DDR0                              00000045
DDR00                             00000000
DDR01                             00000001
DDR02                             00000002
DDR03                             00000003
DDR1                              00000046
DDR10                             00000000
DDR11                             00000001
DDR12                             00000002
DDR13                             00000003
DDR14                             00000004
DDR15                             00000005
DDR16                             00000006
DDR17                             00000007
EIS                               00000006
FSR                               00000004
FSR0                              00000000
FSR1                              00000001
FSR2                              00000002
FSR3                              00000003
FSR4                              00000004
FSR5                              00000005
GIE                               00000007
INDF                              00000000
INDF0                             00000000
INDF1                             00000001
INDF2                             00000002
INDF3                             00000003
INDF4                             00000004
INDF5                             00000005
INDF6                             00000006
INDF7                             00000007
INTECON                           0000000E
INTFLAG                           0000000F
INTIE                             00000002
INTIF                             00000002
INTOM                             00000006
KBIE                              00000001
KBIF                              00000001
KBIM                              00000009
KBIM0                             00000000
KBIM1                             00000001
KBIM2                             00000002
KBIM3                             00000003
KBIM4                             00000004
KBIM5                             00000005
KBIM6                             00000006
KBIM7                             00000007
LVDEN                             00000000
LVDF                              00000005
LVDSEL0                           00000001
LVDSEL1                           00000002
LVDSEL2                           00000003
LVDSEL3                           00000004
MCR                               00000008
ODCON                             0000000C
P0                                00000005
P00D                              00000000
P00PD                             00000000
P01D                              00000001
P01PD                             00000001
P02D                              00000002
P02PD                             00000002
P03D                              00000003
P03PD                             00000003
P1                                00000006
P10D                              00000000
P10OD                             00000000
P10PD                             00000004
P10PU                             00000000
P11D                              00000001
P11OD                             00000001
P11PD                             00000005
P11PU                             00000001
P12D                              00000002
P12OD                             00000002
P12PD                             00000006
P12PU                             00000002
P13D                              00000003
P13PU                             00000003
P14D                              00000004
P14OD                             00000004
P14PU                             00000004
P15D                              00000005
P15OD                             00000005
P15PU                             00000005
P16D                              00000006
P16OD                             00000006
P16PU                             00000006
P17D                              00000007
P17OD                             00000007
P17PU                             00000007
PC0                               00000000
PC1                               00000001
PC2                               00000002
PC3                               00000003
PC4                               00000004
PC5                               00000005
PC6                               00000006
PC7                               00000007
PCH0                              00000000
PCH1                              00000001
PCL                               00000002
PCLATH                            0000000A
PD                                00000003
PDCON                             0000000B
PMW0OE                            00000007
PMW1E                             00000001
PUCON                             0000000D
PWM0E                             00000006
PWM1OE                            00000006
PWM2E                             00000000
PWM2OE                            00000005
PWMCR                             00000048
PWMINV                            00000002
PWMMD                             00000003
RST                               00000007
STATUS                            00000003
STK00                             00000000
STK01                             00000000
STK02                             00000000
STK03                             00000000
STK04                             00000000
STK05                             00000000
STK06                             00000000
T0C0                              00000000
T0C1                              00000001
T0C2                              00000002
T0C3                              00000003
T0C4                              00000004
T0C5                              00000005
T0C6                              00000006
T0C7                              00000007
T0CNT                             00000001
T0CR                              00000041
T0IE                              00000000
T0IF                              00000000
T0PR0                             00000000
T0PR1                             00000001
T0PR2                             00000002
T0PTA                             00000003
T0PTS                             00000005
T0SE                              00000004
T1C0                              00000000
T1C1                              00000001
T1C2                              00000002
T1C3                              00000003
T1C4                              00000004
T1C5                              00000005
T1C6                              00000006
T1C7                              00000007
T1CNT                             0000004D
T1CR                              0000004C
T1DAT0                            0000004F
T1DAT00                           00000000
T1DAT01                           00000001
T1DAT02                           00000002
T1DAT03                           00000003
T1DAT04                           00000004
T1DAT05                           00000005
T1DAT06                           00000006
T1DAT07                           00000007
T1DAT1                            00000049
T1DAT10                           00000000
T1DAT11                           00000001
T1DAT12                           00000002
T1DAT13                           00000003
T1DAT14                           00000004
T1DAT15                           00000005
T1DAT16                           00000006
T1DAT17                           00000007
T1DAT2                            0000004A
T1DAT20                           00000000
T1DAT21                           00000001
T1DAT22                           00000002
T1DAT23                           00000003
T1DAT24                           00000004
T1DAT25                           00000005
T1DAT26                           00000006
T1DAT27                           00000007
T1IE                              00000001
T1IF                              00000000
T1LOAD                            0000004E
T1LOAD0                           00000000
T1LOAD1                           00000001
T1LOAD2                           00000002
T1LOAD3                           00000003
T1LOAD4                           00000004
T1LOAD5                           00000005
T1LOAD6                           00000006
T1LOAD7                           00000007
T1PR0                             00000000
T1PR1                             00000001
T1PR2                             00000002
T1PTS0                            00000003
T1PTS1                            00000004
TBS                               00000007
TC1EN                             00000007
TM0CR                             0000004B
TO                                00000004
WDTEN                             00000007
Z                                 00000002
_00106_DS_                        0000003B
_00108_DS_                        00000051
_CONFIG0                          00002000
_CONFIG1                          00002001
__30P011                          00000001
___fs2schar                       00000000
___fs2sint                        00000000
___fs2slong                       00000000
___fs2uchar                       00000000
___fs2uint                        00000000
___fs2ulong                       00000000
___fsadd                          00000000
___fsdiv                          00000000
___fseq                           00000000
___fsgt                           00000000
___fslt                           00000000
___fsmul                          00000000
___fsneq                          00000000
___fssub                          00000000
___schar2fs                       00000000
___sint2fs                        00000000
___slong2fs                       00000000
___uchar2fs                       00000000
___uint2fs                        00000000
___ulong2fs                       00000000
r0x1000                           00000003
r0x1001                           00000002
r0x1002                           00000001
r0x1003                           00000000
r0x1004                           00000004
r0x1005                           00000005
r0x1006                           00000006
r0x1007                           00000007

Errors   :     0
Warnings :     0 reported,     0 suppressed
Messages :     0 reported,     0 suppressed

