gpasm-2.0.0_beta2 (Nov  6 2017)uint2fs.asm        2018-1-12  13:53:05          PAGE  1


LOC  OBJECT CODE     LINE SOURCE TEXT
  VALUE

                      00001 ;--------------------------------------------------------
                      00002 ; File Created by SN-SDCC : SinoMCU ANSI-C Compiler
                      00003 ; Version 1.1.0 (Dec 19 2017) (MINGW32)
                      00004 ; This file was generated Fri Jan 12 13:53:05 2018
                      00005 ;--------------------------------------------------------
                      00006 ; MC30 port for the RISC core
                      00007 ;--------------------------------------------------------
                      00008 ;       .file   "../../libsdcc_mc30/uint2fs.c"
                      00009         list    p=0311
                      00010         radix dec
                      00011         include "0311.inc"
                      00001                 LIST
                      00002 ;mc30p6080.inc    Standard Header File, Version 1.00 by Sinomcu
                      00326                 LIST
                      00012 ;--------------------------------------------------------
                      00013 ; external declarations
                      00014 ;--------------------------------------------------------
                      00015         extern  ___uchar2fs
                      00016         extern  ___schar2fs
                      00017         extern  ___sint2fs
                      00018         extern  ___ulong2fs
                      00019         extern  ___slong2fs
                      00020         extern  ___fs2uchar
                      00021         extern  ___fs2schar
                      00022         extern  ___fs2uint
                      00023         extern  ___fs2sint
                      00024         extern  ___fs2ulong
                      00025         extern  ___fs2slong
                      00026         extern  ___fsadd
                      00027         extern  ___fssub
                      00028         extern  ___fsmul
                      00029         extern  ___fsdiv
                      00030         extern  ___fslt
                      00031         extern  ___fseq
                      00032         extern  ___fsneq
                      00033         extern  ___fsgt
                      00034 
                      00035         extern STK06
                      00036         extern STK05
                      00037         extern STK04
                      00038         extern STK03
                      00039         extern STK02
                      00040         extern STK01
                      00041         extern STK00
                      00042 ;--------------------------------------------------------
                      00043 ; global declarations
                      00044 ;--------------------------------------------------------
                      00045         global  ___uint2fs
                      00046 
                      00047 ;--------------------------------------------------------
                      00048 ; global definitions
                      00049 ;--------------------------------------------------------
                      00050 ;--------------------------------------------------------
                      00051 ; absolute symbol definitions
                      00052 ;--------------------------------------------------------
                      00053 ;--------------------------------------------------------
                      00054 ; compiler-defined variables
                      00055 ;--------------------------------------------------------
                      00056 UDL_uint2fs_0   udata
0000                  00057 r0x1001 res     1
0000                  00058 r0x1000 res     1
0001                  00059 r0x1002 res     1
0001                  00060 r0x1003 res     1
                      00061 ;--------------------------------------------------------
                      00062 ; initialized data
                      00063 ;--------------------------------------------------------
                      00064 
                      00065 ;@Allocation info for local variables in function '__uint2fs'
                      00066 ;@__uint2fs __uchar2fs                Allocated to registers ;size:2
                      00067 ;@__uint2fs __schar2fs                Allocated to registers ;size:2
                      00068 ;@__uint2fs __sint2fs                 Allocated to registers ;size:2
                      00069 ;@__uint2fs __ulong2fs                Allocated to registers ;size:2
                      00070 ;@__uint2fs __slong2fs                Allocated to registers ;size:2
                      00071 ;@__uint2fs __fs2uchar                Allocated to registers ;size:2
                      00072 ;@__uint2fs __fs2schar                Allocated to registers ;size:2
                      00073 ;@__uint2fs __fs2uint                 Allocated to registers ;size:2
                      00074 ;@__uint2fs __fs2sint                 Allocated to registers ;size:2
                      00075 ;@__uint2fs __fs2ulong                Allocated to registers ;size:2
                      00076 ;@__uint2fs __fs2slong                Allocated to registers ;size:2
                      00077 ;@__uint2fs __fsadd                   Allocated to registers ;size:2
                      00078 ;@__uint2fs __fssub                   Allocated to registers ;size:2
                      00079 ;@__uint2fs __fsmul                   Allocated to registers ;size:2
                      00080 ;@__uint2fs __fsdiv                   Allocated to registers ;size:2
                      00081 ;@__uint2fs __fslt                    Allocated to registers ;size:2
                      00082 ;@__uint2fs __fseq                    Allocated to registers ;size:2
                      00083 ;@__uint2fs __fsneq                   Allocated to registers ;size:2
                      00084 ;@__uint2fs __fsgt                    Allocated to registers ;size:2
                      00085 ;@__uint2fs ui                        Allocated to registers r0x1001 r0x1000 ;size:2
                      00086 ;@end Allocation info for local variables in function '__uint2fs';
                      00087 
                      00088 ;--------------------------------------------------------
                      00089 ; overlayable items in internal ram 
                      00090 ;--------------------------------------------------------
                      00091 ;       udata_ovr
                      00092 ;--------------------------------------------------------
                      00093 ; code
                      00094 ;--------------------------------------------------------
                      00095 code_uint2fs    code
                      00096 ;***
                      00097 ;  pBlock Stats: dbName = C
                      00098 ;***
                      00099 ;entry:  ___uint2fs     ;Function start
                      00100 ; 2 exit points
                      00101 ;has an exit
                      00102 ;functions called:
                      00103 ;   ___ulong2fs
                      00104 ;   ___ulong2fs
                      00105 ;9 compiler assigned registers:
                      00106 ;   r0x1000
                      00107 ;   STK00
                      00108 ;   r0x1001
                      00109 ;   r0x1002
                      00110 ;   r0x1003
                      00111 ;   r0x1004
                      00112 ;   r0x1005
                      00113 ;   STK02
                      00114 ;   STK01
                      00115 ;; Starting pCode block
                      00116 ;;[ICODE] ../../libsdcc_mc30/uint2fs.c:33:  _entry($2) :
                      00117 ;;[ICODE] ../../libsdcc_mc30/uint2fs.c:33:      proc ___uint2fs [k1 lr0:0 so:0]{ ia0 a2p0 re0 rm0 nos0 ru0 dp0}{float function ( unsigned-int fixed) fixed}
0000                  00118 ___uint2fs      ;Function start
                      00119 ; 2 exit points
                      00120 ;;[ICODE] ../../libsdcc_mc30/uint2fs.c:33: iTemp0 [k2 lr3:4 so:0]{ ia0 a2p0 re1 rm0 nos0 ru0 dp0}{unsigned-int fixed}{ sir@ ___uint2fs_ui_1_21}[r0x1000 r0x1001 ] = recv ___uint2fs [k1 lr0:0 so:0]{ ia0 a2p0 re0 rm0 nos0 ru0 dp0}{float function ( unsigned-int fixed) fixed}
0000   1580           00121         MOVRA   r0x1003
                      00122 ;       .line   33; "../../libsdcc_mc30/uint2fs.c"      float __uint2fs (unsigned int ui) _FS_REENTRANT
0001   1580           00123         MOVRA   r0x1000
0002   1600           00124         MOVAR   STK00
0003   1580           00125         MOVRA   r0x1002
0004   1580           00126         MOVRA   r0x1001
                      00127 ;;[ICODE] ../../libsdcc_mc30/uint2fs.c:35:      iTemp1 [k5 lr4:5 so:0]{ ia0 a2p0 re0 rm0 nos0 ru1 dp0}{unsigned-long-int fixed}[r0x1002 r0x1003 r0x1004 r0x1005 ] = (unsigned-long-int fixed)iTemp0 [k2 lr3:4 so:0]{ ia0 a2p0 re1 rm0 nos0 ru0 dp0}{unsigned-int fixed}{ sir@ ___uint2fs_ui_1_21}[r0x1000 r0x1001 ]
                      00128 ;;99    MOVAR   r0x1001
                      00129 ;;100   MOVAR   r0x1000
                      00130 ;;1     CLRR    r0x1004
                      00131 ;;1     CLRR    r0x1005
                      00132 ;;[ICODE] ../../libsdcc_mc30/uint2fs.c:35:      send iTemp1 [k5 lr4:5 so:0]{ ia0 a2p0 re0 rm0 nos0 ru1 dp0}{unsigned-long-int fixed}[r0x1002 r0x1003 r0x1004 r0x1005 ]{argreg = 1}
                      00133 ;;[ICODE] ../../libsdcc_mc30/uint2fs.c:35:      iTemp2 [k7 lr6:7 so:0]{ ia0 a2p0 re0 rm0 nos0 ru1 dp0}{float fixed}[r0x1000 r0x1001 r0x1002 r0x1003 ] = call ___ulong2fs [k4 lr0:0 so:0]{ ia0 a2p0 re0 rm0 nos0 ru0 dp0}{float function ( unsigned-long-int fixed) fixed}
                      00134 ;       .line   35; "../../libsdcc_mc30/uint2fs.c"      return __ulong2fs(ui);
0005   1600           00135         MOVAR   r0x1002
0006   1580           00136         MOVRA   STK02
0007   1600           00137         MOVAR   r0x1003
0008   1580           00138         MOVRA   STK01
0009   0B00           00139         MOVAI   0x00
000A   1580           00140         MOVRA   STK00
000B   0B00           00141         MOVAI   0x00
000C   2000           00142         CALL    ___ulong2fs
000D   1580           00143         MOVRA   r0x1003
000E   1600           00144         MOVAR   STK00
000F   1580           00145         MOVRA   r0x1002
0010   1600           00146         MOVAR   STK01
0011   1580           00147         MOVRA   r0x1000
0012   1600           00148         MOVAR   STK02
0013   1580           00149         MOVRA   r0x1001
                      00150 ;;[ICODE] ../../libsdcc_mc30/uint2fs.c:35:      ret iTemp2 [k7 lr6:7 so:0]{ ia0 a2p0 re0 rm0 nos0 ru1 dp0}{float fixed}[r0x1000 r0x1001 r0x1002 r0x1003 ]
0014   1600           00151         MOVAR   r0x1001
0015   1580           00152         MOVRA   STK02
0016   1600           00153         MOVAR   r0x1000
0017   1580           00154         MOVRA   STK01
0018   1600           00155         MOVAR   r0x1002
0019   1580           00156         MOVRA   STK00
001A   1600           00157         MOVAR   r0x1003
                      00158 ;;[ICODE] ../../libsdcc_mc30/uint2fs.c:35:  _return($1) :
                      00159 ;;[ICODE] ../../libsdcc_mc30/uint2fs.c:35:      eproc ___uint2fs [k1 lr0:0 so:0]{ ia0 a2p0 re0 rm0 nos0 ru0 dp0}{float function ( unsigned-int fixed) fixed}
001B   000C           00160         RETURN  
                      00161 ; exit point of ___uint2fs
                      00162 
                      00163 
                      00164 ;       code size estimation:
                      00165 ;          28+    0 =    28 instructions (   56 byte)
                      00166 
                      00167         end
gpasm-2.0.0_beta2 (Nov  6 2017)uint2fs.asm        2018-1-12  13:53:05          PAGE  2


SYMBOL TABLE
  LABEL                             VALUE

BUZE                              00000005
C                                 00000000
DBLCK                             00000004
DC                                00000001
DDR0                              00000045
DDR00                             00000000
DDR01                             00000001
DDR02                             00000002
DDR03                             00000003
DDR1                              00000046
DDR10                             00000000
DDR11                             00000001
DDR12                             00000002
DDR13                             00000003
DDR14                             00000004
DDR15                             00000005
DDR16                             00000006
DDR17                             00000007
EIS                               00000006
FSR                               00000004
FSR0                              00000000
FSR1                              00000001
FSR2                              00000002
FSR3                              00000003
FSR4                              00000004
FSR5                              00000005
GIE                               00000007
INDF                              00000000
INDF0                             00000000
INDF1                             00000001
INDF2                             00000002
INDF3                             00000003
INDF4                             00000004
INDF5                             00000005
INDF6                             00000006
INDF7                             00000007
INTECON                           0000000E
INTFLAG                           0000000F
INTIE                             00000002
INTIF                             00000002
INTOM                             00000006
KBIE                              00000001
KBIF                              00000001
KBIM                              00000009
KBIM0                             00000000
KBIM1                             00000001
KBIM2                             00000002
KBIM3                             00000003
KBIM4                             00000004
KBIM5                             00000005
KBIM6                             00000006
KBIM7                             00000007
LVDEN                             00000000
LVDF                              00000005
LVDSEL0                           00000001
LVDSEL1                           00000002
LVDSEL2                           00000003
LVDSEL3                           00000004
MCR                               00000008
ODCON                             0000000C
P0                                00000005
P00D                              00000000
P00PD                             00000000
P01D                              00000001
P01PD                             00000001
P02D                              00000002
P02PD                             00000002
P03D                              00000003
P03PD                             00000003
P1                                00000006
P10D                              00000000
P10OD                             00000000
P10PD                             00000004
P10PU                             00000000
P11D                              00000001
P11OD                             00000001
P11PD                             00000005
P11PU                             00000001
P12D                              00000002
P12OD                             00000002
P12PD                             00000006
P12PU                             00000002
P13D                              00000003
P13PU                             00000003
P14D                              00000004
P14OD                             00000004
P14PU                             00000004
P15D                              00000005
P15OD                             00000005
P15PU                             00000005
P16D                              00000006
P16OD                             00000006
P16PU                             00000006
P17D                              00000007
P17OD                             00000007
P17PU                             00000007
PC0                               00000000
PC1                               00000001
PC2                               00000002
PC3                               00000003
PC4                               00000004
PC5                               00000005
PC6                               00000006
PC7                               00000007
PCH0                              00000000
PCH1                              00000001
PCL                               00000002
PCLATH                            0000000A
PD                                00000003
PDCON                             0000000B
PMW0OE                            00000007
PMW1E                             00000001
PUCON                             0000000D
PWM0E                             00000006
PWM1OE                            00000006
PWM2E                             00000000
PWM2OE                            00000005
PWMCR                             00000048
PWMINV                            00000002
PWMMD                             00000003
RST                               00000007
STATUS                            00000003
STK00                             00000000
STK01                             00000000
STK02                             00000000
STK03                             00000000
STK04                             00000000
STK05                             00000000
STK06                             00000000
T0C0                              00000000
T0C1                              00000001
T0C2                              00000002
T0C3                              00000003
T0C4                              00000004
T0C5                              00000005
T0C6                              00000006
T0C7                              00000007
T0CNT                             00000001
T0CR                              00000041
T0IE                              00000000
T0IF                              00000000
T0PR0                             00000000
T0PR1                             00000001
T0PR2                             00000002
T0PTA                             00000003
T0PTS                             00000005
T0SE                              00000004
T1C0                              00000000
T1C1                              00000001
T1C2                              00000002
T1C3                              00000003
T1C4                              00000004
T1C5                              00000005
T1C6                              00000006
T1C7                              00000007
T1CNT                             0000004D
T1CR                              0000004C
T1DAT0                            0000004F
T1DAT00                           00000000
T1DAT01                           00000001
T1DAT02                           00000002
T1DAT03                           00000003
T1DAT04                           00000004
T1DAT05                           00000005
T1DAT06                           00000006
T1DAT07                           00000007
T1DAT1                            00000049
T1DAT10                           00000000
T1DAT11                           00000001
T1DAT12                           00000002
T1DAT13                           00000003
T1DAT14                           00000004
T1DAT15                           00000005
T1DAT16                           00000006
T1DAT17                           00000007
T1DAT2                            0000004A
T1DAT20                           00000000
T1DAT21                           00000001
T1DAT22                           00000002
T1DAT23                           00000003
T1DAT24                           00000004
T1DAT25                           00000005
T1DAT26                           00000006
T1DAT27                           00000007
T1IE                              00000001
T1IF                              00000000
T1LOAD                            0000004E
T1LOAD0                           00000000
T1LOAD1                           00000001
T1LOAD2                           00000002
T1LOAD3                           00000003
T1LOAD4                           00000004
T1LOAD5                           00000005
T1LOAD6                           00000006
T1LOAD7                           00000007
T1PR0                             00000000
T1PR1                             00000001
T1PR2                             00000002
T1PTS0                            00000003
T1PTS1                            00000004
TBS                               00000007
TC1EN                             00000007
TM0CR                             0000004B
TO                                00000004
WDTEN                             00000007
Z                                 00000002
_CONFIG0                          00002000
_CONFIG1                          00002001
__30P011                          00000001
___fs2schar                       00000000
___fs2sint                        00000000
___fs2slong                       00000000
___fs2uchar                       00000000
___fs2uint                        00000000
___fs2ulong                       00000000
___fsadd                          00000000
___fsdiv                          00000000
___fseq                           00000000
___fsgt                           00000000
___fslt                           00000000
___fsmul                          00000000
___fsneq                          00000000
___fssub                          00000000
___schar2fs                       00000000
___sint2fs                        00000000
___slong2fs                       00000000
___uchar2fs                       00000000
___uint2fs                        00000000
___ulong2fs                       00000000
r0x1000                           00000001
r0x1001                           00000000
r0x1002                           00000002
r0x1003                           00000003

Errors   :     0
Warnings :     0 reported,     0 suppressed
Messages :     0 reported,     0 suppressed

