gpasm-2.0.0_beta2 (Nov  6 2017)_divuchar.asm      2018-1-11  14:01:19          PAGE  1


LOC  OBJECT CODE     LINE SOURCE TEXT
  VALUE

                      00001 ;--------------------------------------------------------
                      00002 ; File Created by SN-SDCC : SinoMCU ANSI-C Compiler
                      00003 ; Version 1.1.0 (Dec 19 2017) (MINGW32)
                      00004 ; This file was generated Thu Jan 11 14:01:19 2018
                      00005 ;--------------------------------------------------------
                      00006 ; MC32 port for the RISC core
                      00007 ;--------------------------------------------------------
                      00008 ;       .file   "../../libsdcc_mc32/_divuchar.c"
                      00009         list    p=3221
                      00010         radix dec
                      00011         include "3221.inc"
                      00001                 LIST
                      00002 ;mc32p7010.inc    Standard Header File, Version 1.00 by Sinomcu
                      00435                 LIST
                      00012 ;--------------------------------------------------------
                      00013 ; external declarations
                      00014 ;--------------------------------------------------------
                      00015 
                      00016         extern STK06
                      00017         extern STK05
                      00018         extern STK04
                      00019         extern STK03
                      00020         extern STK02
                      00021         extern STK01
                      00022         extern STK00
                      00023 ;--------------------------------------------------------
                      00024 ; global declarations
                      00025 ;--------------------------------------------------------
                      00026         global  __divuchar
                      00027 
                      00028 ;--------------------------------------------------------
                      00029 ; global definitions
                      00030 ;--------------------------------------------------------
                      00031 ;--------------------------------------------------------
                      00032 ; absolute symbol definitions
                      00033 ;--------------------------------------------------------
                      00034 ;--------------------------------------------------------
                      00035 ; compiler-defined variables
                      00036 ;--------------------------------------------------------
                      00037 UDL__divuchar_0 udata
0000                  00038 r0x1000 res     1
0000                  00039 r0x1001 res     1
0001                  00040 r0x1002 res     1
0001                  00041 r0x1003 res     1
0002                  00042 r0x1004 res     1
                      00043 ;--------------------------------------------------------
                      00044 ; initialized data
                      00045 ;--------------------------------------------------------
                      00046 
                      00047 ;@Allocation info for local variables in function '_divuchar'
                      00048 ;@_divuchar b                         Allocated to registers r0x1001 ;size:1
                      00049 ;@_divuchar a                         Allocated to registers r0x1000 ;size:1
                      00050 ;@_divuchar result                    Allocated to registers r0x1002 ;size:1
                      00051 ;@_divuchar mask                      Allocated to registers r0x1003 ;size:1
                      00052 ;@end Allocation info for local variables in function '_divuchar';
                      00053 
                      00054 ;--------------------------------------------------------
                      00055 ; overlayable items in internal ram 
                      00056 ;--------------------------------------------------------
                      00057 ;       udata_ovr
                      00058 ;--------------------------------------------------------
                      00059 ; code
                      00060 ;--------------------------------------------------------
                      00061 code__divuchar  code
                      00062 ;***
                      00063 ;  pBlock Stats: dbName = C
                      00064 ;***
                      00065 ;entry:  __divuchar     ;Function start
                      00066 ; 2 exit points
                      00067 ;has an exit
                      00068 ;9 compiler assigned registers:
                      00069 ;   r0x1000
                      00070 ;   STK00
                      00071 ;   r0x1001
                      00072 ;   r0x1002
                      00073 ;   r0x1003
                      00074 ;   r0x1004
                      00075 ;   r0x1005
                      00076 ;   r0x1006
                      00077 ;   r0x1007
                      00078 ;; Starting pCode block
                      00079 ;;[ICODE] ../../libsdcc_mc32/_divuchar.c:30:  _entry($12) :
                      00080 ;;[ICODE] ../../libsdcc_mc32/_divuchar.c:30:    proc __divuchar [k1 lr0:0 so:0]{ ia0 a2p0 re0 rm0 nos0 ru0 dp0}{unsigned-char function ( unsigned-char fixed, unsigned-char fixed) fixed}
0000                  00081 __divuchar      ;Function start
                      00082 ; 2 exit points
                      00083 ;;[ICODE] ../../libsdcc_mc32/_divuchar.c:30: iTemp0 [k2 lr3:33 so:0]{ ia0 a2p0 re1 rm0 nos0 ru0 dp0}{unsigned-char fixed}{ sir@ __divuchar_a_1_1}[r0x1000 ] = recv __divuchar [k1 lr0:0 so:0]{ ia0 a2p0 re0 rm0 nos0 ru0 dp0}{unsigned-char function ( unsigned-char fixed, unsigned-char fixed) fixed}
                      00084 ;       .line   30; "../../libsdcc_mc32/_divuchar.c"    _divuchar (unsigned char a, unsigned char b)
0000   5600           00085         MOVRA   r0x1000
                      00086 ;;[ICODE] ../../libsdcc_mc32/_divuchar.c:30: iTemp1 [k4 lr4:33 so:0]{ ia0 a2p0 re1 rm0 nos0 ru0 dp0}{unsigned-char fixed}{ sir@ __divuchar_b_1_1}[r0x1001 ] = recv __divuchar [k1 lr0:0 so:0]{ ia0 a2p0 re0 rm0 nos0 ru0 dp0}{unsigned-char function ( unsigned-char fixed, unsigned-char fixed) fixed}
0001   5800           00087         MOVAR   STK00
0002   5600           00088         MOVRA   r0x1001
                      00089 ;;[ICODE] ../../libsdcc_mc32/_divuchar.c:32:    iTemp2 [k6 lr5:35 so:0]{ ia0 a2p0 re1 rm0 nos0 ru0 dp0}{unsigned-char fixed}{ sir@ __divuchar_result_1_2}[r0x1002 ] := 0x0 {const-unsigned-char literal}
                      00090 ;       .line   32; "../../libsdcc_mc32/_divuchar.c"    unsigned char result = 0;
0003   7600           00091         CLRR    r0x1002
                      00092 ;;[ICODE] ../../libsdcc_mc32/_divuchar.c:33:    iTemp3 [k8 lr6:33 so:0]{ ia0 a2p0 re1 rm0 nos0 ru0 dp0}{unsigned-char fixed}{ sir@ __divuchar_mask_1_2}[r0x1003 ] := 0x1 {const-unsigned-char literal}
                      00093 ;       .line   33; "../../libsdcc_mc32/_divuchar.c"    unsigned char mask = 0x01;
0004   3C01           00094         MOVAI   0x01
0005   5600           00095         MOVRA   r0x1003
                      00096 ;;[ICODE] ../../libsdcc_mc32/_divuchar.c:36:    if iTemp1 [k4 lr4:33 so:0]{ ia0 a2p0 re1 rm0 nos0 ru0 dp0}{unsigned-char fixed}{ sir@ __divuchar_b_1_1}[r0x1001 ] != 0 goto _whilecontinue_0($3)
                      00097 ;       .line   36; "../../libsdcc_mc32/_divuchar.c"    if (!b) return (unsigned char)-1;
0006   3C00           00098         MOVAI   0x00
0007   5C00           00099         ORAR    r0x1001
0008   E587           00100         JBSET   PFLAG,2
0009   A000           00101         GOTO    _00107_DS_
                      00102 ;;[ICODE] ../../libsdcc_mc32/_divuchar.c:36:    ret 0xff {unsigned-char literal}
000A   3CFF           00103         MOVAI   0xff
000B   A000           00104         GOTO    _00115_DS_
                      00105 ;;[ICODE] ../../libsdcc_mc32/_divuchar.c:40:  _whilecontinue_0($3) :
                      00106 ;;[ICODE] ../../libsdcc_mc32/_divuchar.c:40:    iTemp4 [k10 lr11:12 so:0]{ ia0 a2p0 re0 rm0 nos0 ru0 dp0}{unsigned-long-int register}[r0x1004 r0x1005 r0x1006 r0x1007 ] = (unsigned-long-int register)iTemp1 [k4 lr4:33 so:0]{ ia0 a2p0 re1 rm0 nos0 ru0 dp0}{unsigned-char fixed}{ sir@ __divuchar_b_1_1}[r0x1001 ]
000C                  00107 _00107_DS_
                      00108 ;       .line   40; "../../libsdcc_mc32/_divuchar.c"    while (!(b & (1UL << (8*sizeof(unsigned char)-1)))) {
000C   5800           00109         MOVAR   r0x1001
000D   5600           00110         MOVRA   r0x1004
                      00111 ;;1     CLRR    r0x1005
                      00112 ;;1     CLRR    r0x1006
                      00113 ;;1     CLRR    r0x1007
                      00114 ;;[ICODE] ../../libsdcc_mc32/_divuchar.c:40:    iTemp5 [k11 lr12:13 so:0]{ ia0 a2p0 re0 rm0 nos0 ru0 dp0}{unsigned-long-int register} = iTemp4 [k10 lr11:12 so:0]{ ia0 a2p0 re0 rm0 nos0 ru0 dp0}{unsigned-long-int register}[r0x1004 r0x1005 r0x1006 r0x1007 ] & 0x80 {unsigned-long-int literal}
000E   FE00           00115         JBCLR   r0x1004,7
000F   A000           00116         GOTO    _00112_DS_
                      00117 ;;[ICODE] ../../libsdcc_mc32/_divuchar.c:40:    if iTemp5 [k11 lr12:13 so:0]{ ia0 a2p0 re0 rm0 nos0 ru0 dp0}{unsigned-long-int register} != 0 goto _whilecontinue_1($8)
                      00118 ;;[ICODE] ../../libsdcc_mc32/_divuchar.c:41:    iTemp1 [k4 lr4:33 so:0]{ ia0 a2p0 re1 rm0 nos0 ru0 dp0}{unsigned-char fixed}{ sir@ __divuchar_b_1_1}[r0x1001 ] = iTemp1 [k4 lr4:33 so:0]{ ia0 a2p0 re1 rm0 nos0 ru0 dp0}{unsigned-char fixed}{ sir@ __divuchar_b_1_1}[r0x1001 ] << 0x1 {const-unsigned-char literal}
                      00119 ;       .line   41; "../../libsdcc_mc32/_divuchar.c"    b <<= 1;
0010   D187           00120         BCLR    PFLAG,0
0011   5200           00121         RLR     r0x1001
                      00122 ;;[ICODE] ../../libsdcc_mc32/_divuchar.c:42:    iTemp3 [k8 lr6:33 so:0]{ ia0 a2p0 re1 rm0 nos0 ru0 dp0}{unsigned-char fixed}{ sir@ __divuchar_mask_1_2}[r0x1003 ] = iTemp3 [k8 lr6:33 so:0]{ ia0 a2p0 re1 rm0 nos0 ru0 dp0}{unsigned-char fixed}{ sir@ __divuchar_mask_1_2}[r0x1003 ] << 0x1 {const-unsigned-char literal}
                      00123 ;       .line   42; "../../libsdcc_mc32/_divuchar.c"    mask <<= 1;
0012   D187           00124         BCLR    PFLAG,0
0013   5200           00125         RLR     r0x1003
                      00126 ;;[ICODE] ../../libsdcc_mc32/_divuchar.c:42:     goto _whilecontinue_0($3)
0014   A000           00127         GOTO    _00107_DS_
                      00128 ;;[ICODE] ../../libsdcc_mc32/_divuchar.c:47:  _whilecontinue_1($8) :
                      00129 ;;[ICODE] ../../libsdcc_mc32/_divuchar.c:47:    if iTemp3 [k8 lr6:33 so:0]{ ia0 a2p0 re1 rm0 nos0 ru0 dp0}{unsigned-char fixed}{ sir@ __divuchar_mask_1_2}[r0x1003 ] == 0 goto _whilebreak_1($10)
0015                  00130 _00112_DS_
                      00131 ;       .line   47; "../../libsdcc_mc32/_divuchar.c"    while (mask) {
0015   3C00           00132         MOVAI   0x00
0016   5C00           00133         ORAR    r0x1003
0017   F587           00134         JBCLR   PFLAG,2
0018   A000           00135         GOTO    _00114_DS_
                      00136 ;;[ICODE] ../../libsdcc_mc32/_divuchar.c:48:    iTemp8 [k14 lr22:23 so:0]{ ia0 a2p0 re0 rm0 nos0 ru0 dp0}{char fixed} = iTemp0 [k2 lr3:33 so:0]{ ia0 a2p0 re1 rm0 nos0 ru0 dp0}{unsigned-char fixed}{ sir@ __divuchar_a_1_1}[r0x1000 ] < iTemp1 [k4 lr4:33 so:0]{ ia0 a2p0 re1 rm0 nos0 ru0 dp0}{unsigned-char fixed}{ sir@ __divuchar_b_1_1}[r0x1001 ]
                      00137 ;       .line   48; "../../libsdcc_mc32/_divuchar.c"    if (a >= b) {
0019   5800           00138         MOVAR   r0x1001
001A   4800           00139         RSUBAR  r0x1000
001B   E187           00140         JBSET   PFLAG,0
001C   A000           00141         GOTO    _00111_DS_
                      00142 ;;genSkipc:3195: created from rifx:00DD608C
                      00143 ;;[ICODE] ../../libsdcc_mc32/_divuchar.c:48:    if iTemp8 [k14 lr22:23 so:0]{ ia0 a2p0 re0 rm0 nos0 ru0 dp0}{char fixed} != 0 goto _iffalse_1($7)
                      00144 ;;[ICODE] ../../libsdcc_mc32/_divuchar.c:49:    iTemp2 [k6 lr5:35 so:0]{ ia0 a2p0 re1 rm0 nos0 ru0 dp0}{unsigned-char fixed}{ sir@ __divuchar_result_1_2}[r0x1002 ] = iTemp2 [k6 lr5:35 so:0]{ ia0 a2p0 re1 rm0 nos0 ru0 dp0}{unsigned-char fixed}{ sir@ __divuchar_result_1_2}[r0x1002 ] + iTemp3 [k8 lr6:33 so:0]{ ia0 a2p0 re1 rm0 nos0 ru0 dp0}{unsigned-char fixed}{ sir@ __divuchar_mask_1_2}[r0x1003 ]
                      00145 ;       .line   49; "../../libsdcc_mc32/_divuchar.c"    result += mask;
001D   5800           00146         MOVAR   r0x1003
001E   7E00           00147         ADDRA   r0x1002
                      00148 ;;[ICODE] ../../libsdcc_mc32/_divuchar.c:50:    iTemp0 [k2 lr3:33 so:0]{ ia0 a2p0 re1 rm0 nos0 ru0 dp0}{unsigned-char fixed}{ sir@ __divuchar_a_1_1}[r0x1000 ] = iTemp0 [k2 lr3:33 so:0]{ ia0 a2p0 re1 rm0 nos0 ru0 dp0}{unsigned-char fixed}{ sir@ __divuchar_a_1_1}[r0x1000 ] - iTemp1 [k4 lr4:33 so:0]{ ia0 a2p0 re1 rm0 nos0 ru0 dp0}{unsigned-char fixed}{ sir@ __divuchar_b_1_1}[r0x1001 ]
                      00149 ;       .line   50; "../../libsdcc_mc32/_divuchar.c"    a -= b;
001F   5800           00150         MOVAR   r0x1001
0020   4A00           00151         RSUBRA  r0x1000
                      00152 ;;[ICODE] ../../libsdcc_mc32/_divuchar.c:50:  _iffalse_1($7) :
                      00153 ;;[ICODE] ../../libsdcc_mc32/_divuchar.c:52:    iTemp1 [k4 lr4:33 so:0]{ ia0 a2p0 re1 rm0 nos0 ru0 dp0}{unsigned-char fixed}{ sir@ __divuchar_b_1_1}[r0x1001 ] = iTemp1 [k4 lr4:33 so:0]{ ia0 a2p0 re1 rm0 nos0 ru0 dp0}{unsigned-char fixed}{ sir@ __divuchar_b_1_1}[r0x1001 ] >> 0x1 {const-unsigned-char literal}
                      00154 ;;shiftRight_Left2ResultLit:5216: shCount=1, size=1, sign=0, same=1, offr=0
0021                  00155 _00111_DS_
                      00156 ;       .line   52; "../../libsdcc_mc32/_divuchar.c"    b >>= 1;
0021   D187           00157         BCLR    PFLAG,0
0022   4E00           00158         RRR     r0x1001
                      00159 ;;[ICODE] ../../libsdcc_mc32/_divuchar.c:53:    iTemp3 [k8 lr6:33 so:0]{ ia0 a2p0 re1 rm0 nos0 ru0 dp0}{unsigned-char fixed}{ sir@ __divuchar_mask_1_2}[r0x1003 ] = iTemp3 [k8 lr6:33 so:0]{ ia0 a2p0 re1 rm0 nos0 ru0 dp0}{unsigned-char fixed}{ sir@ __divuchar_mask_1_2}[r0x1003 ] >> 0x1 {const-unsigned-char literal}
                      00160 ;;shiftRight_Left2ResultLit:5216: shCount=1, size=1, sign=0, same=1, offr=0
                      00161 ;       .line   53; "../../libsdcc_mc32/_divuchar.c"    mask >>= 1;
0023   D187           00162         BCLR    PFLAG,0
0024   4E00           00163         RRR     r0x1003
                      00164 ;;[ICODE] ../../libsdcc_mc32/_divuchar.c:53:     goto _whilecontinue_1($8)
0025   A000           00165         GOTO    _00112_DS_
                      00166 ;;[ICODE] ../../libsdcc_mc32/_divuchar.c:53:  _whilebreak_1($10) :
                      00167 ;;[ICODE] ../../libsdcc_mc32/_divuchar.c:56:    ret iTemp2 [k6 lr5:35 so:0]{ ia0 a2p0 re1 rm0 nos0 ru0 dp0}{unsigned-char fixed}{ sir@ __divuchar_result_1_2}[r0x1002 ]
0026                  00168 _00114_DS_
                      00169 ;       .line   56; "../../libsdcc_mc32/_divuchar.c"    return result;
0026   5800           00170         MOVAR   r0x1002
                      00171 ;;[ICODE] ../../libsdcc_mc32/_divuchar.c:56:  _return($11) :
                      00172 ;;[ICODE] ../../libsdcc_mc32/_divuchar.c:56:    eproc __divuchar [k1 lr0:0 so:0]{ ia0 a2p0 re0 rm0 nos0 ru0 dp0}{unsigned-char function ( unsigned-char fixed, unsigned-char fixed) fixed}
0027                  00173 _00115_DS_
0027   000C           00174         RETURN  
                      00175 ; exit point of __divuchar
                      00176 
                      00177 
                      00178 ;       code size estimation:
                      00179 ;          40+    0 =    40 instructions (   80 byte)
                      00180 
                      00181         end
gpasm-2.0.0_beta2 (Nov  6 2017)_divuchar.asm      2018-1-11  14:01:19          PAGE  2


SYMBOL TABLE
  LABEL                             VALUE

ADCHS0                            00000004
ADCHS1                            00000005
ADCHS2                            00000006
ADCHS3                            00000007
ADCKS0                            00000002
ADCKS1                            00000003
ADCR0                             000001B0
ADCR1                             000001B1
ADEOC                             00000001
ADIE                              00000006
ADIF                              00000006
ADON                              00000000
ADR0                              00000000
ADR1                              00000001
ADR10                             00000006
ADR11                             00000007
ADR2                              00000002
ADR3                              00000003
ADR4                              00000000
ADR5                              00000001
ADR6                              00000002
ADR7                              00000003
ADR8                              00000004
ADR9                              00000005
ADRH                              000001B4
ADRL                              000001B5
ANSEL                             00000193
BUZ0OE                            00000005
BUZ1OE                            00000005
C                                 00000000
CLKS                              00000002
DC                                00000001
FSR0                              00000184
FSR00                             00000000
FSR01                             00000001
FSR02                             00000002
FSR03                             00000003
FSR04                             00000004
FSR05                             00000005
FSR06                             00000006
FSR07                             00000007
FSR1                              00000185
FSR10                             00000000
FSR11                             00000001
FSR12                             00000002
FSR13                             00000003
FSR14                             00000004
FSR15                             00000005
FSR16                             00000006
FSR17                             00000007
GIE                               00000007
HFEN                              00000000
HIBYTE                            00000183
HIBYTE0                           00000000
HIBYTE1                           00000001
HIBYTE2                           00000002
HIBYTE3                           00000003
HIBYTE4                           00000004
HIBYTE5                           00000005
HIBYTE6                           00000006
HIBYTE7                           00000007
INDF0                             00000180
INDF00                            00000000
INDF01                            00000001
INDF02                            00000002
INDF03                            00000003
INDF04                            00000004
INDF05                            00000005
INDF06                            00000006
INDF07                            00000007
INDF1                             00000181
INDF10                            00000000
INDF11                            00000001
INDF12                            00000002
INDF13                            00000003
INDF14                            00000004
INDF15                            00000005
INDF16                            00000006
INDF17                            00000007
INDF2                             00000182
INDF20                            00000000
INDF21                            00000001
INDF22                            00000002
INDF23                            00000003
INDF24                            00000004
INDF25                            00000005
INDF26                            00000006
INDF27                            00000007
INDF3                             00000189
INDF30                            00000000
INDF31                            00000001
INDF32                            00000002
INDF33                            00000003
INDF34                            00000004
INDF35                            00000005
INDF36                            00000006
INDF37                            00000007
INT0IE                            00000002
INT0IF                            00000002
INT1IE                            00000003
INT1IF                            00000003
INTE                              0000018A
INTF                              0000018B
IOP0                              00000190
IOP1                              00000194
KBCR                              00000197
KBCR0                             00000000
KBCR1                             00000001
KBCR2                             00000002
KBCR3                             00000003
KBCR4                             00000004
KBCR5                             00000005
KBCR6                             00000006
KBIE                              00000004
KBIF                              00000004
LFEN                              00000001
LVDCR                             000001AF
LVDEN                             00000007
LVDF                              00000000
LVDS0                             00000004
LVDS1                             00000005
LVDS2                             00000006
MCR                               00000188
MINT00                            00000000
MINT01                            00000001
MINT10                            00000002
MINT11                            00000003
OEP0                              00000191
OEP1                              00000195
OSCCAL                            000001FB
OSCCAL0                           00000000
OSCCAL1                           00000001
OSCCAL2                           00000002
OSCCAL3                           00000003
OSCCAL4                           00000004
OSCCAL5                           00000005
OSCCAL6                           00000006
OSCCAL7                           00000007
OSCM                              000001AE
P00ANS                            00000000
P00D                              00000000
P00OE                             00000000
P00PU                             00000000
P01ANS                            00000001
P01D                              00000001
P01OE                             00000001
P01PU                             00000001
P02ANS                            00000002
P02D                              00000002
P02OE                             00000002
P02PU                             00000002
P03ANS                            00000003
P03D                              00000003
P03OE                             00000003
P03PU                             00000003
P04ANS                            00000004
P04D                              00000004
P04OE                             00000004
P04PU                             00000004
P10D                              00000000
P10OE                             00000000
P10PU                             00000000
P11D                              00000001
P11OE                             00000001
P11PU                             00000001
P12ANS                            00000005
P12D                              00000002
P12OE                             00000002
P12PU                             00000002
P13ANS                            00000006
P13D                              00000003
P13OE                             00000003
P13PU                             00000003
P14D                              00000004
P14OE                             00000004
P14PU                             00000004
P15D                              00000005
P15OE                             00000005
P15PU                             00000005
P16D                              00000006
P16OE                             00000006
P16PU                             00000006
PC0                               00000000
PC1                               00000001
PC2                               00000002
PC3                               00000003
PC4                               00000004
PC5                               00000005
PC6                               00000006
PC7                               00000007
PCL                               00000186
PD                                00000004
PFLAG                             00000187
PUP0                              00000192
PUP1                              00000196
PWM0OE                            00000006
PWM1OE                            00000006
STBH                              00000004
STBL                              00000005
STK00                             00000000
STK01                             00000000
STK02                             00000000
STK03                             00000000
STK04                             00000000
STK05                             00000000
STK06                             00000000
T0C0                              00000000
T0C1                              00000001
T0C2                              00000002
T0C3                              00000003
T0C4                              00000004
T0C5                              00000005
T0C6                              00000006
T0C7                              00000007
T0CNT                             000001A1
T0CR                              000001A0
T0DATA                            000001A3
T0DATA0                           00000000
T0DATA1                           00000001
T0DATA2                           00000002
T0DATA3                           00000003
T0DATA4                           00000004
T0DATA5                           00000005
T0DATA6                           00000006
T0DATA7                           00000007
T0IE                              00000000
T0IF                              00000000
T0LOAD                            000001A2
T0LOAD0                           00000000
T0LOAD1                           00000001
T0LOAD2                           00000002
T0LOAD3                           00000003
T0LOAD4                           00000004
T0LOAD5                           00000005
T0LOAD6                           00000006
T0LOAD7                           00000007
T0PR0                             00000000
T0PR1                             00000001
T0PR2                             00000002
T0PTS0                            00000003
T0PTS1                            00000004
T1C0                              00000000
T1C1                              00000001
T1C2                              00000002
T1C3                              00000003
T1C4                              00000004
T1C5                              00000005
T1C6                              00000006
T1C7                              00000007
T1CNT                             000001A5
T1CR                              000001A4
T1DATA                            000001A7
T1DATA0                           00000000
T1DATA1                           00000001
T1DATA2                           00000002
T1DATA3                           00000003
T1DATA4                           00000004
T1DATA5                           00000005
T1DATA6                           00000006
T1DATA7                           00000007
T1IE                              00000001
T1IF                              00000001
T1LOAD                            000001A6
T1LOAD0                           00000000
T1LOAD1                           00000001
T1LOAD2                           00000002
T1LOAD3                           00000003
T1LOAD4                           00000004
T1LOAD5                           00000005
T1LOAD6                           00000006
T1LOAD7                           00000007
T1PR0                             00000000
T1PR1                             00000001
T1PR2                             00000002
T1PTS0                            00000003
T1PTS1                            00000004
TC0EN                             00000007
TC1EN                             00000007
TO                                00000005
VRS0                              00000000
VRS1                              00000001
VRS2                              00000002
Z                                 00000002
_00107_DS_                        0000000C
_00111_DS_                        00000021
_00112_DS_                        00000015
_00114_DS_                        00000026
_00115_DS_                        00000027
_CONFIG0                          00008000
_CONFIG1                          00008001
__32P21                           00000001
__divuchar                        00000000
r0x1000                           00000000
r0x1001                           00000001
r0x1002                           00000002
r0x1003                           00000003
r0x1004                           00000004

Errors   :     0
Warnings :     0 reported,     0 suppressed
Messages :     0 reported,     0 suppressed

