gpasm-2.0.0_beta2 (Nov  6 2017)_modslong.asm      2018-1-11  14:01:28          PAGE  1


LOC  OBJECT CODE     LINE SOURCE TEXT
  VALUE

                      00001 ;--------------------------------------------------------
                      00002 ; File Created by SN-SDCC : SinoMCU ANSI-C Compiler
                      00003 ; Version 1.1.0 (Dec 19 2017) (MINGW32)
                      00004 ; This file was generated Thu Jan 11 14:01:28 2018
                      00005 ;--------------------------------------------------------
                      00006 ; MC32 port for the RISC core
                      00007 ;--------------------------------------------------------
                      00008 ;       .file   "../../libsdcc_mc32/_modslong.c"
                      00009         list    p=3221
                      00010         radix dec
                      00011         include "3221.inc"
                      00001                 LIST
                      00002 ;mc32p7010.inc    Standard Header File, Version 1.00 by Sinomcu
                      00435                 LIST
                      00012 ;--------------------------------------------------------
                      00013 ; external declarations
                      00014 ;--------------------------------------------------------
                      00015         extern  __modulong
                      00016 
                      00017         extern STK06
                      00018         extern STK05
                      00019         extern STK04
                      00020         extern STK03
                      00021         extern STK02
                      00022         extern STK01
                      00023         extern STK00
                      00024 ;--------------------------------------------------------
                      00025 ; global declarations
                      00026 ;--------------------------------------------------------
                      00027         global  __modslong
                      00028 
                      00029 ;--------------------------------------------------------
                      00030 ; global definitions
                      00031 ;--------------------------------------------------------
                      00032 ;--------------------------------------------------------
                      00033 ; absolute symbol definitions
                      00034 ;--------------------------------------------------------
                      00035 ;--------------------------------------------------------
                      00036 ; compiler-defined variables
                      00037 ;--------------------------------------------------------
                      00038 UDL__modslong_0 udata
0000                  00039 r0x1003 res     1
0000                  00040 r0x1002 res     1
0001                  00041 r0x1001 res     1
0001                  00042 r0x1000 res     1
0002                  00043 r0x1007 res     1
0002                  00044 r0x1006 res     1
0003                  00045 r0x1005 res     1
0003                  00046 r0x1004 res     1
0004                  00047 r0x1008 res     1
0004                  00048 r0x1009 res     1
0005                  00049 r0x100A res     1
0005                  00050 r0x100B res     1
0006                  00051 r0x100C res     1
0006                  00052 r0x100D res     1
0007                  00053 r0x100E res     1
0007                  00054 r0x100F res     1
0008                  00055 r0x1010 res     1
0008                  00056 r0x1011 res     1
0009                  00057 r0x1012 res     1
0009                  00058 r0x1013 res     1
                      00059 ;--------------------------------------------------------
                      00060 ; initialized data
                      00061 ;--------------------------------------------------------
                      00062 
                      00063 ;@Allocation info for local variables in function '_modslong'
                      00064 ;@_modslong _modulong                 Allocated to registers ;size:2
                      00065 ;@_modslong b                         Allocated to registers r0x1007 r0x1006 r0x1005 r0x1004 ;size:4
                      00066 ;@_modslong a                         Allocated to registers r0x1003 r0x1002 r0x1001 r0x1000 ;size:4
                      00067 ;@end Allocation info for local variables in function '_modslong';
                      00068 
                      00069 ;--------------------------------------------------------
                      00070 ; overlayable items in internal ram 
                      00071 ;--------------------------------------------------------
                      00072 ;       udata_ovr
                      00073 ;--------------------------------------------------------
                      00074 ; code
                      00075 ;--------------------------------------------------------
                      00076 code__modslong  code
                      00077 ;***
                      00078 ;  pBlock Stats: dbName = C
                      00079 ;***
                      00080 ;entry:  __modslong     ;Function start
                      00081 ; 2 exit points
                      00082 ;has an exit
                      00083 ;functions called:
                      00084 ;   __modulong
                      00085 ;   __modulong
                      00086 ;   __modulong
                      00087 ;   __modulong
                      00088 ;   __modulong
                      00089 ;   __modulong
                      00090 ;   __modulong
                      00091 ;   __modulong
                      00092 ;27 compiler assigned registers:
                      00093 ;   r0x1000
                      00094 ;   STK00
                      00095 ;   r0x1001
                      00096 ;   STK01
                      00097 ;   r0x1002
                      00098 ;   STK02
                      00099 ;   r0x1003
                      00100 ;   STK03
                      00101 ;   r0x1004
                      00102 ;   STK04
                      00103 ;   r0x1005
                      00104 ;   STK05
                      00105 ;   r0x1006
                      00106 ;   STK06
                      00107 ;   r0x1007
                      00108 ;   r0x1008
                      00109 ;   r0x1009
                      00110 ;   r0x100A
                      00111 ;   r0x100B
                      00112 ;   r0x100C
                      00113 ;   r0x100D
                      00114 ;   r0x100E
                      00115 ;   r0x100F
                      00116 ;   r0x1010
                      00117 ;   r0x1011
                      00118 ;   r0x1012
                      00119 ;   r0x1013
                      00120 ;; Starting pCode block
                      00121 ;;[ICODE] ../../libsdcc_mc32/_modslong.c:32:  _entry($11) :
                      00122 ;;[ICODE] ../../libsdcc_mc32/_modslong.c:32:    proc __modslong [k1 lr0:0 so:0]{ ia0 a2p0 re0 rm0 nos0 ru0 dp0}{long-int function ( long-int fixed, long-int fixed) fixed}
0000                  00123 __modslong      ;Function start
                      00124 ; 2 exit points
                      00125 ;;[ICODE] ../../libsdcc_mc32/_modslong.c:32: iTemp0 [k2 lr3:36 so:0]{ ia0 a2p0 re1 rm0 nos0 ru0 dp0}{long-int fixed}{ sir@ __modslong_a_1_2}[r0x1000 r0x1001 r0x1002 r0x1003 ] = recv __modslong [k1 lr0:0 so:0]{ ia0 a2p0 re0 rm0 nos0 ru0 dp0}{long-int function ( long-int fixed, long-int fixed) fixed}
                      00126 ;       .line   32; "../../libsdcc_mc32/_modslong.c"    _modslong (long a, long b)
0000   5600           00127         MOVRA   r0x1000
0001   5800           00128         MOVAR   STK00
0002   5600           00129         MOVRA   r0x1001
0003   5800           00130         MOVAR   STK01
0004   5600           00131         MOVRA   r0x1002
0005   5800           00132         MOVAR   STK02
0006   5600           00133         MOVRA   r0x1003
                      00134 ;;[ICODE] ../../libsdcc_mc32/_modslong.c:32: iTemp1 [k4 lr4:37 so:0]{ ia0 a2p0 re1 rm0 nos0 ru0 dp0}{long-int fixed}{ sir@ __modslong_b_1_2}[r0x1004 r0x1005 r0x1006 r0x1007 ] = recv __modslong [k1 lr0:0 so:0]{ ia0 a2p0 re0 rm0 nos0 ru0 dp0}{long-int function ( long-int fixed, long-int fixed) fixed}
0007   5800           00135         MOVAR   STK03
0008   5600           00136         MOVRA   r0x1004
0009   5800           00137         MOVAR   STK04
000A   5600           00138         MOVRA   r0x1005
000B   5800           00139         MOVAR   STK05
000C   5600           00140         MOVRA   r0x1006
000D   5800           00141         MOVAR   STK06
000E   5600           00142         MOVRA   r0x1007
                      00143 ;;[ICODE] ../../libsdcc_mc32/_modslong.c:34:    iTemp2 [k6 lr5:6 so:0]{ ia0 a2p0 re0 rm0 nos0 ru0 dp0}{char fixed} = iTemp0 [k2 lr3:36 so:0]{ ia0 a2p0 re1 rm0 nos0 ru0 dp0}{long-int fixed}{ sir@ __modslong_a_1_2}[r0x1000 r0x1001 r0x1002 r0x1003 ] < 0x0 {long-int literal}
                      00144 ;;signed compare: left < lit(0x0=0), size=4, mask=ffffffff
                      00145 ;       .line   34; "../../libsdcc_mc32/_modslong.c"    if (a < 0) {
000F   C187           00146         BSET    PFLAG,0
0010   EE00           00147         JBSET   r0x1000,7
0011   D187           00148         BCLR    PFLAG,0
0012   E187           00149         JBSET   PFLAG,0
0013   A000           00150         GOTO    _00112_DS_
                      00151 ;;genSkipc:3195: created from rifx:00DD608C
                      00152 ;;[ICODE] ../../libsdcc_mc32/_modslong.c:34:    if iTemp2 [k6 lr5:6 so:0]{ ia0 a2p0 re0 rm0 nos0 ru0 dp0}{char fixed} == 0 goto _iffalse_2($8)
                      00153 ;;[ICODE] ../../libsdcc_mc32/_modslong.c:35:    iTemp3 [k7 lr7:8 so:0]{ ia0 a2p0 re0 rm0 nos0 ru0 dp0}{char fixed} = iTemp1 [k4 lr4:37 so:0]{ ia0 a2p0 re1 rm0 nos0 ru0 dp0}{long-int fixed}{ sir@ __modslong_b_1_2}[r0x1004 r0x1005 r0x1006 r0x1007 ] < 0x0 {long-int literal}
                      00154 ;;signed compare: left < lit(0x0=0), size=4, mask=ffffffff
                      00155 ;       .line   35; "../../libsdcc_mc32/_modslong.c"    if (b < 0)
0014   C187           00156         BSET    PFLAG,0
0015   EE00           00157         JBSET   r0x1004,7
0016   D187           00158         BCLR    PFLAG,0
0017   E187           00159         JBSET   PFLAG,0
0018   A000           00160         GOTO    _00106_DS_
                      00161 ;;genSkipc:3195: created from rifx:00DD608C
                      00162 ;;[ICODE] ../../libsdcc_mc32/_modslong.c:35:    if iTemp3 [k7 lr7:8 so:0]{ ia0 a2p0 re0 rm0 nos0 ru0 dp0}{char fixed} == 0 goto _iffalse_0($2)
                      00163 ;;[ICODE] ../../libsdcc_mc32/_modslong.c:36:    iTemp4 [k9 lr9:10 so:0]{ ia0 a2p0 re0 rm0 nos0 ru0 dp0}{long-int fixed}[r0x1008 r0x1009 r0x100A r0x100B ] = - iTemp0 [k2 lr3:36 so:0]{ ia0 a2p0 re1 rm0 nos0 ru0 dp0}{long-int fixed}{ sir@ __modslong_a_1_2}[r0x1000 r0x1001 r0x1002 r0x1003 ]
                      00164 ;       .line   36; "../../libsdcc_mc32/_modslong.c"    return _modulong ((unsigned long)-a, (unsigned long)-b);
0019   7000           00165         COMAR   r0x1003
001A   5600           00166         MOVRA   r0x1008
001B   7000           00167         COMAR   r0x1002
001C   5600           00168         MOVRA   r0x1009
001D   7000           00169         COMAR   r0x1001
001E   5600           00170         MOVRA   r0x100A
001F   7000           00171         COMAR   r0x1000
0020   5600           00172         MOVRA   r0x100B
0021   6600           00173         INCR    r0x1008
0022   F587           00174         JBCLR   PFLAG,2
0023   6600           00175         INCR    r0x1009
0024   F587           00176         JBCLR   PFLAG,2
0025   6600           00177         INCR    r0x100A
0026   F587           00178         JBCLR   PFLAG,2
0027   6600           00179         INCR    r0x100B
                      00180 ;;[ICODE] ../../libsdcc_mc32/_modslong.c:36:    iTemp5 [k10 lr10:14 so:0]{ ia0 a2p0 re0 rm0 nos0 ru1 dp0}{unsigned-long-int fixed}[r0x100C r0x100D r0x100E r0x100F ] = (unsigned-long-int fixed)iTemp4 [k9 lr9:10 so:0]{ ia0 a2p0 re0 rm0 nos0 ru0 dp0}{long-int fixed}[r0x1008 r0x1009 r0x100A r0x100B ]
0028   5800           00181         MOVAR   r0x1008
0029   5600           00182         MOVRA   r0x100C
002A   5800           00183         MOVAR   r0x1009
002B   5600           00184         MOVRA   r0x100D
002C   5800           00185         MOVAR   r0x100A
002D   5600           00186         MOVRA   r0x100E
002E   5800           00187         MOVAR   r0x100B
002F   5600           00188         MOVRA   r0x100F
                      00189 ;;[ICODE] ../../libsdcc_mc32/_modslong.c:36:    iTemp6 [k11 lr11:12 so:0]{ ia0 a2p0 re0 rm0 nos0 ru0 dp0}{long-int fixed}[r0x1008 r0x1009 r0x100A r0x100B ] = - iTemp1 [k4 lr4:37 so:0]{ ia0 a2p0 re1 rm0 nos0 ru0 dp0}{long-int fixed}{ sir@ __modslong_b_1_2}[r0x1004 r0x1005 r0x1006 r0x1007 ]
0030   7000           00190         COMAR   r0x1007
0031   5600           00191         MOVRA   r0x1008
0032   7000           00192         COMAR   r0x1006
0033   5600           00193         MOVRA   r0x1009
0034   7000           00194         COMAR   r0x1005
0035   5600           00195         MOVRA   r0x100A
0036   7000           00196         COMAR   r0x1004
0037   5600           00197         MOVRA   r0x100B
0038   6600           00198         INCR    r0x1008
0039   F587           00199         JBCLR   PFLAG,2
003A   6600           00200         INCR    r0x1009
003B   F587           00201         JBCLR   PFLAG,2
003C   6600           00202         INCR    r0x100A
003D   F587           00203         JBCLR   PFLAG,2
003E   6600           00204         INCR    r0x100B
                      00205 ;;[ICODE] ../../libsdcc_mc32/_modslong.c:36:    iTemp7 [k12 lr12:14 so:0]{ ia0 a2p0 re0 rm0 nos0 ru0 dp0}{unsigned-long-int fixed}[r0x1010 r0x1011 r0x1012 r0x1013 ] = (unsigned-long-int fixed)iTemp6 [k11 lr11:12 so:0]{ ia0 a2p0 re0 rm0 nos0 ru0 dp0}{long-int fixed}[r0x1008 r0x1009 r0x100A r0x100B ]
                      00206 ;;124   MOVAR   r0x1008
                      00207 ;;126   MOVAR   r0x1009
                      00208 ;;128   MOVAR   r0x100A
                      00209 ;;130   MOVAR   r0x100B
                      00210 ;;[ICODE] ../../libsdcc_mc32/_modslong.c:36:    send iTemp5 [k10 lr10:14 so:0]{ ia0 a2p0 re0 rm0 nos0 ru1 dp0}{unsigned-long-int fixed}[r0x100C r0x100D r0x100E r0x100F ]{argreg = 1}
                      00211 ;;[ICODE] ../../libsdcc_mc32/_modslong.c:36:    send iTemp7 [k12 lr12:14 so:0]{ ia0 a2p0 re0 rm0 nos0 ru0 dp0}{unsigned-long-int fixed}[r0x1010 r0x1011 r0x1012 r0x1013 ]{argreg = 1}
                      00212 ;;[ICODE] ../../libsdcc_mc32/_modslong.c:36:    iTemp8 [k15 lr15:16 so:0]{ ia0 a2p0 re0 rm0 nos0 ru1 dp0}{unsigned-long-int fixed}[r0x1008 r0x1009 r0x100A r0x100B ] = call __modulong [k8 lr0:0 so:0]{ ia0 a2p0 re0 rm0 nos0 ru0 dp0}{unsigned-long-int function ( unsigned-long-int fixed, unsigned-long-int fixed) fixed}
                      00213 ;;123   MOVAR   r0x1010
003F   5800           00214         MOVAR   r0x1008
0040   5600           00215         MOVRA   r0x1010
0041   5600           00216         MOVRA   STK06
                      00217 ;;125   MOVAR   r0x1011
0042   5800           00218         MOVAR   r0x1009
0043   5600           00219         MOVRA   r0x1011
0044   5600           00220         MOVRA   STK05
                      00221 ;;127   MOVAR   r0x1012
0045   5800           00222         MOVAR   r0x100A
0046   5600           00223         MOVRA   r0x1012
0047   5600           00224         MOVRA   STK04
                      00225 ;;129   MOVAR   r0x1013
0048   5800           00226         MOVAR   r0x100B
0049   5600           00227         MOVRA   r0x1013
004A   5600           00228         MOVRA   STK03
004B   5800           00229         MOVAR   r0x100C
004C   5600           00230         MOVRA   STK02
004D   5800           00231         MOVAR   r0x100D
004E   5600           00232         MOVRA   STK01
004F   5800           00233         MOVAR   r0x100E
0050   5600           00234         MOVRA   STK00
0051   5800           00235         MOVAR   r0x100F
0052   8000           00236         CALL    __modulong
0053   5600           00237         MOVRA   r0x100B
0054   5800           00238         MOVAR   STK00
0055   5600           00239         MOVRA   r0x100A
0056   5800           00240         MOVAR   STK01
0057   5600           00241         MOVRA   r0x1009
0058   5800           00242         MOVAR   STK02
0059   5600           00243         MOVRA   r0x1008
                      00244 ;;[ICODE] ../../libsdcc_mc32/_modslong.c:36:    ret iTemp8 [k15 lr15:16 so:0]{ ia0 a2p0 re0 rm0 nos0 ru1 dp0}{unsigned-long-int fixed}[r0x1008 r0x1009 r0x100A r0x100B ]
005A   5800           00245         MOVAR   r0x1008
005B   5600           00246         MOVRA   STK02
005C   5800           00247         MOVAR   r0x1009
005D   5600           00248         MOVRA   STK01
005E   5800           00249         MOVAR   r0x100A
005F   5600           00250         MOVRA   STK00
0060   5800           00251         MOVAR   r0x100B
0061   A000           00252         GOTO    _00114_DS_
                      00253 ;;[ICODE] ../../libsdcc_mc32/_modslong.c:36:  _iffalse_0($2) :
                      00254 ;;[ICODE] ../../libsdcc_mc32/_modslong.c:38:    iTemp9 [k16 lr18:19 so:0]{ ia0 a2p0 re0 rm0 nos0 ru0 dp0}{long-int fixed}[r0x1008 r0x1009 r0x100A r0x100B ] = - iTemp0 [k2 lr3:36 so:0]{ ia0 a2p0 re1 rm0 nos0 ru0 dp0}{long-int fixed}{ sir@ __modslong_a_1_2}[r0x1000 r0x1001 r0x1002 r0x1003 ]
0062                  00255 _00106_DS_
                      00256 ;       .line   38; "../../libsdcc_mc32/_modslong.c"    return _modulong ((unsigned long)-a, (unsigned long)b);
0062   7000           00257         COMAR   r0x1003
0063   5600           00258         MOVRA   r0x1008
0064   7000           00259         COMAR   r0x1002
0065   5600           00260         MOVRA   r0x1009
0066   7000           00261         COMAR   r0x1001
0067   5600           00262         MOVRA   r0x100A
0068   7000           00263         COMAR   r0x1000
0069   5600           00264         MOVRA   r0x100B
006A   6600           00265         INCR    r0x1008
006B   F587           00266         JBCLR   PFLAG,2
006C   6600           00267         INCR    r0x1009
006D   F587           00268         JBCLR   PFLAG,2
006E   6600           00269         INCR    r0x100A
006F   F587           00270         JBCLR   PFLAG,2
0070   6600           00271         INCR    r0x100B
                      00272 ;;[ICODE] ../../libsdcc_mc32/_modslong.c:38:    iTemp10 [k17 lr19:22 so:0]{ ia0 a2p0 re0 rm0 nos0 ru1 dp0}{unsigned-long-int fixed}[r0x100C r0x100D r0x100E r0x100F ] = (unsigned-long-int fixed)iTemp9 [k16 lr18:19 so:0]{ ia0 a2p0 re0 rm0 nos0 ru0 dp0}{long-int fixed}[r0x1008 r0x1009 r0x100A r0x100B ]
0071   5800           00273         MOVAR   r0x1008
0072   5600           00274         MOVRA   r0x100C
0073   5800           00275         MOVAR   r0x1009
0074   5600           00276         MOVRA   r0x100D
0075   5800           00277         MOVAR   r0x100A
0076   5600           00278         MOVRA   r0x100E
0077   5800           00279         MOVAR   r0x100B
0078   5600           00280         MOVRA   r0x100F
                      00281 ;;[ICODE] ../../libsdcc_mc32/_modslong.c:38:    iTemp11 [k18 lr20:22 so:0]{ ia0 a2p0 re0 rm0 nos0 ru0 dp0}{unsigned-long-int fixed}[r0x1008 r0x1009 r0x100A r0x100B ] = (unsigned-long-int fixed)iTemp1 [k4 lr4:37 so:0]{ ia0 a2p0 re1 rm0 nos0 ru0 dp0}{long-int fixed}{ sir@ __modslong_b_1_2}[r0x1004 r0x1005 r0x1006 r0x1007 ]
                      00282 ;;108   MOVAR   r0x1007
                      00283 ;;110   MOVAR   r0x1006
                      00284 ;;112   MOVAR   r0x1005
                      00285 ;;114   MOVAR   r0x1004
                      00286 ;;[ICODE] ../../libsdcc_mc32/_modslong.c:38:    send iTemp10 [k17 lr19:22 so:0]{ ia0 a2p0 re0 rm0 nos0 ru1 dp0}{unsigned-long-int fixed}[r0x100C r0x100D r0x100E r0x100F ]{argreg = 1}
                      00287 ;;[ICODE] ../../libsdcc_mc32/_modslong.c:38:    send iTemp11 [k18 lr20:22 so:0]{ ia0 a2p0 re0 rm0 nos0 ru0 dp0}{unsigned-long-int fixed}[r0x1008 r0x1009 r0x100A r0x100B ]{argreg = 1}
                      00288 ;;[ICODE] ../../libsdcc_mc32/_modslong.c:38:    iTemp12 [k19 lr23:24 so:0]{ ia0 a2p0 re0 rm0 nos0 ru1 dp0}{unsigned-long-int fixed}[r0x1008 r0x1009 r0x100A r0x100B ] = call __modulong [k8 lr0:0 so:0]{ ia0 a2p0 re0 rm0 nos0 ru0 dp0}{unsigned-long-int function ( unsigned-long-int fixed, unsigned-long-int fixed) fixed}
                      00289 ;;107   MOVAR   r0x1008
0079   5800           00290         MOVAR   r0x1007
007A   5600           00291         MOVRA   r0x1008
007B   5600           00292         MOVRA   STK06
                      00293 ;;109   MOVAR   r0x1009
007C   5800           00294         MOVAR   r0x1006
007D   5600           00295         MOVRA   r0x1009
007E   5600           00296         MOVRA   STK05
                      00297 ;;111   MOVAR   r0x100A
007F   5800           00298         MOVAR   r0x1005
0080   5600           00299         MOVRA   r0x100A
0081   5600           00300         MOVRA   STK04
                      00301 ;;113   MOVAR   r0x100B
0082   5800           00302         MOVAR   r0x1004
0083   5600           00303         MOVRA   r0x100B
0084   5600           00304         MOVRA   STK03
0085   5800           00305         MOVAR   r0x100C
0086   5600           00306         MOVRA   STK02
0087   5800           00307         MOVAR   r0x100D
0088   5600           00308         MOVRA   STK01
0089   5800           00309         MOVAR   r0x100E
008A   5600           00310         MOVRA   STK00
008B   5800           00311         MOVAR   r0x100F
008C   8000           00312         CALL    __modulong
008D   5600           00313         MOVRA   r0x100B
008E   5800           00314         MOVAR   STK00
008F   5600           00315         MOVRA   r0x100A
0090   5800           00316         MOVAR   STK01
0091   5600           00317         MOVRA   r0x1009
0092   5800           00318         MOVAR   STK02
0093   5600           00319         MOVRA   r0x1008
                      00320 ;;[ICODE] ../../libsdcc_mc32/_modslong.c:38:    ret iTemp12 [k19 lr23:24 so:0]{ ia0 a2p0 re0 rm0 nos0 ru1 dp0}{unsigned-long-int fixed}[r0x1008 r0x1009 r0x100A r0x100B ]
0094   5800           00321         MOVAR   r0x1008
0095   5600           00322         MOVRA   STK02
0096   5800           00323         MOVAR   r0x1009
0097   5600           00324         MOVRA   STK01
0098   5800           00325         MOVAR   r0x100A
0099   5600           00326         MOVRA   STK00
009A   5800           00327         MOVAR   r0x100B
009B   A000           00328         GOTO    _00114_DS_
                      00329 ;;[ICODE] ../../libsdcc_mc32/_modslong.c:38:  _iffalse_2($8) :
                      00330 ;;[ICODE] ../../libsdcc_mc32/_modslong.c:40:    iTemp13 [k20 lr26:27 so:0]{ ia0 a2p0 re0 rm0 nos0 ru0 dp0}{char fixed} = iTemp1 [k4 lr4:37 so:0]{ ia0 a2p0 re1 rm0 nos0 ru0 dp0}{long-int fixed}{ sir@ __modslong_b_1_2}[r0x1004 r0x1005 r0x1006 r0x1007 ] < 0x0 {long-int literal}
                      00331 ;;signed compare: left < lit(0x0=0), size=4, mask=ffffffff
009C                  00332 _00112_DS_
                      00333 ;       .line   40; "../../libsdcc_mc32/_modslong.c"    if (b < 0)
009C   C187           00334         BSET    PFLAG,0
009D   EE00           00335         JBSET   r0x1004,7
009E   D187           00336         BCLR    PFLAG,0
009F   E187           00337         JBSET   PFLAG,0
00A0   A000           00338         GOTO    _00109_DS_
                      00339 ;;genSkipc:3195: created from rifx:00DD608C
                      00340 ;;[ICODE] ../../libsdcc_mc32/_modslong.c:40:    if iTemp13 [k20 lr26:27 so:0]{ ia0 a2p0 re0 rm0 nos0 ru0 dp0}{char fixed} == 0 goto _iffalse_1($5)
                      00341 ;;[ICODE] ../../libsdcc_mc32/_modslong.c:41:    iTemp14 [k21 lr28:32 so:0]{ ia0 a2p0 re0 rm0 nos0 ru1 dp0}{unsigned-long-int fixed}[r0x1008 r0x1009 r0x100A r0x100B ] = (unsigned-long-int fixed)iTemp0 [k2 lr3:36 so:0]{ ia0 a2p0 re1 rm0 nos0 ru0 dp0}{long-int fixed}{ sir@ __modslong_a_1_2}[r0x1000 r0x1001 r0x1002 r0x1003 ]
                      00342 ;       .line   41; "../../libsdcc_mc32/_modslong.c"    return _modulong ((unsigned long)a, (unsigned long)-b);
00A1   5800           00343         MOVAR   r0x1003
00A2   5600           00344         MOVRA   r0x1008
00A3   5800           00345         MOVAR   r0x1002
00A4   5600           00346         MOVRA   r0x1009
00A5   5800           00347         MOVAR   r0x1001
00A6   5600           00348         MOVRA   r0x100A
00A7   5800           00349         MOVAR   r0x1000
00A8   5600           00350         MOVRA   r0x100B
                      00351 ;;[ICODE] ../../libsdcc_mc32/_modslong.c:41:    iTemp15 [k22 lr29:30 so:0]{ ia0 a2p0 re0 rm0 nos0 ru0 dp0}{long-int fixed}[r0x100C r0x100D r0x100E r0x100F ] = - iTemp1 [k4 lr4:37 so:0]{ ia0 a2p0 re1 rm0 nos0 ru0 dp0}{long-int fixed}{ sir@ __modslong_b_1_2}[r0x1004 r0x1005 r0x1006 r0x1007 ]
00A9   7000           00352         COMAR   r0x1007
00AA   5600           00353         MOVRA   r0x100C
00AB   7000           00354         COMAR   r0x1006
00AC   5600           00355         MOVRA   r0x100D
00AD   7000           00356         COMAR   r0x1005
00AE   5600           00357         MOVRA   r0x100E
00AF   7000           00358         COMAR   r0x1004
00B0   5600           00359         MOVRA   r0x100F
00B1   6600           00360         INCR    r0x100C
00B2   F587           00361         JBCLR   PFLAG,2
00B3   6600           00362         INCR    r0x100D
00B4   F587           00363         JBCLR   PFLAG,2
00B5   6600           00364         INCR    r0x100E
00B6   F587           00365         JBCLR   PFLAG,2
00B7   6600           00366         INCR    r0x100F
                      00367 ;;[ICODE] ../../libsdcc_mc32/_modslong.c:41:    iTemp16 [k23 lr30:32 so:0]{ ia0 a2p0 re0 rm0 nos0 ru0 dp0}{unsigned-long-int fixed}[r0x1010 r0x1011 r0x1012 r0x1013 ] = (unsigned-long-int fixed)iTemp15 [k22 lr29:30 so:0]{ ia0 a2p0 re0 rm0 nos0 ru0 dp0}{long-int fixed}[r0x100C r0x100D r0x100E r0x100F ]
                      00368 ;;116   MOVAR   r0x100C
                      00369 ;;118   MOVAR   r0x100D
                      00370 ;;120   MOVAR   r0x100E
                      00371 ;;122   MOVAR   r0x100F
                      00372 ;;[ICODE] ../../libsdcc_mc32/_modslong.c:41:    send iTemp14 [k21 lr28:32 so:0]{ ia0 a2p0 re0 rm0 nos0 ru1 dp0}{unsigned-long-int fixed}[r0x1008 r0x1009 r0x100A r0x100B ]{argreg = 1}
                      00373 ;;[ICODE] ../../libsdcc_mc32/_modslong.c:41:    send iTemp16 [k23 lr30:32 so:0]{ ia0 a2p0 re0 rm0 nos0 ru0 dp0}{unsigned-long-int fixed}[r0x1010 r0x1011 r0x1012 r0x1013 ]{argreg = 1}
                      00374 ;;[ICODE] ../../libsdcc_mc32/_modslong.c:41:    iTemp17 [k24 lr33:34 so:0]{ ia0 a2p0 re0 rm0 nos0 ru1 dp0}{unsigned-long-int fixed}[r0x1008 r0x1009 r0x100A r0x100B ] = call __modulong [k8 lr0:0 so:0]{ ia0 a2p0 re0 rm0 nos0 ru0 dp0}{unsigned-long-int function ( unsigned-long-int fixed, unsigned-long-int fixed) fixed}
                      00375 ;;115   MOVAR   r0x1010
00B8   5800           00376         MOVAR   r0x100C
00B9   5600           00377         MOVRA   r0x1010
00BA   5600           00378         MOVRA   STK06
                      00379 ;;117   MOVAR   r0x1011
00BB   5800           00380         MOVAR   r0x100D
00BC   5600           00381         MOVRA   r0x1011
00BD   5600           00382         MOVRA   STK05
                      00383 ;;119   MOVAR   r0x1012
00BE   5800           00384         MOVAR   r0x100E
00BF   5600           00385         MOVRA   r0x1012
00C0   5600           00386         MOVRA   STK04
                      00387 ;;121   MOVAR   r0x1013
00C1   5800           00388         MOVAR   r0x100F
00C2   5600           00389         MOVRA   r0x1013
00C3   5600           00390         MOVRA   STK03
00C4   5800           00391         MOVAR   r0x1008
00C5   5600           00392         MOVRA   STK02
00C6   5800           00393         MOVAR   r0x1009
00C7   5600           00394         MOVRA   STK01
00C8   5800           00395         MOVAR   r0x100A
00C9   5600           00396         MOVRA   STK00
00CA   5800           00397         MOVAR   r0x100B
00CB   8000           00398         CALL    __modulong
00CC   5600           00399         MOVRA   r0x100B
00CD   5800           00400         MOVAR   STK00
00CE   5600           00401         MOVRA   r0x100A
00CF   5800           00402         MOVAR   STK01
00D0   5600           00403         MOVRA   r0x1009
00D1   5800           00404         MOVAR   STK02
00D2   5600           00405         MOVRA   r0x1008
                      00406 ;;[ICODE] ../../libsdcc_mc32/_modslong.c:41:    ret iTemp17 [k24 lr33:34 so:0]{ ia0 a2p0 re0 rm0 nos0 ru1 dp0}{unsigned-long-int fixed}[r0x1008 r0x1009 r0x100A r0x100B ]
00D3   5800           00407         MOVAR   r0x1008
00D4   5600           00408         MOVRA   STK02
00D5   5800           00409         MOVAR   r0x1009
00D6   5600           00410         MOVRA   STK01
00D7   5800           00411         MOVAR   r0x100A
00D8   5600           00412         MOVRA   STK00
00D9   5800           00413         MOVAR   r0x100B
00DA   A000           00414         GOTO    _00114_DS_
                      00415 ;;[ICODE] ../../libsdcc_mc32/_modslong.c:41:  _iffalse_1($5) :
                      00416 ;;[ICODE] ../../libsdcc_mc32/_modslong.c:43:    iTemp18 [k25 lr36:39 so:0]{ ia0 a2p0 re0 rm0 nos0 ru1 dp0}{unsigned-long-int fixed}[r0x1008 r0x1009 r0x100A r0x100B ] = (unsigned-long-int fixed)iTemp0 [k2 lr3:36 so:0]{ ia0 a2p0 re1 rm0 nos0 ru0 dp0}{long-int fixed}{ sir@ __modslong_a_1_2}[r0x1000 r0x1001 r0x1002 r0x1003 ]
00DB                  00417 _00109_DS_
                      00418 ;       .line   43; "../../libsdcc_mc32/_modslong.c"    return _modulong ((unsigned long)a, (unsigned long)b);
00DB   5800           00419         MOVAR   r0x1003
00DC   5600           00420         MOVRA   r0x1008
00DD   5800           00421         MOVAR   r0x1002
00DE   5600           00422         MOVRA   r0x1009
00DF   5800           00423         MOVAR   r0x1001
00E0   5600           00424         MOVRA   r0x100A
00E1   5800           00425         MOVAR   r0x1000
00E2   5600           00426         MOVRA   r0x100B
                      00427 ;;[ICODE] ../../libsdcc_mc32/_modslong.c:43:    iTemp19 [k26 lr37:39 so:0]{ ia0 a2p0 re0 rm0 nos0 ru0 dp0}{unsigned-long-int fixed}[r0x1000 r0x1001 r0x1002 r0x1003 ] = (unsigned-long-int fixed)iTemp1 [k4 lr4:37 so:0]{ ia0 a2p0 re1 rm0 nos0 ru0 dp0}{long-int fixed}{ sir@ __modslong_b_1_2}[r0x1004 r0x1005 r0x1006 r0x1007 ]
                      00428 ;;100   MOVAR   r0x1007
                      00429 ;;102   MOVAR   r0x1006
                      00430 ;;104   MOVAR   r0x1005
                      00431 ;;106   MOVAR   r0x1004
                      00432 ;;[ICODE] ../../libsdcc_mc32/_modslong.c:43:    send iTemp18 [k25 lr36:39 so:0]{ ia0 a2p0 re0 rm0 nos0 ru1 dp0}{unsigned-long-int fixed}[r0x1008 r0x1009 r0x100A r0x100B ]{argreg = 1}
                      00433 ;;[ICODE] ../../libsdcc_mc32/_modslong.c:43:    send iTemp19 [k26 lr37:39 so:0]{ ia0 a2p0 re0 rm0 nos0 ru0 dp0}{unsigned-long-int fixed}[r0x1000 r0x1001 r0x1002 r0x1003 ]{argreg = 1}
                      00434 ;;[ICODE] ../../libsdcc_mc32/_modslong.c:43:    iTemp20 [k27 lr40:41 so:0]{ ia0 a2p0 re0 rm0 nos0 ru1 dp0}{unsigned-long-int fixed}[r0x1000 r0x1001 r0x1002 r0x1003 ] = call __modulong [k8 lr0:0 so:0]{ ia0 a2p0 re0 rm0 nos0 ru0 dp0}{unsigned-long-int function ( unsigned-long-int fixed, unsigned-long-int fixed) fixed}
                      00435 ;;99    MOVAR   r0x1003
00E3   5800           00436         MOVAR   r0x1007
00E4   5600           00437         MOVRA   r0x1003
00E5   5600           00438         MOVRA   STK06
                      00439 ;;101   MOVAR   r0x1002
00E6   5800           00440         MOVAR   r0x1006
00E7   5600           00441         MOVRA   r0x1002
00E8   5600           00442         MOVRA   STK05
                      00443 ;;103   MOVAR   r0x1001
00E9   5800           00444         MOVAR   r0x1005
00EA   5600           00445         MOVRA   r0x1001
00EB   5600           00446         MOVRA   STK04
                      00447 ;;105   MOVAR   r0x1000
00EC   5800           00448         MOVAR   r0x1004
00ED   5600           00449         MOVRA   r0x1000
00EE   5600           00450         MOVRA   STK03
00EF   5800           00451         MOVAR   r0x1008
00F0   5600           00452         MOVRA   STK02
00F1   5800           00453         MOVAR   r0x1009
00F2   5600           00454         MOVRA   STK01
00F3   5800           00455         MOVAR   r0x100A
00F4   5600           00456         MOVRA   STK00
00F5   5800           00457         MOVAR   r0x100B
00F6   8000           00458         CALL    __modulong
00F7   5600           00459         MOVRA   r0x1000
00F8   5800           00460         MOVAR   STK00
00F9   5600           00461         MOVRA   r0x1001
00FA   5800           00462         MOVAR   STK01
00FB   5600           00463         MOVRA   r0x1002
00FC   5800           00464         MOVAR   STK02
00FD   5600           00465         MOVRA   r0x1003
                      00466 ;;[ICODE] ../../libsdcc_mc32/_modslong.c:43:    ret iTemp20 [k27 lr40:41 so:0]{ ia0 a2p0 re0 rm0 nos0 ru1 dp0}{unsigned-long-int fixed}[r0x1000 r0x1001 r0x1002 r0x1003 ]
00FE   5800           00467         MOVAR   r0x1003
00FF   5600           00468         MOVRA   STK02
0100   5800           00469         MOVAR   r0x1002
0101   5600           00470         MOVRA   STK01
0102   5800           00471         MOVAR   r0x1001
0103   5600           00472         MOVRA   STK00
0104   5800           00473         MOVAR   r0x1000
                      00474 ;;[ICODE] ../../libsdcc_mc32/_modslong.c:43:  _return($10) :
                      00475 ;;[ICODE] ../../libsdcc_mc32/_modslong.c:43:    eproc __modslong [k1 lr0:0 so:0]{ ia0 a2p0 re0 rm0 nos0 ru0 dp0}{long-int function ( long-int fixed, long-int fixed) fixed}
0105                  00476 _00114_DS_
0105   000C           00477         RETURN  
                      00478 ; exit point of __modslong
                      00479 
                      00480 
                      00481 ;       code size estimation:
                      00482 ;         262+    0 =   262 instructions (  524 byte)
                      00483 
                      00484         end
gpasm-2.0.0_beta2 (Nov  6 2017)_modslong.asm      2018-1-11  14:01:28          PAGE  2


SYMBOL TABLE
  LABEL                             VALUE

ADCHS0                            00000004
ADCHS1                            00000005
ADCHS2                            00000006
ADCHS3                            00000007
ADCKS0                            00000002
ADCKS1                            00000003
ADCR0                             000001B0
ADCR1                             000001B1
ADEOC                             00000001
ADIE                              00000006
ADIF                              00000006
ADON                              00000000
ADR0                              00000000
ADR1                              00000001
ADR10                             00000006
ADR11                             00000007
ADR2                              00000002
ADR3                              00000003
ADR4                              00000000
ADR5                              00000001
ADR6                              00000002
ADR7                              00000003
ADR8                              00000004
ADR9                              00000005
ADRH                              000001B4
ADRL                              000001B5
ANSEL                             00000193
BUZ0OE                            00000005
BUZ1OE                            00000005
C                                 00000000
CLKS                              00000002
DC                                00000001
FSR0                              00000184
FSR00                             00000000
FSR01                             00000001
FSR02                             00000002
FSR03                             00000003
FSR04                             00000004
FSR05                             00000005
FSR06                             00000006
FSR07                             00000007
FSR1                              00000185
FSR10                             00000000
FSR11                             00000001
FSR12                             00000002
FSR13                             00000003
FSR14                             00000004
FSR15                             00000005
FSR16                             00000006
FSR17                             00000007
GIE                               00000007
HFEN                              00000000
HIBYTE                            00000183
HIBYTE0                           00000000
HIBYTE1                           00000001
HIBYTE2                           00000002
HIBYTE3                           00000003
HIBYTE4                           00000004
HIBYTE5                           00000005
HIBYTE6                           00000006
HIBYTE7                           00000007
INDF0                             00000180
INDF00                            00000000
INDF01                            00000001
INDF02                            00000002
INDF03                            00000003
INDF04                            00000004
INDF05                            00000005
INDF06                            00000006
INDF07                            00000007
INDF1                             00000181
INDF10                            00000000
INDF11                            00000001
INDF12                            00000002
INDF13                            00000003
INDF14                            00000004
INDF15                            00000005
INDF16                            00000006
INDF17                            00000007
INDF2                             00000182
INDF20                            00000000
INDF21                            00000001
INDF22                            00000002
INDF23                            00000003
INDF24                            00000004
INDF25                            00000005
INDF26                            00000006
INDF27                            00000007
INDF3                             00000189
INDF30                            00000000
INDF31                            00000001
INDF32                            00000002
INDF33                            00000003
INDF34                            00000004
INDF35                            00000005
INDF36                            00000006
INDF37                            00000007
INT0IE                            00000002
INT0IF                            00000002
INT1IE                            00000003
INT1IF                            00000003
INTE                              0000018A
INTF                              0000018B
IOP0                              00000190
IOP1                              00000194
KBCR                              00000197
KBCR0                             00000000
KBCR1                             00000001
KBCR2                             00000002
KBCR3                             00000003
KBCR4                             00000004
KBCR5                             00000005
KBCR6                             00000006
KBIE                              00000004
KBIF                              00000004
LFEN                              00000001
LVDCR                             000001AF
LVDEN                             00000007
LVDF                              00000000
LVDS0                             00000004
LVDS1                             00000005
LVDS2                             00000006
MCR                               00000188
MINT00                            00000000
MINT01                            00000001
MINT10                            00000002
MINT11                            00000003
OEP0                              00000191
OEP1                              00000195
OSCCAL                            000001FB
OSCCAL0                           00000000
OSCCAL1                           00000001
OSCCAL2                           00000002
OSCCAL3                           00000003
OSCCAL4                           00000004
OSCCAL5                           00000005
OSCCAL6                           00000006
OSCCAL7                           00000007
OSCM                              000001AE
P00ANS                            00000000
P00D                              00000000
P00OE                             00000000
P00PU                             00000000
P01ANS                            00000001
P01D                              00000001
P01OE                             00000001
P01PU                             00000001
P02ANS                            00000002
P02D                              00000002
P02OE                             00000002
P02PU                             00000002
P03ANS                            00000003
P03D                              00000003
P03OE                             00000003
P03PU                             00000003
P04ANS                            00000004
P04D                              00000004
P04OE                             00000004
P04PU                             00000004
P10D                              00000000
P10OE                             00000000
P10PU                             00000000
P11D                              00000001
P11OE                             00000001
P11PU                             00000001
P12ANS                            00000005
P12D                              00000002
P12OE                             00000002
P12PU                             00000002
P13ANS                            00000006
P13D                              00000003
P13OE                             00000003
P13PU                             00000003
P14D                              00000004
P14OE                             00000004
P14PU                             00000004
P15D                              00000005
P15OE                             00000005
P15PU                             00000005
P16D                              00000006
P16OE                             00000006
P16PU                             00000006
PC0                               00000000
PC1                               00000001
PC2                               00000002
PC3                               00000003
PC4                               00000004
PC5                               00000005
PC6                               00000006
PC7                               00000007
PCL                               00000186
PD                                00000004
PFLAG                             00000187
PUP0                              00000192
PUP1                              00000196
PWM0OE                            00000006
PWM1OE                            00000006
STBH                              00000004
STBL                              00000005
STK00                             00000000
STK01                             00000000
STK02                             00000000
STK03                             00000000
STK04                             00000000
STK05                             00000000
STK06                             00000000
T0C0                              00000000
T0C1                              00000001
T0C2                              00000002
T0C3                              00000003
T0C4                              00000004
T0C5                              00000005
T0C6                              00000006
T0C7                              00000007
T0CNT                             000001A1
T0CR                              000001A0
T0DATA                            000001A3
T0DATA0                           00000000
T0DATA1                           00000001
T0DATA2                           00000002
T0DATA3                           00000003
T0DATA4                           00000004
T0DATA5                           00000005
T0DATA6                           00000006
T0DATA7                           00000007
T0IE                              00000000
T0IF                              00000000
T0LOAD                            000001A2
T0LOAD0                           00000000
T0LOAD1                           00000001
T0LOAD2                           00000002
T0LOAD3                           00000003
T0LOAD4                           00000004
T0LOAD5                           00000005
T0LOAD6                           00000006
T0LOAD7                           00000007
T0PR0                             00000000
T0PR1                             00000001
T0PR2                             00000002
T0PTS0                            00000003
T0PTS1                            00000004
T1C0                              00000000
T1C1                              00000001
T1C2                              00000002
T1C3                              00000003
T1C4                              00000004
T1C5                              00000005
T1C6                              00000006
T1C7                              00000007
T1CNT                             000001A5
T1CR                              000001A4
T1DATA                            000001A7
T1DATA0                           00000000
T1DATA1                           00000001
T1DATA2                           00000002
T1DATA3                           00000003
T1DATA4                           00000004
T1DATA5                           00000005
T1DATA6                           00000006
T1DATA7                           00000007
T1IE                              00000001
T1IF                              00000001
T1LOAD                            000001A6
T1LOAD0                           00000000
T1LOAD1                           00000001
T1LOAD2                           00000002
T1LOAD3                           00000003
T1LOAD4                           00000004
T1LOAD5                           00000005
T1LOAD6                           00000006
T1LOAD7                           00000007
T1PR0                             00000000
T1PR1                             00000001
T1PR2                             00000002
T1PTS0                            00000003
T1PTS1                            00000004
TC0EN                             00000007
TC1EN                             00000007
TO                                00000005
VRS0                              00000000
VRS1                              00000001
VRS2                              00000002
Z                                 00000002
_00106_DS_                        00000062
_00109_DS_                        000000DB
_00112_DS_                        0000009C
_00114_DS_                        00000105
_CONFIG0                          00008000
_CONFIG1                          00008001
__32P21                           00000001
__modslong                        00000000
__modulong                        00000000
r0x1000                           00000003
r0x1001                           00000002
r0x1002                           00000001
r0x1003                           00000000
r0x1004                           00000007
r0x1005                           00000006
r0x1006                           00000005
r0x1007                           00000004
r0x1008                           00000008
r0x1009                           00000009
r0x100A                           0000000A
r0x100B                           0000000B
r0x100C                           0000000C
r0x100D                           0000000D
r0x100E                           0000000E
r0x100F                           0000000F
r0x1010                           00000010
r0x1011                           00000011
r0x1012                           00000012
r0x1013                           00000013

Errors   :     0
Warnings :     0 reported,     0 suppressed
Messages :     0 reported,     0 suppressed

