gpasm-2.0.0_beta2 (Nov  6 2017)_mulint.asm        2018-1-12  10:28:29          PAGE  1


LOC  OBJECT CODE     LINE SOURCE TEXT
  VALUE

                      00001 ;--------------------------------------------------------
                      00002 ; File Created by SN-SDCC : SinoMCU ANSI-C Compiler
                      00003 ; Version 1.1.0 (Dec 19 2017) (MINGW32)
                      00004 ; This file was generated Fri Jan 12 10:28:29 2018
                      00005 ;--------------------------------------------------------
                      00006 ; MC32 port for the RISC core
                      00007 ;--------------------------------------------------------
                      00008 ;       .file   "../../libsdcc_mc32/_mulint.c"
                      00009         list    p=3221
                      00010         radix dec
                      00011         include "3221.inc"
                      00001                 LIST
                      00002 ;mc32p7010.inc    Standard Header File, Version 1.00 by Sinomcu
                      00435                 LIST
                      00012 ;--------------------------------------------------------
                      00013 ; external declarations
                      00014 ;--------------------------------------------------------
                      00015 
                      00016         extern STK06
                      00017         extern STK05
                      00018         extern STK04
                      00019         extern STK03
                      00020         extern STK02
                      00021         extern STK01
                      00022         extern STK00
                      00023 ;--------------------------------------------------------
                      00024 ; global declarations
                      00025 ;--------------------------------------------------------
                      00026         global  __mulint
                      00027 
                      00028 ;--------------------------------------------------------
                      00029 ; global definitions
                      00030 ;--------------------------------------------------------
                      00031 ;--------------------------------------------------------
                      00032 ; absolute symbol definitions
                      00033 ;--------------------------------------------------------
                      00034 ;--------------------------------------------------------
                      00035 ; compiler-defined variables
                      00036 ;--------------------------------------------------------
                      00037 UDL__mulint_0   udata
0000                  00038 r0x1001 res     1
0000                  00039 r0x1000 res     1
0001                  00040 r0x1003 res     1
0001                  00041 r0x1002 res     1
0002                  00042 r0x1004 res     1
0002                  00043 r0x1005 res     1
0003                  00044 r0x1006 res     1
0003                  00045 r0x1007 res     1
0004                  00046 r0x1008 res     1
0004                  00047 r0x100A res     1
0005                  00048 r0x1009 res     1
                      00049 ;--------------------------------------------------------
                      00050 ; initialized data
                      00051 ;--------------------------------------------------------
                      00052 
                      00053 ;@Allocation info for local variables in function '_mulint'
                      00054 ;@_mulint b                         Allocated to registers r0x1003 r0x1002 ;size:2
                      00055 ;@_mulint a                         Allocated to registers r0x1001 r0x1000 ;size:2
                      00056 ;@_mulint result                    Allocated to registers r0x1004 r0x1005 ;size:2
                      00057 ;@_mulint i                         Allocated to registers r0x1006 ;size:1
                      00058 ;@end Allocation info for local variables in function '_mulint';
                      00059 
                      00060 ;--------------------------------------------------------
                      00061 ; overlayable items in internal ram 
                      00062 ;--------------------------------------------------------
                      00063 ;       udata_ovr
                      00064 ;--------------------------------------------------------
                      00065 ; code
                      00066 ;--------------------------------------------------------
                      00067 code__mulint    code
                      00068 ;***
                      00069 ;  pBlock Stats: dbName = C
                      00070 ;***
                      00071 ;entry:  __mulint       ;Function start
                      00072 ; 2 exit points
                      00073 ;has an exit
                      00074 ;14 compiler assigned registers:
                      00075 ;   r0x1000
                      00076 ;   STK00
                      00077 ;   r0x1001
                      00078 ;   STK01
                      00079 ;   r0x1002
                      00080 ;   STK02
                      00081 ;   r0x1003
                      00082 ;   r0x1004
                      00083 ;   r0x1005
                      00084 ;   r0x1006
                      00085 ;   r0x1007
                      00086 ;   r0x1008
                      00087 ;   r0x1009
                      00088 ;   r0x100A
                      00089 ;; Starting pCode block
                      00090 ;;[ICODE] ../../libsdcc_mc32/_mulint.c:33:  _entry($16) :
                      00091 ;;[ICODE] ../../libsdcc_mc32/_mulint.c:33:      proc __mulint [k1 lr0:0 so:0]{ ia0 a2p0 re0 rm0 nos0 ru0 dp0}{int function ( int fixed, int fixed) fixed}
0000                  00092 __mulint        ;Function start
                      00093 ; 2 exit points
                      00094 ;;[ICODE] ../../libsdcc_mc32/_mulint.c:33: iTemp0 [k2 lr3:31 so:0]{ ia0 a2p0 re1 rm0 nos0 ru0 dp0}{int fixed}{ sir@ __mulint_a_1_1}[r0x1000 r0x1001 ] = recv __mulint [k1 lr0:0 so:0]{ ia0 a2p0 re0 rm0 nos0 ru0 dp0}{int function ( int fixed, int fixed) fixed}
                      00095 ;       .line   33; "../../libsdcc_mc32/_mulint.c"      _mulint (int a, int b)
0000   5600           00096         MOVRA   r0x1000
0001   5800           00097         MOVAR   STK00
0002   5600           00098         MOVRA   r0x1001
                      00099 ;;[ICODE] ../../libsdcc_mc32/_mulint.c:33: iTemp1 [k4 lr4:31 so:0]{ ia0 a2p0 re1 rm0 nos0 ru0 dp0}{int fixed}{ sir@ __mulint_b_1_1}[r0x1002 r0x1003 ] = recv __mulint [k1 lr0:0 so:0]{ ia0 a2p0 re0 rm0 nos0 ru0 dp0}{int function ( int fixed, int fixed) fixed}
0003   5800           00100         MOVAR   STK01
0004   5600           00101         MOVRA   r0x1002
0005   5800           00102         MOVAR   STK02
0006   5600           00103         MOVRA   r0x1003
                      00104 ;;[ICODE] ../../libsdcc_mc32/_mulint.c:35:      iTemp2 [k6 lr5:32 so:0]{ ia0 a2p0 re1 rm0 nos0 ru0 dp0}{int fixed}{ sir@ __mulint_result_1_2}[r0x1004 r0x1005 ] := 0x0 {int literal}
                      00105 ;       .line   35; "../../libsdcc_mc32/_mulint.c"      int result = 0;
0007   7600           00106         CLRR    r0x1004
0008   7600           00107         CLRR    r0x1005
                      00108 ;;[ICODE] ../../libsdcc_mc32/_mulint.c:39:      iTemp3 [k8 lr6:31 so:0]{ ia0 a2p0 re1 rm0 nos0 ru0 dp0}{unsigned-char fixed}{ sir@ __mulint_i_1_2}[r0x1006 ] := 0x8 {unsigned-char literal}
                      00109 ;       .line   39; "../../libsdcc_mc32/_mulint.c"      for (i = 0; i < 8u; i++) {
0009   3C08           00110         MOVAI   0x08
000A   5600           00111         MOVRA   r0x1006
                      00112 ;;[ICODE] ../../libsdcc_mc32/_mulint.c:39:  _forcontinue_0($14) :
                      00113 ;;[ICODE] ../../libsdcc_mc32/_mulint.c:41:      iTemp4 [k10 lr9:10 so:0]{ ia0 a2p0 re0 rm0 nos0 ru0 dp0}{unsigned-int register}[r0x1007 r0x1008 ] = (unsigned-int register)iTemp0 [k2 lr3:31 so:0]{ ia0 a2p0 re1 rm0 nos0 ru0 dp0}{int fixed}{ sir@ __mulint_a_1_1}[r0x1000 r0x1001 ]
000B                  00114 _00118_DS_
                      00115 ;       .line   41; "../../libsdcc_mc32/_mulint.c"      if (a & 0x0001u) result += b;
000B   5800           00116         MOVAR   r0x1001
000C   5600           00117         MOVRA   r0x1007
000D   5800           00118         MOVAR   r0x1000
000E   5600           00119         MOVRA   r0x1008
                      00120 ;;[ICODE] ../../libsdcc_mc32/_mulint.c:41:      iTemp5 [k11 lr10:11 so:0]{ ia0 a2p0 re0 rm0 nos0 ru0 dp0}{unsigned-int register} = iTemp4 [k10 lr9:10 so:0]{ ia0 a2p0 re0 rm0 nos0 ru0 dp0}{unsigned-int register}[r0x1007 r0x1008 ] & 0x1 {const-unsigned-int literal}
000F   E000           00121         JBSET   r0x1007,0
0010   A000           00122         GOTO    _00109_DS_
                      00123 ;;[ICODE] ../../libsdcc_mc32/_mulint.c:41:      if iTemp5 [k11 lr10:11 so:0]{ ia0 a2p0 re0 rm0 nos0 ru0 dp0}{unsigned-int register} == 0 goto _andif_0($5)
                      00124 ;;[ICODE] ../../libsdcc_mc32/_mulint.c:41:      iTemp2 [k6 lr5:32 so:0]{ ia0 a2p0 re1 rm0 nos0 ru0 dp0}{int fixed}{ sir@ __mulint_result_1_2}[r0x1004 r0x1005 ] = iTemp2 [k6 lr5:32 so:0]{ ia0 a2p0 re1 rm0 nos0 ru0 dp0}{int fixed}{ sir@ __mulint_result_1_2}[r0x1004 r0x1005 ] + iTemp1 [k4 lr4:31 so:0]{ ia0 a2p0 re1 rm0 nos0 ru0 dp0}{int fixed}{ sir@ __mulint_b_1_1}[r0x1002 r0x1003 ]
0011   5800           00125         MOVAR   r0x1003
0012   7E00           00126         ADDRA   r0x1004
0013   5800           00127         MOVAR   r0x1002
0014   F187           00128         JBCLR   PFLAG,0
0015   6000           00129         JZAR    r0x1002
0016   7E00           00130         ADDRA   r0x1005
                      00131 ;;[ICODE] ../../libsdcc_mc32/_mulint.c:42:  _andif_0($5) :
                      00132 ;;[ICODE] ../../libsdcc_mc32/_mulint.c:42:      iTemp7 [k13 lr15:16 so:0]{ ia0 a2p0 re0 rm0 nos0 ru0 dp0}{unsigned-long-int register}[r0x1007 r0x1008 r0x1009 r0x100A ] = (unsigned-long-int register)iTemp0 [k2 lr3:31 so:0]{ ia0 a2p0 re1 rm0 nos0 ru0 dp0}{int fixed}{ sir@ __mulint_a_1_1}[r0x1000 r0x1001 ]
0017                  00133 _00109_DS_
                      00134 ;       .line   42; "../../libsdcc_mc32/_mulint.c"      if (sizeof (a) > 1 && (a & 0x00000100ul)) result += (b << 8u);
0017   5800           00135         MOVAR   r0x1001
0018   5600           00136         MOVRA   r0x1007
0019   5800           00137         MOVAR   r0x1000
001A   5600           00138         MOVRA   r0x1008
001B   3C00           00139         MOVAI   0x00
001C   FE00           00140         JBCLR   r0x1008,7
001D   3CFF           00141         MOVAI   0xff
001E   5600           00142         MOVRA   r0x1009
001F   5600           00143         MOVRA   r0x100A
                      00144 ;;[ICODE] ../../libsdcc_mc32/_mulint.c:42:      iTemp8 [k14 lr16:17 so:0]{ ia0 a2p0 re0 rm0 nos0 ru0 dp0}{unsigned-long-int register} = iTemp7 [k13 lr15:16 so:0]{ ia0 a2p0 re0 rm0 nos0 ru0 dp0}{unsigned-long-int register}[r0x1007 r0x1008 r0x1009 r0x100A ] & 0x100 {const-unsigned-long-int literal}
0020   E000           00145         JBSET   r0x1008,0
0021   A000           00146         GOTO    _00114_DS_
                      00147 ;;[ICODE] ../../libsdcc_mc32/_mulint.c:42:      if iTemp8 [k14 lr16:17 so:0]{ ia0 a2p0 re0 rm0 nos0 ru0 dp0}{unsigned-long-int register} == 0 goto _iffalse_3($10)
                      00148 ;;[ICODE] ../../libsdcc_mc32/_mulint.c:42:      iTemp10 [k16 lr18:20 so:0]{ ia0 a2p0 re0 rm0 nos0 ru0 dp0}{unsigned-int register}[r0x1007 r0x1008 ] = iTemp1 [k4 lr4:31 so:0]{ ia0 a2p0 re1 rm0 nos0 ru0 dp0}{int fixed}{ sir@ __mulint_b_1_1}[r0x1002 r0x1003 ] << 0x8 {const-unsigned-int literal}
                      00149 ;;100   MOVAR   r0x1003
0022   7600           00150         CLRR    r0x1007
                      00151 ;;[ICODE] ../../libsdcc_mc32/_mulint.c:42:      iTemp11 [k17 lr19:20 so:0]{ ia0 a2p0 re0 rm0 nos0 ru0 dp0}{unsigned-int register}[r0x1009 r0x100A ] = (unsigned-int register)iTemp2 [k6 lr5:32 so:0]{ ia0 a2p0 re1 rm0 nos0 ru0 dp0}{int fixed}{ sir@ __mulint_result_1_2}[r0x1004 r0x1005 ]
0023   5800           00152         MOVAR   r0x1004
0024   5600           00153         MOVRA   r0x100A
0025   5800           00154         MOVAR   r0x1005
0026   5600           00155         MOVRA   r0x1005
0027   5600           00156         MOVRA   r0x1009
                      00157 ;;[ICODE] ../../libsdcc_mc32/_mulint.c:42:      iTemp2 [k6 lr5:32 so:0]{ ia0 a2p0 re1 rm0 nos0 ru0 dp0}{int fixed}{ sir@ __mulint_result_1_2}[r0x1004 r0x1005 ] = iTemp11 [k17 lr19:20 so:0]{ ia0 a2p0 re0 rm0 nos0 ru0 dp0}{unsigned-int register}[r0x1009 r0x100A ] + iTemp10 [k16 lr18:20 so:0]{ ia0 a2p0 re0 rm0 nos0 ru0 dp0}{unsigned-int register}[r0x1007 r0x1008 ]
0028   3C00           00158         MOVAI   0x00
0029   7C00           00159         ADDAR   r0x100A
002A   5600           00160         MOVRA   r0x1004
                      00161 ;;101   MOVAR   r0x1009
                      00162 ;;99    MOVAR   r0x1008
002B   5800           00163         MOVAR   r0x1003
002C   5600           00164         MOVRA   r0x1008
002D   F187           00165         JBCLR   PFLAG,0
002E   6000           00166         JZAR    r0x1008
002F   7E00           00167         ADDRA   r0x1005
                      00168 ;;[ICODE] ../../libsdcc_mc32/_mulint.c:44:  _iffalse_3($10) :
                      00169 ;;[ICODE] ../../libsdcc_mc32/_mulint.c:45:      iTemp19 [k25 lr23:24 so:0]{ ia0 a2p0 re0 rm0 nos0 ru0 dp0}{unsigned-int fixed}[r0x1007 r0x1008 ] = (unsigned-int fixed)iTemp0 [k2 lr3:31 so:0]{ ia0 a2p0 re1 rm0 nos0 ru0 dp0}{int fixed}{ sir@ __mulint_a_1_1}[r0x1000 r0x1001 ]
0030                  00170 _00114_DS_
                      00171 ;       .line   45; "../../libsdcc_mc32/_mulint.c"      a = ((unsigned int)a) >> 1u;
0030   5800           00172         MOVAR   r0x1001
0031   5600           00173         MOVRA   r0x1007
0032   5800           00174         MOVAR   r0x1000
0033   5600           00175         MOVRA   r0x1008
                      00176 ;;[ICODE] ../../libsdcc_mc32/_mulint.c:45:      iTemp0 [k2 lr3:31 so:0]{ ia0 a2p0 re1 rm0 nos0 ru0 dp0}{int fixed}{ sir@ __mulint_a_1_1}[r0x1000 r0x1001 ] = iTemp19 [k25 lr23:24 so:0]{ ia0 a2p0 re0 rm0 nos0 ru0 dp0}{unsigned-int fixed}[r0x1007 r0x1008 ] >> 0x1 {const-unsigned-int literal}
                      00177 ;;shiftRight_Left2ResultLit:5216: shCount=1, size=2, sign=0, same=0, offr=0
0034   D187           00178         BCLR    PFLAG,0
0035   4C00           00179         RRAR    r0x1008
0036   5600           00180         MOVRA   r0x1000
0037   4C00           00181         RRAR    r0x1007
0038   5600           00182         MOVRA   r0x1001
                      00183 ;;[ICODE] ../../libsdcc_mc32/_mulint.c:46:      iTemp1 [k4 lr4:31 so:0]{ ia0 a2p0 re1 rm0 nos0 ru0 dp0}{int fixed}{ sir@ __mulint_b_1_1}[r0x1002 r0x1003 ] = iTemp1 [k4 lr4:31 so:0]{ ia0 a2p0 re1 rm0 nos0 ru0 dp0}{int fixed}{ sir@ __mulint_b_1_1}[r0x1002 r0x1003 ] << 0x1 {const-unsigned-int literal}
                      00184 ;       .line   46; "../../libsdcc_mc32/_mulint.c"      b <<= 1u;
0039   D187           00185         BCLR    PFLAG,0
003A   5200           00186         RLR     r0x1003
003B   5200           00187         RLR     r0x1002
                      00188 ;;[ICODE] ../../libsdcc_mc32/_mulint.c:46:      iTemp23 [k29 lr28:29 so:0]{ ia0 a2p0 re0 rm0 nos0 ru0 dp0}{char register}[r0x1007 ] = (char register)iTemp3 [k8 lr6:31 so:0]{ ia0 a2p0 re1 rm0 nos0 ru0 dp0}{unsigned-char fixed}{ sir@ __mulint_i_1_2}[r0x1006 ]
003C   5800           00189         MOVAR   r0x1006
003D   5600           00190         MOVRA   r0x1007
                      00191 ;;[ICODE] ../../libsdcc_mc32/_mulint.c:46:      iTemp3 [k8 lr6:31 so:0]{ ia0 a2p0 re1 rm0 nos0 ru0 dp0}{unsigned-char fixed}{ sir@ __mulint_i_1_2}[r0x1006 ] = iTemp23 [k29 lr28:29 so:0]{ ia0 a2p0 re0 rm0 nos0 ru0 dp0}{char register}[r0x1007 ] - 0x1 {const-char literal}
003E   6C00           00192         DECAR   r0x1007
003F   5600           00193         MOVRA   r0x1006
                      00194 ;;[ICODE] ../../libsdcc_mc32/_mulint.c:39:      if iTemp3 [k8 lr6:31 so:0]{ ia0 a2p0 re1 rm0 nos0 ru0 dp0}{unsigned-char fixed}{ sir@ __mulint_i_1_2}[r0x1006 ] != 0 goto _forcontinue_0($14)
                      00195 ;       .line   39; "../../libsdcc_mc32/_mulint.c"      for (i = 0; i < 8u; i++) {
0040   3C00           00196         MOVAI   0x00
0041   5C00           00197         ORAR    r0x1006
0042   E587           00198         JBSET   PFLAG,2
0043   A000           00199         GOTO    _00118_DS_
                      00200 ;;[ICODE] ../../libsdcc_mc32/_mulint.c:49:      ret iTemp2 [k6 lr5:32 so:0]{ ia0 a2p0 re1 rm0 nos0 ru0 dp0}{int fixed}{ sir@ __mulint_result_1_2}[r0x1004 r0x1005 ]
                      00201 ;       .line   49; "../../libsdcc_mc32/_mulint.c"      return result;
0044   5800           00202         MOVAR   r0x1004
0045   5600           00203         MOVRA   STK00
0046   5800           00204         MOVAR   r0x1005
                      00205 ;;[ICODE] ../../libsdcc_mc32/_mulint.c:49:  _return($15) :
                      00206 ;;[ICODE] ../../libsdcc_mc32/_mulint.c:49:      eproc __mulint [k1 lr0:0 so:0]{ ia0 a2p0 re0 rm0 nos0 ru0 dp0}{int function ( int fixed, int fixed) fixed}
0047   000C           00207         RETURN  
                      00208 ; exit point of __mulint
                      00209 
                      00210 
                      00211 ;       code size estimation:
                      00212 ;          72+    0 =    72 instructions (  144 byte)
                      00213 
                      00214         end
gpasm-2.0.0_beta2 (Nov  6 2017)_mulint.asm        2018-1-12  10:28:29          PAGE  2


SYMBOL TABLE
  LABEL                             VALUE

ADCHS0                            00000004
ADCHS1                            00000005
ADCHS2                            00000006
ADCHS3                            00000007
ADCKS0                            00000002
ADCKS1                            00000003
ADCR0                             000001B0
ADCR1                             000001B1
ADEOC                             00000001
ADIE                              00000006
ADIF                              00000006
ADON                              00000000
ADR0                              00000000
ADR1                              00000001
ADR10                             00000006
ADR11                             00000007
ADR2                              00000002
ADR3                              00000003
ADR4                              00000000
ADR5                              00000001
ADR6                              00000002
ADR7                              00000003
ADR8                              00000004
ADR9                              00000005
ADRH                              000001B4
ADRL                              000001B5
ANSEL                             00000193
BUZ0OE                            00000005
BUZ1OE                            00000005
C                                 00000000
CLKS                              00000002
DC                                00000001
FSR0                              00000184
FSR00                             00000000
FSR01                             00000001
FSR02                             00000002
FSR03                             00000003
FSR04                             00000004
FSR05                             00000005
FSR06                             00000006
FSR07                             00000007
FSR1                              00000185
FSR10                             00000000
FSR11                             00000001
FSR12                             00000002
FSR13                             00000003
FSR14                             00000004
FSR15                             00000005
FSR16                             00000006
FSR17                             00000007
GIE                               00000007
HFEN                              00000000
HIBYTE                            00000183
HIBYTE0                           00000000
HIBYTE1                           00000001
HIBYTE2                           00000002
HIBYTE3                           00000003
HIBYTE4                           00000004
HIBYTE5                           00000005
HIBYTE6                           00000006
HIBYTE7                           00000007
INDF0                             00000180
INDF00                            00000000
INDF01                            00000001
INDF02                            00000002
INDF03                            00000003
INDF04                            00000004
INDF05                            00000005
INDF06                            00000006
INDF07                            00000007
INDF1                             00000181
INDF10                            00000000
INDF11                            00000001
INDF12                            00000002
INDF13                            00000003
INDF14                            00000004
INDF15                            00000005
INDF16                            00000006
INDF17                            00000007
INDF2                             00000182
INDF20                            00000000
INDF21                            00000001
INDF22                            00000002
INDF23                            00000003
INDF24                            00000004
INDF25                            00000005
INDF26                            00000006
INDF27                            00000007
INDF3                             00000189
INDF30                            00000000
INDF31                            00000001
INDF32                            00000002
INDF33                            00000003
INDF34                            00000004
INDF35                            00000005
INDF36                            00000006
INDF37                            00000007
INT0IE                            00000002
INT0IF                            00000002
INT1IE                            00000003
INT1IF                            00000003
INTE                              0000018A
INTF                              0000018B
IOP0                              00000190
IOP1                              00000194
KBCR                              00000197
KBCR0                             00000000
KBCR1                             00000001
KBCR2                             00000002
KBCR3                             00000003
KBCR4                             00000004
KBCR5                             00000005
KBCR6                             00000006
KBIE                              00000004
KBIF                              00000004
LFEN                              00000001
LVDCR                             000001AF
LVDEN                             00000007
LVDF                              00000000
LVDS0                             00000004
LVDS1                             00000005
LVDS2                             00000006
MCR                               00000188
MINT00                            00000000
MINT01                            00000001
MINT10                            00000002
MINT11                            00000003
OEP0                              00000191
OEP1                              00000195
OSCCAL                            000001FB
OSCCAL0                           00000000
OSCCAL1                           00000001
OSCCAL2                           00000002
OSCCAL3                           00000003
OSCCAL4                           00000004
OSCCAL5                           00000005
OSCCAL6                           00000006
OSCCAL7                           00000007
OSCM                              000001AE
P00ANS                            00000000
P00D                              00000000
P00OE                             00000000
P00PU                             00000000
P01ANS                            00000001
P01D                              00000001
P01OE                             00000001
P01PU                             00000001
P02ANS                            00000002
P02D                              00000002
P02OE                             00000002
P02PU                             00000002
P03ANS                            00000003
P03D                              00000003
P03OE                             00000003
P03PU                             00000003
P04ANS                            00000004
P04D                              00000004
P04OE                             00000004
P04PU                             00000004
P10D                              00000000
P10OE                             00000000
P10PU                             00000000
P11D                              00000001
P11OE                             00000001
P11PU                             00000001
P12ANS                            00000005
P12D                              00000002
P12OE                             00000002
P12PU                             00000002
P13ANS                            00000006
P13D                              00000003
P13OE                             00000003
P13PU                             00000003
P14D                              00000004
P14OE                             00000004
P14PU                             00000004
P15D                              00000005
P15OE                             00000005
P15PU                             00000005
P16D                              00000006
P16OE                             00000006
P16PU                             00000006
PC0                               00000000
PC1                               00000001
PC2                               00000002
PC3                               00000003
PC4                               00000004
PC5                               00000005
PC6                               00000006
PC7                               00000007
PCL                               00000186
PD                                00000004
PFLAG                             00000187
PUP0                              00000192
PUP1                              00000196
PWM0OE                            00000006
PWM1OE                            00000006
STBH                              00000004
STBL                              00000005
STK00                             00000000
STK01                             00000000
STK02                             00000000
STK03                             00000000
STK04                             00000000
STK05                             00000000
STK06                             00000000
T0C0                              00000000
T0C1                              00000001
T0C2                              00000002
T0C3                              00000003
T0C4                              00000004
T0C5                              00000005
T0C6                              00000006
T0C7                              00000007
T0CNT                             000001A1
T0CR                              000001A0
T0DATA                            000001A3
T0DATA0                           00000000
T0DATA1                           00000001
T0DATA2                           00000002
T0DATA3                           00000003
T0DATA4                           00000004
T0DATA5                           00000005
T0DATA6                           00000006
T0DATA7                           00000007
T0IE                              00000000
T0IF                              00000000
T0LOAD                            000001A2
T0LOAD0                           00000000
T0LOAD1                           00000001
T0LOAD2                           00000002
T0LOAD3                           00000003
T0LOAD4                           00000004
T0LOAD5                           00000005
T0LOAD6                           00000006
T0LOAD7                           00000007
T0PR0                             00000000
T0PR1                             00000001
T0PR2                             00000002
T0PTS0                            00000003
T0PTS1                            00000004
T1C0                              00000000
T1C1                              00000001
T1C2                              00000002
T1C3                              00000003
T1C4                              00000004
T1C5                              00000005
T1C6                              00000006
T1C7                              00000007
T1CNT                             000001A5
T1CR                              000001A4
T1DATA                            000001A7
T1DATA0                           00000000
T1DATA1                           00000001
T1DATA2                           00000002
T1DATA3                           00000003
T1DATA4                           00000004
T1DATA5                           00000005
T1DATA6                           00000006
T1DATA7                           00000007
T1IE                              00000001
T1IF                              00000001
T1LOAD                            000001A6
T1LOAD0                           00000000
T1LOAD1                           00000001
T1LOAD2                           00000002
T1LOAD3                           00000003
T1LOAD4                           00000004
T1LOAD5                           00000005
T1LOAD6                           00000006
T1LOAD7                           00000007
T1PR0                             00000000
T1PR1                             00000001
T1PR2                             00000002
T1PTS0                            00000003
T1PTS1                            00000004
TC0EN                             00000007
TC1EN                             00000007
TO                                00000005
VRS0                              00000000
VRS1                              00000001
VRS2                              00000002
Z                                 00000002
_00109_DS_                        00000017
_00114_DS_                        00000030
_00118_DS_                        0000000B
_CONFIG0                          00008000
_CONFIG1                          00008001
__32P21                           00000001
__mulint                          00000000
r0x1000                           00000001
r0x1001                           00000000
r0x1002                           00000003
r0x1003                           00000002
r0x1004                           00000004
r0x1005                           00000005
r0x1006                           00000006
r0x1007                           00000007
r0x1008                           00000008
r0x1009                           0000000A
r0x100A                           00000009

Errors   :     0
Warnings :     0 reported,     0 suppressed
Messages :     0 reported,     0 suppressed

