gpasm-2.0.0_beta2 (Nov  6 2017)_mulchar.asm       2018-1-12  10:28:28          PAGE  1


LOC  OBJECT CODE     LINE SOURCE TEXT
  VALUE

                      00001 ;--------------------------------------------------------
                      00002 ; File Created by SN-SDCC : SinoMCU ANSI-C Compiler
                      00003 ; Version 1.1.0 (Dec 19 2017) (MINGW32)
                      00004 ; This file was generated Fri Jan 12 10:28:28 2018
                      00005 ;--------------------------------------------------------
                      00006 ; MC32 port for the RISC core
                      00007 ;--------------------------------------------------------
                      00008 ;       .file   "../../libsdcc_mc32/_mulchar.c"
                      00009         list    p=3221
                      00010         radix dec
                      00011         include "3221.inc"
                      00001                 LIST
                      00002 ;mc32p7010.inc    Standard Header File, Version 1.00 by Sinomcu
                      00435                 LIST
                      00012 ;--------------------------------------------------------
                      00013 ; external declarations
                      00014 ;--------------------------------------------------------
                      00015 
                      00016         extern STK06
                      00017         extern STK05
                      00018         extern STK04
                      00019         extern STK03
                      00020         extern STK02
                      00021         extern STK01
                      00022         extern STK00
                      00023 ;--------------------------------------------------------
                      00024 ; global declarations
                      00025 ;--------------------------------------------------------
                      00026         global  __mulchar
                      00027 
                      00028 ;--------------------------------------------------------
                      00029 ; global definitions
                      00030 ;--------------------------------------------------------
                      00031 ;--------------------------------------------------------
                      00032 ; absolute symbol definitions
                      00033 ;--------------------------------------------------------
                      00034 ;--------------------------------------------------------
                      00035 ; compiler-defined variables
                      00036 ;--------------------------------------------------------
                      00037 UDL__mulchar_0  udata
0000                  00038 r0x1000 res     1
0000                  00039 r0x1001 res     1
0001                  00040 r0x1002 res     1
0001                  00041 r0x1003 res     1
0002                  00042 r0x1004 res     1
                      00043 ;--------------------------------------------------------
                      00044 ; initialized data
                      00045 ;--------------------------------------------------------
                      00046 
                      00047 ;@Allocation info for local variables in function '_mulchar'
                      00048 ;@_mulchar _mulchar                  Allocated to registers ;size:2
                      00049 ;@_mulchar b                         Allocated to registers r0x1001 ;size:1
                      00050 ;@_mulchar a                         Allocated to registers r0x1000 ;size:1
                      00051 ;@_mulchar result                    Allocated to registers r0x1002 ;size:1
                      00052 ;@_mulchar i                         Allocated to registers r0x1003 ;size:1
                      00053 ;@end Allocation info for local variables in function '_mulchar';
                      00054 
                      00055 ;--------------------------------------------------------
                      00056 ; overlayable items in internal ram 
                      00057 ;--------------------------------------------------------
                      00058 ;       udata_ovr
                      00059 ;--------------------------------------------------------
                      00060 ; code
                      00061 ;--------------------------------------------------------
                      00062 code__mulchar   code
                      00063 ;***
                      00064 ;  pBlock Stats: dbName = C
                      00065 ;***
                      00066 ;entry:  __mulchar      ;Function start
                      00067 ; 2 exit points
                      00068 ;has an exit
                      00069 ;6 compiler assigned registers:
                      00070 ;   r0x1000
                      00071 ;   STK00
                      00072 ;   r0x1001
                      00073 ;   r0x1002
                      00074 ;   r0x1003
                      00075 ;   r0x1004
                      00076 ;; Starting pCode block
                      00077 ;;[ICODE] ../../libsdcc_mc32/_mulchar.c:33:  _entry($16) :
                      00078 ;;[ICODE] ../../libsdcc_mc32/_mulchar.c:33:     proc __mulchar [k1 lr0:0 so:0]{ ia0 a2p0 re0 rm0 nos0 ru0 dp0}{char function ( char fixed, char fixed) fixed}
0000                  00079 __mulchar       ;Function start
                      00080 ; 2 exit points
                      00081 ;;[ICODE] ../../libsdcc_mc32/_mulchar.c:33: iTemp0 [k2 lr3:23 so:0]{ ia0 a2p0 re1 rm0 nos0 ru0 dp0}{char fixed}{ sir@ __mulchar_a_1_1}[r0x1000 ] = recv __mulchar [k1 lr0:0 so:0]{ ia0 a2p0 re0 rm0 nos0 ru0 dp0}{char function ( char fixed, char fixed) fixed}
                      00082 ;       .line   33; "../../libsdcc_mc32/_mulchar.c"     _mulchar (char a, char b)
0000   5600           00083         MOVRA   r0x1000
                      00084 ;;[ICODE] ../../libsdcc_mc32/_mulchar.c:33: iTemp1 [k4 lr4:23 so:0]{ ia0 a2p0 re1 rm0 nos0 ru0 dp0}{char fixed}{ sir@ __mulchar_b_1_1}[r0x1001 ] = recv __mulchar [k1 lr0:0 so:0]{ ia0 a2p0 re0 rm0 nos0 ru0 dp0}{char function ( char fixed, char fixed) fixed}
0001   5800           00085         MOVAR   STK00
0002   5600           00086         MOVRA   r0x1001
                      00087 ;;[ICODE] ../../libsdcc_mc32/_mulchar.c:35:     iTemp2 [k6 lr5:24 so:0]{ ia0 a2p0 re1 rm0 nos0 ru0 dp0}{char fixed}{ sir@ __mulchar_result_1_2}[r0x1002 ] := 0x0 {const-unsigned-char literal}
                      00088 ;       .line   35; "../../libsdcc_mc32/_mulchar.c"     char result = 0;
0003   7600           00089         CLRR    r0x1002
                      00090 ;;[ICODE] ../../libsdcc_mc32/_mulchar.c:39:     iTemp3 [k8 lr6:23 so:0]{ ia0 a2p0 re1 rm0 nos0 ru0 dp0}{unsigned-char fixed}{ sir@ __mulchar_i_1_2}[r0x1003 ] := 0x8 {unsigned-char literal}
                      00091 ;       .line   39; "../../libsdcc_mc32/_mulchar.c"     for (i = 0; i < 8u; i++) {
0004   3C08           00092         MOVAI   0x08
0005   5600           00093         MOVRA   r0x1003
                      00094 ;;[ICODE] ../../libsdcc_mc32/_mulchar.c:39:  _forcontinue_0($14) :
                      00095 ;;[ICODE] ../../libsdcc_mc32/_mulchar.c:41:     iTemp4 [k10 lr9:10 so:0]{ ia0 a2p0 re0 rm0 nos0 ru0 dp0}{char register} = iTemp0 [k2 lr3:23 so:0]{ ia0 a2p0 re1 rm0 nos0 ru0 dp0}{char fixed}{ sir@ __mulchar_a_1_1}[r0x1000 ] & 0x1 {char literal}
0006                  00096 _00118_DS_
                      00097 ;       .line   41; "../../libsdcc_mc32/_mulchar.c"     if (a & (unsigned char)0x0001u) result += b;
0006   E000           00098         JBSET   r0x1000,0
0007   A000           00099         GOTO    _00114_DS_
                      00100 ;;[ICODE] ../../libsdcc_mc32/_mulchar.c:41:     if iTemp4 [k10 lr9:10 so:0]{ ia0 a2p0 re0 rm0 nos0 ru0 dp0}{char register} == 0 goto _iffalse_3($10)
                      00101 ;;[ICODE] ../../libsdcc_mc32/_mulchar.c:41:     iTemp2 [k6 lr5:24 so:0]{ ia0 a2p0 re1 rm0 nos0 ru0 dp0}{char fixed}{ sir@ __mulchar_result_1_2}[r0x1002 ] = iTemp2 [k6 lr5:24 so:0]{ ia0 a2p0 re1 rm0 nos0 ru0 dp0}{char fixed}{ sir@ __mulchar_result_1_2}[r0x1002 ] + iTemp1 [k4 lr4:23 so:0]{ ia0 a2p0 re1 rm0 nos0 ru0 dp0}{char fixed}{ sir@ __mulchar_b_1_1}[r0x1001 ]
0008   5800           00102         MOVAR   r0x1001
0009   7E00           00103         ADDRA   r0x1002
                      00104 ;;[ICODE] ../../libsdcc_mc32/_mulchar.c:44:  _iffalse_3($10) :
                      00105 ;;[ICODE] ../../libsdcc_mc32/_mulchar.c:45:     iTemp12 [k18 lr14:15 so:0]{ ia0 a2p0 re0 rm0 nos0 ru0 dp0}{unsigned-char fixed}[r0x1004 ] = (unsigned-char fixed)iTemp0 [k2 lr3:23 so:0]{ ia0 a2p0 re1 rm0 nos0 ru0 dp0}{char fixed}{ sir@ __mulchar_a_1_1}[r0x1000 ]
000A                  00106 _00114_DS_
                      00107 ;       .line   45; "../../libsdcc_mc32/_mulchar.c"     a = ((unsigned char)a) >> 1u;
000A   5800           00108         MOVAR   r0x1000
000B   5600           00109         MOVRA   r0x1004
                      00110 ;;[ICODE] ../../libsdcc_mc32/_mulchar.c:45:     iTemp0 [k2 lr3:23 so:0]{ ia0 a2p0 re1 rm0 nos0 ru0 dp0}{char fixed}{ sir@ __mulchar_a_1_1}[r0x1000 ] = iTemp12 [k18 lr14:15 so:0]{ ia0 a2p0 re0 rm0 nos0 ru0 dp0}{unsigned-char fixed}[r0x1004 ] >> 0x1 {const-unsigned-int literal}
                      00111 ;;shiftRight_Left2ResultLit:5216: shCount=1, size=1, sign=0, same=0, offr=0
000C   D187           00112         BCLR    PFLAG,0
000D   4C00           00113         RRAR    r0x1004
000E   5600           00114         MOVRA   r0x1000
                      00115 ;;[ICODE] ../../libsdcc_mc32/_mulchar.c:46:     iTemp15 [k21 lr17:18 so:0]{ ia0 a2p0 re0 rm0 nos0 ru0 dp0}{unsigned-int register}[r0x1004 r0x1005 ] = iTemp1 [k4 lr4:23 so:0]{ ia0 a2p0 re1 rm0 nos0 ru0 dp0}{char fixed}{ sir@ __mulchar_b_1_1}[r0x1001 ] << 0x1 {const-unsigned-int literal}
                      00116 ;       .line   46; "../../libsdcc_mc32/_mulchar.c"     b <<= 1u;
000F   D187           00117         BCLR    PFLAG,0
0010   5000           00118         RLAR    r0x1001
0011   5600           00119         MOVRA   r0x1001
0012   5600           00120         MOVRA   r0x1004
                      00121 ;;[ICODE] ../../libsdcc_mc32/_mulchar.c:46:     iTemp1 [k4 lr4:23 so:0]{ ia0 a2p0 re1 rm0 nos0 ru0 dp0}{char fixed}{ sir@ __mulchar_b_1_1}[r0x1001 ] = (char fixed)iTemp15 [k21 lr17:18 so:0]{ ia0 a2p0 re0 rm0 nos0 ru0 dp0}{unsigned-int register}[r0x1004 r0x1005 ]
                      00122 ;;99    MOVAR   r0x1004
                      00123 ;;[ICODE] ../../libsdcc_mc32/_mulchar.c:46:     iTemp17 [k23 lr20:21 so:0]{ ia0 a2p0 re0 rm0 nos0 ru0 dp0}{char register}[r0x1004 ] = (char register)iTemp3 [k8 lr6:23 so:0]{ ia0 a2p0 re1 rm0 nos0 ru0 dp0}{unsigned-char fixed}{ sir@ __mulchar_i_1_2}[r0x1003 ]
0013   5800           00124         MOVAR   r0x1003
0014   5600           00125         MOVRA   r0x1004
                      00126 ;;[ICODE] ../../libsdcc_mc32/_mulchar.c:46:     iTemp3 [k8 lr6:23 so:0]{ ia0 a2p0 re1 rm0 nos0 ru0 dp0}{unsigned-char fixed}{ sir@ __mulchar_i_1_2}[r0x1003 ] = iTemp17 [k23 lr20:21 so:0]{ ia0 a2p0 re0 rm0 nos0 ru0 dp0}{char register}[r0x1004 ] - 0x1 {const-char literal}
0015   6C00           00127         DECAR   r0x1004
0016   5600           00128         MOVRA   r0x1003
                      00129 ;;[ICODE] ../../libsdcc_mc32/_mulchar.c:39:     if iTemp3 [k8 lr6:23 so:0]{ ia0 a2p0 re1 rm0 nos0 ru0 dp0}{unsigned-char fixed}{ sir@ __mulchar_i_1_2}[r0x1003 ] != 0 goto _forcontinue_0($14)
                      00130 ;       .line   39; "../../libsdcc_mc32/_mulchar.c"     for (i = 0; i < 8u; i++) {
0017   3C00           00131         MOVAI   0x00
0018   5C00           00132         ORAR    r0x1003
0019   E587           00133         JBSET   PFLAG,2
001A   A000           00134         GOTO    _00118_DS_
                      00135 ;;[ICODE] ../../libsdcc_mc32/_mulchar.c:49:     ret iTemp2 [k6 lr5:24 so:0]{ ia0 a2p0 re1 rm0 nos0 ru0 dp0}{char fixed}{ sir@ __mulchar_result_1_2}[r0x1002 ]
                      00136 ;       .line   49; "../../libsdcc_mc32/_mulchar.c"     return result;
001B   5800           00137         MOVAR   r0x1002
                      00138 ;;[ICODE] ../../libsdcc_mc32/_mulchar.c:49:  _return($15) :
                      00139 ;;[ICODE] ../../libsdcc_mc32/_mulchar.c:49:     eproc __mulchar [k1 lr0:0 so:0]{ ia0 a2p0 re0 rm0 nos0 ru0 dp0}{char function ( char fixed, char fixed) fixed}
001C   000C           00140         RETURN  
                      00141 ; exit point of __mulchar
                      00142 
                      00143 
                      00144 ;       code size estimation:
                      00145 ;          29+    0 =    29 instructions (   58 byte)
                      00146 
                      00147         end
gpasm-2.0.0_beta2 (Nov  6 2017)_mulchar.asm       2018-1-12  10:28:28          PAGE  2


SYMBOL TABLE
  LABEL                             VALUE

ADCHS0                            00000004
ADCHS1                            00000005
ADCHS2                            00000006
ADCHS3                            00000007
ADCKS0                            00000002
ADCKS1                            00000003
ADCR0                             000001B0
ADCR1                             000001B1
ADEOC                             00000001
ADIE                              00000006
ADIF                              00000006
ADON                              00000000
ADR0                              00000000
ADR1                              00000001
ADR10                             00000006
ADR11                             00000007
ADR2                              00000002
ADR3                              00000003
ADR4                              00000000
ADR5                              00000001
ADR6                              00000002
ADR7                              00000003
ADR8                              00000004
ADR9                              00000005
ADRH                              000001B4
ADRL                              000001B5
ANSEL                             00000193
BUZ0OE                            00000005
BUZ1OE                            00000005
C                                 00000000
CLKS                              00000002
DC                                00000001
FSR0                              00000184
FSR00                             00000000
FSR01                             00000001
FSR02                             00000002
FSR03                             00000003
FSR04                             00000004
FSR05                             00000005
FSR06                             00000006
FSR07                             00000007
FSR1                              00000185
FSR10                             00000000
FSR11                             00000001
FSR12                             00000002
FSR13                             00000003
FSR14                             00000004
FSR15                             00000005
FSR16                             00000006
FSR17                             00000007
GIE                               00000007
HFEN                              00000000
HIBYTE                            00000183
HIBYTE0                           00000000
HIBYTE1                           00000001
HIBYTE2                           00000002
HIBYTE3                           00000003
HIBYTE4                           00000004
HIBYTE5                           00000005
HIBYTE6                           00000006
HIBYTE7                           00000007
INDF0                             00000180
INDF00                            00000000
INDF01                            00000001
INDF02                            00000002
INDF03                            00000003
INDF04                            00000004
INDF05                            00000005
INDF06                            00000006
INDF07                            00000007
INDF1                             00000181
INDF10                            00000000
INDF11                            00000001
INDF12                            00000002
INDF13                            00000003
INDF14                            00000004
INDF15                            00000005
INDF16                            00000006
INDF17                            00000007
INDF2                             00000182
INDF20                            00000000
INDF21                            00000001
INDF22                            00000002
INDF23                            00000003
INDF24                            00000004
INDF25                            00000005
INDF26                            00000006
INDF27                            00000007
INDF3                             00000189
INDF30                            00000000
INDF31                            00000001
INDF32                            00000002
INDF33                            00000003
INDF34                            00000004
INDF35                            00000005
INDF36                            00000006
INDF37                            00000007
INT0IE                            00000002
INT0IF                            00000002
INT1IE                            00000003
INT1IF                            00000003
INTE                              0000018A
INTF                              0000018B
IOP0                              00000190
IOP1                              00000194
KBCR                              00000197
KBCR0                             00000000
KBCR1                             00000001
KBCR2                             00000002
KBCR3                             00000003
KBCR4                             00000004
KBCR5                             00000005
KBCR6                             00000006
KBIE                              00000004
KBIF                              00000004
LFEN                              00000001
LVDCR                             000001AF
LVDEN                             00000007
LVDF                              00000000
LVDS0                             00000004
LVDS1                             00000005
LVDS2                             00000006
MCR                               00000188
MINT00                            00000000
MINT01                            00000001
MINT10                            00000002
MINT11                            00000003
OEP0                              00000191
OEP1                              00000195
OSCCAL                            000001FB
OSCCAL0                           00000000
OSCCAL1                           00000001
OSCCAL2                           00000002
OSCCAL3                           00000003
OSCCAL4                           00000004
OSCCAL5                           00000005
OSCCAL6                           00000006
OSCCAL7                           00000007
OSCM                              000001AE
P00ANS                            00000000
P00D                              00000000
P00OE                             00000000
P00PU                             00000000
P01ANS                            00000001
P01D                              00000001
P01OE                             00000001
P01PU                             00000001
P02ANS                            00000002
P02D                              00000002
P02OE                             00000002
P02PU                             00000002
P03ANS                            00000003
P03D                              00000003
P03OE                             00000003
P03PU                             00000003
P04ANS                            00000004
P04D                              00000004
P04OE                             00000004
P04PU                             00000004
P10D                              00000000
P10OE                             00000000
P10PU                             00000000
P11D                              00000001
P11OE                             00000001
P11PU                             00000001
P12ANS                            00000005
P12D                              00000002
P12OE                             00000002
P12PU                             00000002
P13ANS                            00000006
P13D                              00000003
P13OE                             00000003
P13PU                             00000003
P14D                              00000004
P14OE                             00000004
P14PU                             00000004
P15D                              00000005
P15OE                             00000005
P15PU                             00000005
P16D                              00000006
P16OE                             00000006
P16PU                             00000006
PC0                               00000000
PC1                               00000001
PC2                               00000002
PC3                               00000003
PC4                               00000004
PC5                               00000005
PC6                               00000006
PC7                               00000007
PCL                               00000186
PD                                00000004
PFLAG                             00000187
PUP0                              00000192
PUP1                              00000196
PWM0OE                            00000006
PWM1OE                            00000006
STBH                              00000004
STBL                              00000005
STK00                             00000000
STK01                             00000000
STK02                             00000000
STK03                             00000000
STK04                             00000000
STK05                             00000000
STK06                             00000000
T0C0                              00000000
T0C1                              00000001
T0C2                              00000002
T0C3                              00000003
T0C4                              00000004
T0C5                              00000005
T0C6                              00000006
T0C7                              00000007
T0CNT                             000001A1
T0CR                              000001A0
T0DATA                            000001A3
T0DATA0                           00000000
T0DATA1                           00000001
T0DATA2                           00000002
T0DATA3                           00000003
T0DATA4                           00000004
T0DATA5                           00000005
T0DATA6                           00000006
T0DATA7                           00000007
T0IE                              00000000
T0IF                              00000000
T0LOAD                            000001A2
T0LOAD0                           00000000
T0LOAD1                           00000001
T0LOAD2                           00000002
T0LOAD3                           00000003
T0LOAD4                           00000004
T0LOAD5                           00000005
T0LOAD6                           00000006
T0LOAD7                           00000007
T0PR0                             00000000
T0PR1                             00000001
T0PR2                             00000002
T0PTS0                            00000003
T0PTS1                            00000004
T1C0                              00000000
T1C1                              00000001
T1C2                              00000002
T1C3                              00000003
T1C4                              00000004
T1C5                              00000005
T1C6                              00000006
T1C7                              00000007
T1CNT                             000001A5
T1CR                              000001A4
T1DATA                            000001A7
T1DATA0                           00000000
T1DATA1                           00000001
T1DATA2                           00000002
T1DATA3                           00000003
T1DATA4                           00000004
T1DATA5                           00000005
T1DATA6                           00000006
T1DATA7                           00000007
T1IE                              00000001
T1IF                              00000001
T1LOAD                            000001A6
T1LOAD0                           00000000
T1LOAD1                           00000001
T1LOAD2                           00000002
T1LOAD3                           00000003
T1LOAD4                           00000004
T1LOAD5                           00000005
T1LOAD6                           00000006
T1LOAD7                           00000007
T1PR0                             00000000
T1PR1                             00000001
T1PR2                             00000002
T1PTS0                            00000003
T1PTS1                            00000004
TC0EN                             00000007
TC1EN                             00000007
TO                                00000005
VRS0                              00000000
VRS1                              00000001
VRS2                              00000002
Z                                 00000002
_00114_DS_                        0000000A
_00118_DS_                        00000006
_CONFIG0                          00008000
_CONFIG1                          00008001
__32P21                           00000001
__mulchar                         00000000
r0x1000                           00000000
r0x1001                           00000001
r0x1002                           00000002
r0x1003                           00000003
r0x1004                           00000004

Errors   :     0
Warnings :     0 reported,     0 suppressed
Messages :     0 reported,     0 suppressed

