gpasm-2.0.0_beta2 (Nov  6 2017)fs2slong.asm       2018-1-11  14:01:22          PAGE  1


LOC  OBJECT CODE     LINE SOURCE TEXT
  VALUE

                      00001 ;--------------------------------------------------------
                      00002 ; File Created by SN-SDCC : SinoMCU ANSI-C Compiler
                      00003 ; Version 1.1.0 (Dec 19 2017) (MINGW32)
                      00004 ; This file was generated Thu Jan 11 14:01:22 2018
                      00005 ;--------------------------------------------------------
                      00006 ; MC32 port for the RISC core
                      00007 ;--------------------------------------------------------
                      00008 ;       .file   "../../libsdcc_mc32/fs2slong.c"
                      00009         list    p=3221
                      00010         radix dec
                      00011         include "3221.inc"
                      00001                 LIST
                      00002 ;mc32p7010.inc    Standard Header File, Version 1.00 by Sinomcu
                      00435                 LIST
                      00012 ;--------------------------------------------------------
                      00013 ; external declarations
                      00014 ;--------------------------------------------------------
                      00015         extern  ___uchar2fs
                      00016         extern  ___schar2fs
                      00017         extern  ___uint2fs
                      00018         extern  ___sint2fs
                      00019         extern  ___ulong2fs
                      00020         extern  ___slong2fs
                      00021         extern  ___fs2uchar
                      00022         extern  ___fs2schar
                      00023         extern  ___fs2uint
                      00024         extern  ___fs2sint
                      00025         extern  ___fs2ulong
                      00026         extern  ___fsadd
                      00027         extern  ___fssub
                      00028         extern  ___fsmul
                      00029         extern  ___fsdiv
                      00030         extern  ___fslt
                      00031         extern  ___fseq
                      00032         extern  ___fsneq
                      00033         extern  ___fsgt
                      00034 
                      00035         extern STK06
                      00036         extern STK05
                      00037         extern STK04
                      00038         extern STK03
                      00039         extern STK02
                      00040         extern STK01
                      00041         extern STK00
                      00042 ;--------------------------------------------------------
                      00043 ; global declarations
                      00044 ;--------------------------------------------------------
                      00045         global  ___fs2slong
                      00046 
                      00047 ;--------------------------------------------------------
                      00048 ; global definitions
                      00049 ;--------------------------------------------------------
                      00050 ;--------------------------------------------------------
                      00051 ; absolute symbol definitions
                      00052 ;--------------------------------------------------------
                      00053 ;--------------------------------------------------------
                      00054 ; compiler-defined variables
                      00055 ;--------------------------------------------------------
                      00056 UDL_fs2slong_0  udata
0000                  00057 r0x1003 res     1
0000                  00058 r0x1002 res     1
0001                  00059 r0x1001 res     1
0001                  00060 r0x1000 res     1
0002                  00061 r0x1004 res     1
0002                  00062 r0x1007 res     1
0003                  00063 r0x1006 res     1
0003                  00064 r0x1005 res     1
                      00065 ;--------------------------------------------------------
                      00066 ; initialized data
                      00067 ;--------------------------------------------------------
                      00068 
                      00069 ;@Allocation info for local variables in function '__fs2slong'
                      00070 ;@__fs2slong __uchar2fs                Allocated to registers ;size:2
                      00071 ;@__fs2slong __schar2fs                Allocated to registers ;size:2
                      00072 ;@__fs2slong __uint2fs                 Allocated to registers ;size:2
                      00073 ;@__fs2slong __sint2fs                 Allocated to registers ;size:2
                      00074 ;@__fs2slong __ulong2fs                Allocated to registers ;size:2
                      00075 ;@__fs2slong __slong2fs                Allocated to registers ;size:2
                      00076 ;@__fs2slong __fs2uchar                Allocated to registers ;size:2
                      00077 ;@__fs2slong __fs2schar                Allocated to registers ;size:2
                      00078 ;@__fs2slong __fs2uint                 Allocated to registers ;size:2
                      00079 ;@__fs2slong __fs2sint                 Allocated to registers ;size:2
                      00080 ;@__fs2slong __fs2ulong                Allocated to registers ;size:2
                      00081 ;@__fs2slong __fsadd                   Allocated to registers ;size:2
                      00082 ;@__fs2slong __fssub                   Allocated to registers ;size:2
                      00083 ;@__fs2slong __fsmul                   Allocated to registers ;size:2
                      00084 ;@__fs2slong __fsdiv                   Allocated to registers ;size:2
                      00085 ;@__fs2slong __fslt                    Allocated to registers ;size:2
                      00086 ;@__fs2slong __fseq                    Allocated to registers ;size:2
                      00087 ;@__fs2slong __fsneq                   Allocated to registers ;size:2
                      00088 ;@__fs2slong __fsgt                    Allocated to registers ;size:2
                      00089 ;@__fs2slong __fslt                    Allocated to registers ;size:2
                      00090 ;@__fs2slong f                         Allocated to registers r0x1003 r0x1002 r0x1001 r0x1000 ;size:4
                      00091 ;@end Allocation info for local variables in function '__fs2slong';
                      00092 
                      00093 ;--------------------------------------------------------
                      00094 ; overlayable items in internal ram 
                      00095 ;--------------------------------------------------------
                      00096 ;       udata_ovr
                      00097 ;--------------------------------------------------------
                      00098 ; code
                      00099 ;--------------------------------------------------------
                      00100 code_fs2slong   code
                      00101 ;***
                      00102 ;  pBlock Stats: dbName = C
                      00103 ;***
                      00104 ;entry:  ___fs2slong    ;Function start
                      00105 ; 2 exit points
                      00106 ;has an exit
                      00107 ;functions called:
                      00108 ;   ___fslt
                      00109 ;   ___fs2ulong
                      00110 ;   ___fs2ulong
                      00111 ;   ___fslt
                      00112 ;   ___fs2ulong
                      00113 ;   ___fs2ulong
                      00114 ;15 compiler assigned registers:
                      00115 ;   r0x1000
                      00116 ;   STK00
                      00117 ;   r0x1001
                      00118 ;   STK01
                      00119 ;   r0x1002
                      00120 ;   STK02
                      00121 ;   r0x1003
                      00122 ;   STK06
                      00123 ;   STK05
                      00124 ;   STK04
                      00125 ;   STK03
                      00126 ;   r0x1004
                      00127 ;   r0x1005
                      00128 ;   r0x1006
                      00129 ;   r0x1007
                      00130 ;; Starting pCode block
                      00131 ;;[ICODE] ../../libsdcc_mc32/fs2slong.c:33:  _entry($7) :
                      00132 ;;[ICODE] ../../libsdcc_mc32/fs2slong.c:33:     proc ___fs2slong [k1 lr0:0 so:0]{ ia0 a2p0 re0 rm0 nos0 ru0 dp0}{long-int function ( float fixed) fixed}
0000                  00133 ___fs2slong     ;Function start
                      00134 ; 2 exit points
                      00135 ;;[ICODE] ../../libsdcc_mc32/fs2slong.c:33: iTemp0 [k2 lr3:17 so:0]{ ia0 a2p0 re1 rm0 nos0 ru0 dp0}{float fixed}{ sir@ ___fs2slong_f_1_21}[r0x1000 r0x1001 r0x1002 r0x1003 ] = recv ___fs2slong [k1 lr0:0 so:0]{ ia0 a2p0 re0 rm0 nos0 ru0 dp0}{long-int function ( float fixed) fixed}
                      00136 ;       .line   33; "../../libsdcc_mc32/fs2slong.c"     signed long __fs2slong (float f) _FS_REENTRANT
0000   5600           00137         MOVRA   r0x1000
0001   5800           00138         MOVAR   STK00
0002   5600           00139         MOVRA   r0x1001
0003   5800           00140         MOVAR   STK01
0004   5600           00141         MOVRA   r0x1002
0005   5800           00142         MOVAR   STK02
0006   5600           00143         MOVRA   r0x1003
                      00144 ;;[ICODE] ../../libsdcc_mc32/fs2slong.c:36:     if iTemp0 [k2 lr3:17 so:0]{ ia0 a2p0 re1 rm0 nos0 ru0 dp0}{float fixed}{ sir@ ___fs2slong_f_1_21}[r0x1000 r0x1001 r0x1002 r0x1003 ] != 0 goto _iffalse_0($2)
                      00145 ;       .line   36; "../../libsdcc_mc32/fs2slong.c"     if (!f)
0007   5800           00146         MOVAR   r0x1003
0008   5C00           00147         ORAR    r0x1002
0009   5C00           00148         ORAR    r0x1001
000A   5C00           00149         ORAR    r0x1000
000B   E587           00150         JBSET   PFLAG,2
000C   A000           00151         GOTO    _00106_DS_
                      00152 ;;[ICODE] ../../libsdcc_mc32/fs2slong.c:37:     ret 0x0 {long-int literal}
                      00153 ;       .line   37; "../../libsdcc_mc32/fs2slong.c"     return 0;
000D   3C00           00154         MOVAI   0x00
000E   5600           00155         MOVRA   STK02
000F   3C00           00156         MOVAI   0x00
0010   5600           00157         MOVRA   STK01
0011   3C00           00158         MOVAI   0x00
0012   5600           00159         MOVRA   STK00
0013   3C00           00160         MOVAI   0x00
0014   A000           00161         GOTO    _00110_DS_
                      00162 ;;[ICODE] ../../libsdcc_mc32/fs2slong.c:37:  _iffalse_0($2) :
                      00163 ;;[ICODE] ../../libsdcc_mc32/fs2slong.c:39:     send iTemp0 [k2 lr3:17 so:0]{ ia0 a2p0 re1 rm0 nos0 ru0 dp0}{float fixed}{ sir@ ___fs2slong_f_1_21}[r0x1000 r0x1001 r0x1002 r0x1003 ]{argreg = 1}
                      00164 ;;[ICODE] ../../libsdcc_mc32/fs2slong.c:39:     send 0 {float literal}{argreg = 1}
                      00165 ;;[ICODE] ../../libsdcc_mc32/fs2slong.c:39:     iTemp1 [k4 lr9:10 so:0]{ ia0 a2p0 re0 rm0 nos0 ru0 dp0}{char fixed}[r0x1004 ] = call ___fslt [k11 lr0:0 so:0]{ ia0 a2p0 re0 rm0 nos0 ru0 dp0}{char function ( float fixed, float fixed) fixed}
0015                  00166 _00106_DS_
                      00167 ;       .line   39; "../../libsdcc_mc32/fs2slong.c"     if (f<0) {
0015   3C00           00168         MOVAI   0x00
0016   5600           00169         MOVRA   STK06
0017   3C00           00170         MOVAI   0x00
0018   5600           00171         MOVRA   STK05
0019   3C00           00172         MOVAI   0x00
001A   5600           00173         MOVRA   STK04
001B   3C00           00174         MOVAI   0x00
001C   5600           00175         MOVRA   STK03
001D   5800           00176         MOVAR   r0x1003
001E   5600           00177         MOVRA   STK02
001F   5800           00178         MOVAR   r0x1002
0020   5600           00179         MOVRA   STK01
0021   5800           00180         MOVAR   r0x1001
0022   5600           00181         MOVRA   STK00
0023   5800           00182         MOVAR   r0x1000
0024   8000           00183         CALL    ___fslt
0025   5600           00184         MOVRA   r0x1004
                      00185 ;;[ICODE] ../../libsdcc_mc32/fs2slong.c:39:     if iTemp1 [k4 lr9:10 so:0]{ ia0 a2p0 re0 rm0 nos0 ru0 dp0}{char fixed}[r0x1004 ] == 0 goto _iffalse_1($4)
0026   3C00           00186         MOVAI   0x00
0027   5C00           00187         ORAR    r0x1004
0028   F587           00188         JBCLR   PFLAG,2
0029   A000           00189         GOTO    _00108_DS_
                      00190 ;;[ICODE] ../../libsdcc_mc32/fs2slong.c:40:     iTemp2 [k6 lr11:12 so:0]{ ia0 a2p0 re0 rm0 nos0 ru1 dp0}{float fixed}[r0x1004 r0x1005 r0x1006 r0x1007 ] = - iTemp0 [k2 lr3:17 so:0]{ ia0 a2p0 re1 rm0 nos0 ru0 dp0}{float fixed}{ sir@ ___fs2slong_f_1_21}[r0x1000 r0x1001 r0x1002 r0x1003 ]
                      00191 ;       .line   40; "../../libsdcc_mc32/fs2slong.c"     return -__fs2ulong(-f);
002A   5800           00192         MOVAR   r0x1000
002B   3980           00193         XORAI   0x80
002C   5600           00194         MOVRA   r0x1005
                      00195 ;;104   MOVAR   r0x1001
                      00196 ;;102   MOVAR   r0x1002
                      00197 ;;100   MOVAR   r0x1003
                      00198 ;;[ICODE] ../../libsdcc_mc32/fs2slong.c:40:     send iTemp2 [k6 lr11:12 so:0]{ ia0 a2p0 re0 rm0 nos0 ru1 dp0}{float fixed}[r0x1004 r0x1005 r0x1006 r0x1007 ]{argreg = 1}
                      00199 ;;[ICODE] ../../libsdcc_mc32/fs2slong.c:40:     iTemp3 [k8 lr13:14 so:0]{ ia0 a2p0 re0 rm0 nos0 ru0 dp0}{unsigned-long-int fixed}[r0x1004 r0x1005 r0x1006 r0x1007 ] = call ___fs2ulong [k5 lr0:0 so:0]{ ia0 a2p0 re0 rm0 nos0 ru0 dp0}{unsigned-long-int function ( float fixed) fixed}
                      00200 ;;99    MOVAR   r0x1004
002D   5800           00201         MOVAR   r0x1003
002E   5600           00202         MOVRA   r0x1004
002F   5600           00203         MOVRA   STK02
                      00204 ;;101   MOVAR   r0x1007
0030   5800           00205         MOVAR   r0x1002
0031   5600           00206         MOVRA   r0x1007
0032   5600           00207         MOVRA   STK01
                      00208 ;;103   MOVAR   r0x1006
0033   5800           00209         MOVAR   r0x1001
0034   5600           00210         MOVRA   r0x1006
0035   5600           00211         MOVRA   STK00
0036   5800           00212         MOVAR   r0x1005
0037   8000           00213         CALL    ___fs2ulong
0038   5600           00214         MOVRA   r0x1005
0039   5800           00215         MOVAR   STK00
003A   5600           00216         MOVRA   r0x1006
003B   5800           00217         MOVAR   STK01
003C   5600           00218         MOVRA   r0x1007
003D   5800           00219         MOVAR   STK02
003E   5600           00220         MOVRA   r0x1004
                      00221 ;;[ICODE] ../../libsdcc_mc32/fs2slong.c:40:     iTemp4 [k9 lr14:15 so:0]{ ia0 a2p0 re0 rm0 nos0 ru1 dp0}{unsigned-long-int fixed}[r0x1004 r0x1005 r0x1006 r0x1007 ] = - iTemp3 [k8 lr13:14 so:0]{ ia0 a2p0 re0 rm0 nos0 ru0 dp0}{unsigned-long-int fixed}[r0x1004 r0x1005 r0x1006 r0x1007 ]
003F   7200           00222         COMR    r0x1004
0040   7200           00223         COMR    r0x1007
0041   7200           00224         COMR    r0x1006
0042   7200           00225         COMR    r0x1005
0043   6600           00226         INCR    r0x1004
0044   F587           00227         JBCLR   PFLAG,2
0045   6600           00228         INCR    r0x1007
0046   F587           00229         JBCLR   PFLAG,2
0047   6600           00230         INCR    r0x1006
0048   F587           00231         JBCLR   PFLAG,2
0049   6600           00232         INCR    r0x1005
                      00233 ;;[ICODE] ../../libsdcc_mc32/fs2slong.c:40:     ret iTemp4 [k9 lr14:15 so:0]{ ia0 a2p0 re0 rm0 nos0 ru1 dp0}{unsigned-long-int fixed}[r0x1004 r0x1005 r0x1006 r0x1007 ]
004A   5800           00234         MOVAR   r0x1004
004B   5600           00235         MOVRA   STK02
004C   5800           00236         MOVAR   r0x1007
004D   5600           00237         MOVRA   STK01
004E   5800           00238         MOVAR   r0x1006
004F   5600           00239         MOVRA   STK00
0050   5800           00240         MOVAR   r0x1005
0051   A000           00241         GOTO    _00110_DS_
                      00242 ;;[ICODE] ../../libsdcc_mc32/fs2slong.c:40:  _iffalse_1($4) :
                      00243 ;;[ICODE] ../../libsdcc_mc32/fs2slong.c:42:     send iTemp0 [k2 lr3:17 so:0]{ ia0 a2p0 re1 rm0 nos0 ru0 dp0}{float fixed}{ sir@ ___fs2slong_f_1_21}[r0x1000 r0x1001 r0x1002 r0x1003 ]{argreg = 1}
                      00244 ;;[ICODE] ../../libsdcc_mc32/fs2slong.c:42:     iTemp5 [k10 lr18:19 so:0]{ ia0 a2p0 re0 rm0 nos0 ru1 dp0}{unsigned-long-int fixed}[r0x1000 r0x1001 r0x1002 r0x1003 ] = call ___fs2ulong [k5 lr0:0 so:0]{ ia0 a2p0 re0 rm0 nos0 ru0 dp0}{unsigned-long-int function ( float fixed) fixed}
0052                  00245 _00108_DS_
                      00246 ;       .line   42; "../../libsdcc_mc32/fs2slong.c"     return __fs2ulong(f);
0052   5800           00247         MOVAR   r0x1003
0053   5600           00248         MOVRA   STK02
0054   5800           00249         MOVAR   r0x1002
0055   5600           00250         MOVRA   STK01
0056   5800           00251         MOVAR   r0x1001
0057   5600           00252         MOVRA   STK00
0058   5800           00253         MOVAR   r0x1000
0059   8000           00254         CALL    ___fs2ulong
005A   5600           00255         MOVRA   r0x1000
005B   5800           00256         MOVAR   STK00
005C   5600           00257         MOVRA   r0x1001
005D   5800           00258         MOVAR   STK01
005E   5600           00259         MOVRA   r0x1002
005F   5800           00260         MOVAR   STK02
0060   5600           00261         MOVRA   r0x1003
                      00262 ;;[ICODE] ../../libsdcc_mc32/fs2slong.c:42:     ret iTemp5 [k10 lr18:19 so:0]{ ia0 a2p0 re0 rm0 nos0 ru1 dp0}{unsigned-long-int fixed}[r0x1000 r0x1001 r0x1002 r0x1003 ]
0061   5800           00263         MOVAR   r0x1003
0062   5600           00264         MOVRA   STK02
0063   5800           00265         MOVAR   r0x1002
0064   5600           00266         MOVRA   STK01
0065   5800           00267         MOVAR   r0x1001
0066   5600           00268         MOVRA   STK00
0067   5800           00269         MOVAR   r0x1000
                      00270 ;;[ICODE] ../../libsdcc_mc32/fs2slong.c:42:  _return($6) :
                      00271 ;;[ICODE] ../../libsdcc_mc32/fs2slong.c:42:     eproc ___fs2slong [k1 lr0:0 so:0]{ ia0 a2p0 re0 rm0 nos0 ru0 dp0}{long-int function ( float fixed) fixed}
0068                  00272 _00110_DS_
0068   000C           00273         RETURN  
                      00274 ; exit point of ___fs2slong
                      00275 
                      00276 
                      00277 ;       code size estimation:
                      00278 ;         105+    0 =   105 instructions (  210 byte)
                      00279 
                      00280         end
gpasm-2.0.0_beta2 (Nov  6 2017)fs2slong.asm       2018-1-11  14:01:22          PAGE  2


SYMBOL TABLE
  LABEL                             VALUE

ADCHS0                            00000004
ADCHS1                            00000005
ADCHS2                            00000006
ADCHS3                            00000007
ADCKS0                            00000002
ADCKS1                            00000003
ADCR0                             000001B0
ADCR1                             000001B1
ADEOC                             00000001
ADIE                              00000006
ADIF                              00000006
ADON                              00000000
ADR0                              00000000
ADR1                              00000001
ADR10                             00000006
ADR11                             00000007
ADR2                              00000002
ADR3                              00000003
ADR4                              00000000
ADR5                              00000001
ADR6                              00000002
ADR7                              00000003
ADR8                              00000004
ADR9                              00000005
ADRH                              000001B4
ADRL                              000001B5
ANSEL                             00000193
BUZ0OE                            00000005
BUZ1OE                            00000005
C                                 00000000
CLKS                              00000002
DC                                00000001
FSR0                              00000184
FSR00                             00000000
FSR01                             00000001
FSR02                             00000002
FSR03                             00000003
FSR04                             00000004
FSR05                             00000005
FSR06                             00000006
FSR07                             00000007
FSR1                              00000185
FSR10                             00000000
FSR11                             00000001
FSR12                             00000002
FSR13                             00000003
FSR14                             00000004
FSR15                             00000005
FSR16                             00000006
FSR17                             00000007
GIE                               00000007
HFEN                              00000000
HIBYTE                            00000183
HIBYTE0                           00000000
HIBYTE1                           00000001
HIBYTE2                           00000002
HIBYTE3                           00000003
HIBYTE4                           00000004
HIBYTE5                           00000005
HIBYTE6                           00000006
HIBYTE7                           00000007
INDF0                             00000180
INDF00                            00000000
INDF01                            00000001
INDF02                            00000002
INDF03                            00000003
INDF04                            00000004
INDF05                            00000005
INDF06                            00000006
INDF07                            00000007
INDF1                             00000181
INDF10                            00000000
INDF11                            00000001
INDF12                            00000002
INDF13                            00000003
INDF14                            00000004
INDF15                            00000005
INDF16                            00000006
INDF17                            00000007
INDF2                             00000182
INDF20                            00000000
INDF21                            00000001
INDF22                            00000002
INDF23                            00000003
INDF24                            00000004
INDF25                            00000005
INDF26                            00000006
INDF27                            00000007
INDF3                             00000189
INDF30                            00000000
INDF31                            00000001
INDF32                            00000002
INDF33                            00000003
INDF34                            00000004
INDF35                            00000005
INDF36                            00000006
INDF37                            00000007
INT0IE                            00000002
INT0IF                            00000002
INT1IE                            00000003
INT1IF                            00000003
INTE                              0000018A
INTF                              0000018B
IOP0                              00000190
IOP1                              00000194
KBCR                              00000197
KBCR0                             00000000
KBCR1                             00000001
KBCR2                             00000002
KBCR3                             00000003
KBCR4                             00000004
KBCR5                             00000005
KBCR6                             00000006
KBIE                              00000004
KBIF                              00000004
LFEN                              00000001
LVDCR                             000001AF
LVDEN                             00000007
LVDF                              00000000
LVDS0                             00000004
LVDS1                             00000005
LVDS2                             00000006
MCR                               00000188
MINT00                            00000000
MINT01                            00000001
MINT10                            00000002
MINT11                            00000003
OEP0                              00000191
OEP1                              00000195
OSCCAL                            000001FB
OSCCAL0                           00000000
OSCCAL1                           00000001
OSCCAL2                           00000002
OSCCAL3                           00000003
OSCCAL4                           00000004
OSCCAL5                           00000005
OSCCAL6                           00000006
OSCCAL7                           00000007
OSCM                              000001AE
P00ANS                            00000000
P00D                              00000000
P00OE                             00000000
P00PU                             00000000
P01ANS                            00000001
P01D                              00000001
P01OE                             00000001
P01PU                             00000001
P02ANS                            00000002
P02D                              00000002
P02OE                             00000002
P02PU                             00000002
P03ANS                            00000003
P03D                              00000003
P03OE                             00000003
P03PU                             00000003
P04ANS                            00000004
P04D                              00000004
P04OE                             00000004
P04PU                             00000004
P10D                              00000000
P10OE                             00000000
P10PU                             00000000
P11D                              00000001
P11OE                             00000001
P11PU                             00000001
P12ANS                            00000005
P12D                              00000002
P12OE                             00000002
P12PU                             00000002
P13ANS                            00000006
P13D                              00000003
P13OE                             00000003
P13PU                             00000003
P14D                              00000004
P14OE                             00000004
P14PU                             00000004
P15D                              00000005
P15OE                             00000005
P15PU                             00000005
P16D                              00000006
P16OE                             00000006
P16PU                             00000006
PC0                               00000000
PC1                               00000001
PC2                               00000002
PC3                               00000003
PC4                               00000004
PC5                               00000005
PC6                               00000006
PC7                               00000007
PCL                               00000186
PD                                00000004
PFLAG                             00000187
PUP0                              00000192
PUP1                              00000196
PWM0OE                            00000006
PWM1OE                            00000006
STBH                              00000004
STBL                              00000005
STK00                             00000000
STK01                             00000000
STK02                             00000000
STK03                             00000000
STK04                             00000000
STK05                             00000000
STK06                             00000000
T0C0                              00000000
T0C1                              00000001
T0C2                              00000002
T0C3                              00000003
T0C4                              00000004
T0C5                              00000005
T0C6                              00000006
T0C7                              00000007
T0CNT                             000001A1
T0CR                              000001A0
T0DATA                            000001A3
T0DATA0                           00000000
T0DATA1                           00000001
T0DATA2                           00000002
T0DATA3                           00000003
T0DATA4                           00000004
T0DATA5                           00000005
T0DATA6                           00000006
T0DATA7                           00000007
T0IE                              00000000
T0IF                              00000000
T0LOAD                            000001A2
T0LOAD0                           00000000
T0LOAD1                           00000001
T0LOAD2                           00000002
T0LOAD3                           00000003
T0LOAD4                           00000004
T0LOAD5                           00000005
T0LOAD6                           00000006
T0LOAD7                           00000007
T0PR0                             00000000
T0PR1                             00000001
T0PR2                             00000002
T0PTS0                            00000003
T0PTS1                            00000004
T1C0                              00000000
T1C1                              00000001
T1C2                              00000002
T1C3                              00000003
T1C4                              00000004
T1C5                              00000005
T1C6                              00000006
T1C7                              00000007
T1CNT                             000001A5
T1CR                              000001A4
T1DATA                            000001A7
T1DATA0                           00000000
T1DATA1                           00000001
T1DATA2                           00000002
T1DATA3                           00000003
T1DATA4                           00000004
T1DATA5                           00000005
T1DATA6                           00000006
T1DATA7                           00000007
T1IE                              00000001
T1IF                              00000001
T1LOAD                            000001A6
T1LOAD0                           00000000
T1LOAD1                           00000001
T1LOAD2                           00000002
T1LOAD3                           00000003
T1LOAD4                           00000004
T1LOAD5                           00000005
T1LOAD6                           00000006
T1LOAD7                           00000007
T1PR0                             00000000
T1PR1                             00000001
T1PR2                             00000002
T1PTS0                            00000003
T1PTS1                            00000004
TC0EN                             00000007
TC1EN                             00000007
TO                                00000005
VRS0                              00000000
VRS1                              00000001
VRS2                              00000002
Z                                 00000002
_00106_DS_                        00000015
_00108_DS_                        00000052
_00110_DS_                        00000068
_CONFIG0                          00008000
_CONFIG1                          00008001
__32P21                           00000001
___fs2schar                       00000000
___fs2sint                        00000000
___fs2slong                       00000000
___fs2uchar                       00000000
___fs2uint                        00000000
___fs2ulong                       00000000
___fsadd                          00000000
___fsdiv                          00000000
___fseq                           00000000
___fsgt                           00000000
___fslt                           00000000
___fsmul                          00000000
___fsneq                          00000000
___fssub                          00000000
___schar2fs                       00000000
___sint2fs                        00000000
___slong2fs                       00000000
___uchar2fs                       00000000
___uint2fs                        00000000
___ulong2fs                       00000000
r0x1000                           00000003
r0x1001                           00000002
r0x1002                           00000001
r0x1003                           00000000
r0x1004                           00000004
r0x1005                           00000007
r0x1006                           00000006
r0x1007                           00000005

Errors   :     0
Warnings :     0 reported,     0 suppressed
Messages :     0 reported,     0 suppressed

