gpasm-2.0.0_beta2 (Nov  6 2017)fs2uint.asm        2018-1-12  10:28:20          PAGE  1


LOC  OBJECT CODE     LINE SOURCE TEXT
  VALUE

                      00001 ;--------------------------------------------------------
                      00002 ; File Created by SN-SDCC : SinoMCU ANSI-C Compiler
                      00003 ; Version 1.1.0 (Dec 19 2017) (MINGW32)
                      00004 ; This file was generated Fri Jan 12 10:28:20 2018
                      00005 ;--------------------------------------------------------
                      00006 ; MC32 port for the RISC core
                      00007 ;--------------------------------------------------------
                      00008 ;       .file   "../../libsdcc_mc32/fs2uint.c"
                      00009         list    p=3221
                      00010         radix dec
                      00011         include "3221.inc"
                      00001                 LIST
                      00002 ;mc32p7010.inc    Standard Header File, Version 1.00 by Sinomcu
                      00435                 LIST
                      00012 ;--------------------------------------------------------
                      00013 ; external declarations
                      00014 ;--------------------------------------------------------
                      00015         extern  ___uchar2fs
                      00016         extern  ___schar2fs
                      00017         extern  ___uint2fs
                      00018         extern  ___sint2fs
                      00019         extern  ___ulong2fs
                      00020         extern  ___slong2fs
                      00021         extern  ___fs2uchar
                      00022         extern  ___fs2schar
                      00023         extern  ___fs2sint
                      00024         extern  ___fs2slong
                      00025         extern  ___fsadd
                      00026         extern  ___fssub
                      00027         extern  ___fsmul
                      00028         extern  ___fsdiv
                      00029         extern  ___fslt
                      00030         extern  ___fseq
                      00031         extern  ___fsneq
                      00032         extern  ___fsgt
                      00033         extern  ___fs2ulong
                      00034 
                      00035         extern STK06
                      00036         extern STK05
                      00037         extern STK04
                      00038         extern STK03
                      00039         extern STK02
                      00040         extern STK01
                      00041         extern STK00
                      00042 ;--------------------------------------------------------
                      00043 ; global declarations
                      00044 ;--------------------------------------------------------
                      00045         global  ___fs2uint
                      00046 
                      00047 ;--------------------------------------------------------
                      00048 ; global definitions
                      00049 ;--------------------------------------------------------
                      00050 ;--------------------------------------------------------
                      00051 ; absolute symbol definitions
                      00052 ;--------------------------------------------------------
                      00053 ;--------------------------------------------------------
                      00054 ; compiler-defined variables
                      00055 ;--------------------------------------------------------
                      00056 UDL_fs2uint_0   udata
0000                  00057 r0x1003 res     1
0000                  00058 r0x1002 res     1
0001                  00059 r0x1001 res     1
0001                  00060 r0x1000 res     1
                      00061 ;--------------------------------------------------------
                      00062 ; initialized data
                      00063 ;--------------------------------------------------------
                      00064 
                      00065 ;@Allocation info for local variables in function '__fs2uint'
                      00066 ;@__fs2uint __uchar2fs                Allocated to registers ;size:2
                      00067 ;@__fs2uint __schar2fs                Allocated to registers ;size:2
                      00068 ;@__fs2uint __uint2fs                 Allocated to registers ;size:2
                      00069 ;@__fs2uint __sint2fs                 Allocated to registers ;size:2
                      00070 ;@__fs2uint __ulong2fs                Allocated to registers ;size:2
                      00071 ;@__fs2uint __slong2fs                Allocated to registers ;size:2
                      00072 ;@__fs2uint __fs2uchar                Allocated to registers ;size:2
                      00073 ;@__fs2uint __fs2schar                Allocated to registers ;size:2
                      00074 ;@__fs2uint __fs2sint                 Allocated to registers ;size:2
                      00075 ;@__fs2uint __fs2slong                Allocated to registers ;size:2
                      00076 ;@__fs2uint __fsadd                   Allocated to registers ;size:2
                      00077 ;@__fs2uint __fssub                   Allocated to registers ;size:2
                      00078 ;@__fs2uint __fsmul                   Allocated to registers ;size:2
                      00079 ;@__fs2uint __fsdiv                   Allocated to registers ;size:2
                      00080 ;@__fs2uint __fslt                    Allocated to registers ;size:2
                      00081 ;@__fs2uint __fseq                    Allocated to registers ;size:2
                      00082 ;@__fs2uint __fsneq                   Allocated to registers ;size:2
                      00083 ;@__fs2uint __fsgt                    Allocated to registers ;size:2
                      00084 ;@__fs2uint __fs2ulong                Allocated to registers ;size:2
                      00085 ;@__fs2uint f                         Allocated to registers r0x1003 r0x1002 r0x1001 r0x1000 ;size:4
                      00086 ;@__fs2uint ul                        Allocated to registers r0x1003 r0x1002 r0x1001 r0x1000 ;size:4
                      00087 ;@end Allocation info for local variables in function '__fs2uint';
                      00088 
                      00089 ;--------------------------------------------------------
                      00090 ; overlayable items in internal ram 
                      00091 ;--------------------------------------------------------
                      00092 ;       udata_ovr
                      00093 ;--------------------------------------------------------
                      00094 ; code
                      00095 ;--------------------------------------------------------
                      00096 code_fs2uint    code
                      00097 ;***
                      00098 ;  pBlock Stats: dbName = C
                      00099 ;***
                      00100 ;entry:  ___fs2uint     ;Function start
                      00101 ; 2 exit points
                      00102 ;has an exit
                      00103 ;functions called:
                      00104 ;   ___fs2ulong
                      00105 ;   ___fs2ulong
                      00106 ;9 compiler assigned registers:
                      00107 ;   r0x1000
                      00108 ;   STK00
                      00109 ;   r0x1001
                      00110 ;   STK01
                      00111 ;   r0x1002
                      00112 ;   STK02
                      00113 ;   r0x1003
                      00114 ;   r0x1004
                      00115 ;   r0x1005
                      00116 ;; Starting pCode block
                      00117 ;;[ICODE] ../../libsdcc_mc32/fs2uint.c:35:  _entry($4) :
                      00118 ;;[ICODE] ../../libsdcc_mc32/fs2uint.c:35:      proc ___fs2uint [k1 lr0:0 so:0]{ ia0 a2p0 re0 rm0 nos0 ru0 dp0}{unsigned-int function ( float fixed) fixed}
0000                  00119 ___fs2uint      ;Function start
                      00120 ; 2 exit points
                      00121 ;;[ICODE] ../../libsdcc_mc32/fs2uint.c:35: iTemp0 [k2 lr3:4 so:0]{ ia0 a2p0 re1 rm0 nos0 ru1 dp0}{float fixed}{ sir@ ___fs2uint_f_1_22}[r0x1000 r0x1001 r0x1002 r0x1003 ] = recv ___fs2uint [k1 lr0:0 so:0]{ ia0 a2p0 re0 rm0 nos0 ru0 dp0}{unsigned-int function ( float fixed) fixed}
                      00122 ;       .line   35; "../../libsdcc_mc32/fs2uint.c"      unsigned int __fs2uint (float f) _FS_REENTRANT
0000   5600           00123         MOVRA   r0x1000
0001   5800           00124         MOVAR   STK00
0002   5600           00125         MOVRA   r0x1001
0003   5800           00126         MOVAR   STK01
0004   5600           00127         MOVRA   r0x1002
0005   5800           00128         MOVAR   STK02
0006   5600           00129         MOVRA   r0x1003
                      00130 ;;[ICODE] ../../libsdcc_mc32/fs2uint.c:37:      send iTemp0 [k2 lr3:4 so:0]{ ia0 a2p0 re1 rm0 nos0 ru1 dp0}{float fixed}{ sir@ ___fs2uint_f_1_22}[r0x1000 r0x1001 r0x1002 r0x1003 ]{argreg = 1}
                      00131 ;;[ICODE] ../../libsdcc_mc32/fs2uint.c:37:      iTemp1 [k4 lr5:11 so:0]{ ia0 a2p0 re1 rm0 nos0 ru0 dp0}{unsigned-long-int fixed}{ sir@ ___fs2uint_ul_1_23}[r0x1000 r0x1001 r0x1002 r0x1003 ] = call ___fs2ulong [k6 lr0:0 so:0]{ ia0 a2p0 re0 rm0 nos0 ru0 dp0}{unsigned-long-int function ( float fixed) fixed}
                      00132 ;       .line   37; "../../libsdcc_mc32/fs2uint.c"      unsigned long ul=__fs2ulong(f);
0007   5800           00133         MOVAR   r0x1003
0008   5600           00134         MOVRA   STK02
0009   5800           00135         MOVAR   r0x1002
000A   5600           00136         MOVRA   STK01
000B   5800           00137         MOVAR   r0x1001
000C   5600           00138         MOVRA   STK00
000D   5800           00139         MOVAR   r0x1000
000E   8000           00140         CALL    ___fs2ulong
000F   5600           00141         MOVRA   r0x1000
0010   5800           00142         MOVAR   STK00
0011   5600           00143         MOVRA   r0x1001
0012   5800           00144         MOVAR   STK01
0013   5600           00145         MOVRA   r0x1002
0014   5800           00146         MOVAR   STK02
0015   5600           00147         MOVRA   r0x1003
                      00148 ;;[ICODE] ../../libsdcc_mc32/fs2uint.c:38:      iTemp3 [k9 lr7:8 so:0]{ ia0 a2p0 re0 rm0 nos0 ru0 dp0}{char fixed} = iTemp1 [k4 lr5:11 so:0]{ ia0 a2p0 re1 rm0 nos0 ru0 dp0}{unsigned-long-int fixed}{ sir@ ___fs2uint_ul_1_23}[r0x1000 r0x1001 r0x1002 r0x1003 ] < 0xffff {unsigned-long-int literal}
                      00149 ;;unsigned compare: left < lit(0xFFFF=65535), size=4
                      00150 ;       .line   38; "../../libsdcc_mc32/fs2uint.c"      if (ul>=UINT_MAX) return UINT_MAX;
0016   3C00           00151         MOVAI   0x00
0017   4800           00152         RSUBAR  r0x1000
0018   E587           00153         JBSET   PFLAG,2
0019   A000           00154         GOTO    _00111_DS_
001A   3C00           00155         MOVAI   0x00
001B   4800           00156         RSUBAR  r0x1001
001C   E587           00157         JBSET   PFLAG,2
001D   A000           00158         GOTO    _00111_DS_
001E   3CFF           00159         MOVAI   0xff
001F   4800           00160         RSUBAR  r0x1002
0020   E587           00161         JBSET   PFLAG,2
0021   A000           00162         GOTO    _00111_DS_
0022   3CFF           00163         MOVAI   0xff
0023   4800           00164         RSUBAR  r0x1003
0024                  00165 _00111_DS_
0024   E187           00166         JBSET   PFLAG,0
0025   A000           00167         GOTO    _00106_DS_
                      00168 ;;genSkipc:3195: created from rifx:00DE608C
                      00169 ;;[ICODE] ../../libsdcc_mc32/fs2uint.c:38:      if iTemp3 [k9 lr7:8 so:0]{ ia0 a2p0 re0 rm0 nos0 ru0 dp0}{char fixed} != 0 goto _iffalse_0($2)
                      00170 ;;[ICODE] ../../libsdcc_mc32/fs2uint.c:38:      ret 0xffff {const-unsigned-int literal}
0026   3CFF           00171         MOVAI   0xff
0027   5600           00172         MOVRA   STK00
0028   3CFF           00173         MOVAI   0xff
0029   A000           00174         GOTO    _00107_DS_
                      00175 ;;[ICODE] ../../libsdcc_mc32/fs2uint.c:38:  _iffalse_0($2) :
                      00176 ;;[ICODE] ../../libsdcc_mc32/fs2uint.c:39:      iTemp4 [k10 lr11:12 so:0]{ ia0 a2p0 re0 rm0 nos0 ru1 dp0}{unsigned-int fixed}[r0x1004 r0x1005 ] = (unsigned-int fixed)iTemp1 [k4 lr5:11 so:0]{ ia0 a2p0 re1 rm0 nos0 ru0 dp0}{unsigned-long-int fixed}{ sir@ ___fs2uint_ul_1_23}[r0x1000 r0x1001 r0x1002 r0x1003 ]
                      00177 ;;101   MOVAR   r0x1003
                      00178 ;;99    MOVRA   r0x1004
                      00179 ;;104   MOVAR   r0x1002
                      00180 ;;102   MOVRA   r0x1005
                      00181 ;;[ICODE] ../../libsdcc_mc32/fs2uint.c:39:      ret iTemp4 [k10 lr11:12 so:0]{ ia0 a2p0 re0 rm0 nos0 ru1 dp0}{unsigned-int fixed}[r0x1004 r0x1005 ]
                      00182 ;;100   MOVAR   r0x1004
002A                  00183 _00106_DS_
                      00184 ;       .line   39; "../../libsdcc_mc32/fs2uint.c"      return ul;
002A   5800           00185         MOVAR   r0x1003
002B   5600           00186         MOVRA   STK00
                      00187 ;;103   MOVAR   r0x1005
002C   5800           00188         MOVAR   r0x1002
                      00189 ;;[ICODE] ../../libsdcc_mc32/fs2uint.c:39:  _return($3) :
                      00190 ;;[ICODE] ../../libsdcc_mc32/fs2uint.c:39:      eproc ___fs2uint [k1 lr0:0 so:0]{ ia0 a2p0 re0 rm0 nos0 ru0 dp0}{unsigned-int function ( float fixed) fixed}
002D                  00191 _00107_DS_
002D   000C           00192         RETURN  
                      00193 ; exit point of ___fs2uint
                      00194 
                      00195 
                      00196 ;       code size estimation:
                      00197 ;          46+    0 =    46 instructions (   92 byte)
                      00198 
                      00199         end
gpasm-2.0.0_beta2 (Nov  6 2017)fs2uint.asm        2018-1-12  10:28:20          PAGE  2


SYMBOL TABLE
  LABEL                             VALUE

ADCHS0                            00000004
ADCHS1                            00000005
ADCHS2                            00000006
ADCHS3                            00000007
ADCKS0                            00000002
ADCKS1                            00000003
ADCR0                             000001B0
ADCR1                             000001B1
ADEOC                             00000001
ADIE                              00000006
ADIF                              00000006
ADON                              00000000
ADR0                              00000000
ADR1                              00000001
ADR10                             00000006
ADR11                             00000007
ADR2                              00000002
ADR3                              00000003
ADR4                              00000000
ADR5                              00000001
ADR6                              00000002
ADR7                              00000003
ADR8                              00000004
ADR9                              00000005
ADRH                              000001B4
ADRL                              000001B5
ANSEL                             00000193
BUZ0OE                            00000005
BUZ1OE                            00000005
C                                 00000000
CLKS                              00000002
DC                                00000001
FSR0                              00000184
FSR00                             00000000
FSR01                             00000001
FSR02                             00000002
FSR03                             00000003
FSR04                             00000004
FSR05                             00000005
FSR06                             00000006
FSR07                             00000007
FSR1                              00000185
FSR10                             00000000
FSR11                             00000001
FSR12                             00000002
FSR13                             00000003
FSR14                             00000004
FSR15                             00000005
FSR16                             00000006
FSR17                             00000007
GIE                               00000007
HFEN                              00000000
HIBYTE                            00000183
HIBYTE0                           00000000
HIBYTE1                           00000001
HIBYTE2                           00000002
HIBYTE3                           00000003
HIBYTE4                           00000004
HIBYTE5                           00000005
HIBYTE6                           00000006
HIBYTE7                           00000007
INDF0                             00000180
INDF00                            00000000
INDF01                            00000001
INDF02                            00000002
INDF03                            00000003
INDF04                            00000004
INDF05                            00000005
INDF06                            00000006
INDF07                            00000007
INDF1                             00000181
INDF10                            00000000
INDF11                            00000001
INDF12                            00000002
INDF13                            00000003
INDF14                            00000004
INDF15                            00000005
INDF16                            00000006
INDF17                            00000007
INDF2                             00000182
INDF20                            00000000
INDF21                            00000001
INDF22                            00000002
INDF23                            00000003
INDF24                            00000004
INDF25                            00000005
INDF26                            00000006
INDF27                            00000007
INDF3                             00000189
INDF30                            00000000
INDF31                            00000001
INDF32                            00000002
INDF33                            00000003
INDF34                            00000004
INDF35                            00000005
INDF36                            00000006
INDF37                            00000007
INT0IE                            00000002
INT0IF                            00000002
INT1IE                            00000003
INT1IF                            00000003
INTE                              0000018A
INTF                              0000018B
IOP0                              00000190
IOP1                              00000194
KBCR                              00000197
KBCR0                             00000000
KBCR1                             00000001
KBCR2                             00000002
KBCR3                             00000003
KBCR4                             00000004
KBCR5                             00000005
KBCR6                             00000006
KBIE                              00000004
KBIF                              00000004
LFEN                              00000001
LVDCR                             000001AF
LVDEN                             00000007
LVDF                              00000000
LVDS0                             00000004
LVDS1                             00000005
LVDS2                             00000006
MCR                               00000188
MINT00                            00000000
MINT01                            00000001
MINT10                            00000002
MINT11                            00000003
OEP0                              00000191
OEP1                              00000195
OSCCAL                            000001FB
OSCCAL0                           00000000
OSCCAL1                           00000001
OSCCAL2                           00000002
OSCCAL3                           00000003
OSCCAL4                           00000004
OSCCAL5                           00000005
OSCCAL6                           00000006
OSCCAL7                           00000007
OSCM                              000001AE
P00ANS                            00000000
P00D                              00000000
P00OE                             00000000
P00PU                             00000000
P01ANS                            00000001
P01D                              00000001
P01OE                             00000001
P01PU                             00000001
P02ANS                            00000002
P02D                              00000002
P02OE                             00000002
P02PU                             00000002
P03ANS                            00000003
P03D                              00000003
P03OE                             00000003
P03PU                             00000003
P04ANS                            00000004
P04D                              00000004
P04OE                             00000004
P04PU                             00000004
P10D                              00000000
P10OE                             00000000
P10PU                             00000000
P11D                              00000001
P11OE                             00000001
P11PU                             00000001
P12ANS                            00000005
P12D                              00000002
P12OE                             00000002
P12PU                             00000002
P13ANS                            00000006
P13D                              00000003
P13OE                             00000003
P13PU                             00000003
P14D                              00000004
P14OE                             00000004
P14PU                             00000004
P15D                              00000005
P15OE                             00000005
P15PU                             00000005
P16D                              00000006
P16OE                             00000006
P16PU                             00000006
PC0                               00000000
PC1                               00000001
PC2                               00000002
PC3                               00000003
PC4                               00000004
PC5                               00000005
PC6                               00000006
PC7                               00000007
PCL                               00000186
PD                                00000004
PFLAG                             00000187
PUP0                              00000192
PUP1                              00000196
PWM0OE                            00000006
PWM1OE                            00000006
STBH                              00000004
STBL                              00000005
STK00                             00000000
STK01                             00000000
STK02                             00000000
STK03                             00000000
STK04                             00000000
STK05                             00000000
STK06                             00000000
T0C0                              00000000
T0C1                              00000001
T0C2                              00000002
T0C3                              00000003
T0C4                              00000004
T0C5                              00000005
T0C6                              00000006
T0C7                              00000007
T0CNT                             000001A1
T0CR                              000001A0
T0DATA                            000001A3
T0DATA0                           00000000
T0DATA1                           00000001
T0DATA2                           00000002
T0DATA3                           00000003
T0DATA4                           00000004
T0DATA5                           00000005
T0DATA6                           00000006
T0DATA7                           00000007
T0IE                              00000000
T0IF                              00000000
T0LOAD                            000001A2
T0LOAD0                           00000000
T0LOAD1                           00000001
T0LOAD2                           00000002
T0LOAD3                           00000003
T0LOAD4                           00000004
T0LOAD5                           00000005
T0LOAD6                           00000006
T0LOAD7                           00000007
T0PR0                             00000000
T0PR1                             00000001
T0PR2                             00000002
T0PTS0                            00000003
T0PTS1                            00000004
T1C0                              00000000
T1C1                              00000001
T1C2                              00000002
T1C3                              00000003
T1C4                              00000004
T1C5                              00000005
T1C6                              00000006
T1C7                              00000007
T1CNT                             000001A5
T1CR                              000001A4
T1DATA                            000001A7
T1DATA0                           00000000
T1DATA1                           00000001
T1DATA2                           00000002
T1DATA3                           00000003
T1DATA4                           00000004
T1DATA5                           00000005
T1DATA6                           00000006
T1DATA7                           00000007
T1IE                              00000001
T1IF                              00000001
T1LOAD                            000001A6
T1LOAD0                           00000000
T1LOAD1                           00000001
T1LOAD2                           00000002
T1LOAD3                           00000003
T1LOAD4                           00000004
T1LOAD5                           00000005
T1LOAD6                           00000006
T1LOAD7                           00000007
T1PR0                             00000000
T1PR1                             00000001
T1PR2                             00000002
T1PTS0                            00000003
T1PTS1                            00000004
TC0EN                             00000007
TC1EN                             00000007
TO                                00000005
VRS0                              00000000
VRS1                              00000001
VRS2                              00000002
Z                                 00000002
_00106_DS_                        0000002A
_00107_DS_                        0000002D
_00111_DS_                        00000024
_CONFIG0                          00008000
_CONFIG1                          00008001
__32P21                           00000001
___fs2schar                       00000000
___fs2sint                        00000000
___fs2slong                       00000000
___fs2uchar                       00000000
___fs2uint                        00000000
___fs2ulong                       00000000
___fsadd                          00000000
___fsdiv                          00000000
___fseq                           00000000
___fsgt                           00000000
___fslt                           00000000
___fsmul                          00000000
___fsneq                          00000000
___fssub                          00000000
___schar2fs                       00000000
___sint2fs                        00000000
___slong2fs                       00000000
___uchar2fs                       00000000
___uint2fs                        00000000
___ulong2fs                       00000000
r0x1000                           00000003
r0x1001                           00000002
r0x1002                           00000001
r0x1003                           00000000

Errors   :     0
Warnings :     0 reported,     0 suppressed
Messages :     0 reported,     0 suppressed

