gpasm-2.0.0_beta2 (Nov  6 2017)fssub.asm          2018-1-12  10:28:25          PAGE  1


LOC  OBJECT CODE     LINE SOURCE TEXT
  VALUE

                      00001 ;--------------------------------------------------------
                      00002 ; File Created by SN-SDCC : SinoMCU ANSI-C Compiler
                      00003 ; Version 1.1.0 (Dec 19 2017) (MINGW32)
                      00004 ; This file was generated Fri Jan 12 10:28:24 2018
                      00005 ;--------------------------------------------------------
                      00006 ; MC32 port for the RISC core
                      00007 ;--------------------------------------------------------
                      00008 ;       .file   "../../libsdcc_mc32/fssub.c"
                      00009         list    p=3221
                      00010         radix dec
                      00011         include "3221.inc"
                      00001                 LIST
                      00002 ;mc32p7010.inc    Standard Header File, Version 1.00 by Sinomcu
                      00435                 LIST
                      00012 ;--------------------------------------------------------
                      00013 ; external declarations
                      00014 ;--------------------------------------------------------
                      00015         extern  ___uchar2fs
                      00016         extern  ___schar2fs
                      00017         extern  ___uint2fs
                      00018         extern  ___sint2fs
                      00019         extern  ___ulong2fs
                      00020         extern  ___slong2fs
                      00021         extern  ___fs2uchar
                      00022         extern  ___fs2schar
                      00023         extern  ___fs2uint
                      00024         extern  ___fs2sint
                      00025         extern  ___fs2ulong
                      00026         extern  ___fs2slong
                      00027         extern  ___fsadd
                      00028         extern  ___fsmul
                      00029         extern  ___fsdiv
                      00030         extern  ___fslt
                      00031         extern  ___fseq
                      00032         extern  ___fsneq
                      00033         extern  ___fsgt
                      00034 
                      00035         extern STK06
                      00036         extern STK05
                      00037         extern STK04
                      00038         extern STK03
                      00039         extern STK02
                      00040         extern STK01
                      00041         extern STK00
                      00042 ;--------------------------------------------------------
                      00043 ; global declarations
                      00044 ;--------------------------------------------------------
                      00045         global  ___fssub
                      00046 
                      00047 ;--------------------------------------------------------
                      00048 ; global definitions
                      00049 ;--------------------------------------------------------
                      00050 ;--------------------------------------------------------
                      00051 ; absolute symbol definitions
                      00052 ;--------------------------------------------------------
                      00053 ;--------------------------------------------------------
                      00054 ; compiler-defined variables
                      00055 ;--------------------------------------------------------
                      00056 UDL_fssub_0     udata
0000                  00057 r0x100B res     1
0000                  00058 r0x100A res     1
0001                  00059 r0x1009 res     1
0001                  00060 r0x1008 res     1
0002                  00061 r0x100F res     1
0002                  00062 r0x100E res     1
0003                  00063 r0x100D res     1
0003                  00064 r0x100C res     1
0004                  00065 ___fssub_fl1_1_22       res     4
0006                  00066 ___fssub_fl2_1_22       res     4
                      00067 ;--------------------------------------------------------
                      00068 ; initialized data
                      00069 ;--------------------------------------------------------
                      00070 
                      00071 ;@Allocation info for local variables in function '__fssub'
                      00072 ;@__fssub __uchar2fs                Allocated to registers ;size:2
                      00073 ;@__fssub __schar2fs                Allocated to registers ;size:2
                      00074 ;@__fssub __uint2fs                 Allocated to registers ;size:2
                      00075 ;@__fssub __sint2fs                 Allocated to registers ;size:2
                      00076 ;@__fssub __ulong2fs                Allocated to registers ;size:2
                      00077 ;@__fssub __slong2fs                Allocated to registers ;size:2
                      00078 ;@__fssub __fs2uchar                Allocated to registers ;size:2
                      00079 ;@__fssub __fs2schar                Allocated to registers ;size:2
                      00080 ;@__fssub __fs2uint                 Allocated to registers ;size:2
                      00081 ;@__fssub __fs2sint                 Allocated to registers ;size:2
                      00082 ;@__fssub __fs2ulong                Allocated to registers ;size:2
                      00083 ;@__fssub __fs2slong                Allocated to registers ;size:2
                      00084 ;@__fssub __fsadd                   Allocated to registers ;size:2
                      00085 ;@__fssub __fsmul                   Allocated to registers ;size:2
                      00086 ;@__fssub __fsdiv                   Allocated to registers ;size:2
                      00087 ;@__fssub __fslt                    Allocated to registers ;size:2
                      00088 ;@__fssub __fseq                    Allocated to registers ;size:2
                      00089 ;@__fssub __fsneq                   Allocated to registers ;size:2
                      00090 ;@__fssub __fsgt                    Allocated to registers ;size:2
                      00091 ;@__fssub __fsadd                   Allocated to registers ;size:2
                      00092 ;@__fssub a2                        Allocated to registers r0x100F r0x100E r0x100D r0x100C ;size:4
                      00093 ;@__fssub a1                        Allocated to registers r0x100B r0x100A r0x1009 r0x1008 ;size:4
                      00094 ;@__fssub fl1                       Allocated to registers ;size:4
                      00095 ;@__fssub fl2                       Allocated to registers ;size:4
                      00096 ;@end Allocation info for local variables in function '__fssub';
                      00097 
                      00098 ;--------------------------------------------------------
                      00099 ; overlayable items in internal ram 
                      00100 ;--------------------------------------------------------
                      00101 ;       udata_ovr
                      00102 ;--------------------------------------------------------
                      00103 ; code
                      00104 ;--------------------------------------------------------
                      00105 code_fssub      code
                      00106 ;***
                      00107 ;  pBlock Stats: dbName = C
                      00108 ;***
                      00109 ;entry:  ___fssub       ;Function start
                      00110 ; 2 exit points
                      00111 ;has an exit
                      00112 ;functions called:
                      00113 ;   ___fsadd
                      00114 ;   ___fsadd
                      00115 ;15 compiler assigned registers:
                      00116 ;   r0x1008
                      00117 ;   STK00
                      00118 ;   r0x1009
                      00119 ;   STK01
                      00120 ;   r0x100A
                      00121 ;   STK02
                      00122 ;   r0x100B
                      00123 ;   STK03
                      00124 ;   r0x100C
                      00125 ;   STK04
                      00126 ;   r0x100D
                      00127 ;   STK05
                      00128 ;   r0x100E
                      00129 ;   STK06
                      00130 ;   r0x100F
                      00131 ;; Starting pCode block
                      00132 ;;[ICODE] ../../libsdcc_mc32/fssub.c:55:  _entry($6) :
                      00133 ;;[ICODE] ../../libsdcc_mc32/fssub.c:55:        proc ___fssub [k1 lr0:0 so:0]{ ia0 a2p0 re0 rm0 nos0 ru0 dp0}{float function ( float fixed, float fixed) fixed}
0000                  00134 ___fssub        ;Function start
                      00135 ; 2 exit points
                      00136 ;;[ICODE] ../../libsdcc_mc32/fssub.c:55: iTemp0 [k2 lr3:6 so:0]{ ia0 a2p0 re1 rm0 nos0 ru0 dp0}{float fixed}{ sir@ ___fssub_a1_1_21}[r0x1000 r0x1001 r0x1002 r0x1003 ] = recv ___fssub [k1 lr0:0 so:0]{ ia0 a2p0 re0 rm0 nos0 ru0 dp0}{float function ( float fixed, float fixed) fixed}
                      00137 ;       .line   55; "../../libsdcc_mc32/fssub.c"        float __fssub (float a1, float a2) _FS_REENTRANT
0000   5600           00138         MOVRA   r0x1008
0001   5800           00139         MOVAR   STK00
0002   5600           00140         MOVRA   r0x1009
0003   5800           00141         MOVAR   STK01
0004   5600           00142         MOVRA   r0x100A
0005   5800           00143         MOVAR   STK02
0006   5600           00144         MOVRA   (___fssub_fl1_1_22 + 0)
0007   5600           00145         MOVRA   r0x100B
                      00146 ;;[ICODE] ../../libsdcc_mc32/fssub.c:55: iTemp1 [k4 lr4:8 so:0]{ ia0 a2p0 re1 rm0 nos0 ru0 dp0}{float fixed}{ sir@ ___fssub_a2_1_21}[r0x1004 r0x1005 r0x1006 r0x1007 ] = recv ___fssub [k1 lr0:0 so:0]{ ia0 a2p0 re0 rm0 nos0 ru0 dp0}{float function ( float fixed, float fixed) fixed}
0008   5800           00147         MOVAR   STK03
0009   5600           00148         MOVRA   r0x100C
000A   5800           00149         MOVAR   STK04
000B   5600           00150         MOVRA   r0x100D
000C   5800           00151         MOVAR   STK05
000D   5600           00152         MOVRA   r0x100E
000E   5800           00153         MOVAR   STK06
000F   5600           00154         MOVRA   r0x100F
                      00155 ;;[ICODE] ../../libsdcc_mc32/fssub.c:59:        iTemp2 [k7 lr5:6 so:0]{ ia0 a2p0 re0 rm1 nos0 ru0 dp0}{volatile-float near* fixed}[remat] = &[___fssub_fl1_1_22 [k6 lr0:0 so:0]{ ia0 a2p0 re0 rm0 nos0 ru0 dp0}{volatile-struct float_long fixed}]
                      00156 ;;[ICODE] ../../libsdcc_mc32/fssub.c:59:        *(iTemp2 [k7 lr5:6 so:0]{ ia1 a2p0 re0 rm1 nos0 ru0 dp0}{volatile-float near* fixed}[remat]) := iTemp0 [k2 lr3:6 so:0]{ ia0 a2p0 re1 rm0 nos0 ru0 dp0}{float fixed}{ sir@ ___fssub_a1_1_21}[r0x1000 r0x1001 r0x1002 r0x1003 ]
                      00157 ;;gen.c:6374: size=3/4, offset=0, AOP_TYPE(res)=8
                      00158 ;;109   MOVAR   r0x100B
                      00159 ;;gen.c:6374: size=2/4, offset=1, AOP_TYPE(res)=8
                      00160 ;       .line   59; "../../libsdcc_mc32/fssub.c"        fl1.f = a1;
0010   5800           00161         MOVAR   r0x100A
0011   5600           00162         MOVRA   (___fssub_fl1_1_22 + 1)
                      00163 ;;gen.c:6374: size=1/4, offset=2, AOP_TYPE(res)=8
0012   5800           00164         MOVAR   r0x1009
0013   5600           00165         MOVRA   (___fssub_fl1_1_22 + 2)
                      00166 ;;gen.c:6374: size=0/4, offset=3, AOP_TYPE(res)=8
0014   5800           00167         MOVAR   r0x1008
0015   5600           00168         MOVRA   (___fssub_fl1_1_22 + 3)
                      00169 ;;[ICODE] ../../libsdcc_mc32/fssub.c:60:        iTemp4 [k11 lr7:8 so:0]{ ia0 a2p0 re0 rm1 nos0 ru0 dp0}{volatile-float near* fixed}[remat] = &[___fssub_fl2_1_22 [k10 lr0:0 so:0]{ ia0 a2p0 re0 rm0 nos0 ru0 dp0}{volatile-struct float_long fixed}]
                      00170 ;;[ICODE] ../../libsdcc_mc32/fssub.c:60:        *(iTemp4 [k11 lr7:8 so:0]{ ia1 a2p0 re0 rm1 nos0 ru0 dp0}{volatile-float near* fixed}[remat]) := iTemp1 [k4 lr4:8 so:0]{ ia0 a2p0 re1 rm0 nos0 ru0 dp0}{float fixed}{ sir@ ___fssub_a2_1_21}[r0x1004 r0x1005 r0x1006 r0x1007 ]
                      00171 ;;gen.c:6374: size=3/4, offset=0, AOP_TYPE(res)=8
                      00172 ;       .line   60; "../../libsdcc_mc32/fssub.c"        fl2.f = a2;
0016   5800           00173         MOVAR   r0x100F
0017   5600           00174         MOVRA   (___fssub_fl2_1_22 + 0)
                      00175 ;;gen.c:6374: size=2/4, offset=1, AOP_TYPE(res)=8
0018   5800           00176         MOVAR   r0x100E
0019   5600           00177         MOVRA   (___fssub_fl2_1_22 + 1)
                      00178 ;;gen.c:6374: size=1/4, offset=2, AOP_TYPE(res)=8
001A   5800           00179         MOVAR   r0x100D
001B   5600           00180         MOVRA   (___fssub_fl2_1_22 + 2)
                      00181 ;;gen.c:6374: size=0/4, offset=3, AOP_TYPE(res)=8
001C   5800           00182         MOVAR   r0x100C
001D   5600           00183         MOVRA   (___fssub_fl2_1_22 + 3)
                      00184 ;;[ICODE] ../../libsdcc_mc32/fssub.c:63:        iTemp6 [k14 lr9:10 so:0]{ ia0 a2p0 re0 rm1 nos0 ru0 dp0}{volatile-long-int near* fixed}[remat] = &[___fssub_fl2_1_22 [k10 lr0:0 so:0]{ ia0 a2p0 re0 rm0 nos0 ru0 dp0}{volatile-struct float_long fixed}]
                      00185 ;;[ICODE] ../../libsdcc_mc32/fssub.c:63:        iTemp8 [k17 lr10:11 so:0]{ ia0 a2p0 re0 rm0 nos0 ru0 dp0}{volatile-long-int fixed}[r0x1000 r0x1001 r0x1002 r0x1003 ] = @[iTemp6 [k14 lr9:10 so:0]{ ia1 a2p0 re0 rm1 nos0 ru0 dp0}{volatile-long-int near* fixed}[remat] + 0x0 {const-unsigned-char literal}]
                      00186 ;       .line   63; "../../libsdcc_mc32/fssub.c"        if (!fl2.l)
001E   5800           00187         MOVAR   (___fssub_fl2_1_22 + 0)
001F   5600           00188         MOVRA   r0x100B
0020   5800           00189         MOVAR   (___fssub_fl2_1_22 + 1)
0021   5600           00190         MOVRA   r0x100A
0022   5800           00191         MOVAR   (___fssub_fl2_1_22 + 2)
0023   5600           00192         MOVRA   r0x1009
0024   5800           00193         MOVAR   (___fssub_fl2_1_22 + 3)
0025   5600           00194         MOVRA   r0x1008
                      00195 ;;[ICODE] ../../libsdcc_mc32/fssub.c:63:        if iTemp8 [k17 lr10:11 so:0]{ ia0 a2p0 re0 rm0 nos0 ru0 dp0}{volatile-long-int fixed}[r0x1000 r0x1001 r0x1002 r0x1003 ] != 0 goto _iffalse_0($2)
0026   5800           00196         MOVAR   r0x100B
0027   5C00           00197         ORAR    r0x100A
0028   5C00           00198         ORAR    r0x1009
0029   5C00           00199         ORAR    r0x1008
002A   E587           00200         JBSET   PFLAG,2
002B   A000           00201         GOTO    _00106_DS_
                      00202 ;;[ICODE] ../../libsdcc_mc32/fssub.c:64:        iTemp9 [k18 lr12:13 so:0]{ ia0 a2p0 re0 rm1 nos0 ru0 dp0}{volatile-float near* fixed}[remat] = &[___fssub_fl1_1_22 [k6 lr0:0 so:0]{ ia0 a2p0 re0 rm0 nos0 ru0 dp0}{volatile-struct float_long fixed}]
                      00203 ;;[ICODE] ../../libsdcc_mc32/fssub.c:64:        iTemp11 [k21 lr13:14 so:0]{ ia0 a2p0 re0 rm0 nos0 ru1 dp0}{volatile-float fixed}[r0x1000 r0x1001 r0x1002 r0x1003 ] = @[iTemp9 [k18 lr12:13 so:0]{ ia1 a2p0 re0 rm1 nos0 ru0 dp0}{volatile-float near* fixed}[remat] + 0x0 {const-unsigned-char literal}]
                      00204 ;       .line   64; "../../libsdcc_mc32/fssub.c"        return (fl1.f);
002C   5800           00205         MOVAR   (___fssub_fl1_1_22 + 0)
002D   5600           00206         MOVRA   r0x100B
002E   5800           00207         MOVAR   (___fssub_fl1_1_22 + 1)
002F   5600           00208         MOVRA   r0x100A
0030   5800           00209         MOVAR   (___fssub_fl1_1_22 + 2)
0031   5600           00210         MOVRA   r0x1009
0032   5800           00211         MOVAR   (___fssub_fl1_1_22 + 3)
0033   5600           00212         MOVRA   r0x1008
                      00213 ;;[ICODE] ../../libsdcc_mc32/fssub.c:64:        ret iTemp11 [k21 lr13:14 so:0]{ ia0 a2p0 re0 rm0 nos0 ru1 dp0}{volatile-float fixed}[r0x1000 r0x1001 r0x1002 r0x1003 ]
0034   5800           00214         MOVAR   r0x100B
0035   5600           00215         MOVRA   STK02
0036   5800           00216         MOVAR   r0x100A
0037   5600           00217         MOVRA   STK01
0038   5800           00218         MOVAR   r0x1009
0039   5600           00219         MOVRA   STK00
003A   5800           00220         MOVAR   r0x1008
003B   A000           00221         GOTO    _00109_DS_
                      00222 ;;[ICODE] ../../libsdcc_mc32/fssub.c:64:  _iffalse_0($2) :
                      00223 ;;[ICODE] ../../libsdcc_mc32/fssub.c:65:        iTemp12 [k22 lr16:17 so:0]{ ia0 a2p0 re0 rm1 nos0 ru0 dp0}{volatile-long-int near* fixed}[remat] = &[___fssub_fl1_1_22 [k6 lr0:0 so:0]{ ia0 a2p0 re0 rm0 nos0 ru0 dp0}{volatile-struct float_long fixed}]
                      00224 ;;[ICODE] ../../libsdcc_mc32/fssub.c:65:        iTemp14 [k25 lr17:18 so:0]{ ia0 a2p0 re0 rm0 nos0 ru0 dp0}{volatile-long-int fixed}[r0x1000 r0x1001 r0x1002 r0x1003 ] = @[iTemp12 [k22 lr16:17 so:0]{ ia1 a2p0 re0 rm1 nos0 ru0 dp0}{volatile-long-int near* fixed}[remat] + 0x0 {const-unsigned-char literal}]
003C                  00225 _00106_DS_
                      00226 ;       .line   65; "../../libsdcc_mc32/fssub.c"        if (!fl1.l)
003C   5800           00227         MOVAR   (___fssub_fl1_1_22 + 0)
003D   5600           00228         MOVRA   r0x100B
003E   5800           00229         MOVAR   (___fssub_fl1_1_22 + 1)
003F   5600           00230         MOVRA   r0x100A
0040   5800           00231         MOVAR   (___fssub_fl1_1_22 + 2)
0041   5600           00232         MOVRA   r0x1009
0042   5800           00233         MOVAR   (___fssub_fl1_1_22 + 3)
0043   5600           00234         MOVRA   r0x1008
                      00235 ;;[ICODE] ../../libsdcc_mc32/fssub.c:65:        if iTemp14 [k25 lr17:18 so:0]{ ia0 a2p0 re0 rm0 nos0 ru0 dp0}{volatile-long-int fixed}[r0x1000 r0x1001 r0x1002 r0x1003 ] != 0 goto _iffalse_1($4)
0044   5800           00236         MOVAR   r0x100B
0045   5C00           00237         ORAR    r0x100A
0046   5C00           00238         ORAR    r0x1009
0047   5C00           00239         ORAR    r0x1008
0048   E587           00240         JBSET   PFLAG,2
0049   A000           00241         GOTO    _00108_DS_
                      00242 ;;[ICODE] ../../libsdcc_mc32/fssub.c:66:        iTemp15 [k26 lr19:20 so:0]{ ia0 a2p0 re0 rm1 nos0 ru0 dp0}{volatile-float near* fixed}[remat] = &[___fssub_fl2_1_22 [k10 lr0:0 so:0]{ ia0 a2p0 re0 rm0 nos0 ru0 dp0}{volatile-struct float_long fixed}]
                      00243 ;;[ICODE] ../../libsdcc_mc32/fssub.c:66:        iTemp17 [k29 lr20:21 so:0]{ ia0 a2p0 re0 rm0 nos0 ru0 dp0}{volatile-float fixed}[r0x1000 r0x1001 r0x1002 r0x1003 ] = @[iTemp15 [k26 lr19:20 so:0]{ ia1 a2p0 re0 rm1 nos0 ru0 dp0}{volatile-float near* fixed}[remat] + 0x0 {const-unsigned-char literal}]
                      00244 ;       .line   66; "../../libsdcc_mc32/fssub.c"        return (-fl2.f);
004A   5800           00245         MOVAR   (___fssub_fl2_1_22 + 0)
004B   5600           00246         MOVRA   r0x100B
004C   5800           00247         MOVAR   (___fssub_fl2_1_22 + 1)
004D   5600           00248         MOVRA   r0x100A
004E   5800           00249         MOVAR   (___fssub_fl2_1_22 + 2)
004F   5600           00250         MOVRA   r0x1009
0050   5800           00251         MOVAR   (___fssub_fl2_1_22 + 3)
0051   5600           00252         MOVRA   r0x1008
                      00253 ;;[ICODE] ../../libsdcc_mc32/fssub.c:66:        iTemp18 [k30 lr21:22 so:0]{ ia0 a2p0 re0 rm0 nos0 ru1 dp0}{volatile-float fixed}[r0x1000 r0x1001 r0x1002 r0x1003 ] = - iTemp17 [k29 lr20:21 so:0]{ ia0 a2p0 re0 rm0 nos0 ru0 dp0}{volatile-float fixed}[r0x1000 r0x1001 r0x1002 r0x1003 ]
0052   5800           00254         MOVAR   r0x1008
0053   3980           00255         XORAI   0x80
0054   5600           00256         MOVRA   r0x1008
0055   5800           00257         MOVAR   r0x1009
0056   5600           00258         MOVRA   r0x1009
0057   5800           00259         MOVAR   r0x100A
0058   5600           00260         MOVRA   r0x100A
0059   5800           00261         MOVAR   r0x100B
005A   5600           00262         MOVRA   r0x100B
                      00263 ;;[ICODE] ../../libsdcc_mc32/fssub.c:66:        ret iTemp18 [k30 lr21:22 so:0]{ ia0 a2p0 re0 rm0 nos0 ru1 dp0}{volatile-float fixed}[r0x1000 r0x1001 r0x1002 r0x1003 ]
005B   5800           00264         MOVAR   r0x100B
005C   5600           00265         MOVRA   STK02
005D   5800           00266         MOVAR   r0x100A
005E   5600           00267         MOVRA   STK01
005F   5800           00268         MOVAR   r0x1009
0060   5600           00269         MOVRA   STK00
0061   5800           00270         MOVAR   r0x1008
0062   A000           00271         GOTO    _00109_DS_
                      00272 ;;[ICODE] ../../libsdcc_mc32/fssub.c:66:  _iffalse_1($4) :
                      00273 ;;[ICODE] ../../libsdcc_mc32/fssub.c:69:        iTemp19 [k31 lr24:29 so:0]{ ia0 a2p0 re0 rm1 nos0 ru0 dp0}{volatile-long-int near* fixed}[remat] = &[___fssub_fl2_1_22 [k10 lr0:0 so:0]{ ia0 a2p0 re0 rm0 nos0 ru0 dp0}{volatile-struct float_long fixed}]
                      00274 ;;[ICODE] ../../libsdcc_mc32/fssub.c:69:        iTemp21 [k34 lr25:26 so:0]{ ia0 a2p0 re0 rm1 nos0 ru0 dp0}{volatile-long-int near* fixed}[remat] = &[___fssub_fl2_1_22 [k10 lr0:0 so:0]{ ia0 a2p0 re0 rm0 nos0 ru0 dp0}{volatile-struct float_long fixed}]
                      00275 ;;[ICODE] ../../libsdcc_mc32/fssub.c:69:        iTemp23 [k37 lr26:27 so:0]{ ia0 a2p0 re0 rm0 nos0 ru0 dp0}{volatile-long-int fixed}[r0x1000 r0x1001 r0x1002 r0x1003 ] = @[iTemp21 [k34 lr25:26 so:0]{ ia1 a2p0 re0 rm1 nos0 ru0 dp0}{volatile-long-int near* fixed}[remat] + 0x0 {const-unsigned-char literal}]
0063                  00276 _00108_DS_
                      00277 ;       .line   69; "../../libsdcc_mc32/fssub.c"        fl2.l ^= SIGNBIT;
0063   5800           00278         MOVAR   (___fssub_fl2_1_22 + 0)
0064   5600           00279         MOVRA   r0x100F
0065   5600           00280         MOVRA   r0x100B
0066   5800           00281         MOVAR   (___fssub_fl2_1_22 + 1)
0067   5600           00282         MOVRA   r0x100E
0068   5600           00283         MOVRA   r0x100A
0069   5800           00284         MOVAR   (___fssub_fl2_1_22 + 2)
006A   5600           00285         MOVRA   r0x100D
006B   5600           00286         MOVRA   r0x1009
006C   5800           00287         MOVAR   (___fssub_fl2_1_22 + 3)
006D   5600           00288         MOVRA   r0x100C
006E   5600           00289         MOVRA   r0x1008
                      00290 ;;[ICODE] ../../libsdcc_mc32/fssub.c:69:        iTemp24 [k38 lr27:28 so:0]{ ia0 a2p0 re0 rm0 nos0 ru0 dp0}{unsigned-long-int register}[r0x1004 r0x1005 r0x1006 r0x1007 ] = (unsigned-long-int register)iTemp23 [k37 lr26:27 so:0]{ ia0 a2p0 re0 rm0 nos0 ru0 dp0}{volatile-long-int fixed}[r0x1000 r0x1001 r0x1002 r0x1003 ]
                      00291 ;;106   MOVAR   r0x100B
                      00292 ;;107   MOVAR   r0x100A
                      00293 ;;108   MOVAR   r0x1009
                      00294 ;;105   MOVAR   r0x1008
                      00295 ;;[ICODE] ../../libsdcc_mc32/fssub.c:69:        iTemp25 [k39 lr28:29 so:0]{ ia0 a2p0 re0 rm0 nos0 ru0 dp0}{unsigned-long-int register}[r0x1000 r0x1001 r0x1002 r0x1003 ] = iTemp24 [k38 lr27:28 so:0]{ ia0 a2p0 re0 rm0 nos0 ru0 dp0}{unsigned-long-int register}[r0x1004 r0x1005 r0x1006 r0x1007 ] ^ 0x80000000 {unsigned-long-int literal}
                      00296 ;;100   MOVAR   r0x100F
                      00297 ;;102   MOVAR   r0x100E
                      00298 ;;104   MOVAR   r0x100D
006F   3C80           00299         MOVAI   0x80
0070   4000           00300         XORAR   r0x100C
0071   5600           00301         MOVRA   r0x1008
                      00302 ;;[ICODE] ../../libsdcc_mc32/fssub.c:69:        *(iTemp19 [k31 lr24:29 so:0]{ ia1 a2p0 re0 rm1 nos0 ru0 dp0}{volatile-long-int near* fixed}[remat]) := iTemp25 [k39 lr28:29 so:0]{ ia0 a2p0 re0 rm0 nos0 ru0 dp0}{unsigned-long-int register}[r0x1000 r0x1001 r0x1002 r0x1003 ]
                      00303 ;;gen.c:6374: size=3/4, offset=0, AOP_TYPE(res)=8
                      00304 ;;99    MOVAR   r0x100B
0072   5800           00305         MOVAR   r0x100F
0073   5600           00306         MOVRA   r0x100B
0074   5600           00307         MOVRA   (___fssub_fl2_1_22 + 0)
                      00308 ;;gen.c:6374: size=2/4, offset=1, AOP_TYPE(res)=8
                      00309 ;;101   MOVAR   r0x100A
0075   5800           00310         MOVAR   r0x100E
0076   5600           00311         MOVRA   r0x100A
0077   5600           00312         MOVRA   (___fssub_fl2_1_22 + 1)
                      00313 ;;gen.c:6374: size=1/4, offset=2, AOP_TYPE(res)=8
                      00314 ;;103   MOVAR   r0x1009
0078   5800           00315         MOVAR   r0x100D
0079   5600           00316         MOVRA   r0x1009
007A   5600           00317         MOVRA   (___fssub_fl2_1_22 + 2)
                      00318 ;;gen.c:6374: size=0/4, offset=3, AOP_TYPE(res)=8
007B   5800           00319         MOVAR   r0x1008
007C   5600           00320         MOVRA   (___fssub_fl2_1_22 + 3)
                      00321 ;;[ICODE] ../../libsdcc_mc32/fssub.c:70:        iTemp26 [k40 lr30:31 so:0]{ ia0 a2p0 re0 rm1 nos0 ru0 dp0}{volatile-float near* fixed}[remat] = &[___fssub_fl1_1_22 [k6 lr0:0 so:0]{ ia0 a2p0 re0 rm0 nos0 ru0 dp0}{volatile-struct float_long fixed}]
                      00322 ;;[ICODE] ../../libsdcc_mc32/fssub.c:70:        iTemp28 [k43 lr31:35 so:0]{ ia0 a2p0 re0 rm0 nos0 ru1 dp0}{volatile-float fixed}[r0x1000 r0x1001 r0x1002 r0x1003 ] = @[iTemp26 [k40 lr30:31 so:0]{ ia1 a2p0 re0 rm1 nos0 ru0 dp0}{volatile-float near* fixed}[remat] + 0x0 {const-unsigned-char literal}]
                      00323 ;       .line   70; "../../libsdcc_mc32/fssub.c"        return fl1.f + fl2.f; 
007D   5800           00324         MOVAR   (___fssub_fl1_1_22 + 0)
007E   5600           00325         MOVRA   r0x100B
007F   5800           00326         MOVAR   (___fssub_fl1_1_22 + 1)
0080   5600           00327         MOVRA   r0x100A
0081   5800           00328         MOVAR   (___fssub_fl1_1_22 + 2)
0082   5600           00329         MOVRA   r0x1009
0083   5800           00330         MOVAR   (___fssub_fl1_1_22 + 3)
0084   5600           00331         MOVRA   r0x1008
                      00332 ;;[ICODE] ../../libsdcc_mc32/fssub.c:70:        iTemp29 [k44 lr32:33 so:0]{ ia0 a2p0 re0 rm1 nos0 ru0 dp0}{volatile-float near* fixed}[remat] = &[___fssub_fl2_1_22 [k10 lr0:0 so:0]{ ia0 a2p0 re0 rm0 nos0 ru0 dp0}{volatile-struct float_long fixed}]
                      00333 ;;[ICODE] ../../libsdcc_mc32/fssub.c:70:        iTemp31 [k47 lr33:35 so:0]{ ia0 a2p0 re0 rm0 nos0 ru0 dp0}{volatile-float fixed}[r0x1004 r0x1005 r0x1006 r0x1007 ] = @[iTemp29 [k44 lr32:33 so:0]{ ia1 a2p0 re0 rm1 nos0 ru0 dp0}{volatile-float near* fixed}[remat] + 0x0 {const-unsigned-char literal}]
0085   5800           00334         MOVAR   (___fssub_fl2_1_22 + 0)
0086   5600           00335         MOVRA   r0x100F
0087   5800           00336         MOVAR   (___fssub_fl2_1_22 + 1)
0088   5600           00337         MOVRA   r0x100E
0089   5800           00338         MOVAR   (___fssub_fl2_1_22 + 2)
008A   5600           00339         MOVRA   r0x100D
008B   5800           00340         MOVAR   (___fssub_fl2_1_22 + 3)
008C   5600           00341         MOVRA   r0x100C
                      00342 ;;[ICODE] ../../libsdcc_mc32/fssub.c:70:        send iTemp28 [k43 lr31:35 so:0]{ ia0 a2p0 re0 rm0 nos0 ru1 dp0}{volatile-float fixed}[r0x1000 r0x1001 r0x1002 r0x1003 ]{argreg = 1}
                      00343 ;;[ICODE] ../../libsdcc_mc32/fssub.c:70:        send iTemp31 [k47 lr33:35 so:0]{ ia0 a2p0 re0 rm0 nos0 ru0 dp0}{volatile-float fixed}[r0x1004 r0x1005 r0x1006 r0x1007 ]{argreg = 1}
                      00344 ;;[ICODE] ../../libsdcc_mc32/fssub.c:70:        iTemp32 [k48 lr36:37 so:0]{ ia0 a2p0 re0 rm0 nos0 ru1 dp0}{float fixed}[r0x1000 r0x1001 r0x1002 r0x1003 ] = call ___fsadd [k49 lr0:0 so:0]{ ia0 a2p0 re0 rm0 nos0 ru0 dp0}{float function ( float fixed, float fixed) fixed}
008D   5800           00345         MOVAR   r0x100F
008E   5600           00346         MOVRA   STK06
008F   5800           00347         MOVAR   r0x100E
0090   5600           00348         MOVRA   STK05
0091   5800           00349         MOVAR   r0x100D
0092   5600           00350         MOVRA   STK04
0093   5800           00351         MOVAR   r0x100C
0094   5600           00352         MOVRA   STK03
0095   5800           00353         MOVAR   r0x100B
0096   5600           00354         MOVRA   STK02
0097   5800           00355         MOVAR   r0x100A
0098   5600           00356         MOVRA   STK01
0099   5800           00357         MOVAR   r0x1009
009A   5600           00358         MOVRA   STK00
009B   5800           00359         MOVAR   r0x1008
009C   8000           00360         CALL    ___fsadd
009D   5600           00361         MOVRA   r0x1008
009E   5800           00362         MOVAR   STK00
009F   5600           00363         MOVRA   r0x1009
00A0   5800           00364         MOVAR   STK01
00A1   5600           00365         MOVRA   r0x100A
00A2   5800           00366         MOVAR   STK02
00A3   5600           00367         MOVRA   r0x100B
                      00368 ;;[ICODE] ../../libsdcc_mc32/fssub.c:70:        ret iTemp32 [k48 lr36:37 so:0]{ ia0 a2p0 re0 rm0 nos0 ru1 dp0}{float fixed}[r0x1000 r0x1001 r0x1002 r0x1003 ]
00A4   5800           00369         MOVAR   r0x100B
00A5   5600           00370         MOVRA   STK02
00A6   5800           00371         MOVAR   r0x100A
00A7   5600           00372         MOVRA   STK01
00A8   5800           00373         MOVAR   r0x1009
00A9   5600           00374         MOVRA   STK00
00AA   5800           00375         MOVAR   r0x1008
                      00376 ;;[ICODE] ../../libsdcc_mc32/fssub.c:70:  _return($5) :
                      00377 ;;[ICODE] ../../libsdcc_mc32/fssub.c:70:        eproc ___fssub [k1 lr0:0 so:0]{ ia0 a2p0 re0 rm0 nos0 ru0 dp0}{float function ( float fixed, float fixed) fixed}
00AB                  00378 _00109_DS_
00AB   000C           00379         RETURN  
                      00380 ; exit point of ___fssub
                      00381 
                      00382 
                      00383 ;       code size estimation:
                      00384 ;         172+    0 =   172 instructions (  344 byte)
                      00385 
                      00386         end
gpasm-2.0.0_beta2 (Nov  6 2017)fssub.asm          2018-1-12  10:28:25          PAGE  2


SYMBOL TABLE
  LABEL                             VALUE

ADCHS0                            00000004
ADCHS1                            00000005
ADCHS2                            00000006
ADCHS3                            00000007
ADCKS0                            00000002
ADCKS1                            00000003
ADCR0                             000001B0
ADCR1                             000001B1
ADEOC                             00000001
ADIE                              00000006
ADIF                              00000006
ADON                              00000000
ADR0                              00000000
ADR1                              00000001
ADR10                             00000006
ADR11                             00000007
ADR2                              00000002
ADR3                              00000003
ADR4                              00000000
ADR5                              00000001
ADR6                              00000002
ADR7                              00000003
ADR8                              00000004
ADR9                              00000005
ADRH                              000001B4
ADRL                              000001B5
ANSEL                             00000193
BUZ0OE                            00000005
BUZ1OE                            00000005
C                                 00000000
CLKS                              00000002
DC                                00000001
FSR0                              00000184
FSR00                             00000000
FSR01                             00000001
FSR02                             00000002
FSR03                             00000003
FSR04                             00000004
FSR05                             00000005
FSR06                             00000006
FSR07                             00000007
FSR1                              00000185
FSR10                             00000000
FSR11                             00000001
FSR12                             00000002
FSR13                             00000003
FSR14                             00000004
FSR15                             00000005
FSR16                             00000006
FSR17                             00000007
GIE                               00000007
HFEN                              00000000
HIBYTE                            00000183
HIBYTE0                           00000000
HIBYTE1                           00000001
HIBYTE2                           00000002
HIBYTE3                           00000003
HIBYTE4                           00000004
HIBYTE5                           00000005
HIBYTE6                           00000006
HIBYTE7                           00000007
INDF0                             00000180
INDF00                            00000000
INDF01                            00000001
INDF02                            00000002
INDF03                            00000003
INDF04                            00000004
INDF05                            00000005
INDF06                            00000006
INDF07                            00000007
INDF1                             00000181
INDF10                            00000000
INDF11                            00000001
INDF12                            00000002
INDF13                            00000003
INDF14                            00000004
INDF15                            00000005
INDF16                            00000006
INDF17                            00000007
INDF2                             00000182
INDF20                            00000000
INDF21                            00000001
INDF22                            00000002
INDF23                            00000003
INDF24                            00000004
INDF25                            00000005
INDF26                            00000006
INDF27                            00000007
INDF3                             00000189
INDF30                            00000000
INDF31                            00000001
INDF32                            00000002
INDF33                            00000003
INDF34                            00000004
INDF35                            00000005
INDF36                            00000006
INDF37                            00000007
INT0IE                            00000002
INT0IF                            00000002
INT1IE                            00000003
INT1IF                            00000003
INTE                              0000018A
INTF                              0000018B
IOP0                              00000190
IOP1                              00000194
KBCR                              00000197
KBCR0                             00000000
KBCR1                             00000001
KBCR2                             00000002
KBCR3                             00000003
KBCR4                             00000004
KBCR5                             00000005
KBCR6                             00000006
KBIE                              00000004
KBIF                              00000004
LFEN                              00000001
LVDCR                             000001AF
LVDEN                             00000007
LVDF                              00000000
LVDS0                             00000004
LVDS1                             00000005
LVDS2                             00000006
MCR                               00000188
MINT00                            00000000
MINT01                            00000001
MINT10                            00000002
MINT11                            00000003
OEP0                              00000191
OEP1                              00000195
OSCCAL                            000001FB
OSCCAL0                           00000000
OSCCAL1                           00000001
OSCCAL2                           00000002
OSCCAL3                           00000003
OSCCAL4                           00000004
OSCCAL5                           00000005
OSCCAL6                           00000006
OSCCAL7                           00000007
OSCM                              000001AE
P00ANS                            00000000
P00D                              00000000
P00OE                             00000000
P00PU                             00000000
P01ANS                            00000001
P01D                              00000001
P01OE                             00000001
P01PU                             00000001
P02ANS                            00000002
P02D                              00000002
P02OE                             00000002
P02PU                             00000002
P03ANS                            00000003
P03D                              00000003
P03OE                             00000003
P03PU                             00000003
P04ANS                            00000004
P04D                              00000004
P04OE                             00000004
P04PU                             00000004
P10D                              00000000
P10OE                             00000000
P10PU                             00000000
P11D                              00000001
P11OE                             00000001
P11PU                             00000001
P12ANS                            00000005
P12D                              00000002
P12OE                             00000002
P12PU                             00000002
P13ANS                            00000006
P13D                              00000003
P13OE                             00000003
P13PU                             00000003
P14D                              00000004
P14OE                             00000004
P14PU                             00000004
P15D                              00000005
P15OE                             00000005
P15PU                             00000005
P16D                              00000006
P16OE                             00000006
P16PU                             00000006
PC0                               00000000
PC1                               00000001
PC2                               00000002
PC3                               00000003
PC4                               00000004
PC5                               00000005
PC6                               00000006
PC7                               00000007
PCL                               00000186
PD                                00000004
PFLAG                             00000187
PUP0                              00000192
PUP1                              00000196
PWM0OE                            00000006
PWM1OE                            00000006
STBH                              00000004
STBL                              00000005
STK00                             00000000
STK01                             00000000
STK02                             00000000
STK03                             00000000
STK04                             00000000
STK05                             00000000
STK06                             00000000
T0C0                              00000000
T0C1                              00000001
T0C2                              00000002
T0C3                              00000003
T0C4                              00000004
T0C5                              00000005
T0C6                              00000006
T0C7                              00000007
T0CNT                             000001A1
T0CR                              000001A0
T0DATA                            000001A3
T0DATA0                           00000000
T0DATA1                           00000001
T0DATA2                           00000002
T0DATA3                           00000003
T0DATA4                           00000004
T0DATA5                           00000005
T0DATA6                           00000006
T0DATA7                           00000007
T0IE                              00000000
T0IF                              00000000
T0LOAD                            000001A2
T0LOAD0                           00000000
T0LOAD1                           00000001
T0LOAD2                           00000002
T0LOAD3                           00000003
T0LOAD4                           00000004
T0LOAD5                           00000005
T0LOAD6                           00000006
T0LOAD7                           00000007
T0PR0                             00000000
T0PR1                             00000001
T0PR2                             00000002
T0PTS0                            00000003
T0PTS1                            00000004
T1C0                              00000000
T1C1                              00000001
T1C2                              00000002
T1C3                              00000003
T1C4                              00000004
T1C5                              00000005
T1C6                              00000006
T1C7                              00000007
T1CNT                             000001A5
T1CR                              000001A4
T1DATA                            000001A7
T1DATA0                           00000000
T1DATA1                           00000001
T1DATA2                           00000002
T1DATA3                           00000003
T1DATA4                           00000004
T1DATA5                           00000005
T1DATA6                           00000006
T1DATA7                           00000007
T1IE                              00000001
T1IF                              00000001
T1LOAD                            000001A6
T1LOAD0                           00000000
T1LOAD1                           00000001
T1LOAD2                           00000002
T1LOAD3                           00000003
T1LOAD4                           00000004
T1LOAD5                           00000005
T1LOAD6                           00000006
T1LOAD7                           00000007
T1PR0                             00000000
T1PR1                             00000001
T1PR2                             00000002
T1PTS0                            00000003
T1PTS1                            00000004
TC0EN                             00000007
TC1EN                             00000007
TO                                00000005
VRS0                              00000000
VRS1                              00000001
VRS2                              00000002
Z                                 00000002
_00106_DS_                        0000003C
_00108_DS_                        00000063
_00109_DS_                        000000AB
_CONFIG0                          00008000
_CONFIG1                          00008001
__32P21                           00000001
___fs2schar                       00000000
___fs2sint                        00000000
___fs2slong                       00000000
___fs2uchar                       00000000
___fs2uint                        00000000
___fs2ulong                       00000000
___fsadd                          00000000
___fsdiv                          00000000
___fseq                           00000000
___fsgt                           00000000
___fslt                           00000000
___fsmul                          00000000
___fsneq                          00000000
___fssub                          00000000
___fssub_fl1_1_22                 00000008
___fssub_fl2_1_22                 0000000C
___schar2fs                       00000000
___sint2fs                        00000000
___slong2fs                       00000000
___uchar2fs                       00000000
___uint2fs                        00000000
___ulong2fs                       00000000
r0x1008                           00000003
r0x1009                           00000002
r0x100A                           00000001
r0x100B                           00000000
r0x100C                           00000007
r0x100D                           00000006
r0x100E                           00000005
r0x100F                           00000004

Errors   :     0
Warnings :     0 reported,     0 suppressed
Messages :     0 reported,     0 suppressed

