gpasm-2.0.0_beta2 (Nov  6 2017)ulong2fs.asm       2018-1-12  10:28:33          PAGE  1


LOC  OBJECT CODE     LINE SOURCE TEXT
  VALUE

                      00001 ;--------------------------------------------------------
                      00002 ; File Created by SN-SDCC : SinoMCU ANSI-C Compiler
                      00003 ; Version 1.1.0 (Dec 19 2017) (MINGW32)
                      00004 ; This file was generated Fri Jan 12 10:28:33 2018
                      00005 ;--------------------------------------------------------
                      00006 ; MC32 port for the RISC core
                      00007 ;--------------------------------------------------------
                      00008 ;       .file   "../../libsdcc_mc32/ulong2fs.c"
                      00009         list    p=3221
                      00010         radix dec
                      00011         include "3221.inc"
                      00001                 LIST
                      00002 ;mc32p7010.inc    Standard Header File, Version 1.00 by Sinomcu
                      00435                 LIST
                      00012 ;--------------------------------------------------------
                      00013 ; external declarations
                      00014 ;--------------------------------------------------------
                      00015         extern  ___uchar2fs
                      00016         extern  ___schar2fs
                      00017         extern  ___uint2fs
                      00018         extern  ___sint2fs
                      00019         extern  ___slong2fs
                      00020         extern  ___fs2uchar
                      00021         extern  ___fs2schar
                      00022         extern  ___fs2uint
                      00023         extern  ___fs2sint
                      00024         extern  ___fs2ulong
                      00025         extern  ___fs2slong
                      00026         extern  ___fsadd
                      00027         extern  ___fssub
                      00028         extern  ___fsmul
                      00029         extern  ___fsdiv
                      00030         extern  ___fslt
                      00031         extern  ___fseq
                      00032         extern  ___fsneq
                      00033         extern  ___fsgt
                      00034 
                      00035         extern STK06
                      00036         extern STK05
                      00037         extern STK04
                      00038         extern STK03
                      00039         extern STK02
                      00040         extern STK01
                      00041         extern STK00
                      00042 ;--------------------------------------------------------
                      00043 ; global declarations
                      00044 ;--------------------------------------------------------
                      00045         global  ___ulong2fs
                      00046 
                      00047 ;--------------------------------------------------------
                      00048 ; global definitions
                      00049 ;--------------------------------------------------------
                      00050 ;--------------------------------------------------------
                      00051 ; absolute symbol definitions
                      00052 ;--------------------------------------------------------
                      00053 ;--------------------------------------------------------
                      00054 ; compiler-defined variables
                      00055 ;--------------------------------------------------------
                      00056 UDL_ulong2fs_0  udata
0000                  00057 r0x1007 res     1
0000                  00058 r0x1006 res     1
0001                  00059 r0x1005 res     1
0001                  00060 r0x1004 res     1
0002                  00061 r0x1008 res     1
0002                  00062 r0x1009 res     1
0003                  00063 r0x100A res     1
0003                  00064 r0x100B res     1
0004                  00065 r0x100C res     1
0004                  00066 r0x100D res     1
0005                  00067 r0x100F res     1
0005                  00068 r0x100E res     1
0006                  00069 ___ulong2fs_fl_1_22     res     4
                      00070 ;--------------------------------------------------------
                      00071 ; initialized data
                      00072 ;--------------------------------------------------------
                      00073 
                      00074 ;@Allocation info for local variables in function '__ulong2fs'
                      00075 ;@__ulong2fs __uchar2fs                Allocated to registers ;size:2
                      00076 ;@__ulong2fs __schar2fs                Allocated to registers ;size:2
                      00077 ;@__ulong2fs __uint2fs                 Allocated to registers ;size:2
                      00078 ;@__ulong2fs __sint2fs                 Allocated to registers ;size:2
                      00079 ;@__ulong2fs __slong2fs                Allocated to registers ;size:2
                      00080 ;@__ulong2fs __fs2uchar                Allocated to registers ;size:2
                      00081 ;@__ulong2fs __fs2schar                Allocated to registers ;size:2
                      00082 ;@__ulong2fs __fs2uint                 Allocated to registers ;size:2
                      00083 ;@__ulong2fs __fs2sint                 Allocated to registers ;size:2
                      00084 ;@__ulong2fs __fs2ulong                Allocated to registers ;size:2
                      00085 ;@__ulong2fs __fs2slong                Allocated to registers ;size:2
                      00086 ;@__ulong2fs __fsadd                   Allocated to registers ;size:2
                      00087 ;@__ulong2fs __fssub                   Allocated to registers ;size:2
                      00088 ;@__ulong2fs __fsmul                   Allocated to registers ;size:2
                      00089 ;@__ulong2fs __fsdiv                   Allocated to registers ;size:2
                      00090 ;@__ulong2fs __fslt                    Allocated to registers ;size:2
                      00091 ;@__ulong2fs __fseq                    Allocated to registers ;size:2
                      00092 ;@__ulong2fs __fsneq                   Allocated to registers ;size:2
                      00093 ;@__ulong2fs __fsgt                    Allocated to registers ;size:2
                      00094 ;@__ulong2fs a                         Allocated to registers r0x1007 r0x1006 r0x1005 r0x1004 ;size:4
                      00095 ;@__ulong2fs exp                       Allocated to registers r0x100A r0x100B ;size:2
                      00096 ;@__ulong2fs fl                        Allocated to registers ;size:4
                      00097 ;@end Allocation info for local variables in function '__ulong2fs';
                      00098 
                      00099 ;--------------------------------------------------------
                      00100 ; overlayable items in internal ram 
                      00101 ;--------------------------------------------------------
                      00102 ;       udata_ovr
                      00103 ;--------------------------------------------------------
                      00104 ; code
                      00105 ;--------------------------------------------------------
                      00106 code_ulong2fs   code
                      00107 ;***
                      00108 ;  pBlock Stats: dbName = C
                      00109 ;***
                      00110 ;entry:  ___ulong2fs    ;Function start
                      00111 ; 2 exit points
                      00112 ;has an exit
                      00113 ;15 compiler assigned registers:
                      00114 ;   r0x1004
                      00115 ;   STK00
                      00116 ;   r0x1005
                      00117 ;   STK01
                      00118 ;   r0x1006
                      00119 ;   STK02
                      00120 ;   r0x1007
                      00121 ;   r0x1008
                      00122 ;   r0x1009
                      00123 ;   r0x100A
                      00124 ;   r0x100B
                      00125 ;   r0x100C
                      00126 ;   r0x100D
                      00127 ;   r0x100E
                      00128 ;   r0x100F
                      00129 ;; Starting pCode block
                      00130 ;;[ICODE] ../../libsdcc_mc32/ulong2fs.c:54:  _entry($14) :
                      00131 ;;[ICODE] ../../libsdcc_mc32/ulong2fs.c:54:     proc ___ulong2fs [k1 lr0:0 so:0]{ ia0 a2p0 re0 rm0 nos0 ru0 dp0}{float function ( unsigned-long-int fixed) fixed}
0000                  00132 ___ulong2fs     ;Function start
                      00133 ; 2 exit points
                      00134 ;;[ICODE] ../../libsdcc_mc32/ulong2fs.c:54: iTemp0 [k2 lr3:42 so:0]{ ia0 a2p0 re1 rm0 nos0 ru0 dp0}{unsigned-long-int fixed}{ sir@ ___ulong2fs_a_1_21}[r0x1000 r0x1001 r0x1002 r0x1003 ] = recv ___ulong2fs [k1 lr0:0 so:0]{ ia0 a2p0 re0 rm0 nos0 ru0 dp0}{float function ( unsigned-long-int fixed) fixed}
                      00135 ;       .line   54; "../../libsdcc_mc32/ulong2fs.c"     float __ulong2fs (unsigned long a ) _FS_REENTRANT
0000   5600           00136         MOVRA   r0x1004
0001   5800           00137         MOVAR   STK00
0002   5600           00138         MOVRA   r0x1005
0003   5800           00139         MOVAR   STK01
0004   5600           00140         MOVRA   r0x1006
0005   5800           00141         MOVAR   STK02
0006   5600           00142         MOVRA   r0x1007
                      00143 ;;[ICODE] ../../libsdcc_mc32/ulong2fs.c:59:     if iTemp0 [k2 lr3:42 so:0]{ ia0 a2p0 re1 rm0 nos0 ru0 dp0}{unsigned-long-int fixed}{ sir@ ___ulong2fs_a_1_21}[r0x1000 r0x1001 r0x1002 r0x1003 ] != 0 goto preHeaderLbl0($17)
                      00144 ;       .line   59; "../../libsdcc_mc32/ulong2fs.c"     if (!a)
0007   5800           00145         MOVAR   r0x1007
0008   5C00           00146         ORAR    r0x1006
0009   5C00           00147         ORAR    r0x1005
000A   5C00           00148         ORAR    r0x1004
000B   E587           00149         JBSET   PFLAG,2
000C   A000           00150         GOTO    _00121_DS_
                      00151 ;;[ICODE] ../../libsdcc_mc32/ulong2fs.c:61:     ret 0 {const-float literal}
                      00152 ;       .line   61; "../../libsdcc_mc32/ulong2fs.c"     return 0.0;
000D   3C00           00153         MOVAI   0x00
000E   5600           00154         MOVRA   STK02
000F   3C00           00155         MOVAI   0x00
0010   5600           00156         MOVRA   STK01
0011   3C00           00157         MOVAI   0x00
0012   5600           00158         MOVRA   STK00
0013   3C00           00159         MOVAI   0x00
0014   A000           00160         GOTO    _00117_DS_
                      00161 ;;[ICODE] ../../libsdcc_mc32/ulong2fs.c:64:  preHeaderLbl0($17) :
                      00162 ;;[ICODE] ../../libsdcc_mc32/ulong2fs.c:64:     iTemp5 [k9 lr7:20 so:0]{ ia0 a2p0 re0 rm0 nos0 ru0 dp0}{int fixed}{ sir@ ___ulong2fs_exp_1_22}[r0x1004 r0x1005 ] := 0x96 {int literal}
0015                  00163 _00121_DS_
                      00164 ;       .line   64; "../../libsdcc_mc32/ulong2fs.c"     while (a & NORM) 
0015   3C96           00165         MOVAI   0x96
0016   5600           00166         MOVRA   r0x1008
0017   7600           00167         CLRR    r0x1009
                      00168 ;;[ICODE] ../../libsdcc_mc32/ulong2fs.c:64:  _whilecontinue_0($3) :
                      00169 ;;[ICODE] ../../libsdcc_mc32/ulong2fs.c:64:     iTemp2 [k6 lr10:11 so:0]{ ia0 a2p0 re0 rm0 nos0 ru0 dp0}{unsigned-long-int register} = iTemp0 [k2 lr3:42 so:0]{ ia0 a2p0 re1 rm0 nos0 ru0 dp0}{unsigned-long-int fixed}{ sir@ ___ulong2fs_a_1_21}[r0x1000 r0x1001 r0x1002 r0x1003 ] & 0xff000000 {const-unsigned-long-int literal}
0018                  00170 _00107_DS_
0018   5800           00171         MOVAR   r0x1004
0019   3EFF           00172         ANDAI   0xff
001A   F587           00173         JBCLR   PFLAG,2
001B   A000           00174         GOTO    _00124_DS_
                      00175 ;;[ICODE] ../../libsdcc_mc32/ulong2fs.c:64:     if iTemp2 [k6 lr10:11 so:0]{ ia0 a2p0 re0 rm0 nos0 ru0 dp0}{unsigned-long-int register} == 0 goto loopExitLbl2($20)
                      00176 ;;[ICODE] ../../libsdcc_mc32/ulong2fs.c:67:     iTemp0 [k2 lr3:42 so:0]{ ia0 a2p0 re1 rm0 nos0 ru0 dp0}{unsigned-long-int fixed}{ sir@ ___ulong2fs_a_1_21}[r0x1000 r0x1001 r0x1002 r0x1003 ] = iTemp0 [k2 lr3:42 so:0]{ ia0 a2p0 re1 rm0 nos0 ru0 dp0}{unsigned-long-int fixed}{ sir@ ___ulong2fs_a_1_21}[r0x1000 r0x1001 r0x1002 r0x1003 ] >> 0x1 {const-unsigned-char literal}
                      00177 ;;shiftRight_Left2ResultLit:5216: shCount=1, size=4, sign=0, same=1, offr=0
                      00178 ;       .line   67; "../../libsdcc_mc32/ulong2fs.c"     a >>= 1;
001C   D187           00179         BCLR    PFLAG,0
001D   4E00           00180         RRR     r0x1004
001E   4E00           00181         RRR     r0x1005
001F   4E00           00182         RRR     r0x1006
0020   4E00           00183         RRR     r0x1007
                      00184 ;;[ICODE] ../../libsdcc_mc32/ulong2fs.c:68:     iTemp5 [k9 lr7:20 so:0]{ ia0 a2p0 re0 rm0 nos0 ru0 dp0}{int fixed}{ sir@ ___ulong2fs_exp_1_22}[r0x1004 r0x1005 ] = iTemp5 [k9 lr7:20 so:0]{ ia0 a2p0 re0 rm0 nos0 ru0 dp0}{int fixed}{ sir@ ___ulong2fs_exp_1_22}[r0x1004 r0x1005 ] + 0x1 {const-unsigned-char literal}
                      00185 ;       .line   68; "../../libsdcc_mc32/ulong2fs.c"     exp++;
0021   6600           00186         INCR    r0x1008
0022   F587           00187         JBCLR   PFLAG,2
0023   6600           00188         INCR    r0x1009
                      00189 ;;[ICODE] ../../libsdcc_mc32/ulong2fs.c:68:      goto _whilecontinue_0($3)
0024   A000           00190         GOTO    _00107_DS_
                      00191 ;;[ICODE] ../../libsdcc_mc32/ulong2fs.c:68:  loopExitLbl2($20) :
                      00192 ;;[ICODE] ../../libsdcc_mc32/ulong2fs.c:68:     iTemp1 [k4 lr17:40 so:0]{ ia0 a2p0 re1 rm0 nos0 ru0 dp0}{int fixed}[r0x1006 r0x1007 ] := iTemp5 [k9 lr7:20 so:0]{ ia0 a2p0 re0 rm0 nos0 ru0 dp0}{int fixed}{ sir@ ___ulong2fs_exp_1_22}[r0x1004 r0x1005 ]
0025                  00193 _00124_DS_
0025   5800           00194         MOVAR   r0x1008
0026   5600           00195         MOVRA   r0x100A
0027   5800           00196         MOVAR   r0x1009
0028   5600           00197         MOVRA   r0x100B
                      00198 ;;[ICODE] ../../libsdcc_mc32/ulong2fs.c:72:     iTemp6 [k10 lr18:19 so:0]{ ia0 a2p0 re0 rm0 nos0 ru0 dp0}{char fixed} = iTemp0 [k2 lr3:42 so:0]{ ia0 a2p0 re1 rm0 nos0 ru0 dp0}{unsigned-long-int fixed}{ sir@ ___ulong2fs_a_1_21}[r0x1000 r0x1001 r0x1002 r0x1003 ] & 0xff800000 {const-long-int literal}
                      00199 ;       .line   72; "../../libsdcc_mc32/ulong2fs.c"     if(a < HIDDEN) {
0029   5800           00200         MOVAR   r0x1005
002A   FE00           00201         JBCLR   r0x1005,7
002B   A000           00202         GOTO    _00114_DS_
002C   5800           00203         MOVAR   r0x1004
002D   3EFF           00204         ANDAI   0xff
002E   E587           00205         JBSET   PFLAG,2
002F   A000           00206         GOTO    _00114_DS_
                      00207 ;;[ICODE] ../../libsdcc_mc32/ulong2fs.c:72:     if iTemp6 [k10 lr18:19 so:0]{ ia0 a2p0 re0 rm0 nos0 ru0 dp0}{char fixed} != 0 goto _iffalse_1($10)
                      00208 ;;[ICODE] ../../libsdcc_mc32/ulong2fs.c:73:     iTemp9 [k13 lr20:28 so:0]{ ia0 a2p0 re0 rm0 nos0 ru0 dp0}{int fixed}{ sir@ ___ulong2fs_exp_1_22}[r0x1004 r0x1005 ] := iTemp5 [k9 lr7:20 so:0]{ ia0 a2p0 re0 rm0 nos0 ru0 dp0}{int fixed}{ sir@ ___ulong2fs_exp_1_22}[r0x1004 r0x1005 ]
                      00209 ;;[ICODE] ../../libsdcc_mc32/ulong2fs.c:73:  _dobody_0($6) :
                      00210 ;;[ICODE] ../../libsdcc_mc32/ulong2fs.c:74:     iTemp0 [k2 lr3:42 so:0]{ ia0 a2p0 re1 rm0 nos0 ru0 dp0}{unsigned-long-int fixed}{ sir@ ___ulong2fs_a_1_21}[r0x1000 r0x1001 r0x1002 r0x1003 ] = iTemp0 [k2 lr3:42 so:0]{ ia0 a2p0 re1 rm0 nos0 ru0 dp0}{unsigned-long-int fixed}{ sir@ ___ulong2fs_a_1_21}[r0x1000 r0x1001 r0x1002 r0x1003 ] << 0x1 {const-unsigned-char literal}
0030                  00211 _00110_DS_
                      00212 ;       .line   74; "../../libsdcc_mc32/ulong2fs.c"     a<<=1;
0030   D187           00213         BCLR    PFLAG,0
0031   5200           00214         RLR     r0x1007
0032   5200           00215         RLR     r0x1006
0033   5200           00216         RLR     r0x1005
0034   5200           00217         RLR     r0x1004
                      00218 ;;[ICODE] ../../libsdcc_mc32/ulong2fs.c:75:     iTemp9 [k13 lr20:28 so:0]{ ia0 a2p0 re0 rm0 nos0 ru0 dp0}{int fixed}{ sir@ ___ulong2fs_exp_1_22}[r0x1004 r0x1005 ] = iTemp9 [k13 lr20:28 so:0]{ ia0 a2p0 re0 rm0 nos0 ru0 dp0}{int fixed}{ sir@ ___ulong2fs_exp_1_22}[r0x1004 r0x1005 ] - 0x1 {const-unsigned-char literal}
                      00219 ;       .line   75; "../../libsdcc_mc32/ulong2fs.c"     exp--;
0035   3CFF           00220         MOVAI   0xff
0036   7E00           00221         ADDRA   r0x1008
0037   E187           00222         JBSET   PFLAG,0
0038   6E00           00223         DECR    r0x1009
                      00224 ;;[ICODE] ../../libsdcc_mc32/ulong2fs.c:76:     iTemp10 [k14 lr26:27 so:0]{ ia0 a2p0 re0 rm0 nos0 ru0 dp0}{char fixed} = iTemp0 [k2 lr3:42 so:0]{ ia0 a2p0 re1 rm0 nos0 ru0 dp0}{unsigned-long-int fixed}{ sir@ ___ulong2fs_a_1_21}[r0x1000 r0x1001 r0x1002 r0x1003 ] & 0xff800000 {const-long-int literal}
                      00225 ;       .line   76; "../../libsdcc_mc32/ulong2fs.c"     } while (a < HIDDEN);
0039   5800           00226         MOVAR   r0x1005
003A   EE00           00227         JBSET   r0x1005,7
003B   A000           00228         GOTO    _00110_DS_
003C   5800           00229         MOVAR   r0x1004
003D   3EFF           00230         ANDAI   0xff
003E   F587           00231         JBCLR   PFLAG,2
003F   A000           00232         GOTO    _00110_DS_
                      00233 ;;[ICODE] ../../libsdcc_mc32/ulong2fs.c:76:     if iTemp10 [k14 lr26:27 so:0]{ ia0 a2p0 re0 rm0 nos0 ru0 dp0}{char fixed} == 0 goto _dobody_0($6)
                      00234 ;;[ICODE] ../../libsdcc_mc32/ulong2fs.c:76:     iTemp1 [k4 lr17:40 so:0]{ ia0 a2p0 re1 rm0 nos0 ru0 dp0}{int fixed}[r0x1006 r0x1007 ] := iTemp9 [k13 lr20:28 so:0]{ ia0 a2p0 re0 rm0 nos0 ru0 dp0}{int fixed}{ sir@ ___ulong2fs_exp_1_22}[r0x1004 r0x1005 ]
0040   5800           00235         MOVAR   r0x1008
0041   5600           00236         MOVRA   r0x100A
0042   5800           00237         MOVAR   r0x1009
0043   5600           00238         MOVRA   r0x100B
                      00239 ;;[ICODE] ../../libsdcc_mc32/ulong2fs.c:76:  _iffalse_1($10) :
                      00240 ;;[ICODE] ../../libsdcc_mc32/ulong2fs.c:87:     iTemp11 [k15 lr30:31 so:0]{ ia0 a2p0 re0 rm0 nos0 ru0 dp0}{unsigned-long-int register}[r0x1004 r0x1005 r0x1008 r0x1009 ] = iTemp0 [k2 lr3:42 so:0]{ ia0 a2p0 re1 rm0 nos0 ru0 dp0}{unsigned-long-int fixed}{ sir@ ___ulong2fs_a_1_21}[r0x1000 r0x1001 r0x1002 r0x1003 ] & 0x7fffff {unsigned-long-int literal}
                      00241 ;;100   MOVAR   r0x1007
0044                  00242 _00114_DS_
                      00243 ;       .line   87; "../../libsdcc_mc32/ulong2fs.c"     if ((a&0x7fffff)==0x7fffff) {
0044   5800           00244         MOVAR   r0x1006
0045   5600           00245         MOVRA   r0x1009
0046   3C7F           00246         MOVAI   0x7f
0047   7800           00247         ANDAR   r0x1005
0048   5600           00248         MOVRA   r0x100C
0049   7600           00249         CLRR    r0x100D
                      00250 ;;[ICODE] ../../libsdcc_mc32/ulong2fs.c:87:     iTemp12 [k16 lr31:32 so:0]{ ia0 a2p0 re0 rm0 nos0 ru0 dp0}{char fixed} = iTemp11 [k15 lr30:31 so:0]{ ia0 a2p0 re0 rm0 nos0 ru0 dp0}{unsigned-long-int register}[r0x1004 r0x1005 r0x1008 r0x1009 ] == 0x7fffff {unsigned-long-int literal}
                      00251 ;;99    MOVAR   r0x1008
004A   5800           00252         MOVAR   r0x1007
004B   5600           00253         MOVRA   r0x1008
004C   39FF           00254         XORAI   0xff
004D   E587           00255         JBSET   PFLAG,2
004E   A000           00256         GOTO    _00116_DS_
004F   5800           00257         MOVAR   r0x1009
0050   39FF           00258         XORAI   0xff
0051   E587           00259         JBSET   PFLAG,2
0052   A000           00260         GOTO    _00116_DS_
0053   5800           00261         MOVAR   r0x100C
0054   397F           00262         XORAI   0x7f
0055   E587           00263         JBSET   PFLAG,2
0056   A000           00264         GOTO    _00116_DS_
0057   5800           00265         MOVAR   r0x100D
0058   3900           00266         XORAI   0x00
0059   E587           00267         JBSET   PFLAG,2
005A   A000           00268         GOTO    _00116_DS_
                      00269 ;;[ICODE] ../../libsdcc_mc32/ulong2fs.c:87:     if iTemp12 [k16 lr31:32 so:0]{ ia0 a2p0 re0 rm0 nos0 ru0 dp0}{char fixed} == 0 goto _iffalse_2($12)
                      00270 ;;[ICODE] ../../libsdcc_mc32/ulong2fs.c:88:     iTemp0 [k2 lr3:42 so:0]{ ia0 a2p0 re1 rm0 nos0 ru0 dp0}{unsigned-long-int fixed}{ sir@ ___ulong2fs_a_1_21}[r0x1000 r0x1001 r0x1002 r0x1003 ] := 0x0 {unsigned-long-int literal}
                      00271 ;       .line   88; "../../libsdcc_mc32/ulong2fs.c"     a=0;
005B   7600           00272         CLRR    r0x1007
005C   7600           00273         CLRR    r0x1006
005D   7600           00274         CLRR    r0x1005
005E   7600           00275         CLRR    r0x1004
                      00276 ;;[ICODE] ../../libsdcc_mc32/ulong2fs.c:89:     iTemp1 [k4 lr17:40 so:0]{ ia0 a2p0 re1 rm0 nos0 ru0 dp0}{int fixed}[r0x1006 r0x1007 ] = iTemp1 [k4 lr17:40 so:0]{ ia0 a2p0 re1 rm0 nos0 ru0 dp0}{int fixed}[r0x1006 r0x1007 ] + 0x1 {const-unsigned-char literal}
                      00277 ;       .line   89; "../../libsdcc_mc32/ulong2fs.c"     exp++;
005F   6600           00278         INCR    r0x100A
0060   F587           00279         JBCLR   PFLAG,2
0061   6600           00280         INCR    r0x100B
                      00281 ;;[ICODE] ../../libsdcc_mc32/ulong2fs.c:89:  _iffalse_2($12) :
                      00282 ;;[ICODE] ../../libsdcc_mc32/ulong2fs.c:93:     iTemp0 [k2 lr3:42 so:0]{ ia0 a2p0 re1 rm0 nos0 ru0 dp0}{unsigned-long-int fixed}{ sir@ ___ulong2fs_a_1_21}[r0x1000 r0x1001 r0x1002 r0x1003 ] = iTemp0 [k2 lr3:42 so:0]{ ia0 a2p0 re1 rm0 nos0 ru0 dp0}{unsigned-long-int fixed}{ sir@ ___ulong2fs_a_1_21}[r0x1000 r0x1001 r0x1002 r0x1003 ] & 0xff7fffff {unsigned-long-int literal}
0062                  00283 _00116_DS_
                      00284 ;       .line   93; "../../libsdcc_mc32/ulong2fs.c"     a &= ~HIDDEN ;
0062   DE00           00285         BCLR    r0x1005,7
                      00286 ;;[ICODE] ../../libsdcc_mc32/ulong2fs.c:95:     iTemp16 [k21 lr39:43 so:0]{ ia0 a2p0 re0 rm1 nos0 ru0 dp0}{volatile-long-int near* fixed}[remat] = &[___ulong2fs_fl_1_22 [k20 lr0:0 so:0]{ ia0 a2p0 re0 rm0 nos0 ru0 dp0}{volatile-struct float_long fixed}]
                      00287 ;;[ICODE] ../../libsdcc_mc32/ulong2fs.c:95:     iTemp18 [k24 lr40:41 so:0]{ ia0 a2p0 re0 rm0 nos0 ru0 dp0}{unsigned-long-int fixed}[r0x1004 r0x1005 r0x1008 r0x1009 ] = (unsigned-long-int fixed)iTemp1 [k4 lr17:40 so:0]{ ia0 a2p0 re1 rm0 nos0 ru0 dp0}{int fixed}[r0x1006 r0x1007 ]
                      00288 ;       .line   95; "../../libsdcc_mc32/ulong2fs.c"     fl.l = PACK(0,(unsigned long)exp, a);
0063   5800           00289         MOVAR   r0x100A
0064   5600           00290         MOVRA   r0x1008
0065   5800           00291         MOVAR   r0x100B
0066   5600           00292         MOVRA   r0x1009
0067   3C00           00293         MOVAI   0x00
0068   FE00           00294         JBCLR   r0x1009,7
0069   3CFF           00295         MOVAI   0xff
006A   5600           00296         MOVRA   r0x100D
006B   5600           00297         MOVRA   r0x100C
                      00298 ;;[ICODE] ../../libsdcc_mc32/ulong2fs.c:95:     iTemp19 [k25 lr41:42 so:0]{ ia0 a2p0 re0 rm0 nos0 ru0 dp0}{unsigned-long-int fixed}[r0x1006 r0x1007 r0x100A r0x100B ] = iTemp18 [k24 lr40:41 so:0]{ ia0 a2p0 re0 rm0 nos0 ru0 dp0}{unsigned-long-int fixed}[r0x1004 r0x1005 r0x1008 r0x1009 ] << 0x17 {const-unsigned-char literal}
006C   4C00           00299         RRAR    r0x1009
006D   4C00           00300         RRAR    r0x1008
006E   5600           00301         MOVRA   r0x100E
006F   7600           00302         CLRR    r0x100F
0070   4E00           00303         RRR     r0x100F
0071   7600           00304         CLRR    r0x100B
0072   7600           00305         CLRR    r0x100A
                      00306 ;;[ICODE] ../../libsdcc_mc32/ulong2fs.c:95:     iTemp21 [k27 lr42:43 so:0]{ ia0 a2p0 re0 rm0 nos0 ru0 dp0}{unsigned-long-int fixed}[r0x1000 r0x1001 r0x1002 r0x1003 ] = iTemp19 [k25 lr41:42 so:0]{ ia0 a2p0 re0 rm0 nos0 ru0 dp0}{unsigned-long-int fixed}[r0x1006 r0x1007 r0x100A r0x100B ] | iTemp0 [k2 lr3:42 so:0]{ ia0 a2p0 re1 rm0 nos0 ru0 dp0}{unsigned-long-int fixed}{ sir@ ___ulong2fs_a_1_21}[r0x1000 r0x1001 r0x1002 r0x1003 ]
0073   3C00           00307         MOVAI   0x00
0074   5E00           00308         ORRA    r0x1007
0075   3C00           00309         MOVAI   0x00
0076   5E00           00310         ORRA    r0x1006
0077   5800           00311         MOVAR   r0x100F
0078   5E00           00312         ORRA    r0x1005
0079   5800           00313         MOVAR   r0x100E
007A   5E00           00314         ORRA    r0x1004
                      00315 ;;[ICODE] ../../libsdcc_mc32/ulong2fs.c:95:     *(iTemp16 [k21 lr39:43 so:0]{ ia1 a2p0 re0 rm1 nos0 ru0 dp0}{volatile-long-int near* fixed}[remat]) := iTemp21 [k27 lr42:43 so:0]{ ia0 a2p0 re0 rm0 nos0 ru0 dp0}{unsigned-long-int fixed}[r0x1000 r0x1001 r0x1002 r0x1003 ]
                      00316 ;;gen.c:6374: size=3/4, offset=0, AOP_TYPE(res)=8
007B   5800           00317         MOVAR   r0x1007
007C   5600           00318         MOVRA   (___ulong2fs_fl_1_22 + 0)
                      00319 ;;gen.c:6374: size=2/4, offset=1, AOP_TYPE(res)=8
007D   5800           00320         MOVAR   r0x1006
007E   5600           00321         MOVRA   (___ulong2fs_fl_1_22 + 1)
                      00322 ;;gen.c:6374: size=1/4, offset=2, AOP_TYPE(res)=8
007F   5800           00323         MOVAR   r0x1005
0080   5600           00324         MOVRA   (___ulong2fs_fl_1_22 + 2)
                      00325 ;;gen.c:6374: size=0/4, offset=3, AOP_TYPE(res)=8
0081   5800           00326         MOVAR   r0x1004
0082   5600           00327         MOVRA   (___ulong2fs_fl_1_22 + 3)
                      00328 ;;[ICODE] ../../libsdcc_mc32/ulong2fs.c:97:     iTemp22 [k28 lr44:45 so:0]{ ia0 a2p0 re0 rm1 nos0 ru0 dp0}{volatile-float near* fixed}[remat] = &[___ulong2fs_fl_1_22 [k20 lr0:0 so:0]{ ia0 a2p0 re0 rm0 nos0 ru0 dp0}{volatile-struct float_long fixed}]
                      00329 ;;[ICODE] ../../libsdcc_mc32/ulong2fs.c:97:     iTemp24 [k31 lr45:46 so:0]{ ia0 a2p0 re0 rm0 nos0 ru1 dp0}{volatile-float fixed}[r0x1000 r0x1001 r0x1002 r0x1003 ] = @[iTemp22 [k28 lr44:45 so:0]{ ia1 a2p0 re0 rm1 nos0 ru0 dp0}{volatile-float near* fixed}[remat] + 0x0 {const-unsigned-char literal}]
                      00330 ;       .line   97; "../../libsdcc_mc32/ulong2fs.c"     return (fl.f);
0083   5800           00331         MOVAR   (___ulong2fs_fl_1_22 + 0)
0084   5600           00332         MOVRA   r0x1007
0085   5800           00333         MOVAR   (___ulong2fs_fl_1_22 + 1)
0086   5600           00334         MOVRA   r0x1006
0087   5800           00335         MOVAR   (___ulong2fs_fl_1_22 + 2)
0088   5600           00336         MOVRA   r0x1005
0089   5800           00337         MOVAR   (___ulong2fs_fl_1_22 + 3)
008A   5600           00338         MOVRA   r0x1004
                      00339 ;;[ICODE] ../../libsdcc_mc32/ulong2fs.c:97:     ret iTemp24 [k31 lr45:46 so:0]{ ia0 a2p0 re0 rm0 nos0 ru1 dp0}{volatile-float fixed}[r0x1000 r0x1001 r0x1002 r0x1003 ]
008B   5800           00340         MOVAR   r0x1007
008C   5600           00341         MOVRA   STK02
008D   5800           00342         MOVAR   r0x1006
008E   5600           00343         MOVRA   STK01
008F   5800           00344         MOVAR   r0x1005
0090   5600           00345         MOVRA   STK00
0091   5800           00346         MOVAR   r0x1004
                      00347 ;;[ICODE] ../../libsdcc_mc32/ulong2fs.c:97:  _return($13) :
                      00348 ;;[ICODE] ../../libsdcc_mc32/ulong2fs.c:97:     eproc ___ulong2fs [k1 lr0:0 so:0]{ ia0 a2p0 re0 rm0 nos0 ru0 dp0}{float function ( unsigned-long-int fixed) fixed}
0092                  00349 _00117_DS_
0092   000C           00350         RETURN  
                      00351 ; exit point of ___ulong2fs
                      00352 
                      00353 
                      00354 ;       code size estimation:
                      00355 ;         147+    0 =   147 instructions (  294 byte)
                      00356 
                      00357         end
gpasm-2.0.0_beta2 (Nov  6 2017)ulong2fs.asm       2018-1-12  10:28:33          PAGE  2


SYMBOL TABLE
  LABEL                             VALUE

ADCHS0                            00000004
ADCHS1                            00000005
ADCHS2                            00000006
ADCHS3                            00000007
ADCKS0                            00000002
ADCKS1                            00000003
ADCR0                             000001B0
ADCR1                             000001B1
ADEOC                             00000001
ADIE                              00000006
ADIF                              00000006
ADON                              00000000
ADR0                              00000000
ADR1                              00000001
ADR10                             00000006
ADR11                             00000007
ADR2                              00000002
ADR3                              00000003
ADR4                              00000000
ADR5                              00000001
ADR6                              00000002
ADR7                              00000003
ADR8                              00000004
ADR9                              00000005
ADRH                              000001B4
ADRL                              000001B5
ANSEL                             00000193
BUZ0OE                            00000005
BUZ1OE                            00000005
C                                 00000000
CLKS                              00000002
DC                                00000001
FSR0                              00000184
FSR00                             00000000
FSR01                             00000001
FSR02                             00000002
FSR03                             00000003
FSR04                             00000004
FSR05                             00000005
FSR06                             00000006
FSR07                             00000007
FSR1                              00000185
FSR10                             00000000
FSR11                             00000001
FSR12                             00000002
FSR13                             00000003
FSR14                             00000004
FSR15                             00000005
FSR16                             00000006
FSR17                             00000007
GIE                               00000007
HFEN                              00000000
HIBYTE                            00000183
HIBYTE0                           00000000
HIBYTE1                           00000001
HIBYTE2                           00000002
HIBYTE3                           00000003
HIBYTE4                           00000004
HIBYTE5                           00000005
HIBYTE6                           00000006
HIBYTE7                           00000007
INDF0                             00000180
INDF00                            00000000
INDF01                            00000001
INDF02                            00000002
INDF03                            00000003
INDF04                            00000004
INDF05                            00000005
INDF06                            00000006
INDF07                            00000007
INDF1                             00000181
INDF10                            00000000
INDF11                            00000001
INDF12                            00000002
INDF13                            00000003
INDF14                            00000004
INDF15                            00000005
INDF16                            00000006
INDF17                            00000007
INDF2                             00000182
INDF20                            00000000
INDF21                            00000001
INDF22                            00000002
INDF23                            00000003
INDF24                            00000004
INDF25                            00000005
INDF26                            00000006
INDF27                            00000007
INDF3                             00000189
INDF30                            00000000
INDF31                            00000001
INDF32                            00000002
INDF33                            00000003
INDF34                            00000004
INDF35                            00000005
INDF36                            00000006
INDF37                            00000007
INT0IE                            00000002
INT0IF                            00000002
INT1IE                            00000003
INT1IF                            00000003
INTE                              0000018A
INTF                              0000018B
IOP0                              00000190
IOP1                              00000194
KBCR                              00000197
KBCR0                             00000000
KBCR1                             00000001
KBCR2                             00000002
KBCR3                             00000003
KBCR4                             00000004
KBCR5                             00000005
KBCR6                             00000006
KBIE                              00000004
KBIF                              00000004
LFEN                              00000001
LVDCR                             000001AF
LVDEN                             00000007
LVDF                              00000000
LVDS0                             00000004
LVDS1                             00000005
LVDS2                             00000006
MCR                               00000188
MINT00                            00000000
MINT01                            00000001
MINT10                            00000002
MINT11                            00000003
OEP0                              00000191
OEP1                              00000195
OSCCAL                            000001FB
OSCCAL0                           00000000
OSCCAL1                           00000001
OSCCAL2                           00000002
OSCCAL3                           00000003
OSCCAL4                           00000004
OSCCAL5                           00000005
OSCCAL6                           00000006
OSCCAL7                           00000007
OSCM                              000001AE
P00ANS                            00000000
P00D                              00000000
P00OE                             00000000
P00PU                             00000000
P01ANS                            00000001
P01D                              00000001
P01OE                             00000001
P01PU                             00000001
P02ANS                            00000002
P02D                              00000002
P02OE                             00000002
P02PU                             00000002
P03ANS                            00000003
P03D                              00000003
P03OE                             00000003
P03PU                             00000003
P04ANS                            00000004
P04D                              00000004
P04OE                             00000004
P04PU                             00000004
P10D                              00000000
P10OE                             00000000
P10PU                             00000000
P11D                              00000001
P11OE                             00000001
P11PU                             00000001
P12ANS                            00000005
P12D                              00000002
P12OE                             00000002
P12PU                             00000002
P13ANS                            00000006
P13D                              00000003
P13OE                             00000003
P13PU                             00000003
P14D                              00000004
P14OE                             00000004
P14PU                             00000004
P15D                              00000005
P15OE                             00000005
P15PU                             00000005
P16D                              00000006
P16OE                             00000006
P16PU                             00000006
PC0                               00000000
PC1                               00000001
PC2                               00000002
PC3                               00000003
PC4                               00000004
PC5                               00000005
PC6                               00000006
PC7                               00000007
PCL                               00000186
PD                                00000004
PFLAG                             00000187
PUP0                              00000192
PUP1                              00000196
PWM0OE                            00000006
PWM1OE                            00000006
STBH                              00000004
STBL                              00000005
STK00                             00000000
STK01                             00000000
STK02                             00000000
STK03                             00000000
STK04                             00000000
STK05                             00000000
STK06                             00000000
T0C0                              00000000
T0C1                              00000001
T0C2                              00000002
T0C3                              00000003
T0C4                              00000004
T0C5                              00000005
T0C6                              00000006
T0C7                              00000007
T0CNT                             000001A1
T0CR                              000001A0
T0DATA                            000001A3
T0DATA0                           00000000
T0DATA1                           00000001
T0DATA2                           00000002
T0DATA3                           00000003
T0DATA4                           00000004
T0DATA5                           00000005
T0DATA6                           00000006
T0DATA7                           00000007
T0IE                              00000000
T0IF                              00000000
T0LOAD                            000001A2
T0LOAD0                           00000000
T0LOAD1                           00000001
T0LOAD2                           00000002
T0LOAD3                           00000003
T0LOAD4                           00000004
T0LOAD5                           00000005
T0LOAD6                           00000006
T0LOAD7                           00000007
T0PR0                             00000000
T0PR1                             00000001
T0PR2                             00000002
T0PTS0                            00000003
T0PTS1                            00000004
T1C0                              00000000
T1C1                              00000001
T1C2                              00000002
T1C3                              00000003
T1C4                              00000004
T1C5                              00000005
T1C6                              00000006
T1C7                              00000007
T1CNT                             000001A5
T1CR                              000001A4
T1DATA                            000001A7
T1DATA0                           00000000
T1DATA1                           00000001
T1DATA2                           00000002
T1DATA3                           00000003
T1DATA4                           00000004
T1DATA5                           00000005
T1DATA6                           00000006
T1DATA7                           00000007
T1IE                              00000001
T1IF                              00000001
T1LOAD                            000001A6
T1LOAD0                           00000000
T1LOAD1                           00000001
T1LOAD2                           00000002
T1LOAD3                           00000003
T1LOAD4                           00000004
T1LOAD5                           00000005
T1LOAD6                           00000006
T1LOAD7                           00000007
T1PR0                             00000000
T1PR1                             00000001
T1PR2                             00000002
T1PTS0                            00000003
T1PTS1                            00000004
TC0EN                             00000007
TC1EN                             00000007
TO                                00000005
VRS0                              00000000
VRS1                              00000001
VRS2                              00000002
Z                                 00000002
_00107_DS_                        00000018
_00110_DS_                        00000030
_00114_DS_                        00000044
_00116_DS_                        00000062
_00117_DS_                        00000092
_00121_DS_                        00000015
_00124_DS_                        00000025
_CONFIG0                          00008000
_CONFIG1                          00008001
__32P21                           00000001
___fs2schar                       00000000
___fs2sint                        00000000
___fs2slong                       00000000
___fs2uchar                       00000000
___fs2uint                        00000000
___fs2ulong                       00000000
___fsadd                          00000000
___fsdiv                          00000000
___fseq                           00000000
___fsgt                           00000000
___fslt                           00000000
___fsmul                          00000000
___fsneq                          00000000
___fssub                          00000000
___schar2fs                       00000000
___sint2fs                        00000000
___slong2fs                       00000000
___uchar2fs                       00000000
___uint2fs                        00000000
___ulong2fs                       00000000
___ulong2fs_fl_1_22               0000000C
r0x1004                           00000003
r0x1005                           00000002
r0x1006                           00000001
r0x1007                           00000000
r0x1008                           00000004
r0x1009                           00000005
r0x100A                           00000006
r0x100B                           00000007
r0x100C                           00000008
r0x100D                           00000009
r0x100E                           0000000B
r0x100F                           0000000A

Errors   :     0
Warnings :     0 reported,     0 suppressed
Messages :     0 reported,     0 suppressed

