gpasm-2.0.0_beta2 (Nov  6 2017)_modulong.asm      2018-1-12  10:20:07          PAGE  1


LOC  OBJECT CODE     LINE SOURCE TEXT
  VALUE

                      00001 ;--------------------------------------------------------
                      00002 ; File Created by SN-SDCC : SinoMCU ANSI-C Compiler
                      00003 ; Version 1.1.0 (Dec 19 2017) (MINGW32)
                      00004 ; This file was generated Fri Jan 12 10:20:07 2018
                      00005 ;--------------------------------------------------------
                      00006 ; MC35 port for the RISC core
                      00007 ;--------------------------------------------------------
                      00008 ;       .file   "../../libsdcc_mc35/_modulong.c"
                      00009         list    p=7011
                      00010         radix dec
                      00011         include "7011.inc"
                      00001                 LIST
                      00002 ;mc32p7031.inc    Standard Header File, Version 1.00 by Sinomcu
                      00447                 LIST
                      00012 ;--------------------------------------------------------
                      00013 ; external declarations
                      00014 ;--------------------------------------------------------
                      00015 
                      00016         extern STK06
                      00017         extern STK05
                      00018         extern STK04
                      00019         extern STK03
                      00020         extern STK02
                      00021         extern STK01
                      00022         extern STK00
                      00023 ;--------------------------------------------------------
                      00024 ; global declarations
                      00025 ;--------------------------------------------------------
                      00026         global  __modulong
                      00027 
                      00028 ;--------------------------------------------------------
                      00029 ; global definitions
                      00030 ;--------------------------------------------------------
                      00031 ;--------------------------------------------------------
                      00032 ; absolute symbol definitions
                      00033 ;--------------------------------------------------------
                      00034 ;--------------------------------------------------------
                      00035 ; compiler-defined variables
                      00036 ;--------------------------------------------------------
                      00037 UDL__modulong_0 udata
0000                  00038 r0x1003 res     1
0000                  00039 r0x1002 res     1
0001                  00040 r0x1001 res     1
0001                  00041 r0x1000 res     1
0002                  00042 r0x1007 res     1
0002                  00043 r0x1006 res     1
0003                  00044 r0x1005 res     1
0003                  00045 r0x1004 res     1
0004                  00046 r0x1008 res     1
                      00047 ;--------------------------------------------------------
                      00048 ; initialized data
                      00049 ;--------------------------------------------------------
                      00050 
                      00051 ;@Allocation info for local variables in function '_modulong'
                      00052 ;@_modulong b                         Allocated to registers r0x1007 r0x1006 r0x1005 r0x1004 ;size:4
                      00053 ;@_modulong a                         Allocated to registers r0x1003 r0x1002 r0x1001 r0x1000 ;size:4
                      00054 ;@_modulong count                     Allocated to registers r0x1008 ;size:1
                      00055 ;@end Allocation info for local variables in function '_modulong';
                      00056 
                      00057 ;--------------------------------------------------------
                      00058 ; overlayable items in internal ram 
                      00059 ;--------------------------------------------------------
                      00060 ;       udata_ovr
                      00061 ;--------------------------------------------------------
                      00062 ; code
                      00063 ;--------------------------------------------------------
                      00064 code__modulong  code
                      00065 ;***
                      00066 ;  pBlock Stats: dbName = C
                      00067 ;***
                      00068 ;entry:  __modulong     ;Function start
                      00069 ; 2 exit points
                      00070 ;has an exit
                      00071 ;16 compiler assigned registers:
                      00072 ;   r0x1000
                      00073 ;   STK00
                      00074 ;   r0x1001
                      00075 ;   STK01
                      00076 ;   r0x1002
                      00077 ;   STK02
                      00078 ;   r0x1003
                      00079 ;   STK03
                      00080 ;   r0x1004
                      00081 ;   STK04
                      00082 ;   r0x1005
                      00083 ;   STK05
                      00084 ;   r0x1006
                      00085 ;   STK06
                      00086 ;   r0x1007
                      00087 ;   r0x1008
                      00088 ;; Starting pCode block
                      00089 ;;[ICODE] ../../libsdcc_mc35/_modulong.c:30:  _entry($12) :
                      00090 ;;[ICODE] ../../libsdcc_mc35/_modulong.c:30:    proc __modulong [k1 lr0:0 so:0]{ ia0 a2p0 re0 rm0 nos0 ru0 dp0}{unsigned-long-int function ( unsigned-long-int fixed, unsigned-long-int fixed) fixed}
0000                  00091 __modulong      ;Function start
                      00092 ; 2 exit points
                      00093 ;;[ICODE] ../../libsdcc_mc35/_modulong.c:30: iTemp0 [k2 lr3:32 so:0]{ ia0 a2p0 re1 rm0 nos0 ru0 dp0}{unsigned-long-int fixed}{ sir@ __modulong_a_1_1}[r0x1000 r0x1001 r0x1002 r0x1003 ] = recv __modulong [k1 lr0:0 so:0]{ ia0 a2p0 re0 rm0 nos0 ru0 dp0}{unsigned-long-int function ( unsigned-long-int fixed, unsigned-long-int fixed) fixed}
                      00094 ;       .line   30; "../../libsdcc_mc35/_modulong.c"    _modulong (unsigned long a, unsigned long b)
0000   1F00           00095         MOVRA   r0x1000
0001   1E00           00096         MOVAR   STK00
0002   1F00           00097         MOVRA   r0x1001
0003   1E00           00098         MOVAR   STK01
0004   1F00           00099         MOVRA   r0x1002
0005   1E00           00100         MOVAR   STK02
0006   1F00           00101         MOVRA   r0x1003
                      00102 ;;[ICODE] ../../libsdcc_mc35/_modulong.c:30: iTemp1 [k4 lr4:30 so:0]{ ia0 a2p0 re1 rm0 nos0 ru0 dp0}{unsigned-long-int fixed}{ sir@ __modulong_b_1_1}[r0x1004 r0x1005 r0x1006 r0x1007 ] = recv __modulong [k1 lr0:0 so:0]{ ia0 a2p0 re0 rm0 nos0 ru0 dp0}{unsigned-long-int function ( unsigned-long-int fixed, unsigned-long-int fixed) fixed}
0007   1E00           00103         MOVAR   STK03
0008   1F00           00104         MOVRA   r0x1004
0009   1E00           00105         MOVAR   STK04
000A   1F00           00106         MOVRA   r0x1005
000B   1E00           00107         MOVAR   STK05
000C   1F00           00108         MOVRA   r0x1006
000D   1E00           00109         MOVAR   STK06
000E   1F00           00110         MOVRA   r0x1007
                      00111 ;;[ICODE] ../../libsdcc_mc35/_modulong.c:35:    if iTemp1 [k4 lr4:30 so:0]{ ia0 a2p0 re1 rm0 nos0 ru0 dp0}{unsigned-long-int fixed}{ sir@ __modulong_b_1_1}[r0x1004 r0x1005 r0x1006 r0x1007 ] != 0 goto preHeaderLbl0($15)
                      00112 ;       .line   35; "../../libsdcc_mc35/_modulong.c"    if (!b) return (unsigned long)-1;
000F   1E00           00113         MOVAR   r0x1007
0010   1800           00114         ORAR    r0x1006
0011   1800           00115         ORAR    r0x1005
0012   1800           00116         ORAR    r0x1004
0013   5886           00117         JBSET   PFLAG,0
0014   8000           00118         GOTO    _00119_DS_
                      00119 ;;[ICODE] ../../libsdcc_mc35/_modulong.c:35:    ret 0xffffffff {unsigned-long-int literal}
0015   2DFF           00120         MOVAI   0xff
0016   1F00           00121         MOVRA   STK02
0017   2DFF           00122         MOVAI   0xff
0018   1F00           00123         MOVRA   STK01
0019   2DFF           00124         MOVAI   0xff
001A   1F00           00125         MOVRA   STK00
001B   2DFF           00126         MOVAI   0xff
001C   8000           00127         GOTO    _00115_DS_
                      00128 ;;[ICODE] ../../libsdcc_mc35/_modulong.c:39:  preHeaderLbl0($15) :
                      00129 ;;[ICODE] ../../libsdcc_mc35/_modulong.c:39:    iTemp5 [k10 lr8:18 so:0]{ ia0 a2p0 re0 rm0 nos0 ru0 dp0}{unsigned-char fixed}{ sir@ __modulong_count_1_2}[r0x1008 ] := 0x1 {const-unsigned-char literal}
001D                  00130 _00119_DS_
                      00131 ;       .line   39; "../../libsdcc_mc35/_modulong.c"    while (!(b & (1UL << (8*sizeof(unsigned long)-1)))) {
001D   2D01           00132         MOVAI   0x01
001E   1F00           00133         MOVRA   r0x1008
                      00134 ;;[ICODE] ../../libsdcc_mc35/_modulong.c:39:  _whilecontinue_0($3) :
                      00135 ;;[ICODE] ../../libsdcc_mc35/_modulong.c:39:    iTemp3 [k8 lr11:12 so:0]{ ia0 a2p0 re0 rm0 nos0 ru0 dp0}{unsigned-long-int register} = iTemp1 [k4 lr4:30 so:0]{ ia0 a2p0 re1 rm0 nos0 ru0 dp0}{unsigned-long-int fixed}{ sir@ __modulong_b_1_1}[r0x1004 r0x1005 r0x1006 r0x1007 ] & 0x80000000 {unsigned-long-int literal}
001F                  00136 _00107_DS_
001F   5700           00137         JBCLR   r0x1004,7
0020   8000           00138         GOTO    _00112_DS_
                      00139 ;;[ICODE] ../../libsdcc_mc35/_modulong.c:39:    if iTemp3 [k8 lr11:12 so:0]{ ia0 a2p0 re0 rm0 nos0 ru0 dp0}{unsigned-long-int register} != 0 goto preHeaderLbl1($18)
                      00140 ;;[ICODE] ../../libsdcc_mc35/_modulong.c:40:    iTemp1 [k4 lr4:30 so:0]{ ia0 a2p0 re1 rm0 nos0 ru0 dp0}{unsigned-long-int fixed}{ sir@ __modulong_b_1_1}[r0x1004 r0x1005 r0x1006 r0x1007 ] = iTemp1 [k4 lr4:30 so:0]{ ia0 a2p0 re1 rm0 nos0 ru0 dp0}{unsigned-long-int fixed}{ sir@ __modulong_b_1_1}[r0x1004 r0x1005 r0x1006 r0x1007 ] << 0x1 {const-unsigned-char literal}
                      00141 ;       .line   40; "../../libsdcc_mc35/_modulong.c"    b <<= 1;
0021   4286           00142         BCLR    PFLAG,2
0022   0B00           00143         RLR     r0x1007
0023   0B00           00144         RLR     r0x1006
0024   0B00           00145         RLR     r0x1005
0025   0B00           00146         RLR     r0x1004
                      00147 ;;[ICODE] ../../libsdcc_mc35/_modulong.c:41:    iTemp5 [k10 lr8:18 so:0]{ ia0 a2p0 re0 rm0 nos0 ru0 dp0}{unsigned-char fixed}{ sir@ __modulong_count_1_2}[r0x1008 ] = iTemp5 [k10 lr8:18 so:0]{ ia0 a2p0 re0 rm0 nos0 ru0 dp0}{unsigned-char fixed}{ sir@ __modulong_count_1_2}[r0x1008 ] + 0x1 {const-unsigned-char literal}
                      00148 ;       .line   41; "../../libsdcc_mc35/_modulong.c"    ++count;
0026   2D01           00149         MOVAI   0x01
0027   1300           00150         ADDRA   r0x1008
                      00151 ;;[ICODE] ../../libsdcc_mc35/_modulong.c:41:     goto _whilecontinue_0($3)
0028   8000           00152         GOTO    _00107_DS_
                      00153 ;;[ICODE] ../../libsdcc_mc35/_modulong.c:45:  preHeaderLbl1($18) :
                      00154 ;;[ICODE] ../../libsdcc_mc35/_modulong.c:45:    iTemp9 [k14 lr18:30 so:0]{ ia0 a2p0 re0 rm0 nos0 ru0 dp0}{unsigned-char fixed}{ sir@ __modulong_count_1_2}[r0x1008 ] := iTemp5 [k10 lr8:18 so:0]{ ia0 a2p0 re0 rm0 nos0 ru0 dp0}{unsigned-char fixed}{ sir@ __modulong_count_1_2}[r0x1008 ]
                      00155 ;;[ICODE] ../../libsdcc_mc35/_modulong.c:45:  _whilecontinue_1($8) :
                      00156 ;;[ICODE] ../../libsdcc_mc35/_modulong.c:45:    if iTemp9 [k14 lr18:30 so:0]{ ia0 a2p0 re0 rm0 nos0 ru0 dp0}{unsigned-char fixed}{ sir@ __modulong_count_1_2}[r0x1008 ] == 0 goto _whilebreak_1($10)
0029                  00157 _00112_DS_
                      00158 ;       .line   45; "../../libsdcc_mc35/_modulong.c"    while (count) {
0029   2D00           00159         MOVAI   0x00
002A   1800           00160         ORAR    r0x1008
002B   5086           00161         JBCLR   PFLAG,0
002C   8000           00162         GOTO    _00114_DS_
                      00163 ;;[ICODE] ../../libsdcc_mc35/_modulong.c:46:    iTemp6 [k11 lr22:23 so:0]{ ia0 a2p0 re0 rm0 nos0 ru0 dp0}{char fixed} = iTemp0 [k2 lr3:32 so:0]{ ia0 a2p0 re1 rm0 nos0 ru0 dp0}{unsigned-long-int fixed}{ sir@ __modulong_a_1_1}[r0x1000 r0x1001 r0x1002 r0x1003 ] < iTemp1 [k4 lr4:30 so:0]{ ia0 a2p0 re1 rm0 nos0 ru0 dp0}{unsigned-long-int fixed}{ sir@ __modulong_b_1_1}[r0x1004 r0x1005 r0x1006 r0x1007 ]
                      00164 ;       .line   46; "../../libsdcc_mc35/_modulong.c"    if (a >= b) {
002D   1E00           00165         MOVAR   r0x1004
002E   2C00           00166         XCH     r0x1000
002F   2300           00167         ASUBRA  r0x1000
0030   2C00           00168         XCH     r0x1000
0031   5886           00169         JBSET   PFLAG,0
0032   8000           00170         GOTO    _00131_DS_
0033   1E00           00171         MOVAR   r0x1005
0034   2C00           00172         XCH     r0x1001
0035   2300           00173         ASUBRA  r0x1001
0036   2C00           00174         XCH     r0x1001
0037   5886           00175         JBSET   PFLAG,0
0038   8000           00176         GOTO    _00131_DS_
0039   1E00           00177         MOVAR   r0x1006
003A   2C00           00178         XCH     r0x1002
003B   2300           00179         ASUBRA  r0x1002
003C   2C00           00180         XCH     r0x1002
003D   5886           00181         JBSET   PFLAG,0
003E   8000           00182         GOTO    _00131_DS_
003F   1E00           00183         MOVAR   r0x1007
0040   2C00           00184         XCH     r0x1003
0041   2300           00185         ASUBRA  r0x1003
0042   2C00           00186         XCH     r0x1003
0043                  00187 _00131_DS_
0043   5A86           00188         JBSET   PFLAG,2
0044   8000           00189         GOTO    _00111_DS_
                      00190 ;;genSkipc:3223: created from rifx:00DE608C
                      00191 ;;[ICODE] ../../libsdcc_mc35/_modulong.c:46:    if iTemp6 [k11 lr22:23 so:0]{ ia0 a2p0 re0 rm0 nos0 ru0 dp0}{char fixed} != 0 goto _iffalse_1($7)
                      00192 ;;[ICODE] ../../libsdcc_mc35/_modulong.c:47:    iTemp0 [k2 lr3:32 so:0]{ ia0 a2p0 re1 rm0 nos0 ru0 dp0}{unsigned-long-int fixed}{ sir@ __modulong_a_1_1}[r0x1000 r0x1001 r0x1002 r0x1003 ] = iTemp0 [k2 lr3:32 so:0]{ ia0 a2p0 re1 rm0 nos0 ru0 dp0}{unsigned-long-int fixed}{ sir@ __modulong_a_1_1}[r0x1000 r0x1001 r0x1002 r0x1003 ] - iTemp1 [k4 lr4:30 so:0]{ ia0 a2p0 re1 rm0 nos0 ru0 dp0}{unsigned-long-int fixed}{ sir@ __modulong_b_1_1}[r0x1004 r0x1005 r0x1006 r0x1007 ]
                      00193 ;       .line   47; "../../libsdcc_mc35/_modulong.c"    a -= b;
0045   1E00           00194         MOVAR   r0x1007
0046   2C00           00195         XCH     r0x1003
0047   2200           00196         ASUBAR  r0x1003
0048   2C00           00197         XCH     r0x1003
0049   1E00           00198         MOVAR   r0x1006
004A   2C00           00199         XCH     r0x1002
004B   5A86           00200         JBSET   PFLAG,2
004C   1600           00201         JZR     r0x1002
004D   2200           00202         ASUBAR  r0x1002
004E   2C00           00203         XCH     r0x1002
004F   1E00           00204         MOVAR   r0x1005
0050   2C00           00205         XCH     r0x1001
0051   5A86           00206         JBSET   PFLAG,2
0052   1600           00207         JZR     r0x1001
0053   2200           00208         ASUBAR  r0x1001
0054   2C00           00209         XCH     r0x1001
0055   1E00           00210         MOVAR   r0x1004
0056   2C00           00211         XCH     r0x1000
0057   5A86           00212         JBSET   PFLAG,2
0058   1600           00213         JZR     r0x1000
0059   2200           00214         ASUBAR  r0x1000
005A   2C00           00215         XCH     r0x1000
                      00216 ;;[ICODE] ../../libsdcc_mc35/_modulong.c:47:  _iffalse_1($7) :
                      00217 ;;[ICODE] ../../libsdcc_mc35/_modulong.c:49:    iTemp1 [k4 lr4:30 so:0]{ ia0 a2p0 re1 rm0 nos0 ru0 dp0}{unsigned-long-int fixed}{ sir@ __modulong_b_1_1}[r0x1004 r0x1005 r0x1006 r0x1007 ] = iTemp1 [k4 lr4:30 so:0]{ ia0 a2p0 re1 rm0 nos0 ru0 dp0}{unsigned-long-int fixed}{ sir@ __modulong_b_1_1}[r0x1004 r0x1005 r0x1006 r0x1007 ] >> 0x1 {const-unsigned-char literal}
                      00218 ;;shiftRight_Left2ResultLit:5270: shCount=1, size=4, sign=0, same=1, offr=0
005B                  00219 _00111_DS_
                      00220 ;       .line   49; "../../libsdcc_mc35/_modulong.c"    b >>= 1;
005B   4286           00221         BCLR    PFLAG,2
005C   0900           00222         RRR     r0x1004
005D   0900           00223         RRR     r0x1005
005E   0900           00224         RRR     r0x1006
005F   0900           00225         RRR     r0x1007
                      00226 ;;[ICODE] ../../libsdcc_mc35/_modulong.c:50:    iTemp9 [k14 lr18:30 so:0]{ ia0 a2p0 re0 rm0 nos0 ru0 dp0}{unsigned-char fixed}{ sir@ __modulong_count_1_2}[r0x1008 ] = iTemp9 [k14 lr18:30 so:0]{ ia0 a2p0 re0 rm0 nos0 ru0 dp0}{unsigned-char fixed}{ sir@ __modulong_count_1_2}[r0x1008 ] - 0x1 {const-unsigned-char literal}
                      00227 ;       .line   50; "../../libsdcc_mc35/_modulong.c"    --count;
0060   2600           00228         DJZR    r0x1008
0061   0000           00229         NOP     
                      00230 ;;[ICODE] ../../libsdcc_mc35/_modulong.c:50:     goto _whilecontinue_1($8)
0062   8000           00231         GOTO    _00112_DS_
                      00232 ;;[ICODE] ../../libsdcc_mc35/_modulong.c:50:  _whilebreak_1($10) :
                      00233 ;;[ICODE] ../../libsdcc_mc35/_modulong.c:53:    ret iTemp0 [k2 lr3:32 so:0]{ ia0 a2p0 re1 rm0 nos0 ru0 dp0}{unsigned-long-int fixed}{ sir@ __modulong_a_1_1}[r0x1000 r0x1001 r0x1002 r0x1003 ]
0063                  00234 _00114_DS_
                      00235 ;       .line   53; "../../libsdcc_mc35/_modulong.c"    return a;
0063   1E00           00236         MOVAR   r0x1003
0064   1F00           00237         MOVRA   STK02
0065   1E00           00238         MOVAR   r0x1002
0066   1F00           00239         MOVRA   STK01
0067   1E00           00240         MOVAR   r0x1001
0068   1F00           00241         MOVRA   STK00
0069   1E00           00242         MOVAR   r0x1000
                      00243 ;;[ICODE] ../../libsdcc_mc35/_modulong.c:53:  _return($11) :
                      00244 ;;[ICODE] ../../libsdcc_mc35/_modulong.c:53:    eproc __modulong [k1 lr0:0 so:0]{ ia0 a2p0 re0 rm0 nos0 ru0 dp0}{unsigned-long-int function ( unsigned-long-int fixed, unsigned-long-int fixed) fixed}
006A                  00245 _00115_DS_
006A   0E00           00246         RETURN  
                      00247 ; exit point of __modulong
                      00248 
                      00249 
                      00250 ;       code size estimation:
                      00251 ;         107+    0 =   107 instructions (  214 byte)
                      00252 
                      00253         end
gpasm-2.0.0_beta2 (Nov  6 2017)_modulong.asm      2018-1-12  10:20:07          PAGE  2


SYMBOL TABLE
  LABEL                             VALUE

ADCHS0                            00000000
ADCHS1                            00000001
ADCHS2                            00000002
ADCKS0                            00000004
ADCKS1                            00000006
ADCR                              000000B1
ADEOC                             00000005
ADIE                              00000007
ADIF                              00000007
ADLEN                             00000005
ADON                              00000007
ADR0                              00000000
ADR1                              00000001
ADR10                             00000006
ADR11                             00000007
ADR2                              00000002
ADR3                              00000003
ADR4                              00000000
ADR5                              00000001
ADR6                              00000002
ADR7                              00000003
ADR8                              00000004
ADR9                              00000005
ADRH                              000000B2
ADRL                              000000B3
ADST                              00000006
ANSEL                             000000AE
BUZ0OE                            00000001
BUZ1OE                            00000001
BUZ2OE                            00000001
C                                 00000002
CLKS                              00000002
CPUM0                             00000003
CPUM1                             00000004
DC                                00000001
FSR0                              00000083
FSR00                             00000000
FSR01                             00000001
FSR02                             00000002
FSR03                             00000003
FSR04                             00000004
FSR05                             00000005
FSR06                             00000006
FSR07                             00000007
FSR1                              00000084
FSR10                             00000000
FSR11                             00000001
FSR12                             00000002
FSR13                             00000003
FSR14                             00000004
FSR15                             00000005
FSR16                             00000006
FSR17                             00000007
GCHS                              00000004
GIE                               00000007
HIBYTE                            00000082
HIBYTE0                           00000000
HIBYTE1                           00000001
HIBYTE2                           00000002
HIBYTE3                           00000003
HIBYTE4                           00000004
HIBYTE5                           00000005
HIBYTE6                           00000006
HIBYTE7                           00000007
HOFF                              00000001
INDF                              000000E7
INDF0                             00000000
INDF1                             00000001
INDF2                             00000002
INDF3                             00000003
INDF4                             00000004
INDF5                             00000005
INDF6                             00000006
INDF7                             00000007
INT0IE                            00000000
INT0IF                            00000000
INT1IE                            00000001
INT1IF                            00000001
INTE                              000000C9
INTF                              000000C8
IOP0                              000000D0
IOP4                              000000D4
IOP5                              000000D5
LVD24                             00000004
LVD36                             00000005
MINT00                            00000003
MINT01                            00000004
NPD                               00000006
NT0                               00000007
OEP0                              000000B8
OEP4                              000000C4
OEP5                              000000C5
OSCM                              000000CA
P00D                              00000000
P00OE                             00000000
P00PU                             00000000
P01D                              00000001
P01OE                             00000001
P01PU                             00000001
P02D                              00000002
P02OE                             00000002
P02PU                             00000002
P03D                              00000003
P03OE                             00000003
P03PU                             00000003
P04D                              00000004
P04OE                             00000004
P04PU                             00000004
P40ANS                            00000000
P40D                              00000000
P40OE                             00000000
P40PU                             00000000
P41ANS                            00000001
P41D                              00000001
P41OE                             00000001
P41PU                             00000001
P42ANS                            00000002
P42D                              00000002
P42OE                             00000002
P42PU                             00000002
P43ANS                            00000003
P43D                              00000003
P43OE                             00000003
P43PU                             00000003
P44ANS                            00000004
P44D                              00000004
P44OE                             00000004
P44PU                             00000004
P45ANS                            00000005
P45D                              00000005
P45OE                             00000005
P45PU                             00000005
P52D                              00000002
P52OE                             00000002
P52PU                             00000002
P53D                              00000003
P53OE                             00000003
P53PU                             00000003
P54D                              00000004
P54OE                             00000004
P54PU                             00000004
PC0                               00000000
PC1                               00000001
PC10                              00000002
PC2                               00000002
PC3                               00000003
PC4                               00000004
PC5                               00000005
PC6                               00000006
PC7                               00000007
PC8                               00000000
PC9                               00000001
PCH                               000000CF
PCL                               000000CE
PEDGE                             000000BF
PFLAG                             00000086
PUP0                              000000E0
PUP4                              000000E4
PUP5                              000000E5
PWM0OE                            00000000
PWM1OE                            00000000
PWM2OE                            00000000
STK00                             00000000
STK01                             00000000
STK02                             00000000
STK03                             00000000
STK04                             00000000
STK05                             00000000
STK06                             00000000
STK0H                             000000FF
STK0L                             000000FE
STK1H                             000000FD
STK1L                             000000FC
STK2H                             000000FB
STK2L                             000000FA
STK3H                             000000F9
STK3L                             000000F8
STKP                              000000DF
STKP0                             00000000
STKP1                             00000001
STKP2                             00000002
T0ALOAD                           00000002
T0C                               000000DB
T0C0                              00000000
T0C1                              00000001
T0C2                              00000002
T0C3                              00000003
T0C4                              00000004
T0C5                              00000005
T0C6                              00000006
T0C7                              00000007
T0CR                              000000DA
T0D                               000000CD
T0D0                              00000000
T0D1                              00000001
T0D2                              00000002
T0D3                              00000003
T0D4                              00000004
T0D5                              00000005
T0D6                              00000006
T0D7                              00000007
T0GE                              00000001
T0IE                              00000005
T0IF                              00000005
T0PR0                             00000004
T0PR1                             00000005
T0PR2                             00000006
T0PTS                             00000003
T0PTSX                            00000002
T1ALOAD                           00000002
T1C                               000000DD
T1C0                              00000000
T1C1                              00000001
T1C2                              00000002
T1C3                              00000003
T1C4                              00000004
T1C5                              00000005
T1C6                              00000006
T1C7                              00000007
T1CR                              000000DC
T1D                               000000DE
T1D0                              00000000
T1D1                              00000001
T1D2                              00000002
T1D3                              00000003
T1D4                              00000004
T1D5                              00000005
T1D6                              00000006
T1D7                              00000007
T1IE                              00000006
T1IF                              00000006
T1PR0                             00000004
T1PR1                             00000005
T1PR2                             00000006
T1PTS                             00000003
T1PTSX                            00000003
T2ALOAD                           00000002
T2C                               000000ED
T2C0                              00000000
T2C1                              00000001
T2C2                              00000002
T2C3                              00000003
T2C4                              00000004
T2C5                              00000005
T2C6                              00000006
T2C7                              00000007
T2CR                              000000EC
T2D                               000000EE
T2D0                              00000000
T2D1                              00000001
T2D2                              00000002
T2D3                              00000003
T2D4                              00000004
T2D5                              00000005
T2D6                              00000006
T2D7                              00000007
T2IE                              00000004
T2IF                              00000004
T2PR0                             00000004
T2PR1                             00000005
T2PR2                             00000006
T2PTS                             00000003
T2PTSX                            00000004
TC0EN                             00000007
TC1EN                             00000007
TC2EN                             00000007
TXCR                              000000D8
VREF                              000000AF
VREFS                             00000007
VRS0                              00000000
VRS1                              00000001
WDTR                              000000CC
WDTR0                             00000000
WDTR1                             00000001
WDTR2                             00000002
WDTR3                             00000003
WDTR4                             00000004
WDTR5                             00000005
WDTR6                             00000006
WDTR7                             00000007
Z                                 00000000
_00107_DS_                        0000001F
_00111_DS_                        0000005B
_00112_DS_                        00000029
_00114_DS_                        00000063
_00115_DS_                        0000006A
_00119_DS_                        0000001D
_00131_DS_                        00000043
_CONFIG0                          00008000
_CONFIG1                          00008001
__32P7011                         00000001
__modulong                        00000000
r0x1000                           00000003
r0x1001                           00000002
r0x1002                           00000001
r0x1003                           00000000
r0x1004                           00000007
r0x1005                           00000006
r0x1006                           00000005
r0x1007                           00000004
r0x1008                           00000008

Errors   :     0
Warnings :     0 reported,     0 suppressed
Messages :     0 reported,     0 suppressed

