gpasm-2.0.0_beta2 (Nov  6 2017)_mullong.asm       2018-1-4  10:24:32           PAGE  1


LOC  OBJECT CODE     LINE SOURCE TEXT
  VALUE

                      00001 ;--------------------------------------------------------
                      00002 ; File Created by SN-SDCC : SinoMCU ANSI-C Compiler
                      00003 ; Version 1.1.0 (Dec 19 2017) (MINGW32)
                      00004 ; This file was generated Thu Jan 04 10:24:32 2018
                      00005 ;--------------------------------------------------------
                      00006 ; MC35 port for the RISC core
                      00007 ;--------------------------------------------------------
                      00008 ;       .file   "../../libsdcc_mc35/_mullong.c"
                      00009         list    p=7011
                      00010         radix dec
                      00011         include "7011.inc"
                      00001                 LIST
                      00002 ;mc32p7031.inc    Standard Header File, Version 1.00 by Sinomcu
                      00447                 LIST
                      00012 ;--------------------------------------------------------
                      00013 ; external declarations
                      00014 ;--------------------------------------------------------
                      00015 
                      00016         extern STK06
                      00017         extern STK05
                      00018         extern STK04
                      00019         extern STK03
                      00020         extern STK02
                      00021         extern STK01
                      00022         extern STK00
                      00023 ;--------------------------------------------------------
                      00024 ; global declarations
                      00025 ;--------------------------------------------------------
                      00026         global  __mullong
                      00027 
                      00028 ;--------------------------------------------------------
                      00029 ; global definitions
                      00030 ;--------------------------------------------------------
                      00031 ;--------------------------------------------------------
                      00032 ; absolute symbol definitions
                      00033 ;--------------------------------------------------------
                      00034 ;--------------------------------------------------------
                      00035 ; compiler-defined variables
                      00036 ;--------------------------------------------------------
                      00037 UDL__mullong_0  udata
0000                  00038 r0x1003 res     1
0000                  00039 r0x1002 res     1
0001                  00040 r0x1001 res     1
0001                  00041 r0x1000 res     1
0002                  00042 r0x1007 res     1
0002                  00043 r0x1006 res     1
0003                  00044 r0x1005 res     1
0003                  00045 r0x1004 res     1
0004                  00046 r0x1008 res     1
0004                  00047 r0x1009 res     1
0005                  00048 r0x100A res     1
0005                  00049 r0x100B res     1
0006                  00050 r0x100C res     1
0006                  00051 r0x100D res     1
0007                  00052 r0x100E res     1
0007                  00053 r0x100F res     1
0008                  00054 r0x1010 res     1
                      00055 ;--------------------------------------------------------
                      00056 ; initialized data
                      00057 ;--------------------------------------------------------
                      00058 
                      00059 ;@Allocation info for local variables in function '_mullong'
                      00060 ;@_mullong b                         Allocated to registers r0x1007 r0x1006 r0x1005 r0x1004 ;size:4
                      00061 ;@_mullong a                         Allocated to registers r0x1003 r0x1002 r0x1001 r0x1000 ;size:4
                      00062 ;@_mullong result                    Allocated to registers r0x1008 r0x1009 r0x100A r0x100B ;size:4
                      00063 ;@_mullong i                         Allocated to registers r0x100C ;size:1
                      00064 ;@end Allocation info for local variables in function '_mullong';
                      00065 
                      00066 ;--------------------------------------------------------
                      00067 ; overlayable items in internal ram 
                      00068 ;--------------------------------------------------------
                      00069 ;       udata_ovr
                      00070 ;--------------------------------------------------------
                      00071 ; code
                      00072 ;--------------------------------------------------------
                      00073 code__mullong   code
                      00074 ;***
                      00075 ;  pBlock Stats: dbName = C
                      00076 ;***
                      00077 ;entry:  __mullong      ;Function start
                      00078 ; 2 exit points
                      00079 ;has an exit
                      00080 ;24 compiler assigned registers:
                      00081 ;   r0x1000
                      00082 ;   STK00
                      00083 ;   r0x1001
                      00084 ;   STK01
                      00085 ;   r0x1002
                      00086 ;   STK02
                      00087 ;   r0x1003
                      00088 ;   STK03
                      00089 ;   r0x1004
                      00090 ;   STK04
                      00091 ;   r0x1005
                      00092 ;   STK05
                      00093 ;   r0x1006
                      00094 ;   STK06
                      00095 ;   r0x1007
                      00096 ;   r0x1008
                      00097 ;   r0x1009
                      00098 ;   r0x100A
                      00099 ;   r0x100B
                      00100 ;   r0x100C
                      00101 ;   r0x100D
                      00102 ;   r0x100E
                      00103 ;   r0x100F
                      00104 ;   r0x1010
                      00105 ;; Starting pCode block
                      00106 ;;[ICODE] ../../libsdcc_mc35/_mullong.c:33:  _entry($16) :
                      00107 ;;[ICODE] ../../libsdcc_mc35/_mullong.c:33:     proc __mullong [k1 lr0:0 so:0]{ ia0 a2p0 re0 rm0 nos0 ru0 dp0}{long-int function ( long-int fixed, long-int fixed) fixed}
0000                  00108 __mullong       ;Function start
                      00109 ; 2 exit points
                      00110 ;;[ICODE] ../../libsdcc_mc35/_mullong.c:33: iTemp0 [k2 lr3:43 so:0]{ ia0 a2p0 re1 rm0 nos0 ru0 dp0}{long-int fixed}{ sir@ __mullong_a_1_1}[r0x1000 r0x1001 r0x1002 r0x1003 ] = recv __mullong [k1 lr0:0 so:0]{ ia0 a2p0 re0 rm0 nos0 ru0 dp0}{long-int function ( long-int fixed, long-int fixed) fixed}
                      00111 ;       .line   33; "../../libsdcc_mc35/_mullong.c"     _mullong (long a, long b)
0000   1F00           00112         MOVRA   r0x1000
0001   1E00           00113         MOVAR   STK00
0002   1F00           00114         MOVRA   r0x1001
0003   1E00           00115         MOVAR   STK01
0004   1F00           00116         MOVRA   r0x1002
0005   1E00           00117         MOVAR   STK02
0006   1F00           00118         MOVRA   r0x1003
                      00119 ;;[ICODE] ../../libsdcc_mc35/_mullong.c:33: iTemp1 [k4 lr4:43 so:0]{ ia0 a2p0 re1 rm0 nos0 ru0 dp0}{long-int fixed}{ sir@ __mullong_b_1_1}[r0x1004 r0x1005 r0x1006 r0x1007 ] = recv __mullong [k1 lr0:0 so:0]{ ia0 a2p0 re0 rm0 nos0 ru0 dp0}{long-int function ( long-int fixed, long-int fixed) fixed}
0007   1E00           00120         MOVAR   STK03
0008   1F00           00121         MOVRA   r0x1004
0009   1E00           00122         MOVAR   STK04
000A   1F00           00123         MOVRA   r0x1005
000B   1E00           00124         MOVAR   STK05
000C   1F00           00125         MOVRA   r0x1006
000D   1E00           00126         MOVAR   STK06
000E   1F00           00127         MOVRA   r0x1007
                      00128 ;;[ICODE] ../../libsdcc_mc35/_mullong.c:35:     iTemp2 [k6 lr5:44 so:0]{ ia0 a2p0 re1 rm0 nos0 ru0 dp0}{long-int fixed}{ sir@ __mullong_result_1_2}[r0x1008 r0x1009 r0x100A r0x100B ] := 0x0 {long-int literal}
                      00129 ;       .line   35; "../../libsdcc_mc35/_mullong.c"     long result = 0;
000F   2B00           00130         CLRR    r0x1008
0010   2B00           00131         CLRR    r0x1009
0011   2B00           00132         CLRR    r0x100A
0012   2B00           00133         CLRR    r0x100B
                      00134 ;;[ICODE] ../../libsdcc_mc35/_mullong.c:39:     iTemp3 [k8 lr6:43 so:0]{ ia0 a2p0 re1 rm0 nos0 ru0 dp0}{unsigned-char fixed}{ sir@ __mullong_i_1_2}[r0x100C ] := 0x8 {unsigned-char literal}
                      00135 ;       .line   39; "../../libsdcc_mc35/_mullong.c"     for (i = 0; i < 8u; i++) {
0013   2D08           00136         MOVAI   0x08
0014   1F00           00137         MOVRA   r0x100C
                      00138 ;;[ICODE] ../../libsdcc_mc35/_mullong.c:39:  _forcontinue_0($14) :
                      00139 ;;[ICODE] ../../libsdcc_mc35/_mullong.c:41:     iTemp4 [k10 lr9:10 so:0]{ ia0 a2p0 re0 rm0 nos0 ru0 dp0}{long-int fixed} = iTemp0 [k2 lr3:43 so:0]{ ia0 a2p0 re1 rm0 nos0 ru0 dp0}{long-int fixed}{ sir@ __mullong_a_1_1}[r0x1000 r0x1001 r0x1002 r0x1003 ] & 0x1 {long-int literal}
0015                  00140 _00118_DS_
                      00141 ;       .line   41; "../../libsdcc_mc35/_mullong.c"     if (a & 0x0001u) result += b;
0015   5800           00142         JBSET   r0x1003,0
0016   8000           00143         GOTO    _00109_DS_
                      00144 ;;[ICODE] ../../libsdcc_mc35/_mullong.c:41:     if iTemp4 [k10 lr9:10 so:0]{ ia0 a2p0 re0 rm0 nos0 ru0 dp0}{long-int fixed} == 0 goto _andif_0($5)
                      00145 ;;[ICODE] ../../libsdcc_mc35/_mullong.c:41:     iTemp2 [k6 lr5:44 so:0]{ ia0 a2p0 re1 rm0 nos0 ru0 dp0}{long-int fixed}{ sir@ __mullong_result_1_2}[r0x1008 r0x1009 r0x100A r0x100B ] = iTemp2 [k6 lr5:44 so:0]{ ia0 a2p0 re1 rm0 nos0 ru0 dp0}{long-int fixed}{ sir@ __mullong_result_1_2}[r0x1008 r0x1009 r0x100A r0x100B ] + iTemp1 [k4 lr4:43 so:0]{ ia0 a2p0 re1 rm0 nos0 ru0 dp0}{long-int fixed}{ sir@ __mullong_b_1_1}[r0x1004 r0x1005 r0x1006 r0x1007 ]
0017   1E00           00146         MOVAR   r0x1007
0018   1300           00147         ADDRA   r0x1008
0019   1E00           00148         MOVAR   r0x1006
001A   5286           00149         JBCLR   PFLAG,2
001B   1500           00150         JZAR    r0x1006
001C   1300           00151         ADDRA   r0x1009
001D   1E00           00152         MOVAR   r0x1005
001E   5286           00153         JBCLR   PFLAG,2
001F   1500           00154         JZAR    r0x1005
0020   1300           00155         ADDRA   r0x100A
0021   1E00           00156         MOVAR   r0x1004
0022   5286           00157         JBCLR   PFLAG,2
0023   1500           00158         JZAR    r0x1004
0024   1300           00159         ADDRA   r0x100B
                      00160 ;;[ICODE] ../../libsdcc_mc35/_mullong.c:42:  _andif_0($5) :
                      00161 ;;[ICODE] ../../libsdcc_mc35/_mullong.c:42:     iTemp6 [k12 lr14:15 so:0]{ ia0 a2p0 re0 rm0 nos0 ru0 dp0}{unsigned-long-int register}[r0x100D r0x100E r0x100F r0x1010 ] = (unsigned-long-int register)iTemp0 [k2 lr3:43 so:0]{ ia0 a2p0 re1 rm0 nos0 ru0 dp0}{long-int fixed}{ sir@ __mullong_a_1_1}[r0x1000 r0x1001 r0x1002 r0x1003 ]
0025                  00162 _00109_DS_
                      00163 ;       .line   42; "../../libsdcc_mc35/_mullong.c"     if (sizeof (a) > 1 && (a & 0x00000100ul)) result += (b << 8u);
0025   1E00           00164         MOVAR   r0x1003
0026   1F00           00165         MOVRA   r0x100D
0027   1E00           00166         MOVAR   r0x1002
0028   1F00           00167         MOVRA   r0x100E
0029   1E00           00168         MOVAR   r0x1001
002A   1F00           00169         MOVRA   r0x100F
002B   1E00           00170         MOVAR   r0x1000
002C   1F00           00171         MOVRA   r0x1010
                      00172 ;;[ICODE] ../../libsdcc_mc35/_mullong.c:42:     iTemp7 [k13 lr15:16 so:0]{ ia0 a2p0 re0 rm0 nos0 ru0 dp0}{unsigned-long-int register} = iTemp6 [k12 lr14:15 so:0]{ ia0 a2p0 re0 rm0 nos0 ru0 dp0}{unsigned-long-int register}[r0x100D r0x100E r0x100F r0x1010 ] & 0x100 {const-unsigned-long-int literal}
002D   5800           00173         JBSET   r0x100E,0
002E   8000           00174         GOTO    _00112_DS_
                      00175 ;;[ICODE] ../../libsdcc_mc35/_mullong.c:42:     if iTemp7 [k13 lr15:16 so:0]{ ia0 a2p0 re0 rm0 nos0 ru0 dp0}{unsigned-long-int register} == 0 goto _andif_1($8)
                      00176 ;;[ICODE] ../../libsdcc_mc35/_mullong.c:42:     iTemp8 [k14 lr17:18 so:0]{ ia0 a2p0 re0 rm0 nos0 ru0 dp0}{long-int fixed}[r0x100D r0x100E r0x100F r0x1010 ] = iTemp1 [k4 lr4:43 so:0]{ ia0 a2p0 re1 rm0 nos0 ru0 dp0}{long-int fixed}{ sir@ __mullong_b_1_1}[r0x1004 r0x1005 r0x1006 r0x1007 ] << 0x8 {const-unsigned-int literal}
002F   1E00           00177         MOVAR   r0x1005
0030   1F00           00178         MOVRA   r0x1010
0031   1E00           00179         MOVAR   r0x1006
0032   1F00           00180         MOVRA   r0x100F
                      00181 ;;100   MOVAR   r0x1007
0033   2B00           00182         CLRR    r0x100D
                      00183 ;;[ICODE] ../../libsdcc_mc35/_mullong.c:42:     iTemp2 [k6 lr5:44 so:0]{ ia0 a2p0 re1 rm0 nos0 ru0 dp0}{long-int fixed}{ sir@ __mullong_result_1_2}[r0x1008 r0x1009 r0x100A r0x100B ] = iTemp2 [k6 lr5:44 so:0]{ ia0 a2p0 re1 rm0 nos0 ru0 dp0}{long-int fixed}{ sir@ __mullong_result_1_2}[r0x1008 r0x1009 r0x100A r0x100B ] + iTemp8 [k14 lr17:18 so:0]{ ia0 a2p0 re0 rm0 nos0 ru0 dp0}{long-int fixed}[r0x100D r0x100E r0x100F r0x1010 ]
0034   2D00           00184         MOVAI   0x00
0035   1300           00185         ADDRA   r0x1008
                      00186 ;;99    MOVAR   r0x100E
0036   1E00           00187         MOVAR   r0x1007
0037   1F00           00188         MOVRA   r0x100E
0038   5286           00189         JBCLR   PFLAG,2
0039   1500           00190         JZAR    r0x100E
003A   1300           00191         ADDRA   r0x1009
003B   1E00           00192         MOVAR   r0x100F
003C   5286           00193         JBCLR   PFLAG,2
003D   1500           00194         JZAR    r0x100F
003E   1300           00195         ADDRA   r0x100A
003F   1E00           00196         MOVAR   r0x1010
0040   5286           00197         JBCLR   PFLAG,2
0041   1500           00198         JZAR    r0x1010
0042   1300           00199         ADDRA   r0x100B
                      00200 ;;[ICODE] ../../libsdcc_mc35/_mullong.c:43:  _andif_1($8) :
                      00201 ;;[ICODE] ../../libsdcc_mc35/_mullong.c:43:     iTemp10 [k16 lr21:22 so:0]{ ia0 a2p0 re0 rm0 nos0 ru0 dp0}{unsigned-long-int register}[r0x100D r0x100E r0x100F r0x1010 ] = (unsigned-long-int register)iTemp0 [k2 lr3:43 so:0]{ ia0 a2p0 re1 rm0 nos0 ru0 dp0}{long-int fixed}{ sir@ __mullong_a_1_1}[r0x1000 r0x1001 r0x1002 r0x1003 ]
0043                  00202 _00112_DS_
                      00203 ;       .line   43; "../../libsdcc_mc35/_mullong.c"     if (sizeof (a) > 2 && (a & 0x00010000ul)) result += (b << 16u);
0043   1E00           00204         MOVAR   r0x1003
0044   1F00           00205         MOVRA   r0x100D
0045   1E00           00206         MOVAR   r0x1002
0046   1F00           00207         MOVRA   r0x100E
0047   1E00           00208         MOVAR   r0x1001
0048   1F00           00209         MOVRA   r0x100F
0049   1E00           00210         MOVAR   r0x1000
004A   1F00           00211         MOVRA   r0x1010
                      00212 ;;[ICODE] ../../libsdcc_mc35/_mullong.c:43:     iTemp11 [k17 lr22:23 so:0]{ ia0 a2p0 re0 rm0 nos0 ru0 dp0}{unsigned-long-int register} = iTemp10 [k16 lr21:22 so:0]{ ia0 a2p0 re0 rm0 nos0 ru0 dp0}{unsigned-long-int register}[r0x100D r0x100E r0x100F r0x1010 ] & 0x10000 {const-unsigned-long-int literal}
004B   5800           00213         JBSET   r0x100F,0
004C   8000           00214         GOTO    _00115_DS_
                      00215 ;;[ICODE] ../../libsdcc_mc35/_mullong.c:43:     if iTemp11 [k17 lr22:23 so:0]{ ia0 a2p0 re0 rm0 nos0 ru0 dp0}{unsigned-long-int register} == 0 goto _andif_2($11)
                      00216 ;;[ICODE] ../../libsdcc_mc35/_mullong.c:43:     iTemp12 [k18 lr24:25 so:0]{ ia0 a2p0 re0 rm0 nos0 ru0 dp0}{long-int fixed}[r0x100D r0x100E r0x100F r0x1010 ] = iTemp1 [k4 lr4:43 so:0]{ ia0 a2p0 re1 rm0 nos0 ru0 dp0}{long-int fixed}{ sir@ __mullong_b_1_1}[r0x1004 r0x1005 r0x1006 r0x1007 ] << 0x10 {const-unsigned-int literal}
004D   1E00           00217         MOVAR   r0x1006
004E   1F00           00218         MOVRA   r0x1010
004F   1E00           00219         MOVAR   r0x1007
0050   1F00           00220         MOVRA   r0x100F
0051   2B00           00221         CLRR    r0x100E
0052   2B00           00222         CLRR    r0x100D
                      00223 ;;[ICODE] ../../libsdcc_mc35/_mullong.c:43:     iTemp2 [k6 lr5:44 so:0]{ ia0 a2p0 re1 rm0 nos0 ru0 dp0}{long-int fixed}{ sir@ __mullong_result_1_2}[r0x1008 r0x1009 r0x100A r0x100B ] = iTemp2 [k6 lr5:44 so:0]{ ia0 a2p0 re1 rm0 nos0 ru0 dp0}{long-int fixed}{ sir@ __mullong_result_1_2}[r0x1008 r0x1009 r0x100A r0x100B ] + iTemp12 [k18 lr24:25 so:0]{ ia0 a2p0 re0 rm0 nos0 ru0 dp0}{long-int fixed}[r0x100D r0x100E r0x100F r0x1010 ]
0053   2D00           00224         MOVAI   0x00
0054   1300           00225         ADDRA   r0x1008
0055   2D00           00226         MOVAI   0x00
0056   5286           00227         JBCLR   PFLAG,2
0057   1500           00228         JZAR    r0x100E
0058   1300           00229         ADDRA   r0x1009
0059   1E00           00230         MOVAR   r0x100F
005A   5286           00231         JBCLR   PFLAG,2
005B   1500           00232         JZAR    r0x100F
005C   1300           00233         ADDRA   r0x100A
005D   1E00           00234         MOVAR   r0x1010
005E   5286           00235         JBCLR   PFLAG,2
005F   1500           00236         JZAR    r0x1010
0060   1300           00237         ADDRA   r0x100B
                      00238 ;;[ICODE] ../../libsdcc_mc35/_mullong.c:44:  _andif_2($11) :
                      00239 ;;[ICODE] ../../libsdcc_mc35/_mullong.c:44:     iTemp14 [k20 lr28:29 so:0]{ ia0 a2p0 re0 rm0 nos0 ru0 dp0}{unsigned-long-int register}[r0x100D r0x100E r0x100F r0x1010 ] = (unsigned-long-int register)iTemp0 [k2 lr3:43 so:0]{ ia0 a2p0 re1 rm0 nos0 ru0 dp0}{long-int fixed}{ sir@ __mullong_a_1_1}[r0x1000 r0x1001 r0x1002 r0x1003 ]
0061                  00240 _00115_DS_
                      00241 ;       .line   44; "../../libsdcc_mc35/_mullong.c"     if (sizeof (a) > 3 && (a & 0x01000000ul)) result += (b << 24u);
0061   1E00           00242         MOVAR   r0x1003
0062   1F00           00243         MOVRA   r0x100D
0063   1E00           00244         MOVAR   r0x1002
0064   1F00           00245         MOVRA   r0x100E
0065   1E00           00246         MOVAR   r0x1001
0066   1F00           00247         MOVRA   r0x100F
0067   1E00           00248         MOVAR   r0x1000
0068   1F00           00249         MOVRA   r0x1010
                      00250 ;;[ICODE] ../../libsdcc_mc35/_mullong.c:44:     iTemp15 [k21 lr29:30 so:0]{ ia0 a2p0 re0 rm0 nos0 ru0 dp0}{unsigned-long-int register} = iTemp14 [k20 lr28:29 so:0]{ ia0 a2p0 re0 rm0 nos0 ru0 dp0}{unsigned-long-int register}[r0x100D r0x100E r0x100F r0x1010 ] & 0x1000000 {const-unsigned-long-int literal}
0069   5800           00251         JBSET   r0x1010,0
006A   8000           00252         GOTO    _00114_DS_
                      00253 ;;[ICODE] ../../libsdcc_mc35/_mullong.c:44:     if iTemp15 [k21 lr29:30 so:0]{ ia0 a2p0 re0 rm0 nos0 ru0 dp0}{unsigned-long-int register} == 0 goto _iffalse_3($10)
                      00254 ;;[ICODE] ../../libsdcc_mc35/_mullong.c:44:     iTemp16 [k22 lr31:32 so:0]{ ia0 a2p0 re0 rm0 nos0 ru0 dp0}{long-int fixed}[r0x100D r0x100E r0x100F r0x1010 ] = iTemp1 [k4 lr4:43 so:0]{ ia0 a2p0 re1 rm0 nos0 ru0 dp0}{long-int fixed}{ sir@ __mullong_b_1_1}[r0x1004 r0x1005 r0x1006 r0x1007 ] << 0x18 {const-unsigned-int literal}
006B   1E00           00255         MOVAR   r0x1007
006C   1F00           00256         MOVRA   r0x1010
006D   2B00           00257         CLRR    r0x100F
006E   2B00           00258         CLRR    r0x100E
006F   2B00           00259         CLRR    r0x100D
                      00260 ;;[ICODE] ../../libsdcc_mc35/_mullong.c:44:     iTemp2 [k6 lr5:44 so:0]{ ia0 a2p0 re1 rm0 nos0 ru0 dp0}{long-int fixed}{ sir@ __mullong_result_1_2}[r0x1008 r0x1009 r0x100A r0x100B ] = iTemp2 [k6 lr5:44 so:0]{ ia0 a2p0 re1 rm0 nos0 ru0 dp0}{long-int fixed}{ sir@ __mullong_result_1_2}[r0x1008 r0x1009 r0x100A r0x100B ] + iTemp16 [k22 lr31:32 so:0]{ ia0 a2p0 re0 rm0 nos0 ru0 dp0}{long-int fixed}[r0x100D r0x100E r0x100F r0x1010 ]
0070   2D00           00261         MOVAI   0x00
0071   1300           00262         ADDRA   r0x1008
0072   2D00           00263         MOVAI   0x00
0073   5286           00264         JBCLR   PFLAG,2
0074   1500           00265         JZAR    r0x100E
0075   1300           00266         ADDRA   r0x1009
0076   1E00           00267         MOVAR   r0x100F
0077   5286           00268         JBCLR   PFLAG,2
0078   1500           00269         JZAR    r0x100F
0079   1300           00270         ADDRA   r0x100A
007A   1E00           00271         MOVAR   r0x1010
007B   5286           00272         JBCLR   PFLAG,2
007C   1500           00273         JZAR    r0x1010
007D   1300           00274         ADDRA   r0x100B
                      00275 ;;[ICODE] ../../libsdcc_mc35/_mullong.c:44:  _iffalse_3($10) :
                      00276 ;;[ICODE] ../../libsdcc_mc35/_mullong.c:45:     iTemp18 [k24 lr35:36 so:0]{ ia0 a2p0 re0 rm0 nos0 ru0 dp0}{unsigned-long-int fixed}[r0x100D r0x100E r0x100F r0x1010 ] = (unsigned-long-int fixed)iTemp0 [k2 lr3:43 so:0]{ ia0 a2p0 re1 rm0 nos0 ru0 dp0}{long-int fixed}{ sir@ __mullong_a_1_1}[r0x1000 r0x1001 r0x1002 r0x1003 ]
007E                  00277 _00114_DS_
                      00278 ;       .line   45; "../../libsdcc_mc35/_mullong.c"     a = ((unsigned long)a) >> 1u;
007E   1E00           00279         MOVAR   r0x1003
007F   1F00           00280         MOVRA   r0x100D
0080   1E00           00281         MOVAR   r0x1002
0081   1F00           00282         MOVRA   r0x100E
0082   1E00           00283         MOVAR   r0x1001
0083   1F00           00284         MOVRA   r0x100F
0084   1E00           00285         MOVAR   r0x1000
0085   1F00           00286         MOVRA   r0x1010
                      00287 ;;[ICODE] ../../libsdcc_mc35/_mullong.c:45:     iTemp0 [k2 lr3:43 so:0]{ ia0 a2p0 re1 rm0 nos0 ru0 dp0}{long-int fixed}{ sir@ __mullong_a_1_1}[r0x1000 r0x1001 r0x1002 r0x1003 ] = iTemp18 [k24 lr35:36 so:0]{ ia0 a2p0 re0 rm0 nos0 ru0 dp0}{unsigned-long-int fixed}[r0x100D r0x100E r0x100F r0x1010 ] >> 0x1 {const-unsigned-int literal}
                      00288 ;;shiftRight_Left2ResultLit:5270: shCount=1, size=4, sign=0, same=0, offr=0
0086   4286           00289         BCLR    PFLAG,2
0087   0800           00290         RRAR    r0x1010
0088   1F00           00291         MOVRA   r0x1000
0089   0800           00292         RRAR    r0x100F
008A   1F00           00293         MOVRA   r0x1001
008B   0800           00294         RRAR    r0x100E
008C   1F00           00295         MOVRA   r0x1002
008D   0800           00296         RRAR    r0x100D
008E   1F00           00297         MOVRA   r0x1003
                      00298 ;;[ICODE] ../../libsdcc_mc35/_mullong.c:46:     iTemp1 [k4 lr4:43 so:0]{ ia0 a2p0 re1 rm0 nos0 ru0 dp0}{long-int fixed}{ sir@ __mullong_b_1_1}[r0x1004 r0x1005 r0x1006 r0x1007 ] = iTemp1 [k4 lr4:43 so:0]{ ia0 a2p0 re1 rm0 nos0 ru0 dp0}{long-int fixed}{ sir@ __mullong_b_1_1}[r0x1004 r0x1005 r0x1006 r0x1007 ] << 0x1 {const-unsigned-int literal}
                      00299 ;       .line   46; "../../libsdcc_mc35/_mullong.c"     b <<= 1u;
008F   4286           00300         BCLR    PFLAG,2
0090   0B00           00301         RLR     r0x1007
0091   0B00           00302         RLR     r0x1006
0092   0B00           00303         RLR     r0x1005
0093   0B00           00304         RLR     r0x1004
                      00305 ;;[ICODE] ../../libsdcc_mc35/_mullong.c:46:     iTemp21 [k27 lr40:41 so:0]{ ia0 a2p0 re0 rm0 nos0 ru0 dp0}{char register}[r0x100D ] = (char register)iTemp3 [k8 lr6:43 so:0]{ ia0 a2p0 re1 rm0 nos0 ru0 dp0}{unsigned-char fixed}{ sir@ __mullong_i_1_2}[r0x100C ]
0094   1E00           00306         MOVAR   r0x100C
0095   1F00           00307         MOVRA   r0x100D
                      00308 ;;[ICODE] ../../libsdcc_mc35/_mullong.c:46:     iTemp3 [k8 lr6:43 so:0]{ ia0 a2p0 re1 rm0 nos0 ru0 dp0}{unsigned-char fixed}{ sir@ __mullong_i_1_2}[r0x100C ] = iTemp21 [k27 lr40:41 so:0]{ ia0 a2p0 re0 rm0 nos0 ru0 dp0}{char register}[r0x100D ] - 0x1 {const-char literal}
0096   2500           00309         DJZAR   r0x100D
0097   0000           00310         NOP     
0098   1F00           00311         MOVRA   r0x100C
                      00312 ;;[ICODE] ../../libsdcc_mc35/_mullong.c:39:     if iTemp3 [k8 lr6:43 so:0]{ ia0 a2p0 re1 rm0 nos0 ru0 dp0}{unsigned-char fixed}{ sir@ __mullong_i_1_2}[r0x100C ] != 0 goto _forcontinue_0($14)
                      00313 ;       .line   39; "../../libsdcc_mc35/_mullong.c"     for (i = 0; i < 8u; i++) {
0099   2D00           00314         MOVAI   0x00
009A   1800           00315         ORAR    r0x100C
009B   5886           00316         JBSET   PFLAG,0
009C   8000           00317         GOTO    _00118_DS_
                      00318 ;;[ICODE] ../../libsdcc_mc35/_mullong.c:49:     ret iTemp2 [k6 lr5:44 so:0]{ ia0 a2p0 re1 rm0 nos0 ru0 dp0}{long-int fixed}{ sir@ __mullong_result_1_2}[r0x1008 r0x1009 r0x100A r0x100B ]
                      00319 ;       .line   49; "../../libsdcc_mc35/_mullong.c"     return result;
009D   1E00           00320         MOVAR   r0x1008
009E   1F00           00321         MOVRA   STK02
009F   1E00           00322         MOVAR   r0x1009
00A0   1F00           00323         MOVRA   STK01
00A1   1E00           00324         MOVAR   r0x100A
00A2   1F00           00325         MOVRA   STK00
00A3   1E00           00326         MOVAR   r0x100B
                      00327 ;;[ICODE] ../../libsdcc_mc35/_mullong.c:49:  _return($15) :
                      00328 ;;[ICODE] ../../libsdcc_mc35/_mullong.c:49:     eproc __mullong [k1 lr0:0 so:0]{ ia0 a2p0 re0 rm0 nos0 ru0 dp0}{long-int function ( long-int fixed, long-int fixed) fixed}
00A4   0E00           00329         RETURN  
                      00330 ; exit point of __mullong
                      00331 
                      00332 
                      00333 ;       code size estimation:
                      00334 ;         165+    0 =   165 instructions (  330 byte)
                      00335 
                      00336         end
gpasm-2.0.0_beta2 (Nov  6 2017)_mullong.asm       2018-1-4  10:24:32           PAGE  2


SYMBOL TABLE
  LABEL                             VALUE

ADCHS0                            00000000
ADCHS1                            00000001
ADCHS2                            00000002
ADCKS0                            00000004
ADCKS1                            00000006
ADCR                              000000B1
ADEOC                             00000005
ADIE                              00000007
ADIF                              00000007
ADLEN                             00000005
ADON                              00000007
ADR0                              00000000
ADR1                              00000001
ADR10                             00000006
ADR11                             00000007
ADR2                              00000002
ADR3                              00000003
ADR4                              00000000
ADR5                              00000001
ADR6                              00000002
ADR7                              00000003
ADR8                              00000004
ADR9                              00000005
ADRH                              000000B2
ADRL                              000000B3
ADST                              00000006
ANSEL                             000000AE
BUZ0OE                            00000001
BUZ1OE                            00000001
BUZ2OE                            00000001
C                                 00000002
CLKS                              00000002
CPUM0                             00000003
CPUM1                             00000004
DC                                00000001
FSR0                              00000083
FSR00                             00000000
FSR01                             00000001
FSR02                             00000002
FSR03                             00000003
FSR04                             00000004
FSR05                             00000005
FSR06                             00000006
FSR07                             00000007
FSR1                              00000084
FSR10                             00000000
FSR11                             00000001
FSR12                             00000002
FSR13                             00000003
FSR14                             00000004
FSR15                             00000005
FSR16                             00000006
FSR17                             00000007
GCHS                              00000004
GIE                               00000007
HIBYTE                            00000082
HIBYTE0                           00000000
HIBYTE1                           00000001
HIBYTE2                           00000002
HIBYTE3                           00000003
HIBYTE4                           00000004
HIBYTE5                           00000005
HIBYTE6                           00000006
HIBYTE7                           00000007
HOFF                              00000001
INDF                              000000E7
INDF0                             00000000
INDF1                             00000001
INDF2                             00000002
INDF3                             00000003
INDF4                             00000004
INDF5                             00000005
INDF6                             00000006
INDF7                             00000007
INT0IE                            00000000
INT0IF                            00000000
INT1IE                            00000001
INT1IF                            00000001
INTE                              000000C9
INTF                              000000C8
IOP0                              000000D0
IOP4                              000000D4
IOP5                              000000D5
LVD24                             00000004
LVD36                             00000005
MINT00                            00000003
MINT01                            00000004
NPD                               00000006
NT0                               00000007
OEP0                              000000B8
OEP4                              000000C4
OEP5                              000000C5
OSCM                              000000CA
P00D                              00000000
P00OE                             00000000
P00PU                             00000000
P01D                              00000001
P01OE                             00000001
P01PU                             00000001
P02D                              00000002
P02OE                             00000002
P02PU                             00000002
P03D                              00000003
P03OE                             00000003
P03PU                             00000003
P04D                              00000004
P04OE                             00000004
P04PU                             00000004
P40ANS                            00000000
P40D                              00000000
P40OE                             00000000
P40PU                             00000000
P41ANS                            00000001
P41D                              00000001
P41OE                             00000001
P41PU                             00000001
P42ANS                            00000002
P42D                              00000002
P42OE                             00000002
P42PU                             00000002
P43ANS                            00000003
P43D                              00000003
P43OE                             00000003
P43PU                             00000003
P44ANS                            00000004
P44D                              00000004
P44OE                             00000004
P44PU                             00000004
P45ANS                            00000005
P45D                              00000005
P45OE                             00000005
P45PU                             00000005
P52D                              00000002
P52OE                             00000002
P52PU                             00000002
P53D                              00000003
P53OE                             00000003
P53PU                             00000003
P54D                              00000004
P54OE                             00000004
P54PU                             00000004
PC0                               00000000
PC1                               00000001
PC10                              00000002
PC2                               00000002
PC3                               00000003
PC4                               00000004
PC5                               00000005
PC6                               00000006
PC7                               00000007
PC8                               00000000
PC9                               00000001
PCH                               000000CF
PCL                               000000CE
PEDGE                             000000BF
PFLAG                             00000086
PUP0                              000000E0
PUP4                              000000E4
PUP5                              000000E5
PWM0OE                            00000000
PWM1OE                            00000000
PWM2OE                            00000000
STK00                             00000000
STK01                             00000000
STK02                             00000000
STK03                             00000000
STK04                             00000000
STK05                             00000000
STK06                             00000000
STK0H                             000000FF
STK0L                             000000FE
STK1H                             000000FD
STK1L                             000000FC
STK2H                             000000FB
STK2L                             000000FA
STK3H                             000000F9
STK3L                             000000F8
STKP                              000000DF
STKP0                             00000000
STKP1                             00000001
STKP2                             00000002
T0ALOAD                           00000002
T0C                               000000DB
T0C0                              00000000
T0C1                              00000001
T0C2                              00000002
T0C3                              00000003
T0C4                              00000004
T0C5                              00000005
T0C6                              00000006
T0C7                              00000007
T0CR                              000000DA
T0D                               000000CD
T0D0                              00000000
T0D1                              00000001
T0D2                              00000002
T0D3                              00000003
T0D4                              00000004
T0D5                              00000005
T0D6                              00000006
T0D7                              00000007
T0GE                              00000001
T0IE                              00000005
T0IF                              00000005
T0PR0                             00000004
T0PR1                             00000005
T0PR2                             00000006
T0PTS                             00000003
T0PTSX                            00000002
T1ALOAD                           00000002
T1C                               000000DD
T1C0                              00000000
T1C1                              00000001
T1C2                              00000002
T1C3                              00000003
T1C4                              00000004
T1C5                              00000005
T1C6                              00000006
T1C7                              00000007
T1CR                              000000DC
T1D                               000000DE
T1D0                              00000000
T1D1                              00000001
T1D2                              00000002
T1D3                              00000003
T1D4                              00000004
T1D5                              00000005
T1D6                              00000006
T1D7                              00000007
T1IE                              00000006
T1IF                              00000006
T1PR0                             00000004
T1PR1                             00000005
T1PR2                             00000006
T1PTS                             00000003
T1PTSX                            00000003
T2ALOAD                           00000002
T2C                               000000ED
T2C0                              00000000
T2C1                              00000001
T2C2                              00000002
T2C3                              00000003
T2C4                              00000004
T2C5                              00000005
T2C6                              00000006
T2C7                              00000007
T2CR                              000000EC
T2D                               000000EE
T2D0                              00000000
T2D1                              00000001
T2D2                              00000002
T2D3                              00000003
T2D4                              00000004
T2D5                              00000005
T2D6                              00000006
T2D7                              00000007
T2IE                              00000004
T2IF                              00000004
T2PR0                             00000004
T2PR1                             00000005
T2PR2                             00000006
T2PTS                             00000003
T2PTSX                            00000004
TC0EN                             00000007
TC1EN                             00000007
TC2EN                             00000007
TXCR                              000000D8
VREF                              000000AF
VREFS                             00000007
VRS0                              00000000
VRS1                              00000001
WDTR                              000000CC
WDTR0                             00000000
WDTR1                             00000001
WDTR2                             00000002
WDTR3                             00000003
WDTR4                             00000004
WDTR5                             00000005
WDTR6                             00000006
WDTR7                             00000007
Z                                 00000000
_00109_DS_                        00000025
_00112_DS_                        00000043
_00114_DS_                        0000007E
_00115_DS_                        00000061
_00118_DS_                        00000015
_CONFIG0                          00008000
_CONFIG1                          00008001
__32P7011                         00000001
__mullong                         00000000
r0x1000                           00000003
r0x1001                           00000002
r0x1002                           00000001
r0x1003                           00000000
r0x1004                           00000007
r0x1005                           00000006
r0x1006                           00000005
r0x1007                           00000004
r0x1008                           00000008
r0x1009                           00000009
r0x100A                           0000000A
r0x100B                           0000000B
r0x100C                           0000000C
r0x100D                           0000000D
r0x100E                           0000000E
r0x100F                           0000000F
r0x1010                           00000010

Errors   :     0
Warnings :     0 reported,     0 suppressed
Messages :     0 reported,     0 suppressed

