gpasm-2.0.0_beta2 (Nov  6 2017)_mulchar.asm       2018-1-4  10:24:31           PAGE  1


LOC  OBJECT CODE     LINE SOURCE TEXT
  VALUE

                      00001 ;--------------------------------------------------------
                      00002 ; File Created by SN-SDCC : SinoMCU ANSI-C Compiler
                      00003 ; Version 1.1.0 (Dec 19 2017) (MINGW32)
                      00004 ; This file was generated Thu Jan 04 10:24:31 2018
                      00005 ;--------------------------------------------------------
                      00006 ; MC35 port for the RISC core
                      00007 ;--------------------------------------------------------
                      00008 ;       .file   "../../libsdcc_mc35/_mulchar.c"
                      00009         list    p=7011
                      00010         radix dec
                      00011         include "7011.inc"
                      00001                 LIST
                      00002 ;mc32p7031.inc    Standard Header File, Version 1.00 by Sinomcu
                      00447                 LIST
                      00012 ;--------------------------------------------------------
                      00013 ; external declarations
                      00014 ;--------------------------------------------------------
                      00015 
                      00016         extern STK06
                      00017         extern STK05
                      00018         extern STK04
                      00019         extern STK03
                      00020         extern STK02
                      00021         extern STK01
                      00022         extern STK00
                      00023 ;--------------------------------------------------------
                      00024 ; global declarations
                      00025 ;--------------------------------------------------------
                      00026         global  __mulchar
                      00027 
                      00028 ;--------------------------------------------------------
                      00029 ; global definitions
                      00030 ;--------------------------------------------------------
                      00031 ;--------------------------------------------------------
                      00032 ; absolute symbol definitions
                      00033 ;--------------------------------------------------------
                      00034 ;--------------------------------------------------------
                      00035 ; compiler-defined variables
                      00036 ;--------------------------------------------------------
                      00037 UDL__mulchar_0  udata
0000                  00038 r0x1000 res     1
0000                  00039 r0x1001 res     1
0001                  00040 r0x1002 res     1
0001                  00041 r0x1003 res     1
0002                  00042 r0x1004 res     1
                      00043 ;--------------------------------------------------------
                      00044 ; initialized data
                      00045 ;--------------------------------------------------------
                      00046 
                      00047 ;@Allocation info for local variables in function '_mulchar'
                      00048 ;@_mulchar _mulchar                  Allocated to registers ;size:2
                      00049 ;@_mulchar b                         Allocated to registers r0x1001 ;size:1
                      00050 ;@_mulchar a                         Allocated to registers r0x1000 ;size:1
                      00051 ;@_mulchar result                    Allocated to registers r0x1002 ;size:1
                      00052 ;@_mulchar i                         Allocated to registers r0x1003 ;size:1
                      00053 ;@end Allocation info for local variables in function '_mulchar';
                      00054 
                      00055 ;--------------------------------------------------------
                      00056 ; overlayable items in internal ram 
                      00057 ;--------------------------------------------------------
                      00058 ;       udata_ovr
                      00059 ;--------------------------------------------------------
                      00060 ; code
                      00061 ;--------------------------------------------------------
                      00062 code__mulchar   code
                      00063 ;***
                      00064 ;  pBlock Stats: dbName = C
                      00065 ;***
                      00066 ;entry:  __mulchar      ;Function start
                      00067 ; 2 exit points
                      00068 ;has an exit
                      00069 ;6 compiler assigned registers:
                      00070 ;   r0x1000
                      00071 ;   STK00
                      00072 ;   r0x1001
                      00073 ;   r0x1002
                      00074 ;   r0x1003
                      00075 ;   r0x1004
                      00076 ;; Starting pCode block
                      00077 ;;[ICODE] ../../libsdcc_mc35/_mulchar.c:33:  _entry($16) :
                      00078 ;;[ICODE] ../../libsdcc_mc35/_mulchar.c:33:     proc __mulchar [k1 lr0:0 so:0]{ ia0 a2p0 re0 rm0 nos0 ru0 dp0}{char function ( char fixed, char fixed) fixed}
0000                  00079 __mulchar       ;Function start
                      00080 ; 2 exit points
                      00081 ;;[ICODE] ../../libsdcc_mc35/_mulchar.c:33: iTemp0 [k2 lr3:23 so:0]{ ia0 a2p0 re1 rm0 nos0 ru0 dp0}{char fixed}{ sir@ __mulchar_a_1_1}[r0x1000 ] = recv __mulchar [k1 lr0:0 so:0]{ ia0 a2p0 re0 rm0 nos0 ru0 dp0}{char function ( char fixed, char fixed) fixed}
                      00082 ;       .line   33; "../../libsdcc_mc35/_mulchar.c"     _mulchar (char a, char b)
0000   1F00           00083         MOVRA   r0x1000
                      00084 ;;[ICODE] ../../libsdcc_mc35/_mulchar.c:33: iTemp1 [k4 lr4:23 so:0]{ ia0 a2p0 re1 rm0 nos0 ru0 dp0}{char fixed}{ sir@ __mulchar_b_1_1}[r0x1001 ] = recv __mulchar [k1 lr0:0 so:0]{ ia0 a2p0 re0 rm0 nos0 ru0 dp0}{char function ( char fixed, char fixed) fixed}
0001   1E00           00085         MOVAR   STK00
0002   1F00           00086         MOVRA   r0x1001
                      00087 ;;[ICODE] ../../libsdcc_mc35/_mulchar.c:35:     iTemp2 [k6 lr5:24 so:0]{ ia0 a2p0 re1 rm0 nos0 ru0 dp0}{char fixed}{ sir@ __mulchar_result_1_2}[r0x1002 ] := 0x0 {const-unsigned-char literal}
                      00088 ;       .line   35; "../../libsdcc_mc35/_mulchar.c"     char result = 0;
0003   2B00           00089         CLRR    r0x1002
                      00090 ;;[ICODE] ../../libsdcc_mc35/_mulchar.c:39:     iTemp3 [k8 lr6:23 so:0]{ ia0 a2p0 re1 rm0 nos0 ru0 dp0}{unsigned-char fixed}{ sir@ __mulchar_i_1_2}[r0x1003 ] := 0x8 {unsigned-char literal}
                      00091 ;       .line   39; "../../libsdcc_mc35/_mulchar.c"     for (i = 0; i < 8u; i++) {
0004   2D08           00092         MOVAI   0x08
0005   1F00           00093         MOVRA   r0x1003
                      00094 ;;[ICODE] ../../libsdcc_mc35/_mulchar.c:39:  _forcontinue_0($14) :
                      00095 ;;[ICODE] ../../libsdcc_mc35/_mulchar.c:41:     iTemp4 [k10 lr9:10 so:0]{ ia0 a2p0 re0 rm0 nos0 ru0 dp0}{char register} = iTemp0 [k2 lr3:23 so:0]{ ia0 a2p0 re1 rm0 nos0 ru0 dp0}{char fixed}{ sir@ __mulchar_a_1_1}[r0x1000 ] & 0x1 {char literal}
0006                  00096 _00118_DS_
                      00097 ;       .line   41; "../../libsdcc_mc35/_mulchar.c"     if (a & (unsigned char)0x0001u) result += b;
0006   5800           00098         JBSET   r0x1000,0
0007   8000           00099         GOTO    _00114_DS_
                      00100 ;;[ICODE] ../../libsdcc_mc35/_mulchar.c:41:     if iTemp4 [k10 lr9:10 so:0]{ ia0 a2p0 re0 rm0 nos0 ru0 dp0}{char register} == 0 goto _iffalse_3($10)
                      00101 ;;[ICODE] ../../libsdcc_mc35/_mulchar.c:41:     iTemp2 [k6 lr5:24 so:0]{ ia0 a2p0 re1 rm0 nos0 ru0 dp0}{char fixed}{ sir@ __mulchar_result_1_2}[r0x1002 ] = iTemp2 [k6 lr5:24 so:0]{ ia0 a2p0 re1 rm0 nos0 ru0 dp0}{char fixed}{ sir@ __mulchar_result_1_2}[r0x1002 ] + iTemp1 [k4 lr4:23 so:0]{ ia0 a2p0 re1 rm0 nos0 ru0 dp0}{char fixed}{ sir@ __mulchar_b_1_1}[r0x1001 ]
0008   1E00           00102         MOVAR   r0x1001
0009   1300           00103         ADDRA   r0x1002
                      00104 ;;[ICODE] ../../libsdcc_mc35/_mulchar.c:44:  _iffalse_3($10) :
                      00105 ;;[ICODE] ../../libsdcc_mc35/_mulchar.c:45:     iTemp12 [k18 lr14:15 so:0]{ ia0 a2p0 re0 rm0 nos0 ru0 dp0}{unsigned-char fixed}[r0x1004 ] = (unsigned-char fixed)iTemp0 [k2 lr3:23 so:0]{ ia0 a2p0 re1 rm0 nos0 ru0 dp0}{char fixed}{ sir@ __mulchar_a_1_1}[r0x1000 ]
000A                  00106 _00114_DS_
                      00107 ;       .line   45; "../../libsdcc_mc35/_mulchar.c"     a = ((unsigned char)a) >> 1u;
000A   1E00           00108         MOVAR   r0x1000
000B   1F00           00109         MOVRA   r0x1004
                      00110 ;;[ICODE] ../../libsdcc_mc35/_mulchar.c:45:     iTemp0 [k2 lr3:23 so:0]{ ia0 a2p0 re1 rm0 nos0 ru0 dp0}{char fixed}{ sir@ __mulchar_a_1_1}[r0x1000 ] = iTemp12 [k18 lr14:15 so:0]{ ia0 a2p0 re0 rm0 nos0 ru0 dp0}{unsigned-char fixed}[r0x1004 ] >> 0x1 {const-unsigned-int literal}
                      00111 ;;shiftRight_Left2ResultLit:5270: shCount=1, size=1, sign=0, same=0, offr=0
000C   4286           00112         BCLR    PFLAG,2
000D   0800           00113         RRAR    r0x1004
000E   1F00           00114         MOVRA   r0x1000
                      00115 ;;[ICODE] ../../libsdcc_mc35/_mulchar.c:46:     iTemp15 [k21 lr17:18 so:0]{ ia0 a2p0 re0 rm0 nos0 ru0 dp0}{unsigned-int register}[r0x1004 r0x1005 ] = iTemp1 [k4 lr4:23 so:0]{ ia0 a2p0 re1 rm0 nos0 ru0 dp0}{char fixed}{ sir@ __mulchar_b_1_1}[r0x1001 ] << 0x1 {const-unsigned-int literal}
                      00116 ;       .line   46; "../../libsdcc_mc35/_mulchar.c"     b <<= 1u;
000F   4286           00117         BCLR    PFLAG,2
0010   0A00           00118         RLAR    r0x1001
0011   1F00           00119         MOVRA   r0x1001
0012   1F00           00120         MOVRA   r0x1004
                      00121 ;;[ICODE] ../../libsdcc_mc35/_mulchar.c:46:     iTemp1 [k4 lr4:23 so:0]{ ia0 a2p0 re1 rm0 nos0 ru0 dp0}{char fixed}{ sir@ __mulchar_b_1_1}[r0x1001 ] = (char fixed)iTemp15 [k21 lr17:18 so:0]{ ia0 a2p0 re0 rm0 nos0 ru0 dp0}{unsigned-int register}[r0x1004 r0x1005 ]
                      00122 ;;99    MOVAR   r0x1004
                      00123 ;;[ICODE] ../../libsdcc_mc35/_mulchar.c:46:     iTemp17 [k23 lr20:21 so:0]{ ia0 a2p0 re0 rm0 nos0 ru0 dp0}{char register}[r0x1004 ] = (char register)iTemp3 [k8 lr6:23 so:0]{ ia0 a2p0 re1 rm0 nos0 ru0 dp0}{unsigned-char fixed}{ sir@ __mulchar_i_1_2}[r0x1003 ]
0013   1E00           00124         MOVAR   r0x1003
0014   1F00           00125         MOVRA   r0x1004
                      00126 ;;[ICODE] ../../libsdcc_mc35/_mulchar.c:46:     iTemp3 [k8 lr6:23 so:0]{ ia0 a2p0 re1 rm0 nos0 ru0 dp0}{unsigned-char fixed}{ sir@ __mulchar_i_1_2}[r0x1003 ] = iTemp17 [k23 lr20:21 so:0]{ ia0 a2p0 re0 rm0 nos0 ru0 dp0}{char register}[r0x1004 ] - 0x1 {const-char literal}
0015   2500           00127         DJZAR   r0x1004
0016   0000           00128         NOP     
0017   1F00           00129         MOVRA   r0x1003
                      00130 ;;[ICODE] ../../libsdcc_mc35/_mulchar.c:39:     if iTemp3 [k8 lr6:23 so:0]{ ia0 a2p0 re1 rm0 nos0 ru0 dp0}{unsigned-char fixed}{ sir@ __mulchar_i_1_2}[r0x1003 ] != 0 goto _forcontinue_0($14)
                      00131 ;       .line   39; "../../libsdcc_mc35/_mulchar.c"     for (i = 0; i < 8u; i++) {
0018   2D00           00132         MOVAI   0x00
0019   1800           00133         ORAR    r0x1003
001A   5886           00134         JBSET   PFLAG,0
001B   8000           00135         GOTO    _00118_DS_
                      00136 ;;[ICODE] ../../libsdcc_mc35/_mulchar.c:49:     ret iTemp2 [k6 lr5:24 so:0]{ ia0 a2p0 re1 rm0 nos0 ru0 dp0}{char fixed}{ sir@ __mulchar_result_1_2}[r0x1002 ]
                      00137 ;       .line   49; "../../libsdcc_mc35/_mulchar.c"     return result;
001C   1E00           00138         MOVAR   r0x1002
                      00139 ;;[ICODE] ../../libsdcc_mc35/_mulchar.c:49:  _return($15) :
                      00140 ;;[ICODE] ../../libsdcc_mc35/_mulchar.c:49:     eproc __mulchar [k1 lr0:0 so:0]{ ia0 a2p0 re0 rm0 nos0 ru0 dp0}{char function ( char fixed, char fixed) fixed}
001D   0E00           00141         RETURN  
                      00142 ; exit point of __mulchar
                      00143 
                      00144 
                      00145 ;       code size estimation:
                      00146 ;          30+    0 =    30 instructions (   60 byte)
                      00147 
                      00148         end
gpasm-2.0.0_beta2 (Nov  6 2017)_mulchar.asm       2018-1-4  10:24:31           PAGE  2


SYMBOL TABLE
  LABEL                             VALUE

ADCHS0                            00000000
ADCHS1                            00000001
ADCHS2                            00000002
ADCKS0                            00000004
ADCKS1                            00000006
ADCR                              000000B1
ADEOC                             00000005
ADIE                              00000007
ADIF                              00000007
ADLEN                             00000005
ADON                              00000007
ADR0                              00000000
ADR1                              00000001
ADR10                             00000006
ADR11                             00000007
ADR2                              00000002
ADR3                              00000003
ADR4                              00000000
ADR5                              00000001
ADR6                              00000002
ADR7                              00000003
ADR8                              00000004
ADR9                              00000005
ADRH                              000000B2
ADRL                              000000B3
ADST                              00000006
ANSEL                             000000AE
BUZ0OE                            00000001
BUZ1OE                            00000001
BUZ2OE                            00000001
C                                 00000002
CLKS                              00000002
CPUM0                             00000003
CPUM1                             00000004
DC                                00000001
FSR0                              00000083
FSR00                             00000000
FSR01                             00000001
FSR02                             00000002
FSR03                             00000003
FSR04                             00000004
FSR05                             00000005
FSR06                             00000006
FSR07                             00000007
FSR1                              00000084
FSR10                             00000000
FSR11                             00000001
FSR12                             00000002
FSR13                             00000003
FSR14                             00000004
FSR15                             00000005
FSR16                             00000006
FSR17                             00000007
GCHS                              00000004
GIE                               00000007
HIBYTE                            00000082
HIBYTE0                           00000000
HIBYTE1                           00000001
HIBYTE2                           00000002
HIBYTE3                           00000003
HIBYTE4                           00000004
HIBYTE5                           00000005
HIBYTE6                           00000006
HIBYTE7                           00000007
HOFF                              00000001
INDF                              000000E7
INDF0                             00000000
INDF1                             00000001
INDF2                             00000002
INDF3                             00000003
INDF4                             00000004
INDF5                             00000005
INDF6                             00000006
INDF7                             00000007
INT0IE                            00000000
INT0IF                            00000000
INT1IE                            00000001
INT1IF                            00000001
INTE                              000000C9
INTF                              000000C8
IOP0                              000000D0
IOP4                              000000D4
IOP5                              000000D5
LVD24                             00000004
LVD36                             00000005
MINT00                            00000003
MINT01                            00000004
NPD                               00000006
NT0                               00000007
OEP0                              000000B8
OEP4                              000000C4
OEP5                              000000C5
OSCM                              000000CA
P00D                              00000000
P00OE                             00000000
P00PU                             00000000
P01D                              00000001
P01OE                             00000001
P01PU                             00000001
P02D                              00000002
P02OE                             00000002
P02PU                             00000002
P03D                              00000003
P03OE                             00000003
P03PU                             00000003
P04D                              00000004
P04OE                             00000004
P04PU                             00000004
P40ANS                            00000000
P40D                              00000000
P40OE                             00000000
P40PU                             00000000
P41ANS                            00000001
P41D                              00000001
P41OE                             00000001
P41PU                             00000001
P42ANS                            00000002
P42D                              00000002
P42OE                             00000002
P42PU                             00000002
P43ANS                            00000003
P43D                              00000003
P43OE                             00000003
P43PU                             00000003
P44ANS                            00000004
P44D                              00000004
P44OE                             00000004
P44PU                             00000004
P45ANS                            00000005
P45D                              00000005
P45OE                             00000005
P45PU                             00000005
P52D                              00000002
P52OE                             00000002
P52PU                             00000002
P53D                              00000003
P53OE                             00000003
P53PU                             00000003
P54D                              00000004
P54OE                             00000004
P54PU                             00000004
PC0                               00000000
PC1                               00000001
PC10                              00000002
PC2                               00000002
PC3                               00000003
PC4                               00000004
PC5                               00000005
PC6                               00000006
PC7                               00000007
PC8                               00000000
PC9                               00000001
PCH                               000000CF
PCL                               000000CE
PEDGE                             000000BF
PFLAG                             00000086
PUP0                              000000E0
PUP4                              000000E4
PUP5                              000000E5
PWM0OE                            00000000
PWM1OE                            00000000
PWM2OE                            00000000
STK00                             00000000
STK01                             00000000
STK02                             00000000
STK03                             00000000
STK04                             00000000
STK05                             00000000
STK06                             00000000
STK0H                             000000FF
STK0L                             000000FE
STK1H                             000000FD
STK1L                             000000FC
STK2H                             000000FB
STK2L                             000000FA
STK3H                             000000F9
STK3L                             000000F8
STKP                              000000DF
STKP0                             00000000
STKP1                             00000001
STKP2                             00000002
T0ALOAD                           00000002
T0C                               000000DB
T0C0                              00000000
T0C1                              00000001
T0C2                              00000002
T0C3                              00000003
T0C4                              00000004
T0C5                              00000005
T0C6                              00000006
T0C7                              00000007
T0CR                              000000DA
T0D                               000000CD
T0D0                              00000000
T0D1                              00000001
T0D2                              00000002
T0D3                              00000003
T0D4                              00000004
T0D5                              00000005
T0D6                              00000006
T0D7                              00000007
T0GE                              00000001
T0IE                              00000005
T0IF                              00000005
T0PR0                             00000004
T0PR1                             00000005
T0PR2                             00000006
T0PTS                             00000003
T0PTSX                            00000002
T1ALOAD                           00000002
T1C                               000000DD
T1C0                              00000000
T1C1                              00000001
T1C2                              00000002
T1C3                              00000003
T1C4                              00000004
T1C5                              00000005
T1C6                              00000006
T1C7                              00000007
T1CR                              000000DC
T1D                               000000DE
T1D0                              00000000
T1D1                              00000001
T1D2                              00000002
T1D3                              00000003
T1D4                              00000004
T1D5                              00000005
T1D6                              00000006
T1D7                              00000007
T1IE                              00000006
T1IF                              00000006
T1PR0                             00000004
T1PR1                             00000005
T1PR2                             00000006
T1PTS                             00000003
T1PTSX                            00000003
T2ALOAD                           00000002
T2C                               000000ED
T2C0                              00000000
T2C1                              00000001
T2C2                              00000002
T2C3                              00000003
T2C4                              00000004
T2C5                              00000005
T2C6                              00000006
T2C7                              00000007
T2CR                              000000EC
T2D                               000000EE
T2D0                              00000000
T2D1                              00000001
T2D2                              00000002
T2D3                              00000003
T2D4                              00000004
T2D5                              00000005
T2D6                              00000006
T2D7                              00000007
T2IE                              00000004
T2IF                              00000004
T2PR0                             00000004
T2PR1                             00000005
T2PR2                             00000006
T2PTS                             00000003
T2PTSX                            00000004
TC0EN                             00000007
TC1EN                             00000007
TC2EN                             00000007
TXCR                              000000D8
VREF                              000000AF
VREFS                             00000007
VRS0                              00000000
VRS1                              00000001
WDTR                              000000CC
WDTR0                             00000000
WDTR1                             00000001
WDTR2                             00000002
WDTR3                             00000003
WDTR4                             00000004
WDTR5                             00000005
WDTR6                             00000006
WDTR7                             00000007
Z                                 00000000
_00114_DS_                        0000000A
_00118_DS_                        00000006
_CONFIG0                          00008000
_CONFIG1                          00008001
__32P7011                         00000001
__mulchar                         00000000
r0x1000                           00000000
r0x1001                           00000001
r0x1002                           00000002
r0x1003                           00000003
r0x1004                           00000004

Errors   :     0
Warnings :     0 reported,     0 suppressed
Messages :     0 reported,     0 suppressed

