gpasm-2.0.0_beta2 (Nov  6 2017)fs2uchar.asm       2018-1-4  10:24:23           PAGE  1


LOC  OBJECT CODE     LINE SOURCE TEXT
  VALUE

                      00001 ;--------------------------------------------------------
                      00002 ; File Created by SN-SDCC : SinoMCU ANSI-C Compiler
                      00003 ; Version 1.1.0 (Dec 19 2017) (MINGW32)
                      00004 ; This file was generated Thu Jan 04 10:24:23 2018
                      00005 ;--------------------------------------------------------
                      00006 ; MC35 port for the RISC core
                      00007 ;--------------------------------------------------------
                      00008 ;       .file   "../../libsdcc_mc35/fs2uchar.c"
                      00009         list    p=7011
                      00010         radix dec
                      00011         include "7011.inc"
                      00001                 LIST
                      00002 ;mc32p7031.inc    Standard Header File, Version 1.00 by Sinomcu
                      00447                 LIST
                      00012 ;--------------------------------------------------------
                      00013 ; external declarations
                      00014 ;--------------------------------------------------------
                      00015         extern  ___uchar2fs
                      00016         extern  ___schar2fs
                      00017         extern  ___uint2fs
                      00018         extern  ___sint2fs
                      00019         extern  ___ulong2fs
                      00020         extern  ___slong2fs
                      00021         extern  ___fs2schar
                      00022         extern  ___fs2uint
                      00023         extern  ___fs2sint
                      00024         extern  ___fs2ulong
                      00025         extern  ___fs2slong
                      00026         extern  ___fsadd
                      00027         extern  ___fssub
                      00028         extern  ___fsmul
                      00029         extern  ___fsdiv
                      00030         extern  ___fslt
                      00031         extern  ___fseq
                      00032         extern  ___fsneq
                      00033         extern  ___fsgt
                      00034 
                      00035         extern STK06
                      00036         extern STK05
                      00037         extern STK04
                      00038         extern STK03
                      00039         extern STK02
                      00040         extern STK01
                      00041         extern STK00
                      00042 ;--------------------------------------------------------
                      00043 ; global declarations
                      00044 ;--------------------------------------------------------
                      00045         global  ___fs2uchar
                      00046 
                      00047 ;--------------------------------------------------------
                      00048 ; global definitions
                      00049 ;--------------------------------------------------------
                      00050 ;--------------------------------------------------------
                      00051 ; absolute symbol definitions
                      00052 ;--------------------------------------------------------
                      00053 ;--------------------------------------------------------
                      00054 ; compiler-defined variables
                      00055 ;--------------------------------------------------------
                      00056 UDL_fs2uchar_0  udata
0000                  00057 r0x1003 res     1
0000                  00058 r0x1002 res     1
0001                  00059 r0x1001 res     1
0001                  00060 r0x1000 res     1
                      00061 ;--------------------------------------------------------
                      00062 ; initialized data
                      00063 ;--------------------------------------------------------
                      00064 
                      00065 ;@Allocation info for local variables in function '__fs2uchar'
                      00066 ;@__fs2uchar __uchar2fs                Allocated to registers ;size:2
                      00067 ;@__fs2uchar __schar2fs                Allocated to registers ;size:2
                      00068 ;@__fs2uchar __uint2fs                 Allocated to registers ;size:2
                      00069 ;@__fs2uchar __sint2fs                 Allocated to registers ;size:2
                      00070 ;@__fs2uchar __ulong2fs                Allocated to registers ;size:2
                      00071 ;@__fs2uchar __slong2fs                Allocated to registers ;size:2
                      00072 ;@__fs2uchar __fs2schar                Allocated to registers ;size:2
                      00073 ;@__fs2uchar __fs2uint                 Allocated to registers ;size:2
                      00074 ;@__fs2uchar __fs2sint                 Allocated to registers ;size:2
                      00075 ;@__fs2uchar __fs2ulong                Allocated to registers ;size:2
                      00076 ;@__fs2uchar __fs2slong                Allocated to registers ;size:2
                      00077 ;@__fs2uchar __fsadd                   Allocated to registers ;size:2
                      00078 ;@__fs2uchar __fssub                   Allocated to registers ;size:2
                      00079 ;@__fs2uchar __fsmul                   Allocated to registers ;size:2
                      00080 ;@__fs2uchar __fsdiv                   Allocated to registers ;size:2
                      00081 ;@__fs2uchar __fslt                    Allocated to registers ;size:2
                      00082 ;@__fs2uchar __fseq                    Allocated to registers ;size:2
                      00083 ;@__fs2uchar __fsneq                   Allocated to registers ;size:2
                      00084 ;@__fs2uchar __fsgt                    Allocated to registers ;size:2
                      00085 ;@__fs2uchar f                         Allocated to registers r0x1003 r0x1002 r0x1001 r0x1000 ;size:4
                      00086 ;@__fs2uchar ul                        Allocated to registers r0x1003 r0x1002 r0x1001 r0x1000 ;size:4
                      00087 ;@end Allocation info for local variables in function '__fs2uchar';
                      00088 
                      00089 ;--------------------------------------------------------
                      00090 ; overlayable items in internal ram 
                      00091 ;--------------------------------------------------------
                      00092 ;       udata_ovr
                      00093 ;--------------------------------------------------------
                      00094 ; code
                      00095 ;--------------------------------------------------------
                      00096 code_fs2uchar   code
                      00097 ;***
                      00098 ;  pBlock Stats: dbName = C
                      00099 ;***
                      00100 ;entry:  ___fs2uchar    ;Function start
                      00101 ; 2 exit points
                      00102 ;has an exit
                      00103 ;functions called:
                      00104 ;   ___fs2ulong
                      00105 ;   ___fs2ulong
                      00106 ;8 compiler assigned registers:
                      00107 ;   r0x1000
                      00108 ;   STK00
                      00109 ;   r0x1001
                      00110 ;   STK01
                      00111 ;   r0x1002
                      00112 ;   STK02
                      00113 ;   r0x1003
                      00114 ;   r0x1004
                      00115 ;; Starting pCode block
                      00116 ;;[ICODE] ../../libsdcc_mc35/fs2uchar.c:33:  _entry($4) :
                      00117 ;;[ICODE] ../../libsdcc_mc35/fs2uchar.c:33:     proc ___fs2uchar [k1 lr0:0 so:0]{ ia0 a2p0 re0 rm0 nos0 ru0 dp0}{unsigned-char function ( float fixed) fixed}
0000                  00118 ___fs2uchar     ;Function start
                      00119 ; 2 exit points
                      00120 ;;[ICODE] ../../libsdcc_mc35/fs2uchar.c:33: iTemp0 [k2 lr3:4 so:0]{ ia0 a2p0 re1 rm0 nos0 ru1 dp0}{float fixed}{ sir@ ___fs2uchar_f_1_21}[r0x1000 r0x1001 r0x1002 r0x1003 ] = recv ___fs2uchar [k1 lr0:0 so:0]{ ia0 a2p0 re0 rm0 nos0 ru0 dp0}{unsigned-char function ( float fixed) fixed}
                      00121 ;       .line   33; "../../libsdcc_mc35/fs2uchar.c"     unsigned char __fs2uchar (float f) _FS_REENTRANT
0000   1F00           00122         MOVRA   r0x1000
0001   1E00           00123         MOVAR   STK00
0002   1F00           00124         MOVRA   r0x1001
0003   1E00           00125         MOVAR   STK01
0004   1F00           00126         MOVRA   r0x1002
0005   1E00           00127         MOVAR   STK02
0006   1F00           00128         MOVRA   r0x1003
                      00129 ;;[ICODE] ../../libsdcc_mc35/fs2uchar.c:35:     send iTemp0 [k2 lr3:4 so:0]{ ia0 a2p0 re1 rm0 nos0 ru1 dp0}{float fixed}{ sir@ ___fs2uchar_f_1_21}[r0x1000 r0x1001 r0x1002 r0x1003 ]{argreg = 1}
                      00130 ;;[ICODE] ../../libsdcc_mc35/fs2uchar.c:35:     iTemp1 [k4 lr5:11 so:0]{ ia0 a2p0 re1 rm0 nos0 ru0 dp0}{unsigned-long-int fixed}{ sir@ ___fs2uchar_ul_1_22}[r0x1000 r0x1001 r0x1002 r0x1003 ] = call ___fs2ulong [k6 lr0:0 so:0]{ ia0 a2p0 re0 rm0 nos0 ru0 dp0}{unsigned-long-int function ( float fixed) fixed}
                      00131 ;       .line   35; "../../libsdcc_mc35/fs2uchar.c"     unsigned long ul=__fs2ulong(f);
0007   1E00           00132         MOVAR   r0x1003
0008   1F00           00133         MOVRA   STK02
0009   1E00           00134         MOVAR   r0x1002
000A   1F00           00135         MOVRA   STK01
000B   1E00           00136         MOVAR   r0x1001
000C   1F00           00137         MOVRA   STK00
000D   1E00           00138         MOVAR   r0x1000
000E   C000           00139         CALL    ___fs2ulong
000F   1F00           00140         MOVRA   r0x1000
0010   1E00           00141         MOVAR   STK00
0011   1F00           00142         MOVRA   r0x1001
0012   1E00           00143         MOVAR   STK01
0013   1F00           00144         MOVRA   r0x1002
0014   1E00           00145         MOVAR   STK02
0015   1F00           00146         MOVRA   r0x1003
                      00147 ;;[ICODE] ../../libsdcc_mc35/fs2uchar.c:36:     iTemp3 [k9 lr7:8 so:0]{ ia0 a2p0 re0 rm0 nos0 ru0 dp0}{char fixed} = iTemp1 [k4 lr5:11 so:0]{ ia0 a2p0 re1 rm0 nos0 ru0 dp0}{unsigned-long-int fixed}{ sir@ ___fs2uchar_ul_1_22}[r0x1000 r0x1001 r0x1002 r0x1003 ] < 0xff {unsigned-long-int literal}
                      00148 ;;unsigned compare: left < lit(0xFF=255), size=4
                      00149 ;       .line   36; "../../libsdcc_mc35/fs2uchar.c"     if (ul>=UCHAR_MAX) return UCHAR_MAX;
0016   2D00           00150         MOVAI   0x00
0017   2C00           00151         XCH     r0x1000
0018   2300           00152         ASUBRA  r0x1000
0019   2C00           00153         XCH     r0x1000
001A   5886           00154         JBSET   PFLAG,0
001B   8000           00155         GOTO    _00111_DS_
001C   2D00           00156         MOVAI   0x00
001D   2C00           00157         XCH     r0x1001
001E   2300           00158         ASUBRA  r0x1001
001F   2C00           00159         XCH     r0x1001
0020   5886           00160         JBSET   PFLAG,0
0021   8000           00161         GOTO    _00111_DS_
0022   2D00           00162         MOVAI   0x00
0023   2C00           00163         XCH     r0x1002
0024   2300           00164         ASUBRA  r0x1002
0025   2C00           00165         XCH     r0x1002
0026   5886           00166         JBSET   PFLAG,0
0027   8000           00167         GOTO    _00111_DS_
0028   2DFF           00168         MOVAI   0xff
0029   2C00           00169         XCH     r0x1003
002A   2300           00170         ASUBRA  r0x1003
002B   2C00           00171         XCH     r0x1003
002C                  00172 _00111_DS_
002C   5A86           00173         JBSET   PFLAG,2
002D   8000           00174         GOTO    _00106_DS_
                      00175 ;;genSkipc:3223: created from rifx:00DD608C
                      00176 ;;[ICODE] ../../libsdcc_mc35/fs2uchar.c:36:     if iTemp3 [k9 lr7:8 so:0]{ ia0 a2p0 re0 rm0 nos0 ru0 dp0}{char fixed} != 0 goto _iffalse_0($2)
                      00177 ;;[ICODE] ../../libsdcc_mc35/fs2uchar.c:36:     ret 0xff {const-unsigned-char literal}
002E   2DFF           00178         MOVAI   0xff
002F   8000           00179         GOTO    _00107_DS_
                      00180 ;;[ICODE] ../../libsdcc_mc35/fs2uchar.c:36:  _iffalse_0($2) :
                      00181 ;;[ICODE] ../../libsdcc_mc35/fs2uchar.c:37:     iTemp4 [k10 lr11:12 so:0]{ ia0 a2p0 re0 rm0 nos0 ru1 dp0}{unsigned-char fixed}[r0x1004 ] = (unsigned-char fixed)iTemp1 [k4 lr5:11 so:0]{ ia0 a2p0 re1 rm0 nos0 ru0 dp0}{unsigned-long-int fixed}{ sir@ ___fs2uchar_ul_1_22}[r0x1000 r0x1001 r0x1002 r0x1003 ]
                      00182 ;;101   MOVAR   r0x1003
                      00183 ;;99    MOVRA   r0x1004
                      00184 ;;[ICODE] ../../libsdcc_mc35/fs2uchar.c:37:     ret iTemp4 [k10 lr11:12 so:0]{ ia0 a2p0 re0 rm0 nos0 ru1 dp0}{unsigned-char fixed}[r0x1004 ]
                      00185 ;;100   MOVAR   r0x1004
0030                  00186 _00106_DS_
                      00187 ;       .line   37; "../../libsdcc_mc35/fs2uchar.c"     return ul;
0030   1E00           00188         MOVAR   r0x1003
                      00189 ;;[ICODE] ../../libsdcc_mc35/fs2uchar.c:37:  _return($3) :
                      00190 ;;[ICODE] ../../libsdcc_mc35/fs2uchar.c:37:     eproc ___fs2uchar [k1 lr0:0 so:0]{ ia0 a2p0 re0 rm0 nos0 ru0 dp0}{unsigned-char function ( float fixed) fixed}
0031                  00191 _00107_DS_
0031   0E00           00192         RETURN  
                      00193 ; exit point of ___fs2uchar
                      00194 
                      00195 
                      00196 ;       code size estimation:
                      00197 ;          50+    0 =    50 instructions (  100 byte)
                      00198 
                      00199         end
gpasm-2.0.0_beta2 (Nov  6 2017)fs2uchar.asm       2018-1-4  10:24:23           PAGE  2


SYMBOL TABLE
  LABEL                             VALUE

ADCHS0                            00000000
ADCHS1                            00000001
ADCHS2                            00000002
ADCKS0                            00000004
ADCKS1                            00000006
ADCR                              000000B1
ADEOC                             00000005
ADIE                              00000007
ADIF                              00000007
ADLEN                             00000005
ADON                              00000007
ADR0                              00000000
ADR1                              00000001
ADR10                             00000006
ADR11                             00000007
ADR2                              00000002
ADR3                              00000003
ADR4                              00000000
ADR5                              00000001
ADR6                              00000002
ADR7                              00000003
ADR8                              00000004
ADR9                              00000005
ADRH                              000000B2
ADRL                              000000B3
ADST                              00000006
ANSEL                             000000AE
BUZ0OE                            00000001
BUZ1OE                            00000001
BUZ2OE                            00000001
C                                 00000002
CLKS                              00000002
CPUM0                             00000003
CPUM1                             00000004
DC                                00000001
FSR0                              00000083
FSR00                             00000000
FSR01                             00000001
FSR02                             00000002
FSR03                             00000003
FSR04                             00000004
FSR05                             00000005
FSR06                             00000006
FSR07                             00000007
FSR1                              00000084
FSR10                             00000000
FSR11                             00000001
FSR12                             00000002
FSR13                             00000003
FSR14                             00000004
FSR15                             00000005
FSR16                             00000006
FSR17                             00000007
GCHS                              00000004
GIE                               00000007
HIBYTE                            00000082
HIBYTE0                           00000000
HIBYTE1                           00000001
HIBYTE2                           00000002
HIBYTE3                           00000003
HIBYTE4                           00000004
HIBYTE5                           00000005
HIBYTE6                           00000006
HIBYTE7                           00000007
HOFF                              00000001
INDF                              000000E7
INDF0                             00000000
INDF1                             00000001
INDF2                             00000002
INDF3                             00000003
INDF4                             00000004
INDF5                             00000005
INDF6                             00000006
INDF7                             00000007
INT0IE                            00000000
INT0IF                            00000000
INT1IE                            00000001
INT1IF                            00000001
INTE                              000000C9
INTF                              000000C8
IOP0                              000000D0
IOP4                              000000D4
IOP5                              000000D5
LVD24                             00000004
LVD36                             00000005
MINT00                            00000003
MINT01                            00000004
NPD                               00000006
NT0                               00000007
OEP0                              000000B8
OEP4                              000000C4
OEP5                              000000C5
OSCM                              000000CA
P00D                              00000000
P00OE                             00000000
P00PU                             00000000
P01D                              00000001
P01OE                             00000001
P01PU                             00000001
P02D                              00000002
P02OE                             00000002
P02PU                             00000002
P03D                              00000003
P03OE                             00000003
P03PU                             00000003
P04D                              00000004
P04OE                             00000004
P04PU                             00000004
P40ANS                            00000000
P40D                              00000000
P40OE                             00000000
P40PU                             00000000
P41ANS                            00000001
P41D                              00000001
P41OE                             00000001
P41PU                             00000001
P42ANS                            00000002
P42D                              00000002
P42OE                             00000002
P42PU                             00000002
P43ANS                            00000003
P43D                              00000003
P43OE                             00000003
P43PU                             00000003
P44ANS                            00000004
P44D                              00000004
P44OE                             00000004
P44PU                             00000004
P45ANS                            00000005
P45D                              00000005
P45OE                             00000005
P45PU                             00000005
P52D                              00000002
P52OE                             00000002
P52PU                             00000002
P53D                              00000003
P53OE                             00000003
P53PU                             00000003
P54D                              00000004
P54OE                             00000004
P54PU                             00000004
PC0                               00000000
PC1                               00000001
PC10                              00000002
PC2                               00000002
PC3                               00000003
PC4                               00000004
PC5                               00000005
PC6                               00000006
PC7                               00000007
PC8                               00000000
PC9                               00000001
PCH                               000000CF
PCL                               000000CE
PEDGE                             000000BF
PFLAG                             00000086
PUP0                              000000E0
PUP4                              000000E4
PUP5                              000000E5
PWM0OE                            00000000
PWM1OE                            00000000
PWM2OE                            00000000
STK00                             00000000
STK01                             00000000
STK02                             00000000
STK03                             00000000
STK04                             00000000
STK05                             00000000
STK06                             00000000
STK0H                             000000FF
STK0L                             000000FE
STK1H                             000000FD
STK1L                             000000FC
STK2H                             000000FB
STK2L                             000000FA
STK3H                             000000F9
STK3L                             000000F8
STKP                              000000DF
STKP0                             00000000
STKP1                             00000001
STKP2                             00000002
T0ALOAD                           00000002
T0C                               000000DB
T0C0                              00000000
T0C1                              00000001
T0C2                              00000002
T0C3                              00000003
T0C4                              00000004
T0C5                              00000005
T0C6                              00000006
T0C7                              00000007
T0CR                              000000DA
T0D                               000000CD
T0D0                              00000000
T0D1                              00000001
T0D2                              00000002
T0D3                              00000003
T0D4                              00000004
T0D5                              00000005
T0D6                              00000006
T0D7                              00000007
T0GE                              00000001
T0IE                              00000005
T0IF                              00000005
T0PR0                             00000004
T0PR1                             00000005
T0PR2                             00000006
T0PTS                             00000003
T0PTSX                            00000002
T1ALOAD                           00000002
T1C                               000000DD
T1C0                              00000000
T1C1                              00000001
T1C2                              00000002
T1C3                              00000003
T1C4                              00000004
T1C5                              00000005
T1C6                              00000006
T1C7                              00000007
T1CR                              000000DC
T1D                               000000DE
T1D0                              00000000
T1D1                              00000001
T1D2                              00000002
T1D3                              00000003
T1D4                              00000004
T1D5                              00000005
T1D6                              00000006
T1D7                              00000007
T1IE                              00000006
T1IF                              00000006
T1PR0                             00000004
T1PR1                             00000005
T1PR2                             00000006
T1PTS                             00000003
T1PTSX                            00000003
T2ALOAD                           00000002
T2C                               000000ED
T2C0                              00000000
T2C1                              00000001
T2C2                              00000002
T2C3                              00000003
T2C4                              00000004
T2C5                              00000005
T2C6                              00000006
T2C7                              00000007
T2CR                              000000EC
T2D                               000000EE
T2D0                              00000000
T2D1                              00000001
T2D2                              00000002
T2D3                              00000003
T2D4                              00000004
T2D5                              00000005
T2D6                              00000006
T2D7                              00000007
T2IE                              00000004
T2IF                              00000004
T2PR0                             00000004
T2PR1                             00000005
T2PR2                             00000006
T2PTS                             00000003
T2PTSX                            00000004
TC0EN                             00000007
TC1EN                             00000007
TC2EN                             00000007
TXCR                              000000D8
VREF                              000000AF
VREFS                             00000007
VRS0                              00000000
VRS1                              00000001
WDTR                              000000CC
WDTR0                             00000000
WDTR1                             00000001
WDTR2                             00000002
WDTR3                             00000003
WDTR4                             00000004
WDTR5                             00000005
WDTR6                             00000006
WDTR7                             00000007
Z                                 00000000
_00106_DS_                        00000030
_00107_DS_                        00000031
_00111_DS_                        0000002C
_CONFIG0                          00008000
_CONFIG1                          00008001
__32P7011                         00000001
___fs2schar                       00000000
___fs2sint                        00000000
___fs2slong                       00000000
___fs2uchar                       00000000
___fs2uint                        00000000
___fs2ulong                       00000000
___fsadd                          00000000
___fsdiv                          00000000
___fseq                           00000000
___fsgt                           00000000
___fslt                           00000000
___fsmul                          00000000
___fsneq                          00000000
___fssub                          00000000
___schar2fs                       00000000
___sint2fs                        00000000
___slong2fs                       00000000
___uchar2fs                       00000000
___uint2fs                        00000000
___ulong2fs                       00000000
r0x1000                           00000003
r0x1001                           00000002
r0x1002                           00000001
r0x1003                           00000000

Errors   :     0
Warnings :     0 reported,     0 suppressed
Messages :     0 reported,     0 suppressed

