gpasm-2.0.0_beta2 (Nov  6 2017)fs2sint.asm        2017-12-20  12:04:41         PAGE  1


LOC  OBJECT CODE     LINE SOURCE TEXT
  VALUE

                      00001 ;--------------------------------------------------------
                      00002 ; File Created by SN-SDCC : SinoMCU ANSI-C Compiler
                      00003 ; Version 1.1.0 (Dec 19 2017) (MINGW32)
                      00004 ; This file was generated Wed Dec 20 12:04:41 2017
                      00005 ;--------------------------------------------------------
                      00006 ; MC35 port for the RISC core
                      00007 ;--------------------------------------------------------
                      00008 ;       .file   "../../libsdcc_mc35/fs2sint.c"
                      00009         list    p=7030
                      00010         radix dec
                      00011         include "7030.inc"
                      00001                 LIST
                      00002 ;mc32p7030.inc    Standard Header File, Version 1.00 by Sinomcu
                      00396                 LIST
                      00012 ;--------------------------------------------------------
                      00013 ; external declarations
                      00014 ;--------------------------------------------------------
                      00015         extern  ___uchar2fs
                      00016         extern  ___schar2fs
                      00017         extern  ___uint2fs
                      00018         extern  ___sint2fs
                      00019         extern  ___ulong2fs
                      00020         extern  ___slong2fs
                      00021         extern  ___fs2uchar
                      00022         extern  ___fs2schar
                      00023         extern  ___fs2uint
                      00024         extern  ___fs2ulong
                      00025         extern  ___fs2slong
                      00026         extern  ___fsadd
                      00027         extern  ___fssub
                      00028         extern  ___fsmul
                      00029         extern  ___fsdiv
                      00030         extern  ___fslt
                      00031         extern  ___fseq
                      00032         extern  ___fsneq
                      00033         extern  ___fsgt
                      00034 
                      00035         extern STK06
                      00036         extern STK05
                      00037         extern STK04
                      00038         extern STK03
                      00039         extern STK02
                      00040         extern STK01
                      00041         extern STK00
                      00042 ;--------------------------------------------------------
                      00043 ; global declarations
                      00044 ;--------------------------------------------------------
                      00045         global  ___fs2sint
                      00046 
                      00047 ;--------------------------------------------------------
                      00048 ; global definitions
                      00049 ;--------------------------------------------------------
                      00050 ;--------------------------------------------------------
                      00051 ; absolute symbol definitions
                      00052 ;--------------------------------------------------------
                      00053 ;--------------------------------------------------------
                      00054 ; compiler-defined variables
                      00055 ;--------------------------------------------------------
                      00056 UDL_fs2sint_0   udata
0000                  00057 r0x1003 res     1
0000                  00058 r0x1002 res     1
0001                  00059 r0x1001 res     1
0001                  00060 r0x1000 res     1
                      00061 ;--------------------------------------------------------
                      00062 ; initialized data
                      00063 ;--------------------------------------------------------
                      00064 
                      00065 ;@Allocation info for local variables in function '__fs2sint'
                      00066 ;@__fs2sint __uchar2fs                Allocated to registers ;size:2
                      00067 ;@__fs2sint __schar2fs                Allocated to registers ;size:2
                      00068 ;@__fs2sint __uint2fs                 Allocated to registers ;size:2
                      00069 ;@__fs2sint __sint2fs                 Allocated to registers ;size:2
                      00070 ;@__fs2sint __ulong2fs                Allocated to registers ;size:2
                      00071 ;@__fs2sint __slong2fs                Allocated to registers ;size:2
                      00072 ;@__fs2sint __fs2uchar                Allocated to registers ;size:2
                      00073 ;@__fs2sint __fs2schar                Allocated to registers ;size:2
                      00074 ;@__fs2sint __fs2uint                 Allocated to registers ;size:2
                      00075 ;@__fs2sint __fs2ulong                Allocated to registers ;size:2
                      00076 ;@__fs2sint __fs2slong                Allocated to registers ;size:2
                      00077 ;@__fs2sint __fsadd                   Allocated to registers ;size:2
                      00078 ;@__fs2sint __fssub                   Allocated to registers ;size:2
                      00079 ;@__fs2sint __fsmul                   Allocated to registers ;size:2
                      00080 ;@__fs2sint __fsdiv                   Allocated to registers ;size:2
                      00081 ;@__fs2sint __fslt                    Allocated to registers ;size:2
                      00082 ;@__fs2sint __fseq                    Allocated to registers ;size:2
                      00083 ;@__fs2sint __fsneq                   Allocated to registers ;size:2
                      00084 ;@__fs2sint __fsgt                    Allocated to registers ;size:2
                      00085 ;@__fs2sint f                         Allocated to registers r0x1003 r0x1002 r0x1001 r0x1000 ;size:4
                      00086 ;@__fs2sint sl                        Allocated to registers r0x1003 r0x1002 r0x1001 r0x1000 ;size:4
                      00087 ;@end Allocation info for local variables in function '__fs2sint';
                      00088 
                      00089 ;--------------------------------------------------------
                      00090 ; overlayable items in internal ram 
                      00091 ;--------------------------------------------------------
                      00092 ;       udata_ovr
                      00093 ;--------------------------------------------------------
                      00094 ; code
                      00095 ;--------------------------------------------------------
                      00096 code_fs2sint    code
                      00097 ;***
                      00098 ;  pBlock Stats: dbName = C
                      00099 ;***
                      00100 ;entry:  ___fs2sint     ;Function start
                      00101 ; 2 exit points
                      00102 ;has an exit
                      00103 ;functions called:
                      00104 ;   ___fs2slong
                      00105 ;   ___fs2slong
                      00106 ;9 compiler assigned registers:
                      00107 ;   r0x1000
                      00108 ;   STK00
                      00109 ;   r0x1001
                      00110 ;   STK01
                      00111 ;   r0x1002
                      00112 ;   STK02
                      00113 ;   r0x1003
                      00114 ;   r0x1004
                      00115 ;   r0x1005
                      00116 ;; Starting pCode block
                      00117 ;;[ICODE] ../../libsdcc_mc35/fs2sint.c:33:  _entry($6) :
                      00118 ;;[ICODE] ../../libsdcc_mc35/fs2sint.c:33:      proc ___fs2sint [k1 lr0:0 so:0]{ ia0 a2p0 re0 rm0 nos0 ru0 dp0}{int function ( float fixed) fixed}
0000                  00119 ___fs2sint      ;Function start
                      00120 ; 2 exit points
                      00121 ;;[ICODE] ../../libsdcc_mc35/fs2sint.c:33: iTemp0 [k2 lr3:4 so:0]{ ia0 a2p0 re1 rm0 nos0 ru1 dp0}{float fixed}{ sir@ ___fs2sint_f_1_21}[r0x1000 r0x1001 r0x1002 r0x1003 ] = recv ___fs2sint [k1 lr0:0 so:0]{ ia0 a2p0 re0 rm0 nos0 ru0 dp0}{int function ( float fixed) fixed}
                      00122 ;       .line   33; "../../libsdcc_mc35/fs2sint.c"      signed int __fs2sint (float f) _FS_REENTRANT
0000   1F00           00123         MOVRA   r0x1000
0001   1E00           00124         MOVAR   STK00
0002   1F00           00125         MOVRA   r0x1001
0003   1E00           00126         MOVAR   STK01
0004   1F00           00127         MOVRA   r0x1002
0005   1E00           00128         MOVAR   STK02
0006   1F00           00129         MOVRA   r0x1003
                      00130 ;;[ICODE] ../../libsdcc_mc35/fs2sint.c:35:      send iTemp0 [k2 lr3:4 so:0]{ ia0 a2p0 re1 rm0 nos0 ru1 dp0}{float fixed}{ sir@ ___fs2sint_f_1_21}[r0x1000 r0x1001 r0x1002 r0x1003 ]{argreg = 1}
                      00131 ;;[ICODE] ../../libsdcc_mc35/fs2sint.c:35:      iTemp1 [k4 lr5:15 so:0]{ ia0 a2p0 re1 rm0 nos0 ru0 dp0}{long-int fixed}{ sir@ ___fs2sint_sl_1_22}[r0x1000 r0x1001 r0x1002 r0x1003 ] = call ___fs2slong [k6 lr0:0 so:0]{ ia0 a2p0 re0 rm0 nos0 ru0 dp0}{long-int function ( float fixed) fixed}
                      00132 ;       .line   35; "../../libsdcc_mc35/fs2sint.c"      signed long sl=__fs2slong(f);
0007   1E00           00133         MOVAR   r0x1003
0008   1F00           00134         MOVRA   STK02
0009   1E00           00135         MOVAR   r0x1002
000A   1F00           00136         MOVRA   STK01
000B   1E00           00137         MOVAR   r0x1001
000C   1F00           00138         MOVRA   STK00
000D   1E00           00139         MOVAR   r0x1000
000E   C000           00140         CALL    ___fs2slong
000F   1F00           00141         MOVRA   r0x1000
0010   1E00           00142         MOVAR   STK00
0011   1F00           00143         MOVRA   r0x1001
0012   1E00           00144         MOVAR   STK01
0013   1F00           00145         MOVRA   r0x1002
0014   1E00           00146         MOVAR   STK02
0015   1F00           00147         MOVRA   r0x1003
                      00148 ;;[ICODE] ../../libsdcc_mc35/fs2sint.c:36:      iTemp3 [k9 lr7:8 so:0]{ ia0 a2p0 re0 rm0 nos0 ru0 dp0}{char fixed} = iTemp1 [k4 lr5:15 so:0]{ ia0 a2p0 re1 rm0 nos0 ru0 dp0}{long-int fixed}{ sir@ ___fs2sint_sl_1_22}[r0x1000 r0x1001 r0x1002 r0x1003 ] < 0x7fff {long-int literal}
                      00149 ;;signed compare: left < lit(0x7FFF=32767), size=4, mask=ffffffff
                      00150 ;       .line   36; "../../libsdcc_mc35/fs2sint.c"      if (sl>=INT_MAX)
0016   1E00           00151         MOVAR   r0x1000
0017   1480           00152         ADDAI   0x80
0018   1480           00153         ADDAI   0x80
0019   5886           00154         JBSET   PFLAG,0
001A   8000           00155         GOTO    _00115_DS_
001B   2D00           00156         MOVAI   0x00
001C   2C00           00157         XCH     r0x1001
001D   2300           00158         ASUBRA  r0x1001
001E   2C00           00159         XCH     r0x1001
001F   5886           00160         JBSET   PFLAG,0
0020   8000           00161         GOTO    _00115_DS_
0021   2D7F           00162         MOVAI   0x7f
0022   2C00           00163         XCH     r0x1002
0023   2300           00164         ASUBRA  r0x1002
0024   2C00           00165         XCH     r0x1002
0025   5886           00166         JBSET   PFLAG,0
0026   8000           00167         GOTO    _00115_DS_
0027   2DFF           00168         MOVAI   0xff
0028   2C00           00169         XCH     r0x1003
0029   2300           00170         ASUBRA  r0x1003
002A   2C00           00171         XCH     r0x1003
002B                  00172 _00115_DS_
002B   5A86           00173         JBSET   PFLAG,2
002C   8000           00174         GOTO    _00106_DS_
                      00175 ;;genSkipc:3223: created from rifx:00DD608C
                      00176 ;;[ICODE] ../../libsdcc_mc35/fs2sint.c:36:      if iTemp3 [k9 lr7:8 so:0]{ ia0 a2p0 re0 rm0 nos0 ru0 dp0}{char fixed} != 0 goto _iffalse_0($2)
                      00177 ;;[ICODE] ../../libsdcc_mc35/fs2sint.c:37:      ret 0x7fff {const-int literal}
                      00178 ;       .line   37; "../../libsdcc_mc35/fs2sint.c"      return INT_MAX;
002D   2DFF           00179         MOVAI   0xff
002E   1F00           00180         MOVRA   STK00
002F   2D7F           00181         MOVAI   0x7f
0030   8000           00182         GOTO    _00109_DS_
                      00183 ;;[ICODE] ../../libsdcc_mc35/fs2sint.c:37:  _iffalse_0($2) :
                      00184 ;;[ICODE] ../../libsdcc_mc35/fs2sint.c:38:      iTemp4 [k10 lr11:12 so:0]{ ia0 a2p0 re0 rm0 nos0 ru0 dp0}{char fixed} = iTemp1 [k4 lr5:15 so:0]{ ia0 a2p0 re1 rm0 nos0 ru0 dp0}{long-int fixed}{ sir@ ___fs2sint_sl_1_22}[r0x1000 r0x1001 r0x1002 r0x1003 ] > 0xffff8000 {const-long-int literal}
                      00185 ;;swapping arguments (AOP_TYPEs 1/2)
                      00186 ;;signed compare: left >= lit(0xFFFF8001=-32767), size=4, mask=ffffffff
0031                  00187 _00106_DS_
                      00188 ;       .line   38; "../../libsdcc_mc35/fs2sint.c"      if (sl<=INT_MIN) 
0031   1E00           00189         MOVAR   r0x1000
0032   1480           00190         ADDAI   0x80
0033   1481           00191         ADDAI   0x81
0034   5886           00192         JBSET   PFLAG,0
0035   8000           00193         GOTO    _00116_DS_
0036   2DFF           00194         MOVAI   0xff
0037   2C00           00195         XCH     r0x1001
0038   2300           00196         ASUBRA  r0x1001
0039   2C00           00197         XCH     r0x1001
003A   5886           00198         JBSET   PFLAG,0
003B   8000           00199         GOTO    _00116_DS_
003C   2D80           00200         MOVAI   0x80
003D   2C00           00201         XCH     r0x1002
003E   2300           00202         ASUBRA  r0x1002
003F   2C00           00203         XCH     r0x1002
0040   5886           00204         JBSET   PFLAG,0
0041   8000           00205         GOTO    _00116_DS_
0042   2D01           00206         MOVAI   0x01
0043   2C00           00207         XCH     r0x1003
0044   2300           00208         ASUBRA  r0x1003
0045   2C00           00209         XCH     r0x1003
0046                  00210 _00116_DS_
0046   5286           00211         JBCLR   PFLAG,2
0047   8000           00212         GOTO    _00108_DS_
                      00213 ;;genSkipc:3223: created from rifx:00DD608C
                      00214 ;;[ICODE] ../../libsdcc_mc35/fs2sint.c:38:      if iTemp4 [k10 lr11:12 so:0]{ ia0 a2p0 re0 rm0 nos0 ru0 dp0}{char fixed} != 0 goto _iffalse_1($4)
                      00215 ;;[ICODE] ../../libsdcc_mc35/fs2sint.c:39:      ret 0xffff8000 {int literal}
                      00216 ;       .line   39; "../../libsdcc_mc35/fs2sint.c"      return -INT_MIN;
0048   2D00           00217         MOVAI   0x00
0049   1F00           00218         MOVRA   STK00
004A   2D80           00219         MOVAI   0x80
004B   8000           00220         GOTO    _00109_DS_
                      00221 ;;[ICODE] ../../libsdcc_mc35/fs2sint.c:39:  _iffalse_1($4) :
                      00222 ;;[ICODE] ../../libsdcc_mc35/fs2sint.c:40:      iTemp5 [k11 lr15:16 so:0]{ ia0 a2p0 re0 rm0 nos0 ru1 dp0}{int fixed}[r0x1004 r0x1005 ] = (int fixed)iTemp1 [k4 lr5:15 so:0]{ ia0 a2p0 re1 rm0 nos0 ru0 dp0}{long-int fixed}{ sir@ ___fs2sint_sl_1_22}[r0x1000 r0x1001 r0x1002 r0x1003 ]
                      00223 ;;101   MOVAR   r0x1003
                      00224 ;;99    MOVRA   r0x1004
                      00225 ;;104   MOVAR   r0x1002
                      00226 ;;102   MOVRA   r0x1005
                      00227 ;;[ICODE] ../../libsdcc_mc35/fs2sint.c:40:      ret iTemp5 [k11 lr15:16 so:0]{ ia0 a2p0 re0 rm0 nos0 ru1 dp0}{int fixed}[r0x1004 r0x1005 ]
                      00228 ;;100   MOVAR   r0x1004
004C                  00229 _00108_DS_
                      00230 ;       .line   40; "../../libsdcc_mc35/fs2sint.c"      return sl;
004C   1E00           00231         MOVAR   r0x1003
004D   1F00           00232         MOVRA   STK00
                      00233 ;;103   MOVAR   r0x1005
004E   1E00           00234         MOVAR   r0x1002
                      00235 ;;[ICODE] ../../libsdcc_mc35/fs2sint.c:40:  _return($5) :
                      00236 ;;[ICODE] ../../libsdcc_mc35/fs2sint.c:40:      eproc ___fs2sint [k1 lr0:0 so:0]{ ia0 a2p0 re0 rm0 nos0 ru0 dp0}{int function ( float fixed) fixed}
004F                  00237 _00109_DS_
004F   0E00           00238         RETURN  
                      00239 ; exit point of ___fs2sint
                      00240 
                      00241 
                      00242 ;       code size estimation:
                      00243 ;          80+    0 =    80 instructions (  160 byte)
                      00244 
                      00245         end
gpasm-2.0.0_beta2 (Nov  6 2017)fs2sint.asm        2017-12-20  12:04:41         PAGE  2


SYMBOL TABLE
  LABEL                             VALUE

ADCHS0                            00000000
ADCHS1                            00000001
ADCHS2                            00000002
ADCKS0                            00000004
ADCKS1                            00000006
ADCR                              000000B1
ADEOC                             00000005
ADIE                              00000007
ADIF                              00000007
ADON                              00000007
ADR0                              00000000
ADR1                              00000001
ADR10                             00000006
ADR11                             00000007
ADR2                              00000002
ADR3                              00000003
ADR4                              00000000
ADR5                              00000001
ADR6                              00000002
ADR7                              00000003
ADR8                              00000004
ADR9                              00000005
ADRH                              000000B2
ADRL                              000000B3
ADST                              00000006
ANSEL                             000000AE
BUZ0OE                            00000001
BUZ1OE                            00000001
C                                 00000002
CLKS                              00000002
CPUM0                             00000003
CPUM1                             00000004
DC                                00000001
FSR0                              00000083
FSR00                             00000000
FSR01                             00000001
FSR02                             00000002
FSR03                             00000003
FSR04                             00000004
FSR05                             00000005
FSR06                             00000006
FSR07                             00000007
FSR1                              00000084
FSR10                             00000000
FSR11                             00000001
FSR12                             00000002
FSR13                             00000003
FSR14                             00000004
FSR15                             00000005
FSR16                             00000006
FSR17                             00000007
GCHS                              00000004
GIE                               00000007
HIBYTE                            00000082
HIBYTE0                           00000000
HIBYTE1                           00000001
HIBYTE2                           00000002
HIBYTE3                           00000003
HIBYTE4                           00000004
HIBYTE5                           00000005
HIBYTE6                           00000006
HIBYTE7                           00000007
HOFF                              00000001
INDF                              000000E7
INDF0                             00000000
INDF1                             00000001
INDF2                             00000002
INDF3                             00000003
INDF4                             00000004
INDF5                             00000005
INDF6                             00000006
INDF7                             00000007
INT0IE                            00000000
INT0IF                            00000000
INT1IE                            00000001
INT1IF                            00000001
INTE                              000000C9
INTF                              000000C8
IOP0                              000000D0
IOP4                              000000D4
IOP5                              000000D5
LVD24                             00000004
LVD36                             00000005
MINT00                            00000003
MINT01                            00000004
NPD                               00000006
NT0                               00000007
OEP0                              000000B8
OEP4                              000000C4
OEP5                              000000C5
OSCM                              000000CA
P00D                              00000000
P00OE                             00000000
P00PU                             00000000
P01D                              00000001
P01OE                             00000001
P01PU                             00000001
P02D                              00000002
P02OE                             00000002
P02PU                             00000002
P03D                              00000003
P03OE                             00000003
P03PU                             00000003
P04D                              00000004
P40ANS                            00000000
P40D                              00000000
P40OE                             00000000
P40PU                             00000000
P41ANS                            00000001
P41D                              00000001
P41OE                             00000001
P41PU                             00000001
P42ANS                            00000002
P42D                              00000002
P42OE                             00000002
P42PU                             00000002
P43ANS                            00000003
P43D                              00000003
P43OE                             00000003
P43PU                             00000003
P44ANS                            00000004
P44D                              00000004
P44OE                             00000004
P44PU                             00000004
P53D                              00000003
P53OE                             00000003
P53PU                             00000003
P54D                              00000004
P54OE                             00000004
P54PU                             00000004
PC0                               00000000
PC1                               00000001
PC2                               00000002
PC3                               00000003
PC4                               00000004
PC5                               00000005
PC6                               00000006
PC7                               00000007
PC8                               00000000
PC9                               00000001
PCH                               000000CF
PCL                               000000CE
PEDGE                             000000BF
PFLAG                             00000086
PUP0                              000000E0
PUP4                              000000E4
PUP5                              000000E5
PWM0OE                            00000000
PWM1OE                            00000000
STK00                             00000000
STK01                             00000000
STK02                             00000000
STK03                             00000000
STK04                             00000000
STK05                             00000000
STK06                             00000000
STK0H                             000000FF
STK0L                             000000FE
STK1H                             000000FD
STK1L                             000000FC
STK2H                             000000FB
STK2L                             000000FA
STK3H                             000000F9
STK3L                             000000F8
STKP                              000000DF
STKP0                             00000000
STKP1                             00000001
STKP2                             00000002
T0ALOAD                           00000002
T0C                               000000DB
T0C0                              00000000
T0C1                              00000001
T0C2                              00000002
T0C3                              00000003
T0C4                              00000004
T0C5                              00000005
T0C6                              00000006
T0C7                              00000007
T0CR                              000000DA
T0D                               000000CD
T0D0                              00000000
T0D1                              00000001
T0D2                              00000002
T0D3                              00000003
T0D4                              00000004
T0D5                              00000005
T0D6                              00000006
T0D7                              00000007
T0GE                              00000001
T0IE                              00000005
T0IF                              00000005
T0PR0                             00000004
T0PR1                             00000005
T0PR2                             00000006
T0PTS                             00000003
T0PTSX                            00000002
T1ALOAD                           00000002
T1C                               000000DD
T1C0                              00000000
T1C1                              00000001
T1C2                              00000002
T1C3                              00000003
T1C4                              00000004
T1C5                              00000005
T1C6                              00000006
T1C7                              00000007
T1CR                              000000DC
T1D                               000000DE
T1D0                              00000000
T1D1                              00000001
T1D2                              00000002
T1D3                              00000003
T1D4                              00000004
T1D5                              00000005
T1D6                              00000006
T1D7                              00000007
T1IE                              00000006
T1IF                              00000006
T1PR0                             00000004
T1PR1                             00000005
T1PR2                             00000006
T1PTS                             00000003
T1PTSX                            00000003
TC0EN                             00000007
TC1EN                             00000007
TXCR                              000000D8
VREF                              000000AF
VREFS                             00000007
VRS0                              00000000
VRS1                              00000001
WDTR                              000000CC
WDTR0                             00000000
WDTR1                             00000001
WDTR2                             00000002
WDTR3                             00000003
WDTR4                             00000004
WDTR5                             00000005
WDTR6                             00000006
WDTR7                             00000007
Z                                 00000000
_00106_DS_                        00000031
_00108_DS_                        0000004C
_00109_DS_                        0000004F
_00115_DS_                        0000002B
_00116_DS_                        00000046
_CONFIG0                          00008000
_CONFIG1                          00008001
__32P7030                         00000001
___fs2schar                       00000000
___fs2sint                        00000000
___fs2slong                       00000000
___fs2uchar                       00000000
___fs2uint                        00000000
___fs2ulong                       00000000
___fsadd                          00000000
___fsdiv                          00000000
___fseq                           00000000
___fsgt                           00000000
___fslt                           00000000
___fsmul                          00000000
___fsneq                          00000000
___fssub                          00000000
___schar2fs                       00000000
___sint2fs                        00000000
___slong2fs                       00000000
___uchar2fs                       00000000
___uint2fs                        00000000
___ulong2fs                       00000000
r0x1000                           00000003
r0x1001                           00000002
r0x1002                           00000001
r0x1003                           00000000

Errors   :     0
Warnings :     0 reported,     0 suppressed
Messages :     0 reported,     0 suppressed

