gpasm-2.0.0_beta2 (Nov  6 2017)mc32p7030.asm      2017-12-20  12:04:38         PAGE  1


LOC  OBJECT CODE     LINE SOURCE TEXT
  VALUE

                      00001 ;--------------------------------------------------------
                      00002 ; File Created by SN-SDCC : SinoMCU ANSI-C Compiler
                      00003 ; Version 1.1.0 (Dec 19 2017) (MINGW32)
                      00004 ; This file was generated Wed Dec 20 12:04:38 2017
                      00005 ;--------------------------------------------------------
                      00006 ; MC35 port for the RISC core
                      00007 ;--------------------------------------------------------
                      00008 ;       .file   "mc32p7030.c"
                      00009         list    p=7030
                      00010         radix dec
                      00011         include "7030.inc"
                      00001                 LIST
                      00002 ;mc32p7030.inc    Standard Header File, Version 1.00 by Sinomcu
                      00396                 LIST
                      00012 ;--------------------------------------------------------
                      00013 ; external declarations
                      00014 ;--------------------------------------------------------
                      00015 
                      00016         extern STK06
                      00017         extern STK05
                      00018         extern STK04
                      00019         extern STK03
                      00020         extern STK02
                      00021         extern STK01
                      00022         extern STK00
                      00023 ;--------------------------------------------------------
                      00024 ; global declarations
                      00025 ;--------------------------------------------------------
                      00026         global  _HIBYTEbits
                      00027         global  _FSR0bits
                      00028         global  _FSR1bits
                      00029         global  _PFLAGbits
                      00030         global  _ANSELbits
                      00031         global  _VREFbits
                      00032         global  _ADCRbits
                      00033         global  _ADRHbits
                      00034         global  _ADRLbits
                      00035         global  _OEP0bits
                      00036         global  _PEDGEbits
                      00037         global  _OEP4bits
                      00038         global  _OEP5bits
                      00039         global  _INTFbits
                      00040         global  _INTEbits
                      00041         global  _OSCMbits
                      00042         global  _WDTRbits
                      00043         global  _T0Dbits
                      00044         global  _PCLbits
                      00045         global  _PCHbits
                      00046         global  _IOP0bits
                      00047         global  _IOP4bits
                      00048         global  _IOP5bits
                      00049         global  _TXCRbits
                      00050         global  _T0CRbits
                      00051         global  _T0Cbits
                      00052         global  _T1CRbits
                      00053         global  _T1Cbits
                      00054         global  _T1Dbits
                      00055         global  _STKPbits
                      00056         global  _PUP0bits
                      00057         global  _PUP4bits
                      00058         global  _PUP5bits
                      00059         global  _INDFbits
                      00060         global  _HIBYTE
                      00061         global  _FSR0
                      00062         global  _FSR1
                      00063         global  _PFLAG
                      00064         global  _ANSEL
                      00065         global  _VREF
                      00066         global  _ADCR
                      00067         global  _ADRH
                      00068         global  _ADRL
                      00069         global  _OEP0
                      00070         global  _PEDGE
                      00071         global  _OEP4
                      00072         global  _OEP5
                      00073         global  _INTF
                      00074         global  _INTE
                      00075         global  _OSCM
                      00076         global  _WDTR
                      00077         global  _T0D
                      00078         global  _PCL
                      00079         global  _PCH
                      00080         global  _IOP0
                      00081         global  _IOP4
                      00082         global  _IOP5
                      00083         global  _TXCR
                      00084         global  _T0CR
                      00085         global  _T0C
                      00086         global  _T1CR
                      00087         global  _T1C
                      00088         global  _T1D
                      00089         global  _STKP
                      00090         global  _PUP0
                      00091         global  _PUP4
                      00092         global  _PUP5
                      00093         global  _INDF
                      00094         global  _STK3L
                      00095         global  _STK3H
                      00096         global  _STK2L
                      00097         global  _STK2H
                      00098         global  _STK1L
                      00099         global  _STK1H
                      00100         global  _STK0L
                      00101         global  _STK0H
                      00102 
                      00103 ;--------------------------------------------------------
                      00104 ; global definitions
                      00105 ;--------------------------------------------------------
                      00106 ;--------------------------------------------------------
                      00107 ; absolute symbol definitions
                      00108 ;--------------------------------------------------------
                      00109 UD_abs_mc32p7030_82     udata_ovr       0x0082
0041                  00110 _HIBYTEbits
0041                  00111 _HIBYTE
0041                  00112         res     1
                      00113 UD_abs_mc32p7030_83     udata_ovr       0x0083
0041                  00114 _FSR0bits
0041                  00115 _FSR0
0041                  00116         res     1
                      00117 UD_abs_mc32p7030_84     udata_ovr       0x0084
0042                  00118 _FSR1bits
0042                  00119 _FSR1
0042                  00120         res     1
                      00121 UD_abs_mc32p7030_86     udata_ovr       0x0086
0043                  00122 _PFLAGbits
0043                  00123 _PFLAG
0043                  00124         res     1
                      00125 UD_abs_mc32p7030_ae     udata_ovr       0x00ae
0057                  00126 _ANSELbits
0057                  00127 _ANSEL
0057                  00128         res     1
                      00129 UD_abs_mc32p7030_af     udata_ovr       0x00af
0057                  00130 _VREFbits
0057                  00131 _VREF
0057                  00132         res     1
                      00133 UD_abs_mc32p7030_b1     udata_ovr       0x00b1
0058                  00134 _ADCRbits
0058                  00135 _ADCR
0058                  00136         res     1
                      00137 UD_abs_mc32p7030_b2     udata_ovr       0x00b2
0059                  00138 _ADRHbits
0059                  00139 _ADRH
0059                  00140         res     1
                      00141 UD_abs_mc32p7030_b3     udata_ovr       0x00b3
0059                  00142 _ADRLbits
0059                  00143 _ADRL
0059                  00144         res     1
                      00145 UD_abs_mc32p7030_b8     udata_ovr       0x00b8
005C                  00146 _OEP0bits
005C                  00147 _OEP0
005C                  00148         res     1
                      00149 UD_abs_mc32p7030_bf     udata_ovr       0x00bf
005F                  00150 _PEDGEbits
005F                  00151 _PEDGE
005F                  00152         res     1
                      00153 UD_abs_mc32p7030_c4     udata_ovr       0x00c4
0062                  00154 _OEP4bits
0062                  00155 _OEP4
0062                  00156         res     1
                      00157 UD_abs_mc32p7030_c5     udata_ovr       0x00c5
0062                  00158 _OEP5bits
0062                  00159 _OEP5
0062                  00160         res     1
                      00161 UD_abs_mc32p7030_c8     udata_ovr       0x00c8
0064                  00162 _INTFbits
0064                  00163 _INTF
0064                  00164         res     1
                      00165 UD_abs_mc32p7030_c9     udata_ovr       0x00c9
0064                  00166 _INTEbits
0064                  00167 _INTE
0064                  00168         res     1
                      00169 UD_abs_mc32p7030_ca     udata_ovr       0x00ca
0065                  00170 _OSCMbits
0065                  00171 _OSCM
0065                  00172         res     1
                      00173 UD_abs_mc32p7030_cc     udata_ovr       0x00cc
0066                  00174 _WDTRbits
0066                  00175 _WDTR
0066                  00176         res     1
                      00177 UD_abs_mc32p7030_cd     udata_ovr       0x00cd
0066                  00178 _T0Dbits
0066                  00179 _T0D
0066                  00180         res     1
                      00181 UD_abs_mc32p7030_ce     udata_ovr       0x00ce
0067                  00182 _PCLbits
0067                  00183 _PCL
0067                  00184         res     1
                      00185 UD_abs_mc32p7030_cf     udata_ovr       0x00cf
0067                  00186 _PCHbits
0067                  00187 _PCH
0067                  00188         res     1
                      00189 UD_abs_mc32p7030_d0     udata_ovr       0x00d0
0068                  00190 _IOP0bits
0068                  00191 _IOP0
0068                  00192         res     1
                      00193 UD_abs_mc32p7030_d4     udata_ovr       0x00d4
006A                  00194 _IOP4bits
006A                  00195 _IOP4
006A                  00196         res     1
                      00197 UD_abs_mc32p7030_d5     udata_ovr       0x00d5
006A                  00198 _IOP5bits
006A                  00199 _IOP5
006A                  00200         res     1
                      00201 UD_abs_mc32p7030_d8     udata_ovr       0x00d8
006C                  00202 _TXCRbits
006C                  00203 _TXCR
006C                  00204         res     1
                      00205 UD_abs_mc32p7030_da     udata_ovr       0x00da
006D                  00206 _T0CRbits
006D                  00207 _T0CR
006D                  00208         res     1
                      00209 UD_abs_mc32p7030_db     udata_ovr       0x00db
006D                  00210 _T0Cbits
006D                  00211 _T0C
006D                  00212         res     1
                      00213 UD_abs_mc32p7030_dc     udata_ovr       0x00dc
006E                  00214 _T1CRbits
006E                  00215 _T1CR
006E                  00216         res     1
                      00217 UD_abs_mc32p7030_dd     udata_ovr       0x00dd
006E                  00218 _T1Cbits
006E                  00219 _T1C
006E                  00220         res     1
                      00221 UD_abs_mc32p7030_de     udata_ovr       0x00de
006F                  00222 _T1Dbits
006F                  00223 _T1D
006F                  00224         res     1
                      00225 UD_abs_mc32p7030_df     udata_ovr       0x00df
006F                  00226 _STKPbits
006F                  00227 _STKP
006F                  00228         res     1
                      00229 UD_abs_mc32p7030_e0     udata_ovr       0x00e0
0070                  00230 _PUP0bits
0070                  00231 _PUP0
0070                  00232         res     1
                      00233 UD_abs_mc32p7030_e4     udata_ovr       0x00e4
0072                  00234 _PUP4bits
0072                  00235 _PUP4
0072                  00236         res     1
                      00237 UD_abs_mc32p7030_e5     udata_ovr       0x00e5
0072                  00238 _PUP5bits
0072                  00239 _PUP5
0072                  00240         res     1
                      00241 UD_abs_mc32p7030_e7     udata_ovr       0x00e7
0073                  00242 _INDFbits
0073                  00243 _INDF
0073                  00244         res     1
                      00245 UD_abs_mc32p7030_f8     udata_ovr       0x00f8
007C                  00246 _STK3L
007C                  00247         res     1
                      00248 UD_abs_mc32p7030_f9     udata_ovr       0x00f9
007C                  00249 _STK3H
007C                  00250         res     1
                      00251 UD_abs_mc32p7030_fa     udata_ovr       0x00fa
007D                  00252 _STK2L
007D                  00253         res     1
                      00254 UD_abs_mc32p7030_fb     udata_ovr       0x00fb
007D                  00255 _STK2H
007D                  00256         res     1
                      00257 UD_abs_mc32p7030_fc     udata_ovr       0x00fc
007E                  00258 _STK1L
007E                  00259         res     1
                      00260 UD_abs_mc32p7030_fd     udata_ovr       0x00fd
007E                  00261 _STK1H
007E                  00262         res     1
                      00263 UD_abs_mc32p7030_fe     udata_ovr       0x00fe
007F                  00264 _STK0L
007F                  00265         res     1
                      00266 UD_abs_mc32p7030_ff     udata_ovr       0x00ff
007F                  00267 _STK0H
007F                  00268         res     1
                      00269 ;--------------------------------------------------------
                      00270 ; compiler-defined variables
                      00271 ;--------------------------------------------------------
                      00272 ;--------------------------------------------------------
                      00273 ; initialized data
                      00274 ;--------------------------------------------------------
                      00275 ;--------------------------------------------------------
                      00276 ; overlayable items in internal ram 
                      00277 ;--------------------------------------------------------
                      00278 ;       udata_ovr
                      00279 ;--------------------------------------------------------
                      00280 ; code
                      00281 ;--------------------------------------------------------
                      00282 code_mc32p7030  code
                      00283 
                      00284 ;       code size estimation:
                      00285 ;           0+    0 =     0 instructions (    0 byte)
                      00286 
                      00287         end
gpasm-2.0.0_beta2 (Nov  6 2017)mc32p7030.asm      2017-12-20  12:04:38         PAGE  2


SYMBOL TABLE
  LABEL                             VALUE

ADCHS0                            00000000
ADCHS1                            00000001
ADCHS2                            00000002
ADCKS0                            00000004
ADCKS1                            00000006
ADCR                              000000B1
ADEOC                             00000005
ADIE                              00000007
ADIF                              00000007
ADON                              00000007
ADR0                              00000000
ADR1                              00000001
ADR10                             00000006
ADR11                             00000007
ADR2                              00000002
ADR3                              00000003
ADR4                              00000000
ADR5                              00000001
ADR6                              00000002
ADR7                              00000003
ADR8                              00000004
ADR9                              00000005
ADRH                              000000B2
ADRL                              000000B3
ADST                              00000006
ANSEL                             000000AE
BUZ0OE                            00000001
BUZ1OE                            00000001
C                                 00000002
CLKS                              00000002
CPUM0                             00000003
CPUM1                             00000004
DC                                00000001
FSR0                              00000083
FSR00                             00000000
FSR01                             00000001
FSR02                             00000002
FSR03                             00000003
FSR04                             00000004
FSR05                             00000005
FSR06                             00000006
FSR07                             00000007
FSR1                              00000084
FSR10                             00000000
FSR11                             00000001
FSR12                             00000002
FSR13                             00000003
FSR14                             00000004
FSR15                             00000005
FSR16                             00000006
FSR17                             00000007
GCHS                              00000004
GIE                               00000007
HIBYTE                            00000082
HIBYTE0                           00000000
HIBYTE1                           00000001
HIBYTE2                           00000002
HIBYTE3                           00000003
HIBYTE4                           00000004
HIBYTE5                           00000005
HIBYTE6                           00000006
HIBYTE7                           00000007
HOFF                              00000001
INDF                              000000E7
INDF0                             00000000
INDF1                             00000001
INDF2                             00000002
INDF3                             00000003
INDF4                             00000004
INDF5                             00000005
INDF6                             00000006
INDF7                             00000007
INT0IE                            00000000
INT0IF                            00000000
INT1IE                            00000001
INT1IF                            00000001
INTE                              000000C9
INTF                              000000C8
IOP0                              000000D0
IOP4                              000000D4
IOP5                              000000D5
LVD24                             00000004
LVD36                             00000005
MINT00                            00000003
MINT01                            00000004
NPD                               00000006
NT0                               00000007
OEP0                              000000B8
OEP4                              000000C4
OEP5                              000000C5
OSCM                              000000CA
P00D                              00000000
P00OE                             00000000
P00PU                             00000000
P01D                              00000001
P01OE                             00000001
P01PU                             00000001
P02D                              00000002
P02OE                             00000002
P02PU                             00000002
P03D                              00000003
P03OE                             00000003
P03PU                             00000003
P04D                              00000004
P40ANS                            00000000
P40D                              00000000
P40OE                             00000000
P40PU                             00000000
P41ANS                            00000001
P41D                              00000001
P41OE                             00000001
P41PU                             00000001
P42ANS                            00000002
P42D                              00000002
P42OE                             00000002
P42PU                             00000002
P43ANS                            00000003
P43D                              00000003
P43OE                             00000003
P43PU                             00000003
P44ANS                            00000004
P44D                              00000004
P44OE                             00000004
P44PU                             00000004
P53D                              00000003
P53OE                             00000003
P53PU                             00000003
P54D                              00000004
P54OE                             00000004
P54PU                             00000004
PC0                               00000000
PC1                               00000001
PC2                               00000002
PC3                               00000003
PC4                               00000004
PC5                               00000005
PC6                               00000006
PC7                               00000007
PC8                               00000000
PC9                               00000001
PCH                               000000CF
PCL                               000000CE
PEDGE                             000000BF
PFLAG                             00000086
PUP0                              000000E0
PUP4                              000000E4
PUP5                              000000E5
PWM0OE                            00000000
PWM1OE                            00000000
STK00                             00000000
STK01                             00000000
STK02                             00000000
STK03                             00000000
STK04                             00000000
STK05                             00000000
STK06                             00000000
STK0H                             000000FF
STK0L                             000000FE
STK1H                             000000FD
STK1L                             000000FC
STK2H                             000000FB
STK2L                             000000FA
STK3H                             000000F9
STK3L                             000000F8
STKP                              000000DF
STKP0                             00000000
STKP1                             00000001
STKP2                             00000002
T0ALOAD                           00000002
T0C                               000000DB
T0C0                              00000000
T0C1                              00000001
T0C2                              00000002
T0C3                              00000003
T0C4                              00000004
T0C5                              00000005
T0C6                              00000006
T0C7                              00000007
T0CR                              000000DA
T0D                               000000CD
T0D0                              00000000
T0D1                              00000001
T0D2                              00000002
T0D3                              00000003
T0D4                              00000004
T0D5                              00000005
T0D6                              00000006
T0D7                              00000007
T0GE                              00000001
T0IE                              00000005
T0IF                              00000005
T0PR0                             00000004
T0PR1                             00000005
T0PR2                             00000006
T0PTS                             00000003
T0PTSX                            00000002
T1ALOAD                           00000002
T1C                               000000DD
T1C0                              00000000
T1C1                              00000001
T1C2                              00000002
T1C3                              00000003
T1C4                              00000004
T1C5                              00000005
T1C6                              00000006
T1C7                              00000007
T1CR                              000000DC
T1D                               000000DE
T1D0                              00000000
T1D1                              00000001
T1D2                              00000002
T1D3                              00000003
T1D4                              00000004
T1D5                              00000005
T1D6                              00000006
T1D7                              00000007
T1IE                              00000006
T1IF                              00000006
T1PR0                             00000004
T1PR1                             00000005
T1PR2                             00000006
T1PTS                             00000003
T1PTSX                            00000003
TC0EN                             00000007
TC1EN                             00000007
TXCR                              000000D8
VREF                              000000AF
VREFS                             00000007
VRS0                              00000000
VRS1                              00000001
WDTR                              000000CC
WDTR0                             00000000
WDTR1                             00000001
WDTR2                             00000002
WDTR3                             00000003
WDTR4                             00000004
WDTR5                             00000005
WDTR6                             00000006
WDTR7                             00000007
Z                                 00000000
_ADCR                             000000B1
_ADCRbits                         000000B1
_ADRH                             000000B2
_ADRHbits                         000000B2
_ADRL                             000000B3
_ADRLbits                         000000B3
_ANSEL                            000000AE
_ANSELbits                        000000AE
_CONFIG0                          00008000
_CONFIG1                          00008001
_FSR0                             00000083
_FSR0bits                         00000083
_FSR1                             00000084
_FSR1bits                         00000084
_HIBYTE                           00000082
_HIBYTEbits                       00000082
_INDF                             000000E7
_INDFbits                         000000E7
_INTE                             000000C9
_INTEbits                         000000C9
_INTF                             000000C8
_INTFbits                         000000C8
_IOP0                             000000D0
_IOP0bits                         000000D0
_IOP4                             000000D4
_IOP4bits                         000000D4
_IOP5                             000000D5
_IOP5bits                         000000D5
_OEP0                             000000B8
_OEP0bits                         000000B8
_OEP4                             000000C4
_OEP4bits                         000000C4
_OEP5                             000000C5
_OEP5bits                         000000C5
_OSCM                             000000CA
_OSCMbits                         000000CA
_PCH                              000000CF
_PCHbits                          000000CF
_PCL                              000000CE
_PCLbits                          000000CE
_PEDGE                            000000BF
_PEDGEbits                        000000BF
_PFLAG                            00000086
_PFLAGbits                        00000086
_PUP0                             000000E0
_PUP0bits                         000000E0
_PUP4                             000000E4
_PUP4bits                         000000E4
_PUP5                             000000E5
_PUP5bits                         000000E5
_STK0H                            000000FF
_STK0L                            000000FE
_STK1H                            000000FD
_STK1L                            000000FC
_STK2H                            000000FB
_STK2L                            000000FA
_STK3H                            000000F9
_STK3L                            000000F8
_STKP                             000000DF
_STKPbits                         000000DF
_T0C                              000000DB
_T0CR                             000000DA
_T0CRbits                         000000DA
_T0Cbits                          000000DB
_T0D                              000000CD
_T0Dbits                          000000CD
_T1C                              000000DD
_T1CR                             000000DC
_T1CRbits                         000000DC
_T1Cbits                          000000DD
_T1D                              000000DE
_T1Dbits                          000000DE
_TXCR                             000000D8
_TXCRbits                         000000D8
_VREF                             000000AF
_VREFbits                         000000AF
_WDTR                             000000CC
_WDTRbits                         000000CC
__32P7030                         00000001

Errors   :     0
Warnings :     0 reported,     0 suppressed
Messages :     0 reported,     0 suppressed

