gpasm-2.0.0_beta2 (Nov  6 2017)_divuchar.asm      2018-1-11  15:10:18          PAGE  1


LOC  OBJECT CODE     LINE SOURCE TEXT
  VALUE

                      00001 ;--------------------------------------------------------
                      00002 ; File Created by SN-SDCC : SinoMCU ANSI-C Compiler
                      00003 ; Version 1.1.0 (Dec 19 2017) (MINGW32)
                      00004 ; This file was generated Thu Jan 11 15:10:17 2018
                      00005 ;--------------------------------------------------------
                      00006 ; MC32 port for the RISC core
                      00007 ;--------------------------------------------------------
                      00008 ;       .file   "../../libsdcc_mc32l/_divuchar.c"
                      00009         list    p=3316
                      00010         radix dec
                      00011         include "3316.inc"
                      00001                 LIST
                      00002 ;mc32p5314.inc    Standard Header File, Version 1.00 by Sinomcu
                      00772                 LIST
                      00012 ;--------------------------------------------------------
                      00013 ; external declarations
                      00014 ;--------------------------------------------------------
                      00015 
                      00016         extern STK06
                      00017         extern STK05
                      00018         extern STK04
                      00019         extern STK03
                      00020         extern STK02
                      00021         extern STK01
                      00022         extern STK00
                      00023 ;--------------------------------------------------------
                      00024 ; global declarations
                      00025 ;--------------------------------------------------------
                      00026         global  __divuchar
                      00027 
                      00028 ;--------------------------------------------------------
                      00029 ; global definitions
                      00030 ;--------------------------------------------------------
                      00031 ;--------------------------------------------------------
                      00032 ; absolute symbol definitions
                      00033 ;--------------------------------------------------------
                      00034 ;--------------------------------------------------------
                      00035 ; compiler-defined variables
                      00036 ;--------------------------------------------------------
                      00037 UDL__divuchar_0 udata
0000                  00038 r0x1000 res     1
0000                  00039 r0x1001 res     1
0001                  00040 r0x1002 res     1
0001                  00041 r0x1003 res     1
0002                  00042 r0x1004 res     1
                      00043 ;--------------------------------------------------------
                      00044 ; initialized data
                      00045 ;--------------------------------------------------------
                      00046 
                      00047 ;@Allocation info for local variables in function '_divuchar'
                      00048 ;@_divuchar b                         Allocated to registers r0x1001 ;size:1
                      00049 ;@_divuchar a                         Allocated to registers r0x1000 ;size:1
                      00050 ;@_divuchar result                    Allocated to registers r0x1002 ;size:1
                      00051 ;@_divuchar mask                      Allocated to registers r0x1003 ;size:1
                      00052 ;@end Allocation info for local variables in function '_divuchar';
                      00053 
                      00054 ;--------------------------------------------------------
                      00055 ; overlayable items in internal ram 
                      00056 ;--------------------------------------------------------
                      00057 ;       udata_ovr
                      00058 ;--------------------------------------------------------
                      00059 ; code
                      00060 ;--------------------------------------------------------
                      00061 code__divuchar  code
                      00062 ;***
                      00063 ;  pBlock Stats: dbName = C
                      00064 ;***
                      00065 ;entry:  __divuchar     ;Function start
                      00066 ; 2 exit points
                      00067 ;has an exit
                      00068 ;9 compiler assigned registers:
                      00069 ;   r0x1000
                      00070 ;   STK00
                      00071 ;   r0x1001
                      00072 ;   r0x1002
                      00073 ;   r0x1003
                      00074 ;   r0x1004
                      00075 ;   r0x1005
                      00076 ;   r0x1006
                      00077 ;   r0x1007
                      00078 ;; Starting pCode block
                      00079 ;;[ICODE] ../../libsdcc_mc32l/_divuchar.c:30:  _entry($12) :
                      00080 ;;[ICODE] ../../libsdcc_mc32l/_divuchar.c:30:   proc __divuchar [k1 lr0:0 so:0]{ ia0 a2p0 re0 rm0 nos0 ru0 dp0}{unsigned-char function ( unsigned-char fixed, unsigned-char fixed) fixed}
0000                  00081 __divuchar      ;Function start
                      00082 ; 2 exit points
                      00083 ;;[ICODE] ../../libsdcc_mc32l/_divuchar.c:30: iTemp0 [k2 lr3:33 so:0]{ ia0 a2p0 re1 rm0 nos0 ru0 dp0}{unsigned-char fixed}{ sir@ __divuchar_a_1_1}[r0x1000 ] = recv __divuchar [k1 lr0:0 so:0]{ ia0 a2p0 re0 rm0 nos0 ru0 dp0}{unsigned-char function ( unsigned-char fixed, unsigned-char fixed) fixed}
                      00084 ;       .line   30; "../../libsdcc_mc32l/_divuchar.c"   _divuchar (unsigned char a, unsigned char b)
0000   5600           00085         MOVRA   r0x1000
                      00086 ;;[ICODE] ../../libsdcc_mc32l/_divuchar.c:30: iTemp1 [k4 lr4:33 so:0]{ ia0 a2p0 re1 rm0 nos0 ru0 dp0}{unsigned-char fixed}{ sir@ __divuchar_b_1_1}[r0x1001 ] = recv __divuchar [k1 lr0:0 so:0]{ ia0 a2p0 re0 rm0 nos0 ru0 dp0}{unsigned-char function ( unsigned-char fixed, unsigned-char fixed) fixed}
0001   5800           00087         MOVAR   STK00
0002   5600           00088         MOVRA   r0x1001
                      00089 ;;[ICODE] ../../libsdcc_mc32l/_divuchar.c:32:   iTemp2 [k6 lr5:35 so:0]{ ia0 a2p0 re1 rm0 nos0 ru0 dp0}{unsigned-char fixed}{ sir@ __divuchar_result_1_2}[r0x1002 ] := 0x0 {const-unsigned-char literal}
                      00090 ;       .line   32; "../../libsdcc_mc32l/_divuchar.c"   unsigned char result = 0;
0003   7600           00091         CLRR    r0x1002
                      00092 ;;[ICODE] ../../libsdcc_mc32l/_divuchar.c:33:   iTemp3 [k8 lr6:33 so:0]{ ia0 a2p0 re1 rm0 nos0 ru0 dp0}{unsigned-char fixed}{ sir@ __divuchar_mask_1_2}[r0x1003 ] := 0x1 {const-unsigned-char literal}
                      00093 ;       .line   33; "../../libsdcc_mc32l/_divuchar.c"   unsigned char mask = 0x01;
0004   3C01           00094         MOVAI   0x01
0005   5600           00095         MOVRA   r0x1003
                      00096 ;;[ICODE] ../../libsdcc_mc32l/_divuchar.c:36:   if iTemp1 [k4 lr4:33 so:0]{ ia0 a2p0 re1 rm0 nos0 ru0 dp0}{unsigned-char fixed}{ sir@ __divuchar_b_1_1}[r0x1001 ] != 0 goto _whilecontinue_0($3)
                      00097 ;       .line   36; "../../libsdcc_mc32l/_divuchar.c"   if (!b) return (unsigned char)-1;
0006   3C00           00098         MOVAI   0x00
0007   5C00           00099         ORAR    r0x1001
0008   E5B7           00100         JBSET   PFLAG,2
0009   2000 2300      00101         LGOTO   _00107_DS_
                      00102 ;;[ICODE] ../../libsdcc_mc32l/_divuchar.c:36:   ret 0xff {unsigned-char literal}
000B   3CFF           00103         MOVAI   0xff
000C   2000 2300      00104         LGOTO   _00115_DS_
                      00105 ;;[ICODE] ../../libsdcc_mc32l/_divuchar.c:40:  _whilecontinue_0($3) :
                      00106 ;;[ICODE] ../../libsdcc_mc32l/_divuchar.c:40:   iTemp4 [k10 lr11:12 so:0]{ ia0 a2p0 re0 rm0 nos0 ru0 dp0}{unsigned-long-int register}[r0x1004 r0x1005 r0x1006 r0x1007 ] = (unsigned-long-int register)iTemp1 [k4 lr4:33 so:0]{ ia0 a2p0 re1 rm0 nos0 ru0 dp0}{unsigned-char fixed}{ sir@ __divuchar_b_1_1}[r0x1001 ]
000E                  00107 _00107_DS_
                      00108 ;       .line   40; "../../libsdcc_mc32l/_divuchar.c"   while (!(b & (1UL << (8*sizeof(unsigned char)-1)))) {
000E   5800           00109         MOVAR   r0x1001
000F   5600           00110         MOVRA   r0x1004
                      00111 ;;1     CLRR    r0x1005
                      00112 ;;1     CLRR    r0x1006
                      00113 ;;1     CLRR    r0x1007
                      00114 ;;[ICODE] ../../libsdcc_mc32l/_divuchar.c:40:   iTemp5 [k11 lr12:13 so:0]{ ia0 a2p0 re0 rm0 nos0 ru0 dp0}{unsigned-long-int register} = iTemp4 [k10 lr11:12 so:0]{ ia0 a2p0 re0 rm0 nos0 ru0 dp0}{unsigned-long-int register}[r0x1004 r0x1005 r0x1006 r0x1007 ] & 0x80 {unsigned-long-int literal}
0010   FE00           00115         JBCLR   r0x1004,7
0011   2000 2300      00116         LGOTO   _00112_DS_
                      00117 ;;[ICODE] ../../libsdcc_mc32l/_divuchar.c:40:   if iTemp5 [k11 lr12:13 so:0]{ ia0 a2p0 re0 rm0 nos0 ru0 dp0}{unsigned-long-int register} != 0 goto _whilecontinue_1($8)
                      00118 ;;[ICODE] ../../libsdcc_mc32l/_divuchar.c:41:   iTemp1 [k4 lr4:33 so:0]{ ia0 a2p0 re1 rm0 nos0 ru0 dp0}{unsigned-char fixed}{ sir@ __divuchar_b_1_1}[r0x1001 ] = iTemp1 [k4 lr4:33 so:0]{ ia0 a2p0 re1 rm0 nos0 ru0 dp0}{unsigned-char fixed}{ sir@ __divuchar_b_1_1}[r0x1001 ] << 0x1 {const-unsigned-char literal}
                      00119 ;       .line   41; "../../libsdcc_mc32l/_divuchar.c"   b <<= 1;
0013   D1B7           00120         BCLR    PFLAG,0
0014   5200           00121         RLR     r0x1001
                      00122 ;;[ICODE] ../../libsdcc_mc32l/_divuchar.c:42:   iTemp3 [k8 lr6:33 so:0]{ ia0 a2p0 re1 rm0 nos0 ru0 dp0}{unsigned-char fixed}{ sir@ __divuchar_mask_1_2}[r0x1003 ] = iTemp3 [k8 lr6:33 so:0]{ ia0 a2p0 re1 rm0 nos0 ru0 dp0}{unsigned-char fixed}{ sir@ __divuchar_mask_1_2}[r0x1003 ] << 0x1 {const-unsigned-char literal}
                      00123 ;       .line   42; "../../libsdcc_mc32l/_divuchar.c"   mask <<= 1;
0015   D1B7           00124         BCLR    PFLAG,0
0016   5200           00125         RLR     r0x1003
                      00126 ;;[ICODE] ../../libsdcc_mc32l/_divuchar.c:42:    goto _whilecontinue_0($3)
0017   2000 2300      00127         LGOTO   _00107_DS_
                      00128 ;;[ICODE] ../../libsdcc_mc32l/_divuchar.c:47:  _whilecontinue_1($8) :
                      00129 ;;[ICODE] ../../libsdcc_mc32l/_divuchar.c:47:   if iTemp3 [k8 lr6:33 so:0]{ ia0 a2p0 re1 rm0 nos0 ru0 dp0}{unsigned-char fixed}{ sir@ __divuchar_mask_1_2}[r0x1003 ] == 0 goto _whilebreak_1($10)
0019                  00130 _00112_DS_
                      00131 ;       .line   47; "../../libsdcc_mc32l/_divuchar.c"   while (mask) {
0019   3C00           00132         MOVAI   0x00
001A   5C00           00133         ORAR    r0x1003
001B   F5B7           00134         JBCLR   PFLAG,2
001C   2000 2300      00135         LGOTO   _00114_DS_
                      00136 ;;[ICODE] ../../libsdcc_mc32l/_divuchar.c:48:   iTemp8 [k14 lr22:23 so:0]{ ia0 a2p0 re0 rm0 nos0 ru0 dp0}{char fixed} = iTemp0 [k2 lr3:33 so:0]{ ia0 a2p0 re1 rm0 nos0 ru0 dp0}{unsigned-char fixed}{ sir@ __divuchar_a_1_1}[r0x1000 ] < iTemp1 [k4 lr4:33 so:0]{ ia0 a2p0 re1 rm0 nos0 ru0 dp0}{unsigned-char fixed}{ sir@ __divuchar_b_1_1}[r0x1001 ]
                      00137 ;       .line   48; "../../libsdcc_mc32l/_divuchar.c"   if (a >= b) {
001E   5800           00138         MOVAR   r0x1001
001F   4800           00139         RSUBAR  r0x1000
0020   E1B7           00140         JBSET   PFLAG,0
0021   2000 2300      00141         LGOTO   _00111_DS_
                      00142 ;;genSkipc:3195: created from rifx:00DD608C
                      00143 ;;[ICODE] ../../libsdcc_mc32l/_divuchar.c:48:   if iTemp8 [k14 lr22:23 so:0]{ ia0 a2p0 re0 rm0 nos0 ru0 dp0}{char fixed} != 0 goto _iffalse_1($7)
                      00144 ;;[ICODE] ../../libsdcc_mc32l/_divuchar.c:49:   iTemp2 [k6 lr5:35 so:0]{ ia0 a2p0 re1 rm0 nos0 ru0 dp0}{unsigned-char fixed}{ sir@ __divuchar_result_1_2}[r0x1002 ] = iTemp2 [k6 lr5:35 so:0]{ ia0 a2p0 re1 rm0 nos0 ru0 dp0}{unsigned-char fixed}{ sir@ __divuchar_result_1_2}[r0x1002 ] + iTemp3 [k8 lr6:33 so:0]{ ia0 a2p0 re1 rm0 nos0 ru0 dp0}{unsigned-char fixed}{ sir@ __divuchar_mask_1_2}[r0x1003 ]
                      00145 ;       .line   49; "../../libsdcc_mc32l/_divuchar.c"   result += mask;
0023   5800           00146         MOVAR   r0x1003
0024   7E00           00147         ADDRA   r0x1002
                      00148 ;;[ICODE] ../../libsdcc_mc32l/_divuchar.c:50:   iTemp0 [k2 lr3:33 so:0]{ ia0 a2p0 re1 rm0 nos0 ru0 dp0}{unsigned-char fixed}{ sir@ __divuchar_a_1_1}[r0x1000 ] = iTemp0 [k2 lr3:33 so:0]{ ia0 a2p0 re1 rm0 nos0 ru0 dp0}{unsigned-char fixed}{ sir@ __divuchar_a_1_1}[r0x1000 ] - iTemp1 [k4 lr4:33 so:0]{ ia0 a2p0 re1 rm0 nos0 ru0 dp0}{unsigned-char fixed}{ sir@ __divuchar_b_1_1}[r0x1001 ]
                      00149 ;       .line   50; "../../libsdcc_mc32l/_divuchar.c"   a -= b;
0025   5800           00150         MOVAR   r0x1001
0026   4A00           00151         RSUBRA  r0x1000
                      00152 ;;[ICODE] ../../libsdcc_mc32l/_divuchar.c:50:  _iffalse_1($7) :
                      00153 ;;[ICODE] ../../libsdcc_mc32l/_divuchar.c:52:   iTemp1 [k4 lr4:33 so:0]{ ia0 a2p0 re1 rm0 nos0 ru0 dp0}{unsigned-char fixed}{ sir@ __divuchar_b_1_1}[r0x1001 ] = iTemp1 [k4 lr4:33 so:0]{ ia0 a2p0 re1 rm0 nos0 ru0 dp0}{unsigned-char fixed}{ sir@ __divuchar_b_1_1}[r0x1001 ] >> 0x1 {const-unsigned-char literal}
                      00154 ;;shiftRight_Left2ResultLit:5216: shCount=1, size=1, sign=0, same=1, offr=0
0027                  00155 _00111_DS_
                      00156 ;       .line   52; "../../libsdcc_mc32l/_divuchar.c"   b >>= 1;
0027   D1B7           00157         BCLR    PFLAG,0
0028   4E00           00158         RRR     r0x1001
                      00159 ;;[ICODE] ../../libsdcc_mc32l/_divuchar.c:53:   iTemp3 [k8 lr6:33 so:0]{ ia0 a2p0 re1 rm0 nos0 ru0 dp0}{unsigned-char fixed}{ sir@ __divuchar_mask_1_2}[r0x1003 ] = iTemp3 [k8 lr6:33 so:0]{ ia0 a2p0 re1 rm0 nos0 ru0 dp0}{unsigned-char fixed}{ sir@ __divuchar_mask_1_2}[r0x1003 ] >> 0x1 {const-unsigned-char literal}
                      00160 ;;shiftRight_Left2ResultLit:5216: shCount=1, size=1, sign=0, same=1, offr=0
                      00161 ;       .line   53; "../../libsdcc_mc32l/_divuchar.c"   mask >>= 1;
0029   D1B7           00162         BCLR    PFLAG,0
002A   4E00           00163         RRR     r0x1003
                      00164 ;;[ICODE] ../../libsdcc_mc32l/_divuchar.c:53:    goto _whilecontinue_1($8)
002B   2000 2300      00165         LGOTO   _00112_DS_
                      00166 ;;[ICODE] ../../libsdcc_mc32l/_divuchar.c:53:  _whilebreak_1($10) :
                      00167 ;;[ICODE] ../../libsdcc_mc32l/_divuchar.c:56:   ret iTemp2 [k6 lr5:35 so:0]{ ia0 a2p0 re1 rm0 nos0 ru0 dp0}{unsigned-char fixed}{ sir@ __divuchar_result_1_2}[r0x1002 ]
002D                  00168 _00114_DS_
                      00169 ;       .line   56; "../../libsdcc_mc32l/_divuchar.c"   return result;
002D   5800           00170         MOVAR   r0x1002
                      00171 ;;[ICODE] ../../libsdcc_mc32l/_divuchar.c:56:  _return($11) :
                      00172 ;;[ICODE] ../../libsdcc_mc32l/_divuchar.c:56:   eproc __divuchar [k1 lr0:0 so:0]{ ia0 a2p0 re0 rm0 nos0 ru0 dp0}{unsigned-char function ( unsigned-char fixed, unsigned-char fixed) fixed}
002E                  00173 _00115_DS_
002E   000C           00174         RETURN  
                      00175 ; exit point of __divuchar
                      00176 
                      00177 
                      00178 ;       code size estimation:
                      00179 ;          40+    0 =    40 instructions (   80 byte)
                      00180 
                      00181         end
gpasm-2.0.0_beta2 (Nov  6 2017)_divuchar.asm      2018-1-11  15:10:18          PAGE  2


SYMBOL TABLE
  LABEL                             VALUE

ADCHS0                            00000004
ADCHS1                            00000005
ADCHS2                            00000006
ADCHS3                            00000007
ADCKS0                            00000002
ADCKS1                            00000003
ADCR0                             000001E8
ADCR1                             000001E9
ADCR2                             000001EA
ADDRH                             000001EC
ADDRL                             000001ED
ADEOC                             00000001
ADIE                              00000007
ADIF                              00000007
ADIOS0                            00000000
ADIOS1                            00000001
ADIOS2                            00000002
ADIOS3                            00000003
ADIOS4                            00000004
ADIOS5                            00000005
ADIOS6                            00000006
ADIOS7                            00000007
ADON                              00000000
C                                 00000000
CLKS                              00000002
CSEL0                             00000000
CSEL1                             00000001
DC                                00000001
DKW                               000001F4
DKWE                              00000007
DKWP0                             000001C3
DRVS                              00000001
DSELEN                            00000000
FILS                              00000003
FLCD0                             00000000
FLCD1                             00000001
FPWMA0                            00000002
FPWMA1                            00000003
FPWMB0                            00000000
FPWMB1                            00000001
FPWMEN                            00000007
FPWMS                             00000004
FSEL0                             00000002
FSEL1                             00000003
FSR0                              000001B4
FSR00                             00000000
FSR01                             00000001
FSR02                             00000002
FSR03                             00000003
FSR04                             00000004
FSR05                             00000005
FSR06                             00000006
FSR07                             00000007
FSR1                              000001B5
FSR10                             00000000
FSR11                             00000001
FSR12                             00000002
FSR13                             00000003
FSR14                             00000004
FSR15                             00000005
FSR16                             00000006
FSR17                             00000007
GIE                               00000007
HFEN                              00000000
HIBYTE                            000001B3
HIBYTE0                           00000000
HIBYTE1                           00000001
HIBYTE2                           00000002
HIBYTE3                           00000003
HIBYTE4                           00000004
HIBYTE5                           00000005
HIBYTE6                           00000006
HIBYTE7                           00000007
INDF0                             000001B0
INDF00                            00000000
INDF01                            00000001
INDF02                            00000002
INDF03                            00000003
INDF04                            00000004
INDF05                            00000005
INDF06                            00000006
INDF07                            00000007
INDF1                             000001B1
INDF10                            00000000
INDF11                            00000001
INDF12                            00000002
INDF13                            00000003
INDF14                            00000004
INDF15                            00000005
INDF16                            00000006
INDF17                            00000007
INDF2                             000001B2
INDF20                            00000000
INDF21                            00000001
INDF22                            00000002
INDF23                            00000003
INDF24                            00000004
INDF25                            00000005
INDF26                            00000006
INDF27                            00000007
INDF3                             000001B9
INDF30                            00000000
INDF31                            00000001
INDF32                            00000002
INDF33                            00000003
INDF34                            00000004
INDF35                            00000005
INDF36                            00000006
INDF37                            00000007
INT0IE                            00000002
INT0IF                            00000002
INT1IE                            00000003
INT1IF                            00000003
INTE                              000001BA
INTF                              000001BB
IOP0                              000001C0
IOP1                              000001C4
IOP2                              000001C8
IOP3                              000001CC
IOP4                              000001D0
IOP5                              000001D4
IRIN                              00000007
IROS                              00000006
IROT                              00000005
KBCR                              000001F5
KBCR0                             00000000
KBCR1                             00000001
KBCR2                             00000002
KBCR3                             00000003
KBCR4                             00000004
KBCR5                             00000005
KBCR6                             00000006
KBCR7                             00000007
KBIE                              00000004
KBIF                              00000004
LCDCKS                            00000002
LCDCR0                            000001F2
LCDCR1                            000001F3
LCDDRV                            000001F6
LCDDRVP06                         00000000
LCDDRVP22                         00000001
LCDDRVP23                         00000002
LCDDS00                           00000100
LCDDS01                           00000101
LCDDS02                           00000102
LCDDS03                           00000103
LCDDS04                           00000104
LCDDS05                           00000105
LCDDS06                           00000106
LCDDS07                           00000107
LCDDS08                           00000108
LCDDS09                           00000109
LCDDS10                           0000010A
LCDDS11                           0000010B
LCDDS12                           0000010C
LCDDS13                           0000010D
LCDDS14                           0000010E
LCDDS15                           0000010F
LCDDS16                           00000110
LCDDS17                           00000111
LCDDS18                           00000112
LCDDS19                           00000113
LCDDS20                           00000114
LCDDS21                           00000115
LCDDS22                           00000116
LCDDS23                           00000117
LCDDS24                           00000118
LCDDS25                           00000119
LCDDS26                           0000011A
LCDDS27                           0000011B
LCDDS28                           0000011C
LCDDS29                           0000011D
LCDDUTY                           00000004
LCDEN                             00000007
LCDIOSP1                          000001C7
LCDIOSP10                         00000000
LCDIOSP11                         00000001
LCDIOSP12                         00000002
LCDIOSP13                         00000003
LCDIOSP14                         00000004
LCDIOSP15                         00000005
LCDIOSP16                         00000006
LCDIOSP17                         00000007
LCDIOSP2                          000001CB
LCDIOSP20                         00000000
LCDIOSP21                         00000001
LCDIOSP22                         00000002
LCDIOSP23                         00000003
LCDIOSP24                         00000004
LCDIOSP25                         00000005
LCDIOSP26                         00000006
LCDIOSP27                         00000007
LCDIOSP3                          000001CF
LCDIOSP30                         00000000
LCDIOSP31                         00000001
LCDIOSP32                         00000002
LCDIOSP33                         00000003
LCDIOSP34                         00000004
LCDIOSP35                         00000005
LCDIOSP36                         00000006
LCDIOSP37                         00000007
LCDIOSP4                          000001D3
LCDIOSP40                         00000000
LCDIOSP41                         00000001
LCDIOSP42                         00000002
LCDIOSP43                         00000003
LCDIOSP44                         00000004
LCDIOSP45                         00000005
LCDIOSP46                         00000006
LCDIOSP47                         00000007
LCDIOSP5                          000001D7
LCDIOSP50                         00000000
LCDIOSP51                         00000001
LCDM                              00000003
LCDRS0                            00000000
LCDRS1                            00000001
LCDSP0                            00000005
LCDSP1                            00000006
LCDSPEED                          00000002
LFEN                              00000001
LPEN0                             00000000
LPEN1                             00000001
LPEN2                             00000002
LVDCR                             000001BD
LVDEN                             00000007
LVDF                              00000000
LVDIE                             00000005
LVDIF                             00000005
LVDS0                             00000003
LVDS1                             00000004
LVDS2                             00000005
LVDS3                             00000006
LXTCR                             000001BE
MCR                               000001B8
MINT00                            00000000
MINT01                            00000001
MINT10                            00000002
MINT11                            00000003
OEP0                              000001C1
OEP1                              000001C5
OEP2                              000001C9
OEP3                              000001CD
OEP4                              000001D1
OEP5                              000001D5
OPAE                              00000007
OPAM                              00000006
OPCR0                             000001F0
OPCR1                             000001F1
OPFC0                             00000000
OPFC1                             00000001
OPFC2                             00000002
OPFC3                             00000003
OPFC4                             00000004
OPFC5                             00000005
OSCM                              000001BC
P00D                              00000000
P00DKW                            00000000
P00OE                             00000000
P00PU                             00000000
P01D                              00000001
P01DKW                            00000001
P01OE                             00000001
P01PU                             00000001
P02D                              00000002
P02DKW                            00000002
P02OE                             00000002
P02PU                             00000002
P03D                              00000003
P03DKW                            00000003
P03OE                             00000003
P03PU                             00000003
P04D                              00000004
P04DKW                            00000004
P04OE                             00000004
P04PU                             00000004
P05D                              00000005
P05DKW                            00000005
P05OE                             00000005
P05PU                             00000005
P06D                              00000006
P06DKW                            00000006
P06OE                             00000006
P06PU                             00000006
P07D                              00000007
P07DKW                            00000007
P07OE                             00000007
P07PU                             00000007
P10D                              00000000
P10OE                             00000000
P10PU                             00000000
P11D                              00000001
P11OE                             00000001
P11PU                             00000001
P12D                              00000002
P12OE                             00000002
P12PU                             00000002
P13D                              00000003
P13OE                             00000003
P13PU                             00000003
P14D                              00000004
P14OE                             00000004
P14PU                             00000004
P15D                              00000005
P15OE                             00000005
P15PU                             00000005
P16D                              00000006
P16OE                             00000006
P16PU                             00000006
P17D                              00000007
P17OE                             00000007
P17PU                             00000007
P20D                              00000000
P20OE                             00000000
P20PU                             00000000
P21D                              00000001
P21OE                             00000001
P21PU                             00000001
P22D                              00000002
P22OE                             00000002
P22PU                             00000002
P23D                              00000003
P23OE                             00000003
P23PU                             00000003
P24D                              00000004
P24OE                             00000004
P24PU                             00000004
P25D                              00000005
P25OE                             00000005
P25PU                             00000005
P26D                              00000006
P26OE                             00000006
P26PU                             00000006
P27D                              00000007
P27OE                             00000007
P27PU                             00000007
P30D                              00000000
P30OE                             00000000
P30PU                             00000000
P31D                              00000001
P31OE                             00000001
P31PU                             00000001
P32D                              00000002
P32OE                             00000002
P32PU                             00000002
P33D                              00000003
P33OE                             00000003
P33PU                             00000003
P34D                              00000004
P34OE                             00000004
P34PU                             00000004
P35D                              00000005
P35OE                             00000005
P35PU                             00000005
P36D                              00000006
P36OE                             00000006
P36PU                             00000006
P37D                              00000007
P37OE                             00000007
P37PU                             00000007
P40D                              00000000
P40OE                             00000000
P40PU                             00000000
P41D                              00000001
P41OE                             00000001
P41PU                             00000001
P42D                              00000002
P42OE                             00000002
P42PU                             00000002
P43D                              00000003
P43OE                             00000003
P43PU                             00000003
P44D                              00000004
P44OE                             00000004
P44PU                             00000004
P45D                              00000005
P45OE                             00000005
P45PU                             00000005
P46D                              00000006
P46OE                             00000006
P46PU                             00000006
P47D                              00000007
P47OE                             00000007
P47PU                             00000007
P50D                              00000000
P50OE                             00000000
P50PU                             00000000
P51D                              00000001
P51OE                             00000001
P51PU                             00000001
P52D                              00000002
P52OE                             00000002
P52PU                             00000002
P53D                              00000003
P53OE                             00000003
P53PU                             00000003
P54D                              00000004
P54OE                             00000004
P55D                              00000005
P55OE                             00000005
P55PU                             00000005
PC0                               00000000
PC1                               00000001
PC2                               00000002
PC3                               00000003
PC4                               00000004
PC5                               00000005
PC6                               00000006
PC7                               00000007
PCL                               000001B6
PD                                00000004
PFLAG                             000001B7
PUP0                              000001C2
PUP1                              000001C6
PUP2                              000001CA
PUP3                              000001CE
PUP4                              000001D2
PUP5                              000001D6
PWMEN                             00000006
RSEL                              00000002
STBH                              00000004
STBL                              00000005
STK00                             00000000
STK01                             00000000
STK02                             00000000
STK03                             00000000
STK04                             00000000
STK05                             00000000
STK06                             00000000
T0CR0                             000001D8
T0CR1                             000001D9
T0DATAH                           000001DE
T0DATAH0                          00000000
T0DATAH1                          00000001
T0DATAH2                          00000002
T0DATAH3                          00000003
T0DATAH4                          00000004
T0DATAH5                          00000005
T0DATAH6                          00000006
T0DATAH7                          00000007
T0DATAL                           000001DF
T0DATAL0                          00000000
T0DATAL1                          00000001
T0DATAL2                          00000002
T0DATAL3                          00000003
T0DATAL4                          00000004
T0DATAL5                          00000005
T0DATAL6                          00000006
T0DATAL7                          00000007
T0IE                              00000000
T0IF                              00000000
T0LATFH                           000001E2
T0LATFH0                          00000000
T0LATFH1                          00000001
T0LATFH2                          00000002
T0LATFH3                          00000003
T0LATFH4                          00000004
T0LATFH5                          00000005
T0LATFH6                          00000006
T0LATFH7                          00000007
T0LATFL                           000001E3
T0LATFL0                          00000000
T0LATFL1                          00000001
T0LATFL2                          00000002
T0LATFL3                          00000003
T0LATFL4                          00000004
T0LATFL5                          00000005
T0LATFL6                          00000006
T0LATFL7                          00000007
T0LATRH                           000001E0
T0LATRH0                          00000000
T0LATRH1                          00000001
T0LATRH2                          00000002
T0LATRH3                          00000003
T0LATRH4                          00000004
T0LATRH5                          00000005
T0LATRH6                          00000006
T0LATRH7                          00000007
T0LATRL                           000001E1
T0LATRL0                          00000000
T0LATRL1                          00000001
T0LATRL2                          00000002
T0LATRL3                          00000003
T0LATRL4                          00000004
T0LATRL5                          00000005
T0LATRL6                          00000006
T0LATRL7                          00000007
T0LOADH                           000001DC
T0LOADL                           000001DD
T0LOADL0                          00000000
T0LOADL1                          00000001
T0LOADL2                          00000002
T0LOADL3                          00000003
T0LOADL4                          00000004
T0LOADL5                          00000005
T0LOADL6                          00000006
T0LOADL7                          00000007
T0MOD0                            00000005
T0MOD1                            00000006
T0PR0                             00000000
T0PR1                             00000001
T0PR2                             00000002
T0PTS0                            00000003
T0PTS1                            00000004
T0RF                              00000006
T1CR                              000001E4
T1DATA                            000001E5
T1DATA0                           00000000
T1DATA1                           00000001
T1DATA2                           00000002
T1DATA3                           00000003
T1DATA4                           00000004
T1DATA5                           00000005
T1DATA6                           00000006
T1DATA7                           00000007
T1IE                              00000001
T1IF                              00000001
T1LOAD                            000001E6
T1LOAD0                           00000000
T1LOAD1                           00000001
T1LOAD2                           00000002
T1LOAD3                           00000003
T1LOAD4                           00000004
T1LOAD5                           00000005
T1LOAD6                           00000006
T1LOAD7                           00000007
T1MOD0                            00000005
T1MOD1                            00000006
T1PR0                             00000000
T1PR1                             00000001
T1PR2                             00000002
T1PTS0                            00000003
T1PTS1                            00000004
TC0EN                             00000007
TC1EN                             00000007
TO                                00000005
VDLSEL                            00000004
VLCDS                             00000003
VREFRES                           00000001
VREXT                             00000000
VSEL                              00000006
WSEL0                             00000003
WSEL1                             00000004
Z                                 00000002
_00107_DS_                        0000000E
_00111_DS_                        00000027
_00112_DS_                        00000019
_00114_DS_                        0000002D
_00115_DS_                        0000002E
_CONFIG0                          00008000
_CONFIG1                          00008001
__33P116                          00000001
__divuchar                        00000000
r0x1000                           00000000
r0x1001                           00000001
r0x1002                           00000002
r0x1003                           00000003
r0x1004                           00000004

Errors   :     0
Warnings :     0 reported,     0 suppressed
Messages :     0 reported,     0 suppressed

