gpasm-2.0.0_beta2 (Nov  6 2017)_modulong.asm      2018-1-11  15:10:29          PAGE  1


LOC  OBJECT CODE     LINE SOURCE TEXT
  VALUE

                      00001 ;--------------------------------------------------------
                      00002 ; File Created by SN-SDCC : SinoMCU ANSI-C Compiler
                      00003 ; Version 1.1.0 (Dec 19 2017) (MINGW32)
                      00004 ; This file was generated Thu Jan 11 15:10:29 2018
                      00005 ;--------------------------------------------------------
                      00006 ; MC32 port for the RISC core
                      00007 ;--------------------------------------------------------
                      00008 ;       .file   "../../libsdcc_mc32l/_modulong.c"
                      00009         list    p=3316
                      00010         radix dec
                      00011         include "3316.inc"
                      00001                 LIST
                      00002 ;mc32p5314.inc    Standard Header File, Version 1.00 by Sinomcu
                      00772                 LIST
                      00012 ;--------------------------------------------------------
                      00013 ; external declarations
                      00014 ;--------------------------------------------------------
                      00015 
                      00016         extern STK06
                      00017         extern STK05
                      00018         extern STK04
                      00019         extern STK03
                      00020         extern STK02
                      00021         extern STK01
                      00022         extern STK00
                      00023 ;--------------------------------------------------------
                      00024 ; global declarations
                      00025 ;--------------------------------------------------------
                      00026         global  __modulong
                      00027 
                      00028 ;--------------------------------------------------------
                      00029 ; global definitions
                      00030 ;--------------------------------------------------------
                      00031 ;--------------------------------------------------------
                      00032 ; absolute symbol definitions
                      00033 ;--------------------------------------------------------
                      00034 ;--------------------------------------------------------
                      00035 ; compiler-defined variables
                      00036 ;--------------------------------------------------------
                      00037 UDL__modulong_0 udata
0000                  00038 r0x1003 res     1
0000                  00039 r0x1002 res     1
0001                  00040 r0x1001 res     1
0001                  00041 r0x1000 res     1
0002                  00042 r0x1007 res     1
0002                  00043 r0x1006 res     1
0003                  00044 r0x1005 res     1
0003                  00045 r0x1004 res     1
0004                  00046 r0x1008 res     1
                      00047 ;--------------------------------------------------------
                      00048 ; initialized data
                      00049 ;--------------------------------------------------------
                      00050 
                      00051 ;@Allocation info for local variables in function '_modulong'
                      00052 ;@_modulong b                         Allocated to registers r0x1007 r0x1006 r0x1005 r0x1004 ;size:4
                      00053 ;@_modulong a                         Allocated to registers r0x1003 r0x1002 r0x1001 r0x1000 ;size:4
                      00054 ;@_modulong count                     Allocated to registers r0x1008 ;size:1
                      00055 ;@end Allocation info for local variables in function '_modulong';
                      00056 
                      00057 ;--------------------------------------------------------
                      00058 ; overlayable items in internal ram 
                      00059 ;--------------------------------------------------------
                      00060 ;       udata_ovr
                      00061 ;--------------------------------------------------------
                      00062 ; code
                      00063 ;--------------------------------------------------------
                      00064 code__modulong  code
                      00065 ;***
                      00066 ;  pBlock Stats: dbName = C
                      00067 ;***
                      00068 ;entry:  __modulong     ;Function start
                      00069 ; 2 exit points
                      00070 ;has an exit
                      00071 ;16 compiler assigned registers:
                      00072 ;   r0x1000
                      00073 ;   STK00
                      00074 ;   r0x1001
                      00075 ;   STK01
                      00076 ;   r0x1002
                      00077 ;   STK02
                      00078 ;   r0x1003
                      00079 ;   STK03
                      00080 ;   r0x1004
                      00081 ;   STK04
                      00082 ;   r0x1005
                      00083 ;   STK05
                      00084 ;   r0x1006
                      00085 ;   STK06
                      00086 ;   r0x1007
                      00087 ;   r0x1008
                      00088 ;; Starting pCode block
                      00089 ;;[ICODE] ../../libsdcc_mc32l/_modulong.c:30:  _entry($12) :
                      00090 ;;[ICODE] ../../libsdcc_mc32l/_modulong.c:30:   proc __modulong [k1 lr0:0 so:0]{ ia0 a2p0 re0 rm0 nos0 ru0 dp0}{unsigned-long-int function ( unsigned-long-int fixed, unsigned-long-int fixed) fixed}
0000                  00091 __modulong      ;Function start
                      00092 ; 2 exit points
                      00093 ;;[ICODE] ../../libsdcc_mc32l/_modulong.c:30: iTemp0 [k2 lr3:32 so:0]{ ia0 a2p0 re1 rm0 nos0 ru0 dp0}{unsigned-long-int fixed}{ sir@ __modulong_a_1_1}[r0x1000 r0x1001 r0x1002 r0x1003 ] = recv __modulong [k1 lr0:0 so:0]{ ia0 a2p0 re0 rm0 nos0 ru0 dp0}{unsigned-long-int function ( unsigned-long-int fixed, unsigned-long-int fixed) fixed}
                      00094 ;       .line   30; "../../libsdcc_mc32l/_modulong.c"   _modulong (unsigned long a, unsigned long b)
0000   5600           00095         MOVRA   r0x1000
0001   5800           00096         MOVAR   STK00
0002   5600           00097         MOVRA   r0x1001
0003   5800           00098         MOVAR   STK01
0004   5600           00099         MOVRA   r0x1002
0005   5800           00100         MOVAR   STK02
0006   5600           00101         MOVRA   r0x1003
                      00102 ;;[ICODE] ../../libsdcc_mc32l/_modulong.c:30: iTemp1 [k4 lr4:30 so:0]{ ia0 a2p0 re1 rm0 nos0 ru0 dp0}{unsigned-long-int fixed}{ sir@ __modulong_b_1_1}[r0x1004 r0x1005 r0x1006 r0x1007 ] = recv __modulong [k1 lr0:0 so:0]{ ia0 a2p0 re0 rm0 nos0 ru0 dp0}{unsigned-long-int function ( unsigned-long-int fixed, unsigned-long-int fixed) fixed}
0007   5800           00103         MOVAR   STK03
0008   5600           00104         MOVRA   r0x1004
0009   5800           00105         MOVAR   STK04
000A   5600           00106         MOVRA   r0x1005
000B   5800           00107         MOVAR   STK05
000C   5600           00108         MOVRA   r0x1006
000D   5800           00109         MOVAR   STK06
000E   5600           00110         MOVRA   r0x1007
                      00111 ;;[ICODE] ../../libsdcc_mc32l/_modulong.c:35:   if iTemp1 [k4 lr4:30 so:0]{ ia0 a2p0 re1 rm0 nos0 ru0 dp0}{unsigned-long-int fixed}{ sir@ __modulong_b_1_1}[r0x1004 r0x1005 r0x1006 r0x1007 ] != 0 goto preHeaderLbl0($15)
                      00112 ;       .line   35; "../../libsdcc_mc32l/_modulong.c"   if (!b) return (unsigned long)-1;
000F   5800           00113         MOVAR   r0x1007
0010   5C00           00114         ORAR    r0x1006
0011   5C00           00115         ORAR    r0x1005
0012   5C00           00116         ORAR    r0x1004
0013   E5B7           00117         JBSET   PFLAG,2
0014   2000 2300      00118         LGOTO   _00119_DS_
                      00119 ;;[ICODE] ../../libsdcc_mc32l/_modulong.c:35:   ret 0xffffffff {unsigned-long-int literal}
0016   3CFF           00120         MOVAI   0xff
0017   5600           00121         MOVRA   STK02
0018   3CFF           00122         MOVAI   0xff
0019   5600           00123         MOVRA   STK01
001A   3CFF           00124         MOVAI   0xff
001B   5600           00125         MOVRA   STK00
001C   3CFF           00126         MOVAI   0xff
001D   2000 2300      00127         LGOTO   _00115_DS_
                      00128 ;;[ICODE] ../../libsdcc_mc32l/_modulong.c:39:  preHeaderLbl0($15) :
                      00129 ;;[ICODE] ../../libsdcc_mc32l/_modulong.c:39:   iTemp5 [k10 lr8:18 so:0]{ ia0 a2p0 re0 rm0 nos0 ru0 dp0}{unsigned-char fixed}{ sir@ __modulong_count_1_2}[r0x1008 ] := 0x1 {const-unsigned-char literal}
001F                  00130 _00119_DS_
                      00131 ;       .line   39; "../../libsdcc_mc32l/_modulong.c"   while (!(b & (1UL << (8*sizeof(unsigned long)-1)))) {
001F   3C01           00132         MOVAI   0x01
0020   5600           00133         MOVRA   r0x1008
                      00134 ;;[ICODE] ../../libsdcc_mc32l/_modulong.c:39:  _whilecontinue_0($3) :
                      00135 ;;[ICODE] ../../libsdcc_mc32l/_modulong.c:39:   iTemp3 [k8 lr11:12 so:0]{ ia0 a2p0 re0 rm0 nos0 ru0 dp0}{unsigned-long-int register} = iTemp1 [k4 lr4:30 so:0]{ ia0 a2p0 re1 rm0 nos0 ru0 dp0}{unsigned-long-int fixed}{ sir@ __modulong_b_1_1}[r0x1004 r0x1005 r0x1006 r0x1007 ] & 0x80000000 {unsigned-long-int literal}
0021                  00136 _00107_DS_
0021   FE00           00137         JBCLR   r0x1004,7
0022   2000 2300      00138         LGOTO   _00112_DS_
                      00139 ;;[ICODE] ../../libsdcc_mc32l/_modulong.c:39:   if iTemp3 [k8 lr11:12 so:0]{ ia0 a2p0 re0 rm0 nos0 ru0 dp0}{unsigned-long-int register} != 0 goto preHeaderLbl1($18)
                      00140 ;;[ICODE] ../../libsdcc_mc32l/_modulong.c:40:   iTemp1 [k4 lr4:30 so:0]{ ia0 a2p0 re1 rm0 nos0 ru0 dp0}{unsigned-long-int fixed}{ sir@ __modulong_b_1_1}[r0x1004 r0x1005 r0x1006 r0x1007 ] = iTemp1 [k4 lr4:30 so:0]{ ia0 a2p0 re1 rm0 nos0 ru0 dp0}{unsigned-long-int fixed}{ sir@ __modulong_b_1_1}[r0x1004 r0x1005 r0x1006 r0x1007 ] << 0x1 {const-unsigned-char literal}
                      00141 ;       .line   40; "../../libsdcc_mc32l/_modulong.c"   b <<= 1;
0024   D1B7           00142         BCLR    PFLAG,0
0025   5200           00143         RLR     r0x1007
0026   5200           00144         RLR     r0x1006
0027   5200           00145         RLR     r0x1005
0028   5200           00146         RLR     r0x1004
                      00147 ;;[ICODE] ../../libsdcc_mc32l/_modulong.c:41:   iTemp5 [k10 lr8:18 so:0]{ ia0 a2p0 re0 rm0 nos0 ru0 dp0}{unsigned-char fixed}{ sir@ __modulong_count_1_2}[r0x1008 ] = iTemp5 [k10 lr8:18 so:0]{ ia0 a2p0 re0 rm0 nos0 ru0 dp0}{unsigned-char fixed}{ sir@ __modulong_count_1_2}[r0x1008 ] + 0x1 {const-unsigned-char literal}
                      00148 ;       .line   41; "../../libsdcc_mc32l/_modulong.c"   ++count;
0029   6600           00149         INCR    r0x1008
                      00150 ;;[ICODE] ../../libsdcc_mc32l/_modulong.c:41:    goto _whilecontinue_0($3)
002A   2000 2300      00151         LGOTO   _00107_DS_
                      00152 ;;[ICODE] ../../libsdcc_mc32l/_modulong.c:45:  preHeaderLbl1($18) :
                      00153 ;;[ICODE] ../../libsdcc_mc32l/_modulong.c:45:   iTemp9 [k14 lr18:30 so:0]{ ia0 a2p0 re0 rm0 nos0 ru0 dp0}{unsigned-char fixed}{ sir@ __modulong_count_1_2}[r0x1008 ] := iTemp5 [k10 lr8:18 so:0]{ ia0 a2p0 re0 rm0 nos0 ru0 dp0}{unsigned-char fixed}{ sir@ __modulong_count_1_2}[r0x1008 ]
                      00154 ;;[ICODE] ../../libsdcc_mc32l/_modulong.c:45:  _whilecontinue_1($8) :
                      00155 ;;[ICODE] ../../libsdcc_mc32l/_modulong.c:45:   if iTemp9 [k14 lr18:30 so:0]{ ia0 a2p0 re0 rm0 nos0 ru0 dp0}{unsigned-char fixed}{ sir@ __modulong_count_1_2}[r0x1008 ] == 0 goto _whilebreak_1($10)
002C                  00156 _00112_DS_
                      00157 ;       .line   45; "../../libsdcc_mc32l/_modulong.c"   while (count) {
002C   3C00           00158         MOVAI   0x00
002D   5C00           00159         ORAR    r0x1008
002E   F5B7           00160         JBCLR   PFLAG,2
002F   2000 2300      00161         LGOTO   _00114_DS_
                      00162 ;;[ICODE] ../../libsdcc_mc32l/_modulong.c:46:   iTemp6 [k11 lr22:23 so:0]{ ia0 a2p0 re0 rm0 nos0 ru0 dp0}{char fixed} = iTemp0 [k2 lr3:32 so:0]{ ia0 a2p0 re1 rm0 nos0 ru0 dp0}{unsigned-long-int fixed}{ sir@ __modulong_a_1_1}[r0x1000 r0x1001 r0x1002 r0x1003 ] < iTemp1 [k4 lr4:30 so:0]{ ia0 a2p0 re1 rm0 nos0 ru0 dp0}{unsigned-long-int fixed}{ sir@ __modulong_b_1_1}[r0x1004 r0x1005 r0x1006 r0x1007 ]
                      00163 ;       .line   46; "../../libsdcc_mc32l/_modulong.c"   if (a >= b) {
0031   5800           00164         MOVAR   r0x1004
0032   4800           00165         RSUBAR  r0x1000
0033   E5B7           00166         JBSET   PFLAG,2
0034   2000 2300      00167         LGOTO   _00131_DS_
0036   5800           00168         MOVAR   r0x1005
0037   4800           00169         RSUBAR  r0x1001
0038   E5B7           00170         JBSET   PFLAG,2
0039   2000 2300      00171         LGOTO   _00131_DS_
003B   5800           00172         MOVAR   r0x1006
003C   4800           00173         RSUBAR  r0x1002
003D   E5B7           00174         JBSET   PFLAG,2
003E   2000 2300      00175         LGOTO   _00131_DS_
0040   5800           00176         MOVAR   r0x1007
0041   4800           00177         RSUBAR  r0x1003
0042                  00178 _00131_DS_
0042   E1B7           00179         JBSET   PFLAG,0
0043   2000 2300      00180         LGOTO   _00111_DS_
                      00181 ;;genSkipc:3195: created from rifx:00DD608C
                      00182 ;;[ICODE] ../../libsdcc_mc32l/_modulong.c:46:   if iTemp6 [k11 lr22:23 so:0]{ ia0 a2p0 re0 rm0 nos0 ru0 dp0}{char fixed} != 0 goto _iffalse_1($7)
                      00183 ;;[ICODE] ../../libsdcc_mc32l/_modulong.c:47:   iTemp0 [k2 lr3:32 so:0]{ ia0 a2p0 re1 rm0 nos0 ru0 dp0}{unsigned-long-int fixed}{ sir@ __modulong_a_1_1}[r0x1000 r0x1001 r0x1002 r0x1003 ] = iTemp0 [k2 lr3:32 so:0]{ ia0 a2p0 re1 rm0 nos0 ru0 dp0}{unsigned-long-int fixed}{ sir@ __modulong_a_1_1}[r0x1000 r0x1001 r0x1002 r0x1003 ] - iTemp1 [k4 lr4:30 so:0]{ ia0 a2p0 re1 rm0 nos0 ru0 dp0}{unsigned-long-int fixed}{ sir@ __modulong_b_1_1}[r0x1004 r0x1005 r0x1006 r0x1007 ]
                      00184 ;       .line   47; "../../libsdcc_mc32l/_modulong.c"   a -= b;
0045   5800           00185         MOVAR   r0x1007
0046   4A00           00186         RSUBRA  r0x1003
0047   5800           00187         MOVAR   r0x1006
0048   E1B7           00188         JBSET   PFLAG,0
0049   6000           00189         JZAR    r0x1006
004A   4A00           00190         RSUBRA  r0x1002
004B   5800           00191         MOVAR   r0x1005
004C   E1B7           00192         JBSET   PFLAG,0
004D   6000           00193         JZAR    r0x1005
004E   4A00           00194         RSUBRA  r0x1001
004F   5800           00195         MOVAR   r0x1004
0050   E1B7           00196         JBSET   PFLAG,0
0051   6000           00197         JZAR    r0x1004
0052   4A00           00198         RSUBRA  r0x1000
                      00199 ;;[ICODE] ../../libsdcc_mc32l/_modulong.c:47:  _iffalse_1($7) :
                      00200 ;;[ICODE] ../../libsdcc_mc32l/_modulong.c:49:   iTemp1 [k4 lr4:30 so:0]{ ia0 a2p0 re1 rm0 nos0 ru0 dp0}{unsigned-long-int fixed}{ sir@ __modulong_b_1_1}[r0x1004 r0x1005 r0x1006 r0x1007 ] = iTemp1 [k4 lr4:30 so:0]{ ia0 a2p0 re1 rm0 nos0 ru0 dp0}{unsigned-long-int fixed}{ sir@ __modulong_b_1_1}[r0x1004 r0x1005 r0x1006 r0x1007 ] >> 0x1 {const-unsigned-char literal}
                      00201 ;;shiftRight_Left2ResultLit:5216: shCount=1, size=4, sign=0, same=1, offr=0
0053                  00202 _00111_DS_
                      00203 ;       .line   49; "../../libsdcc_mc32l/_modulong.c"   b >>= 1;
0053   D1B7           00204         BCLR    PFLAG,0
0054   4E00           00205         RRR     r0x1004
0055   4E00           00206         RRR     r0x1005
0056   4E00           00207         RRR     r0x1006
0057   4E00           00208         RRR     r0x1007
                      00209 ;;[ICODE] ../../libsdcc_mc32l/_modulong.c:50:   iTemp9 [k14 lr18:30 so:0]{ ia0 a2p0 re0 rm0 nos0 ru0 dp0}{unsigned-char fixed}{ sir@ __modulong_count_1_2}[r0x1008 ] = iTemp9 [k14 lr18:30 so:0]{ ia0 a2p0 re0 rm0 nos0 ru0 dp0}{unsigned-char fixed}{ sir@ __modulong_count_1_2}[r0x1008 ] - 0x1 {const-unsigned-char literal}
                      00210 ;       .line   50; "../../libsdcc_mc32l/_modulong.c"   --count;
0058   6E00           00211         DECR    r0x1008
                      00212 ;;[ICODE] ../../libsdcc_mc32l/_modulong.c:50:    goto _whilecontinue_1($8)
0059   2000 2300      00213         LGOTO   _00112_DS_
                      00214 ;;[ICODE] ../../libsdcc_mc32l/_modulong.c:50:  _whilebreak_1($10) :
                      00215 ;;[ICODE] ../../libsdcc_mc32l/_modulong.c:53:   ret iTemp0 [k2 lr3:32 so:0]{ ia0 a2p0 re1 rm0 nos0 ru0 dp0}{unsigned-long-int fixed}{ sir@ __modulong_a_1_1}[r0x1000 r0x1001 r0x1002 r0x1003 ]
005B                  00216 _00114_DS_
                      00217 ;       .line   53; "../../libsdcc_mc32l/_modulong.c"   return a;
005B   5800           00218         MOVAR   r0x1003
005C   5600           00219         MOVRA   STK02
005D   5800           00220         MOVAR   r0x1002
005E   5600           00221         MOVRA   STK01
005F   5800           00222         MOVAR   r0x1001
0060   5600           00223         MOVRA   STK00
0061   5800           00224         MOVAR   r0x1000
                      00225 ;;[ICODE] ../../libsdcc_mc32l/_modulong.c:53:  _return($11) :
                      00226 ;;[ICODE] ../../libsdcc_mc32l/_modulong.c:53:   eproc __modulong [k1 lr0:0 so:0]{ ia0 a2p0 re0 rm0 nos0 ru0 dp0}{unsigned-long-int function ( unsigned-long-int fixed, unsigned-long-int fixed) fixed}
0062                  00227 _00115_DS_
0062   000C           00228         RETURN  
                      00229 ; exit point of __modulong
                      00230 
                      00231 
                      00232 ;       code size estimation:
                      00233 ;          89+    0 =    89 instructions (  178 byte)
                      00234 
                      00235         end
gpasm-2.0.0_beta2 (Nov  6 2017)_modulong.asm      2018-1-11  15:10:29          PAGE  2


SYMBOL TABLE
  LABEL                             VALUE

ADCHS0                            00000004
ADCHS1                            00000005
ADCHS2                            00000006
ADCHS3                            00000007
ADCKS0                            00000002
ADCKS1                            00000003
ADCR0                             000001E8
ADCR1                             000001E9
ADCR2                             000001EA
ADDRH                             000001EC
ADDRL                             000001ED
ADEOC                             00000001
ADIE                              00000007
ADIF                              00000007
ADIOS0                            00000000
ADIOS1                            00000001
ADIOS2                            00000002
ADIOS3                            00000003
ADIOS4                            00000004
ADIOS5                            00000005
ADIOS6                            00000006
ADIOS7                            00000007
ADON                              00000000
C                                 00000000
CLKS                              00000002
CSEL0                             00000000
CSEL1                             00000001
DC                                00000001
DKW                               000001F4
DKWE                              00000007
DKWP0                             000001C3
DRVS                              00000001
DSELEN                            00000000
FILS                              00000003
FLCD0                             00000000
FLCD1                             00000001
FPWMA0                            00000002
FPWMA1                            00000003
FPWMB0                            00000000
FPWMB1                            00000001
FPWMEN                            00000007
FPWMS                             00000004
FSEL0                             00000002
FSEL1                             00000003
FSR0                              000001B4
FSR00                             00000000
FSR01                             00000001
FSR02                             00000002
FSR03                             00000003
FSR04                             00000004
FSR05                             00000005
FSR06                             00000006
FSR07                             00000007
FSR1                              000001B5
FSR10                             00000000
FSR11                             00000001
FSR12                             00000002
FSR13                             00000003
FSR14                             00000004
FSR15                             00000005
FSR16                             00000006
FSR17                             00000007
GIE                               00000007
HFEN                              00000000
HIBYTE                            000001B3
HIBYTE0                           00000000
HIBYTE1                           00000001
HIBYTE2                           00000002
HIBYTE3                           00000003
HIBYTE4                           00000004
HIBYTE5                           00000005
HIBYTE6                           00000006
HIBYTE7                           00000007
INDF0                             000001B0
INDF00                            00000000
INDF01                            00000001
INDF02                            00000002
INDF03                            00000003
INDF04                            00000004
INDF05                            00000005
INDF06                            00000006
INDF07                            00000007
INDF1                             000001B1
INDF10                            00000000
INDF11                            00000001
INDF12                            00000002
INDF13                            00000003
INDF14                            00000004
INDF15                            00000005
INDF16                            00000006
INDF17                            00000007
INDF2                             000001B2
INDF20                            00000000
INDF21                            00000001
INDF22                            00000002
INDF23                            00000003
INDF24                            00000004
INDF25                            00000005
INDF26                            00000006
INDF27                            00000007
INDF3                             000001B9
INDF30                            00000000
INDF31                            00000001
INDF32                            00000002
INDF33                            00000003
INDF34                            00000004
INDF35                            00000005
INDF36                            00000006
INDF37                            00000007
INT0IE                            00000002
INT0IF                            00000002
INT1IE                            00000003
INT1IF                            00000003
INTE                              000001BA
INTF                              000001BB
IOP0                              000001C0
IOP1                              000001C4
IOP2                              000001C8
IOP3                              000001CC
IOP4                              000001D0
IOP5                              000001D4
IRIN                              00000007
IROS                              00000006
IROT                              00000005
KBCR                              000001F5
KBCR0                             00000000
KBCR1                             00000001
KBCR2                             00000002
KBCR3                             00000003
KBCR4                             00000004
KBCR5                             00000005
KBCR6                             00000006
KBCR7                             00000007
KBIE                              00000004
KBIF                              00000004
LCDCKS                            00000002
LCDCR0                            000001F2
LCDCR1                            000001F3
LCDDRV                            000001F6
LCDDRVP06                         00000000
LCDDRVP22                         00000001
LCDDRVP23                         00000002
LCDDS00                           00000100
LCDDS01                           00000101
LCDDS02                           00000102
LCDDS03                           00000103
LCDDS04                           00000104
LCDDS05                           00000105
LCDDS06                           00000106
LCDDS07                           00000107
LCDDS08                           00000108
LCDDS09                           00000109
LCDDS10                           0000010A
LCDDS11                           0000010B
LCDDS12                           0000010C
LCDDS13                           0000010D
LCDDS14                           0000010E
LCDDS15                           0000010F
LCDDS16                           00000110
LCDDS17                           00000111
LCDDS18                           00000112
LCDDS19                           00000113
LCDDS20                           00000114
LCDDS21                           00000115
LCDDS22                           00000116
LCDDS23                           00000117
LCDDS24                           00000118
LCDDS25                           00000119
LCDDS26                           0000011A
LCDDS27                           0000011B
LCDDS28                           0000011C
LCDDS29                           0000011D
LCDDUTY                           00000004
LCDEN                             00000007
LCDIOSP1                          000001C7
LCDIOSP10                         00000000
LCDIOSP11                         00000001
LCDIOSP12                         00000002
LCDIOSP13                         00000003
LCDIOSP14                         00000004
LCDIOSP15                         00000005
LCDIOSP16                         00000006
LCDIOSP17                         00000007
LCDIOSP2                          000001CB
LCDIOSP20                         00000000
LCDIOSP21                         00000001
LCDIOSP22                         00000002
LCDIOSP23                         00000003
LCDIOSP24                         00000004
LCDIOSP25                         00000005
LCDIOSP26                         00000006
LCDIOSP27                         00000007
LCDIOSP3                          000001CF
LCDIOSP30                         00000000
LCDIOSP31                         00000001
LCDIOSP32                         00000002
LCDIOSP33                         00000003
LCDIOSP34                         00000004
LCDIOSP35                         00000005
LCDIOSP36                         00000006
LCDIOSP37                         00000007
LCDIOSP4                          000001D3
LCDIOSP40                         00000000
LCDIOSP41                         00000001
LCDIOSP42                         00000002
LCDIOSP43                         00000003
LCDIOSP44                         00000004
LCDIOSP45                         00000005
LCDIOSP46                         00000006
LCDIOSP47                         00000007
LCDIOSP5                          000001D7
LCDIOSP50                         00000000
LCDIOSP51                         00000001
LCDM                              00000003
LCDRS0                            00000000
LCDRS1                            00000001
LCDSP0                            00000005
LCDSP1                            00000006
LCDSPEED                          00000002
LFEN                              00000001
LPEN0                             00000000
LPEN1                             00000001
LPEN2                             00000002
LVDCR                             000001BD
LVDEN                             00000007
LVDF                              00000000
LVDIE                             00000005
LVDIF                             00000005
LVDS0                             00000003
LVDS1                             00000004
LVDS2                             00000005
LVDS3                             00000006
LXTCR                             000001BE
MCR                               000001B8
MINT00                            00000000
MINT01                            00000001
MINT10                            00000002
MINT11                            00000003
OEP0                              000001C1
OEP1                              000001C5
OEP2                              000001C9
OEP3                              000001CD
OEP4                              000001D1
OEP5                              000001D5
OPAE                              00000007
OPAM                              00000006
OPCR0                             000001F0
OPCR1                             000001F1
OPFC0                             00000000
OPFC1                             00000001
OPFC2                             00000002
OPFC3                             00000003
OPFC4                             00000004
OPFC5                             00000005
OSCM                              000001BC
P00D                              00000000
P00DKW                            00000000
P00OE                             00000000
P00PU                             00000000
P01D                              00000001
P01DKW                            00000001
P01OE                             00000001
P01PU                             00000001
P02D                              00000002
P02DKW                            00000002
P02OE                             00000002
P02PU                             00000002
P03D                              00000003
P03DKW                            00000003
P03OE                             00000003
P03PU                             00000003
P04D                              00000004
P04DKW                            00000004
P04OE                             00000004
P04PU                             00000004
P05D                              00000005
P05DKW                            00000005
P05OE                             00000005
P05PU                             00000005
P06D                              00000006
P06DKW                            00000006
P06OE                             00000006
P06PU                             00000006
P07D                              00000007
P07DKW                            00000007
P07OE                             00000007
P07PU                             00000007
P10D                              00000000
P10OE                             00000000
P10PU                             00000000
P11D                              00000001
P11OE                             00000001
P11PU                             00000001
P12D                              00000002
P12OE                             00000002
P12PU                             00000002
P13D                              00000003
P13OE                             00000003
P13PU                             00000003
P14D                              00000004
P14OE                             00000004
P14PU                             00000004
P15D                              00000005
P15OE                             00000005
P15PU                             00000005
P16D                              00000006
P16OE                             00000006
P16PU                             00000006
P17D                              00000007
P17OE                             00000007
P17PU                             00000007
P20D                              00000000
P20OE                             00000000
P20PU                             00000000
P21D                              00000001
P21OE                             00000001
P21PU                             00000001
P22D                              00000002
P22OE                             00000002
P22PU                             00000002
P23D                              00000003
P23OE                             00000003
P23PU                             00000003
P24D                              00000004
P24OE                             00000004
P24PU                             00000004
P25D                              00000005
P25OE                             00000005
P25PU                             00000005
P26D                              00000006
P26OE                             00000006
P26PU                             00000006
P27D                              00000007
P27OE                             00000007
P27PU                             00000007
P30D                              00000000
P30OE                             00000000
P30PU                             00000000
P31D                              00000001
P31OE                             00000001
P31PU                             00000001
P32D                              00000002
P32OE                             00000002
P32PU                             00000002
P33D                              00000003
P33OE                             00000003
P33PU                             00000003
P34D                              00000004
P34OE                             00000004
P34PU                             00000004
P35D                              00000005
P35OE                             00000005
P35PU                             00000005
P36D                              00000006
P36OE                             00000006
P36PU                             00000006
P37D                              00000007
P37OE                             00000007
P37PU                             00000007
P40D                              00000000
P40OE                             00000000
P40PU                             00000000
P41D                              00000001
P41OE                             00000001
P41PU                             00000001
P42D                              00000002
P42OE                             00000002
P42PU                             00000002
P43D                              00000003
P43OE                             00000003
P43PU                             00000003
P44D                              00000004
P44OE                             00000004
P44PU                             00000004
P45D                              00000005
P45OE                             00000005
P45PU                             00000005
P46D                              00000006
P46OE                             00000006
P46PU                             00000006
P47D                              00000007
P47OE                             00000007
P47PU                             00000007
P50D                              00000000
P50OE                             00000000
P50PU                             00000000
P51D                              00000001
P51OE                             00000001
P51PU                             00000001
P52D                              00000002
P52OE                             00000002
P52PU                             00000002
P53D                              00000003
P53OE                             00000003
P53PU                             00000003
P54D                              00000004
P54OE                             00000004
P55D                              00000005
P55OE                             00000005
P55PU                             00000005
PC0                               00000000
PC1                               00000001
PC2                               00000002
PC3                               00000003
PC4                               00000004
PC5                               00000005
PC6                               00000006
PC7                               00000007
PCL                               000001B6
PD                                00000004
PFLAG                             000001B7
PUP0                              000001C2
PUP1                              000001C6
PUP2                              000001CA
PUP3                              000001CE
PUP4                              000001D2
PUP5                              000001D6
PWMEN                             00000006
RSEL                              00000002
STBH                              00000004
STBL                              00000005
STK00                             00000000
STK01                             00000000
STK02                             00000000
STK03                             00000000
STK04                             00000000
STK05                             00000000
STK06                             00000000
T0CR0                             000001D8
T0CR1                             000001D9
T0DATAH                           000001DE
T0DATAH0                          00000000
T0DATAH1                          00000001
T0DATAH2                          00000002
T0DATAH3                          00000003
T0DATAH4                          00000004
T0DATAH5                          00000005
T0DATAH6                          00000006
T0DATAH7                          00000007
T0DATAL                           000001DF
T0DATAL0                          00000000
T0DATAL1                          00000001
T0DATAL2                          00000002
T0DATAL3                          00000003
T0DATAL4                          00000004
T0DATAL5                          00000005
T0DATAL6                          00000006
T0DATAL7                          00000007
T0IE                              00000000
T0IF                              00000000
T0LATFH                           000001E2
T0LATFH0                          00000000
T0LATFH1                          00000001
T0LATFH2                          00000002
T0LATFH3                          00000003
T0LATFH4                          00000004
T0LATFH5                          00000005
T0LATFH6                          00000006
T0LATFH7                          00000007
T0LATFL                           000001E3
T0LATFL0                          00000000
T0LATFL1                          00000001
T0LATFL2                          00000002
T0LATFL3                          00000003
T0LATFL4                          00000004
T0LATFL5                          00000005
T0LATFL6                          00000006
T0LATFL7                          00000007
T0LATRH                           000001E0
T0LATRH0                          00000000
T0LATRH1                          00000001
T0LATRH2                          00000002
T0LATRH3                          00000003
T0LATRH4                          00000004
T0LATRH5                          00000005
T0LATRH6                          00000006
T0LATRH7                          00000007
T0LATRL                           000001E1
T0LATRL0                          00000000
T0LATRL1                          00000001
T0LATRL2                          00000002
T0LATRL3                          00000003
T0LATRL4                          00000004
T0LATRL5                          00000005
T0LATRL6                          00000006
T0LATRL7                          00000007
T0LOADH                           000001DC
T0LOADL                           000001DD
T0LOADL0                          00000000
T0LOADL1                          00000001
T0LOADL2                          00000002
T0LOADL3                          00000003
T0LOADL4                          00000004
T0LOADL5                          00000005
T0LOADL6                          00000006
T0LOADL7                          00000007
T0MOD0                            00000005
T0MOD1                            00000006
T0PR0                             00000000
T0PR1                             00000001
T0PR2                             00000002
T0PTS0                            00000003
T0PTS1                            00000004
T0RF                              00000006
T1CR                              000001E4
T1DATA                            000001E5
T1DATA0                           00000000
T1DATA1                           00000001
T1DATA2                           00000002
T1DATA3                           00000003
T1DATA4                           00000004
T1DATA5                           00000005
T1DATA6                           00000006
T1DATA7                           00000007
T1IE                              00000001
T1IF                              00000001
T1LOAD                            000001E6
T1LOAD0                           00000000
T1LOAD1                           00000001
T1LOAD2                           00000002
T1LOAD3                           00000003
T1LOAD4                           00000004
T1LOAD5                           00000005
T1LOAD6                           00000006
T1LOAD7                           00000007
T1MOD0                            00000005
T1MOD1                            00000006
T1PR0                             00000000
T1PR1                             00000001
T1PR2                             00000002
T1PTS0                            00000003
T1PTS1                            00000004
TC0EN                             00000007
TC1EN                             00000007
TO                                00000005
VDLSEL                            00000004
VLCDS                             00000003
VREFRES                           00000001
VREXT                             00000000
VSEL                              00000006
WSEL0                             00000003
WSEL1                             00000004
Z                                 00000002
_00107_DS_                        00000021
_00111_DS_                        00000053
_00112_DS_                        0000002C
_00114_DS_                        0000005B
_00115_DS_                        00000062
_00119_DS_                        0000001F
_00131_DS_                        00000042
_CONFIG0                          00008000
_CONFIG1                          00008001
__33P116                          00000001
__modulong                        00000000
r0x1000                           00000003
r0x1001                           00000002
r0x1002                           00000001
r0x1003                           00000000
r0x1004                           00000007
r0x1005                           00000006
r0x1006                           00000005
r0x1007                           00000004
r0x1008                           00000008

Errors   :     0
Warnings :     0 reported,     0 suppressed
Messages :     0 reported,     0 suppressed

