gpasm-2.0.0_beta2 (Nov  6 2017)_modschar.asm      2018-1-12  10:31:16          PAGE  1


LOC  OBJECT CODE     LINE SOURCE TEXT
  VALUE

                      00001 ;--------------------------------------------------------
                      00002 ; File Created by SN-SDCC : SinoMCU ANSI-C Compiler
                      00003 ; Version 1.1.0 (Dec 19 2017) (MINGW32)
                      00004 ; This file was generated Fri Jan 12 10:31:16 2018
                      00005 ;--------------------------------------------------------
                      00006 ; MC32 port for the RISC core
                      00007 ;--------------------------------------------------------
                      00008 ;       .file   "../../libsdcc_mc32l/_modschar.c"
                      00009         list    p=3316
                      00010         radix dec
                      00011         include "3316.inc"
                      00001                 LIST
                      00002 ;mc32p5314.inc    Standard Header File, Version 1.00 by Sinomcu
                      00772                 LIST
                      00012 ;--------------------------------------------------------
                      00013 ; external declarations
                      00014 ;--------------------------------------------------------
                      00015         extern  __moduchar
                      00016 
                      00017         extern STK06
                      00018         extern STK05
                      00019         extern STK04
                      00020         extern STK03
                      00021         extern STK02
                      00022         extern STK01
                      00023         extern STK00
                      00024 ;--------------------------------------------------------
                      00025 ; global declarations
                      00026 ;--------------------------------------------------------
                      00027         global  __modschar
                      00028 
                      00029 ;--------------------------------------------------------
                      00030 ; global definitions
                      00031 ;--------------------------------------------------------
                      00032 ;--------------------------------------------------------
                      00033 ; absolute symbol definitions
                      00034 ;--------------------------------------------------------
                      00035 ;--------------------------------------------------------
                      00036 ; compiler-defined variables
                      00037 ;--------------------------------------------------------
                      00038 UDL__modschar_0 udata
0000                  00039 r0x1000 res     1
0000                  00040 r0x1001 res     1
0001                  00041 r0x1002 res     1
0001                  00042 r0x1003 res     1
0002                  00043 r0x1004 res     1
0002                  00044 r0x1005 res     1
0003                  00045 r0x1006 res     1
0003                  00046 r0x1007 res     1
0004                  00047 r0x1008 res     1
                      00048 ;--------------------------------------------------------
                      00049 ; initialized data
                      00050 ;--------------------------------------------------------
                      00051 
                      00052 ;@Allocation info for local variables in function '_modschar'
                      00053 ;@_modschar _moduchar                 Allocated to registers ;size:2
                      00054 ;@_modschar b                         Allocated to registers r0x1001 ;size:1
                      00055 ;@_modschar a                         Allocated to registers r0x1000 ;size:1
                      00056 ;@end Allocation info for local variables in function '_modschar';
                      00057 
                      00058 ;--------------------------------------------------------
                      00059 ; overlayable items in internal ram 
                      00060 ;--------------------------------------------------------
                      00061 ;       udata_ovr
                      00062 ;--------------------------------------------------------
                      00063 ; code
                      00064 ;--------------------------------------------------------
                      00065 code__modschar  code
                      00066 ;***
                      00067 ;  pBlock Stats: dbName = C
                      00068 ;***
                      00069 ;entry:  __modschar     ;Function start
                      00070 ; 2 exit points
                      00071 ;has an exit
                      00072 ;functions called:
                      00073 ;   __moduchar
                      00074 ;   __moduchar
                      00075 ;   __moduchar
                      00076 ;   __moduchar
                      00077 ;   __moduchar
                      00078 ;   __moduchar
                      00079 ;   __moduchar
                      00080 ;   __moduchar
                      00081 ;11 compiler assigned registers:
                      00082 ;   r0x1000
                      00083 ;   STK00
                      00084 ;   r0x1001
                      00085 ;   r0x1002
                      00086 ;   r0x1003
                      00087 ;   r0x1004
                      00088 ;   r0x1005
                      00089 ;   r0x1006
                      00090 ;   r0x1007
                      00091 ;   r0x1008
                      00092 ;   r0x1009
                      00093 ;; Starting pCode block
                      00094 ;;[ICODE] ../../libsdcc_mc32l/_modschar.c:32:  _entry($11) :
                      00095 ;;[ICODE] ../../libsdcc_mc32l/_modschar.c:32:   proc __modschar [k1 lr0:0 so:0]{ ia0 a2p0 re0 rm0 nos0 ru0 dp0}{char function ( char fixed, char fixed) fixed}
0000                  00096 __modschar      ;Function start
                      00097 ; 2 exit points
                      00098 ;;[ICODE] ../../libsdcc_mc32l/_modschar.c:32: iTemp0 [k2 lr3:48 so:0]{ ia0 a2p0 re1 rm0 nos0 ru0 dp0}{char fixed}{ sir@ __modschar_a_1_2}[r0x1000 ] = recv __modschar [k1 lr0:0 so:0]{ ia0 a2p0 re0 rm0 nos0 ru0 dp0}{char function ( char fixed, char fixed) fixed}
                      00099 ;       .line   32; "../../libsdcc_mc32l/_modschar.c"   _modschar (signed char a, signed char b)
0000   5600           00100         MOVRA   r0x1000
                      00101 ;;[ICODE] ../../libsdcc_mc32l/_modschar.c:32: iTemp1 [k4 lr4:50 so:0]{ ia0 a2p0 re1 rm0 nos0 ru0 dp0}{char fixed}{ sir@ __modschar_b_1_2}[r0x1001 ] = recv __modschar [k1 lr0:0 so:0]{ ia0 a2p0 re0 rm0 nos0 ru0 dp0}{char function ( char fixed, char fixed) fixed}
0001   5800           00102         MOVAR   STK00
0002   5600           00103         MOVRA   r0x1001
                      00104 ;;[ICODE] ../../libsdcc_mc32l/_modschar.c:34:   iTemp2 [k6 lr5:6 so:0]{ ia0 a2p0 re0 rm0 nos0 ru0 dp0}{char fixed} = iTemp0 [k2 lr3:48 so:0]{ ia0 a2p0 re1 rm0 nos0 ru0 dp0}{char fixed}{ sir@ __modschar_a_1_2}[r0x1000 ] < 0x0 {const-char literal}
                      00105 ;;signed compare: left < lit(0x0=0), size=1, mask=ff
                      00106 ;       .line   34; "../../libsdcc_mc32l/_modschar.c"   if (a < 0) {
0003   C1B7           00107         BSET    PFLAG,0
0004   EE00           00108         JBSET   r0x1000,7
0005   D1B7           00109         BCLR    PFLAG,0
0006   E1B7           00110         JBSET   PFLAG,0
0007   2000 2300      00111         LGOTO   _00112_DS_
                      00112 ;;genSkipc:3195: created from rifx:00DE608C
                      00113 ;;[ICODE] ../../libsdcc_mc32l/_modschar.c:34:   if iTemp2 [k6 lr5:6 so:0]{ ia0 a2p0 re0 rm0 nos0 ru0 dp0}{char fixed} == 0 goto _iffalse_2($8)
                      00114 ;;[ICODE] ../../libsdcc_mc32l/_modschar.c:36:   iTemp3 [k7 lr7:8 so:0]{ ia0 a2p0 re0 rm0 nos0 ru0 dp0}{char fixed} = iTemp1 [k4 lr4:50 so:0]{ ia0 a2p0 re1 rm0 nos0 ru0 dp0}{char fixed}{ sir@ __modschar_b_1_2}[r0x1001 ] < 0x0 {const-char literal}
                      00115 ;;signed compare: left < lit(0x0=0), size=1, mask=ff
                      00116 ;       .line   36; "../../libsdcc_mc32l/_modschar.c"   if (b < 0)
0009   C1B7           00117         BSET    PFLAG,0
000A   EE00           00118         JBSET   r0x1001,7
000B   D1B7           00119         BCLR    PFLAG,0
000C   E1B7           00120         JBSET   PFLAG,0
000D   2000 2300      00121         LGOTO   _00106_DS_
                      00122 ;;genSkipc:3195: created from rifx:00DE608C
                      00123 ;;[ICODE] ../../libsdcc_mc32l/_modschar.c:36:   if iTemp3 [k7 lr7:8 so:0]{ ia0 a2p0 re0 rm0 nos0 ru0 dp0}{char fixed} == 0 goto _iffalse_0($2)
                      00124 ;;[ICODE] ../../libsdcc_mc32l/_modschar.c:37:   iTemp4 [k9 lr9:10 so:0]{ ia0 a2p0 re0 rm0 nos0 ru0 dp0}{int fixed}[r0x1002 r0x1003 ] = (int fixed)iTemp0 [k2 lr3:48 so:0]{ ia0 a2p0 re1 rm0 nos0 ru0 dp0}{char fixed}{ sir@ __modschar_a_1_2}[r0x1000 ]
                      00125 ;       .line   37; "../../libsdcc_mc32l/_modschar.c"   return _moduchar ((unsigned int)-a, (unsigned int)-b);
000F   5800           00126         MOVAR   r0x1000
0010   5600           00127         MOVRA   r0x1002
0011   7600           00128         CLRR    r0x1003
0012   FE00           00129         JBCLR   r0x1002,7
0013   6E00           00130         DECR    r0x1003
                      00131 ;;[ICODE] ../../libsdcc_mc32l/_modschar.c:37:   iTemp5 [k10 lr10:11 so:0]{ ia0 a2p0 re0 rm0 nos0 ru0 dp0}{int fixed}[r0x1002 r0x1003 ] = - iTemp4 [k9 lr9:10 so:0]{ ia0 a2p0 re0 rm0 nos0 ru0 dp0}{int fixed}[r0x1002 r0x1003 ]
0014   7200           00132         COMR    r0x1002
0015   7200           00133         COMR    r0x1003
0016   6600           00134         INCR    r0x1002
0017   F5B7           00135         JBCLR   PFLAG,2
0018   6600           00136         INCR    r0x1003
                      00137 ;;[ICODE] ../../libsdcc_mc32l/_modschar.c:37:   iTemp6 [k11 lr11:12 so:0]{ ia0 a2p0 re0 rm0 nos0 ru0 dp0}{unsigned-int fixed}[r0x1004 r0x1005 ] = (unsigned-int fixed)iTemp5 [k10 lr10:11 so:0]{ ia0 a2p0 re0 rm0 nos0 ru0 dp0}{int fixed}[r0x1002 r0x1003 ]
0019   5800           00138         MOVAR   r0x1002
001A   5600           00139         MOVRA   r0x1002
001B   5600           00140         MOVRA   r0x1004
001C   5800           00141         MOVAR   r0x1003
001D   5600           00142         MOVRA   r0x1005
                      00143 ;;[ICODE] ../../libsdcc_mc32l/_modschar.c:37:   iTemp7 [k12 lr12:18 so:0]{ ia0 a2p0 re0 rm0 nos0 ru1 dp0}{unsigned-char fixed}[r0x1002 ] = (unsigned-char fixed)iTemp6 [k11 lr11:12 so:0]{ ia0 a2p0 re0 rm0 nos0 ru0 dp0}{unsigned-int fixed}[r0x1004 r0x1005 ]
                      00144 ;;108   MOVAR   r0x1004
                      00145 ;;[ICODE] ../../libsdcc_mc32l/_modschar.c:37:   iTemp8 [k13 lr13:14 so:0]{ ia0 a2p0 re0 rm0 nos0 ru0 dp0}{int fixed}[r0x1004 r0x1005 ] = (int fixed)iTemp1 [k4 lr4:50 so:0]{ ia0 a2p0 re1 rm0 nos0 ru0 dp0}{char fixed}{ sir@ __modschar_b_1_2}[r0x1001 ]
001E   5800           00146         MOVAR   r0x1001
001F   5600           00147         MOVRA   r0x1004
0020   7600           00148         CLRR    r0x1005
0021   FE00           00149         JBCLR   r0x1004,7
0022   6E00           00150         DECR    r0x1005
                      00151 ;;[ICODE] ../../libsdcc_mc32l/_modschar.c:37:   iTemp9 [k14 lr14:15 so:0]{ ia0 a2p0 re0 rm0 nos0 ru0 dp0}{int fixed}[r0x1004 r0x1005 ] = - iTemp8 [k13 lr13:14 so:0]{ ia0 a2p0 re0 rm0 nos0 ru0 dp0}{int fixed}[r0x1004 r0x1005 ]
0023   7200           00152         COMR    r0x1004
0024   7200           00153         COMR    r0x1005
0025   6600           00154         INCR    r0x1004
0026   F5B7           00155         JBCLR   PFLAG,2
0027   6600           00156         INCR    r0x1005
                      00157 ;;[ICODE] ../../libsdcc_mc32l/_modschar.c:37:   iTemp10 [k15 lr15:16 so:0]{ ia0 a2p0 re0 rm0 nos0 ru0 dp0}{unsigned-int fixed}[r0x1006 r0x1007 ] = (unsigned-int fixed)iTemp9 [k14 lr14:15 so:0]{ ia0 a2p0 re0 rm0 nos0 ru0 dp0}{int fixed}[r0x1004 r0x1005 ]
                      00158 ;;110   MOVAR   r0x1004
0028   5800           00159         MOVAR   r0x1005
0029   5600           00160         MOVRA   r0x1007
                      00161 ;;[ICODE] ../../libsdcc_mc32l/_modschar.c:37:   iTemp11 [k16 lr16:18 so:0]{ ia0 a2p0 re0 rm0 nos0 ru0 dp0}{unsigned-char fixed}[r0x1004 ] = (unsigned-char fixed)iTemp10 [k15 lr15:16 so:0]{ ia0 a2p0 re0 rm0 nos0 ru0 dp0}{unsigned-int fixed}[r0x1006 r0x1007 ]
                      00162 ;;104   MOVAR   r0x1006
                      00163 ;;[ICODE] ../../libsdcc_mc32l/_modschar.c:37:   send iTemp7 [k12 lr12:18 so:0]{ ia0 a2p0 re0 rm0 nos0 ru1 dp0}{unsigned-char fixed}[r0x1002 ]{argreg = 1}
                      00164 ;;[ICODE] ../../libsdcc_mc32l/_modschar.c:37:   send iTemp11 [k16 lr16:18 so:0]{ ia0 a2p0 re0 rm0 nos0 ru0 dp0}{unsigned-char fixed}[r0x1004 ]{argreg = 1}
                      00165 ;;[ICODE] ../../libsdcc_mc32l/_modschar.c:37:   iTemp12 [k19 lr19:20 so:0]{ ia0 a2p0 re0 rm0 nos0 ru1 dp0}{unsigned-char fixed}[r0x1002 ] = call __moduchar [k8 lr0:0 so:0]{ ia0 a2p0 re0 rm0 nos0 ru0 dp0}{unsigned-char function ( unsigned-char fixed, unsigned-char fixed) fixed}
                      00166 ;;103   MOVAR   r0x1004
                      00167 ;;109   MOVAR   r0x1006
002A   5800           00168         MOVAR   r0x1004
002B   5600           00169         MOVRA   r0x1006
002C   5600           00170         MOVRA   r0x1004
002D   5600           00171         MOVRA   STK00
002E   5800           00172         MOVAR   r0x1002
002F   2100 2300      00173         LCALL   __moduchar
0031   5600           00174         MOVRA   r0x1002
                      00175 ;;[ICODE] ../../libsdcc_mc32l/_modschar.c:37:   ret iTemp12 [k19 lr19:20 so:0]{ ia0 a2p0 re0 rm0 nos0 ru1 dp0}{unsigned-char fixed}[r0x1002 ]
0032   5800           00176         MOVAR   r0x1002
0033   2000 2300      00177         LGOTO   _00114_DS_
                      00178 ;;[ICODE] ../../libsdcc_mc32l/_modschar.c:37:  _iffalse_0($2) :
                      00179 ;;[ICODE] ../../libsdcc_mc32l/_modschar.c:39:   iTemp13 [k20 lr22:23 so:0]{ ia0 a2p0 re0 rm0 nos0 ru0 dp0}{int fixed}[r0x1002 r0x1004 ] = (int fixed)iTemp0 [k2 lr3:48 so:0]{ ia0 a2p0 re1 rm0 nos0 ru0 dp0}{char fixed}{ sir@ __modschar_a_1_2}[r0x1000 ]
0035                  00180 _00106_DS_
                      00181 ;       .line   39; "../../libsdcc_mc32l/_modschar.c"   return -_moduchar ((unsigned int)-a, (unsigned int)b);
0035   5800           00182         MOVAR   r0x1000
0036   5600           00183         MOVRA   r0x1002
0037   7600           00184         CLRR    r0x1004
0038   FE00           00185         JBCLR   r0x1002,7
0039   6E00           00186         DECR    r0x1004
                      00187 ;;[ICODE] ../../libsdcc_mc32l/_modschar.c:39:   iTemp14 [k21 lr23:24 so:0]{ ia0 a2p0 re0 rm0 nos0 ru0 dp0}{int fixed}[r0x1002 r0x1004 ] = - iTemp13 [k20 lr22:23 so:0]{ ia0 a2p0 re0 rm0 nos0 ru0 dp0}{int fixed}[r0x1002 r0x1004 ]
003A   7200           00188         COMR    r0x1002
003B   7200           00189         COMR    r0x1004
003C   6600           00190         INCR    r0x1002
003D   F5B7           00191         JBCLR   PFLAG,2
003E   6600           00192         INCR    r0x1004
                      00193 ;;[ICODE] ../../libsdcc_mc32l/_modschar.c:39:   iTemp15 [k22 lr24:25 so:0]{ ia0 a2p0 re0 rm0 nos0 ru0 dp0}{unsigned-int fixed}[r0x1006 r0x1007 ] = (unsigned-int fixed)iTemp14 [k21 lr23:24 so:0]{ ia0 a2p0 re0 rm0 nos0 ru0 dp0}{int fixed}[r0x1002 r0x1004 ]
003F   5800           00194         MOVAR   r0x1002
0040   5600           00195         MOVRA   r0x1002
0041   5600           00196         MOVRA   r0x1006
0042   5800           00197         MOVAR   r0x1004
0043   5600           00198         MOVRA   r0x1007
                      00199 ;;[ICODE] ../../libsdcc_mc32l/_modschar.c:39:   iTemp16 [k23 lr25:29 so:0]{ ia0 a2p0 re0 rm0 nos0 ru1 dp0}{unsigned-char fixed}[r0x1002 ] = (unsigned-char fixed)iTemp15 [k22 lr24:25 so:0]{ ia0 a2p0 re0 rm0 nos0 ru0 dp0}{unsigned-int fixed}[r0x1006 r0x1007 ]
                      00200 ;;105   MOVAR   r0x1006
                      00201 ;;[ICODE] ../../libsdcc_mc32l/_modschar.c:39:   iTemp17 [k24 lr26:27 so:0]{ ia0 a2p0 re0 rm0 nos0 ru0 dp0}{unsigned-int fixed}[r0x1006 r0x1007 ] = (unsigned-int fixed)iTemp1 [k4 lr4:50 so:0]{ ia0 a2p0 re1 rm0 nos0 ru0 dp0}{char fixed}{ sir@ __modschar_b_1_2}[r0x1001 ]
0044   5800           00202         MOVAR   r0x1001
0045   5600           00203         MOVRA   r0x1006
0046   7600           00204         CLRR    r0x1007
0047   FE00           00205         JBCLR   r0x1006,7
0048   6E00           00206         DECR    r0x1007
                      00207 ;;[ICODE] ../../libsdcc_mc32l/_modschar.c:39:   iTemp18 [k25 lr27:29 so:0]{ ia0 a2p0 re0 rm0 nos0 ru0 dp0}{unsigned-char fixed}[r0x1008 ] = (unsigned-char fixed)iTemp17 [k24 lr26:27 so:0]{ ia0 a2p0 re0 rm0 nos0 ru0 dp0}{unsigned-int fixed}[r0x1006 r0x1007 ]
                      00208 ;;107   MOVAR   r0x1006
                      00209 ;;[ICODE] ../../libsdcc_mc32l/_modschar.c:39:   send iTemp16 [k23 lr25:29 so:0]{ ia0 a2p0 re0 rm0 nos0 ru1 dp0}{unsigned-char fixed}[r0x1002 ]{argreg = 1}
                      00210 ;;[ICODE] ../../libsdcc_mc32l/_modschar.c:39:   send iTemp18 [k25 lr27:29 so:0]{ ia0 a2p0 re0 rm0 nos0 ru0 dp0}{unsigned-char fixed}[r0x1008 ]{argreg = 1}
                      00211 ;;[ICODE] ../../libsdcc_mc32l/_modschar.c:39:   iTemp19 [k26 lr30:31 so:0]{ ia0 a2p0 re0 rm0 nos0 ru0 dp0}{unsigned-char fixed}[r0x1002 ] = call __moduchar [k8 lr0:0 so:0]{ ia0 a2p0 re0 rm0 nos0 ru0 dp0}{unsigned-char function ( unsigned-char fixed, unsigned-char fixed) fixed}
                      00212 ;;106   MOVAR   r0x1008
0049   5800           00213         MOVAR   r0x1006
004A   5600           00214         MOVRA   r0x1008
004B   5600           00215         MOVRA   STK00
004C   5800           00216         MOVAR   r0x1002
004D   2100 2300      00217         LCALL   __moduchar
004F   5600           00218         MOVRA   r0x1002
                      00219 ;;[ICODE] ../../libsdcc_mc32l/_modschar.c:39:   iTemp20 [k27 lr31:32 so:0]{ ia0 a2p0 re0 rm0 nos0 ru1 dp0}{unsigned-char fixed}[r0x1002 ] = - iTemp19 [k26 lr30:31 so:0]{ ia0 a2p0 re0 rm0 nos0 ru0 dp0}{unsigned-char fixed}[r0x1002 ]
0050   7200           00220         COMR    r0x1002
0051   6600           00221         INCR    r0x1002
                      00222 ;;[ICODE] ../../libsdcc_mc32l/_modschar.c:39:   ret iTemp20 [k27 lr31:32 so:0]{ ia0 a2p0 re0 rm0 nos0 ru1 dp0}{unsigned-char fixed}[r0x1002 ]
0052   5800           00223         MOVAR   r0x1002
0053   2000 2300      00224         LGOTO   _00114_DS_
                      00225 ;;[ICODE] ../../libsdcc_mc32l/_modschar.c:39:  _iffalse_2($8) :
                      00226 ;;[ICODE] ../../libsdcc_mc32l/_modschar.c:42:   iTemp21 [k28 lr34:35 so:0]{ ia0 a2p0 re0 rm0 nos0 ru0 dp0}{char fixed} = iTemp1 [k4 lr4:50 so:0]{ ia0 a2p0 re1 rm0 nos0 ru0 dp0}{char fixed}{ sir@ __modschar_b_1_2}[r0x1001 ] < 0x0 {const-char literal}
                      00227 ;;signed compare: left < lit(0x0=0), size=1, mask=ff
0055                  00228 _00112_DS_
                      00229 ;       .line   42; "../../libsdcc_mc32l/_modschar.c"   if (b < 0)
0055   C1B7           00230         BSET    PFLAG,0
0056   EE00           00231         JBSET   r0x1001,7
0057   D1B7           00232         BCLR    PFLAG,0
0058   E1B7           00233         JBSET   PFLAG,0
0059   2000 2300      00234         LGOTO   _00109_DS_
                      00235 ;;genSkipc:3195: created from rifx:00DE608C
                      00236 ;;[ICODE] ../../libsdcc_mc32l/_modschar.c:42:   if iTemp21 [k28 lr34:35 so:0]{ ia0 a2p0 re0 rm0 nos0 ru0 dp0}{char fixed} == 0 goto _iffalse_1($5)
                      00237 ;;[ICODE] ../../libsdcc_mc32l/_modschar.c:43:   iTemp22 [k29 lr36:37 so:0]{ ia0 a2p0 re0 rm0 nos0 ru0 dp0}{unsigned-int fixed}[r0x1002 r0x1006 ] = (unsigned-int fixed)iTemp0 [k2 lr3:48 so:0]{ ia0 a2p0 re1 rm0 nos0 ru0 dp0}{char fixed}{ sir@ __modschar_a_1_2}[r0x1000 ]
                      00238 ;       .line   43; "../../libsdcc_mc32l/_modschar.c"   return -_moduchar ((unsigned int)a, (unsigned int)-b);
005B   5800           00239         MOVAR   r0x1000
005C   5600           00240         MOVRA   r0x1002
005D   7600           00241         CLRR    r0x1006
005E   FE00           00242         JBCLR   r0x1002,7
005F   6E00           00243         DECR    r0x1006
                      00244 ;;[ICODE] ../../libsdcc_mc32l/_modschar.c:43:   iTemp23 [k30 lr37:43 so:0]{ ia0 a2p0 re0 rm0 nos0 ru1 dp0}{unsigned-char fixed}[r0x1007 ] = (unsigned-char fixed)iTemp22 [k29 lr36:37 so:0]{ ia0 a2p0 re0 rm0 nos0 ru0 dp0}{unsigned-int fixed}[r0x1002 r0x1006 ]
0060   5800           00245         MOVAR   r0x1002
0061   5600           00246         MOVRA   r0x1007
                      00247 ;;[ICODE] ../../libsdcc_mc32l/_modschar.c:43:   iTemp24 [k31 lr38:39 so:0]{ ia0 a2p0 re0 rm0 nos0 ru0 dp0}{int fixed}[r0x1002 r0x1006 ] = (int fixed)iTemp1 [k4 lr4:50 so:0]{ ia0 a2p0 re1 rm0 nos0 ru0 dp0}{char fixed}{ sir@ __modschar_b_1_2}[r0x1001 ]
0062   5800           00248         MOVAR   r0x1001
0063   5600           00249         MOVRA   r0x1002
0064   7600           00250         CLRR    r0x1006
0065   FE00           00251         JBCLR   r0x1002,7
0066   6E00           00252         DECR    r0x1006
                      00253 ;;[ICODE] ../../libsdcc_mc32l/_modschar.c:43:   iTemp25 [k32 lr39:40 so:0]{ ia0 a2p0 re0 rm0 nos0 ru0 dp0}{int fixed}[r0x1002 r0x1006 ] = - iTemp24 [k31 lr38:39 so:0]{ ia0 a2p0 re0 rm0 nos0 ru0 dp0}{int fixed}[r0x1002 r0x1006 ]
0067   7200           00254         COMR    r0x1002
0068   7200           00255         COMR    r0x1006
0069   6600           00256         INCR    r0x1002
006A   F5B7           00257         JBCLR   PFLAG,2
006B   6600           00258         INCR    r0x1006
                      00259 ;;[ICODE] ../../libsdcc_mc32l/_modschar.c:43:   iTemp26 [k33 lr40:41 so:0]{ ia0 a2p0 re0 rm0 nos0 ru0 dp0}{unsigned-int fixed}[r0x1008 r0x1009 ] = (unsigned-int fixed)iTemp25 [k32 lr39:40 so:0]{ ia0 a2p0 re0 rm0 nos0 ru0 dp0}{int fixed}[r0x1002 r0x1006 ]
                      00260 ;;112   MOVAR   r0x1002
006C   5800           00261         MOVAR   r0x1006
                      00262 ;;1     MOVRA   r0x1009
                      00263 ;;[ICODE] ../../libsdcc_mc32l/_modschar.c:43:   iTemp27 [k34 lr41:43 so:0]{ ia0 a2p0 re0 rm0 nos0 ru0 dp0}{unsigned-char fixed}[r0x1002 ] = (unsigned-char fixed)iTemp26 [k33 lr40:41 so:0]{ ia0 a2p0 re0 rm0 nos0 ru0 dp0}{unsigned-int fixed}[r0x1008 r0x1009 ]
                      00264 ;;102   MOVAR   r0x1008
                      00265 ;;[ICODE] ../../libsdcc_mc32l/_modschar.c:43:   send iTemp23 [k30 lr37:43 so:0]{ ia0 a2p0 re0 rm0 nos0 ru1 dp0}{unsigned-char fixed}[r0x1007 ]{argreg = 1}
                      00266 ;;[ICODE] ../../libsdcc_mc32l/_modschar.c:43:   send iTemp27 [k34 lr41:43 so:0]{ ia0 a2p0 re0 rm0 nos0 ru0 dp0}{unsigned-char fixed}[r0x1002 ]{argreg = 1}
                      00267 ;;[ICODE] ../../libsdcc_mc32l/_modschar.c:43:   iTemp28 [k35 lr44:45 so:0]{ ia0 a2p0 re0 rm0 nos0 ru0 dp0}{unsigned-char fixed}[r0x1002 ] = call __moduchar [k8 lr0:0 so:0]{ ia0 a2p0 re0 rm0 nos0 ru0 dp0}{unsigned-char function ( unsigned-char fixed, unsigned-char fixed) fixed}
                      00268 ;;101   MOVAR   r0x1002
                      00269 ;;111   MOVAR   r0x1008
006D   5800           00270         MOVAR   r0x1002
006E   5600           00271         MOVRA   r0x1008
006F   5600           00272         MOVRA   r0x1002
0070   5600           00273         MOVRA   STK00
0071   5800           00274         MOVAR   r0x1007
0072   2100 2300      00275         LCALL   __moduchar
0074   5600           00276         MOVRA   r0x1002
                      00277 ;;[ICODE] ../../libsdcc_mc32l/_modschar.c:43:   iTemp29 [k36 lr45:46 so:0]{ ia0 a2p0 re0 rm0 nos0 ru1 dp0}{unsigned-char fixed}[r0x1002 ] = - iTemp28 [k35 lr44:45 so:0]{ ia0 a2p0 re0 rm0 nos0 ru0 dp0}{unsigned-char fixed}[r0x1002 ]
0075   7200           00278         COMR    r0x1002
0076   6600           00279         INCR    r0x1002
                      00280 ;;[ICODE] ../../libsdcc_mc32l/_modschar.c:43:   ret iTemp29 [k36 lr45:46 so:0]{ ia0 a2p0 re0 rm0 nos0 ru1 dp0}{unsigned-char fixed}[r0x1002 ]
0077   5800           00281         MOVAR   r0x1002
0078   2000 2300      00282         LGOTO   _00114_DS_
                      00283 ;;[ICODE] ../../libsdcc_mc32l/_modschar.c:43:  _iffalse_1($5) :
                      00284 ;;[ICODE] ../../libsdcc_mc32l/_modschar.c:45:   iTemp30 [k37 lr48:49 so:0]{ ia0 a2p0 re0 rm0 nos0 ru0 dp0}{unsigned-int fixed}[r0x1002 r0x1007 ] = (unsigned-int fixed)iTemp0 [k2 lr3:48 so:0]{ ia0 a2p0 re1 rm0 nos0 ru0 dp0}{char fixed}{ sir@ __modschar_a_1_2}[r0x1000 ]
007A                  00285 _00109_DS_
                      00286 ;       .line   45; "../../libsdcc_mc32l/_modschar.c"   return _moduchar ((unsigned int)a, (unsigned int)b);
007A   5800           00287         MOVAR   r0x1000
007B   5600           00288         MOVRA   r0x1002
007C   7600           00289         CLRR    r0x1007
007D   FE00           00290         JBCLR   r0x1002,7
007E   6E00           00291         DECR    r0x1007
                      00292 ;;[ICODE] ../../libsdcc_mc32l/_modschar.c:45:   iTemp31 [k38 lr49:53 so:0]{ ia0 a2p0 re0 rm0 nos0 ru1 dp0}{unsigned-char fixed}[r0x1000 ] = (unsigned-char fixed)iTemp30 [k37 lr48:49 so:0]{ ia0 a2p0 re0 rm0 nos0 ru0 dp0}{unsigned-int fixed}[r0x1002 r0x1007 ]
007F   5800           00293         MOVAR   r0x1002
0080   5600           00294         MOVRA   r0x1000
                      00295 ;;[ICODE] ../../libsdcc_mc32l/_modschar.c:45:   iTemp32 [k39 lr50:51 so:0]{ ia0 a2p0 re0 rm0 nos0 ru0 dp0}{unsigned-int fixed}[r0x1002 r0x1007 ] = (unsigned-int fixed)iTemp1 [k4 lr4:50 so:0]{ ia0 a2p0 re1 rm0 nos0 ru0 dp0}{char fixed}{ sir@ __modschar_b_1_2}[r0x1001 ]
0081   5800           00296         MOVAR   r0x1001
0082   5600           00297         MOVRA   r0x1002
0083   7600           00298         CLRR    r0x1007
0084   FE00           00299         JBCLR   r0x1002,7
0085   6E00           00300         DECR    r0x1007
                      00301 ;;[ICODE] ../../libsdcc_mc32l/_modschar.c:45:   iTemp33 [k40 lr51:53 so:0]{ ia0 a2p0 re0 rm0 nos0 ru0 dp0}{unsigned-char fixed}[r0x1001 ] = (unsigned-char fixed)iTemp32 [k39 lr50:51 so:0]{ ia0 a2p0 re0 rm0 nos0 ru0 dp0}{unsigned-int fixed}[r0x1002 r0x1007 ]
                      00302 ;;100   MOVAR   r0x1002
                      00303 ;;[ICODE] ../../libsdcc_mc32l/_modschar.c:45:   send iTemp31 [k38 lr49:53 so:0]{ ia0 a2p0 re0 rm0 nos0 ru1 dp0}{unsigned-char fixed}[r0x1000 ]{argreg = 1}
                      00304 ;;[ICODE] ../../libsdcc_mc32l/_modschar.c:45:   send iTemp33 [k40 lr51:53 so:0]{ ia0 a2p0 re0 rm0 nos0 ru0 dp0}{unsigned-char fixed}[r0x1001 ]{argreg = 1}
                      00305 ;;[ICODE] ../../libsdcc_mc32l/_modschar.c:45:   iTemp34 [k41 lr54:55 so:0]{ ia0 a2p0 re0 rm0 nos0 ru1 dp0}{unsigned-char fixed}[r0x1000 ] = call __moduchar [k8 lr0:0 so:0]{ ia0 a2p0 re0 rm0 nos0 ru0 dp0}{unsigned-char function ( unsigned-char fixed, unsigned-char fixed) fixed}
                      00306 ;;99    MOVAR   r0x1001
0086   5800           00307         MOVAR   r0x1002
0087   5600           00308         MOVRA   r0x1001
0088   5600           00309         MOVRA   STK00
0089   5800           00310         MOVAR   r0x1000
008A   2100 2300      00311         LCALL   __moduchar
008C   5600           00312         MOVRA   r0x1000
                      00313 ;;[ICODE] ../../libsdcc_mc32l/_modschar.c:45:   ret iTemp34 [k41 lr54:55 so:0]{ ia0 a2p0 re0 rm0 nos0 ru1 dp0}{unsigned-char fixed}[r0x1000 ]
008D   5800           00314         MOVAR   r0x1000
                      00315 ;;[ICODE] ../../libsdcc_mc32l/_modschar.c:45:  _return($10) :
                      00316 ;;[ICODE] ../../libsdcc_mc32l/_modschar.c:45:   eproc __modschar [k1 lr0:0 so:0]{ ia0 a2p0 re0 rm0 nos0 ru0 dp0}{char function ( char fixed, char fixed) fixed}
008E                  00317 _00114_DS_
008E   000C           00318         RETURN  
                      00319 ; exit point of __modschar
                      00320 
                      00321 
                      00322 ;       code size estimation:
                      00323 ;         133+    0 =   133 instructions (  266 byte)
                      00324 
                      00325         end
gpasm-2.0.0_beta2 (Nov  6 2017)_modschar.asm      2018-1-12  10:31:16          PAGE  2


SYMBOL TABLE
  LABEL                             VALUE

ADCHS0                            00000004
ADCHS1                            00000005
ADCHS2                            00000006
ADCHS3                            00000007
ADCKS0                            00000002
ADCKS1                            00000003
ADCR0                             000001E8
ADCR1                             000001E9
ADCR2                             000001EA
ADDRH                             000001EC
ADDRL                             000001ED
ADEOC                             00000001
ADIE                              00000007
ADIF                              00000007
ADIOS0                            00000000
ADIOS1                            00000001
ADIOS2                            00000002
ADIOS3                            00000003
ADIOS4                            00000004
ADIOS5                            00000005
ADIOS6                            00000006
ADIOS7                            00000007
ADON                              00000000
C                                 00000000
CLKS                              00000002
CSEL0                             00000000
CSEL1                             00000001
DC                                00000001
DKW                               000001F4
DKWE                              00000007
DKWP0                             000001C3
DRVS                              00000001
DSELEN                            00000000
FILS                              00000003
FLCD0                             00000000
FLCD1                             00000001
FPWMA0                            00000002
FPWMA1                            00000003
FPWMB0                            00000000
FPWMB1                            00000001
FPWMEN                            00000007
FPWMS                             00000004
FSEL0                             00000002
FSEL1                             00000003
FSR0                              000001B4
FSR00                             00000000
FSR01                             00000001
FSR02                             00000002
FSR03                             00000003
FSR04                             00000004
FSR05                             00000005
FSR06                             00000006
FSR07                             00000007
FSR1                              000001B5
FSR10                             00000000
FSR11                             00000001
FSR12                             00000002
FSR13                             00000003
FSR14                             00000004
FSR15                             00000005
FSR16                             00000006
FSR17                             00000007
GIE                               00000007
HFEN                              00000000
HIBYTE                            000001B3
HIBYTE0                           00000000
HIBYTE1                           00000001
HIBYTE2                           00000002
HIBYTE3                           00000003
HIBYTE4                           00000004
HIBYTE5                           00000005
HIBYTE6                           00000006
HIBYTE7                           00000007
INDF0                             000001B0
INDF00                            00000000
INDF01                            00000001
INDF02                            00000002
INDF03                            00000003
INDF04                            00000004
INDF05                            00000005
INDF06                            00000006
INDF07                            00000007
INDF1                             000001B1
INDF10                            00000000
INDF11                            00000001
INDF12                            00000002
INDF13                            00000003
INDF14                            00000004
INDF15                            00000005
INDF16                            00000006
INDF17                            00000007
INDF2                             000001B2
INDF20                            00000000
INDF21                            00000001
INDF22                            00000002
INDF23                            00000003
INDF24                            00000004
INDF25                            00000005
INDF26                            00000006
INDF27                            00000007
INDF3                             000001B9
INDF30                            00000000
INDF31                            00000001
INDF32                            00000002
INDF33                            00000003
INDF34                            00000004
INDF35                            00000005
INDF36                            00000006
INDF37                            00000007
INT0IE                            00000002
INT0IF                            00000002
INT1IE                            00000003
INT1IF                            00000003
INTE                              000001BA
INTF                              000001BB
IOP0                              000001C0
IOP1                              000001C4
IOP2                              000001C8
IOP3                              000001CC
IOP4                              000001D0
IOP5                              000001D4
IRIN                              00000007
IROS                              00000006
IROT                              00000005
KBCR                              000001F5
KBCR0                             00000000
KBCR1                             00000001
KBCR2                             00000002
KBCR3                             00000003
KBCR4                             00000004
KBCR5                             00000005
KBCR6                             00000006
KBCR7                             00000007
KBIE                              00000004
KBIF                              00000004
LCDCKS                            00000002
LCDCR0                            000001F2
LCDCR1                            000001F3
LCDDRV                            000001F6
LCDDRVP06                         00000000
LCDDRVP22                         00000001
LCDDRVP23                         00000002
LCDDS00                           00000100
LCDDS01                           00000101
LCDDS02                           00000102
LCDDS03                           00000103
LCDDS04                           00000104
LCDDS05                           00000105
LCDDS06                           00000106
LCDDS07                           00000107
LCDDS08                           00000108
LCDDS09                           00000109
LCDDS10                           0000010A
LCDDS11                           0000010B
LCDDS12                           0000010C
LCDDS13                           0000010D
LCDDS14                           0000010E
LCDDS15                           0000010F
LCDDS16                           00000110
LCDDS17                           00000111
LCDDS18                           00000112
LCDDS19                           00000113
LCDDS20                           00000114
LCDDS21                           00000115
LCDDS22                           00000116
LCDDS23                           00000117
LCDDS24                           00000118
LCDDS25                           00000119
LCDDS26                           0000011A
LCDDS27                           0000011B
LCDDS28                           0000011C
LCDDS29                           0000011D
LCDDUTY                           00000004
LCDEN                             00000007
LCDIOSP1                          000001C7
LCDIOSP10                         00000000
LCDIOSP11                         00000001
LCDIOSP12                         00000002
LCDIOSP13                         00000003
LCDIOSP14                         00000004
LCDIOSP15                         00000005
LCDIOSP16                         00000006
LCDIOSP17                         00000007
LCDIOSP2                          000001CB
LCDIOSP20                         00000000
LCDIOSP21                         00000001
LCDIOSP22                         00000002
LCDIOSP23                         00000003
LCDIOSP24                         00000004
LCDIOSP25                         00000005
LCDIOSP26                         00000006
LCDIOSP27                         00000007
LCDIOSP3                          000001CF
LCDIOSP30                         00000000
LCDIOSP31                         00000001
LCDIOSP32                         00000002
LCDIOSP33                         00000003
LCDIOSP34                         00000004
LCDIOSP35                         00000005
LCDIOSP36                         00000006
LCDIOSP37                         00000007
LCDIOSP4                          000001D3
LCDIOSP40                         00000000
LCDIOSP41                         00000001
LCDIOSP42                         00000002
LCDIOSP43                         00000003
LCDIOSP44                         00000004
LCDIOSP45                         00000005
LCDIOSP46                         00000006
LCDIOSP47                         00000007
LCDIOSP5                          000001D7
LCDIOSP50                         00000000
LCDIOSP51                         00000001
LCDM                              00000003
LCDRS0                            00000000
LCDRS1                            00000001
LCDSP0                            00000005
LCDSP1                            00000006
LCDSPEED                          00000002
LFEN                              00000001
LPEN0                             00000000
LPEN1                             00000001
LPEN2                             00000002
LVDCR                             000001BD
LVDEN                             00000007
LVDF                              00000000
LVDIE                             00000005
LVDIF                             00000005
LVDS0                             00000003
LVDS1                             00000004
LVDS2                             00000005
LVDS3                             00000006
LXTCR                             000001BE
MCR                               000001B8
MINT00                            00000000
MINT01                            00000001
MINT10                            00000002
MINT11                            00000003
OEP0                              000001C1
OEP1                              000001C5
OEP2                              000001C9
OEP3                              000001CD
OEP4                              000001D1
OEP5                              000001D5
OPAE                              00000007
OPAM                              00000006
OPCR0                             000001F0
OPCR1                             000001F1
OPFC0                             00000000
OPFC1                             00000001
OPFC2                             00000002
OPFC3                             00000003
OPFC4                             00000004
OPFC5                             00000005
OSCM                              000001BC
P00D                              00000000
P00DKW                            00000000
P00OE                             00000000
P00PU                             00000000
P01D                              00000001
P01DKW                            00000001
P01OE                             00000001
P01PU                             00000001
P02D                              00000002
P02DKW                            00000002
P02OE                             00000002
P02PU                             00000002
P03D                              00000003
P03DKW                            00000003
P03OE                             00000003
P03PU                             00000003
P04D                              00000004
P04DKW                            00000004
P04OE                             00000004
P04PU                             00000004
P05D                              00000005
P05DKW                            00000005
P05OE                             00000005
P05PU                             00000005
P06D                              00000006
P06DKW                            00000006
P06OE                             00000006
P06PU                             00000006
P07D                              00000007
P07DKW                            00000007
P07OE                             00000007
P07PU                             00000007
P10D                              00000000
P10OE                             00000000
P10PU                             00000000
P11D                              00000001
P11OE                             00000001
P11PU                             00000001
P12D                              00000002
P12OE                             00000002
P12PU                             00000002
P13D                              00000003
P13OE                             00000003
P13PU                             00000003
P14D                              00000004
P14OE                             00000004
P14PU                             00000004
P15D                              00000005
P15OE                             00000005
P15PU                             00000005
P16D                              00000006
P16OE                             00000006
P16PU                             00000006
P17D                              00000007
P17OE                             00000007
P17PU                             00000007
P20D                              00000000
P20OE                             00000000
P20PU                             00000000
P21D                              00000001
P21OE                             00000001
P21PU                             00000001
P22D                              00000002
P22OE                             00000002
P22PU                             00000002
P23D                              00000003
P23OE                             00000003
P23PU                             00000003
P24D                              00000004
P24OE                             00000004
P24PU                             00000004
P25D                              00000005
P25OE                             00000005
P25PU                             00000005
P26D                              00000006
P26OE                             00000006
P26PU                             00000006
P27D                              00000007
P27OE                             00000007
P27PU                             00000007
P30D                              00000000
P30OE                             00000000
P30PU                             00000000
P31D                              00000001
P31OE                             00000001
P31PU                             00000001
P32D                              00000002
P32OE                             00000002
P32PU                             00000002
P33D                              00000003
P33OE                             00000003
P33PU                             00000003
P34D                              00000004
P34OE                             00000004
P34PU                             00000004
P35D                              00000005
P35OE                             00000005
P35PU                             00000005
P36D                              00000006
P36OE                             00000006
P36PU                             00000006
P37D                              00000007
P37OE                             00000007
P37PU                             00000007
P40D                              00000000
P40OE                             00000000
P40PU                             00000000
P41D                              00000001
P41OE                             00000001
P41PU                             00000001
P42D                              00000002
P42OE                             00000002
P42PU                             00000002
P43D                              00000003
P43OE                             00000003
P43PU                             00000003
P44D                              00000004
P44OE                             00000004
P44PU                             00000004
P45D                              00000005
P45OE                             00000005
P45PU                             00000005
P46D                              00000006
P46OE                             00000006
P46PU                             00000006
P47D                              00000007
P47OE                             00000007
P47PU                             00000007
P50D                              00000000
P50OE                             00000000
P50PU                             00000000
P51D                              00000001
P51OE                             00000001
P51PU                             00000001
P52D                              00000002
P52OE                             00000002
P52PU                             00000002
P53D                              00000003
P53OE                             00000003
P53PU                             00000003
P54D                              00000004
P54OE                             00000004
P55D                              00000005
P55OE                             00000005
P55PU                             00000005
PC0                               00000000
PC1                               00000001
PC2                               00000002
PC3                               00000003
PC4                               00000004
PC5                               00000005
PC6                               00000006
PC7                               00000007
PCL                               000001B6
PD                                00000004
PFLAG                             000001B7
PUP0                              000001C2
PUP1                              000001C6
PUP2                              000001CA
PUP3                              000001CE
PUP4                              000001D2
PUP5                              000001D6
PWMEN                             00000006
RSEL                              00000002
STBH                              00000004
STBL                              00000005
STK00                             00000000
STK01                             00000000
STK02                             00000000
STK03                             00000000
STK04                             00000000
STK05                             00000000
STK06                             00000000
T0CR0                             000001D8
T0CR1                             000001D9
T0DATAH                           000001DE
T0DATAH0                          00000000
T0DATAH1                          00000001
T0DATAH2                          00000002
T0DATAH3                          00000003
T0DATAH4                          00000004
T0DATAH5                          00000005
T0DATAH6                          00000006
T0DATAH7                          00000007
T0DATAL                           000001DF
T0DATAL0                          00000000
T0DATAL1                          00000001
T0DATAL2                          00000002
T0DATAL3                          00000003
T0DATAL4                          00000004
T0DATAL5                          00000005
T0DATAL6                          00000006
T0DATAL7                          00000007
T0IE                              00000000
T0IF                              00000000
T0LATFH                           000001E2
T0LATFH0                          00000000
T0LATFH1                          00000001
T0LATFH2                          00000002
T0LATFH3                          00000003
T0LATFH4                          00000004
T0LATFH5                          00000005
T0LATFH6                          00000006
T0LATFH7                          00000007
T0LATFL                           000001E3
T0LATFL0                          00000000
T0LATFL1                          00000001
T0LATFL2                          00000002
T0LATFL3                          00000003
T0LATFL4                          00000004
T0LATFL5                          00000005
T0LATFL6                          00000006
T0LATFL7                          00000007
T0LATRH                           000001E0
T0LATRH0                          00000000
T0LATRH1                          00000001
T0LATRH2                          00000002
T0LATRH3                          00000003
T0LATRH4                          00000004
T0LATRH5                          00000005
T0LATRH6                          00000006
T0LATRH7                          00000007
T0LATRL                           000001E1
T0LATRL0                          00000000
T0LATRL1                          00000001
T0LATRL2                          00000002
T0LATRL3                          00000003
T0LATRL4                          00000004
T0LATRL5                          00000005
T0LATRL6                          00000006
T0LATRL7                          00000007
T0LOADH                           000001DC
T0LOADL                           000001DD
T0LOADL0                          00000000
T0LOADL1                          00000001
T0LOADL2                          00000002
T0LOADL3                          00000003
T0LOADL4                          00000004
T0LOADL5                          00000005
T0LOADL6                          00000006
T0LOADL7                          00000007
T0MOD0                            00000005
T0MOD1                            00000006
T0PR0                             00000000
T0PR1                             00000001
T0PR2                             00000002
T0PTS0                            00000003
T0PTS1                            00000004
T0RF                              00000006
T1CR                              000001E4
T1DATA                            000001E5
T1DATA0                           00000000
T1DATA1                           00000001
T1DATA2                           00000002
T1DATA3                           00000003
T1DATA4                           00000004
T1DATA5                           00000005
T1DATA6                           00000006
T1DATA7                           00000007
T1IE                              00000001
T1IF                              00000001
T1LOAD                            000001E6
T1LOAD0                           00000000
T1LOAD1                           00000001
T1LOAD2                           00000002
T1LOAD3                           00000003
T1LOAD4                           00000004
T1LOAD5                           00000005
T1LOAD6                           00000006
T1LOAD7                           00000007
T1MOD0                            00000005
T1MOD1                            00000006
T1PR0                             00000000
T1PR1                             00000001
T1PR2                             00000002
T1PTS0                            00000003
T1PTS1                            00000004
TC0EN                             00000007
TC1EN                             00000007
TO                                00000005
VDLSEL                            00000004
VLCDS                             00000003
VREFRES                           00000001
VREXT                             00000000
VSEL                              00000006
WSEL0                             00000003
WSEL1                             00000004
Z                                 00000002
_00106_DS_                        00000035
_00109_DS_                        0000007A
_00112_DS_                        00000055
_00114_DS_                        0000008E
_CONFIG0                          00008000
_CONFIG1                          00008001
__33P116                          00000001
__modschar                        00000000
__moduchar                        00000000
r0x1000                           00000000
r0x1001                           00000001
r0x1002                           00000002
r0x1003                           00000003
r0x1004                           00000004
r0x1005                           00000005
r0x1006                           00000006
r0x1007                           00000007
r0x1008                           00000008

Errors   :     0
Warnings :     0 reported,     0 suppressed
Messages :     0 reported,     0 suppressed

