gpasm-2.0.0_beta2 (Nov  6 2017)_mullong.asm       2018-1-12  10:31:20          PAGE  1


LOC  OBJECT CODE     LINE SOURCE TEXT
  VALUE

                      00001 ;--------------------------------------------------------
                      00002 ; File Created by SN-SDCC : SinoMCU ANSI-C Compiler
                      00003 ; Version 1.1.0 (Dec 19 2017) (MINGW32)
                      00004 ; This file was generated Fri Jan 12 10:31:20 2018
                      00005 ;--------------------------------------------------------
                      00006 ; MC32 port for the RISC core
                      00007 ;--------------------------------------------------------
                      00008 ;       .file   "../../libsdcc_mc32l/_mullong.c"
                      00009         list    p=3316
                      00010         radix dec
                      00011         include "3316.inc"
                      00001                 LIST
                      00002 ;mc32p5314.inc    Standard Header File, Version 1.00 by Sinomcu
                      00772                 LIST
                      00012 ;--------------------------------------------------------
                      00013 ; external declarations
                      00014 ;--------------------------------------------------------
                      00015 
                      00016         extern STK06
                      00017         extern STK05
                      00018         extern STK04
                      00019         extern STK03
                      00020         extern STK02
                      00021         extern STK01
                      00022         extern STK00
                      00023 ;--------------------------------------------------------
                      00024 ; global declarations
                      00025 ;--------------------------------------------------------
                      00026         global  __mullong
                      00027 
                      00028 ;--------------------------------------------------------
                      00029 ; global definitions
                      00030 ;--------------------------------------------------------
                      00031 ;--------------------------------------------------------
                      00032 ; absolute symbol definitions
                      00033 ;--------------------------------------------------------
                      00034 ;--------------------------------------------------------
                      00035 ; compiler-defined variables
                      00036 ;--------------------------------------------------------
                      00037 UDL__mullong_0  udata
0000                  00038 r0x1003 res     1
0000                  00039 r0x1002 res     1
0001                  00040 r0x1001 res     1
0001                  00041 r0x1000 res     1
0002                  00042 r0x1007 res     1
0002                  00043 r0x1006 res     1
0003                  00044 r0x1005 res     1
0003                  00045 r0x1004 res     1
0004                  00046 r0x1008 res     1
0004                  00047 r0x1009 res     1
0005                  00048 r0x100A res     1
0005                  00049 r0x100B res     1
0006                  00050 r0x100C res     1
0006                  00051 r0x100D res     1
0007                  00052 r0x100E res     1
0007                  00053 r0x100F res     1
0008                  00054 r0x1010 res     1
                      00055 ;--------------------------------------------------------
                      00056 ; initialized data
                      00057 ;--------------------------------------------------------
                      00058 
                      00059 ;@Allocation info for local variables in function '_mullong'
                      00060 ;@_mullong b                         Allocated to registers r0x1007 r0x1006 r0x1005 r0x1004 ;size:4
                      00061 ;@_mullong a                         Allocated to registers r0x1003 r0x1002 r0x1001 r0x1000 ;size:4
                      00062 ;@_mullong result                    Allocated to registers r0x1008 r0x1009 r0x100A r0x100B ;size:4
                      00063 ;@_mullong i                         Allocated to registers r0x100C ;size:1
                      00064 ;@end Allocation info for local variables in function '_mullong';
                      00065 
                      00066 ;--------------------------------------------------------
                      00067 ; overlayable items in internal ram 
                      00068 ;--------------------------------------------------------
                      00069 ;       udata_ovr
                      00070 ;--------------------------------------------------------
                      00071 ; code
                      00072 ;--------------------------------------------------------
                      00073 code__mullong   code
                      00074 ;***
                      00075 ;  pBlock Stats: dbName = C
                      00076 ;***
                      00077 ;entry:  __mullong      ;Function start
                      00078 ; 2 exit points
                      00079 ;has an exit
                      00080 ;24 compiler assigned registers:
                      00081 ;   r0x1000
                      00082 ;   STK00
                      00083 ;   r0x1001
                      00084 ;   STK01
                      00085 ;   r0x1002
                      00086 ;   STK02
                      00087 ;   r0x1003
                      00088 ;   STK03
                      00089 ;   r0x1004
                      00090 ;   STK04
                      00091 ;   r0x1005
                      00092 ;   STK05
                      00093 ;   r0x1006
                      00094 ;   STK06
                      00095 ;   r0x1007
                      00096 ;   r0x1008
                      00097 ;   r0x1009
                      00098 ;   r0x100A
                      00099 ;   r0x100B
                      00100 ;   r0x100C
                      00101 ;   r0x100D
                      00102 ;   r0x100E
                      00103 ;   r0x100F
                      00104 ;   r0x1010
                      00105 ;; Starting pCode block
                      00106 ;;[ICODE] ../../libsdcc_mc32l/_mullong.c:33:  _entry($16) :
                      00107 ;;[ICODE] ../../libsdcc_mc32l/_mullong.c:33:    proc __mullong [k1 lr0:0 so:0]{ ia0 a2p0 re0 rm0 nos0 ru0 dp0}{long-int function ( long-int fixed, long-int fixed) fixed}
0000                  00108 __mullong       ;Function start
                      00109 ; 2 exit points
                      00110 ;;[ICODE] ../../libsdcc_mc32l/_mullong.c:33: iTemp0 [k2 lr3:43 so:0]{ ia0 a2p0 re1 rm0 nos0 ru0 dp0}{long-int fixed}{ sir@ __mullong_a_1_1}[r0x1000 r0x1001 r0x1002 r0x1003 ] = recv __mullong [k1 lr0:0 so:0]{ ia0 a2p0 re0 rm0 nos0 ru0 dp0}{long-int function ( long-int fixed, long-int fixed) fixed}
                      00111 ;       .line   33; "../../libsdcc_mc32l/_mullong.c"    _mullong (long a, long b)
0000   5600           00112         MOVRA   r0x1000
0001   5800           00113         MOVAR   STK00
0002   5600           00114         MOVRA   r0x1001
0003   5800           00115         MOVAR   STK01
0004   5600           00116         MOVRA   r0x1002
0005   5800           00117         MOVAR   STK02
0006   5600           00118         MOVRA   r0x1003
                      00119 ;;[ICODE] ../../libsdcc_mc32l/_mullong.c:33: iTemp1 [k4 lr4:43 so:0]{ ia0 a2p0 re1 rm0 nos0 ru0 dp0}{long-int fixed}{ sir@ __mullong_b_1_1}[r0x1004 r0x1005 r0x1006 r0x1007 ] = recv __mullong [k1 lr0:0 so:0]{ ia0 a2p0 re0 rm0 nos0 ru0 dp0}{long-int function ( long-int fixed, long-int fixed) fixed}
0007   5800           00120         MOVAR   STK03
0008   5600           00121         MOVRA   r0x1004
0009   5800           00122         MOVAR   STK04
000A   5600           00123         MOVRA   r0x1005
000B   5800           00124         MOVAR   STK05
000C   5600           00125         MOVRA   r0x1006
000D   5800           00126         MOVAR   STK06
000E   5600           00127         MOVRA   r0x1007
                      00128 ;;[ICODE] ../../libsdcc_mc32l/_mullong.c:35:    iTemp2 [k6 lr5:44 so:0]{ ia0 a2p0 re1 rm0 nos0 ru0 dp0}{long-int fixed}{ sir@ __mullong_result_1_2}[r0x1008 r0x1009 r0x100A r0x100B ] := 0x0 {long-int literal}
                      00129 ;       .line   35; "../../libsdcc_mc32l/_mullong.c"    long result = 0;
000F   7600           00130         CLRR    r0x1008
0010   7600           00131         CLRR    r0x1009
0011   7600           00132         CLRR    r0x100A
0012   7600           00133         CLRR    r0x100B
                      00134 ;;[ICODE] ../../libsdcc_mc32l/_mullong.c:39:    iTemp3 [k8 lr6:43 so:0]{ ia0 a2p0 re1 rm0 nos0 ru0 dp0}{unsigned-char fixed}{ sir@ __mullong_i_1_2}[r0x100C ] := 0x8 {unsigned-char literal}
                      00135 ;       .line   39; "../../libsdcc_mc32l/_mullong.c"    for (i = 0; i < 8u; i++) {
0013   3C08           00136         MOVAI   0x08
0014   5600           00137         MOVRA   r0x100C
                      00138 ;;[ICODE] ../../libsdcc_mc32l/_mullong.c:39:  _forcontinue_0($14) :
                      00139 ;;[ICODE] ../../libsdcc_mc32l/_mullong.c:41:    iTemp4 [k10 lr9:10 so:0]{ ia0 a2p0 re0 rm0 nos0 ru0 dp0}{long-int fixed} = iTemp0 [k2 lr3:43 so:0]{ ia0 a2p0 re1 rm0 nos0 ru0 dp0}{long-int fixed}{ sir@ __mullong_a_1_1}[r0x1000 r0x1001 r0x1002 r0x1003 ] & 0x1 {long-int literal}
0015                  00140 _00118_DS_
                      00141 ;       .line   41; "../../libsdcc_mc32l/_mullong.c"    if (a & 0x0001u) result += b;
0015   E000           00142         JBSET   r0x1003,0
0016   2000 2300      00143         LGOTO   _00109_DS_
                      00144 ;;[ICODE] ../../libsdcc_mc32l/_mullong.c:41:    if iTemp4 [k10 lr9:10 so:0]{ ia0 a2p0 re0 rm0 nos0 ru0 dp0}{long-int fixed} == 0 goto _andif_0($5)
                      00145 ;;[ICODE] ../../libsdcc_mc32l/_mullong.c:41:    iTemp2 [k6 lr5:44 so:0]{ ia0 a2p0 re1 rm0 nos0 ru0 dp0}{long-int fixed}{ sir@ __mullong_result_1_2}[r0x1008 r0x1009 r0x100A r0x100B ] = iTemp2 [k6 lr5:44 so:0]{ ia0 a2p0 re1 rm0 nos0 ru0 dp0}{long-int fixed}{ sir@ __mullong_result_1_2}[r0x1008 r0x1009 r0x100A r0x100B ] + iTemp1 [k4 lr4:43 so:0]{ ia0 a2p0 re1 rm0 nos0 ru0 dp0}{long-int fixed}{ sir@ __mullong_b_1_1}[r0x1004 r0x1005 r0x1006 r0x1007 ]
0018   5800           00146         MOVAR   r0x1007
0019   7E00           00147         ADDRA   r0x1008
001A   5800           00148         MOVAR   r0x1006
001B   F1B7           00149         JBCLR   PFLAG,0
001C   6000           00150         JZAR    r0x1006
001D   7E00           00151         ADDRA   r0x1009
001E   5800           00152         MOVAR   r0x1005
001F   F1B7           00153         JBCLR   PFLAG,0
0020   6000           00154         JZAR    r0x1005
0021   7E00           00155         ADDRA   r0x100A
0022   5800           00156         MOVAR   r0x1004
0023   F1B7           00157         JBCLR   PFLAG,0
0024   6000           00158         JZAR    r0x1004
0025   7E00           00159         ADDRA   r0x100B
                      00160 ;;[ICODE] ../../libsdcc_mc32l/_mullong.c:42:  _andif_0($5) :
                      00161 ;;[ICODE] ../../libsdcc_mc32l/_mullong.c:42:    iTemp6 [k12 lr14:15 so:0]{ ia0 a2p0 re0 rm0 nos0 ru0 dp0}{unsigned-long-int register}[r0x100D r0x100E r0x100F r0x1010 ] = (unsigned-long-int register)iTemp0 [k2 lr3:43 so:0]{ ia0 a2p0 re1 rm0 nos0 ru0 dp0}{long-int fixed}{ sir@ __mullong_a_1_1}[r0x1000 r0x1001 r0x1002 r0x1003 ]
0026                  00162 _00109_DS_
                      00163 ;       .line   42; "../../libsdcc_mc32l/_mullong.c"    if (sizeof (a) > 1 && (a & 0x00000100ul)) result += (b << 8u);
0026   5800           00164         MOVAR   r0x1003
0027   5600           00165         MOVRA   r0x100D
0028   5800           00166         MOVAR   r0x1002
0029   5600           00167         MOVRA   r0x100E
002A   5800           00168         MOVAR   r0x1001
002B   5600           00169         MOVRA   r0x100F
002C   5800           00170         MOVAR   r0x1000
002D   5600           00171         MOVRA   r0x1010
                      00172 ;;[ICODE] ../../libsdcc_mc32l/_mullong.c:42:    iTemp7 [k13 lr15:16 so:0]{ ia0 a2p0 re0 rm0 nos0 ru0 dp0}{unsigned-long-int register} = iTemp6 [k12 lr14:15 so:0]{ ia0 a2p0 re0 rm0 nos0 ru0 dp0}{unsigned-long-int register}[r0x100D r0x100E r0x100F r0x1010 ] & 0x100 {const-unsigned-long-int literal}
002E   E000           00173         JBSET   r0x100E,0
002F   2000 2300      00174         LGOTO   _00112_DS_
                      00175 ;;[ICODE] ../../libsdcc_mc32l/_mullong.c:42:    if iTemp7 [k13 lr15:16 so:0]{ ia0 a2p0 re0 rm0 nos0 ru0 dp0}{unsigned-long-int register} == 0 goto _andif_1($8)
                      00176 ;;[ICODE] ../../libsdcc_mc32l/_mullong.c:42:    iTemp8 [k14 lr17:18 so:0]{ ia0 a2p0 re0 rm0 nos0 ru0 dp0}{long-int fixed}[r0x100D r0x100E r0x100F r0x1010 ] = iTemp1 [k4 lr4:43 so:0]{ ia0 a2p0 re1 rm0 nos0 ru0 dp0}{long-int fixed}{ sir@ __mullong_b_1_1}[r0x1004 r0x1005 r0x1006 r0x1007 ] << 0x8 {const-unsigned-int literal}
0031   5800           00177         MOVAR   r0x1005
0032   5600           00178         MOVRA   r0x1010
0033   5800           00179         MOVAR   r0x1006
0034   5600           00180         MOVRA   r0x100F
                      00181 ;;100   MOVAR   r0x1007
0035   7600           00182         CLRR    r0x100D
                      00183 ;;[ICODE] ../../libsdcc_mc32l/_mullong.c:42:    iTemp2 [k6 lr5:44 so:0]{ ia0 a2p0 re1 rm0 nos0 ru0 dp0}{long-int fixed}{ sir@ __mullong_result_1_2}[r0x1008 r0x1009 r0x100A r0x100B ] = iTemp2 [k6 lr5:44 so:0]{ ia0 a2p0 re1 rm0 nos0 ru0 dp0}{long-int fixed}{ sir@ __mullong_result_1_2}[r0x1008 r0x1009 r0x100A r0x100B ] + iTemp8 [k14 lr17:18 so:0]{ ia0 a2p0 re0 rm0 nos0 ru0 dp0}{long-int fixed}[r0x100D r0x100E r0x100F r0x1010 ]
0036   3C00           00184         MOVAI   0x00
0037   7E00           00185         ADDRA   r0x1008
                      00186 ;;99    MOVAR   r0x100E
0038   5800           00187         MOVAR   r0x1007
0039   5600           00188         MOVRA   r0x100E
003A   F1B7           00189         JBCLR   PFLAG,0
003B   6000           00190         JZAR    r0x100E
003C   7E00           00191         ADDRA   r0x1009
003D   5800           00192         MOVAR   r0x100F
003E   F1B7           00193         JBCLR   PFLAG,0
003F   6000           00194         JZAR    r0x100F
0040   7E00           00195         ADDRA   r0x100A
0041   5800           00196         MOVAR   r0x1010
0042   F1B7           00197         JBCLR   PFLAG,0
0043   6000           00198         JZAR    r0x1010
0044   7E00           00199         ADDRA   r0x100B
                      00200 ;;[ICODE] ../../libsdcc_mc32l/_mullong.c:43:  _andif_1($8) :
                      00201 ;;[ICODE] ../../libsdcc_mc32l/_mullong.c:43:    iTemp10 [k16 lr21:22 so:0]{ ia0 a2p0 re0 rm0 nos0 ru0 dp0}{unsigned-long-int register}[r0x100D r0x100E r0x100F r0x1010 ] = (unsigned-long-int register)iTemp0 [k2 lr3:43 so:0]{ ia0 a2p0 re1 rm0 nos0 ru0 dp0}{long-int fixed}{ sir@ __mullong_a_1_1}[r0x1000 r0x1001 r0x1002 r0x1003 ]
0045                  00202 _00112_DS_
                      00203 ;       .line   43; "../../libsdcc_mc32l/_mullong.c"    if (sizeof (a) > 2 && (a & 0x00010000ul)) result += (b << 16u);
0045   5800           00204         MOVAR   r0x1003
0046   5600           00205         MOVRA   r0x100D
0047   5800           00206         MOVAR   r0x1002
0048   5600           00207         MOVRA   r0x100E
0049   5800           00208         MOVAR   r0x1001
004A   5600           00209         MOVRA   r0x100F
004B   5800           00210         MOVAR   r0x1000
004C   5600           00211         MOVRA   r0x1010
                      00212 ;;[ICODE] ../../libsdcc_mc32l/_mullong.c:43:    iTemp11 [k17 lr22:23 so:0]{ ia0 a2p0 re0 rm0 nos0 ru0 dp0}{unsigned-long-int register} = iTemp10 [k16 lr21:22 so:0]{ ia0 a2p0 re0 rm0 nos0 ru0 dp0}{unsigned-long-int register}[r0x100D r0x100E r0x100F r0x1010 ] & 0x10000 {const-unsigned-long-int literal}
004D   E000           00213         JBSET   r0x100F,0
004E   2000 2300      00214         LGOTO   _00115_DS_
                      00215 ;;[ICODE] ../../libsdcc_mc32l/_mullong.c:43:    if iTemp11 [k17 lr22:23 so:0]{ ia0 a2p0 re0 rm0 nos0 ru0 dp0}{unsigned-long-int register} == 0 goto _andif_2($11)
                      00216 ;;[ICODE] ../../libsdcc_mc32l/_mullong.c:43:    iTemp12 [k18 lr24:25 so:0]{ ia0 a2p0 re0 rm0 nos0 ru0 dp0}{long-int fixed}[r0x100D r0x100E r0x100F r0x1010 ] = iTemp1 [k4 lr4:43 so:0]{ ia0 a2p0 re1 rm0 nos0 ru0 dp0}{long-int fixed}{ sir@ __mullong_b_1_1}[r0x1004 r0x1005 r0x1006 r0x1007 ] << 0x10 {const-unsigned-int literal}
0050   5800           00217         MOVAR   r0x1006
0051   5600           00218         MOVRA   r0x1010
0052   5800           00219         MOVAR   r0x1007
0053   5600           00220         MOVRA   r0x100F
0054   7600           00221         CLRR    r0x100E
0055   7600           00222         CLRR    r0x100D
                      00223 ;;[ICODE] ../../libsdcc_mc32l/_mullong.c:43:    iTemp2 [k6 lr5:44 so:0]{ ia0 a2p0 re1 rm0 nos0 ru0 dp0}{long-int fixed}{ sir@ __mullong_result_1_2}[r0x1008 r0x1009 r0x100A r0x100B ] = iTemp2 [k6 lr5:44 so:0]{ ia0 a2p0 re1 rm0 nos0 ru0 dp0}{long-int fixed}{ sir@ __mullong_result_1_2}[r0x1008 r0x1009 r0x100A r0x100B ] + iTemp12 [k18 lr24:25 so:0]{ ia0 a2p0 re0 rm0 nos0 ru0 dp0}{long-int fixed}[r0x100D r0x100E r0x100F r0x1010 ]
0056   3C00           00224         MOVAI   0x00
0057   7E00           00225         ADDRA   r0x1008
0058   3C00           00226         MOVAI   0x00
0059   F1B7           00227         JBCLR   PFLAG,0
005A   6000           00228         JZAR    r0x100E
005B   7E00           00229         ADDRA   r0x1009
005C   5800           00230         MOVAR   r0x100F
005D   F1B7           00231         JBCLR   PFLAG,0
005E   6000           00232         JZAR    r0x100F
005F   7E00           00233         ADDRA   r0x100A
0060   5800           00234         MOVAR   r0x1010
0061   F1B7           00235         JBCLR   PFLAG,0
0062   6000           00236         JZAR    r0x1010
0063   7E00           00237         ADDRA   r0x100B
                      00238 ;;[ICODE] ../../libsdcc_mc32l/_mullong.c:44:  _andif_2($11) :
                      00239 ;;[ICODE] ../../libsdcc_mc32l/_mullong.c:44:    iTemp14 [k20 lr28:29 so:0]{ ia0 a2p0 re0 rm0 nos0 ru0 dp0}{unsigned-long-int register}[r0x100D r0x100E r0x100F r0x1010 ] = (unsigned-long-int register)iTemp0 [k2 lr3:43 so:0]{ ia0 a2p0 re1 rm0 nos0 ru0 dp0}{long-int fixed}{ sir@ __mullong_a_1_1}[r0x1000 r0x1001 r0x1002 r0x1003 ]
0064                  00240 _00115_DS_
                      00241 ;       .line   44; "../../libsdcc_mc32l/_mullong.c"    if (sizeof (a) > 3 && (a & 0x01000000ul)) result += (b << 24u);
0064   5800           00242         MOVAR   r0x1003
0065   5600           00243         MOVRA   r0x100D
0066   5800           00244         MOVAR   r0x1002
0067   5600           00245         MOVRA   r0x100E
0068   5800           00246         MOVAR   r0x1001
0069   5600           00247         MOVRA   r0x100F
006A   5800           00248         MOVAR   r0x1000
006B   5600           00249         MOVRA   r0x1010
                      00250 ;;[ICODE] ../../libsdcc_mc32l/_mullong.c:44:    iTemp15 [k21 lr29:30 so:0]{ ia0 a2p0 re0 rm0 nos0 ru0 dp0}{unsigned-long-int register} = iTemp14 [k20 lr28:29 so:0]{ ia0 a2p0 re0 rm0 nos0 ru0 dp0}{unsigned-long-int register}[r0x100D r0x100E r0x100F r0x1010 ] & 0x1000000 {const-unsigned-long-int literal}
006C   E000           00251         JBSET   r0x1010,0
006D   2000 2300      00252         LGOTO   _00114_DS_
                      00253 ;;[ICODE] ../../libsdcc_mc32l/_mullong.c:44:    if iTemp15 [k21 lr29:30 so:0]{ ia0 a2p0 re0 rm0 nos0 ru0 dp0}{unsigned-long-int register} == 0 goto _iffalse_3($10)
                      00254 ;;[ICODE] ../../libsdcc_mc32l/_mullong.c:44:    iTemp16 [k22 lr31:32 so:0]{ ia0 a2p0 re0 rm0 nos0 ru0 dp0}{long-int fixed}[r0x100D r0x100E r0x100F r0x1010 ] = iTemp1 [k4 lr4:43 so:0]{ ia0 a2p0 re1 rm0 nos0 ru0 dp0}{long-int fixed}{ sir@ __mullong_b_1_1}[r0x1004 r0x1005 r0x1006 r0x1007 ] << 0x18 {const-unsigned-int literal}
006F   5800           00255         MOVAR   r0x1007
0070   5600           00256         MOVRA   r0x1010
0071   7600           00257         CLRR    r0x100F
0072   7600           00258         CLRR    r0x100E
0073   7600           00259         CLRR    r0x100D
                      00260 ;;[ICODE] ../../libsdcc_mc32l/_mullong.c:44:    iTemp2 [k6 lr5:44 so:0]{ ia0 a2p0 re1 rm0 nos0 ru0 dp0}{long-int fixed}{ sir@ __mullong_result_1_2}[r0x1008 r0x1009 r0x100A r0x100B ] = iTemp2 [k6 lr5:44 so:0]{ ia0 a2p0 re1 rm0 nos0 ru0 dp0}{long-int fixed}{ sir@ __mullong_result_1_2}[r0x1008 r0x1009 r0x100A r0x100B ] + iTemp16 [k22 lr31:32 so:0]{ ia0 a2p0 re0 rm0 nos0 ru0 dp0}{long-int fixed}[r0x100D r0x100E r0x100F r0x1010 ]
0074   3C00           00261         MOVAI   0x00
0075   7E00           00262         ADDRA   r0x1008
0076   3C00           00263         MOVAI   0x00
0077   F1B7           00264         JBCLR   PFLAG,0
0078   6000           00265         JZAR    r0x100E
0079   7E00           00266         ADDRA   r0x1009
007A   5800           00267         MOVAR   r0x100F
007B   F1B7           00268         JBCLR   PFLAG,0
007C   6000           00269         JZAR    r0x100F
007D   7E00           00270         ADDRA   r0x100A
007E   5800           00271         MOVAR   r0x1010
007F   F1B7           00272         JBCLR   PFLAG,0
0080   6000           00273         JZAR    r0x1010
0081   7E00           00274         ADDRA   r0x100B
                      00275 ;;[ICODE] ../../libsdcc_mc32l/_mullong.c:44:  _iffalse_3($10) :
                      00276 ;;[ICODE] ../../libsdcc_mc32l/_mullong.c:45:    iTemp18 [k24 lr35:36 so:0]{ ia0 a2p0 re0 rm0 nos0 ru0 dp0}{unsigned-long-int fixed}[r0x100D r0x100E r0x100F r0x1010 ] = (unsigned-long-int fixed)iTemp0 [k2 lr3:43 so:0]{ ia0 a2p0 re1 rm0 nos0 ru0 dp0}{long-int fixed}{ sir@ __mullong_a_1_1}[r0x1000 r0x1001 r0x1002 r0x1003 ]
0082                  00277 _00114_DS_
                      00278 ;       .line   45; "../../libsdcc_mc32l/_mullong.c"    a = ((unsigned long)a) >> 1u;
0082   5800           00279         MOVAR   r0x1003
0083   5600           00280         MOVRA   r0x100D
0084   5800           00281         MOVAR   r0x1002
0085   5600           00282         MOVRA   r0x100E
0086   5800           00283         MOVAR   r0x1001
0087   5600           00284         MOVRA   r0x100F
0088   5800           00285         MOVAR   r0x1000
0089   5600           00286         MOVRA   r0x1010
                      00287 ;;[ICODE] ../../libsdcc_mc32l/_mullong.c:45:    iTemp0 [k2 lr3:43 so:0]{ ia0 a2p0 re1 rm0 nos0 ru0 dp0}{long-int fixed}{ sir@ __mullong_a_1_1}[r0x1000 r0x1001 r0x1002 r0x1003 ] = iTemp18 [k24 lr35:36 so:0]{ ia0 a2p0 re0 rm0 nos0 ru0 dp0}{unsigned-long-int fixed}[r0x100D r0x100E r0x100F r0x1010 ] >> 0x1 {const-unsigned-int literal}
                      00288 ;;shiftRight_Left2ResultLit:5216: shCount=1, size=4, sign=0, same=0, offr=0
008A   D1B7           00289         BCLR    PFLAG,0
008B   4C00           00290         RRAR    r0x1010
008C   5600           00291         MOVRA   r0x1000
008D   4C00           00292         RRAR    r0x100F
008E   5600           00293         MOVRA   r0x1001
008F   4C00           00294         RRAR    r0x100E
0090   5600           00295         MOVRA   r0x1002
0091   4C00           00296         RRAR    r0x100D
0092   5600           00297         MOVRA   r0x1003
                      00298 ;;[ICODE] ../../libsdcc_mc32l/_mullong.c:46:    iTemp1 [k4 lr4:43 so:0]{ ia0 a2p0 re1 rm0 nos0 ru0 dp0}{long-int fixed}{ sir@ __mullong_b_1_1}[r0x1004 r0x1005 r0x1006 r0x1007 ] = iTemp1 [k4 lr4:43 so:0]{ ia0 a2p0 re1 rm0 nos0 ru0 dp0}{long-int fixed}{ sir@ __mullong_b_1_1}[r0x1004 r0x1005 r0x1006 r0x1007 ] << 0x1 {const-unsigned-int literal}
                      00299 ;       .line   46; "../../libsdcc_mc32l/_mullong.c"    b <<= 1u;
0093   D1B7           00300         BCLR    PFLAG,0
0094   5200           00301         RLR     r0x1007
0095   5200           00302         RLR     r0x1006
0096   5200           00303         RLR     r0x1005
0097   5200           00304         RLR     r0x1004
                      00305 ;;[ICODE] ../../libsdcc_mc32l/_mullong.c:46:    iTemp21 [k27 lr40:41 so:0]{ ia0 a2p0 re0 rm0 nos0 ru0 dp0}{char register}[r0x100D ] = (char register)iTemp3 [k8 lr6:43 so:0]{ ia0 a2p0 re1 rm0 nos0 ru0 dp0}{unsigned-char fixed}{ sir@ __mullong_i_1_2}[r0x100C ]
0098   5800           00306         MOVAR   r0x100C
0099   5600           00307         MOVRA   r0x100D
                      00308 ;;[ICODE] ../../libsdcc_mc32l/_mullong.c:46:    iTemp3 [k8 lr6:43 so:0]{ ia0 a2p0 re1 rm0 nos0 ru0 dp0}{unsigned-char fixed}{ sir@ __mullong_i_1_2}[r0x100C ] = iTemp21 [k27 lr40:41 so:0]{ ia0 a2p0 re0 rm0 nos0 ru0 dp0}{char register}[r0x100D ] - 0x1 {const-char literal}
009A   6C00           00309         DECAR   r0x100D
009B   5600           00310         MOVRA   r0x100C
                      00311 ;;[ICODE] ../../libsdcc_mc32l/_mullong.c:39:    if iTemp3 [k8 lr6:43 so:0]{ ia0 a2p0 re1 rm0 nos0 ru0 dp0}{unsigned-char fixed}{ sir@ __mullong_i_1_2}[r0x100C ] != 0 goto _forcontinue_0($14)
                      00312 ;       .line   39; "../../libsdcc_mc32l/_mullong.c"    for (i = 0; i < 8u; i++) {
009C   3C00           00313         MOVAI   0x00
009D   5C00           00314         ORAR    r0x100C
009E   E5B7           00315         JBSET   PFLAG,2
009F   2000 2300      00316         LGOTO   _00118_DS_
                      00317 ;;[ICODE] ../../libsdcc_mc32l/_mullong.c:49:    ret iTemp2 [k6 lr5:44 so:0]{ ia0 a2p0 re1 rm0 nos0 ru0 dp0}{long-int fixed}{ sir@ __mullong_result_1_2}[r0x1008 r0x1009 r0x100A r0x100B ]
                      00318 ;       .line   49; "../../libsdcc_mc32l/_mullong.c"    return result;
00A1   5800           00319         MOVAR   r0x1008
00A2   5600           00320         MOVRA   STK02
00A3   5800           00321         MOVAR   r0x1009
00A4   5600           00322         MOVRA   STK01
00A5   5800           00323         MOVAR   r0x100A
00A6   5600           00324         MOVRA   STK00
00A7   5800           00325         MOVAR   r0x100B
                      00326 ;;[ICODE] ../../libsdcc_mc32l/_mullong.c:49:  _return($15) :
                      00327 ;;[ICODE] ../../libsdcc_mc32l/_mullong.c:49:    eproc __mullong [k1 lr0:0 so:0]{ ia0 a2p0 re0 rm0 nos0 ru0 dp0}{long-int function ( long-int fixed, long-int fixed) fixed}
00A8   000C           00328         RETURN  
                      00329 ; exit point of __mullong
                      00330 
                      00331 
                      00332 ;       code size estimation:
                      00333 ;         164+    0 =   164 instructions (  328 byte)
                      00334 
                      00335         end
gpasm-2.0.0_beta2 (Nov  6 2017)_mullong.asm       2018-1-12  10:31:20          PAGE  2


SYMBOL TABLE
  LABEL                             VALUE

ADCHS0                            00000004
ADCHS1                            00000005
ADCHS2                            00000006
ADCHS3                            00000007
ADCKS0                            00000002
ADCKS1                            00000003
ADCR0                             000001E8
ADCR1                             000001E9
ADCR2                             000001EA
ADDRH                             000001EC
ADDRL                             000001ED
ADEOC                             00000001
ADIE                              00000007
ADIF                              00000007
ADIOS0                            00000000
ADIOS1                            00000001
ADIOS2                            00000002
ADIOS3                            00000003
ADIOS4                            00000004
ADIOS5                            00000005
ADIOS6                            00000006
ADIOS7                            00000007
ADON                              00000000
C                                 00000000
CLKS                              00000002
CSEL0                             00000000
CSEL1                             00000001
DC                                00000001
DKW                               000001F4
DKWE                              00000007
DKWP0                             000001C3
DRVS                              00000001
DSELEN                            00000000
FILS                              00000003
FLCD0                             00000000
FLCD1                             00000001
FPWMA0                            00000002
FPWMA1                            00000003
FPWMB0                            00000000
FPWMB1                            00000001
FPWMEN                            00000007
FPWMS                             00000004
FSEL0                             00000002
FSEL1                             00000003
FSR0                              000001B4
FSR00                             00000000
FSR01                             00000001
FSR02                             00000002
FSR03                             00000003
FSR04                             00000004
FSR05                             00000005
FSR06                             00000006
FSR07                             00000007
FSR1                              000001B5
FSR10                             00000000
FSR11                             00000001
FSR12                             00000002
FSR13                             00000003
FSR14                             00000004
FSR15                             00000005
FSR16                             00000006
FSR17                             00000007
GIE                               00000007
HFEN                              00000000
HIBYTE                            000001B3
HIBYTE0                           00000000
HIBYTE1                           00000001
HIBYTE2                           00000002
HIBYTE3                           00000003
HIBYTE4                           00000004
HIBYTE5                           00000005
HIBYTE6                           00000006
HIBYTE7                           00000007
INDF0                             000001B0
INDF00                            00000000
INDF01                            00000001
INDF02                            00000002
INDF03                            00000003
INDF04                            00000004
INDF05                            00000005
INDF06                            00000006
INDF07                            00000007
INDF1                             000001B1
INDF10                            00000000
INDF11                            00000001
INDF12                            00000002
INDF13                            00000003
INDF14                            00000004
INDF15                            00000005
INDF16                            00000006
INDF17                            00000007
INDF2                             000001B2
INDF20                            00000000
INDF21                            00000001
INDF22                            00000002
INDF23                            00000003
INDF24                            00000004
INDF25                            00000005
INDF26                            00000006
INDF27                            00000007
INDF3                             000001B9
INDF30                            00000000
INDF31                            00000001
INDF32                            00000002
INDF33                            00000003
INDF34                            00000004
INDF35                            00000005
INDF36                            00000006
INDF37                            00000007
INT0IE                            00000002
INT0IF                            00000002
INT1IE                            00000003
INT1IF                            00000003
INTE                              000001BA
INTF                              000001BB
IOP0                              000001C0
IOP1                              000001C4
IOP2                              000001C8
IOP3                              000001CC
IOP4                              000001D0
IOP5                              000001D4
IRIN                              00000007
IROS                              00000006
IROT                              00000005
KBCR                              000001F5
KBCR0                             00000000
KBCR1                             00000001
KBCR2                             00000002
KBCR3                             00000003
KBCR4                             00000004
KBCR5                             00000005
KBCR6                             00000006
KBCR7                             00000007
KBIE                              00000004
KBIF                              00000004
LCDCKS                            00000002
LCDCR0                            000001F2
LCDCR1                            000001F3
LCDDRV                            000001F6
LCDDRVP06                         00000000
LCDDRVP22                         00000001
LCDDRVP23                         00000002
LCDDS00                           00000100
LCDDS01                           00000101
LCDDS02                           00000102
LCDDS03                           00000103
LCDDS04                           00000104
LCDDS05                           00000105
LCDDS06                           00000106
LCDDS07                           00000107
LCDDS08                           00000108
LCDDS09                           00000109
LCDDS10                           0000010A
LCDDS11                           0000010B
LCDDS12                           0000010C
LCDDS13                           0000010D
LCDDS14                           0000010E
LCDDS15                           0000010F
LCDDS16                           00000110
LCDDS17                           00000111
LCDDS18                           00000112
LCDDS19                           00000113
LCDDS20                           00000114
LCDDS21                           00000115
LCDDS22                           00000116
LCDDS23                           00000117
LCDDS24                           00000118
LCDDS25                           00000119
LCDDS26                           0000011A
LCDDS27                           0000011B
LCDDS28                           0000011C
LCDDS29                           0000011D
LCDDUTY                           00000004
LCDEN                             00000007
LCDIOSP1                          000001C7
LCDIOSP10                         00000000
LCDIOSP11                         00000001
LCDIOSP12                         00000002
LCDIOSP13                         00000003
LCDIOSP14                         00000004
LCDIOSP15                         00000005
LCDIOSP16                         00000006
LCDIOSP17                         00000007
LCDIOSP2                          000001CB
LCDIOSP20                         00000000
LCDIOSP21                         00000001
LCDIOSP22                         00000002
LCDIOSP23                         00000003
LCDIOSP24                         00000004
LCDIOSP25                         00000005
LCDIOSP26                         00000006
LCDIOSP27                         00000007
LCDIOSP3                          000001CF
LCDIOSP30                         00000000
LCDIOSP31                         00000001
LCDIOSP32                         00000002
LCDIOSP33                         00000003
LCDIOSP34                         00000004
LCDIOSP35                         00000005
LCDIOSP36                         00000006
LCDIOSP37                         00000007
LCDIOSP4                          000001D3
LCDIOSP40                         00000000
LCDIOSP41                         00000001
LCDIOSP42                         00000002
LCDIOSP43                         00000003
LCDIOSP44                         00000004
LCDIOSP45                         00000005
LCDIOSP46                         00000006
LCDIOSP47                         00000007
LCDIOSP5                          000001D7
LCDIOSP50                         00000000
LCDIOSP51                         00000001
LCDM                              00000003
LCDRS0                            00000000
LCDRS1                            00000001
LCDSP0                            00000005
LCDSP1                            00000006
LCDSPEED                          00000002
LFEN                              00000001
LPEN0                             00000000
LPEN1                             00000001
LPEN2                             00000002
LVDCR                             000001BD
LVDEN                             00000007
LVDF                              00000000
LVDIE                             00000005
LVDIF                             00000005
LVDS0                             00000003
LVDS1                             00000004
LVDS2                             00000005
LVDS3                             00000006
LXTCR                             000001BE
MCR                               000001B8
MINT00                            00000000
MINT01                            00000001
MINT10                            00000002
MINT11                            00000003
OEP0                              000001C1
OEP1                              000001C5
OEP2                              000001C9
OEP3                              000001CD
OEP4                              000001D1
OEP5                              000001D5
OPAE                              00000007
OPAM                              00000006
OPCR0                             000001F0
OPCR1                             000001F1
OPFC0                             00000000
OPFC1                             00000001
OPFC2                             00000002
OPFC3                             00000003
OPFC4                             00000004
OPFC5                             00000005
OSCM                              000001BC
P00D                              00000000
P00DKW                            00000000
P00OE                             00000000
P00PU                             00000000
P01D                              00000001
P01DKW                            00000001
P01OE                             00000001
P01PU                             00000001
P02D                              00000002
P02DKW                            00000002
P02OE                             00000002
P02PU                             00000002
P03D                              00000003
P03DKW                            00000003
P03OE                             00000003
P03PU                             00000003
P04D                              00000004
P04DKW                            00000004
P04OE                             00000004
P04PU                             00000004
P05D                              00000005
P05DKW                            00000005
P05OE                             00000005
P05PU                             00000005
P06D                              00000006
P06DKW                            00000006
P06OE                             00000006
P06PU                             00000006
P07D                              00000007
P07DKW                            00000007
P07OE                             00000007
P07PU                             00000007
P10D                              00000000
P10OE                             00000000
P10PU                             00000000
P11D                              00000001
P11OE                             00000001
P11PU                             00000001
P12D                              00000002
P12OE                             00000002
P12PU                             00000002
P13D                              00000003
P13OE                             00000003
P13PU                             00000003
P14D                              00000004
P14OE                             00000004
P14PU                             00000004
P15D                              00000005
P15OE                             00000005
P15PU                             00000005
P16D                              00000006
P16OE                             00000006
P16PU                             00000006
P17D                              00000007
P17OE                             00000007
P17PU                             00000007
P20D                              00000000
P20OE                             00000000
P20PU                             00000000
P21D                              00000001
P21OE                             00000001
P21PU                             00000001
P22D                              00000002
P22OE                             00000002
P22PU                             00000002
P23D                              00000003
P23OE                             00000003
P23PU                             00000003
P24D                              00000004
P24OE                             00000004
P24PU                             00000004
P25D                              00000005
P25OE                             00000005
P25PU                             00000005
P26D                              00000006
P26OE                             00000006
P26PU                             00000006
P27D                              00000007
P27OE                             00000007
P27PU                             00000007
P30D                              00000000
P30OE                             00000000
P30PU                             00000000
P31D                              00000001
P31OE                             00000001
P31PU                             00000001
P32D                              00000002
P32OE                             00000002
P32PU                             00000002
P33D                              00000003
P33OE                             00000003
P33PU                             00000003
P34D                              00000004
P34OE                             00000004
P34PU                             00000004
P35D                              00000005
P35OE                             00000005
P35PU                             00000005
P36D                              00000006
P36OE                             00000006
P36PU                             00000006
P37D                              00000007
P37OE                             00000007
P37PU                             00000007
P40D                              00000000
P40OE                             00000000
P40PU                             00000000
P41D                              00000001
P41OE                             00000001
P41PU                             00000001
P42D                              00000002
P42OE                             00000002
P42PU                             00000002
P43D                              00000003
P43OE                             00000003
P43PU                             00000003
P44D                              00000004
P44OE                             00000004
P44PU                             00000004
P45D                              00000005
P45OE                             00000005
P45PU                             00000005
P46D                              00000006
P46OE                             00000006
P46PU                             00000006
P47D                              00000007
P47OE                             00000007
P47PU                             00000007
P50D                              00000000
P50OE                             00000000
P50PU                             00000000
P51D                              00000001
P51OE                             00000001
P51PU                             00000001
P52D                              00000002
P52OE                             00000002
P52PU                             00000002
P53D                              00000003
P53OE                             00000003
P53PU                             00000003
P54D                              00000004
P54OE                             00000004
P55D                              00000005
P55OE                             00000005
P55PU                             00000005
PC0                               00000000
PC1                               00000001
PC2                               00000002
PC3                               00000003
PC4                               00000004
PC5                               00000005
PC6                               00000006
PC7                               00000007
PCL                               000001B6
PD                                00000004
PFLAG                             000001B7
PUP0                              000001C2
PUP1                              000001C6
PUP2                              000001CA
PUP3                              000001CE
PUP4                              000001D2
PUP5                              000001D6
PWMEN                             00000006
RSEL                              00000002
STBH                              00000004
STBL                              00000005
STK00                             00000000
STK01                             00000000
STK02                             00000000
STK03                             00000000
STK04                             00000000
STK05                             00000000
STK06                             00000000
T0CR0                             000001D8
T0CR1                             000001D9
T0DATAH                           000001DE
T0DATAH0                          00000000
T0DATAH1                          00000001
T0DATAH2                          00000002
T0DATAH3                          00000003
T0DATAH4                          00000004
T0DATAH5                          00000005
T0DATAH6                          00000006
T0DATAH7                          00000007
T0DATAL                           000001DF
T0DATAL0                          00000000
T0DATAL1                          00000001
T0DATAL2                          00000002
T0DATAL3                          00000003
T0DATAL4                          00000004
T0DATAL5                          00000005
T0DATAL6                          00000006
T0DATAL7                          00000007
T0IE                              00000000
T0IF                              00000000
T0LATFH                           000001E2
T0LATFH0                          00000000
T0LATFH1                          00000001
T0LATFH2                          00000002
T0LATFH3                          00000003
T0LATFH4                          00000004
T0LATFH5                          00000005
T0LATFH6                          00000006
T0LATFH7                          00000007
T0LATFL                           000001E3
T0LATFL0                          00000000
T0LATFL1                          00000001
T0LATFL2                          00000002
T0LATFL3                          00000003
T0LATFL4                          00000004
T0LATFL5                          00000005
T0LATFL6                          00000006
T0LATFL7                          00000007
T0LATRH                           000001E0
T0LATRH0                          00000000
T0LATRH1                          00000001
T0LATRH2                          00000002
T0LATRH3                          00000003
T0LATRH4                          00000004
T0LATRH5                          00000005
T0LATRH6                          00000006
T0LATRH7                          00000007
T0LATRL                           000001E1
T0LATRL0                          00000000
T0LATRL1                          00000001
T0LATRL2                          00000002
T0LATRL3                          00000003
T0LATRL4                          00000004
T0LATRL5                          00000005
T0LATRL6                          00000006
T0LATRL7                          00000007
T0LOADH                           000001DC
T0LOADL                           000001DD
T0LOADL0                          00000000
T0LOADL1                          00000001
T0LOADL2                          00000002
T0LOADL3                          00000003
T0LOADL4                          00000004
T0LOADL5                          00000005
T0LOADL6                          00000006
T0LOADL7                          00000007
T0MOD0                            00000005
T0MOD1                            00000006
T0PR0                             00000000
T0PR1                             00000001
T0PR2                             00000002
T0PTS0                            00000003
T0PTS1                            00000004
T0RF                              00000006
T1CR                              000001E4
T1DATA                            000001E5
T1DATA0                           00000000
T1DATA1                           00000001
T1DATA2                           00000002
T1DATA3                           00000003
T1DATA4                           00000004
T1DATA5                           00000005
T1DATA6                           00000006
T1DATA7                           00000007
T1IE                              00000001
T1IF                              00000001
T1LOAD                            000001E6
T1LOAD0                           00000000
T1LOAD1                           00000001
T1LOAD2                           00000002
T1LOAD3                           00000003
T1LOAD4                           00000004
T1LOAD5                           00000005
T1LOAD6                           00000006
T1LOAD7                           00000007
T1MOD0                            00000005
T1MOD1                            00000006
T1PR0                             00000000
T1PR1                             00000001
T1PR2                             00000002
T1PTS0                            00000003
T1PTS1                            00000004
TC0EN                             00000007
TC1EN                             00000007
TO                                00000005
VDLSEL                            00000004
VLCDS                             00000003
VREFRES                           00000001
VREXT                             00000000
VSEL                              00000006
WSEL0                             00000003
WSEL1                             00000004
Z                                 00000002
_00109_DS_                        00000026
_00112_DS_                        00000045
_00114_DS_                        00000082
_00115_DS_                        00000064
_00118_DS_                        00000015
_CONFIG0                          00008000
_CONFIG1                          00008001
__33P116                          00000001
__mullong                         00000000
r0x1000                           00000003
r0x1001                           00000002
r0x1002                           00000001
r0x1003                           00000000
r0x1004                           00000007
r0x1005                           00000006
r0x1006                           00000005
r0x1007                           00000004
r0x1008                           00000008
r0x1009                           00000009
r0x100A                           0000000A
r0x100B                           0000000B
r0x100C                           0000000C
r0x100D                           0000000D
r0x100E                           0000000E
r0x100F                           0000000F
r0x1010                           00000010

Errors   :     0
Warnings :     0 reported,     0 suppressed
Messages :     0 reported,     0 suppressed

