gpasm-2.0.0_beta2 (Nov  6 2017)fs2ulong.asm       2018-1-11  15:10:22          PAGE  1


LOC  OBJECT CODE     LINE SOURCE TEXT
  VALUE

                      00001 ;--------------------------------------------------------
                      00002 ; File Created by SN-SDCC : SinoMCU ANSI-C Compiler
                      00003 ; Version 1.1.0 (Dec 19 2017) (MINGW32)
                      00004 ; This file was generated Thu Jan 11 15:10:22 2018
                      00005 ;--------------------------------------------------------
                      00006 ; MC32 port for the RISC core
                      00007 ;--------------------------------------------------------
                      00008 ;       .file   "../../libsdcc_mc32l/fs2ulong.c"
                      00009         list    p=3316
                      00010         radix dec
                      00011         include "3316.inc"
                      00001                 LIST
                      00002 ;mc32p5314.inc    Standard Header File, Version 1.00 by Sinomcu
                      00772                 LIST
                      00012 ;--------------------------------------------------------
                      00013 ; external declarations
                      00014 ;--------------------------------------------------------
                      00015         extern  ___uchar2fs
                      00016         extern  ___schar2fs
                      00017         extern  ___uint2fs
                      00018         extern  ___sint2fs
                      00019         extern  ___ulong2fs
                      00020         extern  ___slong2fs
                      00021         extern  ___fs2uchar
                      00022         extern  ___fs2schar
                      00023         extern  ___fs2uint
                      00024         extern  ___fs2sint
                      00025         extern  ___fs2slong
                      00026         extern  ___fsadd
                      00027         extern  ___fssub
                      00028         extern  ___fsmul
                      00029         extern  ___fsdiv
                      00030         extern  ___fslt
                      00031         extern  ___fseq
                      00032         extern  ___fsneq
                      00033         extern  ___fsgt
                      00034 
                      00035         extern STK06
                      00036         extern STK05
                      00037         extern STK04
                      00038         extern STK03
                      00039         extern STK02
                      00040         extern STK01
                      00041         extern STK00
                      00042 ;--------------------------------------------------------
                      00043 ; global declarations
                      00044 ;--------------------------------------------------------
                      00045         global  ___fs2ulong
                      00046 
                      00047 ;--------------------------------------------------------
                      00048 ; global definitions
                      00049 ;--------------------------------------------------------
                      00050 ;--------------------------------------------------------
                      00051 ; absolute symbol definitions
                      00052 ;--------------------------------------------------------
                      00053 ;--------------------------------------------------------
                      00054 ; compiler-defined variables
                      00055 ;--------------------------------------------------------
                      00056 UDL_fs2ulong_0  udata
0000                  00057 r0x1007 res     1
0000                  00058 r0x1006 res     1
0001                  00059 r0x1005 res     1
0001                  00060 r0x1004 res     1
0002                  00061 r0x1008 res     1
0002                  00062 r0x1009 res     1
0003                  00063 r0x100A res     1
0003                  00064 r0x100B res     1
0004                  00065 r0x100C res     1
0004                  00066 r0x100D res     1
0005                  00067 r0x100E res     1
0005                  00068 r0x100F res     1
0006                  00069 ___fs2ulong_fl1_1_22    res     4
                      00070 ;--------------------------------------------------------
                      00071 ; initialized data
                      00072 ;--------------------------------------------------------
                      00073 
                      00074 ;@Allocation info for local variables in function '__fs2ulong'
                      00075 ;@__fs2ulong __uchar2fs                Allocated to registers ;size:2
                      00076 ;@__fs2ulong __schar2fs                Allocated to registers ;size:2
                      00077 ;@__fs2ulong __uint2fs                 Allocated to registers ;size:2
                      00078 ;@__fs2ulong __sint2fs                 Allocated to registers ;size:2
                      00079 ;@__fs2ulong __ulong2fs                Allocated to registers ;size:2
                      00080 ;@__fs2ulong __slong2fs                Allocated to registers ;size:2
                      00081 ;@__fs2ulong __fs2uchar                Allocated to registers ;size:2
                      00082 ;@__fs2ulong __fs2schar                Allocated to registers ;size:2
                      00083 ;@__fs2ulong __fs2uint                 Allocated to registers ;size:2
                      00084 ;@__fs2ulong __fs2sint                 Allocated to registers ;size:2
                      00085 ;@__fs2ulong __fs2slong                Allocated to registers ;size:2
                      00086 ;@__fs2ulong __fsadd                   Allocated to registers ;size:2
                      00087 ;@__fs2ulong __fssub                   Allocated to registers ;size:2
                      00088 ;@__fs2ulong __fsmul                   Allocated to registers ;size:2
                      00089 ;@__fs2ulong __fsdiv                   Allocated to registers ;size:2
                      00090 ;@__fs2ulong __fslt                    Allocated to registers ;size:2
                      00091 ;@__fs2ulong __fseq                    Allocated to registers ;size:2
                      00092 ;@__fs2ulong __fsneq                   Allocated to registers ;size:2
                      00093 ;@__fs2ulong __fsgt                    Allocated to registers ;size:2
                      00094 ;@__fs2ulong a1                        Allocated to registers r0x1007 r0x1006 r0x1005 r0x1004 ;size:4
                      00095 ;@__fs2ulong fl1                       Allocated to registers ;size:4
                      00096 ;@__fs2ulong exp                       Allocated to registers r0x1007 r0x1008 ;size:2
                      00097 ;@__fs2ulong l                         Allocated to registers r0x1009 r0x100A r0x100B r0x100C ;size:4
                      00098 ;@end Allocation info for local variables in function '__fs2ulong';
                      00099 
                      00100 ;--------------------------------------------------------
                      00101 ; overlayable items in internal ram 
                      00102 ;--------------------------------------------------------
                      00103 ;       udata_ovr
                      00104 ;--------------------------------------------------------
                      00105 ; code
                      00106 ;--------------------------------------------------------
                      00107 code_fs2ulong   code
                      00108 ;***
                      00109 ;  pBlock Stats: dbName = C
                      00110 ;***
                      00111 ;entry:  ___fs2ulong    ;Function start
                      00112 ; 2 exit points
                      00113 ;has an exit
                      00114 ;16 compiler assigned registers:
                      00115 ;   r0x1004
                      00116 ;   STK00
                      00117 ;   r0x1005
                      00118 ;   STK01
                      00119 ;   r0x1006
                      00120 ;   STK02
                      00121 ;   r0x1007
                      00122 ;   r0x1008
                      00123 ;   r0x1009
                      00124 ;   r0x100A
                      00125 ;   r0x100B
                      00126 ;   r0x100C
                      00127 ;   r0x100D
                      00128 ;   r0x100E
                      00129 ;   r0x100F
                      00130 ;   r0x1010
                      00131 ;; Starting pCode block
                      00132 ;;[ICODE] ../../libsdcc_mc32l/fs2ulong.c:55:  _entry($5) :
                      00133 ;;[ICODE] ../../libsdcc_mc32l/fs2ulong.c:55:    proc ___fs2ulong [k1 lr0:0 so:0]{ ia0 a2p0 re0 rm0 nos0 ru0 dp0}{unsigned-long-int function ( float fixed) fixed}
0000                  00134 ___fs2ulong     ;Function start
                      00135 ; 2 exit points
                      00136 ;;[ICODE] ../../libsdcc_mc32l/fs2ulong.c:55: iTemp0 [k2 lr3:5 so:0]{ ia0 a2p0 re1 rm0 nos0 ru0 dp0}{float fixed}{ sir@ ___fs2ulong_a1_1_21}[r0x1000 r0x1001 r0x1002 r0x1003 ] = recv ___fs2ulong [k1 lr0:0 so:0]{ ia0 a2p0 re0 rm0 nos0 ru0 dp0}{unsigned-long-int function ( float fixed) fixed}
                      00137 ;       .line   55; "../../libsdcc_mc32l/fs2ulong.c"    unsigned long __fs2ulong (float a1) _FS_REENTRANT
0000   5600           00138         MOVRA   r0x1004
0001   5800           00139         MOVAR   STK00
0002   5600           00140         MOVRA   r0x1005
0003   5800           00141         MOVAR   STK01
0004   5600           00142         MOVRA   r0x1006
0005   5800           00143         MOVAR   STK02
0006   5600           00144         MOVRA   (___fs2ulong_fl1_1_22 + 0)
0007   5600           00145         MOVRA   r0x1007
                      00146 ;;[ICODE] ../../libsdcc_mc32l/fs2ulong.c:61:    iTemp1 [k5 lr4:5 so:0]{ ia0 a2p0 re0 rm1 nos0 ru0 dp0}{volatile-float near* fixed}[remat] = &[___fs2ulong_fl1_1_22 [k4 lr0:0 so:0]{ ia0 a2p0 re0 rm0 nos0 ru0 dp0}{volatile-struct float_long fixed}]
                      00147 ;;[ICODE] ../../libsdcc_mc32l/fs2ulong.c:61:    *(iTemp1 [k5 lr4:5 so:0]{ ia1 a2p0 re0 rm1 nos0 ru0 dp0}{volatile-float near* fixed}[remat]) := iTemp0 [k2 lr3:5 so:0]{ ia0 a2p0 re1 rm0 nos0 ru0 dp0}{float fixed}{ sir@ ___fs2ulong_a1_1_21}[r0x1000 r0x1001 r0x1002 r0x1003 ]
                      00148 ;;gen.c:6374: size=3/4, offset=0, AOP_TYPE(res)=8
                      00149 ;;110   MOVAR   r0x1007
                      00150 ;;gen.c:6374: size=2/4, offset=1, AOP_TYPE(res)=8
                      00151 ;       .line   61; "../../libsdcc_mc32l/fs2ulong.c"    fl1.f = a1;
0008   5800           00152         MOVAR   r0x1006
0009   5600           00153         MOVRA   (___fs2ulong_fl1_1_22 + 1)
                      00154 ;;gen.c:6374: size=1/4, offset=2, AOP_TYPE(res)=8
000A   5800           00155         MOVAR   r0x1005
000B   5600           00156         MOVRA   (___fs2ulong_fl1_1_22 + 2)
                      00157 ;;gen.c:6374: size=0/4, offset=3, AOP_TYPE(res)=8
000C   5800           00158         MOVAR   r0x1004
000D   5600           00159         MOVRA   (___fs2ulong_fl1_1_22 + 3)
                      00160 ;;[ICODE] ../../libsdcc_mc32l/fs2ulong.c:63:    iTemp3 [k8 lr6:7 so:0]{ ia0 a2p0 re0 rm1 nos0 ru0 dp0}{volatile-long-int near* fixed}[remat] = &[___fs2ulong_fl1_1_22 [k4 lr0:0 so:0]{ ia0 a2p0 re0 rm0 nos0 ru0 dp0}{volatile-struct float_long fixed}]
                      00161 ;;[ICODE] ../../libsdcc_mc32l/fs2ulong.c:63:    iTemp5 [k11 lr7:8 so:0]{ ia0 a2p0 re0 rm0 nos0 ru0 dp0}{volatile-long-int fixed}[r0x1000 r0x1001 r0x1002 r0x1003 ] = @[iTemp3 [k8 lr6:7 so:0]{ ia1 a2p0 re0 rm1 nos0 ru0 dp0}{volatile-long-int near* fixed}[remat] + 0x0 {const-unsigned-char literal}]
                      00162 ;       .line   63; "../../libsdcc_mc32l/fs2ulong.c"    if (!fl1.l || SIGN(fl1.l))
000E   5800           00163         MOVAR   (___fs2ulong_fl1_1_22 + 0)
000F   5600           00164         MOVRA   r0x1007
0010   5800           00165         MOVAR   (___fs2ulong_fl1_1_22 + 1)
0011   5600           00166         MOVRA   r0x1006
0012   5800           00167         MOVAR   (___fs2ulong_fl1_1_22 + 2)
0013   5600           00168         MOVRA   r0x1005
0014   5800           00169         MOVAR   (___fs2ulong_fl1_1_22 + 3)
0015   5600           00170         MOVRA   r0x1004
                      00171 ;;[ICODE] ../../libsdcc_mc32l/fs2ulong.c:63:    if iTemp5 [k11 lr7:8 so:0]{ ia0 a2p0 re0 rm0 nos0 ru0 dp0}{volatile-long-int fixed}[r0x1000 r0x1001 r0x1002 r0x1003 ] == 0 goto _iftrue_0($1)
0016   5800           00172         MOVAR   r0x1007
0017   5C00           00173         ORAR    r0x1006
0018   5C00           00174         ORAR    r0x1005
0019   5C00           00175         ORAR    r0x1004
001A   F5B7           00176         JBCLR   PFLAG,2
001B   2000 2300      00177         LGOTO   _00105_DS_
                      00178 ;;[ICODE] ../../libsdcc_mc32l/fs2ulong.c:63:    iTemp6 [k12 lr9:10 so:0]{ ia0 a2p0 re0 rm1 nos0 ru0 dp0}{volatile-long-int near* fixed}[remat] = &[___fs2ulong_fl1_1_22 [k4 lr0:0 so:0]{ ia0 a2p0 re0 rm0 nos0 ru0 dp0}{volatile-struct float_long fixed}]
                      00179 ;;[ICODE] ../../libsdcc_mc32l/fs2ulong.c:63:    iTemp8 [k15 lr10:11 so:0]{ ia0 a2p0 re0 rm0 nos0 ru0 dp0}{volatile-long-int fixed}[r0x1000 r0x1001 r0x1002 r0x1003 ] = @[iTemp6 [k12 lr9:10 so:0]{ ia1 a2p0 re0 rm1 nos0 ru0 dp0}{volatile-long-int near* fixed}[remat] + 0x0 {const-unsigned-char literal}]
001D   5800           00180         MOVAR   (___fs2ulong_fl1_1_22 + 0)
001E   5600           00181         MOVRA   r0x1008
001F   5600           00182         MOVRA   r0x1007
0020   5800           00183         MOVAR   (___fs2ulong_fl1_1_22 + 1)
0021   5600           00184         MOVRA   r0x1009
0022   5600           00185         MOVRA   r0x1006
0023   5800           00186         MOVAR   (___fs2ulong_fl1_1_22 + 2)
0024   5600           00187         MOVRA   r0x100A
0025   5600           00188         MOVRA   r0x1005
0026   5800           00189         MOVAR   (___fs2ulong_fl1_1_22 + 3)
0027   5600           00190         MOVRA   r0x100B
0028   5600           00191         MOVRA   r0x1004
                      00192 ;;[ICODE] ../../libsdcc_mc32l/fs2ulong.c:63:    iTemp9 [k16 lr11:12 so:0]{ ia0 a2p0 re0 rm0 nos0 ru0 dp0}{unsigned-long-int fixed}[r0x1004 r0x1005 r0x1006 r0x1007 ] = (unsigned-long-int fixed)iTemp8 [k15 lr10:11 so:0]{ ia0 a2p0 re0 rm0 nos0 ru0 dp0}{volatile-long-int fixed}[r0x1000 r0x1001 r0x1002 r0x1003 ]
                      00193 ;;109   MOVAR   r0x1007
                      00194 ;;100   MOVAR   r0x1006
                      00195 ;;101   MOVAR   r0x1005
                      00196 ;;102   MOVAR   r0x1004
                      00197 ;;[ICODE] ../../libsdcc_mc32l/fs2ulong.c:63:    iTemp10 [k17 lr12:13 so:0]{ ia0 a2p0 re0 rm0 nos0 ru0 dp0}{char fixed}[r0x1000 ] = gabit iTemp9 [k16 lr11:12 so:0]{ ia0 a2p0 re0 rm0 nos0 ru0 dp0}{unsigned-long-int fixed}[r0x1004 r0x1005 r0x1006 r0x1007 ]
0029   5800           00198         MOVAR   r0x100B
002A   3E80           00199         ANDAI   0x80
002B   E5B7           00200         JBSET   PFLAG,2
002C   3C01           00201         MOVAI   0x01
002D   5600           00202         MOVRA   r0x1007
                      00203 ;;[ICODE] ../../libsdcc_mc32l/fs2ulong.c:63:    if iTemp10 [k17 lr12:13 so:0]{ ia0 a2p0 re0 rm0 nos0 ru0 dp0}{char fixed}[r0x1000 ] == 0 goto _iffalse_0($2)
002E   3C00           00204         MOVAI   0x00
002F   5C00           00205         ORAR    r0x1007
0030   F5B7           00206         JBCLR   PFLAG,2
0031   2000 2300      00207         LGOTO   _00106_DS_
                      00208 ;;[ICODE] ../../libsdcc_mc32l/fs2ulong.c:63:  _iftrue_0($1) :
                      00209 ;;[ICODE] ../../libsdcc_mc32l/fs2ulong.c:64:    ret 0x0 {unsigned-long-int literal}
0033                  00210 _00105_DS_
                      00211 ;       .line   64; "../../libsdcc_mc32l/fs2ulong.c"    return (0);
0033   3C00           00212         MOVAI   0x00
0034   5600           00213         MOVRA   STK02
0035   3C00           00214         MOVAI   0x00
0036   5600           00215         MOVRA   STK01
0037   3C00           00216         MOVAI   0x00
0038   5600           00217         MOVRA   STK00
0039   3C00           00218         MOVAI   0x00
003A   2000 2300      00219         LGOTO   _00108_DS_
                      00220 ;;[ICODE] ../../libsdcc_mc32l/fs2ulong.c:64:  _iffalse_0($2) :
                      00221 ;;[ICODE] ../../libsdcc_mc32l/fs2ulong.c:66:    iTemp12 [k20 lr17:18 so:0]{ ia0 a2p0 re0 rm1 nos0 ru0 dp0}{volatile-long-int near* fixed}[remat] = &[___fs2ulong_fl1_1_22 [k4 lr0:0 so:0]{ ia0 a2p0 re0 rm0 nos0 ru0 dp0}{volatile-struct float_long fixed}]
                      00222 ;;[ICODE] ../../libsdcc_mc32l/fs2ulong.c:66:    iTemp14 [k23 lr18:19 so:0]{ ia0 a2p0 re0 rm0 nos0 ru0 dp0}{volatile-long-int fixed}[r0x1000 r0x1004 r0x1005 r0x1006 ] = @[iTemp12 [k20 lr17:18 so:0]{ ia1 a2p0 re0 rm1 nos0 ru0 dp0}{volatile-long-int near* fixed}[remat] + 0x0 {const-unsigned-char literal}]
003C                  00223 _00106_DS_
                      00224 ;       .line   66; "../../libsdcc_mc32l/fs2ulong.c"    exp = EXP (fl1.l) - EXCESS - 24;
003C   5800           00225         MOVAR   (___fs2ulong_fl1_1_22 + 0)
003D   5600           00226         MOVRA   r0x100B
003E   5600           00227         MOVRA   r0x1007
003F   5800           00228         MOVAR   (___fs2ulong_fl1_1_22 + 1)
0040   5600           00229         MOVRA   r0x100C
0041   5600           00230         MOVRA   r0x1008
0042   5800           00231         MOVAR   (___fs2ulong_fl1_1_22 + 2)
0043   5600           00232         MOVRA   r0x1009
0044   5800           00233         MOVAR   (___fs2ulong_fl1_1_22 + 3)
0045   5600           00234         MOVRA   r0x100E
0046   5600           00235         MOVRA   r0x100A
                      00236 ;;[ICODE] ../../libsdcc_mc32l/fs2ulong.c:66:    iTemp15 [k24 lr19:20 so:0]{ ia0 a2p0 re0 rm0 nos0 ru0 dp0}{unsigned-long-int fixed}[r0x1007 r0x1008 r0x1009 r0x100A ] = (unsigned-long-int fixed)iTemp14 [k23 lr18:19 so:0]{ ia0 a2p0 re0 rm0 nos0 ru0 dp0}{volatile-long-int fixed}[r0x1000 r0x1004 r0x1005 r0x1006 ]
                      00237 ;;107   MOVAR   r0x1007
                      00238 ;;103   MOVAR   r0x1008
0047   5800           00239         MOVAR   r0x1009
0048   5600           00240         MOVRA   r0x100D
                      00241 ;;108   MOVAR   r0x100A
                      00242 ;;[ICODE] ../../libsdcc_mc32l/fs2ulong.c:66:    iTemp16 [k25 lr20:21 so:0]{ ia0 a2p0 re0 rm0 nos0 ru0 dp0}{unsigned-long-int fixed}[r0x1000 r0x1004 r0x1005 r0x1006 ] = iTemp15 [k24 lr19:20 so:0]{ ia0 a2p0 re0 rm0 nos0 ru0 dp0}{unsigned-long-int fixed}[r0x1007 r0x1008 r0x1009 r0x100A ] >> 0x17 {const-unsigned-char literal}
0049   5000           00243         RLAR    r0x100D
004A   5000           00244         RLAR    r0x100E
004B   5600           00245         MOVRA   r0x100B
004C   5600           00246         MOVRA   r0x1007
004D   7600           00247         CLRR    r0x1008
004E   5200           00248         RLR     r0x1008
004F   7600           00249         CLRR    r0x1009
0050   7600           00250         CLRR    r0x100A
                      00251 ;;[ICODE] ../../libsdcc_mc32l/fs2ulong.c:66:    iTemp17 [k26 lr21:22 so:0]{ ia0 a2p0 re0 rm0 nos0 ru0 dp0}{unsigned-long-int fixed}[r0x1007 r0x1008 r0x1009 r0x100A ] = iTemp16 [k25 lr20:21 so:0]{ ia0 a2p0 re0 rm0 nos0 ru0 dp0}{unsigned-long-int fixed}[r0x1000 r0x1004 r0x1005 r0x1006 ] & 0xff {unsigned-long-int literal}
                      00252 ;;99    MOVAR   r0x1007
0051   7600           00253         CLRR    r0x100C
0052   7600           00254         CLRR    r0x100D
0053   7600           00255         CLRR    r0x100E
                      00256 ;;[ICODE] ../../libsdcc_mc32l/fs2ulong.c:66:    iTemp18 [k27 lr22:23 so:0]{ ia0 a2p0 re0 rm0 nos0 ru0 dp0}{unsigned-long-int fixed}[r0x1007 r0x1008 r0x1009 r0x100A ] = iTemp17 [k26 lr21:22 so:0]{ ia0 a2p0 re0 rm0 nos0 ru0 dp0}{unsigned-long-int fixed}[r0x1007 r0x1008 r0x1009 r0x100A ] - 0x96 {unsigned-long-int literal}
0054   3C6A           00257         MOVAI   0x6a
0055   7E00           00258         ADDRA   r0x100B
0056   3CFF           00259         MOVAI   0xff
0057   E1B7           00260         JBSET   PFLAG,0
0058   7E00           00261         ADDRA   r0x100C
0059   3CFF           00262         MOVAI   0xff
005A   E1B7           00263         JBSET   PFLAG,0
005B   7E00           00264         ADDRA   r0x100D
005C   3CFF           00265         MOVAI   0xff
005D   E1B7           00266         JBSET   PFLAG,0
005E   7E00           00267         ADDRA   r0x100E
                      00268 ;;[ICODE] ../../libsdcc_mc32l/fs2ulong.c:66:    iTemp11 [k18 lr23:31 so:0]{ ia0 a2p0 re1 rm0 nos0 ru0 dp0}{int fixed}{ sir@ ___fs2ulong_exp_1_22}[r0x1000 r0x1004 ] = (int fixed)iTemp18 [k27 lr22:23 so:0]{ ia0 a2p0 re0 rm0 nos0 ru0 dp0}{unsigned-long-int fixed}[r0x1007 r0x1008 r0x1009 r0x100A ]
005F   5800           00269         MOVAR   r0x100B
0060   5600           00270         MOVRA   r0x1007
0061   5800           00271         MOVAR   r0x100C
0062   5600           00272         MOVRA   r0x1008
                      00273 ;;[ICODE] ../../libsdcc_mc32l/fs2ulong.c:67:    iTemp21 [k31 lr25:26 so:0]{ ia0 a2p0 re0 rm1 nos0 ru0 dp0}{volatile-long-int near* fixed}[remat] = &[___fs2ulong_fl1_1_22 [k4 lr0:0 so:0]{ ia0 a2p0 re0 rm0 nos0 ru0 dp0}{volatile-struct float_long fixed}]
                      00274 ;;[ICODE] ../../libsdcc_mc32l/fs2ulong.c:67:    iTemp23 [k34 lr26:27 so:0]{ ia0 a2p0 re0 rm0 nos0 ru0 dp0}{volatile-long-int fixed}[r0x1005 r0x1006 r0x1007 r0x1008 ] = @[iTemp21 [k31 lr25:26 so:0]{ ia1 a2p0 re0 rm1 nos0 ru0 dp0}{volatile-long-int near* fixed}[remat] + 0x0 {const-unsigned-char literal}]
                      00275 ;       .line   67; "../../libsdcc_mc32l/fs2ulong.c"    l = MANT (fl1.l);
0063   5800           00276         MOVAR   (___fs2ulong_fl1_1_22 + 0)
0064   5600           00277         MOVRA   r0x1009
0065   5800           00278         MOVAR   (___fs2ulong_fl1_1_22 + 1)
0066   5600           00279         MOVRA   r0x100E
0067   5600           00280         MOVRA   r0x100A
0068   5800           00281         MOVAR   (___fs2ulong_fl1_1_22 + 2)
0069   5600           00282         MOVRA   r0x100F
006A   5600           00283         MOVRA   r0x100B
006B   5800           00284         MOVAR   (___fs2ulong_fl1_1_22 + 3)
006C   5600           00285         MOVRA   r0x100C
                      00286 ;;[ICODE] ../../libsdcc_mc32l/fs2ulong.c:67:    iTemp24 [k35 lr27:28 so:0]{ ia0 a2p0 re0 rm0 nos0 ru0 dp0}{unsigned-long-int register}[r0x1009 r0x100A r0x100B r0x100C ] = (unsigned-long-int register)iTemp23 [k34 lr26:27 so:0]{ ia0 a2p0 re0 rm0 nos0 ru0 dp0}{volatile-long-int fixed}[r0x1005 r0x1006 r0x1007 r0x1008 ]
006D   5800           00287         MOVAR   r0x1009
006E   5600           00288         MOVRA   r0x1009
006F   5600           00289         MOVRA   r0x100D
                      00290 ;;104   MOVAR   r0x100A
                      00291 ;;105   MOVAR   r0x100B
0070   5800           00292         MOVAR   r0x100C
                      00293 ;;1     MOVRA   r0x1010
                      00294 ;;[ICODE] ../../libsdcc_mc32l/fs2ulong.c:67:    iTemp25 [k36 lr28:29 so:0]{ ia0 a2p0 re0 rm0 nos0 ru0 dp0}{unsigned-long-int register}[r0x1005 r0x1006 r0x1007 r0x1008 ] = iTemp24 [k35 lr27:28 so:0]{ ia0 a2p0 re0 rm0 nos0 ru0 dp0}{unsigned-long-int register}[r0x1009 r0x100A r0x100B r0x100C ] & 0x7fffff {unsigned-long-int literal}
                      00295 ;;106   MOVAR   r0x100D
0071   5800           00296         MOVAR   r0x100E
0072   5600           00297         MOVRA   r0x100A
0073   3C7F           00298         MOVAI   0x7f
0074   7800           00299         ANDAR   r0x100F
0075   5600           00300         MOVRA   r0x100B
0076   7600           00301         CLRR    r0x100C
                      00302 ;;[ICODE] ../../libsdcc_mc32l/fs2ulong.c:67:    iTemp20 [k29 lr29:34 so:0]{ ia0 a2p0 re1 rm0 nos0 ru0 dp0}{unsigned-long-int fixed}{ sir@ ___fs2ulong_l_1_22}[r0x1005 r0x1006 r0x1007 r0x1008 ] = iTemp25 [k36 lr28:29 so:0]{ ia0 a2p0 re0 rm0 nos0 ru0 dp0}{unsigned-long-int register}[r0x1005 r0x1006 r0x1007 r0x1008 ] | 0x800000 {unsigned-long-int literal}
0077   CE00           00303         BSET    r0x100B,7
                      00304 ;;[ICODE] ../../libsdcc_mc32l/fs2ulong.c:69:    iTemp27 [k38 lr31:32 so:0]{ ia0 a2p0 re0 rm0 nos0 ru0 dp0}{int fixed}[r0x1000 r0x1004 ] = - iTemp11 [k18 lr23:31 so:0]{ ia0 a2p0 re1 rm0 nos0 ru0 dp0}{int fixed}{ sir@ ___fs2ulong_exp_1_22}[r0x1000 r0x1004 ]
                      00305 ;       .line   69; "../../libsdcc_mc32l/fs2ulong.c"    l >>= -exp;
0078   7200           00306         COMR    r0x1007
0079   7200           00307         COMR    r0x1008
007A   6600           00308         INCR    r0x1007
007B   F5B7           00309         JBCLR   PFLAG,2
007C   6600           00310         INCR    r0x1008
                      00311 ;;[ICODE] ../../libsdcc_mc32l/fs2ulong.c:69:    iTemp20 [k29 lr29:34 so:0]{ ia0 a2p0 re1 rm0 nos0 ru0 dp0}{unsigned-long-int fixed}{ sir@ ___fs2ulong_l_1_22}[r0x1005 r0x1006 r0x1007 r0x1008 ] = iTemp20 [k29 lr29:34 so:0]{ ia0 a2p0 re1 rm0 nos0 ru0 dp0}{unsigned-long-int fixed}{ sir@ ___fs2ulong_l_1_22}[r0x1005 r0x1006 r0x1007 r0x1008 ] >> iTemp27 [k38 lr31:32 so:0]{ ia0 a2p0 re0 rm0 nos0 ru0 dp0}{int fixed}[r0x1000 r0x1004 ]
007D   5800           00312         MOVAR   r0x1007
007E   FE00           00313         JBCLR   r0x1007,7
007F   2000 2300      00314         LGOTO   _00114_DS_
0081   3A00           00315         ISUBAI  0x00
0082   F5B7           00316         JBCLR   PFLAG,2
0083   2000 2300      00317         LGOTO   _00113_DS_
0085                  00318 _00112_DS_
0085   4E00           00319         RRR     r0x100C
0086   4E00           00320         RRR     r0x100B
0087   4E00           00321         RRR     r0x100A
0088   4E00           00322         RRR     r0x1009
0089   3F01           00323         ADDAI   0x01
008A   E1B7           00324         JBSET   PFLAG,0
008B   2000 2300      00325         LGOTO   _00112_DS_
008D   2000 2300      00326         LGOTO   _00113_DS_
008F                  00327 _00114_DS_
008F   D1B7           00328         BCLR    PFLAG,0
0090                  00329 _00115_DS_
0090   5200           00330         RLR     r0x1009
0091   5200           00331         RLR     r0x100A
0092   5200           00332         RLR     r0x100B
0093   5200           00333         RLR     r0x100C
0094   3F01           00334         ADDAI   0x01
0095   E1B7           00335         JBSET   PFLAG,0
0096   2000 2300      00336         LGOTO   _00115_DS_
                      00337 ;;[ICODE] ../../libsdcc_mc32l/fs2ulong.c:71:    ret iTemp20 [k29 lr29:34 so:0]{ ia0 a2p0 re1 rm0 nos0 ru0 dp0}{unsigned-long-int fixed}{ sir@ ___fs2ulong_l_1_22}[r0x1005 r0x1006 r0x1007 r0x1008 ]
0098                  00338 _00113_DS_
                      00339 ;       .line   71; "../../libsdcc_mc32l/fs2ulong.c"    return l;
0098   5800           00340         MOVAR   r0x1009
0099   5600           00341         MOVRA   STK02
009A   5800           00342         MOVAR   r0x100A
009B   5600           00343         MOVRA   STK01
009C   5800           00344         MOVAR   r0x100B
009D   5600           00345         MOVRA   STK00
009E   5800           00346         MOVAR   r0x100C
                      00347 ;;[ICODE] ../../libsdcc_mc32l/fs2ulong.c:71:  _return($4) :
                      00348 ;;[ICODE] ../../libsdcc_mc32l/fs2ulong.c:71:    eproc ___fs2ulong [k1 lr0:0 so:0]{ ia0 a2p0 re0 rm0 nos0 ru0 dp0}{unsigned-long-int function ( float fixed) fixed}
009F                  00349 _00108_DS_
009F   000C           00350         RETURN  
                      00351 ; exit point of ___fs2ulong
                      00352 
                      00353 
                      00354 ;       code size estimation:
                      00355 ;         152+    0 =   152 instructions (  304 byte)
                      00356 
                      00357         end
gpasm-2.0.0_beta2 (Nov  6 2017)fs2ulong.asm       2018-1-11  15:10:22          PAGE  2


SYMBOL TABLE
  LABEL                             VALUE

ADCHS0                            00000004
ADCHS1                            00000005
ADCHS2                            00000006
ADCHS3                            00000007
ADCKS0                            00000002
ADCKS1                            00000003
ADCR0                             000001E8
ADCR1                             000001E9
ADCR2                             000001EA
ADDRH                             000001EC
ADDRL                             000001ED
ADEOC                             00000001
ADIE                              00000007
ADIF                              00000007
ADIOS0                            00000000
ADIOS1                            00000001
ADIOS2                            00000002
ADIOS3                            00000003
ADIOS4                            00000004
ADIOS5                            00000005
ADIOS6                            00000006
ADIOS7                            00000007
ADON                              00000000
C                                 00000000
CLKS                              00000002
CSEL0                             00000000
CSEL1                             00000001
DC                                00000001
DKW                               000001F4
DKWE                              00000007
DKWP0                             000001C3
DRVS                              00000001
DSELEN                            00000000
FILS                              00000003
FLCD0                             00000000
FLCD1                             00000001
FPWMA0                            00000002
FPWMA1                            00000003
FPWMB0                            00000000
FPWMB1                            00000001
FPWMEN                            00000007
FPWMS                             00000004
FSEL0                             00000002
FSEL1                             00000003
FSR0                              000001B4
FSR00                             00000000
FSR01                             00000001
FSR02                             00000002
FSR03                             00000003
FSR04                             00000004
FSR05                             00000005
FSR06                             00000006
FSR07                             00000007
FSR1                              000001B5
FSR10                             00000000
FSR11                             00000001
FSR12                             00000002
FSR13                             00000003
FSR14                             00000004
FSR15                             00000005
FSR16                             00000006
FSR17                             00000007
GIE                               00000007
HFEN                              00000000
HIBYTE                            000001B3
HIBYTE0                           00000000
HIBYTE1                           00000001
HIBYTE2                           00000002
HIBYTE3                           00000003
HIBYTE4                           00000004
HIBYTE5                           00000005
HIBYTE6                           00000006
HIBYTE7                           00000007
INDF0                             000001B0
INDF00                            00000000
INDF01                            00000001
INDF02                            00000002
INDF03                            00000003
INDF04                            00000004
INDF05                            00000005
INDF06                            00000006
INDF07                            00000007
INDF1                             000001B1
INDF10                            00000000
INDF11                            00000001
INDF12                            00000002
INDF13                            00000003
INDF14                            00000004
INDF15                            00000005
INDF16                            00000006
INDF17                            00000007
INDF2                             000001B2
INDF20                            00000000
INDF21                            00000001
INDF22                            00000002
INDF23                            00000003
INDF24                            00000004
INDF25                            00000005
INDF26                            00000006
INDF27                            00000007
INDF3                             000001B9
INDF30                            00000000
INDF31                            00000001
INDF32                            00000002
INDF33                            00000003
INDF34                            00000004
INDF35                            00000005
INDF36                            00000006
INDF37                            00000007
INT0IE                            00000002
INT0IF                            00000002
INT1IE                            00000003
INT1IF                            00000003
INTE                              000001BA
INTF                              000001BB
IOP0                              000001C0
IOP1                              000001C4
IOP2                              000001C8
IOP3                              000001CC
IOP4                              000001D0
IOP5                              000001D4
IRIN                              00000007
IROS                              00000006
IROT                              00000005
KBCR                              000001F5
KBCR0                             00000000
KBCR1                             00000001
KBCR2                             00000002
KBCR3                             00000003
KBCR4                             00000004
KBCR5                             00000005
KBCR6                             00000006
KBCR7                             00000007
KBIE                              00000004
KBIF                              00000004
LCDCKS                            00000002
LCDCR0                            000001F2
LCDCR1                            000001F3
LCDDRV                            000001F6
LCDDRVP06                         00000000
LCDDRVP22                         00000001
LCDDRVP23                         00000002
LCDDS00                           00000100
LCDDS01                           00000101
LCDDS02                           00000102
LCDDS03                           00000103
LCDDS04                           00000104
LCDDS05                           00000105
LCDDS06                           00000106
LCDDS07                           00000107
LCDDS08                           00000108
LCDDS09                           00000109
LCDDS10                           0000010A
LCDDS11                           0000010B
LCDDS12                           0000010C
LCDDS13                           0000010D
LCDDS14                           0000010E
LCDDS15                           0000010F
LCDDS16                           00000110
LCDDS17                           00000111
LCDDS18                           00000112
LCDDS19                           00000113
LCDDS20                           00000114
LCDDS21                           00000115
LCDDS22                           00000116
LCDDS23                           00000117
LCDDS24                           00000118
LCDDS25                           00000119
LCDDS26                           0000011A
LCDDS27                           0000011B
LCDDS28                           0000011C
LCDDS29                           0000011D
LCDDUTY                           00000004
LCDEN                             00000007
LCDIOSP1                          000001C7
LCDIOSP10                         00000000
LCDIOSP11                         00000001
LCDIOSP12                         00000002
LCDIOSP13                         00000003
LCDIOSP14                         00000004
LCDIOSP15                         00000005
LCDIOSP16                         00000006
LCDIOSP17                         00000007
LCDIOSP2                          000001CB
LCDIOSP20                         00000000
LCDIOSP21                         00000001
LCDIOSP22                         00000002
LCDIOSP23                         00000003
LCDIOSP24                         00000004
LCDIOSP25                         00000005
LCDIOSP26                         00000006
LCDIOSP27                         00000007
LCDIOSP3                          000001CF
LCDIOSP30                         00000000
LCDIOSP31                         00000001
LCDIOSP32                         00000002
LCDIOSP33                         00000003
LCDIOSP34                         00000004
LCDIOSP35                         00000005
LCDIOSP36                         00000006
LCDIOSP37                         00000007
LCDIOSP4                          000001D3
LCDIOSP40                         00000000
LCDIOSP41                         00000001
LCDIOSP42                         00000002
LCDIOSP43                         00000003
LCDIOSP44                         00000004
LCDIOSP45                         00000005
LCDIOSP46                         00000006
LCDIOSP47                         00000007
LCDIOSP5                          000001D7
LCDIOSP50                         00000000
LCDIOSP51                         00000001
LCDM                              00000003
LCDRS0                            00000000
LCDRS1                            00000001
LCDSP0                            00000005
LCDSP1                            00000006
LCDSPEED                          00000002
LFEN                              00000001
LPEN0                             00000000
LPEN1                             00000001
LPEN2                             00000002
LVDCR                             000001BD
LVDEN                             00000007
LVDF                              00000000
LVDIE                             00000005
LVDIF                             00000005
LVDS0                             00000003
LVDS1                             00000004
LVDS2                             00000005
LVDS3                             00000006
LXTCR                             000001BE
MCR                               000001B8
MINT00                            00000000
MINT01                            00000001
MINT10                            00000002
MINT11                            00000003
OEP0                              000001C1
OEP1                              000001C5
OEP2                              000001C9
OEP3                              000001CD
OEP4                              000001D1
OEP5                              000001D5
OPAE                              00000007
OPAM                              00000006
OPCR0                             000001F0
OPCR1                             000001F1
OPFC0                             00000000
OPFC1                             00000001
OPFC2                             00000002
OPFC3                             00000003
OPFC4                             00000004
OPFC5                             00000005
OSCM                              000001BC
P00D                              00000000
P00DKW                            00000000
P00OE                             00000000
P00PU                             00000000
P01D                              00000001
P01DKW                            00000001
P01OE                             00000001
P01PU                             00000001
P02D                              00000002
P02DKW                            00000002
P02OE                             00000002
P02PU                             00000002
P03D                              00000003
P03DKW                            00000003
P03OE                             00000003
P03PU                             00000003
P04D                              00000004
P04DKW                            00000004
P04OE                             00000004
P04PU                             00000004
P05D                              00000005
P05DKW                            00000005
P05OE                             00000005
P05PU                             00000005
P06D                              00000006
P06DKW                            00000006
P06OE                             00000006
P06PU                             00000006
P07D                              00000007
P07DKW                            00000007
P07OE                             00000007
P07PU                             00000007
P10D                              00000000
P10OE                             00000000
P10PU                             00000000
P11D                              00000001
P11OE                             00000001
P11PU                             00000001
P12D                              00000002
P12OE                             00000002
P12PU                             00000002
P13D                              00000003
P13OE                             00000003
P13PU                             00000003
P14D                              00000004
P14OE                             00000004
P14PU                             00000004
P15D                              00000005
P15OE                             00000005
P15PU                             00000005
P16D                              00000006
P16OE                             00000006
P16PU                             00000006
P17D                              00000007
P17OE                             00000007
P17PU                             00000007
P20D                              00000000
P20OE                             00000000
P20PU                             00000000
P21D                              00000001
P21OE                             00000001
P21PU                             00000001
P22D                              00000002
P22OE                             00000002
P22PU                             00000002
P23D                              00000003
P23OE                             00000003
P23PU                             00000003
P24D                              00000004
P24OE                             00000004
P24PU                             00000004
P25D                              00000005
P25OE                             00000005
P25PU                             00000005
P26D                              00000006
P26OE                             00000006
P26PU                             00000006
P27D                              00000007
P27OE                             00000007
P27PU                             00000007
P30D                              00000000
P30OE                             00000000
P30PU                             00000000
P31D                              00000001
P31OE                             00000001
P31PU                             00000001
P32D                              00000002
P32OE                             00000002
P32PU                             00000002
P33D                              00000003
P33OE                             00000003
P33PU                             00000003
P34D                              00000004
P34OE                             00000004
P34PU                             00000004
P35D                              00000005
P35OE                             00000005
P35PU                             00000005
P36D                              00000006
P36OE                             00000006
P36PU                             00000006
P37D                              00000007
P37OE                             00000007
P37PU                             00000007
P40D                              00000000
P40OE                             00000000
P40PU                             00000000
P41D                              00000001
P41OE                             00000001
P41PU                             00000001
P42D                              00000002
P42OE                             00000002
P42PU                             00000002
P43D                              00000003
P43OE                             00000003
P43PU                             00000003
P44D                              00000004
P44OE                             00000004
P44PU                             00000004
P45D                              00000005
P45OE                             00000005
P45PU                             00000005
P46D                              00000006
P46OE                             00000006
P46PU                             00000006
P47D                              00000007
P47OE                             00000007
P47PU                             00000007
P50D                              00000000
P50OE                             00000000
P50PU                             00000000
P51D                              00000001
P51OE                             00000001
P51PU                             00000001
P52D                              00000002
P52OE                             00000002
P52PU                             00000002
P53D                              00000003
P53OE                             00000003
P53PU                             00000003
P54D                              00000004
P54OE                             00000004
P55D                              00000005
P55OE                             00000005
P55PU                             00000005
PC0                               00000000
PC1                               00000001
PC2                               00000002
PC3                               00000003
PC4                               00000004
PC5                               00000005
PC6                               00000006
PC7                               00000007
PCL                               000001B6
PD                                00000004
PFLAG                             000001B7
PUP0                              000001C2
PUP1                              000001C6
PUP2                              000001CA
PUP3                              000001CE
PUP4                              000001D2
PUP5                              000001D6
PWMEN                             00000006
RSEL                              00000002
STBH                              00000004
STBL                              00000005
STK00                             00000000
STK01                             00000000
STK02                             00000000
STK03                             00000000
STK04                             00000000
STK05                             00000000
STK06                             00000000
T0CR0                             000001D8
T0CR1                             000001D9
T0DATAH                           000001DE
T0DATAH0                          00000000
T0DATAH1                          00000001
T0DATAH2                          00000002
T0DATAH3                          00000003
T0DATAH4                          00000004
T0DATAH5                          00000005
T0DATAH6                          00000006
T0DATAH7                          00000007
T0DATAL                           000001DF
T0DATAL0                          00000000
T0DATAL1                          00000001
T0DATAL2                          00000002
T0DATAL3                          00000003
T0DATAL4                          00000004
T0DATAL5                          00000005
T0DATAL6                          00000006
T0DATAL7                          00000007
T0IE                              00000000
T0IF                              00000000
T0LATFH                           000001E2
T0LATFH0                          00000000
T0LATFH1                          00000001
T0LATFH2                          00000002
T0LATFH3                          00000003
T0LATFH4                          00000004
T0LATFH5                          00000005
T0LATFH6                          00000006
T0LATFH7                          00000007
T0LATFL                           000001E3
T0LATFL0                          00000000
T0LATFL1                          00000001
T0LATFL2                          00000002
T0LATFL3                          00000003
T0LATFL4                          00000004
T0LATFL5                          00000005
T0LATFL6                          00000006
T0LATFL7                          00000007
T0LATRH                           000001E0
T0LATRH0                          00000000
T0LATRH1                          00000001
T0LATRH2                          00000002
T0LATRH3                          00000003
T0LATRH4                          00000004
T0LATRH5                          00000005
T0LATRH6                          00000006
T0LATRH7                          00000007
T0LATRL                           000001E1
T0LATRL0                          00000000
T0LATRL1                          00000001
T0LATRL2                          00000002
T0LATRL3                          00000003
T0LATRL4                          00000004
T0LATRL5                          00000005
T0LATRL6                          00000006
T0LATRL7                          00000007
T0LOADH                           000001DC
T0LOADL                           000001DD
T0LOADL0                          00000000
T0LOADL1                          00000001
T0LOADL2                          00000002
T0LOADL3                          00000003
T0LOADL4                          00000004
T0LOADL5                          00000005
T0LOADL6                          00000006
T0LOADL7                          00000007
T0MOD0                            00000005
T0MOD1                            00000006
T0PR0                             00000000
T0PR1                             00000001
T0PR2                             00000002
T0PTS0                            00000003
T0PTS1                            00000004
T0RF                              00000006
T1CR                              000001E4
T1DATA                            000001E5
T1DATA0                           00000000
T1DATA1                           00000001
T1DATA2                           00000002
T1DATA3                           00000003
T1DATA4                           00000004
T1DATA5                           00000005
T1DATA6                           00000006
T1DATA7                           00000007
T1IE                              00000001
T1IF                              00000001
T1LOAD                            000001E6
T1LOAD0                           00000000
T1LOAD1                           00000001
T1LOAD2                           00000002
T1LOAD3                           00000003
T1LOAD4                           00000004
T1LOAD5                           00000005
T1LOAD6                           00000006
T1LOAD7                           00000007
T1MOD0                            00000005
T1MOD1                            00000006
T1PR0                             00000000
T1PR1                             00000001
T1PR2                             00000002
T1PTS0                            00000003
T1PTS1                            00000004
TC0EN                             00000007
TC1EN                             00000007
TO                                00000005
VDLSEL                            00000004
VLCDS                             00000003
VREFRES                           00000001
VREXT                             00000000
VSEL                              00000006
WSEL0                             00000003
WSEL1                             00000004
Z                                 00000002
_00105_DS_                        00000033
_00106_DS_                        0000003C
_00108_DS_                        0000009F
_00112_DS_                        00000085
_00113_DS_                        00000098
_00114_DS_                        0000008F
_00115_DS_                        00000090
_CONFIG0                          00008000
_CONFIG1                          00008001
__33P116                          00000001
___fs2schar                       00000000
___fs2sint                        00000000
___fs2slong                       00000000
___fs2uchar                       00000000
___fs2uint                        00000000
___fs2ulong                       00000000
___fs2ulong_fl1_1_22              0000000C
___fsadd                          00000000
___fsdiv                          00000000
___fseq                           00000000
___fsgt                           00000000
___fslt                           00000000
___fsmul                          00000000
___fsneq                          00000000
___fssub                          00000000
___schar2fs                       00000000
___sint2fs                        00000000
___slong2fs                       00000000
___uchar2fs                       00000000
___uint2fs                        00000000
___ulong2fs                       00000000
r0x1004                           00000003
r0x1005                           00000002
r0x1006                           00000001
r0x1007                           00000000
r0x1008                           00000004
r0x1009                           00000005
r0x100A                           00000006
r0x100B                           00000007
r0x100C                           00000008
r0x100D                           00000009
r0x100E                           0000000A
r0x100F                           0000000B

Errors   :     0
Warnings :     0 reported,     0 suppressed
Messages :     0 reported,     0 suppressed

