gpasm-2.0.0_beta2 (Nov  6 2017)fssub.asm          2018-1-11  15:10:26          PAGE  1


LOC  OBJECT CODE     LINE SOURCE TEXT
  VALUE

                      00001 ;--------------------------------------------------------
                      00002 ; File Created by SN-SDCC : SinoMCU ANSI-C Compiler
                      00003 ; Version 1.1.0 (Dec 19 2017) (MINGW32)
                      00004 ; This file was generated Thu Jan 11 15:10:26 2018
                      00005 ;--------------------------------------------------------
                      00006 ; MC32 port for the RISC core
                      00007 ;--------------------------------------------------------
                      00008 ;       .file   "../../libsdcc_mc32l/fssub.c"
                      00009         list    p=3316
                      00010         radix dec
                      00011         include "3316.inc"
                      00001                 LIST
                      00002 ;mc32p5314.inc    Standard Header File, Version 1.00 by Sinomcu
                      00772                 LIST
                      00012 ;--------------------------------------------------------
                      00013 ; external declarations
                      00014 ;--------------------------------------------------------
                      00015         extern  ___uchar2fs
                      00016         extern  ___schar2fs
                      00017         extern  ___uint2fs
                      00018         extern  ___sint2fs
                      00019         extern  ___ulong2fs
                      00020         extern  ___slong2fs
                      00021         extern  ___fs2uchar
                      00022         extern  ___fs2schar
                      00023         extern  ___fs2uint
                      00024         extern  ___fs2sint
                      00025         extern  ___fs2ulong
                      00026         extern  ___fs2slong
                      00027         extern  ___fsadd
                      00028         extern  ___fsmul
                      00029         extern  ___fsdiv
                      00030         extern  ___fslt
                      00031         extern  ___fseq
                      00032         extern  ___fsneq
                      00033         extern  ___fsgt
                      00034 
                      00035         extern STK06
                      00036         extern STK05
                      00037         extern STK04
                      00038         extern STK03
                      00039         extern STK02
                      00040         extern STK01
                      00041         extern STK00
                      00042 ;--------------------------------------------------------
                      00043 ; global declarations
                      00044 ;--------------------------------------------------------
                      00045         global  ___fssub
                      00046 
                      00047 ;--------------------------------------------------------
                      00048 ; global definitions
                      00049 ;--------------------------------------------------------
                      00050 ;--------------------------------------------------------
                      00051 ; absolute symbol definitions
                      00052 ;--------------------------------------------------------
                      00053 ;--------------------------------------------------------
                      00054 ; compiler-defined variables
                      00055 ;--------------------------------------------------------
                      00056 UDL_fssub_0     udata
0000                  00057 r0x100B res     1
0000                  00058 r0x100A res     1
0001                  00059 r0x1009 res     1
0001                  00060 r0x1008 res     1
0002                  00061 r0x100F res     1
0002                  00062 r0x100E res     1
0003                  00063 r0x100D res     1
0003                  00064 r0x100C res     1
0004                  00065 ___fssub_fl1_1_22       res     4
0006                  00066 ___fssub_fl2_1_22       res     4
                      00067 ;--------------------------------------------------------
                      00068 ; initialized data
                      00069 ;--------------------------------------------------------
                      00070 
                      00071 ;@Allocation info for local variables in function '__fssub'
                      00072 ;@__fssub __uchar2fs                Allocated to registers ;size:2
                      00073 ;@__fssub __schar2fs                Allocated to registers ;size:2
                      00074 ;@__fssub __uint2fs                 Allocated to registers ;size:2
                      00075 ;@__fssub __sint2fs                 Allocated to registers ;size:2
                      00076 ;@__fssub __ulong2fs                Allocated to registers ;size:2
                      00077 ;@__fssub __slong2fs                Allocated to registers ;size:2
                      00078 ;@__fssub __fs2uchar                Allocated to registers ;size:2
                      00079 ;@__fssub __fs2schar                Allocated to registers ;size:2
                      00080 ;@__fssub __fs2uint                 Allocated to registers ;size:2
                      00081 ;@__fssub __fs2sint                 Allocated to registers ;size:2
                      00082 ;@__fssub __fs2ulong                Allocated to registers ;size:2
                      00083 ;@__fssub __fs2slong                Allocated to registers ;size:2
                      00084 ;@__fssub __fsadd                   Allocated to registers ;size:2
                      00085 ;@__fssub __fsmul                   Allocated to registers ;size:2
                      00086 ;@__fssub __fsdiv                   Allocated to registers ;size:2
                      00087 ;@__fssub __fslt                    Allocated to registers ;size:2
                      00088 ;@__fssub __fseq                    Allocated to registers ;size:2
                      00089 ;@__fssub __fsneq                   Allocated to registers ;size:2
                      00090 ;@__fssub __fsgt                    Allocated to registers ;size:2
                      00091 ;@__fssub __fsadd                   Allocated to registers ;size:2
                      00092 ;@__fssub a2                        Allocated to registers r0x100F r0x100E r0x100D r0x100C ;size:4
                      00093 ;@__fssub a1                        Allocated to registers r0x100B r0x100A r0x1009 r0x1008 ;size:4
                      00094 ;@__fssub fl1                       Allocated to registers ;size:4
                      00095 ;@__fssub fl2                       Allocated to registers ;size:4
                      00096 ;@end Allocation info for local variables in function '__fssub';
                      00097 
                      00098 ;--------------------------------------------------------
                      00099 ; overlayable items in internal ram 
                      00100 ;--------------------------------------------------------
                      00101 ;       udata_ovr
                      00102 ;--------------------------------------------------------
                      00103 ; code
                      00104 ;--------------------------------------------------------
                      00105 code_fssub      code
                      00106 ;***
                      00107 ;  pBlock Stats: dbName = C
                      00108 ;***
                      00109 ;entry:  ___fssub       ;Function start
                      00110 ; 2 exit points
                      00111 ;has an exit
                      00112 ;functions called:
                      00113 ;   ___fsadd
                      00114 ;   ___fsadd
                      00115 ;15 compiler assigned registers:
                      00116 ;   r0x1008
                      00117 ;   STK00
                      00118 ;   r0x1009
                      00119 ;   STK01
                      00120 ;   r0x100A
                      00121 ;   STK02
                      00122 ;   r0x100B
                      00123 ;   STK03
                      00124 ;   r0x100C
                      00125 ;   STK04
                      00126 ;   r0x100D
                      00127 ;   STK05
                      00128 ;   r0x100E
                      00129 ;   STK06
                      00130 ;   r0x100F
                      00131 ;; Starting pCode block
                      00132 ;;[ICODE] ../../libsdcc_mc32l/fssub.c:55:  _entry($6) :
                      00133 ;;[ICODE] ../../libsdcc_mc32l/fssub.c:55:       proc ___fssub [k1 lr0:0 so:0]{ ia0 a2p0 re0 rm0 nos0 ru0 dp0}{float function ( float fixed, float fixed) fixed}
0000                  00134 ___fssub        ;Function start
                      00135 ; 2 exit points
                      00136 ;;[ICODE] ../../libsdcc_mc32l/fssub.c:55: iTemp0 [k2 lr3:6 so:0]{ ia0 a2p0 re1 rm0 nos0 ru0 dp0}{float fixed}{ sir@ ___fssub_a1_1_21}[r0x1000 r0x1001 r0x1002 r0x1003 ] = recv ___fssub [k1 lr0:0 so:0]{ ia0 a2p0 re0 rm0 nos0 ru0 dp0}{float function ( float fixed, float fixed) fixed}
                      00137 ;       .line   55; "../../libsdcc_mc32l/fssub.c"       float __fssub (float a1, float a2) _FS_REENTRANT
0000   5600           00138         MOVRA   r0x1008
0001   5800           00139         MOVAR   STK00
0002   5600           00140         MOVRA   r0x1009
0003   5800           00141         MOVAR   STK01
0004   5600           00142         MOVRA   r0x100A
0005   5800           00143         MOVAR   STK02
0006   5600           00144         MOVRA   (___fssub_fl1_1_22 + 0)
0007   5600           00145         MOVRA   r0x100B
                      00146 ;;[ICODE] ../../libsdcc_mc32l/fssub.c:55: iTemp1 [k4 lr4:8 so:0]{ ia0 a2p0 re1 rm0 nos0 ru0 dp0}{float fixed}{ sir@ ___fssub_a2_1_21}[r0x1004 r0x1005 r0x1006 r0x1007 ] = recv ___fssub [k1 lr0:0 so:0]{ ia0 a2p0 re0 rm0 nos0 ru0 dp0}{float function ( float fixed, float fixed) fixed}
0008   5800           00147         MOVAR   STK03
0009   5600           00148         MOVRA   r0x100C
000A   5800           00149         MOVAR   STK04
000B   5600           00150         MOVRA   r0x100D
000C   5800           00151         MOVAR   STK05
000D   5600           00152         MOVRA   r0x100E
000E   5800           00153         MOVAR   STK06
000F   5600           00154         MOVRA   r0x100F
                      00155 ;;[ICODE] ../../libsdcc_mc32l/fssub.c:59:       iTemp2 [k7 lr5:6 so:0]{ ia0 a2p0 re0 rm1 nos0 ru0 dp0}{volatile-float near* fixed}[remat] = &[___fssub_fl1_1_22 [k6 lr0:0 so:0]{ ia0 a2p0 re0 rm0 nos0 ru0 dp0}{volatile-struct float_long fixed}]
                      00156 ;;[ICODE] ../../libsdcc_mc32l/fssub.c:59:       *(iTemp2 [k7 lr5:6 so:0]{ ia1 a2p0 re0 rm1 nos0 ru0 dp0}{volatile-float near* fixed}[remat]) := iTemp0 [k2 lr3:6 so:0]{ ia0 a2p0 re1 rm0 nos0 ru0 dp0}{float fixed}{ sir@ ___fssub_a1_1_21}[r0x1000 r0x1001 r0x1002 r0x1003 ]
                      00157 ;;gen.c:6374: size=3/4, offset=0, AOP_TYPE(res)=8
                      00158 ;;109   MOVAR   r0x100B
                      00159 ;;gen.c:6374: size=2/4, offset=1, AOP_TYPE(res)=8
                      00160 ;       .line   59; "../../libsdcc_mc32l/fssub.c"       fl1.f = a1;
0010   5800           00161         MOVAR   r0x100A
0011   5600           00162         MOVRA   (___fssub_fl1_1_22 + 1)
                      00163 ;;gen.c:6374: size=1/4, offset=2, AOP_TYPE(res)=8
0012   5800           00164         MOVAR   r0x1009
0013   5600           00165         MOVRA   (___fssub_fl1_1_22 + 2)
                      00166 ;;gen.c:6374: size=0/4, offset=3, AOP_TYPE(res)=8
0014   5800           00167         MOVAR   r0x1008
0015   5600           00168         MOVRA   (___fssub_fl1_1_22 + 3)
                      00169 ;;[ICODE] ../../libsdcc_mc32l/fssub.c:60:       iTemp4 [k11 lr7:8 so:0]{ ia0 a2p0 re0 rm1 nos0 ru0 dp0}{volatile-float near* fixed}[remat] = &[___fssub_fl2_1_22 [k10 lr0:0 so:0]{ ia0 a2p0 re0 rm0 nos0 ru0 dp0}{volatile-struct float_long fixed}]
                      00170 ;;[ICODE] ../../libsdcc_mc32l/fssub.c:60:       *(iTemp4 [k11 lr7:8 so:0]{ ia1 a2p0 re0 rm1 nos0 ru0 dp0}{volatile-float near* fixed}[remat]) := iTemp1 [k4 lr4:8 so:0]{ ia0 a2p0 re1 rm0 nos0 ru0 dp0}{float fixed}{ sir@ ___fssub_a2_1_21}[r0x1004 r0x1005 r0x1006 r0x1007 ]
                      00171 ;;gen.c:6374: size=3/4, offset=0, AOP_TYPE(res)=8
                      00172 ;       .line   60; "../../libsdcc_mc32l/fssub.c"       fl2.f = a2;
0016   5800           00173         MOVAR   r0x100F
0017   5600           00174         MOVRA   (___fssub_fl2_1_22 + 0)
                      00175 ;;gen.c:6374: size=2/4, offset=1, AOP_TYPE(res)=8
0018   5800           00176         MOVAR   r0x100E
0019   5600           00177         MOVRA   (___fssub_fl2_1_22 + 1)
                      00178 ;;gen.c:6374: size=1/4, offset=2, AOP_TYPE(res)=8
001A   5800           00179         MOVAR   r0x100D
001B   5600           00180         MOVRA   (___fssub_fl2_1_22 + 2)
                      00181 ;;gen.c:6374: size=0/4, offset=3, AOP_TYPE(res)=8
001C   5800           00182         MOVAR   r0x100C
001D   5600           00183         MOVRA   (___fssub_fl2_1_22 + 3)
                      00184 ;;[ICODE] ../../libsdcc_mc32l/fssub.c:63:       iTemp6 [k14 lr9:10 so:0]{ ia0 a2p0 re0 rm1 nos0 ru0 dp0}{volatile-long-int near* fixed}[remat] = &[___fssub_fl2_1_22 [k10 lr0:0 so:0]{ ia0 a2p0 re0 rm0 nos0 ru0 dp0}{volatile-struct float_long fixed}]
                      00185 ;;[ICODE] ../../libsdcc_mc32l/fssub.c:63:       iTemp8 [k17 lr10:11 so:0]{ ia0 a2p0 re0 rm0 nos0 ru0 dp0}{volatile-long-int fixed}[r0x1000 r0x1001 r0x1002 r0x1003 ] = @[iTemp6 [k14 lr9:10 so:0]{ ia1 a2p0 re0 rm1 nos0 ru0 dp0}{volatile-long-int near* fixed}[remat] + 0x0 {const-unsigned-char literal}]
                      00186 ;       .line   63; "../../libsdcc_mc32l/fssub.c"       if (!fl2.l)
001E   5800           00187         MOVAR   (___fssub_fl2_1_22 + 0)
001F   5600           00188         MOVRA   r0x100B
0020   5800           00189         MOVAR   (___fssub_fl2_1_22 + 1)
0021   5600           00190         MOVRA   r0x100A
0022   5800           00191         MOVAR   (___fssub_fl2_1_22 + 2)
0023   5600           00192         MOVRA   r0x1009
0024   5800           00193         MOVAR   (___fssub_fl2_1_22 + 3)
0025   5600           00194         MOVRA   r0x1008
                      00195 ;;[ICODE] ../../libsdcc_mc32l/fssub.c:63:       if iTemp8 [k17 lr10:11 so:0]{ ia0 a2p0 re0 rm0 nos0 ru0 dp0}{volatile-long-int fixed}[r0x1000 r0x1001 r0x1002 r0x1003 ] != 0 goto _iffalse_0($2)
0026   5800           00196         MOVAR   r0x100B
0027   5C00           00197         ORAR    r0x100A
0028   5C00           00198         ORAR    r0x1009
0029   5C00           00199         ORAR    r0x1008
002A   E5B7           00200         JBSET   PFLAG,2
002B   2000 2300      00201         LGOTO   _00106_DS_
                      00202 ;;[ICODE] ../../libsdcc_mc32l/fssub.c:64:       iTemp9 [k18 lr12:13 so:0]{ ia0 a2p0 re0 rm1 nos0 ru0 dp0}{volatile-float near* fixed}[remat] = &[___fssub_fl1_1_22 [k6 lr0:0 so:0]{ ia0 a2p0 re0 rm0 nos0 ru0 dp0}{volatile-struct float_long fixed}]
                      00203 ;;[ICODE] ../../libsdcc_mc32l/fssub.c:64:       iTemp11 [k21 lr13:14 so:0]{ ia0 a2p0 re0 rm0 nos0 ru1 dp0}{volatile-float fixed}[r0x1000 r0x1001 r0x1002 r0x1003 ] = @[iTemp9 [k18 lr12:13 so:0]{ ia1 a2p0 re0 rm1 nos0 ru0 dp0}{volatile-float near* fixed}[remat] + 0x0 {const-unsigned-char literal}]
                      00204 ;       .line   64; "../../libsdcc_mc32l/fssub.c"       return (fl1.f);
002D   5800           00205         MOVAR   (___fssub_fl1_1_22 + 0)
002E   5600           00206         MOVRA   r0x100B
002F   5800           00207         MOVAR   (___fssub_fl1_1_22 + 1)
0030   5600           00208         MOVRA   r0x100A
0031   5800           00209         MOVAR   (___fssub_fl1_1_22 + 2)
0032   5600           00210         MOVRA   r0x1009
0033   5800           00211         MOVAR   (___fssub_fl1_1_22 + 3)
0034   5600           00212         MOVRA   r0x1008
                      00213 ;;[ICODE] ../../libsdcc_mc32l/fssub.c:64:       ret iTemp11 [k21 lr13:14 so:0]{ ia0 a2p0 re0 rm0 nos0 ru1 dp0}{volatile-float fixed}[r0x1000 r0x1001 r0x1002 r0x1003 ]
0035   5800           00214         MOVAR   r0x100B
0036   5600           00215         MOVRA   STK02
0037   5800           00216         MOVAR   r0x100A
0038   5600           00217         MOVRA   STK01
0039   5800           00218         MOVAR   r0x1009
003A   5600           00219         MOVRA   STK00
003B   5800           00220         MOVAR   r0x1008
003C   2000 2300      00221         LGOTO   _00109_DS_
                      00222 ;;[ICODE] ../../libsdcc_mc32l/fssub.c:64:  _iffalse_0($2) :
                      00223 ;;[ICODE] ../../libsdcc_mc32l/fssub.c:65:       iTemp12 [k22 lr16:17 so:0]{ ia0 a2p0 re0 rm1 nos0 ru0 dp0}{volatile-long-int near* fixed}[remat] = &[___fssub_fl1_1_22 [k6 lr0:0 so:0]{ ia0 a2p0 re0 rm0 nos0 ru0 dp0}{volatile-struct float_long fixed}]
                      00224 ;;[ICODE] ../../libsdcc_mc32l/fssub.c:65:       iTemp14 [k25 lr17:18 so:0]{ ia0 a2p0 re0 rm0 nos0 ru0 dp0}{volatile-long-int fixed}[r0x1000 r0x1001 r0x1002 r0x1003 ] = @[iTemp12 [k22 lr16:17 so:0]{ ia1 a2p0 re0 rm1 nos0 ru0 dp0}{volatile-long-int near* fixed}[remat] + 0x0 {const-unsigned-char literal}]
003E                  00225 _00106_DS_
                      00226 ;       .line   65; "../../libsdcc_mc32l/fssub.c"       if (!fl1.l)
003E   5800           00227         MOVAR   (___fssub_fl1_1_22 + 0)
003F   5600           00228         MOVRA   r0x100B
0040   5800           00229         MOVAR   (___fssub_fl1_1_22 + 1)
0041   5600           00230         MOVRA   r0x100A
0042   5800           00231         MOVAR   (___fssub_fl1_1_22 + 2)
0043   5600           00232         MOVRA   r0x1009
0044   5800           00233         MOVAR   (___fssub_fl1_1_22 + 3)
0045   5600           00234         MOVRA   r0x1008
                      00235 ;;[ICODE] ../../libsdcc_mc32l/fssub.c:65:       if iTemp14 [k25 lr17:18 so:0]{ ia0 a2p0 re0 rm0 nos0 ru0 dp0}{volatile-long-int fixed}[r0x1000 r0x1001 r0x1002 r0x1003 ] != 0 goto _iffalse_1($4)
0046   5800           00236         MOVAR   r0x100B
0047   5C00           00237         ORAR    r0x100A
0048   5C00           00238         ORAR    r0x1009
0049   5C00           00239         ORAR    r0x1008
004A   E5B7           00240         JBSET   PFLAG,2
004B   2000 2300      00241         LGOTO   _00108_DS_
                      00242 ;;[ICODE] ../../libsdcc_mc32l/fssub.c:66:       iTemp15 [k26 lr19:20 so:0]{ ia0 a2p0 re0 rm1 nos0 ru0 dp0}{volatile-float near* fixed}[remat] = &[___fssub_fl2_1_22 [k10 lr0:0 so:0]{ ia0 a2p0 re0 rm0 nos0 ru0 dp0}{volatile-struct float_long fixed}]
                      00243 ;;[ICODE] ../../libsdcc_mc32l/fssub.c:66:       iTemp17 [k29 lr20:21 so:0]{ ia0 a2p0 re0 rm0 nos0 ru0 dp0}{volatile-float fixed}[r0x1000 r0x1001 r0x1002 r0x1003 ] = @[iTemp15 [k26 lr19:20 so:0]{ ia1 a2p0 re0 rm1 nos0 ru0 dp0}{volatile-float near* fixed}[remat] + 0x0 {const-unsigned-char literal}]
                      00244 ;       .line   66; "../../libsdcc_mc32l/fssub.c"       return (-fl2.f);
004D   5800           00245         MOVAR   (___fssub_fl2_1_22 + 0)
004E   5600           00246         MOVRA   r0x100B
004F   5800           00247         MOVAR   (___fssub_fl2_1_22 + 1)
0050   5600           00248         MOVRA   r0x100A
0051   5800           00249         MOVAR   (___fssub_fl2_1_22 + 2)
0052   5600           00250         MOVRA   r0x1009
0053   5800           00251         MOVAR   (___fssub_fl2_1_22 + 3)
0054   5600           00252         MOVRA   r0x1008
                      00253 ;;[ICODE] ../../libsdcc_mc32l/fssub.c:66:       iTemp18 [k30 lr21:22 so:0]{ ia0 a2p0 re0 rm0 nos0 ru1 dp0}{volatile-float fixed}[r0x1000 r0x1001 r0x1002 r0x1003 ] = - iTemp17 [k29 lr20:21 so:0]{ ia0 a2p0 re0 rm0 nos0 ru0 dp0}{volatile-float fixed}[r0x1000 r0x1001 r0x1002 r0x1003 ]
0055   5800           00254         MOVAR   r0x1008
0056   3980           00255         XORAI   0x80
0057   5600           00256         MOVRA   r0x1008
0058   5800           00257         MOVAR   r0x1009
0059   5600           00258         MOVRA   r0x1009
005A   5800           00259         MOVAR   r0x100A
005B   5600           00260         MOVRA   r0x100A
005C   5800           00261         MOVAR   r0x100B
005D   5600           00262         MOVRA   r0x100B
                      00263 ;;[ICODE] ../../libsdcc_mc32l/fssub.c:66:       ret iTemp18 [k30 lr21:22 so:0]{ ia0 a2p0 re0 rm0 nos0 ru1 dp0}{volatile-float fixed}[r0x1000 r0x1001 r0x1002 r0x1003 ]
005E   5800           00264         MOVAR   r0x100B
005F   5600           00265         MOVRA   STK02
0060   5800           00266         MOVAR   r0x100A
0061   5600           00267         MOVRA   STK01
0062   5800           00268         MOVAR   r0x1009
0063   5600           00269         MOVRA   STK00
0064   5800           00270         MOVAR   r0x1008
0065   2000 2300      00271         LGOTO   _00109_DS_
                      00272 ;;[ICODE] ../../libsdcc_mc32l/fssub.c:66:  _iffalse_1($4) :
                      00273 ;;[ICODE] ../../libsdcc_mc32l/fssub.c:69:       iTemp19 [k31 lr24:29 so:0]{ ia0 a2p0 re0 rm1 nos0 ru0 dp0}{volatile-long-int near* fixed}[remat] = &[___fssub_fl2_1_22 [k10 lr0:0 so:0]{ ia0 a2p0 re0 rm0 nos0 ru0 dp0}{volatile-struct float_long fixed}]
                      00274 ;;[ICODE] ../../libsdcc_mc32l/fssub.c:69:       iTemp21 [k34 lr25:26 so:0]{ ia0 a2p0 re0 rm1 nos0 ru0 dp0}{volatile-long-int near* fixed}[remat] = &[___fssub_fl2_1_22 [k10 lr0:0 so:0]{ ia0 a2p0 re0 rm0 nos0 ru0 dp0}{volatile-struct float_long fixed}]
                      00275 ;;[ICODE] ../../libsdcc_mc32l/fssub.c:69:       iTemp23 [k37 lr26:27 so:0]{ ia0 a2p0 re0 rm0 nos0 ru0 dp0}{volatile-long-int fixed}[r0x1000 r0x1001 r0x1002 r0x1003 ] = @[iTemp21 [k34 lr25:26 so:0]{ ia1 a2p0 re0 rm1 nos0 ru0 dp0}{volatile-long-int near* fixed}[remat] + 0x0 {const-unsigned-char literal}]
0067                  00276 _00108_DS_
                      00277 ;       .line   69; "../../libsdcc_mc32l/fssub.c"       fl2.l ^= SIGNBIT;
0067   5800           00278         MOVAR   (___fssub_fl2_1_22 + 0)
0068   5600           00279         MOVRA   r0x100F
0069   5600           00280         MOVRA   r0x100B
006A   5800           00281         MOVAR   (___fssub_fl2_1_22 + 1)
006B   5600           00282         MOVRA   r0x100E
006C   5600           00283         MOVRA   r0x100A
006D   5800           00284         MOVAR   (___fssub_fl2_1_22 + 2)
006E   5600           00285         MOVRA   r0x100D
006F   5600           00286         MOVRA   r0x1009
0070   5800           00287         MOVAR   (___fssub_fl2_1_22 + 3)
0071   5600           00288         MOVRA   r0x100C
0072   5600           00289         MOVRA   r0x1008
                      00290 ;;[ICODE] ../../libsdcc_mc32l/fssub.c:69:       iTemp24 [k38 lr27:28 so:0]{ ia0 a2p0 re0 rm0 nos0 ru0 dp0}{unsigned-long-int register}[r0x1004 r0x1005 r0x1006 r0x1007 ] = (unsigned-long-int register)iTemp23 [k37 lr26:27 so:0]{ ia0 a2p0 re0 rm0 nos0 ru0 dp0}{volatile-long-int fixed}[r0x1000 r0x1001 r0x1002 r0x1003 ]
                      00291 ;;106   MOVAR   r0x100B
                      00292 ;;107   MOVAR   r0x100A
                      00293 ;;108   MOVAR   r0x1009
                      00294 ;;105   MOVAR   r0x1008
                      00295 ;;[ICODE] ../../libsdcc_mc32l/fssub.c:69:       iTemp25 [k39 lr28:29 so:0]{ ia0 a2p0 re0 rm0 nos0 ru0 dp0}{unsigned-long-int register}[r0x1000 r0x1001 r0x1002 r0x1003 ] = iTemp24 [k38 lr27:28 so:0]{ ia0 a2p0 re0 rm0 nos0 ru0 dp0}{unsigned-long-int register}[r0x1004 r0x1005 r0x1006 r0x1007 ] ^ 0x80000000 {unsigned-long-int literal}
                      00296 ;;100   MOVAR   r0x100F
                      00297 ;;102   MOVAR   r0x100E
                      00298 ;;104   MOVAR   r0x100D
0073   3C80           00299         MOVAI   0x80
0074   4000           00300         XORAR   r0x100C
0075   5600           00301         MOVRA   r0x1008
                      00302 ;;[ICODE] ../../libsdcc_mc32l/fssub.c:69:       *(iTemp19 [k31 lr24:29 so:0]{ ia1 a2p0 re0 rm1 nos0 ru0 dp0}{volatile-long-int near* fixed}[remat]) := iTemp25 [k39 lr28:29 so:0]{ ia0 a2p0 re0 rm0 nos0 ru0 dp0}{unsigned-long-int register}[r0x1000 r0x1001 r0x1002 r0x1003 ]
                      00303 ;;gen.c:6374: size=3/4, offset=0, AOP_TYPE(res)=8
                      00304 ;;99    MOVAR   r0x100B
0076   5800           00305         MOVAR   r0x100F
0077   5600           00306         MOVRA   r0x100B
0078   5600           00307         MOVRA   (___fssub_fl2_1_22 + 0)
                      00308 ;;gen.c:6374: size=2/4, offset=1, AOP_TYPE(res)=8
                      00309 ;;101   MOVAR   r0x100A
0079   5800           00310         MOVAR   r0x100E
007A   5600           00311         MOVRA   r0x100A
007B   5600           00312         MOVRA   (___fssub_fl2_1_22 + 1)
                      00313 ;;gen.c:6374: size=1/4, offset=2, AOP_TYPE(res)=8
                      00314 ;;103   MOVAR   r0x1009
007C   5800           00315         MOVAR   r0x100D
007D   5600           00316         MOVRA   r0x1009
007E   5600           00317         MOVRA   (___fssub_fl2_1_22 + 2)
                      00318 ;;gen.c:6374: size=0/4, offset=3, AOP_TYPE(res)=8
007F   5800           00319         MOVAR   r0x1008
0080   5600           00320         MOVRA   (___fssub_fl2_1_22 + 3)
                      00321 ;;[ICODE] ../../libsdcc_mc32l/fssub.c:70:       iTemp26 [k40 lr30:31 so:0]{ ia0 a2p0 re0 rm1 nos0 ru0 dp0}{volatile-float near* fixed}[remat] = &[___fssub_fl1_1_22 [k6 lr0:0 so:0]{ ia0 a2p0 re0 rm0 nos0 ru0 dp0}{volatile-struct float_long fixed}]
                      00322 ;;[ICODE] ../../libsdcc_mc32l/fssub.c:70:       iTemp28 [k43 lr31:35 so:0]{ ia0 a2p0 re0 rm0 nos0 ru1 dp0}{volatile-float fixed}[r0x1000 r0x1001 r0x1002 r0x1003 ] = @[iTemp26 [k40 lr30:31 so:0]{ ia1 a2p0 re0 rm1 nos0 ru0 dp0}{volatile-float near* fixed}[remat] + 0x0 {const-unsigned-char literal}]
                      00323 ;       .line   70; "../../libsdcc_mc32l/fssub.c"       return fl1.f + fl2.f; 
0081   5800           00324         MOVAR   (___fssub_fl1_1_22 + 0)
0082   5600           00325         MOVRA   r0x100B
0083   5800           00326         MOVAR   (___fssub_fl1_1_22 + 1)
0084   5600           00327         MOVRA   r0x100A
0085   5800           00328         MOVAR   (___fssub_fl1_1_22 + 2)
0086   5600           00329         MOVRA   r0x1009
0087   5800           00330         MOVAR   (___fssub_fl1_1_22 + 3)
0088   5600           00331         MOVRA   r0x1008
                      00332 ;;[ICODE] ../../libsdcc_mc32l/fssub.c:70:       iTemp29 [k44 lr32:33 so:0]{ ia0 a2p0 re0 rm1 nos0 ru0 dp0}{volatile-float near* fixed}[remat] = &[___fssub_fl2_1_22 [k10 lr0:0 so:0]{ ia0 a2p0 re0 rm0 nos0 ru0 dp0}{volatile-struct float_long fixed}]
                      00333 ;;[ICODE] ../../libsdcc_mc32l/fssub.c:70:       iTemp31 [k47 lr33:35 so:0]{ ia0 a2p0 re0 rm0 nos0 ru0 dp0}{volatile-float fixed}[r0x1004 r0x1005 r0x1006 r0x1007 ] = @[iTemp29 [k44 lr32:33 so:0]{ ia1 a2p0 re0 rm1 nos0 ru0 dp0}{volatile-float near* fixed}[remat] + 0x0 {const-unsigned-char literal}]
0089   5800           00334         MOVAR   (___fssub_fl2_1_22 + 0)
008A   5600           00335         MOVRA   r0x100F
008B   5800           00336         MOVAR   (___fssub_fl2_1_22 + 1)
008C   5600           00337         MOVRA   r0x100E
008D   5800           00338         MOVAR   (___fssub_fl2_1_22 + 2)
008E   5600           00339         MOVRA   r0x100D
008F   5800           00340         MOVAR   (___fssub_fl2_1_22 + 3)
0090   5600           00341         MOVRA   r0x100C
                      00342 ;;[ICODE] ../../libsdcc_mc32l/fssub.c:70:       send iTemp28 [k43 lr31:35 so:0]{ ia0 a2p0 re0 rm0 nos0 ru1 dp0}{volatile-float fixed}[r0x1000 r0x1001 r0x1002 r0x1003 ]{argreg = 1}
                      00343 ;;[ICODE] ../../libsdcc_mc32l/fssub.c:70:       send iTemp31 [k47 lr33:35 so:0]{ ia0 a2p0 re0 rm0 nos0 ru0 dp0}{volatile-float fixed}[r0x1004 r0x1005 r0x1006 r0x1007 ]{argreg = 1}
                      00344 ;;[ICODE] ../../libsdcc_mc32l/fssub.c:70:       iTemp32 [k48 lr36:37 so:0]{ ia0 a2p0 re0 rm0 nos0 ru1 dp0}{float fixed}[r0x1000 r0x1001 r0x1002 r0x1003 ] = call ___fsadd [k49 lr0:0 so:0]{ ia0 a2p0 re0 rm0 nos0 ru0 dp0}{float function ( float fixed, float fixed) fixed}
0091   5800           00345         MOVAR   r0x100F
0092   5600           00346         MOVRA   STK06
0093   5800           00347         MOVAR   r0x100E
0094   5600           00348         MOVRA   STK05
0095   5800           00349         MOVAR   r0x100D
0096   5600           00350         MOVRA   STK04
0097   5800           00351         MOVAR   r0x100C
0098   5600           00352         MOVRA   STK03
0099   5800           00353         MOVAR   r0x100B
009A   5600           00354         MOVRA   STK02
009B   5800           00355         MOVAR   r0x100A
009C   5600           00356         MOVRA   STK01
009D   5800           00357         MOVAR   r0x1009
009E   5600           00358         MOVRA   STK00
009F   5800           00359         MOVAR   r0x1008
00A0   2100 2300      00360         LCALL   ___fsadd
00A2   5600           00361         MOVRA   r0x1008
00A3   5800           00362         MOVAR   STK00
00A4   5600           00363         MOVRA   r0x1009
00A5   5800           00364         MOVAR   STK01
00A6   5600           00365         MOVRA   r0x100A
00A7   5800           00366         MOVAR   STK02
00A8   5600           00367         MOVRA   r0x100B
                      00368 ;;[ICODE] ../../libsdcc_mc32l/fssub.c:70:       ret iTemp32 [k48 lr36:37 so:0]{ ia0 a2p0 re0 rm0 nos0 ru1 dp0}{float fixed}[r0x1000 r0x1001 r0x1002 r0x1003 ]
00A9   5800           00369         MOVAR   r0x100B
00AA   5600           00370         MOVRA   STK02
00AB   5800           00371         MOVAR   r0x100A
00AC   5600           00372         MOVRA   STK01
00AD   5800           00373         MOVAR   r0x1009
00AE   5600           00374         MOVRA   STK00
00AF   5800           00375         MOVAR   r0x1008
                      00376 ;;[ICODE] ../../libsdcc_mc32l/fssub.c:70:  _return($5) :
                      00377 ;;[ICODE] ../../libsdcc_mc32l/fssub.c:70:       eproc ___fssub [k1 lr0:0 so:0]{ ia0 a2p0 re0 rm0 nos0 ru0 dp0}{float function ( float fixed, float fixed) fixed}
00B0                  00378 _00109_DS_
00B0   000C           00379         RETURN  
                      00380 ; exit point of ___fssub
                      00381 
                      00382 
                      00383 ;       code size estimation:
                      00384 ;         172+    0 =   172 instructions (  344 byte)
                      00385 
                      00386         end
gpasm-2.0.0_beta2 (Nov  6 2017)fssub.asm          2018-1-11  15:10:26          PAGE  2


SYMBOL TABLE
  LABEL                             VALUE

ADCHS0                            00000004
ADCHS1                            00000005
ADCHS2                            00000006
ADCHS3                            00000007
ADCKS0                            00000002
ADCKS1                            00000003
ADCR0                             000001E8
ADCR1                             000001E9
ADCR2                             000001EA
ADDRH                             000001EC
ADDRL                             000001ED
ADEOC                             00000001
ADIE                              00000007
ADIF                              00000007
ADIOS0                            00000000
ADIOS1                            00000001
ADIOS2                            00000002
ADIOS3                            00000003
ADIOS4                            00000004
ADIOS5                            00000005
ADIOS6                            00000006
ADIOS7                            00000007
ADON                              00000000
C                                 00000000
CLKS                              00000002
CSEL0                             00000000
CSEL1                             00000001
DC                                00000001
DKW                               000001F4
DKWE                              00000007
DKWP0                             000001C3
DRVS                              00000001
DSELEN                            00000000
FILS                              00000003
FLCD0                             00000000
FLCD1                             00000001
FPWMA0                            00000002
FPWMA1                            00000003
FPWMB0                            00000000
FPWMB1                            00000001
FPWMEN                            00000007
FPWMS                             00000004
FSEL0                             00000002
FSEL1                             00000003
FSR0                              000001B4
FSR00                             00000000
FSR01                             00000001
FSR02                             00000002
FSR03                             00000003
FSR04                             00000004
FSR05                             00000005
FSR06                             00000006
FSR07                             00000007
FSR1                              000001B5
FSR10                             00000000
FSR11                             00000001
FSR12                             00000002
FSR13                             00000003
FSR14                             00000004
FSR15                             00000005
FSR16                             00000006
FSR17                             00000007
GIE                               00000007
HFEN                              00000000
HIBYTE                            000001B3
HIBYTE0                           00000000
HIBYTE1                           00000001
HIBYTE2                           00000002
HIBYTE3                           00000003
HIBYTE4                           00000004
HIBYTE5                           00000005
HIBYTE6                           00000006
HIBYTE7                           00000007
INDF0                             000001B0
INDF00                            00000000
INDF01                            00000001
INDF02                            00000002
INDF03                            00000003
INDF04                            00000004
INDF05                            00000005
INDF06                            00000006
INDF07                            00000007
INDF1                             000001B1
INDF10                            00000000
INDF11                            00000001
INDF12                            00000002
INDF13                            00000003
INDF14                            00000004
INDF15                            00000005
INDF16                            00000006
INDF17                            00000007
INDF2                             000001B2
INDF20                            00000000
INDF21                            00000001
INDF22                            00000002
INDF23                            00000003
INDF24                            00000004
INDF25                            00000005
INDF26                            00000006
INDF27                            00000007
INDF3                             000001B9
INDF30                            00000000
INDF31                            00000001
INDF32                            00000002
INDF33                            00000003
INDF34                            00000004
INDF35                            00000005
INDF36                            00000006
INDF37                            00000007
INT0IE                            00000002
INT0IF                            00000002
INT1IE                            00000003
INT1IF                            00000003
INTE                              000001BA
INTF                              000001BB
IOP0                              000001C0
IOP1                              000001C4
IOP2                              000001C8
IOP3                              000001CC
IOP4                              000001D0
IOP5                              000001D4
IRIN                              00000007
IROS                              00000006
IROT                              00000005
KBCR                              000001F5
KBCR0                             00000000
KBCR1                             00000001
KBCR2                             00000002
KBCR3                             00000003
KBCR4                             00000004
KBCR5                             00000005
KBCR6                             00000006
KBCR7                             00000007
KBIE                              00000004
KBIF                              00000004
LCDCKS                            00000002
LCDCR0                            000001F2
LCDCR1                            000001F3
LCDDRV                            000001F6
LCDDRVP06                         00000000
LCDDRVP22                         00000001
LCDDRVP23                         00000002
LCDDS00                           00000100
LCDDS01                           00000101
LCDDS02                           00000102
LCDDS03                           00000103
LCDDS04                           00000104
LCDDS05                           00000105
LCDDS06                           00000106
LCDDS07                           00000107
LCDDS08                           00000108
LCDDS09                           00000109
LCDDS10                           0000010A
LCDDS11                           0000010B
LCDDS12                           0000010C
LCDDS13                           0000010D
LCDDS14                           0000010E
LCDDS15                           0000010F
LCDDS16                           00000110
LCDDS17                           00000111
LCDDS18                           00000112
LCDDS19                           00000113
LCDDS20                           00000114
LCDDS21                           00000115
LCDDS22                           00000116
LCDDS23                           00000117
LCDDS24                           00000118
LCDDS25                           00000119
LCDDS26                           0000011A
LCDDS27                           0000011B
LCDDS28                           0000011C
LCDDS29                           0000011D
LCDDUTY                           00000004
LCDEN                             00000007
LCDIOSP1                          000001C7
LCDIOSP10                         00000000
LCDIOSP11                         00000001
LCDIOSP12                         00000002
LCDIOSP13                         00000003
LCDIOSP14                         00000004
LCDIOSP15                         00000005
LCDIOSP16                         00000006
LCDIOSP17                         00000007
LCDIOSP2                          000001CB
LCDIOSP20                         00000000
LCDIOSP21                         00000001
LCDIOSP22                         00000002
LCDIOSP23                         00000003
LCDIOSP24                         00000004
LCDIOSP25                         00000005
LCDIOSP26                         00000006
LCDIOSP27                         00000007
LCDIOSP3                          000001CF
LCDIOSP30                         00000000
LCDIOSP31                         00000001
LCDIOSP32                         00000002
LCDIOSP33                         00000003
LCDIOSP34                         00000004
LCDIOSP35                         00000005
LCDIOSP36                         00000006
LCDIOSP37                         00000007
LCDIOSP4                          000001D3
LCDIOSP40                         00000000
LCDIOSP41                         00000001
LCDIOSP42                         00000002
LCDIOSP43                         00000003
LCDIOSP44                         00000004
LCDIOSP45                         00000005
LCDIOSP46                         00000006
LCDIOSP47                         00000007
LCDIOSP5                          000001D7
LCDIOSP50                         00000000
LCDIOSP51                         00000001
LCDM                              00000003
LCDRS0                            00000000
LCDRS1                            00000001
LCDSP0                            00000005
LCDSP1                            00000006
LCDSPEED                          00000002
LFEN                              00000001
LPEN0                             00000000
LPEN1                             00000001
LPEN2                             00000002
LVDCR                             000001BD
LVDEN                             00000007
LVDF                              00000000
LVDIE                             00000005
LVDIF                             00000005
LVDS0                             00000003
LVDS1                             00000004
LVDS2                             00000005
LVDS3                             00000006
LXTCR                             000001BE
MCR                               000001B8
MINT00                            00000000
MINT01                            00000001
MINT10                            00000002
MINT11                            00000003
OEP0                              000001C1
OEP1                              000001C5
OEP2                              000001C9
OEP3                              000001CD
OEP4                              000001D1
OEP5                              000001D5
OPAE                              00000007
OPAM                              00000006
OPCR0                             000001F0
OPCR1                             000001F1
OPFC0                             00000000
OPFC1                             00000001
OPFC2                             00000002
OPFC3                             00000003
OPFC4                             00000004
OPFC5                             00000005
OSCM                              000001BC
P00D                              00000000
P00DKW                            00000000
P00OE                             00000000
P00PU                             00000000
P01D                              00000001
P01DKW                            00000001
P01OE                             00000001
P01PU                             00000001
P02D                              00000002
P02DKW                            00000002
P02OE                             00000002
P02PU                             00000002
P03D                              00000003
P03DKW                            00000003
P03OE                             00000003
P03PU                             00000003
P04D                              00000004
P04DKW                            00000004
P04OE                             00000004
P04PU                             00000004
P05D                              00000005
P05DKW                            00000005
P05OE                             00000005
P05PU                             00000005
P06D                              00000006
P06DKW                            00000006
P06OE                             00000006
P06PU                             00000006
P07D                              00000007
P07DKW                            00000007
P07OE                             00000007
P07PU                             00000007
P10D                              00000000
P10OE                             00000000
P10PU                             00000000
P11D                              00000001
P11OE                             00000001
P11PU                             00000001
P12D                              00000002
P12OE                             00000002
P12PU                             00000002
P13D                              00000003
P13OE                             00000003
P13PU                             00000003
P14D                              00000004
P14OE                             00000004
P14PU                             00000004
P15D                              00000005
P15OE                             00000005
P15PU                             00000005
P16D                              00000006
P16OE                             00000006
P16PU                             00000006
P17D                              00000007
P17OE                             00000007
P17PU                             00000007
P20D                              00000000
P20OE                             00000000
P20PU                             00000000
P21D                              00000001
P21OE                             00000001
P21PU                             00000001
P22D                              00000002
P22OE                             00000002
P22PU                             00000002
P23D                              00000003
P23OE                             00000003
P23PU                             00000003
P24D                              00000004
P24OE                             00000004
P24PU                             00000004
P25D                              00000005
P25OE                             00000005
P25PU                             00000005
P26D                              00000006
P26OE                             00000006
P26PU                             00000006
P27D                              00000007
P27OE                             00000007
P27PU                             00000007
P30D                              00000000
P30OE                             00000000
P30PU                             00000000
P31D                              00000001
P31OE                             00000001
P31PU                             00000001
P32D                              00000002
P32OE                             00000002
P32PU                             00000002
P33D                              00000003
P33OE                             00000003
P33PU                             00000003
P34D                              00000004
P34OE                             00000004
P34PU                             00000004
P35D                              00000005
P35OE                             00000005
P35PU                             00000005
P36D                              00000006
P36OE                             00000006
P36PU                             00000006
P37D                              00000007
P37OE                             00000007
P37PU                             00000007
P40D                              00000000
P40OE                             00000000
P40PU                             00000000
P41D                              00000001
P41OE                             00000001
P41PU                             00000001
P42D                              00000002
P42OE                             00000002
P42PU                             00000002
P43D                              00000003
P43OE                             00000003
P43PU                             00000003
P44D                              00000004
P44OE                             00000004
P44PU                             00000004
P45D                              00000005
P45OE                             00000005
P45PU                             00000005
P46D                              00000006
P46OE                             00000006
P46PU                             00000006
P47D                              00000007
P47OE                             00000007
P47PU                             00000007
P50D                              00000000
P50OE                             00000000
P50PU                             00000000
P51D                              00000001
P51OE                             00000001
P51PU                             00000001
P52D                              00000002
P52OE                             00000002
P52PU                             00000002
P53D                              00000003
P53OE                             00000003
P53PU                             00000003
P54D                              00000004
P54OE                             00000004
P55D                              00000005
P55OE                             00000005
P55PU                             00000005
PC0                               00000000
PC1                               00000001
PC2                               00000002
PC3                               00000003
PC4                               00000004
PC5                               00000005
PC6                               00000006
PC7                               00000007
PCL                               000001B6
PD                                00000004
PFLAG                             000001B7
PUP0                              000001C2
PUP1                              000001C6
PUP2                              000001CA
PUP3                              000001CE
PUP4                              000001D2
PUP5                              000001D6
PWMEN                             00000006
RSEL                              00000002
STBH                              00000004
STBL                              00000005
STK00                             00000000
STK01                             00000000
STK02                             00000000
STK03                             00000000
STK04                             00000000
STK05                             00000000
STK06                             00000000
T0CR0                             000001D8
T0CR1                             000001D9
T0DATAH                           000001DE
T0DATAH0                          00000000
T0DATAH1                          00000001
T0DATAH2                          00000002
T0DATAH3                          00000003
T0DATAH4                          00000004
T0DATAH5                          00000005
T0DATAH6                          00000006
T0DATAH7                          00000007
T0DATAL                           000001DF
T0DATAL0                          00000000
T0DATAL1                          00000001
T0DATAL2                          00000002
T0DATAL3                          00000003
T0DATAL4                          00000004
T0DATAL5                          00000005
T0DATAL6                          00000006
T0DATAL7                          00000007
T0IE                              00000000
T0IF                              00000000
T0LATFH                           000001E2
T0LATFH0                          00000000
T0LATFH1                          00000001
T0LATFH2                          00000002
T0LATFH3                          00000003
T0LATFH4                          00000004
T0LATFH5                          00000005
T0LATFH6                          00000006
T0LATFH7                          00000007
T0LATFL                           000001E3
T0LATFL0                          00000000
T0LATFL1                          00000001
T0LATFL2                          00000002
T0LATFL3                          00000003
T0LATFL4                          00000004
T0LATFL5                          00000005
T0LATFL6                          00000006
T0LATFL7                          00000007
T0LATRH                           000001E0
T0LATRH0                          00000000
T0LATRH1                          00000001
T0LATRH2                          00000002
T0LATRH3                          00000003
T0LATRH4                          00000004
T0LATRH5                          00000005
T0LATRH6                          00000006
T0LATRH7                          00000007
T0LATRL                           000001E1
T0LATRL0                          00000000
T0LATRL1                          00000001
T0LATRL2                          00000002
T0LATRL3                          00000003
T0LATRL4                          00000004
T0LATRL5                          00000005
T0LATRL6                          00000006
T0LATRL7                          00000007
T0LOADH                           000001DC
T0LOADL                           000001DD
T0LOADL0                          00000000
T0LOADL1                          00000001
T0LOADL2                          00000002
T0LOADL3                          00000003
T0LOADL4                          00000004
T0LOADL5                          00000005
T0LOADL6                          00000006
T0LOADL7                          00000007
T0MOD0                            00000005
T0MOD1                            00000006
T0PR0                             00000000
T0PR1                             00000001
T0PR2                             00000002
T0PTS0                            00000003
T0PTS1                            00000004
T0RF                              00000006
T1CR                              000001E4
T1DATA                            000001E5
T1DATA0                           00000000
T1DATA1                           00000001
T1DATA2                           00000002
T1DATA3                           00000003
T1DATA4                           00000004
T1DATA5                           00000005
T1DATA6                           00000006
T1DATA7                           00000007
T1IE                              00000001
T1IF                              00000001
T1LOAD                            000001E6
T1LOAD0                           00000000
T1LOAD1                           00000001
T1LOAD2                           00000002
T1LOAD3                           00000003
T1LOAD4                           00000004
T1LOAD5                           00000005
T1LOAD6                           00000006
T1LOAD7                           00000007
T1MOD0                            00000005
T1MOD1                            00000006
T1PR0                             00000000
T1PR1                             00000001
T1PR2                             00000002
T1PTS0                            00000003
T1PTS1                            00000004
TC0EN                             00000007
TC1EN                             00000007
TO                                00000005
VDLSEL                            00000004
VLCDS                             00000003
VREFRES                           00000001
VREXT                             00000000
VSEL                              00000006
WSEL0                             00000003
WSEL1                             00000004
Z                                 00000002
_00106_DS_                        0000003E
_00108_DS_                        00000067
_00109_DS_                        000000B0
_CONFIG0                          00008000
_CONFIG1                          00008001
__33P116                          00000001
___fs2schar                       00000000
___fs2sint                        00000000
___fs2slong                       00000000
___fs2uchar                       00000000
___fs2uint                        00000000
___fs2ulong                       00000000
___fsadd                          00000000
___fsdiv                          00000000
___fseq                           00000000
___fsgt                           00000000
___fslt                           00000000
___fsmul                          00000000
___fsneq                          00000000
___fssub                          00000000
___fssub_fl1_1_22                 00000008
___fssub_fl2_1_22                 0000000C
___schar2fs                       00000000
___sint2fs                        00000000
___slong2fs                       00000000
___uchar2fs                       00000000
___uint2fs                        00000000
___ulong2fs                       00000000
r0x1008                           00000003
r0x1009                           00000002
r0x100A                           00000001
r0x100B                           00000000
r0x100C                           00000007
r0x100D                           00000006
r0x100E                           00000005
r0x100F                           00000004

Errors   :     0
Warnings :     0 reported,     0 suppressed
Messages :     0 reported,     0 suppressed

