gpasm-2.0.0_beta2 (Nov  6 2017)mc32p5314.asm      2018-1-11  15:10:16          PAGE  1


LOC  OBJECT CODE     LINE SOURCE TEXT
  VALUE

                      00001 ;--------------------------------------------------------
                      00002 ; File Created by SN-SDCC : SinoMCU ANSI-C Compiler
                      00003 ; Version 1.1.0 (Dec 19 2017) (MINGW32)
                      00004 ; This file was generated Thu Jan 11 15:10:15 2018
                      00005 ;--------------------------------------------------------
                      00006 ; MC32 port for the RISC core
                      00007 ;--------------------------------------------------------
                      00008 ;       .file   "mc32p5314.c"
                      00009         list    p=3316
                      00010         radix dec
                      00011         include "3316.inc"
                      00001                 LIST
                      00002 ;mc32p5314.inc    Standard Header File, Version 1.00 by Sinomcu
                      00772                 LIST
                      00012 ;--------------------------------------------------------
                      00013 ; external declarations
                      00014 ;--------------------------------------------------------
                      00015 
                      00016         extern STK06
                      00017         extern STK05
                      00018         extern STK04
                      00019         extern STK03
                      00020         extern STK02
                      00021         extern STK01
                      00022         extern STK00
                      00023 ;--------------------------------------------------------
                      00024 ; global declarations
                      00025 ;--------------------------------------------------------
                      00026         global  _INDF0bits
                      00027         global  _INDF1bits
                      00028         global  _INDF2bits
                      00029         global  _HIBYTEbits
                      00030         global  _FSR0bits
                      00031         global  _FSR1bits
                      00032         global  _PCLbits
                      00033         global  _PFLAGbits
                      00034         global  _MCRbits
                      00035         global  _INDF3bits
                      00036         global  _INTEbits
                      00037         global  _INTFbits
                      00038         global  _OSCMbits
                      00039         global  _LVDCRbits
                      00040         global  _LXTCRbits
                      00041         global  _IOP0bits
                      00042         global  _OEP0bits
                      00043         global  _PUP0bits
                      00044         global  _DKWP0bits
                      00045         global  _IOP1bits
                      00046         global  _OEP1bits
                      00047         global  _PUP1bits
                      00048         global  _LCDIOSP1bits
                      00049         global  _IOP2bits
                      00050         global  _OEP2bits
                      00051         global  _PUP2bits
                      00052         global  _LCDIOSP2bits
                      00053         global  _IOP3bits
                      00054         global  _OEP3bits
                      00055         global  _PUP3bits
                      00056         global  _LCDIOSP3bits
                      00057         global  _IOP4bits
                      00058         global  _OEP4bits
                      00059         global  _PUP4bits
                      00060         global  _LCDIOSP4bits
                      00061         global  _IOP5bits
                      00062         global  _OEP5bits
                      00063         global  _PUP5bits
                      00064         global  _LCDIOSP5bits
                      00065         global  _T0CR0bits
                      00066         global  _T0CR1bits
                      00067         global  _T0LOADLbits
                      00068         global  _T0DATAHbits
                      00069         global  _T0DATALbits
                      00070         global  _T0LATRHbits
                      00071         global  _T0LATRLbits
                      00072         global  _T0LATFHbits
                      00073         global  _T0LATFLbits
                      00074         global  _T1CRbits
                      00075         global  _T1DATAbits
                      00076         global  _T1LOADbits
                      00077         global  _ADCR0bits
                      00078         global  _ADCR1bits
                      00079         global  _ADCR2bits
                      00080         global  _OPCR0bits
                      00081         global  _OPCR1bits
                      00082         global  _LCDCR0bits
                      00083         global  _LCDCR1bits
                      00084         global  _DKWbits
                      00085         global  _KBCRbits
                      00086         global  _LCDDRVbits
                      00087         global  _LCDDS00
                      00088         global  _LCDDS01
                      00089         global  _LCDDS02
                      00090         global  _LCDDS03
                      00091         global  _LCDDS04
                      00092         global  _LCDDS05
                      00093         global  _LCDDS06
                      00094         global  _LCDDS07
                      00095         global  _LCDDS08
                      00096         global  _LCDDS09
                      00097         global  _LCDDS10
                      00098         global  _LCDDS11
                      00099         global  _LCDDS12
                      00100         global  _LCDDS13
                      00101         global  _LCDDS14
                      00102         global  _LCDDS15
                      00103         global  _LCDDS16
                      00104         global  _LCDDS17
                      00105         global  _LCDDS18
                      00106         global  _LCDDS19
                      00107         global  _LCDDS20
                      00108         global  _LCDDS21
                      00109         global  _LCDDS22
                      00110         global  _LCDDS23
                      00111         global  _LCDDS24
                      00112         global  _LCDDS25
                      00113         global  _LCDDS26
                      00114         global  _LCDDS27
                      00115         global  _LCDDS28
                      00116         global  _LCDDS29
                      00117         global  _INDF0
                      00118         global  _INDF1
                      00119         global  _INDF2
                      00120         global  _HIBYTE
                      00121         global  _FSR0
                      00122         global  _FSR1
                      00123         global  _PCL
                      00124         global  _PFLAG
                      00125         global  _MCR
                      00126         global  _INDF3
                      00127         global  _INTE
                      00128         global  _INTF
                      00129         global  _OSCM
                      00130         global  _LVDCR
                      00131         global  _LXTCR
                      00132         global  _IOP0
                      00133         global  _OEP0
                      00134         global  _PUP0
                      00135         global  _DKWP0
                      00136         global  _IOP1
                      00137         global  _OEP1
                      00138         global  _PUP1
                      00139         global  _LCDIOSP1
                      00140         global  _IOP2
                      00141         global  _OEP2
                      00142         global  _PUP2
                      00143         global  _LCDIOSP2
                      00144         global  _IOP3
                      00145         global  _OEP3
                      00146         global  _PUP3
                      00147         global  _LCDIOSP3
                      00148         global  _IOP4
                      00149         global  _OEP4
                      00150         global  _PUP4
                      00151         global  _LCDIOSP4
                      00152         global  _IOP5
                      00153         global  _OEP5
                      00154         global  _PUP5
                      00155         global  _LCDIOSP5
                      00156         global  _T0CR0
                      00157         global  _T0CR1
                      00158         global  _T0LOADH
                      00159         global  _T0LOADL
                      00160         global  _T0DATAH
                      00161         global  _T0DATAL
                      00162         global  _T0LATRH
                      00163         global  _T0LATRL
                      00164         global  _T0LATFH
                      00165         global  _T0LATFL
                      00166         global  _T1CR
                      00167         global  _T1DATA
                      00168         global  _T1LOAD
                      00169         global  _ADCR0
                      00170         global  _ADCR1
                      00171         global  _ADCR2
                      00172         global  _ADDRH
                      00173         global  _ADDRL
                      00174         global  _OPCR0
                      00175         global  _OPCR1
                      00176         global  _LCDCR0
                      00177         global  _LCDCR1
                      00178         global  _DKW
                      00179         global  _KBCR
                      00180         global  _LCDDRV
                      00181 
                      00182 ;--------------------------------------------------------
                      00183 ; global definitions
                      00184 ;--------------------------------------------------------
                      00185 ;--------------------------------------------------------
                      00186 ; absolute symbol definitions
                      00187 ;--------------------------------------------------------
                      00188 UD_abs_mc32p5314_100    udata_ovr       0x0100
0080                  00189 _LCDDS00
0080                  00190         res     1
                      00191 UD_abs_mc32p5314_101    udata_ovr       0x0101
0080                  00192 _LCDDS01
0080                  00193         res     1
                      00194 UD_abs_mc32p5314_102    udata_ovr       0x0102
0081                  00195 _LCDDS02
0081                  00196         res     1
                      00197 UD_abs_mc32p5314_103    udata_ovr       0x0103
0081                  00198 _LCDDS03
0081                  00199         res     1
                      00200 UD_abs_mc32p5314_104    udata_ovr       0x0104
0082                  00201 _LCDDS04
0082                  00202         res     1
                      00203 UD_abs_mc32p5314_105    udata_ovr       0x0105
0082                  00204 _LCDDS05
0082                  00205         res     1
                      00206 UD_abs_mc32p5314_106    udata_ovr       0x0106
0083                  00207 _LCDDS06
0083                  00208         res     1
                      00209 UD_abs_mc32p5314_107    udata_ovr       0x0107
0083                  00210 _LCDDS07
0083                  00211         res     1
                      00212 UD_abs_mc32p5314_108    udata_ovr       0x0108
0084                  00213 _LCDDS08
0084                  00214         res     1
                      00215 UD_abs_mc32p5314_109    udata_ovr       0x0109
0084                  00216 _LCDDS09
0084                  00217         res     1
                      00218 UD_abs_mc32p5314_10a    udata_ovr       0x010a
0085                  00219 _LCDDS10
0085                  00220         res     1
                      00221 UD_abs_mc32p5314_10b    udata_ovr       0x010b
0085                  00222 _LCDDS11
0085                  00223         res     1
                      00224 UD_abs_mc32p5314_10c    udata_ovr       0x010c
0086                  00225 _LCDDS12
0086                  00226         res     1
                      00227 UD_abs_mc32p5314_10d    udata_ovr       0x010d
0086                  00228 _LCDDS13
0086                  00229         res     1
                      00230 UD_abs_mc32p5314_10e    udata_ovr       0x010e
0087                  00231 _LCDDS14
0087                  00232         res     1
                      00233 UD_abs_mc32p5314_10f    udata_ovr       0x010f
0087                  00234 _LCDDS15
0087                  00235         res     1
                      00236 UD_abs_mc32p5314_110    udata_ovr       0x0110
0088                  00237 _LCDDS16
0088                  00238         res     1
                      00239 UD_abs_mc32p5314_111    udata_ovr       0x0111
0088                  00240 _LCDDS17
0088                  00241         res     1
                      00242 UD_abs_mc32p5314_112    udata_ovr       0x0112
0089                  00243 _LCDDS18
0089                  00244         res     1
                      00245 UD_abs_mc32p5314_113    udata_ovr       0x0113
0089                  00246 _LCDDS19
0089                  00247         res     1
                      00248 UD_abs_mc32p5314_114    udata_ovr       0x0114
008A                  00249 _LCDDS20
008A                  00250         res     1
                      00251 UD_abs_mc32p5314_115    udata_ovr       0x0115
008A                  00252 _LCDDS21
008A                  00253         res     1
                      00254 UD_abs_mc32p5314_116    udata_ovr       0x0116
008B                  00255 _LCDDS22
008B                  00256         res     1
                      00257 UD_abs_mc32p5314_117    udata_ovr       0x0117
008B                  00258 _LCDDS23
008B                  00259         res     1
                      00260 UD_abs_mc32p5314_118    udata_ovr       0x0118
008C                  00261 _LCDDS24
008C                  00262         res     1
                      00263 UD_abs_mc32p5314_119    udata_ovr       0x0119
008C                  00264 _LCDDS25
008C                  00265         res     1
                      00266 UD_abs_mc32p5314_11a    udata_ovr       0x011a
008D                  00267 _LCDDS26
008D                  00268         res     1
                      00269 UD_abs_mc32p5314_11b    udata_ovr       0x011b
008D                  00270 _LCDDS27
008D                  00271         res     1
                      00272 UD_abs_mc32p5314_11c    udata_ovr       0x011c
008E                  00273 _LCDDS28
008E                  00274         res     1
                      00275 UD_abs_mc32p5314_11d    udata_ovr       0x011d
008E                  00276 _LCDDS29
008E                  00277         res     1
                      00278 UD_abs_mc32p5314_1b0    udata_ovr       0x01b0
00D8                  00279 _INDF0bits
00D8                  00280 _INDF0
00D8                  00281         res     1
                      00282 UD_abs_mc32p5314_1b1    udata_ovr       0x01b1
00D8                  00283 _INDF1bits
00D8                  00284 _INDF1
00D8                  00285         res     1
                      00286 UD_abs_mc32p5314_1b2    udata_ovr       0x01b2
00D9                  00287 _INDF2bits
00D9                  00288 _INDF2
00D9                  00289         res     1
                      00290 UD_abs_mc32p5314_1b3    udata_ovr       0x01b3
00D9                  00291 _HIBYTEbits
00D9                  00292 _HIBYTE
00D9                  00293         res     1
                      00294 UD_abs_mc32p5314_1b4    udata_ovr       0x01b4
00DA                  00295 _FSR0bits
00DA                  00296 _FSR0
00DA                  00297         res     1
                      00298 UD_abs_mc32p5314_1b5    udata_ovr       0x01b5
00DA                  00299 _FSR1bits
00DA                  00300 _FSR1
00DA                  00301         res     1
                      00302 UD_abs_mc32p5314_1b6    udata_ovr       0x01b6
00DB                  00303 _PCLbits
00DB                  00304 _PCL
00DB                  00305         res     1
                      00306 UD_abs_mc32p5314_1b7    udata_ovr       0x01b7
00DB                  00307 _PFLAGbits
00DB                  00308 _PFLAG
00DB                  00309         res     1
                      00310 UD_abs_mc32p5314_1b8    udata_ovr       0x01b8
00DC                  00311 _MCRbits
00DC                  00312 _MCR
00DC                  00313         res     1
                      00314 UD_abs_mc32p5314_1b9    udata_ovr       0x01b9
00DC                  00315 _INDF3bits
00DC                  00316 _INDF3
00DC                  00317         res     1
                      00318 UD_abs_mc32p5314_1ba    udata_ovr       0x01ba
00DD                  00319 _INTEbits
00DD                  00320 _INTE
00DD                  00321         res     1
                      00322 UD_abs_mc32p5314_1bb    udata_ovr       0x01bb
00DD                  00323 _INTFbits
00DD                  00324 _INTF
00DD                  00325         res     1
                      00326 UD_abs_mc32p5314_1bc    udata_ovr       0x01bc
00DE                  00327 _OSCMbits
00DE                  00328 _OSCM
00DE                  00329         res     1
                      00330 UD_abs_mc32p5314_1bd    udata_ovr       0x01bd
00DE                  00331 _LVDCRbits
00DE                  00332 _LVDCR
00DE                  00333         res     1
                      00334 UD_abs_mc32p5314_1be    udata_ovr       0x01be
00DF                  00335 _LXTCRbits
00DF                  00336 _LXTCR
00DF                  00337         res     1
                      00338 UD_abs_mc32p5314_1c0    udata_ovr       0x01c0
00E0                  00339 _IOP0bits
00E0                  00340 _IOP0
00E0                  00341         res     1
                      00342 UD_abs_mc32p5314_1c1    udata_ovr       0x01c1
00E0                  00343 _OEP0bits
00E0                  00344 _OEP0
00E0                  00345         res     1
                      00346 UD_abs_mc32p5314_1c2    udata_ovr       0x01c2
00E1                  00347 _PUP0bits
00E1                  00348 _PUP0
00E1                  00349         res     1
                      00350 UD_abs_mc32p5314_1c3    udata_ovr       0x01c3
00E1                  00351 _DKWP0bits
00E1                  00352 _DKWP0
00E1                  00353         res     1
                      00354 UD_abs_mc32p5314_1c4    udata_ovr       0x01c4
00E2                  00355 _IOP1bits
00E2                  00356 _IOP1
00E2                  00357         res     1
                      00358 UD_abs_mc32p5314_1c5    udata_ovr       0x01c5
00E2                  00359 _OEP1bits
00E2                  00360 _OEP1
00E2                  00361         res     1
                      00362 UD_abs_mc32p5314_1c6    udata_ovr       0x01c6
00E3                  00363 _PUP1bits
00E3                  00364 _PUP1
00E3                  00365         res     1
                      00366 UD_abs_mc32p5314_1c7    udata_ovr       0x01c7
00E3                  00367 _LCDIOSP1bits
00E3                  00368 _LCDIOSP1
00E3                  00369         res     1
                      00370 UD_abs_mc32p5314_1c8    udata_ovr       0x01c8
00E4                  00371 _IOP2bits
00E4                  00372 _IOP2
00E4                  00373         res     1
                      00374 UD_abs_mc32p5314_1c9    udata_ovr       0x01c9
00E4                  00375 _OEP2bits
00E4                  00376 _OEP2
00E4                  00377         res     1
                      00378 UD_abs_mc32p5314_1ca    udata_ovr       0x01ca
00E5                  00379 _PUP2bits
00E5                  00380 _PUP2
00E5                  00381         res     1
                      00382 UD_abs_mc32p5314_1cb    udata_ovr       0x01cb
00E5                  00383 _LCDIOSP2bits
00E5                  00384 _LCDIOSP2
00E5                  00385         res     1
                      00386 UD_abs_mc32p5314_1cc    udata_ovr       0x01cc
00E6                  00387 _IOP3bits
00E6                  00388 _IOP3
00E6                  00389         res     1
                      00390 UD_abs_mc32p5314_1cd    udata_ovr       0x01cd
00E6                  00391 _OEP3bits
00E6                  00392 _OEP3
00E6                  00393         res     1
                      00394 UD_abs_mc32p5314_1ce    udata_ovr       0x01ce
00E7                  00395 _PUP3bits
00E7                  00396 _PUP3
00E7                  00397         res     1
                      00398 UD_abs_mc32p5314_1cf    udata_ovr       0x01cf
00E7                  00399 _LCDIOSP3bits
00E7                  00400 _LCDIOSP3
00E7                  00401         res     1
                      00402 UD_abs_mc32p5314_1d0    udata_ovr       0x01d0
00E8                  00403 _IOP4bits
00E8                  00404 _IOP4
00E8                  00405         res     1
                      00406 UD_abs_mc32p5314_1d1    udata_ovr       0x01d1
00E8                  00407 _OEP4bits
00E8                  00408 _OEP4
00E8                  00409         res     1
                      00410 UD_abs_mc32p5314_1d2    udata_ovr       0x01d2
00E9                  00411 _PUP4bits
00E9                  00412 _PUP4
00E9                  00413         res     1
                      00414 UD_abs_mc32p5314_1d3    udata_ovr       0x01d3
00E9                  00415 _LCDIOSP4bits
00E9                  00416 _LCDIOSP4
00E9                  00417         res     1
                      00418 UD_abs_mc32p5314_1d4    udata_ovr       0x01d4
00EA                  00419 _IOP5bits
00EA                  00420 _IOP5
00EA                  00421         res     1
                      00422 UD_abs_mc32p5314_1d5    udata_ovr       0x01d5
00EA                  00423 _OEP5bits
00EA                  00424 _OEP5
00EA                  00425         res     1
                      00426 UD_abs_mc32p5314_1d6    udata_ovr       0x01d6
00EB                  00427 _PUP5bits
00EB                  00428 _PUP5
00EB                  00429         res     1
                      00430 UD_abs_mc32p5314_1d7    udata_ovr       0x01d7
00EB                  00431 _LCDIOSP5bits
00EB                  00432 _LCDIOSP5
00EB                  00433         res     1
                      00434 UD_abs_mc32p5314_1d8    udata_ovr       0x01d8
00EC                  00435 _T0CR0bits
00EC                  00436 _T0CR0
00EC                  00437         res     1
                      00438 UD_abs_mc32p5314_1d9    udata_ovr       0x01d9
00EC                  00439 _T0CR1bits
00EC                  00440 _T0CR1
00EC                  00441         res     1
                      00442 UD_abs_mc32p5314_1dc    udata_ovr       0x01dc
00EE                  00443 _T0LOADH
00EE                  00444         res     1
                      00445 UD_abs_mc32p5314_1dd    udata_ovr       0x01dd
00EE                  00446 _T0LOADLbits
00EE                  00447 _T0LOADL
00EE                  00448         res     1
                      00449 UD_abs_mc32p5314_1de    udata_ovr       0x01de
00EF                  00450 _T0DATAHbits
00EF                  00451 _T0DATAH
00EF                  00452         res     1
                      00453 UD_abs_mc32p5314_1df    udata_ovr       0x01df
00EF                  00454 _T0DATALbits
00EF                  00455 _T0DATAL
00EF                  00456         res     1
                      00457 UD_abs_mc32p5314_1e0    udata_ovr       0x01e0
00F0                  00458 _T0LATRHbits
00F0                  00459 _T0LATRH
00F0                  00460         res     1
                      00461 UD_abs_mc32p5314_1e1    udata_ovr       0x01e1
00F0                  00462 _T0LATRLbits
00F0                  00463 _T0LATRL
00F0                  00464         res     1
                      00465 UD_abs_mc32p5314_1e2    udata_ovr       0x01e2
00F1                  00466 _T0LATFHbits
00F1                  00467 _T0LATFH
00F1                  00468         res     1
                      00469 UD_abs_mc32p5314_1e3    udata_ovr       0x01e3
00F1                  00470 _T0LATFLbits
00F1                  00471 _T0LATFL
00F1                  00472         res     1
                      00473 UD_abs_mc32p5314_1e4    udata_ovr       0x01e4
00F2                  00474 _T1CRbits
00F2                  00475 _T1CR
00F2                  00476         res     1
                      00477 UD_abs_mc32p5314_1e5    udata_ovr       0x01e5
00F2                  00478 _T1DATAbits
00F2                  00479 _T1DATA
00F2                  00480         res     1
                      00481 UD_abs_mc32p5314_1e6    udata_ovr       0x01e6
00F3                  00482 _T1LOADbits
00F3                  00483 _T1LOAD
00F3                  00484         res     1
                      00485 UD_abs_mc32p5314_1e8    udata_ovr       0x01e8
00F4                  00486 _ADCR0bits
00F4                  00487 _ADCR0
00F4                  00488         res     1
                      00489 UD_abs_mc32p5314_1e9    udata_ovr       0x01e9
00F4                  00490 _ADCR1bits
00F4                  00491 _ADCR1
00F4                  00492         res     1
                      00493 UD_abs_mc32p5314_1ea    udata_ovr       0x01ea
00F5                  00494 _ADCR2bits
00F5                  00495 _ADCR2
00F5                  00496         res     1
                      00497 UD_abs_mc32p5314_1ec    udata_ovr       0x01ec
00F6                  00498 _ADDRH
00F6                  00499         res     1
                      00500 UD_abs_mc32p5314_1ed    udata_ovr       0x01ed
00F6                  00501 _ADDRL
00F6                  00502         res     1
                      00503 UD_abs_mc32p5314_1f0    udata_ovr       0x01f0
00F8                  00504 _OPCR0bits
00F8                  00505 _OPCR0
00F8                  00506         res     1
                      00507 UD_abs_mc32p5314_1f1    udata_ovr       0x01f1
00F8                  00508 _OPCR1bits
00F8                  00509 _OPCR1
00F8                  00510         res     1
                      00511 UD_abs_mc32p5314_1f2    udata_ovr       0x01f2
00F9                  00512 _LCDCR0bits
00F9                  00513 _LCDCR0
00F9                  00514         res     1
                      00515 UD_abs_mc32p5314_1f3    udata_ovr       0x01f3
00F9                  00516 _LCDCR1bits
00F9                  00517 _LCDCR1
00F9                  00518         res     1
                      00519 UD_abs_mc32p5314_1f4    udata_ovr       0x01f4
00FA                  00520 _DKWbits
00FA                  00521 _DKW
00FA                  00522         res     1
                      00523 UD_abs_mc32p5314_1f5    udata_ovr       0x01f5
00FA                  00524 _KBCRbits
00FA                  00525 _KBCR
00FA                  00526         res     1
                      00527 UD_abs_mc32p5314_1f6    udata_ovr       0x01f6
00FB                  00528 _LCDDRVbits
00FB                  00529 _LCDDRV
00FB                  00530         res     1
                      00531 ;--------------------------------------------------------
                      00532 ; compiler-defined variables
                      00533 ;--------------------------------------------------------
                      00534 ;--------------------------------------------------------
                      00535 ; initialized data
                      00536 ;--------------------------------------------------------
                      00537 ;--------------------------------------------------------
                      00538 ; overlayable items in internal ram 
                      00539 ;--------------------------------------------------------
                      00540 ;       udata_ovr
                      00541 ;--------------------------------------------------------
                      00542 ; code
                      00543 ;--------------------------------------------------------
                      00544 code_mc32p5314  code
                      00545 
                      00546 ;       code size estimation:
                      00547 ;           0+    0 =     0 instructions (    0 byte)
                      00548 
                      00549         end
gpasm-2.0.0_beta2 (Nov  6 2017)mc32p5314.asm      2018-1-11  15:10:16          PAGE  2


SYMBOL TABLE
  LABEL                             VALUE

ADCHS0                            00000004
ADCHS1                            00000005
ADCHS2                            00000006
ADCHS3                            00000007
ADCKS0                            00000002
ADCKS1                            00000003
ADCR0                             000001E8
ADCR1                             000001E9
ADCR2                             000001EA
ADDRH                             000001EC
ADDRL                             000001ED
ADEOC                             00000001
ADIE                              00000007
ADIF                              00000007
ADIOS0                            00000000
ADIOS1                            00000001
ADIOS2                            00000002
ADIOS3                            00000003
ADIOS4                            00000004
ADIOS5                            00000005
ADIOS6                            00000006
ADIOS7                            00000007
ADON                              00000000
C                                 00000000
CLKS                              00000002
CSEL0                             00000000
CSEL1                             00000001
DC                                00000001
DKW                               000001F4
DKWE                              00000007
DKWP0                             000001C3
DRVS                              00000001
DSELEN                            00000000
FILS                              00000003
FLCD0                             00000000
FLCD1                             00000001
FPWMA0                            00000002
FPWMA1                            00000003
FPWMB0                            00000000
FPWMB1                            00000001
FPWMEN                            00000007
FPWMS                             00000004
FSEL0                             00000002
FSEL1                             00000003
FSR0                              000001B4
FSR00                             00000000
FSR01                             00000001
FSR02                             00000002
FSR03                             00000003
FSR04                             00000004
FSR05                             00000005
FSR06                             00000006
FSR07                             00000007
FSR1                              000001B5
FSR10                             00000000
FSR11                             00000001
FSR12                             00000002
FSR13                             00000003
FSR14                             00000004
FSR15                             00000005
FSR16                             00000006
FSR17                             00000007
GIE                               00000007
HFEN                              00000000
HIBYTE                            000001B3
HIBYTE0                           00000000
HIBYTE1                           00000001
HIBYTE2                           00000002
HIBYTE3                           00000003
HIBYTE4                           00000004
HIBYTE5                           00000005
HIBYTE6                           00000006
HIBYTE7                           00000007
INDF0                             000001B0
INDF00                            00000000
INDF01                            00000001
INDF02                            00000002
INDF03                            00000003
INDF04                            00000004
INDF05                            00000005
INDF06                            00000006
INDF07                            00000007
INDF1                             000001B1
INDF10                            00000000
INDF11                            00000001
INDF12                            00000002
INDF13                            00000003
INDF14                            00000004
INDF15                            00000005
INDF16                            00000006
INDF17                            00000007
INDF2                             000001B2
INDF20                            00000000
INDF21                            00000001
INDF22                            00000002
INDF23                            00000003
INDF24                            00000004
INDF25                            00000005
INDF26                            00000006
INDF27                            00000007
INDF3                             000001B9
INDF30                            00000000
INDF31                            00000001
INDF32                            00000002
INDF33                            00000003
INDF34                            00000004
INDF35                            00000005
INDF36                            00000006
INDF37                            00000007
INT0IE                            00000002
INT0IF                            00000002
INT1IE                            00000003
INT1IF                            00000003
INTE                              000001BA
INTF                              000001BB
IOP0                              000001C0
IOP1                              000001C4
IOP2                              000001C8
IOP3                              000001CC
IOP4                              000001D0
IOP5                              000001D4
IRIN                              00000007
IROS                              00000006
IROT                              00000005
KBCR                              000001F5
KBCR0                             00000000
KBCR1                             00000001
KBCR2                             00000002
KBCR3                             00000003
KBCR4                             00000004
KBCR5                             00000005
KBCR6                             00000006
KBCR7                             00000007
KBIE                              00000004
KBIF                              00000004
LCDCKS                            00000002
LCDCR0                            000001F2
LCDCR1                            000001F3
LCDDRV                            000001F6
LCDDRVP06                         00000000
LCDDRVP22                         00000001
LCDDRVP23                         00000002
LCDDS00                           00000100
LCDDS01                           00000101
LCDDS02                           00000102
LCDDS03                           00000103
LCDDS04                           00000104
LCDDS05                           00000105
LCDDS06                           00000106
LCDDS07                           00000107
LCDDS08                           00000108
LCDDS09                           00000109
LCDDS10                           0000010A
LCDDS11                           0000010B
LCDDS12                           0000010C
LCDDS13                           0000010D
LCDDS14                           0000010E
LCDDS15                           0000010F
LCDDS16                           00000110
LCDDS17                           00000111
LCDDS18                           00000112
LCDDS19                           00000113
LCDDS20                           00000114
LCDDS21                           00000115
LCDDS22                           00000116
LCDDS23                           00000117
LCDDS24                           00000118
LCDDS25                           00000119
LCDDS26                           0000011A
LCDDS27                           0000011B
LCDDS28                           0000011C
LCDDS29                           0000011D
LCDDUTY                           00000004
LCDEN                             00000007
LCDIOSP1                          000001C7
LCDIOSP10                         00000000
LCDIOSP11                         00000001
LCDIOSP12                         00000002
LCDIOSP13                         00000003
LCDIOSP14                         00000004
LCDIOSP15                         00000005
LCDIOSP16                         00000006
LCDIOSP17                         00000007
LCDIOSP2                          000001CB
LCDIOSP20                         00000000
LCDIOSP21                         00000001
LCDIOSP22                         00000002
LCDIOSP23                         00000003
LCDIOSP24                         00000004
LCDIOSP25                         00000005
LCDIOSP26                         00000006
LCDIOSP27                         00000007
LCDIOSP3                          000001CF
LCDIOSP30                         00000000
LCDIOSP31                         00000001
LCDIOSP32                         00000002
LCDIOSP33                         00000003
LCDIOSP34                         00000004
LCDIOSP35                         00000005
LCDIOSP36                         00000006
LCDIOSP37                         00000007
LCDIOSP4                          000001D3
LCDIOSP40                         00000000
LCDIOSP41                         00000001
LCDIOSP42                         00000002
LCDIOSP43                         00000003
LCDIOSP44                         00000004
LCDIOSP45                         00000005
LCDIOSP46                         00000006
LCDIOSP47                         00000007
LCDIOSP5                          000001D7
LCDIOSP50                         00000000
LCDIOSP51                         00000001
LCDM                              00000003
LCDRS0                            00000000
LCDRS1                            00000001
LCDSP0                            00000005
LCDSP1                            00000006
LCDSPEED                          00000002
LFEN                              00000001
LPEN0                             00000000
LPEN1                             00000001
LPEN2                             00000002
LVDCR                             000001BD
LVDEN                             00000007
LVDF                              00000000
LVDIE                             00000005
LVDIF                             00000005
LVDS0                             00000003
LVDS1                             00000004
LVDS2                             00000005
LVDS3                             00000006
LXTCR                             000001BE
MCR                               000001B8
MINT00                            00000000
MINT01                            00000001
MINT10                            00000002
MINT11                            00000003
OEP0                              000001C1
OEP1                              000001C5
OEP2                              000001C9
OEP3                              000001CD
OEP4                              000001D1
OEP5                              000001D5
OPAE                              00000007
OPAM                              00000006
OPCR0                             000001F0
OPCR1                             000001F1
OPFC0                             00000000
OPFC1                             00000001
OPFC2                             00000002
OPFC3                             00000003
OPFC4                             00000004
OPFC5                             00000005
OSCM                              000001BC
P00D                              00000000
P00DKW                            00000000
P00OE                             00000000
P00PU                             00000000
P01D                              00000001
P01DKW                            00000001
P01OE                             00000001
P01PU                             00000001
P02D                              00000002
P02DKW                            00000002
P02OE                             00000002
P02PU                             00000002
P03D                              00000003
P03DKW                            00000003
P03OE                             00000003
P03PU                             00000003
P04D                              00000004
P04DKW                            00000004
P04OE                             00000004
P04PU                             00000004
P05D                              00000005
P05DKW                            00000005
P05OE                             00000005
P05PU                             00000005
P06D                              00000006
P06DKW                            00000006
P06OE                             00000006
P06PU                             00000006
P07D                              00000007
P07DKW                            00000007
P07OE                             00000007
P07PU                             00000007
P10D                              00000000
P10OE                             00000000
P10PU                             00000000
P11D                              00000001
P11OE                             00000001
P11PU                             00000001
P12D                              00000002
P12OE                             00000002
P12PU                             00000002
P13D                              00000003
P13OE                             00000003
P13PU                             00000003
P14D                              00000004
P14OE                             00000004
P14PU                             00000004
P15D                              00000005
P15OE                             00000005
P15PU                             00000005
P16D                              00000006
P16OE                             00000006
P16PU                             00000006
P17D                              00000007
P17OE                             00000007
P17PU                             00000007
P20D                              00000000
P20OE                             00000000
P20PU                             00000000
P21D                              00000001
P21OE                             00000001
P21PU                             00000001
P22D                              00000002
P22OE                             00000002
P22PU                             00000002
P23D                              00000003
P23OE                             00000003
P23PU                             00000003
P24D                              00000004
P24OE                             00000004
P24PU                             00000004
P25D                              00000005
P25OE                             00000005
P25PU                             00000005
P26D                              00000006
P26OE                             00000006
P26PU                             00000006
P27D                              00000007
P27OE                             00000007
P27PU                             00000007
P30D                              00000000
P30OE                             00000000
P30PU                             00000000
P31D                              00000001
P31OE                             00000001
P31PU                             00000001
P32D                              00000002
P32OE                             00000002
P32PU                             00000002
P33D                              00000003
P33OE                             00000003
P33PU                             00000003
P34D                              00000004
P34OE                             00000004
P34PU                             00000004
P35D                              00000005
P35OE                             00000005
P35PU                             00000005
P36D                              00000006
P36OE                             00000006
P36PU                             00000006
P37D                              00000007
P37OE                             00000007
P37PU                             00000007
P40D                              00000000
P40OE                             00000000
P40PU                             00000000
P41D                              00000001
P41OE                             00000001
P41PU                             00000001
P42D                              00000002
P42OE                             00000002
P42PU                             00000002
P43D                              00000003
P43OE                             00000003
P43PU                             00000003
P44D                              00000004
P44OE                             00000004
P44PU                             00000004
P45D                              00000005
P45OE                             00000005
P45PU                             00000005
P46D                              00000006
P46OE                             00000006
P46PU                             00000006
P47D                              00000007
P47OE                             00000007
P47PU                             00000007
P50D                              00000000
P50OE                             00000000
P50PU                             00000000
P51D                              00000001
P51OE                             00000001
P51PU                             00000001
P52D                              00000002
P52OE                             00000002
P52PU                             00000002
P53D                              00000003
P53OE                             00000003
P53PU                             00000003
P54D                              00000004
P54OE                             00000004
P55D                              00000005
P55OE                             00000005
P55PU                             00000005
PC0                               00000000
PC1                               00000001
PC2                               00000002
PC3                               00000003
PC4                               00000004
PC5                               00000005
PC6                               00000006
PC7                               00000007
PCL                               000001B6
PD                                00000004
PFLAG                             000001B7
PUP0                              000001C2
PUP1                              000001C6
PUP2                              000001CA
PUP3                              000001CE
PUP4                              000001D2
PUP5                              000001D6
PWMEN                             00000006
RSEL                              00000002
STBH                              00000004
STBL                              00000005
STK00                             00000000
STK01                             00000000
STK02                             00000000
STK03                             00000000
STK04                             00000000
STK05                             00000000
STK06                             00000000
T0CR0                             000001D8
T0CR1                             000001D9
T0DATAH                           000001DE
T0DATAH0                          00000000
T0DATAH1                          00000001
T0DATAH2                          00000002
T0DATAH3                          00000003
T0DATAH4                          00000004
T0DATAH5                          00000005
T0DATAH6                          00000006
T0DATAH7                          00000007
T0DATAL                           000001DF
T0DATAL0                          00000000
T0DATAL1                          00000001
T0DATAL2                          00000002
T0DATAL3                          00000003
T0DATAL4                          00000004
T0DATAL5                          00000005
T0DATAL6                          00000006
T0DATAL7                          00000007
T0IE                              00000000
T0IF                              00000000
T0LATFH                           000001E2
T0LATFH0                          00000000
T0LATFH1                          00000001
T0LATFH2                          00000002
T0LATFH3                          00000003
T0LATFH4                          00000004
T0LATFH5                          00000005
T0LATFH6                          00000006
T0LATFH7                          00000007
T0LATFL                           000001E3
T0LATFL0                          00000000
T0LATFL1                          00000001
T0LATFL2                          00000002
T0LATFL3                          00000003
T0LATFL4                          00000004
T0LATFL5                          00000005
T0LATFL6                          00000006
T0LATFL7                          00000007
T0LATRH                           000001E0
T0LATRH0                          00000000
T0LATRH1                          00000001
T0LATRH2                          00000002
T0LATRH3                          00000003
T0LATRH4                          00000004
T0LATRH5                          00000005
T0LATRH6                          00000006
T0LATRH7                          00000007
T0LATRL                           000001E1
T0LATRL0                          00000000
T0LATRL1                          00000001
T0LATRL2                          00000002
T0LATRL3                          00000003
T0LATRL4                          00000004
T0LATRL5                          00000005
T0LATRL6                          00000006
T0LATRL7                          00000007
T0LOADH                           000001DC
T0LOADL                           000001DD
T0LOADL0                          00000000
T0LOADL1                          00000001
T0LOADL2                          00000002
T0LOADL3                          00000003
T0LOADL4                          00000004
T0LOADL5                          00000005
T0LOADL6                          00000006
T0LOADL7                          00000007
T0MOD0                            00000005
T0MOD1                            00000006
T0PR0                             00000000
T0PR1                             00000001
T0PR2                             00000002
T0PTS0                            00000003
T0PTS1                            00000004
T0RF                              00000006
T1CR                              000001E4
T1DATA                            000001E5
T1DATA0                           00000000
T1DATA1                           00000001
T1DATA2                           00000002
T1DATA3                           00000003
T1DATA4                           00000004
T1DATA5                           00000005
T1DATA6                           00000006
T1DATA7                           00000007
T1IE                              00000001
T1IF                              00000001
T1LOAD                            000001E6
T1LOAD0                           00000000
T1LOAD1                           00000001
T1LOAD2                           00000002
T1LOAD3                           00000003
T1LOAD4                           00000004
T1LOAD5                           00000005
T1LOAD6                           00000006
T1LOAD7                           00000007
T1MOD0                            00000005
T1MOD1                            00000006
T1PR0                             00000000
T1PR1                             00000001
T1PR2                             00000002
T1PTS0                            00000003
T1PTS1                            00000004
TC0EN                             00000007
TC1EN                             00000007
TO                                00000005
VDLSEL                            00000004
VLCDS                             00000003
VREFRES                           00000001
VREXT                             00000000
VSEL                              00000006
WSEL0                             00000003
WSEL1                             00000004
Z                                 00000002
_ADCR0                            000001E8
_ADCR0bits                        000001E8
_ADCR1                            000001E9
_ADCR1bits                        000001E9
_ADCR2                            000001EA
_ADCR2bits                        000001EA
_ADDRH                            000001EC
_ADDRL                            000001ED
_CONFIG0                          00008000
_CONFIG1                          00008001
_DKW                              000001F4
_DKWP0                            000001C3
_DKWP0bits                        000001C3
_DKWbits                          000001F4
_FSR0                             000001B4
_FSR0bits                         000001B4
_FSR1                             000001B5
_FSR1bits                         000001B5
_HIBYTE                           000001B3
_HIBYTEbits                       000001B3
_INDF0                            000001B0
_INDF0bits                        000001B0
_INDF1                            000001B1
_INDF1bits                        000001B1
_INDF2                            000001B2
_INDF2bits                        000001B2
_INDF3                            000001B9
_INDF3bits                        000001B9
_INTE                             000001BA
_INTEbits                         000001BA
_INTF                             000001BB
_INTFbits                         000001BB
_IOP0                             000001C0
_IOP0bits                         000001C0
_IOP1                             000001C4
_IOP1bits                         000001C4
_IOP2                             000001C8
_IOP2bits                         000001C8
_IOP3                             000001CC
_IOP3bits                         000001CC
_IOP4                             000001D0
_IOP4bits                         000001D0
_IOP5                             000001D4
_IOP5bits                         000001D4
_KBCR                             000001F5
_KBCRbits                         000001F5
_LCDCR0                           000001F2
_LCDCR0bits                       000001F2
_LCDCR1                           000001F3
_LCDCR1bits                       000001F3
_LCDDRV                           000001F6
_LCDDRVbits                       000001F6
_LCDDS00                          00000100
_LCDDS01                          00000101
_LCDDS02                          00000102
_LCDDS03                          00000103
_LCDDS04                          00000104
_LCDDS05                          00000105
_LCDDS06                          00000106
_LCDDS07                          00000107
_LCDDS08                          00000108
_LCDDS09                          00000109
_LCDDS10                          0000010A
_LCDDS11                          0000010B
_LCDDS12                          0000010C
_LCDDS13                          0000010D
_LCDDS14                          0000010E
_LCDDS15                          0000010F
_LCDDS16                          00000110
_LCDDS17                          00000111
_LCDDS18                          00000112
_LCDDS19                          00000113
_LCDDS20                          00000114
_LCDDS21                          00000115
_LCDDS22                          00000116
_LCDDS23                          00000117
_LCDDS24                          00000118
_LCDDS25                          00000119
_LCDDS26                          0000011A
_LCDDS27                          0000011B
_LCDDS28                          0000011C
_LCDDS29                          0000011D
_LCDIOSP1                         000001C7
_LCDIOSP1bits                     000001C7
_LCDIOSP2                         000001CB
_LCDIOSP2bits                     000001CB
_LCDIOSP3                         000001CF
_LCDIOSP3bits                     000001CF
_LCDIOSP4                         000001D3
_LCDIOSP4bits                     000001D3
_LCDIOSP5                         000001D7
_LCDIOSP5bits                     000001D7
_LVDCR                            000001BD
_LVDCRbits                        000001BD
_LXTCR                            000001BE
_LXTCRbits                        000001BE
_MCR                              000001B8
_MCRbits                          000001B8
_OEP0                             000001C1
_OEP0bits                         000001C1
_OEP1                             000001C5
_OEP1bits                         000001C5
_OEP2                             000001C9
_OEP2bits                         000001C9
_OEP3                             000001CD
_OEP3bits                         000001CD
_OEP4                             000001D1
_OEP4bits                         000001D1
_OEP5                             000001D5
_OEP5bits                         000001D5
_OPCR0                            000001F0
_OPCR0bits                        000001F0
_OPCR1                            000001F1
_OPCR1bits                        000001F1
_OSCM                             000001BC
_OSCMbits                         000001BC
_PCL                              000001B6
_PCLbits                          000001B6
_PFLAG                            000001B7
_PFLAGbits                        000001B7
_PUP0                             000001C2
_PUP0bits                         000001C2
_PUP1                             000001C6
_PUP1bits                         000001C6
_PUP2                             000001CA
_PUP2bits                         000001CA
_PUP3                             000001CE
_PUP3bits                         000001CE
_PUP4                             000001D2
_PUP4bits                         000001D2
_PUP5                             000001D6
_PUP5bits                         000001D6
_T0CR0                            000001D8
_T0CR0bits                        000001D8
_T0CR1                            000001D9
_T0CR1bits                        000001D9
_T0DATAH                          000001DE
_T0DATAHbits                      000001DE
_T0DATAL                          000001DF
_T0DATALbits                      000001DF
_T0LATFH                          000001E2
_T0LATFHbits                      000001E2
_T0LATFL                          000001E3
_T0LATFLbits                      000001E3
_T0LATRH                          000001E0
_T0LATRHbits                      000001E0
_T0LATRL                          000001E1
_T0LATRLbits                      000001E1
_T0LOADH                          000001DC
_T0LOADL                          000001DD
_T0LOADLbits                      000001DD
_T1CR                             000001E4
_T1CRbits                         000001E4
_T1DATA                           000001E5
_T1DATAbits                       000001E5
_T1LOAD                           000001E6
_T1LOADbits                       000001E6
__33P116                          00000001

Errors   :     0
Warnings :     0 reported,     0 suppressed
Messages :     0 reported,     0 suppressed

