gpasm-2.0.0_beta2 (Nov  6 2017)ulong2fs.asm       2018-1-12  10:31:24          PAGE  1


LOC  OBJECT CODE     LINE SOURCE TEXT
  VALUE

                      00001 ;--------------------------------------------------------
                      00002 ; File Created by SN-SDCC : SinoMCU ANSI-C Compiler
                      00003 ; Version 1.1.0 (Dec 19 2017) (MINGW32)
                      00004 ; This file was generated Fri Jan 12 10:31:23 2018
                      00005 ;--------------------------------------------------------
                      00006 ; MC32 port for the RISC core
                      00007 ;--------------------------------------------------------
                      00008 ;       .file   "../../libsdcc_mc32l/ulong2fs.c"
                      00009         list    p=3316
                      00010         radix dec
                      00011         include "3316.inc"
                      00001                 LIST
                      00002 ;mc32p5314.inc    Standard Header File, Version 1.00 by Sinomcu
                      00772                 LIST
                      00012 ;--------------------------------------------------------
                      00013 ; external declarations
                      00014 ;--------------------------------------------------------
                      00015         extern  ___uchar2fs
                      00016         extern  ___schar2fs
                      00017         extern  ___uint2fs
                      00018         extern  ___sint2fs
                      00019         extern  ___slong2fs
                      00020         extern  ___fs2uchar
                      00021         extern  ___fs2schar
                      00022         extern  ___fs2uint
                      00023         extern  ___fs2sint
                      00024         extern  ___fs2ulong
                      00025         extern  ___fs2slong
                      00026         extern  ___fsadd
                      00027         extern  ___fssub
                      00028         extern  ___fsmul
                      00029         extern  ___fsdiv
                      00030         extern  ___fslt
                      00031         extern  ___fseq
                      00032         extern  ___fsneq
                      00033         extern  ___fsgt
                      00034 
                      00035         extern STK06
                      00036         extern STK05
                      00037         extern STK04
                      00038         extern STK03
                      00039         extern STK02
                      00040         extern STK01
                      00041         extern STK00
                      00042 ;--------------------------------------------------------
                      00043 ; global declarations
                      00044 ;--------------------------------------------------------
                      00045         global  ___ulong2fs
                      00046 
                      00047 ;--------------------------------------------------------
                      00048 ; global definitions
                      00049 ;--------------------------------------------------------
                      00050 ;--------------------------------------------------------
                      00051 ; absolute symbol definitions
                      00052 ;--------------------------------------------------------
                      00053 ;--------------------------------------------------------
                      00054 ; compiler-defined variables
                      00055 ;--------------------------------------------------------
                      00056 UDL_ulong2fs_0  udata
0000                  00057 r0x1007 res     1
0000                  00058 r0x1006 res     1
0001                  00059 r0x1005 res     1
0001                  00060 r0x1004 res     1
0002                  00061 r0x1008 res     1
0002                  00062 r0x1009 res     1
0003                  00063 r0x100A res     1
0003                  00064 r0x100B res     1
0004                  00065 r0x100C res     1
0004                  00066 r0x100D res     1
0005                  00067 r0x100F res     1
0005                  00068 r0x100E res     1
0006                  00069 ___ulong2fs_fl_1_22     res     4
                      00070 ;--------------------------------------------------------
                      00071 ; initialized data
                      00072 ;--------------------------------------------------------
                      00073 
                      00074 ;@Allocation info for local variables in function '__ulong2fs'
                      00075 ;@__ulong2fs __uchar2fs                Allocated to registers ;size:2
                      00076 ;@__ulong2fs __schar2fs                Allocated to registers ;size:2
                      00077 ;@__ulong2fs __uint2fs                 Allocated to registers ;size:2
                      00078 ;@__ulong2fs __sint2fs                 Allocated to registers ;size:2
                      00079 ;@__ulong2fs __slong2fs                Allocated to registers ;size:2
                      00080 ;@__ulong2fs __fs2uchar                Allocated to registers ;size:2
                      00081 ;@__ulong2fs __fs2schar                Allocated to registers ;size:2
                      00082 ;@__ulong2fs __fs2uint                 Allocated to registers ;size:2
                      00083 ;@__ulong2fs __fs2sint                 Allocated to registers ;size:2
                      00084 ;@__ulong2fs __fs2ulong                Allocated to registers ;size:2
                      00085 ;@__ulong2fs __fs2slong                Allocated to registers ;size:2
                      00086 ;@__ulong2fs __fsadd                   Allocated to registers ;size:2
                      00087 ;@__ulong2fs __fssub                   Allocated to registers ;size:2
                      00088 ;@__ulong2fs __fsmul                   Allocated to registers ;size:2
                      00089 ;@__ulong2fs __fsdiv                   Allocated to registers ;size:2
                      00090 ;@__ulong2fs __fslt                    Allocated to registers ;size:2
                      00091 ;@__ulong2fs __fseq                    Allocated to registers ;size:2
                      00092 ;@__ulong2fs __fsneq                   Allocated to registers ;size:2
                      00093 ;@__ulong2fs __fsgt                    Allocated to registers ;size:2
                      00094 ;@__ulong2fs a                         Allocated to registers r0x1007 r0x1006 r0x1005 r0x1004 ;size:4
                      00095 ;@__ulong2fs exp                       Allocated to registers r0x100A r0x100B ;size:2
                      00096 ;@__ulong2fs fl                        Allocated to registers ;size:4
                      00097 ;@end Allocation info for local variables in function '__ulong2fs';
                      00098 
                      00099 ;--------------------------------------------------------
                      00100 ; overlayable items in internal ram 
                      00101 ;--------------------------------------------------------
                      00102 ;       udata_ovr
                      00103 ;--------------------------------------------------------
                      00104 ; code
                      00105 ;--------------------------------------------------------
                      00106 code_ulong2fs   code
                      00107 ;***
                      00108 ;  pBlock Stats: dbName = C
                      00109 ;***
                      00110 ;entry:  ___ulong2fs    ;Function start
                      00111 ; 2 exit points
                      00112 ;has an exit
                      00113 ;15 compiler assigned registers:
                      00114 ;   r0x1004
                      00115 ;   STK00
                      00116 ;   r0x1005
                      00117 ;   STK01
                      00118 ;   r0x1006
                      00119 ;   STK02
                      00120 ;   r0x1007
                      00121 ;   r0x1008
                      00122 ;   r0x1009
                      00123 ;   r0x100A
                      00124 ;   r0x100B
                      00125 ;   r0x100C
                      00126 ;   r0x100D
                      00127 ;   r0x100E
                      00128 ;   r0x100F
                      00129 ;; Starting pCode block
                      00130 ;;[ICODE] ../../libsdcc_mc32l/ulong2fs.c:54:  _entry($14) :
                      00131 ;;[ICODE] ../../libsdcc_mc32l/ulong2fs.c:54:    proc ___ulong2fs [k1 lr0:0 so:0]{ ia0 a2p0 re0 rm0 nos0 ru0 dp0}{float function ( unsigned-long-int fixed) fixed}
0000                  00132 ___ulong2fs     ;Function start
                      00133 ; 2 exit points
                      00134 ;;[ICODE] ../../libsdcc_mc32l/ulong2fs.c:54: iTemp0 [k2 lr3:42 so:0]{ ia0 a2p0 re1 rm0 nos0 ru0 dp0}{unsigned-long-int fixed}{ sir@ ___ulong2fs_a_1_21}[r0x1000 r0x1001 r0x1002 r0x1003 ] = recv ___ulong2fs [k1 lr0:0 so:0]{ ia0 a2p0 re0 rm0 nos0 ru0 dp0}{float function ( unsigned-long-int fixed) fixed}
                      00135 ;       .line   54; "../../libsdcc_mc32l/ulong2fs.c"    float __ulong2fs (unsigned long a ) _FS_REENTRANT
0000   5600           00136         MOVRA   r0x1004
0001   5800           00137         MOVAR   STK00
0002   5600           00138         MOVRA   r0x1005
0003   5800           00139         MOVAR   STK01
0004   5600           00140         MOVRA   r0x1006
0005   5800           00141         MOVAR   STK02
0006   5600           00142         MOVRA   r0x1007
                      00143 ;;[ICODE] ../../libsdcc_mc32l/ulong2fs.c:59:    if iTemp0 [k2 lr3:42 so:0]{ ia0 a2p0 re1 rm0 nos0 ru0 dp0}{unsigned-long-int fixed}{ sir@ ___ulong2fs_a_1_21}[r0x1000 r0x1001 r0x1002 r0x1003 ] != 0 goto preHeaderLbl0($17)
                      00144 ;       .line   59; "../../libsdcc_mc32l/ulong2fs.c"    if (!a)
0007   5800           00145         MOVAR   r0x1007
0008   5C00           00146         ORAR    r0x1006
0009   5C00           00147         ORAR    r0x1005
000A   5C00           00148         ORAR    r0x1004
000B   E5B7           00149         JBSET   PFLAG,2
000C   2000 2300      00150         LGOTO   _00121_DS_
                      00151 ;;[ICODE] ../../libsdcc_mc32l/ulong2fs.c:61:    ret 0 {const-float literal}
                      00152 ;       .line   61; "../../libsdcc_mc32l/ulong2fs.c"    return 0.0;
000E   3C00           00153         MOVAI   0x00
000F   5600           00154         MOVRA   STK02
0010   3C00           00155         MOVAI   0x00
0011   5600           00156         MOVRA   STK01
0012   3C00           00157         MOVAI   0x00
0013   5600           00158         MOVRA   STK00
0014   3C00           00159         MOVAI   0x00
0015   2000 2300      00160         LGOTO   _00117_DS_
                      00161 ;;[ICODE] ../../libsdcc_mc32l/ulong2fs.c:64:  preHeaderLbl0($17) :
                      00162 ;;[ICODE] ../../libsdcc_mc32l/ulong2fs.c:64:    iTemp5 [k9 lr7:20 so:0]{ ia0 a2p0 re0 rm0 nos0 ru0 dp0}{int fixed}{ sir@ ___ulong2fs_exp_1_22}[r0x1004 r0x1005 ] := 0x96 {int literal}
0017                  00163 _00121_DS_
                      00164 ;       .line   64; "../../libsdcc_mc32l/ulong2fs.c"    while (a & NORM) 
0017   3C96           00165         MOVAI   0x96
0018   5600           00166         MOVRA   r0x1008
0019   7600           00167         CLRR    r0x1009
                      00168 ;;[ICODE] ../../libsdcc_mc32l/ulong2fs.c:64:  _whilecontinue_0($3) :
                      00169 ;;[ICODE] ../../libsdcc_mc32l/ulong2fs.c:64:    iTemp2 [k6 lr10:11 so:0]{ ia0 a2p0 re0 rm0 nos0 ru0 dp0}{unsigned-long-int register} = iTemp0 [k2 lr3:42 so:0]{ ia0 a2p0 re1 rm0 nos0 ru0 dp0}{unsigned-long-int fixed}{ sir@ ___ulong2fs_a_1_21}[r0x1000 r0x1001 r0x1002 r0x1003 ] & 0xff000000 {const-unsigned-long-int literal}
001A                  00170 _00107_DS_
001A   5800           00171         MOVAR   r0x1004
001B   3EFF           00172         ANDAI   0xff
001C   F5B7           00173         JBCLR   PFLAG,2
001D   2000 2300      00174         LGOTO   _00124_DS_
                      00175 ;;[ICODE] ../../libsdcc_mc32l/ulong2fs.c:64:    if iTemp2 [k6 lr10:11 so:0]{ ia0 a2p0 re0 rm0 nos0 ru0 dp0}{unsigned-long-int register} == 0 goto loopExitLbl2($20)
                      00176 ;;[ICODE] ../../libsdcc_mc32l/ulong2fs.c:67:    iTemp0 [k2 lr3:42 so:0]{ ia0 a2p0 re1 rm0 nos0 ru0 dp0}{unsigned-long-int fixed}{ sir@ ___ulong2fs_a_1_21}[r0x1000 r0x1001 r0x1002 r0x1003 ] = iTemp0 [k2 lr3:42 so:0]{ ia0 a2p0 re1 rm0 nos0 ru0 dp0}{unsigned-long-int fixed}{ sir@ ___ulong2fs_a_1_21}[r0x1000 r0x1001 r0x1002 r0x1003 ] >> 0x1 {const-unsigned-char literal}
                      00177 ;;shiftRight_Left2ResultLit:5216: shCount=1, size=4, sign=0, same=1, offr=0
                      00178 ;       .line   67; "../../libsdcc_mc32l/ulong2fs.c"    a >>= 1;
001F   D1B7           00179         BCLR    PFLAG,0
0020   4E00           00180         RRR     r0x1004
0021   4E00           00181         RRR     r0x1005
0022   4E00           00182         RRR     r0x1006
0023   4E00           00183         RRR     r0x1007
                      00184 ;;[ICODE] ../../libsdcc_mc32l/ulong2fs.c:68:    iTemp5 [k9 lr7:20 so:0]{ ia0 a2p0 re0 rm0 nos0 ru0 dp0}{int fixed}{ sir@ ___ulong2fs_exp_1_22}[r0x1004 r0x1005 ] = iTemp5 [k9 lr7:20 so:0]{ ia0 a2p0 re0 rm0 nos0 ru0 dp0}{int fixed}{ sir@ ___ulong2fs_exp_1_22}[r0x1004 r0x1005 ] + 0x1 {const-unsigned-char literal}
                      00185 ;       .line   68; "../../libsdcc_mc32l/ulong2fs.c"    exp++;
0024   6600           00186         INCR    r0x1008
0025   F5B7           00187         JBCLR   PFLAG,2
0026   6600           00188         INCR    r0x1009
                      00189 ;;[ICODE] ../../libsdcc_mc32l/ulong2fs.c:68:     goto _whilecontinue_0($3)
0027   2000 2300      00190         LGOTO   _00107_DS_
                      00191 ;;[ICODE] ../../libsdcc_mc32l/ulong2fs.c:68:  loopExitLbl2($20) :
                      00192 ;;[ICODE] ../../libsdcc_mc32l/ulong2fs.c:68:    iTemp1 [k4 lr17:40 so:0]{ ia0 a2p0 re1 rm0 nos0 ru0 dp0}{int fixed}[r0x1006 r0x1007 ] := iTemp5 [k9 lr7:20 so:0]{ ia0 a2p0 re0 rm0 nos0 ru0 dp0}{int fixed}{ sir@ ___ulong2fs_exp_1_22}[r0x1004 r0x1005 ]
0029                  00193 _00124_DS_
0029   5800           00194         MOVAR   r0x1008
002A   5600           00195         MOVRA   r0x100A
002B   5800           00196         MOVAR   r0x1009
002C   5600           00197         MOVRA   r0x100B
                      00198 ;;[ICODE] ../../libsdcc_mc32l/ulong2fs.c:72:    iTemp6 [k10 lr18:19 so:0]{ ia0 a2p0 re0 rm0 nos0 ru0 dp0}{char fixed} = iTemp0 [k2 lr3:42 so:0]{ ia0 a2p0 re1 rm0 nos0 ru0 dp0}{unsigned-long-int fixed}{ sir@ ___ulong2fs_a_1_21}[r0x1000 r0x1001 r0x1002 r0x1003 ] & 0xff800000 {const-long-int literal}
                      00199 ;       .line   72; "../../libsdcc_mc32l/ulong2fs.c"    if(a < HIDDEN) {
002D   5800           00200         MOVAR   r0x1005
002E   FE00           00201         JBCLR   r0x1005,7
002F   2000 2300      00202         LGOTO   _00114_DS_
0031   5800           00203         MOVAR   r0x1004
0032   3EFF           00204         ANDAI   0xff
0033   E5B7           00205         JBSET   PFLAG,2
0034   2000 2300      00206         LGOTO   _00114_DS_
                      00207 ;;[ICODE] ../../libsdcc_mc32l/ulong2fs.c:72:    if iTemp6 [k10 lr18:19 so:0]{ ia0 a2p0 re0 rm0 nos0 ru0 dp0}{char fixed} != 0 goto _iffalse_1($10)
                      00208 ;;[ICODE] ../../libsdcc_mc32l/ulong2fs.c:73:    iTemp9 [k13 lr20:28 so:0]{ ia0 a2p0 re0 rm0 nos0 ru0 dp0}{int fixed}{ sir@ ___ulong2fs_exp_1_22}[r0x1004 r0x1005 ] := iTemp5 [k9 lr7:20 so:0]{ ia0 a2p0 re0 rm0 nos0 ru0 dp0}{int fixed}{ sir@ ___ulong2fs_exp_1_22}[r0x1004 r0x1005 ]
                      00209 ;;[ICODE] ../../libsdcc_mc32l/ulong2fs.c:73:  _dobody_0($6) :
                      00210 ;;[ICODE] ../../libsdcc_mc32l/ulong2fs.c:74:    iTemp0 [k2 lr3:42 so:0]{ ia0 a2p0 re1 rm0 nos0 ru0 dp0}{unsigned-long-int fixed}{ sir@ ___ulong2fs_a_1_21}[r0x1000 r0x1001 r0x1002 r0x1003 ] = iTemp0 [k2 lr3:42 so:0]{ ia0 a2p0 re1 rm0 nos0 ru0 dp0}{unsigned-long-int fixed}{ sir@ ___ulong2fs_a_1_21}[r0x1000 r0x1001 r0x1002 r0x1003 ] << 0x1 {const-unsigned-char literal}
0036                  00211 _00110_DS_
                      00212 ;       .line   74; "../../libsdcc_mc32l/ulong2fs.c"    a<<=1;
0036   D1B7           00213         BCLR    PFLAG,0
0037   5200           00214         RLR     r0x1007
0038   5200           00215         RLR     r0x1006
0039   5200           00216         RLR     r0x1005
003A   5200           00217         RLR     r0x1004
                      00218 ;;[ICODE] ../../libsdcc_mc32l/ulong2fs.c:75:    iTemp9 [k13 lr20:28 so:0]{ ia0 a2p0 re0 rm0 nos0 ru0 dp0}{int fixed}{ sir@ ___ulong2fs_exp_1_22}[r0x1004 r0x1005 ] = iTemp9 [k13 lr20:28 so:0]{ ia0 a2p0 re0 rm0 nos0 ru0 dp0}{int fixed}{ sir@ ___ulong2fs_exp_1_22}[r0x1004 r0x1005 ] - 0x1 {const-unsigned-char literal}
                      00219 ;       .line   75; "../../libsdcc_mc32l/ulong2fs.c"    exp--;
003B   3CFF           00220         MOVAI   0xff
003C   7E00           00221         ADDRA   r0x1008
003D   E1B7           00222         JBSET   PFLAG,0
003E   6E00           00223         DECR    r0x1009
                      00224 ;;[ICODE] ../../libsdcc_mc32l/ulong2fs.c:76:    iTemp10 [k14 lr26:27 so:0]{ ia0 a2p0 re0 rm0 nos0 ru0 dp0}{char fixed} = iTemp0 [k2 lr3:42 so:0]{ ia0 a2p0 re1 rm0 nos0 ru0 dp0}{unsigned-long-int fixed}{ sir@ ___ulong2fs_a_1_21}[r0x1000 r0x1001 r0x1002 r0x1003 ] & 0xff800000 {const-long-int literal}
                      00225 ;       .line   76; "../../libsdcc_mc32l/ulong2fs.c"    } while (a < HIDDEN);
003F   5800           00226         MOVAR   r0x1005
0040   EE00           00227         JBSET   r0x1005,7
0041   2000 2300      00228         LGOTO   _00110_DS_
0043   5800           00229         MOVAR   r0x1004
0044   3EFF           00230         ANDAI   0xff
0045   F5B7           00231         JBCLR   PFLAG,2
0046   2000 2300      00232         LGOTO   _00110_DS_
                      00233 ;;[ICODE] ../../libsdcc_mc32l/ulong2fs.c:76:    if iTemp10 [k14 lr26:27 so:0]{ ia0 a2p0 re0 rm0 nos0 ru0 dp0}{char fixed} == 0 goto _dobody_0($6)
                      00234 ;;[ICODE] ../../libsdcc_mc32l/ulong2fs.c:76:    iTemp1 [k4 lr17:40 so:0]{ ia0 a2p0 re1 rm0 nos0 ru0 dp0}{int fixed}[r0x1006 r0x1007 ] := iTemp9 [k13 lr20:28 so:0]{ ia0 a2p0 re0 rm0 nos0 ru0 dp0}{int fixed}{ sir@ ___ulong2fs_exp_1_22}[r0x1004 r0x1005 ]
0048   5800           00235         MOVAR   r0x1008
0049   5600           00236         MOVRA   r0x100A
004A   5800           00237         MOVAR   r0x1009
004B   5600           00238         MOVRA   r0x100B
                      00239 ;;[ICODE] ../../libsdcc_mc32l/ulong2fs.c:76:  _iffalse_1($10) :
                      00240 ;;[ICODE] ../../libsdcc_mc32l/ulong2fs.c:87:    iTemp11 [k15 lr30:31 so:0]{ ia0 a2p0 re0 rm0 nos0 ru0 dp0}{unsigned-long-int register}[r0x1004 r0x1005 r0x1008 r0x1009 ] = iTemp0 [k2 lr3:42 so:0]{ ia0 a2p0 re1 rm0 nos0 ru0 dp0}{unsigned-long-int fixed}{ sir@ ___ulong2fs_a_1_21}[r0x1000 r0x1001 r0x1002 r0x1003 ] & 0x7fffff {unsigned-long-int literal}
                      00241 ;;100   MOVAR   r0x1007
004C                  00242 _00114_DS_
                      00243 ;       .line   87; "../../libsdcc_mc32l/ulong2fs.c"    if ((a&0x7fffff)==0x7fffff) {
004C   5800           00244         MOVAR   r0x1006
004D   5600           00245         MOVRA   r0x1009
004E   3C7F           00246         MOVAI   0x7f
004F   7800           00247         ANDAR   r0x1005
0050   5600           00248         MOVRA   r0x100C
0051   7600           00249         CLRR    r0x100D
                      00250 ;;[ICODE] ../../libsdcc_mc32l/ulong2fs.c:87:    iTemp12 [k16 lr31:32 so:0]{ ia0 a2p0 re0 rm0 nos0 ru0 dp0}{char fixed} = iTemp11 [k15 lr30:31 so:0]{ ia0 a2p0 re0 rm0 nos0 ru0 dp0}{unsigned-long-int register}[r0x1004 r0x1005 r0x1008 r0x1009 ] == 0x7fffff {unsigned-long-int literal}
                      00251 ;;99    MOVAR   r0x1008
0052   5800           00252         MOVAR   r0x1007
0053   5600           00253         MOVRA   r0x1008
0054   39FF           00254         XORAI   0xff
0055   E5B7           00255         JBSET   PFLAG,2
0056   2000 2300      00256         LGOTO   _00116_DS_
0058   5800           00257         MOVAR   r0x1009
0059   39FF           00258         XORAI   0xff
005A   E5B7           00259         JBSET   PFLAG,2
005B   2000 2300      00260         LGOTO   _00116_DS_
005D   5800           00261         MOVAR   r0x100C
005E   397F           00262         XORAI   0x7f
005F   E5B7           00263         JBSET   PFLAG,2
0060   2000 2300      00264         LGOTO   _00116_DS_
0062   5800           00265         MOVAR   r0x100D
0063   3900           00266         XORAI   0x00
0064   E5B7           00267         JBSET   PFLAG,2
0065   2000 2300      00268         LGOTO   _00116_DS_
                      00269 ;;[ICODE] ../../libsdcc_mc32l/ulong2fs.c:87:    if iTemp12 [k16 lr31:32 so:0]{ ia0 a2p0 re0 rm0 nos0 ru0 dp0}{char fixed} == 0 goto _iffalse_2($12)
                      00270 ;;[ICODE] ../../libsdcc_mc32l/ulong2fs.c:88:    iTemp0 [k2 lr3:42 so:0]{ ia0 a2p0 re1 rm0 nos0 ru0 dp0}{unsigned-long-int fixed}{ sir@ ___ulong2fs_a_1_21}[r0x1000 r0x1001 r0x1002 r0x1003 ] := 0x0 {unsigned-long-int literal}
                      00271 ;       .line   88; "../../libsdcc_mc32l/ulong2fs.c"    a=0;
0067   7600           00272         CLRR    r0x1007
0068   7600           00273         CLRR    r0x1006
0069   7600           00274         CLRR    r0x1005
006A   7600           00275         CLRR    r0x1004
                      00276 ;;[ICODE] ../../libsdcc_mc32l/ulong2fs.c:89:    iTemp1 [k4 lr17:40 so:0]{ ia0 a2p0 re1 rm0 nos0 ru0 dp0}{int fixed}[r0x1006 r0x1007 ] = iTemp1 [k4 lr17:40 so:0]{ ia0 a2p0 re1 rm0 nos0 ru0 dp0}{int fixed}[r0x1006 r0x1007 ] + 0x1 {const-unsigned-char literal}
                      00277 ;       .line   89; "../../libsdcc_mc32l/ulong2fs.c"    exp++;
006B   6600           00278         INCR    r0x100A
006C   F5B7           00279         JBCLR   PFLAG,2
006D   6600           00280         INCR    r0x100B
                      00281 ;;[ICODE] ../../libsdcc_mc32l/ulong2fs.c:89:  _iffalse_2($12) :
                      00282 ;;[ICODE] ../../libsdcc_mc32l/ulong2fs.c:93:    iTemp0 [k2 lr3:42 so:0]{ ia0 a2p0 re1 rm0 nos0 ru0 dp0}{unsigned-long-int fixed}{ sir@ ___ulong2fs_a_1_21}[r0x1000 r0x1001 r0x1002 r0x1003 ] = iTemp0 [k2 lr3:42 so:0]{ ia0 a2p0 re1 rm0 nos0 ru0 dp0}{unsigned-long-int fixed}{ sir@ ___ulong2fs_a_1_21}[r0x1000 r0x1001 r0x1002 r0x1003 ] & 0xff7fffff {unsigned-long-int literal}
006E                  00283 _00116_DS_
                      00284 ;       .line   93; "../../libsdcc_mc32l/ulong2fs.c"    a &= ~HIDDEN ;
006E   DE00           00285         BCLR    r0x1005,7
                      00286 ;;[ICODE] ../../libsdcc_mc32l/ulong2fs.c:95:    iTemp16 [k21 lr39:43 so:0]{ ia0 a2p0 re0 rm1 nos0 ru0 dp0}{volatile-long-int near* fixed}[remat] = &[___ulong2fs_fl_1_22 [k20 lr0:0 so:0]{ ia0 a2p0 re0 rm0 nos0 ru0 dp0}{volatile-struct float_long fixed}]
                      00287 ;;[ICODE] ../../libsdcc_mc32l/ulong2fs.c:95:    iTemp18 [k24 lr40:41 so:0]{ ia0 a2p0 re0 rm0 nos0 ru0 dp0}{unsigned-long-int fixed}[r0x1004 r0x1005 r0x1008 r0x1009 ] = (unsigned-long-int fixed)iTemp1 [k4 lr17:40 so:0]{ ia0 a2p0 re1 rm0 nos0 ru0 dp0}{int fixed}[r0x1006 r0x1007 ]
                      00288 ;       .line   95; "../../libsdcc_mc32l/ulong2fs.c"    fl.l = PACK(0,(unsigned long)exp, a);
006F   5800           00289         MOVAR   r0x100A
0070   5600           00290         MOVRA   r0x1008
0071   5800           00291         MOVAR   r0x100B
0072   5600           00292         MOVRA   r0x1009
0073   3C00           00293         MOVAI   0x00
0074   FE00           00294         JBCLR   r0x1009,7
0075   3CFF           00295         MOVAI   0xff
0076   5600           00296         MOVRA   r0x100D
0077   5600           00297         MOVRA   r0x100C
                      00298 ;;[ICODE] ../../libsdcc_mc32l/ulong2fs.c:95:    iTemp19 [k25 lr41:42 so:0]{ ia0 a2p0 re0 rm0 nos0 ru0 dp0}{unsigned-long-int fixed}[r0x1006 r0x1007 r0x100A r0x100B ] = iTemp18 [k24 lr40:41 so:0]{ ia0 a2p0 re0 rm0 nos0 ru0 dp0}{unsigned-long-int fixed}[r0x1004 r0x1005 r0x1008 r0x1009 ] << 0x17 {const-unsigned-char literal}
0078   4C00           00299         RRAR    r0x1009
0079   4C00           00300         RRAR    r0x1008
007A   5600           00301         MOVRA   r0x100E
007B   7600           00302         CLRR    r0x100F
007C   4E00           00303         RRR     r0x100F
007D   7600           00304         CLRR    r0x100B
007E   7600           00305         CLRR    r0x100A
                      00306 ;;[ICODE] ../../libsdcc_mc32l/ulong2fs.c:95:    iTemp21 [k27 lr42:43 so:0]{ ia0 a2p0 re0 rm0 nos0 ru0 dp0}{unsigned-long-int fixed}[r0x1000 r0x1001 r0x1002 r0x1003 ] = iTemp19 [k25 lr41:42 so:0]{ ia0 a2p0 re0 rm0 nos0 ru0 dp0}{unsigned-long-int fixed}[r0x1006 r0x1007 r0x100A r0x100B ] | iTemp0 [k2 lr3:42 so:0]{ ia0 a2p0 re1 rm0 nos0 ru0 dp0}{unsigned-long-int fixed}{ sir@ ___ulong2fs_a_1_21}[r0x1000 r0x1001 r0x1002 r0x1003 ]
007F   3C00           00307         MOVAI   0x00
0080   5E00           00308         ORRA    r0x1007
0081   3C00           00309         MOVAI   0x00
0082   5E00           00310         ORRA    r0x1006
0083   5800           00311         MOVAR   r0x100F
0084   5E00           00312         ORRA    r0x1005
0085   5800           00313         MOVAR   r0x100E
0086   5E00           00314         ORRA    r0x1004
                      00315 ;;[ICODE] ../../libsdcc_mc32l/ulong2fs.c:95:    *(iTemp16 [k21 lr39:43 so:0]{ ia1 a2p0 re0 rm1 nos0 ru0 dp0}{volatile-long-int near* fixed}[remat]) := iTemp21 [k27 lr42:43 so:0]{ ia0 a2p0 re0 rm0 nos0 ru0 dp0}{unsigned-long-int fixed}[r0x1000 r0x1001 r0x1002 r0x1003 ]
                      00316 ;;gen.c:6374: size=3/4, offset=0, AOP_TYPE(res)=8
0087   5800           00317         MOVAR   r0x1007
0088   5600           00318         MOVRA   (___ulong2fs_fl_1_22 + 0)
                      00319 ;;gen.c:6374: size=2/4, offset=1, AOP_TYPE(res)=8
0089   5800           00320         MOVAR   r0x1006
008A   5600           00321         MOVRA   (___ulong2fs_fl_1_22 + 1)
                      00322 ;;gen.c:6374: size=1/4, offset=2, AOP_TYPE(res)=8
008B   5800           00323         MOVAR   r0x1005
008C   5600           00324         MOVRA   (___ulong2fs_fl_1_22 + 2)
                      00325 ;;gen.c:6374: size=0/4, offset=3, AOP_TYPE(res)=8
008D   5800           00326         MOVAR   r0x1004
008E   5600           00327         MOVRA   (___ulong2fs_fl_1_22 + 3)
                      00328 ;;[ICODE] ../../libsdcc_mc32l/ulong2fs.c:97:    iTemp22 [k28 lr44:45 so:0]{ ia0 a2p0 re0 rm1 nos0 ru0 dp0}{volatile-float near* fixed}[remat] = &[___ulong2fs_fl_1_22 [k20 lr0:0 so:0]{ ia0 a2p0 re0 rm0 nos0 ru0 dp0}{volatile-struct float_long fixed}]
                      00329 ;;[ICODE] ../../libsdcc_mc32l/ulong2fs.c:97:    iTemp24 [k31 lr45:46 so:0]{ ia0 a2p0 re0 rm0 nos0 ru1 dp0}{volatile-float fixed}[r0x1000 r0x1001 r0x1002 r0x1003 ] = @[iTemp22 [k28 lr44:45 so:0]{ ia1 a2p0 re0 rm1 nos0 ru0 dp0}{volatile-float near* fixed}[remat] + 0x0 {const-unsigned-char literal}]
                      00330 ;       .line   97; "../../libsdcc_mc32l/ulong2fs.c"    return (fl.f);
008F   5800           00331         MOVAR   (___ulong2fs_fl_1_22 + 0)
0090   5600           00332         MOVRA   r0x1007
0091   5800           00333         MOVAR   (___ulong2fs_fl_1_22 + 1)
0092   5600           00334         MOVRA   r0x1006
0093   5800           00335         MOVAR   (___ulong2fs_fl_1_22 + 2)
0094   5600           00336         MOVRA   r0x1005
0095   5800           00337         MOVAR   (___ulong2fs_fl_1_22 + 3)
0096   5600           00338         MOVRA   r0x1004
                      00339 ;;[ICODE] ../../libsdcc_mc32l/ulong2fs.c:97:    ret iTemp24 [k31 lr45:46 so:0]{ ia0 a2p0 re0 rm0 nos0 ru1 dp0}{volatile-float fixed}[r0x1000 r0x1001 r0x1002 r0x1003 ]
0097   5800           00340         MOVAR   r0x1007
0098   5600           00341         MOVRA   STK02
0099   5800           00342         MOVAR   r0x1006
009A   5600           00343         MOVRA   STK01
009B   5800           00344         MOVAR   r0x1005
009C   5600           00345         MOVRA   STK00
009D   5800           00346         MOVAR   r0x1004
                      00347 ;;[ICODE] ../../libsdcc_mc32l/ulong2fs.c:97:  _return($13) :
                      00348 ;;[ICODE] ../../libsdcc_mc32l/ulong2fs.c:97:    eproc ___ulong2fs [k1 lr0:0 so:0]{ ia0 a2p0 re0 rm0 nos0 ru0 dp0}{float function ( unsigned-long-int fixed) fixed}
009E                  00349 _00117_DS_
009E   000C           00350         RETURN  
                      00351 ; exit point of ___ulong2fs
                      00352 
                      00353 
                      00354 ;       code size estimation:
                      00355 ;         147+    0 =   147 instructions (  294 byte)
                      00356 
                      00357         end
gpasm-2.0.0_beta2 (Nov  6 2017)ulong2fs.asm       2018-1-12  10:31:24          PAGE  2


SYMBOL TABLE
  LABEL                             VALUE

ADCHS0                            00000004
ADCHS1                            00000005
ADCHS2                            00000006
ADCHS3                            00000007
ADCKS0                            00000002
ADCKS1                            00000003
ADCR0                             000001E8
ADCR1                             000001E9
ADCR2                             000001EA
ADDRH                             000001EC
ADDRL                             000001ED
ADEOC                             00000001
ADIE                              00000007
ADIF                              00000007
ADIOS0                            00000000
ADIOS1                            00000001
ADIOS2                            00000002
ADIOS3                            00000003
ADIOS4                            00000004
ADIOS5                            00000005
ADIOS6                            00000006
ADIOS7                            00000007
ADON                              00000000
C                                 00000000
CLKS                              00000002
CSEL0                             00000000
CSEL1                             00000001
DC                                00000001
DKW                               000001F4
DKWE                              00000007
DKWP0                             000001C3
DRVS                              00000001
DSELEN                            00000000
FILS                              00000003
FLCD0                             00000000
FLCD1                             00000001
FPWMA0                            00000002
FPWMA1                            00000003
FPWMB0                            00000000
FPWMB1                            00000001
FPWMEN                            00000007
FPWMS                             00000004
FSEL0                             00000002
FSEL1                             00000003
FSR0                              000001B4
FSR00                             00000000
FSR01                             00000001
FSR02                             00000002
FSR03                             00000003
FSR04                             00000004
FSR05                             00000005
FSR06                             00000006
FSR07                             00000007
FSR1                              000001B5
FSR10                             00000000
FSR11                             00000001
FSR12                             00000002
FSR13                             00000003
FSR14                             00000004
FSR15                             00000005
FSR16                             00000006
FSR17                             00000007
GIE                               00000007
HFEN                              00000000
HIBYTE                            000001B3
HIBYTE0                           00000000
HIBYTE1                           00000001
HIBYTE2                           00000002
HIBYTE3                           00000003
HIBYTE4                           00000004
HIBYTE5                           00000005
HIBYTE6                           00000006
HIBYTE7                           00000007
INDF0                             000001B0
INDF00                            00000000
INDF01                            00000001
INDF02                            00000002
INDF03                            00000003
INDF04                            00000004
INDF05                            00000005
INDF06                            00000006
INDF07                            00000007
INDF1                             000001B1
INDF10                            00000000
INDF11                            00000001
INDF12                            00000002
INDF13                            00000003
INDF14                            00000004
INDF15                            00000005
INDF16                            00000006
INDF17                            00000007
INDF2                             000001B2
INDF20                            00000000
INDF21                            00000001
INDF22                            00000002
INDF23                            00000003
INDF24                            00000004
INDF25                            00000005
INDF26                            00000006
INDF27                            00000007
INDF3                             000001B9
INDF30                            00000000
INDF31                            00000001
INDF32                            00000002
INDF33                            00000003
INDF34                            00000004
INDF35                            00000005
INDF36                            00000006
INDF37                            00000007
INT0IE                            00000002
INT0IF                            00000002
INT1IE                            00000003
INT1IF                            00000003
INTE                              000001BA
INTF                              000001BB
IOP0                              000001C0
IOP1                              000001C4
IOP2                              000001C8
IOP3                              000001CC
IOP4                              000001D0
IOP5                              000001D4
IRIN                              00000007
IROS                              00000006
IROT                              00000005
KBCR                              000001F5
KBCR0                             00000000
KBCR1                             00000001
KBCR2                             00000002
KBCR3                             00000003
KBCR4                             00000004
KBCR5                             00000005
KBCR6                             00000006
KBCR7                             00000007
KBIE                              00000004
KBIF                              00000004
LCDCKS                            00000002
LCDCR0                            000001F2
LCDCR1                            000001F3
LCDDRV                            000001F6
LCDDRVP06                         00000000
LCDDRVP22                         00000001
LCDDRVP23                         00000002
LCDDS00                           00000100
LCDDS01                           00000101
LCDDS02                           00000102
LCDDS03                           00000103
LCDDS04                           00000104
LCDDS05                           00000105
LCDDS06                           00000106
LCDDS07                           00000107
LCDDS08                           00000108
LCDDS09                           00000109
LCDDS10                           0000010A
LCDDS11                           0000010B
LCDDS12                           0000010C
LCDDS13                           0000010D
LCDDS14                           0000010E
LCDDS15                           0000010F
LCDDS16                           00000110
LCDDS17                           00000111
LCDDS18                           00000112
LCDDS19                           00000113
LCDDS20                           00000114
LCDDS21                           00000115
LCDDS22                           00000116
LCDDS23                           00000117
LCDDS24                           00000118
LCDDS25                           00000119
LCDDS26                           0000011A
LCDDS27                           0000011B
LCDDS28                           0000011C
LCDDS29                           0000011D
LCDDUTY                           00000004
LCDEN                             00000007
LCDIOSP1                          000001C7
LCDIOSP10                         00000000
LCDIOSP11                         00000001
LCDIOSP12                         00000002
LCDIOSP13                         00000003
LCDIOSP14                         00000004
LCDIOSP15                         00000005
LCDIOSP16                         00000006
LCDIOSP17                         00000007
LCDIOSP2                          000001CB
LCDIOSP20                         00000000
LCDIOSP21                         00000001
LCDIOSP22                         00000002
LCDIOSP23                         00000003
LCDIOSP24                         00000004
LCDIOSP25                         00000005
LCDIOSP26                         00000006
LCDIOSP27                         00000007
LCDIOSP3                          000001CF
LCDIOSP30                         00000000
LCDIOSP31                         00000001
LCDIOSP32                         00000002
LCDIOSP33                         00000003
LCDIOSP34                         00000004
LCDIOSP35                         00000005
LCDIOSP36                         00000006
LCDIOSP37                         00000007
LCDIOSP4                          000001D3
LCDIOSP40                         00000000
LCDIOSP41                         00000001
LCDIOSP42                         00000002
LCDIOSP43                         00000003
LCDIOSP44                         00000004
LCDIOSP45                         00000005
LCDIOSP46                         00000006
LCDIOSP47                         00000007
LCDIOSP5                          000001D7
LCDIOSP50                         00000000
LCDIOSP51                         00000001
LCDM                              00000003
LCDRS0                            00000000
LCDRS1                            00000001
LCDSP0                            00000005
LCDSP1                            00000006
LCDSPEED                          00000002
LFEN                              00000001
LPEN0                             00000000
LPEN1                             00000001
LPEN2                             00000002
LVDCR                             000001BD
LVDEN                             00000007
LVDF                              00000000
LVDIE                             00000005
LVDIF                             00000005
LVDS0                             00000003
LVDS1                             00000004
LVDS2                             00000005
LVDS3                             00000006
LXTCR                             000001BE
MCR                               000001B8
MINT00                            00000000
MINT01                            00000001
MINT10                            00000002
MINT11                            00000003
OEP0                              000001C1
OEP1                              000001C5
OEP2                              000001C9
OEP3                              000001CD
OEP4                              000001D1
OEP5                              000001D5
OPAE                              00000007
OPAM                              00000006
OPCR0                             000001F0
OPCR1                             000001F1
OPFC0                             00000000
OPFC1                             00000001
OPFC2                             00000002
OPFC3                             00000003
OPFC4                             00000004
OPFC5                             00000005
OSCM                              000001BC
P00D                              00000000
P00DKW                            00000000
P00OE                             00000000
P00PU                             00000000
P01D                              00000001
P01DKW                            00000001
P01OE                             00000001
P01PU                             00000001
P02D                              00000002
P02DKW                            00000002
P02OE                             00000002
P02PU                             00000002
P03D                              00000003
P03DKW                            00000003
P03OE                             00000003
P03PU                             00000003
P04D                              00000004
P04DKW                            00000004
P04OE                             00000004
P04PU                             00000004
P05D                              00000005
P05DKW                            00000005
P05OE                             00000005
P05PU                             00000005
P06D                              00000006
P06DKW                            00000006
P06OE                             00000006
P06PU                             00000006
P07D                              00000007
P07DKW                            00000007
P07OE                             00000007
P07PU                             00000007
P10D                              00000000
P10OE                             00000000
P10PU                             00000000
P11D                              00000001
P11OE                             00000001
P11PU                             00000001
P12D                              00000002
P12OE                             00000002
P12PU                             00000002
P13D                              00000003
P13OE                             00000003
P13PU                             00000003
P14D                              00000004
P14OE                             00000004
P14PU                             00000004
P15D                              00000005
P15OE                             00000005
P15PU                             00000005
P16D                              00000006
P16OE                             00000006
P16PU                             00000006
P17D                              00000007
P17OE                             00000007
P17PU                             00000007
P20D                              00000000
P20OE                             00000000
P20PU                             00000000
P21D                              00000001
P21OE                             00000001
P21PU                             00000001
P22D                              00000002
P22OE                             00000002
P22PU                             00000002
P23D                              00000003
P23OE                             00000003
P23PU                             00000003
P24D                              00000004
P24OE                             00000004
P24PU                             00000004
P25D                              00000005
P25OE                             00000005
P25PU                             00000005
P26D                              00000006
P26OE                             00000006
P26PU                             00000006
P27D                              00000007
P27OE                             00000007
P27PU                             00000007
P30D                              00000000
P30OE                             00000000
P30PU                             00000000
P31D                              00000001
P31OE                             00000001
P31PU                             00000001
P32D                              00000002
P32OE                             00000002
P32PU                             00000002
P33D                              00000003
P33OE                             00000003
P33PU                             00000003
P34D                              00000004
P34OE                             00000004
P34PU                             00000004
P35D                              00000005
P35OE                             00000005
P35PU                             00000005
P36D                              00000006
P36OE                             00000006
P36PU                             00000006
P37D                              00000007
P37OE                             00000007
P37PU                             00000007
P40D                              00000000
P40OE                             00000000
P40PU                             00000000
P41D                              00000001
P41OE                             00000001
P41PU                             00000001
P42D                              00000002
P42OE                             00000002
P42PU                             00000002
P43D                              00000003
P43OE                             00000003
P43PU                             00000003
P44D                              00000004
P44OE                             00000004
P44PU                             00000004
P45D                              00000005
P45OE                             00000005
P45PU                             00000005
P46D                              00000006
P46OE                             00000006
P46PU                             00000006
P47D                              00000007
P47OE                             00000007
P47PU                             00000007
P50D                              00000000
P50OE                             00000000
P50PU                             00000000
P51D                              00000001
P51OE                             00000001
P51PU                             00000001
P52D                              00000002
P52OE                             00000002
P52PU                             00000002
P53D                              00000003
P53OE                             00000003
P53PU                             00000003
P54D                              00000004
P54OE                             00000004
P55D                              00000005
P55OE                             00000005
P55PU                             00000005
PC0                               00000000
PC1                               00000001
PC2                               00000002
PC3                               00000003
PC4                               00000004
PC5                               00000005
PC6                               00000006
PC7                               00000007
PCL                               000001B6
PD                                00000004
PFLAG                             000001B7
PUP0                              000001C2
PUP1                              000001C6
PUP2                              000001CA
PUP3                              000001CE
PUP4                              000001D2
PUP5                              000001D6
PWMEN                             00000006
RSEL                              00000002
STBH                              00000004
STBL                              00000005
STK00                             00000000
STK01                             00000000
STK02                             00000000
STK03                             00000000
STK04                             00000000
STK05                             00000000
STK06                             00000000
T0CR0                             000001D8
T0CR1                             000001D9
T0DATAH                           000001DE
T0DATAH0                          00000000
T0DATAH1                          00000001
T0DATAH2                          00000002
T0DATAH3                          00000003
T0DATAH4                          00000004
T0DATAH5                          00000005
T0DATAH6                          00000006
T0DATAH7                          00000007
T0DATAL                           000001DF
T0DATAL0                          00000000
T0DATAL1                          00000001
T0DATAL2                          00000002
T0DATAL3                          00000003
T0DATAL4                          00000004
T0DATAL5                          00000005
T0DATAL6                          00000006
T0DATAL7                          00000007
T0IE                              00000000
T0IF                              00000000
T0LATFH                           000001E2
T0LATFH0                          00000000
T0LATFH1                          00000001
T0LATFH2                          00000002
T0LATFH3                          00000003
T0LATFH4                          00000004
T0LATFH5                          00000005
T0LATFH6                          00000006
T0LATFH7                          00000007
T0LATFL                           000001E3
T0LATFL0                          00000000
T0LATFL1                          00000001
T0LATFL2                          00000002
T0LATFL3                          00000003
T0LATFL4                          00000004
T0LATFL5                          00000005
T0LATFL6                          00000006
T0LATFL7                          00000007
T0LATRH                           000001E0
T0LATRH0                          00000000
T0LATRH1                          00000001
T0LATRH2                          00000002
T0LATRH3                          00000003
T0LATRH4                          00000004
T0LATRH5                          00000005
T0LATRH6                          00000006
T0LATRH7                          00000007
T0LATRL                           000001E1
T0LATRL0                          00000000
T0LATRL1                          00000001
T0LATRL2                          00000002
T0LATRL3                          00000003
T0LATRL4                          00000004
T0LATRL5                          00000005
T0LATRL6                          00000006
T0LATRL7                          00000007
T0LOADH                           000001DC
T0LOADL                           000001DD
T0LOADL0                          00000000
T0LOADL1                          00000001
T0LOADL2                          00000002
T0LOADL3                          00000003
T0LOADL4                          00000004
T0LOADL5                          00000005
T0LOADL6                          00000006
T0LOADL7                          00000007
T0MOD0                            00000005
T0MOD1                            00000006
T0PR0                             00000000
T0PR1                             00000001
T0PR2                             00000002
T0PTS0                            00000003
T0PTS1                            00000004
T0RF                              00000006
T1CR                              000001E4
T1DATA                            000001E5
T1DATA0                           00000000
T1DATA1                           00000001
T1DATA2                           00000002
T1DATA3                           00000003
T1DATA4                           00000004
T1DATA5                           00000005
T1DATA6                           00000006
T1DATA7                           00000007
T1IE                              00000001
T1IF                              00000001
T1LOAD                            000001E6
T1LOAD0                           00000000
T1LOAD1                           00000001
T1LOAD2                           00000002
T1LOAD3                           00000003
T1LOAD4                           00000004
T1LOAD5                           00000005
T1LOAD6                           00000006
T1LOAD7                           00000007
T1MOD0                            00000005
T1MOD1                            00000006
T1PR0                             00000000
T1PR1                             00000001
T1PR2                             00000002
T1PTS0                            00000003
T1PTS1                            00000004
TC0EN                             00000007
TC1EN                             00000007
TO                                00000005
VDLSEL                            00000004
VLCDS                             00000003
VREFRES                           00000001
VREXT                             00000000
VSEL                              00000006
WSEL0                             00000003
WSEL1                             00000004
Z                                 00000002
_00107_DS_                        0000001A
_00110_DS_                        00000036
_00114_DS_                        0000004C
_00116_DS_                        0000006E
_00117_DS_                        0000009E
_00121_DS_                        00000017
_00124_DS_                        00000029
_CONFIG0                          00008000
_CONFIG1                          00008001
__33P116                          00000001
___fs2schar                       00000000
___fs2sint                        00000000
___fs2slong                       00000000
___fs2uchar                       00000000
___fs2uint                        00000000
___fs2ulong                       00000000
___fsadd                          00000000
___fsdiv                          00000000
___fseq                           00000000
___fsgt                           00000000
___fslt                           00000000
___fsmul                          00000000
___fsneq                          00000000
___fssub                          00000000
___schar2fs                       00000000
___sint2fs                        00000000
___slong2fs                       00000000
___uchar2fs                       00000000
___uint2fs                        00000000
___ulong2fs                       00000000
___ulong2fs_fl_1_22               0000000C
r0x1004                           00000003
r0x1005                           00000002
r0x1006                           00000001
r0x1007                           00000000
r0x1008                           00000004
r0x1009                           00000005
r0x100A                           00000006
r0x100B                           00000007
r0x100C                           00000008
r0x100D                           00000009
r0x100E                           0000000B
r0x100F                           0000000A

Errors   :     0
Warnings :     0 reported,     0 suppressed
Messages :     0 reported,     0 suppressed

